<?xml version="1.0" encoding="UTF-8"?><TestSessionContainer xmlns="http://www.codecover.org/xml/testsession-container" Date="1367933721006" TestSessionContainerId="19d370e4-c32f-4ec9-90cd-509c61e7f3f6" version="1.0">
<SrcFileList>
<SrcFile Content="&#13;&#10;public class Value {&#13;&#10;&#9;public static Value VOID = new Value(new Object());&#13;&#10;&#13;&#10;    final Object value;&#13;&#10;&#13;&#10;    public Value(Object value) {&#13;&#10;        this.value = value;&#13;&#10;    }&#13;&#10;    &#13;&#10;    public Value()&#13;&#10;    {&#13;&#10;    &#9;this.value = &quot;&quot;;&#13;&#10;    }&#13;&#10;&#13;&#10;    public boolean isDouble() &#13;&#10;    {&#13;&#10;&#9;&#9;if(this.toString().matches(&quot;((-)?[0-9]+)\\.([0-9]){1,2}&quot;))&#13;&#10;&#9;&#9;{&#13;&#10;&#9;&#9;&#9;return true;&#13;&#10;&#9;&#9;}&#13;&#10;&#9;&#9;return false;&#13;&#10;    }&#13;&#10;    &#13;&#10;    public boolean isInt()&#13;&#10;    {&#13;&#10;&#9;&#9;if(this.toString().matches(&quot;(-)?[0-9]+&quot;))&#13;&#10;&#9;&#9;{&#13;&#10;&#9;&#9;&#9;return true;&#13;&#10;&#9;&#9;}&#13;&#10;&#9;&#9;return false;&#13;&#10;    }&#13;&#10;    &#13;&#10;    public boolean isDrink()&#13;&#10;    {&#13;&#10;&#9;&#9;if(this.toString().equals(&quot;drink&quot;))&#13;&#10;&#9;&#9;{&#13;&#10;&#9;&#9;&#9;return true;&#13;&#10;&#9;&#9;}&#13;&#10;&#9;&#9;return false;&#13;&#10;    }&#13;&#10;    &#13;&#10;    public boolean isNumeric()&#13;&#10;    {&#13;&#10;    &#9;if(this.isInt() || this.isDouble() || this.toString().equals(&quot;int&quot;) || this.toString().equals(&quot;double&quot;))&#13;&#10;    &#9;{&#13;&#10;    &#9;&#9;return true;&#13;&#10;    &#9;}&#13;&#10;    &#9;return false;&#13;&#10;    }&#13;&#10;    &#13;&#10;    public boolean isNumericExpression()&#13;&#10;    {    &#9;&#13;&#10;    &#9;String StringToVerify = this.toString();&#13;&#10;    &#9;&#13;&#10;    &#9;if(this.toString().contains(&quot;(&quot;))&#13;&#10;    &#9;{&#13;&#10;    &#9;&#9;&#13;&#10;    &#9;}&#13;&#10;    &#9;&#13;&#10;    &#9;if(this.toString().matches(&quot;(-)?[0-9]+(\\.[0-9]{1,2})?((\\+|\\-|\\*|\\/)[0-9]+(\\.[0-9]{1,2})?)*&quot;))&#13;&#10;    &#9;{&#13;&#10;    &#9;&#9;return true;&#13;&#10;    &#9;}&#13;&#10;    &#9;return false;&#13;&#10;    }&#13;&#10;    &#13;&#10;    public boolean isChar()&#13;&#10;    {&#13;&#10;&#9;&#9;if(this.toString().length() != 3 || &#13;&#10;&#9;&#9;   this.toString().charAt(0) != '\'' || &#13;&#10;&#9;&#9;   this.toString().charAt(this.toString().length()-1) != '\'')&#13;&#10;&#9;&#9;{&#13;&#10;&#9;&#9;&#9;return false;&#13;&#10;&#9;&#9;}&#13;&#10;&#9;&#9;return true;&#13;&#10;    }&#13;&#10;    &#13;&#10;    public boolean isString()&#13;&#10;    {&#13;&#10;    &#9;if(this.toString().length() &lt; 2)&#13;&#10;    &#9;{&#13;&#10;    &#9;&#9;return false;&#13;&#10;    &#9;}&#13;&#10;    &#9;else if(this.toString().charAt(0) != '&quot;'|| this.toString().charAt(this.toString().length()-1) != '&quot;')&#13;&#10;&#9;&#9;{&#13;&#10;&#9;&#9;&#9;return false;&#13;&#10;&#9;&#9;}&#13;&#10;&#9;&#9;return true;&#13;&#10;    }&#13;&#10;    &#13;&#10;    public boolean isBool()&#13;&#10;    {&#13;&#10;    &#9;if(this.toString().equals(&quot;true&quot;) || this.toString().equals(&quot;false&quot;))&#13;&#10;    &#9;{&#13;&#10;    &#9;&#9;return true;&#13;&#10;    &#9;}&#13;&#10;    &#9;return false;&#13;&#10;    }&#13;&#10;    &#13;&#10;    public boolean isContainer()&#13;&#10;    {&#13;&#10;    &#9;if(this.toString().matches(&quot;((1?[0-3])|([0-9]))|A[0-5]&quot;) || this.toString().equals(&quot;container&quot;))&#13;&#10;    &#9;{&#13;&#10;    &#9;&#9;return true;&#13;&#10;    &#9;}&#13;&#10;    &#9;return false;&#13;&#10;    }&#13;&#10;    &#13;&#10;    public boolean isSameType(Value val)&#13;&#10;    {&#13;&#10;    &#9;if(this.isBool() &amp;&amp; val.isBool())&#13;&#10;    &#9;{&#13;&#10;    &#9;&#9;return true;&#13;&#10;    &#9;}&#13;&#10;    &#9;if(this.isContainer() &amp;&amp; val.isContainer())&#13;&#10;    &#9;{&#13;&#10;    &#9;&#9;return true;&#13;&#10;    &#9;}&#13;&#10;    &#9;else if(this.isChar() &amp;&amp; val.isChar())&#13;&#10;    &#9;{&#13;&#10;    &#9;&#9;return true;&#13;&#10;    &#9;}&#13;&#10;    &#9;else if(this.isNumeric() &amp;&amp; val.isNumeric() || this.isNumeric() &amp;&amp; val.isNumericExpression())&#13;&#10;    &#9;{&#13;&#10;    &#9;&#9;return true;&#13;&#10;    &#9;}&#13;&#10;    &#9;else if(this.isString() &amp;&amp; val.isString())&#13;&#10;    &#9;{&#13;&#10;    &#9;&#9;return true;&#13;&#10;    &#9;}&#13;&#10;    &#9;else if(this.isDrink() &amp;&amp; val.isDrink())&#13;&#10;    &#9;{&#13;&#10;    &#9;&#9;return true;&#13;&#10;    &#9;}&#13;&#10;    &#9;&#13;&#10;    &#9;return false;&#13;&#10;    }&#13;&#10;    &#13;&#10;    public String GetType()&#13;&#10;    {&#13;&#10;    &#9;if(this.isBool() || this.toString().equals(&quot;bool&quot;))&#13;&#10;    &#9;{&#13;&#10;    &#9;&#9;return &quot;bool&quot;;&#13;&#10;    &#9;}&#13;&#10;    &#9;else if(this.toString().equals(&quot;container&quot;) || this.isContainer())&#13;&#10;    &#9;{&#13;&#10;    &#9;&#9;return &quot;container&quot;;&#13;&#10;    &#9;}&#13;&#10;    &#9;else if(this.isInt() || this.toString().equals(&quot;int&quot;))&#13;&#10;    &#9;{&#13;&#10;    &#9;&#9;return &quot;int&quot;;&#13;&#10;    &#9;}&#13;&#10;    &#9;else if(this.isDouble() || this.toString().equals(&quot;double&quot;))&#13;&#10;    &#9;{&#13;&#10;    &#9;&#9;return &quot;double&quot;;&#13;&#10;    &#9;}&#13;&#10;    &#9;else if(this.isChar() || this.toString().equals(&quot;char&quot;))&#13;&#10;    &#9;{&#13;&#10;    &#9;&#9;return &quot;char&quot;;&#13;&#10;    &#9;}&#13;&#10;    &#9;else if(this.isString() || this.toString().equals(&quot;string&quot;))&#13;&#10;    &#9;{&#13;&#10;    &#9;&#9;return &quot;string&quot;;&#13;&#10;    &#9;}&#13;&#10;    &#9;else if(this.toString().equals(&quot;drink&quot;))&#13;&#10;    &#9;{&#13;&#10;    &#9;&#9;return &quot;drink&quot;;&#13;&#10;    &#9;}&#13;&#10;    &#9;else&#13;&#10;    &#9;{&#13;&#10;    &#9;&#9;return null;&#13;&#10;    &#9;}&#13;&#10;    }&#13;&#10;&#13;&#10;    @Override&#13;&#10;    public boolean equals(Object o) {&#13;&#10;&#13;&#10;        if(value == o) {&#13;&#10;            return true;&#13;&#10;        }&#13;&#10;&#13;&#10;        if(value == null || o == null || o.getClass() != value.getClass()) {&#13;&#10;            return false;&#13;&#10;        }&#13;&#10;&#13;&#10;        Value that = (Value)o;&#13;&#10;&#13;&#10;        return this.value.equals(that.value);&#13;&#10;    }&#13;&#10;&#13;&#10;    @Override&#13;&#10;    public String toString() {&#13;&#10;        return String.valueOf(value);&#13;&#10;    }&#13;&#10;}&#13;&#10;" Filename="Value.java" Intrnl_Id="1"/>
</SrcFileList>
<CritList>
<CritListEntry Name="org.codecover.model.utils.criteria.LoopCoverage" PluginName="org.codecover"/>
<CritListEntry Name="org.codecover.model.utils.criteria.BranchCoverage" PluginName="org.codecover"/>
<CritListEntry Name="org.codecover.model.utils.criteria.ConditionCoverage" PluginName="org.codecover"/>
<CritListEntry Name="org.codecover.model.utils.criteria.StatementCoverage" PluginName="org.codecover"/>
</CritList>
<BoolOpList>
<BoolOp Arity="2" Intrnl_Id="2" Name="conditional and (&amp;&amp;)">
<BoolAssgnmntBoolMapList>
<MapEntry BoolAssgnmnt="10" Value="false"/>
<MapEntry BoolAssgnmnt="02" Value="false"/>
<MapEntry BoolAssgnmnt="11" Value="true"/>
</BoolAssgnmntBoolMapList>
</BoolOp>
<BoolOp Arity="2" Intrnl_Id="3" Name="conditional or (||)">
<BoolAssgnmntBoolMapList>
<MapEntry BoolAssgnmnt="01" Value="true"/>
<MapEntry BoolAssgnmnt="00" Value="false"/>
<MapEntry BoolAssgnmnt="12" Value="true"/>
</BoolAssgnmntBoolMapList>
</BoolOp>
</BoolOpList>
<HierarchyLvlTypeList>
<HierarchyLvlType EnglishName="class" IntrnlName="class" Intrnl_Id="4"/>
<HierarchyLvlType EnglishName="method" IntrnlName="method" Intrnl_Id="5"/>
<HierarchyLvlType EnglishName="default package" IntrnlName="default package" Intrnl_Id="6"/>
</HierarchyLvlTypeList>
<MASTRoot>
<HierarchyLvl HierarchyLvlId="1106" HierarchyLvlTypeId="6" Intrnl_Id="7" Name="default package">
<Header/>
<LocList/>
<HierarchyLvl HierarchyLvlId="1105" HierarchyLvlTypeId="4" Intrnl_Id="8" Name="Value">
<Header>
<Loc EndOffset="20" SrcFileId="1" StartOffset="2"/>
</Header>
<LocList>
<Loc EndOffset="4021" SrcFileId="1" StartOffset="2"/>
</LocList>
<StmntSeq Intrnl_Id="9">
<LocList>
<Loc EndOffset="76" SrcFileId="1" StartOffset="25"/>
</LocList>
<BasicStmnt CovItemId="S1" CovItemPrefix="Value.java" Intrnl_Id="10">
<LocList>
<Loc EndOffset="76" SrcFileId="1" StartOffset="25"/>
</LocList>
</BasicStmnt>
</StmntSeq>
<HierarchyLvl HierarchyLvlId="1090" HierarchyLvlTypeId="5" Intrnl_Id="11" Name="Value">
<Header>
<Loc EndOffset="137" SrcFileId="1" StartOffset="111"/>
</Header>
<LocList>
<Loc EndOffset="175" SrcFileId="1" StartOffset="111"/>
</LocList>
<StmntSeq Intrnl_Id="12">
<LocList>
<Loc EndOffset="168" SrcFileId="1" StartOffset="149"/>
</LocList>
<BasicStmnt CovItemId="S2" CovItemPrefix="Value.java" Intrnl_Id="13">
<LocList>
<Loc EndOffset="168" SrcFileId="1" StartOffset="149"/>
</LocList>
</BasicStmnt>
</StmntSeq>
</HierarchyLvl>
<HierarchyLvl HierarchyLvlId="1091" HierarchyLvlTypeId="5" Intrnl_Id="14" Name="Value">
<Header>
<Loc EndOffset="201" SrcFileId="1" StartOffset="187"/>
</Header>
<LocList>
<Loc EndOffset="238" SrcFileId="1" StartOffset="187"/>
</LocList>
<StmntSeq Intrnl_Id="15">
<LocList>
<Loc EndOffset="231" SrcFileId="1" StartOffset="215"/>
</LocList>
<BasicStmnt CovItemId="S3" CovItemPrefix="Value.java" Intrnl_Id="16">
<LocList>
<Loc EndOffset="231" SrcFileId="1" StartOffset="215"/>
</LocList>
</BasicStmnt>
</StmntSeq>
</HierarchyLvl>
<HierarchyLvl HierarchyLvlId="1092" HierarchyLvlTypeId="5" Intrnl_Id="17" Name="isDouble">
<Header>
<Loc EndOffset="271" SrcFileId="1" StartOffset="246"/>
</Header>
<LocList>
<Loc EndOffset="392" SrcFileId="1" StartOffset="246"/>
</LocList>
<StmntSeq Intrnl_Id="18">
<LocList>
<Loc EndOffset="368" SrcFileId="1" StartOffset="283"/>
<Loc EndOffset="385" SrcFileId="1" StartOffset="372"/>
</LocList>
<CondStmnt CovItemId="S4" CovItemPrefix="Value.java" Intrnl_Id="19">
<Branch CovItemId="B1" CovItemPrefix="Value.java" Implct="false" Intrnl_Id="20">
<Cond/>
<LocList>
<Loc EndOffset="368" SrcFileId="1" StartOffset="345"/>
</LocList>
<StmntSeq Intrnl_Id="21">
<LocList>
<Loc EndOffset="363" SrcFileId="1" StartOffset="351"/>
</LocList>
<BasicStmnt CovItemId="S5" CovItemPrefix="Value.java" Intrnl_Id="22">
<LocList>
<Loc EndOffset="363" SrcFileId="1" StartOffset="351"/>
</LocList>
</BasicStmnt>
</StmntSeq>
</Branch>
<Branch CovItemId="B2" CovItemPrefix="Value.java" Implct="true" Intrnl_Id="23">
<Cond/>
<LocList/>
<StmntSeq Intrnl_Id="24">
<LocList/>
</StmntSeq>
</Branch>
<Keyword EndOffset="285" SrcFileId="1" StartOffset="283"/>
<LocList>
<Loc EndOffset="368" SrcFileId="1" StartOffset="283"/>
</LocList>
<RootTerm CovItemId="C1" CovItemPrefix="Value.java" Intrnl_Id="25">
<BasicBoolTerm Intrnl_Id="26">
<LocList>
<Loc EndOffset="340" SrcFileId="1" StartOffset="286"/>
</LocList>
</BasicBoolTerm>
</RootTerm>
</CondStmnt>
<BasicStmnt CovItemId="S6" CovItemPrefix="Value.java" Intrnl_Id="27">
<LocList>
<Loc EndOffset="385" SrcFileId="1" StartOffset="372"/>
</LocList>
</BasicStmnt>
</StmntSeq>
</HierarchyLvl>
<HierarchyLvl HierarchyLvlId="1093" HierarchyLvlTypeId="5" Intrnl_Id="28" Name="isInt">
<Header>
<Loc EndOffset="426" SrcFileId="1" StartOffset="404"/>
</Header>
<LocList>
<Loc EndOffset="529" SrcFileId="1" StartOffset="404"/>
</LocList>
<StmntSeq Intrnl_Id="29">
<LocList>
<Loc EndOffset="505" SrcFileId="1" StartOffset="437"/>
<Loc EndOffset="522" SrcFileId="1" StartOffset="509"/>
</LocList>
<CondStmnt CovItemId="S7" CovItemPrefix="Value.java" Intrnl_Id="30">
<Branch CovItemId="B3" CovItemPrefix="Value.java" Implct="false" Intrnl_Id="31">
<Cond/>
<LocList>
<Loc EndOffset="505" SrcFileId="1" StartOffset="482"/>
</LocList>
<StmntSeq Intrnl_Id="32">
<LocList>
<Loc EndOffset="500" SrcFileId="1" StartOffset="488"/>
</LocList>
<BasicStmnt CovItemId="S8" CovItemPrefix="Value.java" Intrnl_Id="33">
<LocList>
<Loc EndOffset="500" SrcFileId="1" StartOffset="488"/>
</LocList>
</BasicStmnt>
</StmntSeq>
</Branch>
<Branch CovItemId="B4" CovItemPrefix="Value.java" Implct="true" Intrnl_Id="34">
<Cond/>
<LocList/>
<StmntSeq Intrnl_Id="35">
<LocList/>
</StmntSeq>
</Branch>
<Keyword EndOffset="439" SrcFileId="1" StartOffset="437"/>
<LocList>
<Loc EndOffset="505" SrcFileId="1" StartOffset="437"/>
</LocList>
<RootTerm CovItemId="C2" CovItemPrefix="Value.java" Intrnl_Id="36">
<BasicBoolTerm Intrnl_Id="37">
<LocList>
<Loc EndOffset="477" SrcFileId="1" StartOffset="440"/>
</LocList>
</BasicBoolTerm>
</RootTerm>
</CondStmnt>
<BasicStmnt CovItemId="S9" CovItemPrefix="Value.java" Intrnl_Id="38">
<LocList>
<Loc EndOffset="522" SrcFileId="1" StartOffset="509"/>
</LocList>
</BasicStmnt>
</StmntSeq>
</HierarchyLvl>
<HierarchyLvl HierarchyLvlId="1094" HierarchyLvlTypeId="5" Intrnl_Id="39" Name="isDrink">
<Header>
<Loc EndOffset="565" SrcFileId="1" StartOffset="541"/>
</Header>
<LocList>
<Loc EndOffset="662" SrcFileId="1" StartOffset="541"/>
</LocList>
<StmntSeq Intrnl_Id="40">
<LocList>
<Loc EndOffset="638" SrcFileId="1" StartOffset="576"/>
<Loc EndOffset="655" SrcFileId="1" StartOffset="642"/>
</LocList>
<CondStmnt CovItemId="S10" CovItemPrefix="Value.java" Intrnl_Id="41">
<Branch CovItemId="B5" CovItemPrefix="Value.java" Implct="false" Intrnl_Id="42">
<Cond/>
<LocList>
<Loc EndOffset="638" SrcFileId="1" StartOffset="615"/>
</LocList>
<StmntSeq Intrnl_Id="43">
<LocList>
<Loc EndOffset="633" SrcFileId="1" StartOffset="621"/>
</LocList>
<BasicStmnt CovItemId="S11" CovItemPrefix="Value.java" Intrnl_Id="44">
<LocList>
<Loc EndOffset="633" SrcFileId="1" StartOffset="621"/>
</LocList>
</BasicStmnt>
</StmntSeq>
</Branch>
<Branch CovItemId="B6" CovItemPrefix="Value.java" Implct="true" Intrnl_Id="45">
<Cond/>
<LocList/>
<StmntSeq Intrnl_Id="46">
<LocList/>
</StmntSeq>
</Branch>
<Keyword EndOffset="578" SrcFileId="1" StartOffset="576"/>
<LocList>
<Loc EndOffset="638" SrcFileId="1" StartOffset="576"/>
</LocList>
<RootTerm CovItemId="C3" CovItemPrefix="Value.java" Intrnl_Id="47">
<BasicBoolTerm Intrnl_Id="48">
<LocList>
<Loc EndOffset="610" SrcFileId="1" StartOffset="579"/>
</LocList>
</BasicBoolTerm>
</RootTerm>
</CondStmnt>
<BasicStmnt CovItemId="S12" CovItemPrefix="Value.java" Intrnl_Id="49">
<LocList>
<Loc EndOffset="655" SrcFileId="1" StartOffset="642"/>
</LocList>
</BasicStmnt>
</StmntSeq>
</HierarchyLvl>
<HierarchyLvl HierarchyLvlId="1095" HierarchyLvlTypeId="5" Intrnl_Id="50" Name="isNumeric">
<Header>
<Loc EndOffset="700" SrcFileId="1" StartOffset="674"/>
</Header>
<LocList>
<Loc EndOffset="881" SrcFileId="1" StartOffset="674"/>
</LocList>
<StmntSeq Intrnl_Id="51">
<LocList>
<Loc EndOffset="854" SrcFileId="1" StartOffset="714"/>
<Loc EndOffset="874" SrcFileId="1" StartOffset="861"/>
</LocList>
<CondStmnt CovItemId="S13" CovItemPrefix="Value.java" Intrnl_Id="52">
<Branch CovItemId="B7" CovItemPrefix="Value.java" Implct="false" Intrnl_Id="53">
<Cond/>
<LocList>
<Loc EndOffset="854" SrcFileId="1" StartOffset="825"/>
</LocList>
<StmntSeq Intrnl_Id="54">
<LocList>
<Loc EndOffset="846" SrcFileId="1" StartOffset="834"/>
</LocList>
<BasicStmnt CovItemId="S14" CovItemPrefix="Value.java" Intrnl_Id="55">
<LocList>
<Loc EndOffset="846" SrcFileId="1" StartOffset="834"/>
</LocList>
</BasicStmnt>
</StmntSeq>
</Branch>
<Branch CovItemId="B8" CovItemPrefix="Value.java" Implct="true" Intrnl_Id="56">
<Cond/>
<LocList/>
<StmntSeq Intrnl_Id="57">
<LocList/>
</StmntSeq>
</Branch>
<Keyword EndOffset="716" SrcFileId="1" StartOffset="714"/>
<LocList>
<Loc EndOffset="854" SrcFileId="1" StartOffset="714"/>
</LocList>
<RootTerm CovItemId="C4" CovItemPrefix="Value.java" Intrnl_Id="58">
<OpTerm BooleanOpId="3" Intrnl_Id="59">
<OpTerm BooleanOpId="3" Intrnl_Id="60">
<OpTerm BooleanOpId="3" Intrnl_Id="61">
<BasicBoolTerm Intrnl_Id="62">
<LocList>
<Loc EndOffset="729" SrcFileId="1" StartOffset="717"/>
</LocList>
</BasicBoolTerm>
<BasicBoolTerm Intrnl_Id="63">
<LocList>
<Loc EndOffset="748" SrcFileId="1" StartOffset="733"/>
</LocList>
</BasicBoolTerm>
<LocList>
<Loc EndOffset="732" SrcFileId="1" StartOffset="730"/>
</LocList>
</OpTerm>
<BasicBoolTerm Intrnl_Id="64">
<LocList>
<Loc EndOffset="781" SrcFileId="1" StartOffset="752"/>
</LocList>
</BasicBoolTerm>
<LocList>
<Loc EndOffset="751" SrcFileId="1" StartOffset="749"/>
</LocList>
</OpTerm>
<BasicBoolTerm Intrnl_Id="65">
<LocList>
<Loc EndOffset="817" SrcFileId="1" StartOffset="785"/>
</LocList>
</BasicBoolTerm>
<LocList>
<Loc EndOffset="784" SrcFileId="1" StartOffset="782"/>
</LocList>
</OpTerm>
</RootTerm>
</CondStmnt>
<BasicStmnt CovItemId="S15" CovItemPrefix="Value.java" Intrnl_Id="66">
<LocList>
<Loc EndOffset="874" SrcFileId="1" StartOffset="861"/>
</LocList>
</BasicStmnt>
</StmntSeq>
</HierarchyLvl>
<HierarchyLvl HierarchyLvlId="1096" HierarchyLvlTypeId="5" Intrnl_Id="67" Name="isNumericExpression">
<Header>
<Loc EndOffset="929" SrcFileId="1" StartOffset="893"/>
</Header>
<LocList>
<Loc EndOffset="1235" SrcFileId="1" StartOffset="893"/>
</LocList>
<StmntSeq Intrnl_Id="68">
<LocList>
<Loc EndOffset="988" SrcFileId="1" StartOffset="948"/>
<Loc EndOffset="1059" SrcFileId="1" StartOffset="1002"/>
<Loc EndOffset="1208" SrcFileId="1" StartOffset="1073"/>
<Loc EndOffset="1228" SrcFileId="1" StartOffset="1215"/>
</LocList>
<BasicStmnt CovItemId="S16" CovItemPrefix="Value.java" Intrnl_Id="69">
<LocList>
<Loc EndOffset="988" SrcFileId="1" StartOffset="948"/>
</LocList>
</BasicStmnt>
<CondStmnt CovItemId="S17" CovItemPrefix="Value.java" Intrnl_Id="70">
<Branch CovItemId="B9" CovItemPrefix="Value.java" Implct="false" Intrnl_Id="71">
<Cond/>
<LocList>
<Loc EndOffset="1059" SrcFileId="1" StartOffset="1042"/>
</LocList>
<StmntSeq Intrnl_Id="72">
<LocList/>
</StmntSeq>
</Branch>
<Branch CovItemId="B10" CovItemPrefix="Value.java" Implct="true" Intrnl_Id="73">
<Cond/>
<LocList/>
<StmntSeq Intrnl_Id="74">
<LocList/>
</StmntSeq>
</Branch>
<Keyword EndOffset="1004" SrcFileId="1" StartOffset="1002"/>
<LocList>
<Loc EndOffset="1059" SrcFileId="1" StartOffset="1002"/>
</LocList>
<RootTerm CovItemId="C5" CovItemPrefix="Value.java" Intrnl_Id="75">
<BasicBoolTerm Intrnl_Id="76">
<LocList>
<Loc EndOffset="1034" SrcFileId="1" StartOffset="1005"/>
</LocList>
</BasicBoolTerm>
</RootTerm>
</CondStmnt>
<CondStmnt CovItemId="S18" CovItemPrefix="Value.java" Intrnl_Id="77">
<Branch CovItemId="B11" CovItemPrefix="Value.java" Implct="false" Intrnl_Id="78">
<Cond/>
<LocList>
<Loc EndOffset="1208" SrcFileId="1" StartOffset="1179"/>
</LocList>
<StmntSeq Intrnl_Id="79">
<LocList>
<Loc EndOffset="1200" SrcFileId="1" StartOffset="1188"/>
</LocList>
<BasicStmnt CovItemId="S19" CovItemPrefix="Value.java" Intrnl_Id="80">
<LocList>
<Loc EndOffset="1200" SrcFileId="1" StartOffset="1188"/>
</LocList>
</BasicStmnt>
</StmntSeq>
</Branch>
<Branch CovItemId="B12" CovItemPrefix="Value.java" Implct="true" Intrnl_Id="81">
<Cond/>
<LocList/>
<StmntSeq Intrnl_Id="82">
<LocList/>
</StmntSeq>
</Branch>
<Keyword EndOffset="1075" SrcFileId="1" StartOffset="1073"/>
<LocList>
<Loc EndOffset="1208" SrcFileId="1" StartOffset="1073"/>
</LocList>
<RootTerm CovItemId="C6" CovItemPrefix="Value.java" Intrnl_Id="83">
<BasicBoolTerm Intrnl_Id="84">
<LocList>
<Loc EndOffset="1171" SrcFileId="1" StartOffset="1076"/>
</LocList>
</BasicBoolTerm>
</RootTerm>
</CondStmnt>
<BasicStmnt CovItemId="S20" CovItemPrefix="Value.java" Intrnl_Id="85">
<LocList>
<Loc EndOffset="1228" SrcFileId="1" StartOffset="1215"/>
</LocList>
</BasicStmnt>
</StmntSeq>
</HierarchyLvl>
<HierarchyLvl HierarchyLvlId="1097" HierarchyLvlTypeId="5" Intrnl_Id="86" Name="isChar">
<Header>
<Loc EndOffset="1270" SrcFileId="1" StartOffset="1247"/>
</Header>
<LocList>
<Loc EndOffset="1478" SrcFileId="1" StartOffset="1247"/>
</LocList>
<StmntSeq Intrnl_Id="87">
<LocList>
<Loc EndOffset="1455" SrcFileId="1" StartOffset="1281"/>
<Loc EndOffset="1471" SrcFileId="1" StartOffset="1459"/>
</LocList>
<CondStmnt CovItemId="S21" CovItemPrefix="Value.java" Intrnl_Id="88">
<Branch CovItemId="B13" CovItemPrefix="Value.java" Implct="false" Intrnl_Id="89">
<Cond/>
<LocList>
<Loc EndOffset="1455" SrcFileId="1" StartOffset="1431"/>
</LocList>
<StmntSeq Intrnl_Id="90">
<LocList>
<Loc EndOffset="1450" SrcFileId="1" StartOffset="1437"/>
</LocList>
<BasicStmnt CovItemId="S22" CovItemPrefix="Value.java" Intrnl_Id="91">
<LocList>
<Loc EndOffset="1450" SrcFileId="1" StartOffset="1437"/>
</LocList>
</BasicStmnt>
</StmntSeq>
</Branch>
<Branch CovItemId="B14" CovItemPrefix="Value.java" Implct="true" Intrnl_Id="92">
<Cond/>
<LocList/>
<StmntSeq Intrnl_Id="93">
<LocList/>
</StmntSeq>
</Branch>
<Keyword EndOffset="1283" SrcFileId="1" StartOffset="1281"/>
<LocList>
<Loc EndOffset="1455" SrcFileId="1" StartOffset="1281"/>
</LocList>
<RootTerm CovItemId="C7" CovItemPrefix="Value.java" Intrnl_Id="94">
<OpTerm BooleanOpId="3" Intrnl_Id="95">
<OpTerm BooleanOpId="3" Intrnl_Id="96">
<BasicBoolTerm Intrnl_Id="97">
<LocList>
<Loc EndOffset="1313" SrcFileId="1" StartOffset="1284"/>
</LocList>
</BasicBoolTerm>
<BasicBoolTerm Intrnl_Id="98">
<LocList>
<Loc EndOffset="1357" SrcFileId="1" StartOffset="1324"/>
</LocList>
</BasicBoolTerm>
<LocList>
<Loc EndOffset="1316" SrcFileId="1" StartOffset="1314"/>
</LocList>
</OpTerm>
<BasicBoolTerm Intrnl_Id="99">
<LocList>
<Loc EndOffset="1426" SrcFileId="1" StartOffset="1368"/>
</LocList>
</BasicBoolTerm>
<LocList>
<Loc EndOffset="1360" SrcFileId="1" StartOffset="1358"/>
</LocList>
</OpTerm>
</RootTerm>
</CondStmnt>
<BasicStmnt CovItemId="S23" CovItemPrefix="Value.java" Intrnl_Id="100">
<LocList>
<Loc EndOffset="1471" SrcFileId="1" StartOffset="1459"/>
</LocList>
</BasicStmnt>
</StmntSeq>
</HierarchyLvl>
<HierarchyLvl HierarchyLvlId="1098" HierarchyLvlTypeId="5" Intrnl_Id="101" Name="isString">
<Header>
<Loc EndOffset="1515" SrcFileId="1" StartOffset="1490"/>
</Header>
<LocList>
<Loc EndOffset="1757" SrcFileId="1" StartOffset="1490"/>
</LocList>
<StmntSeq Intrnl_Id="102">
<LocList>
<Loc EndOffset="1734" SrcFileId="1" StartOffset="1529"/>
<Loc EndOffset="1750" SrcFileId="1" StartOffset="1738"/>
</LocList>
<CondStmnt CovItemId="S24" CovItemPrefix="Value.java" Intrnl_Id="103">
<Branch CovItemId="B15" CovItemPrefix="Value.java" Implct="false" Intrnl_Id="104">
<Cond/>
<LocList>
<Loc EndOffset="1598" SrcFileId="1" StartOffset="1568"/>
</LocList>
<StmntSeq Intrnl_Id="105">
<LocList>
<Loc EndOffset="1590" SrcFileId="1" StartOffset="1577"/>
</LocList>
<BasicStmnt CovItemId="S25" CovItemPrefix="Value.java" Intrnl_Id="106">
<LocList>
<Loc EndOffset="1590" SrcFileId="1" StartOffset="1577"/>
</LocList>
</BasicStmnt>
</StmntSeq>
</Branch>
<Branch CovItemId="B16" CovItemPrefix="Value.java" Implct="false" Intrnl_Id="107">
<Cond>
<Loc EndOffset="1609" SrcFileId="1" StartOffset="1605"/>
</Cond>
<LocList>
<Loc EndOffset="1734" SrcFileId="1" StartOffset="1610"/>
</LocList>
<StmntSeq Intrnl_Id="108">
<LocList>
<Loc EndOffset="1734" SrcFileId="1" StartOffset="1610"/>
</LocList>
<CondStmnt CovItemId="S26" CovItemPrefix="Value.java" Intrnl_Id="109">
<Branch CovItemId="B17" CovItemPrefix="Value.java" Implct="false" Intrnl_Id="110">
<Cond/>
<LocList>
<Loc EndOffset="1734" SrcFileId="1" StartOffset="1710"/>
</LocList>
<StmntSeq Intrnl_Id="111">
<LocList>
<Loc EndOffset="1729" SrcFileId="1" StartOffset="1716"/>
</LocList>
<BasicStmnt CovItemId="S27" CovItemPrefix="Value.java" Intrnl_Id="112">
<LocList>
<Loc EndOffset="1729" SrcFileId="1" StartOffset="1716"/>
</LocList>
</BasicStmnt>
</StmntSeq>
</Branch>
<Branch CovItemId="B18" CovItemPrefix="Value.java" Implct="true" Intrnl_Id="113">
<Cond/>
<LocList/>
<StmntSeq Intrnl_Id="114">
<LocList/>
</StmntSeq>
</Branch>
<Keyword EndOffset="1612" SrcFileId="1" StartOffset="1610"/>
<LocList>
<Loc EndOffset="1734" SrcFileId="1" StartOffset="1610"/>
</LocList>
<RootTerm CovItemId="C9" CovItemPrefix="Value.java" Intrnl_Id="115">
<OpTerm BooleanOpId="3" Intrnl_Id="116">
<BasicBoolTerm Intrnl_Id="117">
<LocList>
<Loc EndOffset="1645" SrcFileId="1" StartOffset="1613"/>
</LocList>
</BasicBoolTerm>
<BasicBoolTerm Intrnl_Id="118">
<LocList>
<Loc EndOffset="1705" SrcFileId="1" StartOffset="1648"/>
</LocList>
</BasicBoolTerm>
<LocList>
<Loc EndOffset="1647" SrcFileId="1" StartOffset="1645"/>
</LocList>
</OpTerm>
</RootTerm>
</CondStmnt>
</StmntSeq>
</Branch>
<Keyword EndOffset="1531" SrcFileId="1" StartOffset="1529"/>
<LocList>
<Loc EndOffset="1734" SrcFileId="1" StartOffset="1529"/>
</LocList>
<RootTerm CovItemId="C8" CovItemPrefix="Value.java" Intrnl_Id="119">
<BasicBoolTerm Intrnl_Id="120">
<LocList>
<Loc EndOffset="1560" SrcFileId="1" StartOffset="1532"/>
</LocList>
</BasicBoolTerm>
</RootTerm>
</CondStmnt>
<BasicStmnt CovItemId="S28" CovItemPrefix="Value.java" Intrnl_Id="121">
<LocList>
<Loc EndOffset="1750" SrcFileId="1" StartOffset="1738"/>
</LocList>
</BasicStmnt>
</StmntSeq>
</HierarchyLvl>
<HierarchyLvl HierarchyLvlId="1099" HierarchyLvlTypeId="5" Intrnl_Id="122" Name="isBool">
<Header>
<Loc EndOffset="1792" SrcFileId="1" StartOffset="1769"/>
</Header>
<LocList>
<Loc EndOffset="1938" SrcFileId="1" StartOffset="1769"/>
</LocList>
<StmntSeq Intrnl_Id="123">
<LocList>
<Loc EndOffset="1911" SrcFileId="1" StartOffset="1806"/>
<Loc EndOffset="1931" SrcFileId="1" StartOffset="1918"/>
</LocList>
<CondStmnt CovItemId="S29" CovItemPrefix="Value.java" Intrnl_Id="124">
<Branch CovItemId="B19" CovItemPrefix="Value.java" Implct="false" Intrnl_Id="125">
<Cond/>
<LocList>
<Loc EndOffset="1911" SrcFileId="1" StartOffset="1882"/>
</LocList>
<StmntSeq Intrnl_Id="126">
<LocList>
<Loc EndOffset="1903" SrcFileId="1" StartOffset="1891"/>
</LocList>
<BasicStmnt CovItemId="S30" CovItemPrefix="Value.java" Intrnl_Id="127">
<LocList>
<Loc EndOffset="1903" SrcFileId="1" StartOffset="1891"/>
</LocList>
</BasicStmnt>
</StmntSeq>
</Branch>
<Branch CovItemId="B20" CovItemPrefix="Value.java" Implct="true" Intrnl_Id="128">
<Cond/>
<LocList/>
<StmntSeq Intrnl_Id="129">
<LocList/>
</StmntSeq>
</Branch>
<Keyword EndOffset="1808" SrcFileId="1" StartOffset="1806"/>
<LocList>
<Loc EndOffset="1911" SrcFileId="1" StartOffset="1806"/>
</LocList>
<RootTerm CovItemId="C10" CovItemPrefix="Value.java" Intrnl_Id="130">
<OpTerm BooleanOpId="3" Intrnl_Id="131">
<BasicBoolTerm Intrnl_Id="132">
<LocList>
<Loc EndOffset="1839" SrcFileId="1" StartOffset="1809"/>
</LocList>
</BasicBoolTerm>
<BasicBoolTerm Intrnl_Id="133">
<LocList>
<Loc EndOffset="1874" SrcFileId="1" StartOffset="1843"/>
</LocList>
</BasicBoolTerm>
<LocList>
<Loc EndOffset="1842" SrcFileId="1" StartOffset="1840"/>
</LocList>
</OpTerm>
</RootTerm>
</CondStmnt>
<BasicStmnt CovItemId="S31" CovItemPrefix="Value.java" Intrnl_Id="134">
<LocList>
<Loc EndOffset="1931" SrcFileId="1" StartOffset="1918"/>
</LocList>
</BasicStmnt>
</StmntSeq>
</HierarchyLvl>
<HierarchyLvl HierarchyLvlId="1100" HierarchyLvlTypeId="5" Intrnl_Id="135" Name="isContainer">
<Header>
<Loc EndOffset="1978" SrcFileId="1" StartOffset="1950"/>
</Header>
<LocList>
<Loc EndOffset="2151" SrcFileId="1" StartOffset="1950"/>
</LocList>
<StmntSeq Intrnl_Id="136">
<LocList>
<Loc EndOffset="2124" SrcFileId="1" StartOffset="1992"/>
<Loc EndOffset="2144" SrcFileId="1" StartOffset="2131"/>
</LocList>
<CondStmnt CovItemId="S32" CovItemPrefix="Value.java" Intrnl_Id="137">
<Branch CovItemId="B21" CovItemPrefix="Value.java" Implct="false" Intrnl_Id="138">
<Cond/>
<LocList>
<Loc EndOffset="2124" SrcFileId="1" StartOffset="2095"/>
</LocList>
<StmntSeq Intrnl_Id="139">
<LocList>
<Loc EndOffset="2116" SrcFileId="1" StartOffset="2104"/>
</LocList>
<BasicStmnt CovItemId="S33" CovItemPrefix="Value.java" Intrnl_Id="140">
<LocList>
<Loc EndOffset="2116" SrcFileId="1" StartOffset="2104"/>
</LocList>
</BasicStmnt>
</StmntSeq>
</Branch>
<Branch CovItemId="B22" CovItemPrefix="Value.java" Implct="true" Intrnl_Id="141">
<Cond/>
<LocList/>
<StmntSeq Intrnl_Id="142">
<LocList/>
</StmntSeq>
</Branch>
<Keyword EndOffset="1994" SrcFileId="1" StartOffset="1992"/>
<LocList>
<Loc EndOffset="2124" SrcFileId="1" StartOffset="1992"/>
</LocList>
<RootTerm CovItemId="C11" CovItemPrefix="Value.java" Intrnl_Id="143">
<OpTerm BooleanOpId="3" Intrnl_Id="144">
<BasicBoolTerm Intrnl_Id="145">
<LocList>
<Loc EndOffset="2048" SrcFileId="1" StartOffset="1995"/>
</LocList>
</BasicBoolTerm>
<BasicBoolTerm Intrnl_Id="146">
<LocList>
<Loc EndOffset="2087" SrcFileId="1" StartOffset="2052"/>
</LocList>
</BasicBoolTerm>
<LocList>
<Loc EndOffset="2051" SrcFileId="1" StartOffset="2049"/>
</LocList>
</OpTerm>
</RootTerm>
</CondStmnt>
<BasicStmnt CovItemId="S34" CovItemPrefix="Value.java" Intrnl_Id="147">
<LocList>
<Loc EndOffset="2144" SrcFileId="1" StartOffset="2131"/>
</LocList>
</BasicStmnt>
</StmntSeq>
</HierarchyLvl>
<HierarchyLvl HierarchyLvlId="1101" HierarchyLvlTypeId="5" Intrnl_Id="148" Name="isSameType">
<Header>
<Loc EndOffset="2199" SrcFileId="1" StartOffset="2163"/>
</Header>
<LocList>
<Loc EndOffset="2787" SrcFileId="1" StartOffset="2163"/>
</LocList>
<StmntSeq Intrnl_Id="149">
<LocList>
<Loc EndOffset="2282" SrcFileId="1" StartOffset="2213"/>
<Loc EndOffset="2753" SrcFileId="1" StartOffset="2289"/>
<Loc EndOffset="2780" SrcFileId="1" StartOffset="2767"/>
</LocList>
<CondStmnt CovItemId="S35" CovItemPrefix="Value.java" Intrnl_Id="150">
<Branch CovItemId="B23" CovItemPrefix="Value.java" Implct="false" Intrnl_Id="151">
<Cond/>
<LocList>
<Loc EndOffset="2282" SrcFileId="1" StartOffset="2253"/>
</LocList>
<StmntSeq Intrnl_Id="152">
<LocList>
<Loc EndOffset="2274" SrcFileId="1" StartOffset="2262"/>
</LocList>
<BasicStmnt CovItemId="S36" CovItemPrefix="Value.java" Intrnl_Id="153">
<LocList>
<Loc EndOffset="2274" SrcFileId="1" StartOffset="2262"/>
</LocList>
</BasicStmnt>
</StmntSeq>
</Branch>
<Branch CovItemId="B24" CovItemPrefix="Value.java" Implct="true" Intrnl_Id="154">
<Cond/>
<LocList/>
<StmntSeq Intrnl_Id="155">
<LocList/>
</StmntSeq>
</Branch>
<Keyword EndOffset="2215" SrcFileId="1" StartOffset="2213"/>
<LocList>
<Loc EndOffset="2282" SrcFileId="1" StartOffset="2213"/>
</LocList>
<RootTerm CovItemId="C12" CovItemPrefix="Value.java" Intrnl_Id="156">
<OpTerm BooleanOpId="2" Intrnl_Id="157">
<BasicBoolTerm Intrnl_Id="158">
<LocList>
<Loc EndOffset="2229" SrcFileId="1" StartOffset="2216"/>
</LocList>
</BasicBoolTerm>
<BasicBoolTerm Intrnl_Id="159">
<LocList>
<Loc EndOffset="2245" SrcFileId="1" StartOffset="2233"/>
</LocList>
</BasicBoolTerm>
<LocList>
<Loc EndOffset="2232" SrcFileId="1" StartOffset="2230"/>
</LocList>
</OpTerm>
</RootTerm>
</CondStmnt>
<CondStmnt CovItemId="S37" CovItemPrefix="Value.java" Intrnl_Id="160">
<Branch CovItemId="B25" CovItemPrefix="Value.java" Implct="false" Intrnl_Id="161">
<Cond/>
<LocList>
<Loc EndOffset="2368" SrcFileId="1" StartOffset="2339"/>
</LocList>
<StmntSeq Intrnl_Id="162">
<LocList>
<Loc EndOffset="2360" SrcFileId="1" StartOffset="2348"/>
</LocList>
<BasicStmnt CovItemId="S38" CovItemPrefix="Value.java" Intrnl_Id="163">
<LocList>
<Loc EndOffset="2360" SrcFileId="1" StartOffset="2348"/>
</LocList>
</BasicStmnt>
</StmntSeq>
</Branch>
<Branch CovItemId="B26" CovItemPrefix="Value.java" Implct="false" Intrnl_Id="164">
<Cond>
<Loc EndOffset="2379" SrcFileId="1" StartOffset="2375"/>
</Cond>
<LocList>
<Loc EndOffset="2753" SrcFileId="1" StartOffset="2380"/>
</LocList>
<StmntSeq Intrnl_Id="165">
<LocList>
<Loc EndOffset="2753" SrcFileId="1" StartOffset="2380"/>
</LocList>
<CondStmnt CovItemId="S39" CovItemPrefix="Value.java" Intrnl_Id="166">
<Branch CovItemId="B27" CovItemPrefix="Value.java" Implct="false" Intrnl_Id="167">
<Cond/>
<LocList>
<Loc EndOffset="2449" SrcFileId="1" StartOffset="2420"/>
</LocList>
<StmntSeq Intrnl_Id="168">
<LocList>
<Loc EndOffset="2441" SrcFileId="1" StartOffset="2429"/>
</LocList>
<BasicStmnt CovItemId="S40" CovItemPrefix="Value.java" Intrnl_Id="169">
<LocList>
<Loc EndOffset="2441" SrcFileId="1" StartOffset="2429"/>
</LocList>
</BasicStmnt>
</StmntSeq>
</Branch>
<Branch CovItemId="B28" CovItemPrefix="Value.java" Implct="false" Intrnl_Id="170">
<Cond>
<Loc EndOffset="2460" SrcFileId="1" StartOffset="2456"/>
</Cond>
<LocList>
<Loc EndOffset="2753" SrcFileId="1" StartOffset="2461"/>
</LocList>
<StmntSeq Intrnl_Id="171">
<LocList>
<Loc EndOffset="2753" SrcFileId="1" StartOffset="2461"/>
</LocList>
<CondStmnt CovItemId="S41" CovItemPrefix="Value.java" Intrnl_Id="172">
<Branch CovItemId="B29" CovItemPrefix="Value.java" Implct="false" Intrnl_Id="173">
<Cond/>
<LocList>
<Loc EndOffset="2585" SrcFileId="1" StartOffset="2556"/>
</LocList>
<StmntSeq Intrnl_Id="174">
<LocList>
<Loc EndOffset="2577" SrcFileId="1" StartOffset="2565"/>
</LocList>
<BasicStmnt CovItemId="S42" CovItemPrefix="Value.java" Intrnl_Id="175">
<LocList>
<Loc EndOffset="2577" SrcFileId="1" StartOffset="2565"/>
</LocList>
</BasicStmnt>
</StmntSeq>
</Branch>
<Branch CovItemId="B30" CovItemPrefix="Value.java" Implct="false" Intrnl_Id="176">
<Cond>
<Loc EndOffset="2596" SrcFileId="1" StartOffset="2592"/>
</Cond>
<LocList>
<Loc EndOffset="2753" SrcFileId="1" StartOffset="2597"/>
</LocList>
<StmntSeq Intrnl_Id="177">
<LocList>
<Loc EndOffset="2753" SrcFileId="1" StartOffset="2597"/>
</LocList>
<CondStmnt CovItemId="S43" CovItemPrefix="Value.java" Intrnl_Id="178">
<Branch CovItemId="B31" CovItemPrefix="Value.java" Implct="false" Intrnl_Id="179">
<Cond/>
<LocList>
<Loc EndOffset="2670" SrcFileId="1" StartOffset="2641"/>
</LocList>
<StmntSeq Intrnl_Id="180">
<LocList>
<Loc EndOffset="2662" SrcFileId="1" StartOffset="2650"/>
</LocList>
<BasicStmnt CovItemId="S44" CovItemPrefix="Value.java" Intrnl_Id="181">
<LocList>
<Loc EndOffset="2662" SrcFileId="1" StartOffset="2650"/>
</LocList>
</BasicStmnt>
</StmntSeq>
</Branch>
<Branch CovItemId="B32" CovItemPrefix="Value.java" Implct="false" Intrnl_Id="182">
<Cond>
<Loc EndOffset="2681" SrcFileId="1" StartOffset="2677"/>
</Cond>
<LocList>
<Loc EndOffset="2753" SrcFileId="1" StartOffset="2682"/>
</LocList>
<StmntSeq Intrnl_Id="183">
<LocList>
<Loc EndOffset="2753" SrcFileId="1" StartOffset="2682"/>
</LocList>
<CondStmnt CovItemId="S45" CovItemPrefix="Value.java" Intrnl_Id="184">
<Branch CovItemId="B33" CovItemPrefix="Value.java" Implct="false" Intrnl_Id="185">
<Cond/>
<LocList>
<Loc EndOffset="2753" SrcFileId="1" StartOffset="2724"/>
</LocList>
<StmntSeq Intrnl_Id="186">
<LocList>
<Loc EndOffset="2745" SrcFileId="1" StartOffset="2733"/>
</LocList>
<BasicStmnt CovItemId="S46" CovItemPrefix="Value.java" Intrnl_Id="187">
<LocList>
<Loc EndOffset="2745" SrcFileId="1" StartOffset="2733"/>
</LocList>
</BasicStmnt>
</StmntSeq>
</Branch>
<Branch CovItemId="B34" CovItemPrefix="Value.java" Implct="true" Intrnl_Id="188">
<Cond/>
<LocList/>
<StmntSeq Intrnl_Id="189">
<LocList/>
</StmntSeq>
</Branch>
<Keyword EndOffset="2684" SrcFileId="1" StartOffset="2682"/>
<LocList>
<Loc EndOffset="2753" SrcFileId="1" StartOffset="2682"/>
</LocList>
<RootTerm CovItemId="C17" CovItemPrefix="Value.java" Intrnl_Id="190">
<OpTerm BooleanOpId="2" Intrnl_Id="191">
<BasicBoolTerm Intrnl_Id="192">
<LocList>
<Loc EndOffset="2699" SrcFileId="1" StartOffset="2685"/>
</LocList>
</BasicBoolTerm>
<BasicBoolTerm Intrnl_Id="193">
<LocList>
<Loc EndOffset="2716" SrcFileId="1" StartOffset="2703"/>
</LocList>
</BasicBoolTerm>
<LocList>
<Loc EndOffset="2702" SrcFileId="1" StartOffset="2700"/>
</LocList>
</OpTerm>
</RootTerm>
</CondStmnt>
</StmntSeq>
</Branch>
<Keyword EndOffset="2599" SrcFileId="1" StartOffset="2597"/>
<LocList>
<Loc EndOffset="2753" SrcFileId="1" StartOffset="2597"/>
</LocList>
<RootTerm CovItemId="C16" CovItemPrefix="Value.java" Intrnl_Id="194">
<OpTerm BooleanOpId="2" Intrnl_Id="195">
<BasicBoolTerm Intrnl_Id="196">
<LocList>
<Loc EndOffset="2615" SrcFileId="1" StartOffset="2600"/>
</LocList>
</BasicBoolTerm>
<BasicBoolTerm Intrnl_Id="197">
<LocList>
<Loc EndOffset="2633" SrcFileId="1" StartOffset="2619"/>
</LocList>
</BasicBoolTerm>
<LocList>
<Loc EndOffset="2618" SrcFileId="1" StartOffset="2616"/>
</LocList>
</OpTerm>
</RootTerm>
</CondStmnt>
</StmntSeq>
</Branch>
<Keyword EndOffset="2463" SrcFileId="1" StartOffset="2461"/>
<LocList>
<Loc EndOffset="2753" SrcFileId="1" StartOffset="2461"/>
</LocList>
<RootTerm CovItemId="C15" CovItemPrefix="Value.java" Intrnl_Id="198">
<OpTerm BooleanOpId="3" Intrnl_Id="199">
<OpTerm BooleanOpId="2" Intrnl_Id="200">
<BasicBoolTerm Intrnl_Id="201">
<LocList>
<Loc EndOffset="2480" SrcFileId="1" StartOffset="2464"/>
</LocList>
</BasicBoolTerm>
<BasicBoolTerm Intrnl_Id="202">
<LocList>
<Loc EndOffset="2499" SrcFileId="1" StartOffset="2484"/>
</LocList>
</BasicBoolTerm>
<LocList>
<Loc EndOffset="2483" SrcFileId="1" StartOffset="2481"/>
</LocList>
</OpTerm>
<OpTerm BooleanOpId="2" Intrnl_Id="203">
<BasicBoolTerm Intrnl_Id="204">
<LocList>
<Loc EndOffset="2519" SrcFileId="1" StartOffset="2503"/>
</LocList>
</BasicBoolTerm>
<BasicBoolTerm Intrnl_Id="205">
<LocList>
<Loc EndOffset="2548" SrcFileId="1" StartOffset="2523"/>
</LocList>
</BasicBoolTerm>
<LocList>
<Loc EndOffset="2522" SrcFileId="1" StartOffset="2520"/>
</LocList>
</OpTerm>
<LocList>
<Loc EndOffset="2502" SrcFileId="1" StartOffset="2500"/>
</LocList>
</OpTerm>
</RootTerm>
</CondStmnt>
</StmntSeq>
</Branch>
<Keyword EndOffset="2382" SrcFileId="1" StartOffset="2380"/>
<LocList>
<Loc EndOffset="2753" SrcFileId="1" StartOffset="2380"/>
</LocList>
<RootTerm CovItemId="C14" CovItemPrefix="Value.java" Intrnl_Id="206">
<OpTerm BooleanOpId="2" Intrnl_Id="207">
<BasicBoolTerm Intrnl_Id="208">
<LocList>
<Loc EndOffset="2396" SrcFileId="1" StartOffset="2383"/>
</LocList>
</BasicBoolTerm>
<BasicBoolTerm Intrnl_Id="209">
<LocList>
<Loc EndOffset="2412" SrcFileId="1" StartOffset="2400"/>
</LocList>
</BasicBoolTerm>
<LocList>
<Loc EndOffset="2399" SrcFileId="1" StartOffset="2397"/>
</LocList>
</OpTerm>
</RootTerm>
</CondStmnt>
</StmntSeq>
</Branch>
<Keyword EndOffset="2291" SrcFileId="1" StartOffset="2289"/>
<LocList>
<Loc EndOffset="2753" SrcFileId="1" StartOffset="2289"/>
</LocList>
<RootTerm CovItemId="C13" CovItemPrefix="Value.java" Intrnl_Id="210">
<OpTerm BooleanOpId="2" Intrnl_Id="211">
<BasicBoolTerm Intrnl_Id="212">
<LocList>
<Loc EndOffset="2310" SrcFileId="1" StartOffset="2292"/>
</LocList>
</BasicBoolTerm>
<BasicBoolTerm Intrnl_Id="213">
<LocList>
<Loc EndOffset="2331" SrcFileId="1" StartOffset="2314"/>
</LocList>
</BasicBoolTerm>
<LocList>
<Loc EndOffset="2313" SrcFileId="1" StartOffset="2311"/>
</LocList>
</OpTerm>
</RootTerm>
</CondStmnt>
<BasicStmnt CovItemId="S47" CovItemPrefix="Value.java" Intrnl_Id="214">
<LocList>
<Loc EndOffset="2780" SrcFileId="1" StartOffset="2767"/>
</LocList>
</BasicStmnt>
</StmntSeq>
</HierarchyLvl>
<HierarchyLvl HierarchyLvlId="1102" HierarchyLvlTypeId="5" Intrnl_Id="215" Name="GetType">
<Header>
<Loc EndOffset="2822" SrcFileId="1" StartOffset="2799"/>
</Header>
<LocList>
<Loc EndOffset="3594" SrcFileId="1" StartOffset="2799"/>
</LocList>
<StmntSeq Intrnl_Id="216">
<LocList>
<Loc EndOffset="3587" SrcFileId="1" StartOffset="2836"/>
</LocList>
<CondStmnt CovItemId="S48" CovItemPrefix="Value.java" Intrnl_Id="217">
<Branch CovItemId="B35" CovItemPrefix="Value.java" Implct="false" Intrnl_Id="218">
<Cond/>
<LocList>
<Loc EndOffset="2925" SrcFileId="1" StartOffset="2894"/>
</LocList>
<StmntSeq Intrnl_Id="219">
<LocList>
<Loc EndOffset="2917" SrcFileId="1" StartOffset="2903"/>
</LocList>
<BasicStmnt CovItemId="S49" CovItemPrefix="Value.java" Intrnl_Id="220">
<LocList>
<Loc EndOffset="2917" SrcFileId="1" StartOffset="2903"/>
</LocList>
</BasicStmnt>
</StmntSeq>
</Branch>
<Branch CovItemId="B36" CovItemPrefix="Value.java" Implct="false" Intrnl_Id="221">
<Cond>
<Loc EndOffset="2936" SrcFileId="1" StartOffset="2932"/>
</Cond>
<LocList>
<Loc EndOffset="3587" SrcFileId="1" StartOffset="2937"/>
</LocList>
<StmntSeq Intrnl_Id="222">
<LocList>
<Loc EndOffset="3587" SrcFileId="1" StartOffset="2937"/>
</LocList>
<CondStmnt CovItemId="S50" CovItemPrefix="Value.java" Intrnl_Id="223">
<Branch CovItemId="B37" CovItemPrefix="Value.java" Implct="false" Intrnl_Id="224">
<Cond/>
<LocList>
<Loc EndOffset="3041" SrcFileId="1" StartOffset="3005"/>
</LocList>
<StmntSeq Intrnl_Id="225">
<LocList>
<Loc EndOffset="3033" SrcFileId="1" StartOffset="3014"/>
</LocList>
<BasicStmnt CovItemId="S51" CovItemPrefix="Value.java" Intrnl_Id="226">
<LocList>
<Loc EndOffset="3033" SrcFileId="1" StartOffset="3014"/>
</LocList>
</BasicStmnt>
</StmntSeq>
</Branch>
<Branch CovItemId="B38" CovItemPrefix="Value.java" Implct="false" Intrnl_Id="227">
<Cond>
<Loc EndOffset="3052" SrcFileId="1" StartOffset="3048"/>
</Cond>
<LocList>
<Loc EndOffset="3587" SrcFileId="1" StartOffset="3053"/>
</LocList>
<StmntSeq Intrnl_Id="228">
<LocList>
<Loc EndOffset="3587" SrcFileId="1" StartOffset="3053"/>
</LocList>
<CondStmnt CovItemId="S52" CovItemPrefix="Value.java" Intrnl_Id="229">
<Branch CovItemId="B39" CovItemPrefix="Value.java" Implct="false" Intrnl_Id="230">
<Cond/>
<LocList>
<Loc EndOffset="3139" SrcFileId="1" StartOffset="3109"/>
</LocList>
<StmntSeq Intrnl_Id="231">
<LocList>
<Loc EndOffset="3131" SrcFileId="1" StartOffset="3118"/>
</LocList>
<BasicStmnt CovItemId="S53" CovItemPrefix="Value.java" Intrnl_Id="232">
<LocList>
<Loc EndOffset="3131" SrcFileId="1" StartOffset="3118"/>
</LocList>
</BasicStmnt>
</StmntSeq>
</Branch>
<Branch CovItemId="B40" CovItemPrefix="Value.java" Implct="false" Intrnl_Id="233">
<Cond>
<Loc EndOffset="3150" SrcFileId="1" StartOffset="3146"/>
</Cond>
<LocList>
<Loc EndOffset="3587" SrcFileId="1" StartOffset="3151"/>
</LocList>
<StmntSeq Intrnl_Id="234">
<LocList>
<Loc EndOffset="3587" SrcFileId="1" StartOffset="3151"/>
</LocList>
<CondStmnt CovItemId="S54" CovItemPrefix="Value.java" Intrnl_Id="235">
<Branch CovItemId="B41" CovItemPrefix="Value.java" Implct="false" Intrnl_Id="236">
<Cond/>
<LocList>
<Loc EndOffset="3246" SrcFileId="1" StartOffset="3213"/>
</LocList>
<StmntSeq Intrnl_Id="237">
<LocList>
<Loc EndOffset="3238" SrcFileId="1" StartOffset="3222"/>
</LocList>
<BasicStmnt CovItemId="S55" CovItemPrefix="Value.java" Intrnl_Id="238">
<LocList>
<Loc EndOffset="3238" SrcFileId="1" StartOffset="3222"/>
</LocList>
</BasicStmnt>
</StmntSeq>
</Branch>
<Branch CovItemId="B42" CovItemPrefix="Value.java" Implct="false" Intrnl_Id="239">
<Cond>
<Loc EndOffset="3257" SrcFileId="1" StartOffset="3253"/>
</Cond>
<LocList>
<Loc EndOffset="3587" SrcFileId="1" StartOffset="3258"/>
</LocList>
<StmntSeq Intrnl_Id="240">
<LocList>
<Loc EndOffset="3587" SrcFileId="1" StartOffset="3258"/>
</LocList>
<CondStmnt CovItemId="S56" CovItemPrefix="Value.java" Intrnl_Id="241">
<Branch CovItemId="B43" CovItemPrefix="Value.java" Implct="false" Intrnl_Id="242">
<Cond/>
<LocList>
<Loc EndOffset="3347" SrcFileId="1" StartOffset="3316"/>
</LocList>
<StmntSeq Intrnl_Id="243">
<LocList>
<Loc EndOffset="3339" SrcFileId="1" StartOffset="3325"/>
</LocList>
<BasicStmnt CovItemId="S57" CovItemPrefix="Value.java" Intrnl_Id="244">
<LocList>
<Loc EndOffset="3339" SrcFileId="1" StartOffset="3325"/>
</LocList>
</BasicStmnt>
</StmntSeq>
</Branch>
<Branch CovItemId="B44" CovItemPrefix="Value.java" Implct="false" Intrnl_Id="245">
<Cond>
<Loc EndOffset="3358" SrcFileId="1" StartOffset="3354"/>
</Cond>
<LocList>
<Loc EndOffset="3587" SrcFileId="1" StartOffset="3359"/>
</LocList>
<StmntSeq Intrnl_Id="246">
<LocList>
<Loc EndOffset="3587" SrcFileId="1" StartOffset="3359"/>
</LocList>
<CondStmnt CovItemId="S58" CovItemPrefix="Value.java" Intrnl_Id="247">
<Branch CovItemId="B45" CovItemPrefix="Value.java" Implct="false" Intrnl_Id="248">
<Cond/>
<LocList>
<Loc EndOffset="3454" SrcFileId="1" StartOffset="3421"/>
</LocList>
<StmntSeq Intrnl_Id="249">
<LocList>
<Loc EndOffset="3446" SrcFileId="1" StartOffset="3430"/>
</LocList>
<BasicStmnt CovItemId="S59" CovItemPrefix="Value.java" Intrnl_Id="250">
<LocList>
<Loc EndOffset="3446" SrcFileId="1" StartOffset="3430"/>
</LocList>
</BasicStmnt>
</StmntSeq>
</Branch>
<Branch CovItemId="B46" CovItemPrefix="Value.java" Implct="false" Intrnl_Id="251">
<Cond>
<Loc EndOffset="3465" SrcFileId="1" StartOffset="3461"/>
</Cond>
<LocList>
<Loc EndOffset="3587" SrcFileId="1" StartOffset="3466"/>
</LocList>
<StmntSeq Intrnl_Id="252">
<LocList>
<Loc EndOffset="3587" SrcFileId="1" StartOffset="3466"/>
</LocList>
<CondStmnt CovItemId="S60" CovItemPrefix="Value.java" Intrnl_Id="253">
<Branch CovItemId="B47" CovItemPrefix="Value.java" Implct="false" Intrnl_Id="254">
<Cond/>
<LocList>
<Loc EndOffset="3540" SrcFileId="1" StartOffset="3508"/>
</LocList>
<StmntSeq Intrnl_Id="255">
<LocList>
<Loc EndOffset="3532" SrcFileId="1" StartOffset="3517"/>
</LocList>
<BasicStmnt CovItemId="S61" CovItemPrefix="Value.java" Intrnl_Id="256">
<LocList>
<Loc EndOffset="3532" SrcFileId="1" StartOffset="3517"/>
</LocList>
</BasicStmnt>
</StmntSeq>
</Branch>
<Branch CovItemId="B48" CovItemPrefix="Value.java" Implct="false" Intrnl_Id="257">
<Cond>
<Loc EndOffset="3551" SrcFileId="1" StartOffset="3547"/>
</Cond>
<LocList>
<Loc EndOffset="3587" SrcFileId="1" StartOffset="3558"/>
</LocList>
<StmntSeq Intrnl_Id="258">
<LocList>
<Loc EndOffset="3579" SrcFileId="1" StartOffset="3567"/>
</LocList>
<BasicStmnt CovItemId="S62" CovItemPrefix="Value.java" Intrnl_Id="259">
<LocList>
<Loc EndOffset="3579" SrcFileId="1" StartOffset="3567"/>
</LocList>
</BasicStmnt>
</StmntSeq>
</Branch>
<Keyword EndOffset="3468" SrcFileId="1" StartOffset="3466"/>
<LocList>
<Loc EndOffset="3587" SrcFileId="1" StartOffset="3466"/>
</LocList>
<RootTerm CovItemId="C24" CovItemPrefix="Value.java" Intrnl_Id="260">
<BasicBoolTerm Intrnl_Id="261">
<LocList>
<Loc EndOffset="3500" SrcFileId="1" StartOffset="3469"/>
</LocList>
</BasicBoolTerm>
</RootTerm>
</CondStmnt>
</StmntSeq>
</Branch>
<Keyword EndOffset="3361" SrcFileId="1" StartOffset="3359"/>
<LocList>
<Loc EndOffset="3587" SrcFileId="1" StartOffset="3359"/>
</LocList>
<RootTerm CovItemId="C23" CovItemPrefix="Value.java" Intrnl_Id="262">
<OpTerm BooleanOpId="3" Intrnl_Id="263">
<BasicBoolTerm Intrnl_Id="264">
<LocList>
<Loc EndOffset="3377" SrcFileId="1" StartOffset="3362"/>
</LocList>
</BasicBoolTerm>
<BasicBoolTerm Intrnl_Id="265">
<LocList>
<Loc EndOffset="3413" SrcFileId="1" StartOffset="3381"/>
</LocList>
</BasicBoolTerm>
<LocList>
<Loc EndOffset="3380" SrcFileId="1" StartOffset="3378"/>
</LocList>
</OpTerm>
</RootTerm>
</CondStmnt>
</StmntSeq>
</Branch>
<Keyword EndOffset="3260" SrcFileId="1" StartOffset="3258"/>
<LocList>
<Loc EndOffset="3587" SrcFileId="1" StartOffset="3258"/>
</LocList>
<RootTerm CovItemId="C22" CovItemPrefix="Value.java" Intrnl_Id="266">
<OpTerm BooleanOpId="3" Intrnl_Id="267">
<BasicBoolTerm Intrnl_Id="268">
<LocList>
<Loc EndOffset="3274" SrcFileId="1" StartOffset="3261"/>
</LocList>
</BasicBoolTerm>
<BasicBoolTerm Intrnl_Id="269">
<LocList>
<Loc EndOffset="3308" SrcFileId="1" StartOffset="3278"/>
</LocList>
</BasicBoolTerm>
<LocList>
<Loc EndOffset="3277" SrcFileId="1" StartOffset="3275"/>
</LocList>
</OpTerm>
</RootTerm>
</CondStmnt>
</StmntSeq>
</Branch>
<Keyword EndOffset="3153" SrcFileId="1" StartOffset="3151"/>
<LocList>
<Loc EndOffset="3587" SrcFileId="1" StartOffset="3151"/>
</LocList>
<RootTerm CovItemId="C21" CovItemPrefix="Value.java" Intrnl_Id="270">
<OpTerm BooleanOpId="3" Intrnl_Id="271">
<BasicBoolTerm Intrnl_Id="272">
<LocList>
<Loc EndOffset="3169" SrcFileId="1" StartOffset="3154"/>
</LocList>
</BasicBoolTerm>
<BasicBoolTerm Intrnl_Id="273">
<LocList>
<Loc EndOffset="3205" SrcFileId="1" StartOffset="3173"/>
</LocList>
</BasicBoolTerm>
<LocList>
<Loc EndOffset="3172" SrcFileId="1" StartOffset="3170"/>
</LocList>
</OpTerm>
</RootTerm>
</CondStmnt>
</StmntSeq>
</Branch>
<Keyword EndOffset="3055" SrcFileId="1" StartOffset="3053"/>
<LocList>
<Loc EndOffset="3587" SrcFileId="1" StartOffset="3053"/>
</LocList>
<RootTerm CovItemId="C20" CovItemPrefix="Value.java" Intrnl_Id="274">
<OpTerm BooleanOpId="3" Intrnl_Id="275">
<BasicBoolTerm Intrnl_Id="276">
<LocList>
<Loc EndOffset="3068" SrcFileId="1" StartOffset="3056"/>
</LocList>
</BasicBoolTerm>
<BasicBoolTerm Intrnl_Id="277">
<LocList>
<Loc EndOffset="3101" SrcFileId="1" StartOffset="3072"/>
</LocList>
</BasicBoolTerm>
<LocList>
<Loc EndOffset="3071" SrcFileId="1" StartOffset="3069"/>
</LocList>
</OpTerm>
</RootTerm>
</CondStmnt>
</StmntSeq>
</Branch>
<Keyword EndOffset="2939" SrcFileId="1" StartOffset="2937"/>
<LocList>
<Loc EndOffset="3587" SrcFileId="1" StartOffset="2937"/>
</LocList>
<RootTerm CovItemId="C19" CovItemPrefix="Value.java" Intrnl_Id="278">
<OpTerm BooleanOpId="3" Intrnl_Id="279">
<BasicBoolTerm Intrnl_Id="280">
<LocList>
<Loc EndOffset="2975" SrcFileId="1" StartOffset="2940"/>
</LocList>
</BasicBoolTerm>
<BasicBoolTerm Intrnl_Id="281">
<LocList>
<Loc EndOffset="2997" SrcFileId="1" StartOffset="2979"/>
</LocList>
</BasicBoolTerm>
<LocList>
<Loc EndOffset="2978" SrcFileId="1" StartOffset="2976"/>
</LocList>
</OpTerm>
</RootTerm>
</CondStmnt>
</StmntSeq>
</Branch>
<Keyword EndOffset="2838" SrcFileId="1" StartOffset="2836"/>
<LocList>
<Loc EndOffset="3587" SrcFileId="1" StartOffset="2836"/>
</LocList>
<RootTerm CovItemId="C18" CovItemPrefix="Value.java" Intrnl_Id="282">
<OpTerm BooleanOpId="3" Intrnl_Id="283">
<BasicBoolTerm Intrnl_Id="284">
<LocList>
<Loc EndOffset="2852" SrcFileId="1" StartOffset="2839"/>
</LocList>
</BasicBoolTerm>
<BasicBoolTerm Intrnl_Id="285">
<LocList>
<Loc EndOffset="2886" SrcFileId="1" StartOffset="2856"/>
</LocList>
</BasicBoolTerm>
<LocList>
<Loc EndOffset="2855" SrcFileId="1" StartOffset="2853"/>
</LocList>
</OpTerm>
</RootTerm>
</CondStmnt>
</StmntSeq>
</HierarchyLvl>
<HierarchyLvl HierarchyLvlId="1103" HierarchyLvlTypeId="5" Intrnl_Id="286" Name="equals">
<Header>
<Loc EndOffset="3648" SrcFileId="1" StartOffset="3602"/>
</Header>
<LocList>
<Loc EndOffset="3923" SrcFileId="1" StartOffset="3602"/>
</LocList>
<StmntSeq Intrnl_Id="287">
<LocList>
<Loc EndOffset="3715" SrcFileId="1" StartOffset="3662"/>
<Loc EndOffset="3833" SrcFileId="1" StartOffset="3727"/>
<Loc EndOffset="3867" SrcFileId="1" StartOffset="3845"/>
<Loc EndOffset="3916" SrcFileId="1" StartOffset="3879"/>
</LocList>
<CondStmnt CovItemId="S63" CovItemPrefix="Value.java" Intrnl_Id="288">
<Branch CovItemId="B49" CovItemPrefix="Value.java" Implct="false" Intrnl_Id="289">
<Cond/>
<LocList>
<Loc EndOffset="3715" SrcFileId="1" StartOffset="3677"/>
</LocList>
<StmntSeq Intrnl_Id="290">
<LocList>
<Loc EndOffset="3704" SrcFileId="1" StartOffset="3692"/>
</LocList>
<BasicStmnt CovItemId="S64" CovItemPrefix="Value.java" Intrnl_Id="291">
<LocList>
<Loc EndOffset="3704" SrcFileId="1" StartOffset="3692"/>
</LocList>
</BasicStmnt>
</StmntSeq>
</Branch>
<Branch CovItemId="B50" CovItemPrefix="Value.java" Implct="true" Intrnl_Id="292">
<Cond/>
<LocList/>
<StmntSeq Intrnl_Id="293">
<LocList/>
</StmntSeq>
</Branch>
<Keyword EndOffset="3664" SrcFileId="1" StartOffset="3662"/>
<LocList>
<Loc EndOffset="3715" SrcFileId="1" StartOffset="3662"/>
</LocList>
<RootTerm CovItemId="C25" CovItemPrefix="Value.java" Intrnl_Id="294">
<BasicBoolTerm Intrnl_Id="295">
<LocList>
<Loc EndOffset="3675" SrcFileId="1" StartOffset="3665"/>
</LocList>
</BasicBoolTerm>
</RootTerm>
</CondStmnt>
<CondStmnt CovItemId="S65" CovItemPrefix="Value.java" Intrnl_Id="296">
<Branch CovItemId="B51" CovItemPrefix="Value.java" Implct="false" Intrnl_Id="297">
<Cond/>
<LocList>
<Loc EndOffset="3833" SrcFileId="1" StartOffset="3794"/>
</LocList>
<StmntSeq Intrnl_Id="298">
<LocList>
<Loc EndOffset="3822" SrcFileId="1" StartOffset="3809"/>
</LocList>
<BasicStmnt CovItemId="S66" CovItemPrefix="Value.java" Intrnl_Id="299">
<LocList>
<Loc EndOffset="3822" SrcFileId="1" StartOffset="3809"/>
</LocList>
</BasicStmnt>
</StmntSeq>
</Branch>
<Branch CovItemId="B52" CovItemPrefix="Value.java" Implct="true" Intrnl_Id="300">
<Cond/>
<LocList/>
<StmntSeq Intrnl_Id="301">
<LocList/>
</StmntSeq>
</Branch>
<Keyword EndOffset="3729" SrcFileId="1" StartOffset="3727"/>
<LocList>
<Loc EndOffset="3833" SrcFileId="1" StartOffset="3727"/>
</LocList>
<RootTerm CovItemId="C26" CovItemPrefix="Value.java" Intrnl_Id="302">
<OpTerm BooleanOpId="3" Intrnl_Id="303">
<OpTerm BooleanOpId="3" Intrnl_Id="304">
<BasicBoolTerm Intrnl_Id="305">
<LocList>
<Loc EndOffset="3743" SrcFileId="1" StartOffset="3730"/>
</LocList>
</BasicBoolTerm>
<BasicBoolTerm Intrnl_Id="306">
<LocList>
<Loc EndOffset="3756" SrcFileId="1" StartOffset="3747"/>
</LocList>
</BasicBoolTerm>
<LocList>
<Loc EndOffset="3746" SrcFileId="1" StartOffset="3744"/>
</LocList>
</OpTerm>
<BasicBoolTerm Intrnl_Id="307">
<LocList>
<Loc EndOffset="3792" SrcFileId="1" StartOffset="3760"/>
</LocList>
</BasicBoolTerm>
<LocList>
<Loc EndOffset="3759" SrcFileId="1" StartOffset="3757"/>
</LocList>
</OpTerm>
</RootTerm>
</CondStmnt>
<BasicStmnt CovItemId="S67" CovItemPrefix="Value.java" Intrnl_Id="308">
<LocList>
<Loc EndOffset="3867" SrcFileId="1" StartOffset="3845"/>
</LocList>
</BasicStmnt>
<BasicStmnt CovItemId="S68" CovItemPrefix="Value.java" Intrnl_Id="309">
<LocList>
<Loc EndOffset="3916" SrcFileId="1" StartOffset="3879"/>
</LocList>
</BasicStmnt>
</StmntSeq>
</HierarchyLvl>
<HierarchyLvl HierarchyLvlId="1104" HierarchyLvlTypeId="5" Intrnl_Id="310" Name="toString">
<Header>
<Loc EndOffset="3970" SrcFileId="1" StartOffset="3931"/>
</Header>
<LocList>
<Loc EndOffset="4018" SrcFileId="1" StartOffset="3931"/>
</LocList>
<StmntSeq Intrnl_Id="311">
<LocList>
<Loc EndOffset="4011" SrcFileId="1" StartOffset="3982"/>
</LocList>
<BasicStmnt CovItemId="S69" CovItemPrefix="Value.java" Intrnl_Id="312">
<LocList>
<Loc EndOffset="4011" SrcFileId="1" StartOffset="3982"/>
</LocList>
</BasicStmnt>
</StmntSeq>
</HierarchyLvl>
</HierarchyLvl>
</HierarchyLvl>
</MASTRoot>
</TestSessionContainer>
