<?xml version="1.0" encoding="UTF-8"?><TestSessionContainer xmlns="http://www.codecover.org/xml/testsession-container" Date="1367933822697" TestSessionContainerId="f67a5478-ef87-4b17-8462-b8d4e6cb9beb" version="1.0">
<SrcFileList>
<SrcFile Content="&#13;&#10;public class Value {&#13;&#10;&#9;public static Value VOID = new Value(new Object());&#13;&#10;&#13;&#10;    final Object value;&#13;&#10;&#13;&#10;    public Value(Object value) {&#13;&#10;        this.value = value;&#13;&#10;    }&#13;&#10;    &#13;&#10;    public Value()&#13;&#10;    {&#13;&#10;    &#9;this.value = &quot;&quot;;&#13;&#10;    }&#13;&#10;&#13;&#10;    public boolean isDouble() &#13;&#10;    {&#13;&#10;&#9;&#9;if(this.toString().matches(&quot;((-)?[0-9]+)\\.([0-9]){1,2}&quot;))&#13;&#10;&#9;&#9;{&#13;&#10;&#9;&#9;&#9;return true;&#13;&#10;&#9;&#9;}&#13;&#10;&#9;&#9;return false;&#13;&#10;    }&#13;&#10;    &#13;&#10;    public boolean isInt()&#13;&#10;    {&#13;&#10;&#9;&#9;if(this.toString().matches(&quot;(-)?[0-9]+&quot;))&#13;&#10;&#9;&#9;{&#13;&#10;&#9;&#9;&#9;return true;&#13;&#10;&#9;&#9;}&#13;&#10;&#9;&#9;return false;&#13;&#10;    }&#13;&#10;    &#13;&#10;    public boolean isDrink()&#13;&#10;    {&#13;&#10;&#9;&#9;if(this.toString().equals(&quot;drink&quot;))&#13;&#10;&#9;&#9;{&#13;&#10;&#9;&#9;&#9;return true;&#13;&#10;&#9;&#9;}&#13;&#10;&#9;&#9;return false;&#13;&#10;    }&#13;&#10;    &#13;&#10;    public boolean isNumeric()&#13;&#10;    {&#13;&#10;    &#9;if(this.isInt() || this.isDouble() || this.toString().equals(&quot;int&quot;) || this.toString().equals(&quot;double&quot;))&#13;&#10;    &#9;{&#13;&#10;    &#9;&#9;return true;&#13;&#10;    &#9;}&#13;&#10;    &#9;return false;&#13;&#10;    }&#13;&#10;    &#13;&#10;    public boolean isNumericExpression()&#13;&#10;    {    &#9;&#13;&#10;    &#9;String StringToVerify = this.toString();&#13;&#10;    &#9;&#13;&#10;    &#9;if(StringToVerify.contains(&quot;(&quot;))&#13;&#10;    &#9;{&#13;&#10;    &#9;&#9;StringToVerify = StringToVerify.replace(&quot;(&quot;, &quot;&quot;);&#13;&#10;    &#9;}&#13;&#10;    &#9;&#13;&#10;    &#9;if(this.toString().matches(&quot;(-)?[0-9]+(\\.[0-9]{1,2})?((\\+|\\-|\\*|\\/)[0-9]+(\\.[0-9]{1,2})?)*&quot;))&#13;&#10;    &#9;{&#13;&#10;    &#9;&#9;return true;&#13;&#10;    &#9;}&#13;&#10;    &#9;return false;&#13;&#10;    }&#13;&#10;    &#13;&#10;    public boolean isChar()&#13;&#10;    {&#13;&#10;&#9;&#9;if(this.toString().length() != 3 || &#13;&#10;&#9;&#9;   this.toString().charAt(0) != '\'' || &#13;&#10;&#9;&#9;   this.toString().charAt(this.toString().length()-1) != '\'')&#13;&#10;&#9;&#9;{&#13;&#10;&#9;&#9;&#9;return false;&#13;&#10;&#9;&#9;}&#13;&#10;&#9;&#9;return true;&#13;&#10;    }&#13;&#10;    &#13;&#10;    public boolean isString()&#13;&#10;    {&#13;&#10;    &#9;if(this.toString().length() &lt; 2)&#13;&#10;    &#9;{&#13;&#10;    &#9;&#9;return false;&#13;&#10;    &#9;}&#13;&#10;    &#9;else if(this.toString().charAt(0) != '&quot;'|| this.toString().charAt(this.toString().length()-1) != '&quot;')&#13;&#10;&#9;&#9;{&#13;&#10;&#9;&#9;&#9;return false;&#13;&#10;&#9;&#9;}&#13;&#10;&#9;&#9;return true;&#13;&#10;    }&#13;&#10;    &#13;&#10;    public boolean isBool()&#13;&#10;    {&#13;&#10;    &#9;if(this.toString().equals(&quot;true&quot;) || this.toString().equals(&quot;false&quot;))&#13;&#10;    &#9;{&#13;&#10;    &#9;&#9;return true;&#13;&#10;    &#9;}&#13;&#10;    &#9;return false;&#13;&#10;    }&#13;&#10;    &#13;&#10;    public boolean isContainer()&#13;&#10;    {&#13;&#10;    &#9;if(this.toString().matches(&quot;((1?[0-3])|([0-9]))|A[0-5]&quot;) || this.toString().equals(&quot;container&quot;))&#13;&#10;    &#9;{&#13;&#10;    &#9;&#9;return true;&#13;&#10;    &#9;}&#13;&#10;    &#9;return false;&#13;&#10;    }&#13;&#10;    &#13;&#10;    public boolean isSameType(Value val)&#13;&#10;    {&#13;&#10;    &#9;if(this.isBool() &amp;&amp; val.isBool())&#13;&#10;    &#9;{&#13;&#10;    &#9;&#9;return true;&#13;&#10;    &#9;}&#13;&#10;    &#9;if(this.isContainer() &amp;&amp; val.isContainer())&#13;&#10;    &#9;{&#13;&#10;    &#9;&#9;return true;&#13;&#10;    &#9;}&#13;&#10;    &#9;else if(this.isChar() &amp;&amp; val.isChar())&#13;&#10;    &#9;{&#13;&#10;    &#9;&#9;return true;&#13;&#10;    &#9;}&#13;&#10;    &#9;else if(this.isNumeric() &amp;&amp; val.isNumeric() || this.isNumeric() &amp;&amp; val.isNumericExpression())&#13;&#10;    &#9;{&#13;&#10;    &#9;&#9;return true;&#13;&#10;    &#9;}&#13;&#10;    &#9;else if(this.isString() &amp;&amp; val.isString())&#13;&#10;    &#9;{&#13;&#10;    &#9;&#9;return true;&#13;&#10;    &#9;}&#13;&#10;    &#9;else if(this.isDrink() &amp;&amp; val.isDrink())&#13;&#10;    &#9;{&#13;&#10;    &#9;&#9;return true;&#13;&#10;    &#9;}&#13;&#10;    &#9;&#13;&#10;    &#9;return false;&#13;&#10;    }&#13;&#10;    &#13;&#10;    public String GetType()&#13;&#10;    {&#13;&#10;    &#9;if(this.isBool() || this.toString().equals(&quot;bool&quot;))&#13;&#10;    &#9;{&#13;&#10;    &#9;&#9;return &quot;bool&quot;;&#13;&#10;    &#9;}&#13;&#10;    &#9;else if(this.toString().equals(&quot;container&quot;) || this.isContainer())&#13;&#10;    &#9;{&#13;&#10;    &#9;&#9;return &quot;container&quot;;&#13;&#10;    &#9;}&#13;&#10;    &#9;else if(this.isInt() || this.toString().equals(&quot;int&quot;))&#13;&#10;    &#9;{&#13;&#10;    &#9;&#9;return &quot;int&quot;;&#13;&#10;    &#9;}&#13;&#10;    &#9;else if(this.isDouble() || this.toString().equals(&quot;double&quot;))&#13;&#10;    &#9;{&#13;&#10;    &#9;&#9;return &quot;double&quot;;&#13;&#10;    &#9;}&#13;&#10;    &#9;else if(this.isChar() || this.toString().equals(&quot;char&quot;))&#13;&#10;    &#9;{&#13;&#10;    &#9;&#9;return &quot;char&quot;;&#13;&#10;    &#9;}&#13;&#10;    &#9;else if(this.isString() || this.toString().equals(&quot;string&quot;))&#13;&#10;    &#9;{&#13;&#10;    &#9;&#9;return &quot;string&quot;;&#13;&#10;    &#9;}&#13;&#10;    &#9;else if(this.toString().equals(&quot;drink&quot;))&#13;&#10;    &#9;{&#13;&#10;    &#9;&#9;return &quot;drink&quot;;&#13;&#10;    &#9;}&#13;&#10;    &#9;else&#13;&#10;    &#9;{&#13;&#10;    &#9;&#9;return null;&#13;&#10;    &#9;}&#13;&#10;    }&#13;&#10;&#13;&#10;    @Override&#13;&#10;    public boolean equals(Object o) {&#13;&#10;&#13;&#10;        if(value == o) {&#13;&#10;            return true;&#13;&#10;        }&#13;&#10;&#13;&#10;        if(value == null || o == null || o.getClass() != value.getClass()) {&#13;&#10;            return false;&#13;&#10;        }&#13;&#10;&#13;&#10;        Value that = (Value)o;&#13;&#10;&#13;&#10;        return this.value.equals(that.value);&#13;&#10;    }&#13;&#10;&#13;&#10;    @Override&#13;&#10;    public String toString() {&#13;&#10;        return String.valueOf(value);&#13;&#10;    }&#13;&#10;}&#13;&#10;" Filename="Value.java" Intrnl_Id="1"/>
</SrcFileList>
<CritList>
<CritListEntry Name="org.codecover.model.utils.criteria.LoopCoverage" PluginName="org.codecover"/>
<CritListEntry Name="org.codecover.model.utils.criteria.BranchCoverage" PluginName="org.codecover"/>
<CritListEntry Name="org.codecover.model.utils.criteria.ConditionCoverage" PluginName="org.codecover"/>
<CritListEntry Name="org.codecover.model.utils.criteria.StatementCoverage" PluginName="org.codecover"/>
</CritList>
<BoolOpList>
<BoolOp Arity="2" Intrnl_Id="2" Name="conditional and (&amp;&amp;)">
<BoolAssgnmntBoolMapList>
<MapEntry BoolAssgnmnt="10" Value="false"/>
<MapEntry BoolAssgnmnt="02" Value="false"/>
<MapEntry BoolAssgnmnt="11" Value="true"/>
</BoolAssgnmntBoolMapList>
</BoolOp>
<BoolOp Arity="2" Intrnl_Id="3" Name="conditional or (||)">
<BoolAssgnmntBoolMapList>
<MapEntry BoolAssgnmnt="01" Value="true"/>
<MapEntry BoolAssgnmnt="00" Value="false"/>
<MapEntry BoolAssgnmnt="12" Value="true"/>
</BoolAssgnmntBoolMapList>
</BoolOp>
</BoolOpList>
<HierarchyLvlTypeList>
<HierarchyLvlType EnglishName="class" IntrnlName="class" Intrnl_Id="4"/>
<HierarchyLvlType EnglishName="method" IntrnlName="method" Intrnl_Id="5"/>
<HierarchyLvlType EnglishName="default package" IntrnlName="default package" Intrnl_Id="6"/>
</HierarchyLvlTypeList>
<MASTRoot>
<HierarchyLvl HierarchyLvlId="1123" HierarchyLvlTypeId="6" Intrnl_Id="7" Name="default package">
<Header/>
<LocList/>
<HierarchyLvl HierarchyLvlId="1122" HierarchyLvlTypeId="4" Intrnl_Id="8" Name="Value">
<Header>
<Loc EndOffset="20" SrcFileId="1" StartOffset="2"/>
</Header>
<LocList>
<Loc EndOffset="4069" SrcFileId="1" StartOffset="2"/>
</LocList>
<StmntSeq Intrnl_Id="9">
<LocList>
<Loc EndOffset="76" SrcFileId="1" StartOffset="25"/>
</LocList>
<BasicStmnt CovItemId="S1" CovItemPrefix="Value.java" Intrnl_Id="10">
<LocList>
<Loc EndOffset="76" SrcFileId="1" StartOffset="25"/>
</LocList>
</BasicStmnt>
</StmntSeq>
<HierarchyLvl HierarchyLvlId="1107" HierarchyLvlTypeId="5" Intrnl_Id="11" Name="Value">
<Header>
<Loc EndOffset="137" SrcFileId="1" StartOffset="111"/>
</Header>
<LocList>
<Loc EndOffset="175" SrcFileId="1" StartOffset="111"/>
</LocList>
<StmntSeq Intrnl_Id="12">
<LocList>
<Loc EndOffset="168" SrcFileId="1" StartOffset="149"/>
</LocList>
<BasicStmnt CovItemId="S2" CovItemPrefix="Value.java" Intrnl_Id="13">
<LocList>
<Loc EndOffset="168" SrcFileId="1" StartOffset="149"/>
</LocList>
</BasicStmnt>
</StmntSeq>
</HierarchyLvl>
<HierarchyLvl HierarchyLvlId="1108" HierarchyLvlTypeId="5" Intrnl_Id="14" Name="Value">
<Header>
<Loc EndOffset="201" SrcFileId="1" StartOffset="187"/>
</Header>
<LocList>
<Loc EndOffset="238" SrcFileId="1" StartOffset="187"/>
</LocList>
<StmntSeq Intrnl_Id="15">
<LocList>
<Loc EndOffset="231" SrcFileId="1" StartOffset="215"/>
</LocList>
<BasicStmnt CovItemId="S3" CovItemPrefix="Value.java" Intrnl_Id="16">
<LocList>
<Loc EndOffset="231" SrcFileId="1" StartOffset="215"/>
</LocList>
</BasicStmnt>
</StmntSeq>
</HierarchyLvl>
<HierarchyLvl HierarchyLvlId="1109" HierarchyLvlTypeId="5" Intrnl_Id="17" Name="isDouble">
<Header>
<Loc EndOffset="271" SrcFileId="1" StartOffset="246"/>
</Header>
<LocList>
<Loc EndOffset="392" SrcFileId="1" StartOffset="246"/>
</LocList>
<StmntSeq Intrnl_Id="18">
<LocList>
<Loc EndOffset="368" SrcFileId="1" StartOffset="283"/>
<Loc EndOffset="385" SrcFileId="1" StartOffset="372"/>
</LocList>
<CondStmnt CovItemId="S4" CovItemPrefix="Value.java" Intrnl_Id="19">
<Branch CovItemId="B1" CovItemPrefix="Value.java" Implct="false" Intrnl_Id="20">
<Cond/>
<LocList>
<Loc EndOffset="368" SrcFileId="1" StartOffset="345"/>
</LocList>
<StmntSeq Intrnl_Id="21">
<LocList>
<Loc EndOffset="363" SrcFileId="1" StartOffset="351"/>
</LocList>
<BasicStmnt CovItemId="S5" CovItemPrefix="Value.java" Intrnl_Id="22">
<LocList>
<Loc EndOffset="363" SrcFileId="1" StartOffset="351"/>
</LocList>
</BasicStmnt>
</StmntSeq>
</Branch>
<Branch CovItemId="B2" CovItemPrefix="Value.java" Implct="true" Intrnl_Id="23">
<Cond/>
<LocList/>
<StmntSeq Intrnl_Id="24">
<LocList/>
</StmntSeq>
</Branch>
<Keyword EndOffset="285" SrcFileId="1" StartOffset="283"/>
<LocList>
<Loc EndOffset="368" SrcFileId="1" StartOffset="283"/>
</LocList>
<RootTerm CovItemId="C1" CovItemPrefix="Value.java" Intrnl_Id="25">
<BasicBoolTerm Intrnl_Id="26">
<LocList>
<Loc EndOffset="340" SrcFileId="1" StartOffset="286"/>
</LocList>
</BasicBoolTerm>
</RootTerm>
</CondStmnt>
<BasicStmnt CovItemId="S6" CovItemPrefix="Value.java" Intrnl_Id="27">
<LocList>
<Loc EndOffset="385" SrcFileId="1" StartOffset="372"/>
</LocList>
</BasicStmnt>
</StmntSeq>
</HierarchyLvl>
<HierarchyLvl HierarchyLvlId="1110" HierarchyLvlTypeId="5" Intrnl_Id="28" Name="isInt">
<Header>
<Loc EndOffset="426" SrcFileId="1" StartOffset="404"/>
</Header>
<LocList>
<Loc EndOffset="529" SrcFileId="1" StartOffset="404"/>
</LocList>
<StmntSeq Intrnl_Id="29">
<LocList>
<Loc EndOffset="505" SrcFileId="1" StartOffset="437"/>
<Loc EndOffset="522" SrcFileId="1" StartOffset="509"/>
</LocList>
<CondStmnt CovItemId="S7" CovItemPrefix="Value.java" Intrnl_Id="30">
<Branch CovItemId="B3" CovItemPrefix="Value.java" Implct="false" Intrnl_Id="31">
<Cond/>
<LocList>
<Loc EndOffset="505" SrcFileId="1" StartOffset="482"/>
</LocList>
<StmntSeq Intrnl_Id="32">
<LocList>
<Loc EndOffset="500" SrcFileId="1" StartOffset="488"/>
</LocList>
<BasicStmnt CovItemId="S8" CovItemPrefix="Value.java" Intrnl_Id="33">
<LocList>
<Loc EndOffset="500" SrcFileId="1" StartOffset="488"/>
</LocList>
</BasicStmnt>
</StmntSeq>
</Branch>
<Branch CovItemId="B4" CovItemPrefix="Value.java" Implct="true" Intrnl_Id="34">
<Cond/>
<LocList/>
<StmntSeq Intrnl_Id="35">
<LocList/>
</StmntSeq>
</Branch>
<Keyword EndOffset="439" SrcFileId="1" StartOffset="437"/>
<LocList>
<Loc EndOffset="505" SrcFileId="1" StartOffset="437"/>
</LocList>
<RootTerm CovItemId="C2" CovItemPrefix="Value.java" Intrnl_Id="36">
<BasicBoolTerm Intrnl_Id="37">
<LocList>
<Loc EndOffset="477" SrcFileId="1" StartOffset="440"/>
</LocList>
</BasicBoolTerm>
</RootTerm>
</CondStmnt>
<BasicStmnt CovItemId="S9" CovItemPrefix="Value.java" Intrnl_Id="38">
<LocList>
<Loc EndOffset="522" SrcFileId="1" StartOffset="509"/>
</LocList>
</BasicStmnt>
</StmntSeq>
</HierarchyLvl>
<HierarchyLvl HierarchyLvlId="1111" HierarchyLvlTypeId="5" Intrnl_Id="39" Name="isDrink">
<Header>
<Loc EndOffset="565" SrcFileId="1" StartOffset="541"/>
</Header>
<LocList>
<Loc EndOffset="662" SrcFileId="1" StartOffset="541"/>
</LocList>
<StmntSeq Intrnl_Id="40">
<LocList>
<Loc EndOffset="638" SrcFileId="1" StartOffset="576"/>
<Loc EndOffset="655" SrcFileId="1" StartOffset="642"/>
</LocList>
<CondStmnt CovItemId="S10" CovItemPrefix="Value.java" Intrnl_Id="41">
<Branch CovItemId="B5" CovItemPrefix="Value.java" Implct="false" Intrnl_Id="42">
<Cond/>
<LocList>
<Loc EndOffset="638" SrcFileId="1" StartOffset="615"/>
</LocList>
<StmntSeq Intrnl_Id="43">
<LocList>
<Loc EndOffset="633" SrcFileId="1" StartOffset="621"/>
</LocList>
<BasicStmnt CovItemId="S11" CovItemPrefix="Value.java" Intrnl_Id="44">
<LocList>
<Loc EndOffset="633" SrcFileId="1" StartOffset="621"/>
</LocList>
</BasicStmnt>
</StmntSeq>
</Branch>
<Branch CovItemId="B6" CovItemPrefix="Value.java" Implct="true" Intrnl_Id="45">
<Cond/>
<LocList/>
<StmntSeq Intrnl_Id="46">
<LocList/>
</StmntSeq>
</Branch>
<Keyword EndOffset="578" SrcFileId="1" StartOffset="576"/>
<LocList>
<Loc EndOffset="638" SrcFileId="1" StartOffset="576"/>
</LocList>
<RootTerm CovItemId="C3" CovItemPrefix="Value.java" Intrnl_Id="47">
<BasicBoolTerm Intrnl_Id="48">
<LocList>
<Loc EndOffset="610" SrcFileId="1" StartOffset="579"/>
</LocList>
</BasicBoolTerm>
</RootTerm>
</CondStmnt>
<BasicStmnt CovItemId="S12" CovItemPrefix="Value.java" Intrnl_Id="49">
<LocList>
<Loc EndOffset="655" SrcFileId="1" StartOffset="642"/>
</LocList>
</BasicStmnt>
</StmntSeq>
</HierarchyLvl>
<HierarchyLvl HierarchyLvlId="1112" HierarchyLvlTypeId="5" Intrnl_Id="50" Name="isNumeric">
<Header>
<Loc EndOffset="700" SrcFileId="1" StartOffset="674"/>
</Header>
<LocList>
<Loc EndOffset="881" SrcFileId="1" StartOffset="674"/>
</LocList>
<StmntSeq Intrnl_Id="51">
<LocList>
<Loc EndOffset="854" SrcFileId="1" StartOffset="714"/>
<Loc EndOffset="874" SrcFileId="1" StartOffset="861"/>
</LocList>
<CondStmnt CovItemId="S13" CovItemPrefix="Value.java" Intrnl_Id="52">
<Branch CovItemId="B7" CovItemPrefix="Value.java" Implct="false" Intrnl_Id="53">
<Cond/>
<LocList>
<Loc EndOffset="854" SrcFileId="1" StartOffset="825"/>
</LocList>
<StmntSeq Intrnl_Id="54">
<LocList>
<Loc EndOffset="846" SrcFileId="1" StartOffset="834"/>
</LocList>
<BasicStmnt CovItemId="S14" CovItemPrefix="Value.java" Intrnl_Id="55">
<LocList>
<Loc EndOffset="846" SrcFileId="1" StartOffset="834"/>
</LocList>
</BasicStmnt>
</StmntSeq>
</Branch>
<Branch CovItemId="B8" CovItemPrefix="Value.java" Implct="true" Intrnl_Id="56">
<Cond/>
<LocList/>
<StmntSeq Intrnl_Id="57">
<LocList/>
</StmntSeq>
</Branch>
<Keyword EndOffset="716" SrcFileId="1" StartOffset="714"/>
<LocList>
<Loc EndOffset="854" SrcFileId="1" StartOffset="714"/>
</LocList>
<RootTerm CovItemId="C4" CovItemPrefix="Value.java" Intrnl_Id="58">
<OpTerm BooleanOpId="3" Intrnl_Id="59">
<OpTerm BooleanOpId="3" Intrnl_Id="60">
<OpTerm BooleanOpId="3" Intrnl_Id="61">
<BasicBoolTerm Intrnl_Id="62">
<LocList>
<Loc EndOffset="729" SrcFileId="1" StartOffset="717"/>
</LocList>
</BasicBoolTerm>
<BasicBoolTerm Intrnl_Id="63">
<LocList>
<Loc EndOffset="748" SrcFileId="1" StartOffset="733"/>
</LocList>
</BasicBoolTerm>
<LocList>
<Loc EndOffset="732" SrcFileId="1" StartOffset="730"/>
</LocList>
</OpTerm>
<BasicBoolTerm Intrnl_Id="64">
<LocList>
<Loc EndOffset="781" SrcFileId="1" StartOffset="752"/>
</LocList>
</BasicBoolTerm>
<LocList>
<Loc EndOffset="751" SrcFileId="1" StartOffset="749"/>
</LocList>
</OpTerm>
<BasicBoolTerm Intrnl_Id="65">
<LocList>
<Loc EndOffset="817" SrcFileId="1" StartOffset="785"/>
</LocList>
</BasicBoolTerm>
<LocList>
<Loc EndOffset="784" SrcFileId="1" StartOffset="782"/>
</LocList>
</OpTerm>
</RootTerm>
</CondStmnt>
<BasicStmnt CovItemId="S15" CovItemPrefix="Value.java" Intrnl_Id="66">
<LocList>
<Loc EndOffset="874" SrcFileId="1" StartOffset="861"/>
</LocList>
</BasicStmnt>
</StmntSeq>
</HierarchyLvl>
<HierarchyLvl HierarchyLvlId="1113" HierarchyLvlTypeId="5" Intrnl_Id="67" Name="isNumericExpression">
<Header>
<Loc EndOffset="929" SrcFileId="1" StartOffset="893"/>
</Header>
<LocList>
<Loc EndOffset="1283" SrcFileId="1" StartOffset="893"/>
</LocList>
<StmntSeq Intrnl_Id="68">
<LocList>
<Loc EndOffset="988" SrcFileId="1" StartOffset="948"/>
<Loc EndOffset="1107" SrcFileId="1" StartOffset="1002"/>
<Loc EndOffset="1256" SrcFileId="1" StartOffset="1121"/>
<Loc EndOffset="1276" SrcFileId="1" StartOffset="1263"/>
</LocList>
<BasicStmnt CovItemId="S16" CovItemPrefix="Value.java" Intrnl_Id="69">
<LocList>
<Loc EndOffset="988" SrcFileId="1" StartOffset="948"/>
</LocList>
</BasicStmnt>
<CondStmnt CovItemId="S17" CovItemPrefix="Value.java" Intrnl_Id="70">
<Branch CovItemId="B9" CovItemPrefix="Value.java" Implct="false" Intrnl_Id="71">
<Cond/>
<LocList>
<Loc EndOffset="1107" SrcFileId="1" StartOffset="1041"/>
</LocList>
<StmntSeq Intrnl_Id="72">
<LocList>
<Loc EndOffset="1099" SrcFileId="1" StartOffset="1050"/>
</LocList>
<BasicStmnt CovItemId="S18" CovItemPrefix="Value.java" Intrnl_Id="73">
<LocList>
<Loc EndOffset="1099" SrcFileId="1" StartOffset="1050"/>
</LocList>
</BasicStmnt>
</StmntSeq>
</Branch>
<Branch CovItemId="B10" CovItemPrefix="Value.java" Implct="true" Intrnl_Id="74">
<Cond/>
<LocList/>
<StmntSeq Intrnl_Id="75">
<LocList/>
</StmntSeq>
</Branch>
<Keyword EndOffset="1004" SrcFileId="1" StartOffset="1002"/>
<LocList>
<Loc EndOffset="1107" SrcFileId="1" StartOffset="1002"/>
</LocList>
<RootTerm CovItemId="C5" CovItemPrefix="Value.java" Intrnl_Id="76">
<BasicBoolTerm Intrnl_Id="77">
<LocList>
<Loc EndOffset="1033" SrcFileId="1" StartOffset="1005"/>
</LocList>
</BasicBoolTerm>
</RootTerm>
</CondStmnt>
<CondStmnt CovItemId="S19" CovItemPrefix="Value.java" Intrnl_Id="78">
<Branch CovItemId="B11" CovItemPrefix="Value.java" Implct="false" Intrnl_Id="79">
<Cond/>
<LocList>
<Loc EndOffset="1256" SrcFileId="1" StartOffset="1227"/>
</LocList>
<StmntSeq Intrnl_Id="80">
<LocList>
<Loc EndOffset="1248" SrcFileId="1" StartOffset="1236"/>
</LocList>
<BasicStmnt CovItemId="S20" CovItemPrefix="Value.java" Intrnl_Id="81">
<LocList>
<Loc EndOffset="1248" SrcFileId="1" StartOffset="1236"/>
</LocList>
</BasicStmnt>
</StmntSeq>
</Branch>
<Branch CovItemId="B12" CovItemPrefix="Value.java" Implct="true" Intrnl_Id="82">
<Cond/>
<LocList/>
<StmntSeq Intrnl_Id="83">
<LocList/>
</StmntSeq>
</Branch>
<Keyword EndOffset="1123" SrcFileId="1" StartOffset="1121"/>
<LocList>
<Loc EndOffset="1256" SrcFileId="1" StartOffset="1121"/>
</LocList>
<RootTerm CovItemId="C6" CovItemPrefix="Value.java" Intrnl_Id="84">
<BasicBoolTerm Intrnl_Id="85">
<LocList>
<Loc EndOffset="1219" SrcFileId="1" StartOffset="1124"/>
</LocList>
</BasicBoolTerm>
</RootTerm>
</CondStmnt>
<BasicStmnt CovItemId="S21" CovItemPrefix="Value.java" Intrnl_Id="86">
<LocList>
<Loc EndOffset="1276" SrcFileId="1" StartOffset="1263"/>
</LocList>
</BasicStmnt>
</StmntSeq>
</HierarchyLvl>
<HierarchyLvl HierarchyLvlId="1114" HierarchyLvlTypeId="5" Intrnl_Id="87" Name="isChar">
<Header>
<Loc EndOffset="1318" SrcFileId="1" StartOffset="1295"/>
</Header>
<LocList>
<Loc EndOffset="1526" SrcFileId="1" StartOffset="1295"/>
</LocList>
<StmntSeq Intrnl_Id="88">
<LocList>
<Loc EndOffset="1503" SrcFileId="1" StartOffset="1329"/>
<Loc EndOffset="1519" SrcFileId="1" StartOffset="1507"/>
</LocList>
<CondStmnt CovItemId="S22" CovItemPrefix="Value.java" Intrnl_Id="89">
<Branch CovItemId="B13" CovItemPrefix="Value.java" Implct="false" Intrnl_Id="90">
<Cond/>
<LocList>
<Loc EndOffset="1503" SrcFileId="1" StartOffset="1479"/>
</LocList>
<StmntSeq Intrnl_Id="91">
<LocList>
<Loc EndOffset="1498" SrcFileId="1" StartOffset="1485"/>
</LocList>
<BasicStmnt CovItemId="S23" CovItemPrefix="Value.java" Intrnl_Id="92">
<LocList>
<Loc EndOffset="1498" SrcFileId="1" StartOffset="1485"/>
</LocList>
</BasicStmnt>
</StmntSeq>
</Branch>
<Branch CovItemId="B14" CovItemPrefix="Value.java" Implct="true" Intrnl_Id="93">
<Cond/>
<LocList/>
<StmntSeq Intrnl_Id="94">
<LocList/>
</StmntSeq>
</Branch>
<Keyword EndOffset="1331" SrcFileId="1" StartOffset="1329"/>
<LocList>
<Loc EndOffset="1503" SrcFileId="1" StartOffset="1329"/>
</LocList>
<RootTerm CovItemId="C7" CovItemPrefix="Value.java" Intrnl_Id="95">
<OpTerm BooleanOpId="3" Intrnl_Id="96">
<OpTerm BooleanOpId="3" Intrnl_Id="97">
<BasicBoolTerm Intrnl_Id="98">
<LocList>
<Loc EndOffset="1361" SrcFileId="1" StartOffset="1332"/>
</LocList>
</BasicBoolTerm>
<BasicBoolTerm Intrnl_Id="99">
<LocList>
<Loc EndOffset="1405" SrcFileId="1" StartOffset="1372"/>
</LocList>
</BasicBoolTerm>
<LocList>
<Loc EndOffset="1364" SrcFileId="1" StartOffset="1362"/>
</LocList>
</OpTerm>
<BasicBoolTerm Intrnl_Id="100">
<LocList>
<Loc EndOffset="1474" SrcFileId="1" StartOffset="1416"/>
</LocList>
</BasicBoolTerm>
<LocList>
<Loc EndOffset="1408" SrcFileId="1" StartOffset="1406"/>
</LocList>
</OpTerm>
</RootTerm>
</CondStmnt>
<BasicStmnt CovItemId="S24" CovItemPrefix="Value.java" Intrnl_Id="101">
<LocList>
<Loc EndOffset="1519" SrcFileId="1" StartOffset="1507"/>
</LocList>
</BasicStmnt>
</StmntSeq>
</HierarchyLvl>
<HierarchyLvl HierarchyLvlId="1115" HierarchyLvlTypeId="5" Intrnl_Id="102" Name="isString">
<Header>
<Loc EndOffset="1563" SrcFileId="1" StartOffset="1538"/>
</Header>
<LocList>
<Loc EndOffset="1805" SrcFileId="1" StartOffset="1538"/>
</LocList>
<StmntSeq Intrnl_Id="103">
<LocList>
<Loc EndOffset="1782" SrcFileId="1" StartOffset="1577"/>
<Loc EndOffset="1798" SrcFileId="1" StartOffset="1786"/>
</LocList>
<CondStmnt CovItemId="S25" CovItemPrefix="Value.java" Intrnl_Id="104">
<Branch CovItemId="B15" CovItemPrefix="Value.java" Implct="false" Intrnl_Id="105">
<Cond/>
<LocList>
<Loc EndOffset="1646" SrcFileId="1" StartOffset="1616"/>
</LocList>
<StmntSeq Intrnl_Id="106">
<LocList>
<Loc EndOffset="1638" SrcFileId="1" StartOffset="1625"/>
</LocList>
<BasicStmnt CovItemId="S26" CovItemPrefix="Value.java" Intrnl_Id="107">
<LocList>
<Loc EndOffset="1638" SrcFileId="1" StartOffset="1625"/>
</LocList>
</BasicStmnt>
</StmntSeq>
</Branch>
<Branch CovItemId="B16" CovItemPrefix="Value.java" Implct="false" Intrnl_Id="108">
<Cond>
<Loc EndOffset="1657" SrcFileId="1" StartOffset="1653"/>
</Cond>
<LocList>
<Loc EndOffset="1782" SrcFileId="1" StartOffset="1658"/>
</LocList>
<StmntSeq Intrnl_Id="109">
<LocList>
<Loc EndOffset="1782" SrcFileId="1" StartOffset="1658"/>
</LocList>
<CondStmnt CovItemId="S27" CovItemPrefix="Value.java" Intrnl_Id="110">
<Branch CovItemId="B17" CovItemPrefix="Value.java" Implct="false" Intrnl_Id="111">
<Cond/>
<LocList>
<Loc EndOffset="1782" SrcFileId="1" StartOffset="1758"/>
</LocList>
<StmntSeq Intrnl_Id="112">
<LocList>
<Loc EndOffset="1777" SrcFileId="1" StartOffset="1764"/>
</LocList>
<BasicStmnt CovItemId="S28" CovItemPrefix="Value.java" Intrnl_Id="113">
<LocList>
<Loc EndOffset="1777" SrcFileId="1" StartOffset="1764"/>
</LocList>
</BasicStmnt>
</StmntSeq>
</Branch>
<Branch CovItemId="B18" CovItemPrefix="Value.java" Implct="true" Intrnl_Id="114">
<Cond/>
<LocList/>
<StmntSeq Intrnl_Id="115">
<LocList/>
</StmntSeq>
</Branch>
<Keyword EndOffset="1660" SrcFileId="1" StartOffset="1658"/>
<LocList>
<Loc EndOffset="1782" SrcFileId="1" StartOffset="1658"/>
</LocList>
<RootTerm CovItemId="C9" CovItemPrefix="Value.java" Intrnl_Id="116">
<OpTerm BooleanOpId="3" Intrnl_Id="117">
<BasicBoolTerm Intrnl_Id="118">
<LocList>
<Loc EndOffset="1693" SrcFileId="1" StartOffset="1661"/>
</LocList>
</BasicBoolTerm>
<BasicBoolTerm Intrnl_Id="119">
<LocList>
<Loc EndOffset="1753" SrcFileId="1" StartOffset="1696"/>
</LocList>
</BasicBoolTerm>
<LocList>
<Loc EndOffset="1695" SrcFileId="1" StartOffset="1693"/>
</LocList>
</OpTerm>
</RootTerm>
</CondStmnt>
</StmntSeq>
</Branch>
<Keyword EndOffset="1579" SrcFileId="1" StartOffset="1577"/>
<LocList>
<Loc EndOffset="1782" SrcFileId="1" StartOffset="1577"/>
</LocList>
<RootTerm CovItemId="C8" CovItemPrefix="Value.java" Intrnl_Id="120">
<BasicBoolTerm Intrnl_Id="121">
<LocList>
<Loc EndOffset="1608" SrcFileId="1" StartOffset="1580"/>
</LocList>
</BasicBoolTerm>
</RootTerm>
</CondStmnt>
<BasicStmnt CovItemId="S29" CovItemPrefix="Value.java" Intrnl_Id="122">
<LocList>
<Loc EndOffset="1798" SrcFileId="1" StartOffset="1786"/>
</LocList>
</BasicStmnt>
</StmntSeq>
</HierarchyLvl>
<HierarchyLvl HierarchyLvlId="1116" HierarchyLvlTypeId="5" Intrnl_Id="123" Name="isBool">
<Header>
<Loc EndOffset="1840" SrcFileId="1" StartOffset="1817"/>
</Header>
<LocList>
<Loc EndOffset="1986" SrcFileId="1" StartOffset="1817"/>
</LocList>
<StmntSeq Intrnl_Id="124">
<LocList>
<Loc EndOffset="1959" SrcFileId="1" StartOffset="1854"/>
<Loc EndOffset="1979" SrcFileId="1" StartOffset="1966"/>
</LocList>
<CondStmnt CovItemId="S30" CovItemPrefix="Value.java" Intrnl_Id="125">
<Branch CovItemId="B19" CovItemPrefix="Value.java" Implct="false" Intrnl_Id="126">
<Cond/>
<LocList>
<Loc EndOffset="1959" SrcFileId="1" StartOffset="1930"/>
</LocList>
<StmntSeq Intrnl_Id="127">
<LocList>
<Loc EndOffset="1951" SrcFileId="1" StartOffset="1939"/>
</LocList>
<BasicStmnt CovItemId="S31" CovItemPrefix="Value.java" Intrnl_Id="128">
<LocList>
<Loc EndOffset="1951" SrcFileId="1" StartOffset="1939"/>
</LocList>
</BasicStmnt>
</StmntSeq>
</Branch>
<Branch CovItemId="B20" CovItemPrefix="Value.java" Implct="true" Intrnl_Id="129">
<Cond/>
<LocList/>
<StmntSeq Intrnl_Id="130">
<LocList/>
</StmntSeq>
</Branch>
<Keyword EndOffset="1856" SrcFileId="1" StartOffset="1854"/>
<LocList>
<Loc EndOffset="1959" SrcFileId="1" StartOffset="1854"/>
</LocList>
<RootTerm CovItemId="C10" CovItemPrefix="Value.java" Intrnl_Id="131">
<OpTerm BooleanOpId="3" Intrnl_Id="132">
<BasicBoolTerm Intrnl_Id="133">
<LocList>
<Loc EndOffset="1887" SrcFileId="1" StartOffset="1857"/>
</LocList>
</BasicBoolTerm>
<BasicBoolTerm Intrnl_Id="134">
<LocList>
<Loc EndOffset="1922" SrcFileId="1" StartOffset="1891"/>
</LocList>
</BasicBoolTerm>
<LocList>
<Loc EndOffset="1890" SrcFileId="1" StartOffset="1888"/>
</LocList>
</OpTerm>
</RootTerm>
</CondStmnt>
<BasicStmnt CovItemId="S32" CovItemPrefix="Value.java" Intrnl_Id="135">
<LocList>
<Loc EndOffset="1979" SrcFileId="1" StartOffset="1966"/>
</LocList>
</BasicStmnt>
</StmntSeq>
</HierarchyLvl>
<HierarchyLvl HierarchyLvlId="1117" HierarchyLvlTypeId="5" Intrnl_Id="136" Name="isContainer">
<Header>
<Loc EndOffset="2026" SrcFileId="1" StartOffset="1998"/>
</Header>
<LocList>
<Loc EndOffset="2199" SrcFileId="1" StartOffset="1998"/>
</LocList>
<StmntSeq Intrnl_Id="137">
<LocList>
<Loc EndOffset="2172" SrcFileId="1" StartOffset="2040"/>
<Loc EndOffset="2192" SrcFileId="1" StartOffset="2179"/>
</LocList>
<CondStmnt CovItemId="S33" CovItemPrefix="Value.java" Intrnl_Id="138">
<Branch CovItemId="B21" CovItemPrefix="Value.java" Implct="false" Intrnl_Id="139">
<Cond/>
<LocList>
<Loc EndOffset="2172" SrcFileId="1" StartOffset="2143"/>
</LocList>
<StmntSeq Intrnl_Id="140">
<LocList>
<Loc EndOffset="2164" SrcFileId="1" StartOffset="2152"/>
</LocList>
<BasicStmnt CovItemId="S34" CovItemPrefix="Value.java" Intrnl_Id="141">
<LocList>
<Loc EndOffset="2164" SrcFileId="1" StartOffset="2152"/>
</LocList>
</BasicStmnt>
</StmntSeq>
</Branch>
<Branch CovItemId="B22" CovItemPrefix="Value.java" Implct="true" Intrnl_Id="142">
<Cond/>
<LocList/>
<StmntSeq Intrnl_Id="143">
<LocList/>
</StmntSeq>
</Branch>
<Keyword EndOffset="2042" SrcFileId="1" StartOffset="2040"/>
<LocList>
<Loc EndOffset="2172" SrcFileId="1" StartOffset="2040"/>
</LocList>
<RootTerm CovItemId="C11" CovItemPrefix="Value.java" Intrnl_Id="144">
<OpTerm BooleanOpId="3" Intrnl_Id="145">
<BasicBoolTerm Intrnl_Id="146">
<LocList>
<Loc EndOffset="2096" SrcFileId="1" StartOffset="2043"/>
</LocList>
</BasicBoolTerm>
<BasicBoolTerm Intrnl_Id="147">
<LocList>
<Loc EndOffset="2135" SrcFileId="1" StartOffset="2100"/>
</LocList>
</BasicBoolTerm>
<LocList>
<Loc EndOffset="2099" SrcFileId="1" StartOffset="2097"/>
</LocList>
</OpTerm>
</RootTerm>
</CondStmnt>
<BasicStmnt CovItemId="S35" CovItemPrefix="Value.java" Intrnl_Id="148">
<LocList>
<Loc EndOffset="2192" SrcFileId="1" StartOffset="2179"/>
</LocList>
</BasicStmnt>
</StmntSeq>
</HierarchyLvl>
<HierarchyLvl HierarchyLvlId="1118" HierarchyLvlTypeId="5" Intrnl_Id="149" Name="isSameType">
<Header>
<Loc EndOffset="2247" SrcFileId="1" StartOffset="2211"/>
</Header>
<LocList>
<Loc EndOffset="2835" SrcFileId="1" StartOffset="2211"/>
</LocList>
<StmntSeq Intrnl_Id="150">
<LocList>
<Loc EndOffset="2330" SrcFileId="1" StartOffset="2261"/>
<Loc EndOffset="2801" SrcFileId="1" StartOffset="2337"/>
<Loc EndOffset="2828" SrcFileId="1" StartOffset="2815"/>
</LocList>
<CondStmnt CovItemId="S36" CovItemPrefix="Value.java" Intrnl_Id="151">
<Branch CovItemId="B23" CovItemPrefix="Value.java" Implct="false" Intrnl_Id="152">
<Cond/>
<LocList>
<Loc EndOffset="2330" SrcFileId="1" StartOffset="2301"/>
</LocList>
<StmntSeq Intrnl_Id="153">
<LocList>
<Loc EndOffset="2322" SrcFileId="1" StartOffset="2310"/>
</LocList>
<BasicStmnt CovItemId="S37" CovItemPrefix="Value.java" Intrnl_Id="154">
<LocList>
<Loc EndOffset="2322" SrcFileId="1" StartOffset="2310"/>
</LocList>
</BasicStmnt>
</StmntSeq>
</Branch>
<Branch CovItemId="B24" CovItemPrefix="Value.java" Implct="true" Intrnl_Id="155">
<Cond/>
<LocList/>
<StmntSeq Intrnl_Id="156">
<LocList/>
</StmntSeq>
</Branch>
<Keyword EndOffset="2263" SrcFileId="1" StartOffset="2261"/>
<LocList>
<Loc EndOffset="2330" SrcFileId="1" StartOffset="2261"/>
</LocList>
<RootTerm CovItemId="C12" CovItemPrefix="Value.java" Intrnl_Id="157">
<OpTerm BooleanOpId="2" Intrnl_Id="158">
<BasicBoolTerm Intrnl_Id="159">
<LocList>
<Loc EndOffset="2277" SrcFileId="1" StartOffset="2264"/>
</LocList>
</BasicBoolTerm>
<BasicBoolTerm Intrnl_Id="160">
<LocList>
<Loc EndOffset="2293" SrcFileId="1" StartOffset="2281"/>
</LocList>
</BasicBoolTerm>
<LocList>
<Loc EndOffset="2280" SrcFileId="1" StartOffset="2278"/>
</LocList>
</OpTerm>
</RootTerm>
</CondStmnt>
<CondStmnt CovItemId="S38" CovItemPrefix="Value.java" Intrnl_Id="161">
<Branch CovItemId="B25" CovItemPrefix="Value.java" Implct="false" Intrnl_Id="162">
<Cond/>
<LocList>
<Loc EndOffset="2416" SrcFileId="1" StartOffset="2387"/>
</LocList>
<StmntSeq Intrnl_Id="163">
<LocList>
<Loc EndOffset="2408" SrcFileId="1" StartOffset="2396"/>
</LocList>
<BasicStmnt CovItemId="S39" CovItemPrefix="Value.java" Intrnl_Id="164">
<LocList>
<Loc EndOffset="2408" SrcFileId="1" StartOffset="2396"/>
</LocList>
</BasicStmnt>
</StmntSeq>
</Branch>
<Branch CovItemId="B26" CovItemPrefix="Value.java" Implct="false" Intrnl_Id="165">
<Cond>
<Loc EndOffset="2427" SrcFileId="1" StartOffset="2423"/>
</Cond>
<LocList>
<Loc EndOffset="2801" SrcFileId="1" StartOffset="2428"/>
</LocList>
<StmntSeq Intrnl_Id="166">
<LocList>
<Loc EndOffset="2801" SrcFileId="1" StartOffset="2428"/>
</LocList>
<CondStmnt CovItemId="S40" CovItemPrefix="Value.java" Intrnl_Id="167">
<Branch CovItemId="B27" CovItemPrefix="Value.java" Implct="false" Intrnl_Id="168">
<Cond/>
<LocList>
<Loc EndOffset="2497" SrcFileId="1" StartOffset="2468"/>
</LocList>
<StmntSeq Intrnl_Id="169">
<LocList>
<Loc EndOffset="2489" SrcFileId="1" StartOffset="2477"/>
</LocList>
<BasicStmnt CovItemId="S41" CovItemPrefix="Value.java" Intrnl_Id="170">
<LocList>
<Loc EndOffset="2489" SrcFileId="1" StartOffset="2477"/>
</LocList>
</BasicStmnt>
</StmntSeq>
</Branch>
<Branch CovItemId="B28" CovItemPrefix="Value.java" Implct="false" Intrnl_Id="171">
<Cond>
<Loc EndOffset="2508" SrcFileId="1" StartOffset="2504"/>
</Cond>
<LocList>
<Loc EndOffset="2801" SrcFileId="1" StartOffset="2509"/>
</LocList>
<StmntSeq Intrnl_Id="172">
<LocList>
<Loc EndOffset="2801" SrcFileId="1" StartOffset="2509"/>
</LocList>
<CondStmnt CovItemId="S42" CovItemPrefix="Value.java" Intrnl_Id="173">
<Branch CovItemId="B29" CovItemPrefix="Value.java" Implct="false" Intrnl_Id="174">
<Cond/>
<LocList>
<Loc EndOffset="2633" SrcFileId="1" StartOffset="2604"/>
</LocList>
<StmntSeq Intrnl_Id="175">
<LocList>
<Loc EndOffset="2625" SrcFileId="1" StartOffset="2613"/>
</LocList>
<BasicStmnt CovItemId="S43" CovItemPrefix="Value.java" Intrnl_Id="176">
<LocList>
<Loc EndOffset="2625" SrcFileId="1" StartOffset="2613"/>
</LocList>
</BasicStmnt>
</StmntSeq>
</Branch>
<Branch CovItemId="B30" CovItemPrefix="Value.java" Implct="false" Intrnl_Id="177">
<Cond>
<Loc EndOffset="2644" SrcFileId="1" StartOffset="2640"/>
</Cond>
<LocList>
<Loc EndOffset="2801" SrcFileId="1" StartOffset="2645"/>
</LocList>
<StmntSeq Intrnl_Id="178">
<LocList>
<Loc EndOffset="2801" SrcFileId="1" StartOffset="2645"/>
</LocList>
<CondStmnt CovItemId="S44" CovItemPrefix="Value.java" Intrnl_Id="179">
<Branch CovItemId="B31" CovItemPrefix="Value.java" Implct="false" Intrnl_Id="180">
<Cond/>
<LocList>
<Loc EndOffset="2718" SrcFileId="1" StartOffset="2689"/>
</LocList>
<StmntSeq Intrnl_Id="181">
<LocList>
<Loc EndOffset="2710" SrcFileId="1" StartOffset="2698"/>
</LocList>
<BasicStmnt CovItemId="S45" CovItemPrefix="Value.java" Intrnl_Id="182">
<LocList>
<Loc EndOffset="2710" SrcFileId="1" StartOffset="2698"/>
</LocList>
</BasicStmnt>
</StmntSeq>
</Branch>
<Branch CovItemId="B32" CovItemPrefix="Value.java" Implct="false" Intrnl_Id="183">
<Cond>
<Loc EndOffset="2729" SrcFileId="1" StartOffset="2725"/>
</Cond>
<LocList>
<Loc EndOffset="2801" SrcFileId="1" StartOffset="2730"/>
</LocList>
<StmntSeq Intrnl_Id="184">
<LocList>
<Loc EndOffset="2801" SrcFileId="1" StartOffset="2730"/>
</LocList>
<CondStmnt CovItemId="S46" CovItemPrefix="Value.java" Intrnl_Id="185">
<Branch CovItemId="B33" CovItemPrefix="Value.java" Implct="false" Intrnl_Id="186">
<Cond/>
<LocList>
<Loc EndOffset="2801" SrcFileId="1" StartOffset="2772"/>
</LocList>
<StmntSeq Intrnl_Id="187">
<LocList>
<Loc EndOffset="2793" SrcFileId="1" StartOffset="2781"/>
</LocList>
<BasicStmnt CovItemId="S47" CovItemPrefix="Value.java" Intrnl_Id="188">
<LocList>
<Loc EndOffset="2793" SrcFileId="1" StartOffset="2781"/>
</LocList>
</BasicStmnt>
</StmntSeq>
</Branch>
<Branch CovItemId="B34" CovItemPrefix="Value.java" Implct="true" Intrnl_Id="189">
<Cond/>
<LocList/>
<StmntSeq Intrnl_Id="190">
<LocList/>
</StmntSeq>
</Branch>
<Keyword EndOffset="2732" SrcFileId="1" StartOffset="2730"/>
<LocList>
<Loc EndOffset="2801" SrcFileId="1" StartOffset="2730"/>
</LocList>
<RootTerm CovItemId="C17" CovItemPrefix="Value.java" Intrnl_Id="191">
<OpTerm BooleanOpId="2" Intrnl_Id="192">
<BasicBoolTerm Intrnl_Id="193">
<LocList>
<Loc EndOffset="2747" SrcFileId="1" StartOffset="2733"/>
</LocList>
</BasicBoolTerm>
<BasicBoolTerm Intrnl_Id="194">
<LocList>
<Loc EndOffset="2764" SrcFileId="1" StartOffset="2751"/>
</LocList>
</BasicBoolTerm>
<LocList>
<Loc EndOffset="2750" SrcFileId="1" StartOffset="2748"/>
</LocList>
</OpTerm>
</RootTerm>
</CondStmnt>
</StmntSeq>
</Branch>
<Keyword EndOffset="2647" SrcFileId="1" StartOffset="2645"/>
<LocList>
<Loc EndOffset="2801" SrcFileId="1" StartOffset="2645"/>
</LocList>
<RootTerm CovItemId="C16" CovItemPrefix="Value.java" Intrnl_Id="195">
<OpTerm BooleanOpId="2" Intrnl_Id="196">
<BasicBoolTerm Intrnl_Id="197">
<LocList>
<Loc EndOffset="2663" SrcFileId="1" StartOffset="2648"/>
</LocList>
</BasicBoolTerm>
<BasicBoolTerm Intrnl_Id="198">
<LocList>
<Loc EndOffset="2681" SrcFileId="1" StartOffset="2667"/>
</LocList>
</BasicBoolTerm>
<LocList>
<Loc EndOffset="2666" SrcFileId="1" StartOffset="2664"/>
</LocList>
</OpTerm>
</RootTerm>
</CondStmnt>
</StmntSeq>
</Branch>
<Keyword EndOffset="2511" SrcFileId="1" StartOffset="2509"/>
<LocList>
<Loc EndOffset="2801" SrcFileId="1" StartOffset="2509"/>
</LocList>
<RootTerm CovItemId="C15" CovItemPrefix="Value.java" Intrnl_Id="199">
<OpTerm BooleanOpId="3" Intrnl_Id="200">
<OpTerm BooleanOpId="2" Intrnl_Id="201">
<BasicBoolTerm Intrnl_Id="202">
<LocList>
<Loc EndOffset="2528" SrcFileId="1" StartOffset="2512"/>
</LocList>
</BasicBoolTerm>
<BasicBoolTerm Intrnl_Id="203">
<LocList>
<Loc EndOffset="2547" SrcFileId="1" StartOffset="2532"/>
</LocList>
</BasicBoolTerm>
<LocList>
<Loc EndOffset="2531" SrcFileId="1" StartOffset="2529"/>
</LocList>
</OpTerm>
<OpTerm BooleanOpId="2" Intrnl_Id="204">
<BasicBoolTerm Intrnl_Id="205">
<LocList>
<Loc EndOffset="2567" SrcFileId="1" StartOffset="2551"/>
</LocList>
</BasicBoolTerm>
<BasicBoolTerm Intrnl_Id="206">
<LocList>
<Loc EndOffset="2596" SrcFileId="1" StartOffset="2571"/>
</LocList>
</BasicBoolTerm>
<LocList>
<Loc EndOffset="2570" SrcFileId="1" StartOffset="2568"/>
</LocList>
</OpTerm>
<LocList>
<Loc EndOffset="2550" SrcFileId="1" StartOffset="2548"/>
</LocList>
</OpTerm>
</RootTerm>
</CondStmnt>
</StmntSeq>
</Branch>
<Keyword EndOffset="2430" SrcFileId="1" StartOffset="2428"/>
<LocList>
<Loc EndOffset="2801" SrcFileId="1" StartOffset="2428"/>
</LocList>
<RootTerm CovItemId="C14" CovItemPrefix="Value.java" Intrnl_Id="207">
<OpTerm BooleanOpId="2" Intrnl_Id="208">
<BasicBoolTerm Intrnl_Id="209">
<LocList>
<Loc EndOffset="2444" SrcFileId="1" StartOffset="2431"/>
</LocList>
</BasicBoolTerm>
<BasicBoolTerm Intrnl_Id="210">
<LocList>
<Loc EndOffset="2460" SrcFileId="1" StartOffset="2448"/>
</LocList>
</BasicBoolTerm>
<LocList>
<Loc EndOffset="2447" SrcFileId="1" StartOffset="2445"/>
</LocList>
</OpTerm>
</RootTerm>
</CondStmnt>
</StmntSeq>
</Branch>
<Keyword EndOffset="2339" SrcFileId="1" StartOffset="2337"/>
<LocList>
<Loc EndOffset="2801" SrcFileId="1" StartOffset="2337"/>
</LocList>
<RootTerm CovItemId="C13" CovItemPrefix="Value.java" Intrnl_Id="211">
<OpTerm BooleanOpId="2" Intrnl_Id="212">
<BasicBoolTerm Intrnl_Id="213">
<LocList>
<Loc EndOffset="2358" SrcFileId="1" StartOffset="2340"/>
</LocList>
</BasicBoolTerm>
<BasicBoolTerm Intrnl_Id="214">
<LocList>
<Loc EndOffset="2379" SrcFileId="1" StartOffset="2362"/>
</LocList>
</BasicBoolTerm>
<LocList>
<Loc EndOffset="2361" SrcFileId="1" StartOffset="2359"/>
</LocList>
</OpTerm>
</RootTerm>
</CondStmnt>
<BasicStmnt CovItemId="S48" CovItemPrefix="Value.java" Intrnl_Id="215">
<LocList>
<Loc EndOffset="2828" SrcFileId="1" StartOffset="2815"/>
</LocList>
</BasicStmnt>
</StmntSeq>
</HierarchyLvl>
<HierarchyLvl HierarchyLvlId="1119" HierarchyLvlTypeId="5" Intrnl_Id="216" Name="GetType">
<Header>
<Loc EndOffset="2870" SrcFileId="1" StartOffset="2847"/>
</Header>
<LocList>
<Loc EndOffset="3642" SrcFileId="1" StartOffset="2847"/>
</LocList>
<StmntSeq Intrnl_Id="217">
<LocList>
<Loc EndOffset="3635" SrcFileId="1" StartOffset="2884"/>
</LocList>
<CondStmnt CovItemId="S49" CovItemPrefix="Value.java" Intrnl_Id="218">
<Branch CovItemId="B35" CovItemPrefix="Value.java" Implct="false" Intrnl_Id="219">
<Cond/>
<LocList>
<Loc EndOffset="2973" SrcFileId="1" StartOffset="2942"/>
</LocList>
<StmntSeq Intrnl_Id="220">
<LocList>
<Loc EndOffset="2965" SrcFileId="1" StartOffset="2951"/>
</LocList>
<BasicStmnt CovItemId="S50" CovItemPrefix="Value.java" Intrnl_Id="221">
<LocList>
<Loc EndOffset="2965" SrcFileId="1" StartOffset="2951"/>
</LocList>
</BasicStmnt>
</StmntSeq>
</Branch>
<Branch CovItemId="B36" CovItemPrefix="Value.java" Implct="false" Intrnl_Id="222">
<Cond>
<Loc EndOffset="2984" SrcFileId="1" StartOffset="2980"/>
</Cond>
<LocList>
<Loc EndOffset="3635" SrcFileId="1" StartOffset="2985"/>
</LocList>
<StmntSeq Intrnl_Id="223">
<LocList>
<Loc EndOffset="3635" SrcFileId="1" StartOffset="2985"/>
</LocList>
<CondStmnt CovItemId="S51" CovItemPrefix="Value.java" Intrnl_Id="224">
<Branch CovItemId="B37" CovItemPrefix="Value.java" Implct="false" Intrnl_Id="225">
<Cond/>
<LocList>
<Loc EndOffset="3089" SrcFileId="1" StartOffset="3053"/>
</LocList>
<StmntSeq Intrnl_Id="226">
<LocList>
<Loc EndOffset="3081" SrcFileId="1" StartOffset="3062"/>
</LocList>
<BasicStmnt CovItemId="S52" CovItemPrefix="Value.java" Intrnl_Id="227">
<LocList>
<Loc EndOffset="3081" SrcFileId="1" StartOffset="3062"/>
</LocList>
</BasicStmnt>
</StmntSeq>
</Branch>
<Branch CovItemId="B38" CovItemPrefix="Value.java" Implct="false" Intrnl_Id="228">
<Cond>
<Loc EndOffset="3100" SrcFileId="1" StartOffset="3096"/>
</Cond>
<LocList>
<Loc EndOffset="3635" SrcFileId="1" StartOffset="3101"/>
</LocList>
<StmntSeq Intrnl_Id="229">
<LocList>
<Loc EndOffset="3635" SrcFileId="1" StartOffset="3101"/>
</LocList>
<CondStmnt CovItemId="S53" CovItemPrefix="Value.java" Intrnl_Id="230">
<Branch CovItemId="B39" CovItemPrefix="Value.java" Implct="false" Intrnl_Id="231">
<Cond/>
<LocList>
<Loc EndOffset="3187" SrcFileId="1" StartOffset="3157"/>
</LocList>
<StmntSeq Intrnl_Id="232">
<LocList>
<Loc EndOffset="3179" SrcFileId="1" StartOffset="3166"/>
</LocList>
<BasicStmnt CovItemId="S54" CovItemPrefix="Value.java" Intrnl_Id="233">
<LocList>
<Loc EndOffset="3179" SrcFileId="1" StartOffset="3166"/>
</LocList>
</BasicStmnt>
</StmntSeq>
</Branch>
<Branch CovItemId="B40" CovItemPrefix="Value.java" Implct="false" Intrnl_Id="234">
<Cond>
<Loc EndOffset="3198" SrcFileId="1" StartOffset="3194"/>
</Cond>
<LocList>
<Loc EndOffset="3635" SrcFileId="1" StartOffset="3199"/>
</LocList>
<StmntSeq Intrnl_Id="235">
<LocList>
<Loc EndOffset="3635" SrcFileId="1" StartOffset="3199"/>
</LocList>
<CondStmnt CovItemId="S55" CovItemPrefix="Value.java" Intrnl_Id="236">
<Branch CovItemId="B41" CovItemPrefix="Value.java" Implct="false" Intrnl_Id="237">
<Cond/>
<LocList>
<Loc EndOffset="3294" SrcFileId="1" StartOffset="3261"/>
</LocList>
<StmntSeq Intrnl_Id="238">
<LocList>
<Loc EndOffset="3286" SrcFileId="1" StartOffset="3270"/>
</LocList>
<BasicStmnt CovItemId="S56" CovItemPrefix="Value.java" Intrnl_Id="239">
<LocList>
<Loc EndOffset="3286" SrcFileId="1" StartOffset="3270"/>
</LocList>
</BasicStmnt>
</StmntSeq>
</Branch>
<Branch CovItemId="B42" CovItemPrefix="Value.java" Implct="false" Intrnl_Id="240">
<Cond>
<Loc EndOffset="3305" SrcFileId="1" StartOffset="3301"/>
</Cond>
<LocList>
<Loc EndOffset="3635" SrcFileId="1" StartOffset="3306"/>
</LocList>
<StmntSeq Intrnl_Id="241">
<LocList>
<Loc EndOffset="3635" SrcFileId="1" StartOffset="3306"/>
</LocList>
<CondStmnt CovItemId="S57" CovItemPrefix="Value.java" Intrnl_Id="242">
<Branch CovItemId="B43" CovItemPrefix="Value.java" Implct="false" Intrnl_Id="243">
<Cond/>
<LocList>
<Loc EndOffset="3395" SrcFileId="1" StartOffset="3364"/>
</LocList>
<StmntSeq Intrnl_Id="244">
<LocList>
<Loc EndOffset="3387" SrcFileId="1" StartOffset="3373"/>
</LocList>
<BasicStmnt CovItemId="S58" CovItemPrefix="Value.java" Intrnl_Id="245">
<LocList>
<Loc EndOffset="3387" SrcFileId="1" StartOffset="3373"/>
</LocList>
</BasicStmnt>
</StmntSeq>
</Branch>
<Branch CovItemId="B44" CovItemPrefix="Value.java" Implct="false" Intrnl_Id="246">
<Cond>
<Loc EndOffset="3406" SrcFileId="1" StartOffset="3402"/>
</Cond>
<LocList>
<Loc EndOffset="3635" SrcFileId="1" StartOffset="3407"/>
</LocList>
<StmntSeq Intrnl_Id="247">
<LocList>
<Loc EndOffset="3635" SrcFileId="1" StartOffset="3407"/>
</LocList>
<CondStmnt CovItemId="S59" CovItemPrefix="Value.java" Intrnl_Id="248">
<Branch CovItemId="B45" CovItemPrefix="Value.java" Implct="false" Intrnl_Id="249">
<Cond/>
<LocList>
<Loc EndOffset="3502" SrcFileId="1" StartOffset="3469"/>
</LocList>
<StmntSeq Intrnl_Id="250">
<LocList>
<Loc EndOffset="3494" SrcFileId="1" StartOffset="3478"/>
</LocList>
<BasicStmnt CovItemId="S60" CovItemPrefix="Value.java" Intrnl_Id="251">
<LocList>
<Loc EndOffset="3494" SrcFileId="1" StartOffset="3478"/>
</LocList>
</BasicStmnt>
</StmntSeq>
</Branch>
<Branch CovItemId="B46" CovItemPrefix="Value.java" Implct="false" Intrnl_Id="252">
<Cond>
<Loc EndOffset="3513" SrcFileId="1" StartOffset="3509"/>
</Cond>
<LocList>
<Loc EndOffset="3635" SrcFileId="1" StartOffset="3514"/>
</LocList>
<StmntSeq Intrnl_Id="253">
<LocList>
<Loc EndOffset="3635" SrcFileId="1" StartOffset="3514"/>
</LocList>
<CondStmnt CovItemId="S61" CovItemPrefix="Value.java" Intrnl_Id="254">
<Branch CovItemId="B47" CovItemPrefix="Value.java" Implct="false" Intrnl_Id="255">
<Cond/>
<LocList>
<Loc EndOffset="3588" SrcFileId="1" StartOffset="3556"/>
</LocList>
<StmntSeq Intrnl_Id="256">
<LocList>
<Loc EndOffset="3580" SrcFileId="1" StartOffset="3565"/>
</LocList>
<BasicStmnt CovItemId="S62" CovItemPrefix="Value.java" Intrnl_Id="257">
<LocList>
<Loc EndOffset="3580" SrcFileId="1" StartOffset="3565"/>
</LocList>
</BasicStmnt>
</StmntSeq>
</Branch>
<Branch CovItemId="B48" CovItemPrefix="Value.java" Implct="false" Intrnl_Id="258">
<Cond>
<Loc EndOffset="3599" SrcFileId="1" StartOffset="3595"/>
</Cond>
<LocList>
<Loc EndOffset="3635" SrcFileId="1" StartOffset="3606"/>
</LocList>
<StmntSeq Intrnl_Id="259">
<LocList>
<Loc EndOffset="3627" SrcFileId="1" StartOffset="3615"/>
</LocList>
<BasicStmnt CovItemId="S63" CovItemPrefix="Value.java" Intrnl_Id="260">
<LocList>
<Loc EndOffset="3627" SrcFileId="1" StartOffset="3615"/>
</LocList>
</BasicStmnt>
</StmntSeq>
</Branch>
<Keyword EndOffset="3516" SrcFileId="1" StartOffset="3514"/>
<LocList>
<Loc EndOffset="3635" SrcFileId="1" StartOffset="3514"/>
</LocList>
<RootTerm CovItemId="C24" CovItemPrefix="Value.java" Intrnl_Id="261">
<BasicBoolTerm Intrnl_Id="262">
<LocList>
<Loc EndOffset="3548" SrcFileId="1" StartOffset="3517"/>
</LocList>
</BasicBoolTerm>
</RootTerm>
</CondStmnt>
</StmntSeq>
</Branch>
<Keyword EndOffset="3409" SrcFileId="1" StartOffset="3407"/>
<LocList>
<Loc EndOffset="3635" SrcFileId="1" StartOffset="3407"/>
</LocList>
<RootTerm CovItemId="C23" CovItemPrefix="Value.java" Intrnl_Id="263">
<OpTerm BooleanOpId="3" Intrnl_Id="264">
<BasicBoolTerm Intrnl_Id="265">
<LocList>
<Loc EndOffset="3425" SrcFileId="1" StartOffset="3410"/>
</LocList>
</BasicBoolTerm>
<BasicBoolTerm Intrnl_Id="266">
<LocList>
<Loc EndOffset="3461" SrcFileId="1" StartOffset="3429"/>
</LocList>
</BasicBoolTerm>
<LocList>
<Loc EndOffset="3428" SrcFileId="1" StartOffset="3426"/>
</LocList>
</OpTerm>
</RootTerm>
</CondStmnt>
</StmntSeq>
</Branch>
<Keyword EndOffset="3308" SrcFileId="1" StartOffset="3306"/>
<LocList>
<Loc EndOffset="3635" SrcFileId="1" StartOffset="3306"/>
</LocList>
<RootTerm CovItemId="C22" CovItemPrefix="Value.java" Intrnl_Id="267">
<OpTerm BooleanOpId="3" Intrnl_Id="268">
<BasicBoolTerm Intrnl_Id="269">
<LocList>
<Loc EndOffset="3322" SrcFileId="1" StartOffset="3309"/>
</LocList>
</BasicBoolTerm>
<BasicBoolTerm Intrnl_Id="270">
<LocList>
<Loc EndOffset="3356" SrcFileId="1" StartOffset="3326"/>
</LocList>
</BasicBoolTerm>
<LocList>
<Loc EndOffset="3325" SrcFileId="1" StartOffset="3323"/>
</LocList>
</OpTerm>
</RootTerm>
</CondStmnt>
</StmntSeq>
</Branch>
<Keyword EndOffset="3201" SrcFileId="1" StartOffset="3199"/>
<LocList>
<Loc EndOffset="3635" SrcFileId="1" StartOffset="3199"/>
</LocList>
<RootTerm CovItemId="C21" CovItemPrefix="Value.java" Intrnl_Id="271">
<OpTerm BooleanOpId="3" Intrnl_Id="272">
<BasicBoolTerm Intrnl_Id="273">
<LocList>
<Loc EndOffset="3217" SrcFileId="1" StartOffset="3202"/>
</LocList>
</BasicBoolTerm>
<BasicBoolTerm Intrnl_Id="274">
<LocList>
<Loc EndOffset="3253" SrcFileId="1" StartOffset="3221"/>
</LocList>
</BasicBoolTerm>
<LocList>
<Loc EndOffset="3220" SrcFileId="1" StartOffset="3218"/>
</LocList>
</OpTerm>
</RootTerm>
</CondStmnt>
</StmntSeq>
</Branch>
<Keyword EndOffset="3103" SrcFileId="1" StartOffset="3101"/>
<LocList>
<Loc EndOffset="3635" SrcFileId="1" StartOffset="3101"/>
</LocList>
<RootTerm CovItemId="C20" CovItemPrefix="Value.java" Intrnl_Id="275">
<OpTerm BooleanOpId="3" Intrnl_Id="276">
<BasicBoolTerm Intrnl_Id="277">
<LocList>
<Loc EndOffset="3116" SrcFileId="1" StartOffset="3104"/>
</LocList>
</BasicBoolTerm>
<BasicBoolTerm Intrnl_Id="278">
<LocList>
<Loc EndOffset="3149" SrcFileId="1" StartOffset="3120"/>
</LocList>
</BasicBoolTerm>
<LocList>
<Loc EndOffset="3119" SrcFileId="1" StartOffset="3117"/>
</LocList>
</OpTerm>
</RootTerm>
</CondStmnt>
</StmntSeq>
</Branch>
<Keyword EndOffset="2987" SrcFileId="1" StartOffset="2985"/>
<LocList>
<Loc EndOffset="3635" SrcFileId="1" StartOffset="2985"/>
</LocList>
<RootTerm CovItemId="C19" CovItemPrefix="Value.java" Intrnl_Id="279">
<OpTerm BooleanOpId="3" Intrnl_Id="280">
<BasicBoolTerm Intrnl_Id="281">
<LocList>
<Loc EndOffset="3023" SrcFileId="1" StartOffset="2988"/>
</LocList>
</BasicBoolTerm>
<BasicBoolTerm Intrnl_Id="282">
<LocList>
<Loc EndOffset="3045" SrcFileId="1" StartOffset="3027"/>
</LocList>
</BasicBoolTerm>
<LocList>
<Loc EndOffset="3026" SrcFileId="1" StartOffset="3024"/>
</LocList>
</OpTerm>
</RootTerm>
</CondStmnt>
</StmntSeq>
</Branch>
<Keyword EndOffset="2886" SrcFileId="1" StartOffset="2884"/>
<LocList>
<Loc EndOffset="3635" SrcFileId="1" StartOffset="2884"/>
</LocList>
<RootTerm CovItemId="C18" CovItemPrefix="Value.java" Intrnl_Id="283">
<OpTerm BooleanOpId="3" Intrnl_Id="284">
<BasicBoolTerm Intrnl_Id="285">
<LocList>
<Loc EndOffset="2900" SrcFileId="1" StartOffset="2887"/>
</LocList>
</BasicBoolTerm>
<BasicBoolTerm Intrnl_Id="286">
<LocList>
<Loc EndOffset="2934" SrcFileId="1" StartOffset="2904"/>
</LocList>
</BasicBoolTerm>
<LocList>
<Loc EndOffset="2903" SrcFileId="1" StartOffset="2901"/>
</LocList>
</OpTerm>
</RootTerm>
</CondStmnt>
</StmntSeq>
</HierarchyLvl>
<HierarchyLvl HierarchyLvlId="1120" HierarchyLvlTypeId="5" Intrnl_Id="287" Name="equals">
<Header>
<Loc EndOffset="3696" SrcFileId="1" StartOffset="3650"/>
</Header>
<LocList>
<Loc EndOffset="3971" SrcFileId="1" StartOffset="3650"/>
</LocList>
<StmntSeq Intrnl_Id="288">
<LocList>
<Loc EndOffset="3763" SrcFileId="1" StartOffset="3710"/>
<Loc EndOffset="3881" SrcFileId="1" StartOffset="3775"/>
<Loc EndOffset="3915" SrcFileId="1" StartOffset="3893"/>
<Loc EndOffset="3964" SrcFileId="1" StartOffset="3927"/>
</LocList>
<CondStmnt CovItemId="S64" CovItemPrefix="Value.java" Intrnl_Id="289">
<Branch CovItemId="B49" CovItemPrefix="Value.java" Implct="false" Intrnl_Id="290">
<Cond/>
<LocList>
<Loc EndOffset="3763" SrcFileId="1" StartOffset="3725"/>
</LocList>
<StmntSeq Intrnl_Id="291">
<LocList>
<Loc EndOffset="3752" SrcFileId="1" StartOffset="3740"/>
</LocList>
<BasicStmnt CovItemId="S65" CovItemPrefix="Value.java" Intrnl_Id="292">
<LocList>
<Loc EndOffset="3752" SrcFileId="1" StartOffset="3740"/>
</LocList>
</BasicStmnt>
</StmntSeq>
</Branch>
<Branch CovItemId="B50" CovItemPrefix="Value.java" Implct="true" Intrnl_Id="293">
<Cond/>
<LocList/>
<StmntSeq Intrnl_Id="294">
<LocList/>
</StmntSeq>
</Branch>
<Keyword EndOffset="3712" SrcFileId="1" StartOffset="3710"/>
<LocList>
<Loc EndOffset="3763" SrcFileId="1" StartOffset="3710"/>
</LocList>
<RootTerm CovItemId="C25" CovItemPrefix="Value.java" Intrnl_Id="295">
<BasicBoolTerm Intrnl_Id="296">
<LocList>
<Loc EndOffset="3723" SrcFileId="1" StartOffset="3713"/>
</LocList>
</BasicBoolTerm>
</RootTerm>
</CondStmnt>
<CondStmnt CovItemId="S66" CovItemPrefix="Value.java" Intrnl_Id="297">
<Branch CovItemId="B51" CovItemPrefix="Value.java" Implct="false" Intrnl_Id="298">
<Cond/>
<LocList>
<Loc EndOffset="3881" SrcFileId="1" StartOffset="3842"/>
</LocList>
<StmntSeq Intrnl_Id="299">
<LocList>
<Loc EndOffset="3870" SrcFileId="1" StartOffset="3857"/>
</LocList>
<BasicStmnt CovItemId="S67" CovItemPrefix="Value.java" Intrnl_Id="300">
<LocList>
<Loc EndOffset="3870" SrcFileId="1" StartOffset="3857"/>
</LocList>
</BasicStmnt>
</StmntSeq>
</Branch>
<Branch CovItemId="B52" CovItemPrefix="Value.java" Implct="true" Intrnl_Id="301">
<Cond/>
<LocList/>
<StmntSeq Intrnl_Id="302">
<LocList/>
</StmntSeq>
</Branch>
<Keyword EndOffset="3777" SrcFileId="1" StartOffset="3775"/>
<LocList>
<Loc EndOffset="3881" SrcFileId="1" StartOffset="3775"/>
</LocList>
<RootTerm CovItemId="C26" CovItemPrefix="Value.java" Intrnl_Id="303">
<OpTerm BooleanOpId="3" Intrnl_Id="304">
<OpTerm BooleanOpId="3" Intrnl_Id="305">
<BasicBoolTerm Intrnl_Id="306">
<LocList>
<Loc EndOffset="3791" SrcFileId="1" StartOffset="3778"/>
</LocList>
</BasicBoolTerm>
<BasicBoolTerm Intrnl_Id="307">
<LocList>
<Loc EndOffset="3804" SrcFileId="1" StartOffset="3795"/>
</LocList>
</BasicBoolTerm>
<LocList>
<Loc EndOffset="3794" SrcFileId="1" StartOffset="3792"/>
</LocList>
</OpTerm>
<BasicBoolTerm Intrnl_Id="308">
<LocList>
<Loc EndOffset="3840" SrcFileId="1" StartOffset="3808"/>
</LocList>
</BasicBoolTerm>
<LocList>
<Loc EndOffset="3807" SrcFileId="1" StartOffset="3805"/>
</LocList>
</OpTerm>
</RootTerm>
</CondStmnt>
<BasicStmnt CovItemId="S68" CovItemPrefix="Value.java" Intrnl_Id="309">
<LocList>
<Loc EndOffset="3915" SrcFileId="1" StartOffset="3893"/>
</LocList>
</BasicStmnt>
<BasicStmnt CovItemId="S69" CovItemPrefix="Value.java" Intrnl_Id="310">
<LocList>
<Loc EndOffset="3964" SrcFileId="1" StartOffset="3927"/>
</LocList>
</BasicStmnt>
</StmntSeq>
</HierarchyLvl>
<HierarchyLvl HierarchyLvlId="1121" HierarchyLvlTypeId="5" Intrnl_Id="311" Name="toString">
<Header>
<Loc EndOffset="4018" SrcFileId="1" StartOffset="3979"/>
</Header>
<LocList>
<Loc EndOffset="4066" SrcFileId="1" StartOffset="3979"/>
</LocList>
<StmntSeq Intrnl_Id="312">
<LocList>
<Loc EndOffset="4059" SrcFileId="1" StartOffset="4030"/>
</LocList>
<BasicStmnt CovItemId="S70" CovItemPrefix="Value.java" Intrnl_Id="313">
<LocList>
<Loc EndOffset="4059" SrcFileId="1" StartOffset="4030"/>
</LocList>
</BasicStmnt>
</StmntSeq>
</HierarchyLvl>
</HierarchyLvl>
</HierarchyLvl>
</MASTRoot>
</TestSessionContainer>
