<?xml version="1.0" encoding="UTF-8"?><TestSessionContainer xmlns="http://www.codecover.org/xml/testsession-container" Date="1367932196367" TestSessionContainerId="3d991125-120a-4afe-a6c6-e0ed71ae852d" version="1.0">
<SrcFileList>
<SrcFile Content="&#13;&#10;public class Value {&#13;&#10;&#9;public static Value VOID = new Value(new Object());&#13;&#10;&#13;&#10;    final Object value;&#13;&#10;&#13;&#10;    public Value(Object value) {&#13;&#10;        this.value = value;&#13;&#10;    }&#13;&#10;    &#13;&#10;    public Value()&#13;&#10;    {&#13;&#10;    &#9;this.value = &quot;&quot;;&#13;&#10;    }&#13;&#10;&#13;&#10;    public boolean isDouble() &#13;&#10;    {&#13;&#10;&#9;&#9;if(this.toString().matches(&quot;((-)?[0-9]+)\\.([0-9]){1,2}&quot;))&#13;&#10;&#9;&#9;{&#13;&#10;&#9;&#9;&#9;return true;&#13;&#10;&#9;&#9;}&#13;&#10;&#9;&#9;return false;&#13;&#10;    }&#13;&#10;    &#13;&#10;    public boolean isInt()&#13;&#10;    {&#13;&#10;&#9;&#9;if(this.toString().matches(&quot;(-)?[0-9]+&quot;))&#13;&#10;&#9;&#9;{&#13;&#10;&#9;&#9;&#9;return true;&#13;&#10;&#9;&#9;}&#13;&#10;&#9;&#9;return false;&#13;&#10;    }&#13;&#10;    &#13;&#10;    public boolean isDrink()&#13;&#10;    {&#13;&#10;&#9;&#9;if(this.toString().equals(&quot;drink&quot;))&#13;&#10;&#9;&#9;{&#13;&#10;&#9;&#9;&#9;return true;&#13;&#10;&#9;&#9;}&#13;&#10;&#9;&#9;return false;&#13;&#10;    }&#13;&#10;    &#13;&#10;    public boolean isNumeric()&#13;&#10;    {&#13;&#10;    &#9;if(this.isInt() || this.isDouble() || this.toString().equals(&quot;int&quot;) || this.toString().equals(&quot;double&quot;))&#13;&#10;    &#9;{&#13;&#10;    &#9;&#9;return true;&#13;&#10;    &#9;}&#13;&#10;    &#9;return false;&#13;&#10;    }&#13;&#10;    &#13;&#10;    public boolean isNumericExpression()&#13;&#10;    {&#13;&#10;    &#9;if(this.toString().contains(&quot;(&quot;))&#13;&#10;    &#9;{&#13;&#10;    &#9;&#9;if(!this.toString().contains(&quot;&quot;))&#13;&#10;    &#9;&#9;{&#13;&#10;    &#9;&#9;&#9;return false;&#13;&#10;    &#9;&#9;}&#13;&#10;    &#9;}&#13;&#10;    &#9;if(this.toString().matches(&quot;(-)?[0-9]+(\\.[0-9]{1,2})?((\\+|\\-|\\*|\\/)[0-9]+(\\.[0-9]{1,2})?)*&quot;))&#13;&#10;    &#9;{&#13;&#10;    &#9;&#9;return true;&#13;&#10;    &#9;}&#13;&#10;    &#9;return false;&#13;&#10;    }&#13;&#10;    &#13;&#10;    public boolean isChar()&#13;&#10;    {&#13;&#10;&#9;&#9;if(this.toString().length() != 3 || &#13;&#10;&#9;&#9;   this.toString().charAt(0) != '\'' || &#13;&#10;&#9;&#9;   this.toString().charAt(this.toString().length()-1) != '\'')&#13;&#10;&#9;&#9;{&#13;&#10;&#9;&#9;&#9;return false;&#13;&#10;&#9;&#9;}&#13;&#10;&#9;&#9;return true;&#13;&#10;    }&#13;&#10;    &#13;&#10;    public boolean isString()&#13;&#10;    {&#13;&#10;    &#9;if(this.toString().length() &lt; 2)&#13;&#10;    &#9;{&#13;&#10;    &#9;&#9;return false;&#13;&#10;    &#9;}&#13;&#10;    &#9;else if(this.toString().charAt(0) != '&quot;'|| this.toString().charAt(this.toString().length()-1) != '&quot;')&#13;&#10;&#9;&#9;{&#13;&#10;&#9;&#9;&#9;return false;&#13;&#10;&#9;&#9;}&#13;&#10;&#9;&#9;return true;&#13;&#10;    }&#13;&#10;    &#13;&#10;    public boolean isBool()&#13;&#10;    {&#13;&#10;    &#9;if(this.toString().equals(&quot;true&quot;) || this.toString().equals(&quot;false&quot;))&#13;&#10;    &#9;{&#13;&#10;    &#9;&#9;return true;&#13;&#10;    &#9;}&#13;&#10;    &#9;return false;&#13;&#10;    }&#13;&#10;    &#13;&#10;    public boolean isContainer()&#13;&#10;    {&#13;&#10;    &#9;if(this.toString().matches(&quot;((1?[0-3])|([0-9]))|A[0-5]&quot;) || this.toString().equals(&quot;container&quot;))&#13;&#10;    &#9;{&#13;&#10;    &#9;&#9;return true;&#13;&#10;    &#9;}&#13;&#10;    &#9;return false;&#13;&#10;    }&#13;&#10;    &#13;&#10;    public boolean isSameType(Value val)&#13;&#10;    {&#13;&#10;    &#9;if(this.isBool() &amp;&amp; val.isBool())&#13;&#10;    &#9;{&#13;&#10;    &#9;&#9;return true;&#13;&#10;    &#9;}&#13;&#10;    &#9;if(this.isContainer() &amp;&amp; val.isContainer())&#13;&#10;    &#9;{&#13;&#10;    &#9;&#9;return true;&#13;&#10;    &#9;}&#13;&#10;    &#9;else if(this.isChar() &amp;&amp; val.isChar())&#13;&#10;    &#9;{&#13;&#10;    &#9;&#9;return true;&#13;&#10;    &#9;}&#13;&#10;    &#9;else if(this.isNumeric() &amp;&amp; val.isNumeric() || this.isNumeric() &amp;&amp; val.isNumericExpression())&#13;&#10;    &#9;{&#13;&#10;    &#9;&#9;return true;&#13;&#10;    &#9;}&#13;&#10;    &#9;else if(this.isString() &amp;&amp; val.isString())&#13;&#10;    &#9;{&#13;&#10;    &#9;&#9;return true;&#13;&#10;    &#9;}&#13;&#10;    &#9;else if(this.isDrink() &amp;&amp; val.isDrink())&#13;&#10;    &#9;{&#13;&#10;    &#9;&#9;return true;&#13;&#10;    &#9;}&#13;&#10;    &#9;&#13;&#10;    &#9;return false;&#13;&#10;    }&#13;&#10;    &#13;&#10;    public String GetType()&#13;&#10;    {&#13;&#10;    &#9;if(this.isBool() || this.toString().equals(&quot;bool&quot;))&#13;&#10;    &#9;{&#13;&#10;    &#9;&#9;return &quot;bool&quot;;&#13;&#10;    &#9;}&#13;&#10;    &#9;else if(this.toString().equals(&quot;container&quot;) || this.isContainer())&#13;&#10;    &#9;{&#13;&#10;    &#9;&#9;return &quot;container&quot;;&#13;&#10;    &#9;}&#13;&#10;    &#9;else if(this.isInt() || this.toString().equals(&quot;int&quot;))&#13;&#10;    &#9;{&#13;&#10;    &#9;&#9;return &quot;int&quot;;&#13;&#10;    &#9;}&#13;&#10;    &#9;else if(this.isDouble() || this.toString().equals(&quot;double&quot;))&#13;&#10;    &#9;{&#13;&#10;    &#9;&#9;return &quot;double&quot;;&#13;&#10;    &#9;}&#13;&#10;    &#9;else if(this.isChar() || this.toString().equals(&quot;char&quot;))&#13;&#10;    &#9;{&#13;&#10;    &#9;&#9;return &quot;char&quot;;&#13;&#10;    &#9;}&#13;&#10;    &#9;else if(this.isString() || this.toString().equals(&quot;string&quot;))&#13;&#10;    &#9;{&#13;&#10;    &#9;&#9;return &quot;string&quot;;&#13;&#10;    &#9;}&#13;&#10;    &#9;else if(this.toString().equals(&quot;drink&quot;))&#13;&#10;    &#9;{&#13;&#10;    &#9;&#9;return &quot;drink&quot;;&#13;&#10;    &#9;}&#13;&#10;    &#9;else&#13;&#10;    &#9;{&#13;&#10;    &#9;&#9;return null;&#13;&#10;    &#9;}&#13;&#10;    }&#13;&#10;&#13;&#10;    @Override&#13;&#10;    public boolean equals(Object o) {&#13;&#10;&#13;&#10;        if(value == o) {&#13;&#10;            return true;&#13;&#10;        }&#13;&#10;&#13;&#10;        if(value == null || o == null || o.getClass() != value.getClass()) {&#13;&#10;            return false;&#13;&#10;        }&#13;&#10;&#13;&#10;        Value that = (Value)o;&#13;&#10;&#13;&#10;        return this.value.equals(that.value);&#13;&#10;    }&#13;&#10;&#13;&#10;    @Override&#13;&#10;    public String toString() {&#13;&#10;        return String.valueOf(value);&#13;&#10;    }&#13;&#10;}&#13;&#10;" Filename="Value.java" Intrnl_Id="1"/>
</SrcFileList>
<CritList>
<CritListEntry Name="org.codecover.model.utils.criteria.LoopCoverage" PluginName="org.codecover"/>
<CritListEntry Name="org.codecover.model.utils.criteria.BranchCoverage" PluginName="org.codecover"/>
<CritListEntry Name="org.codecover.model.utils.criteria.ConditionCoverage" PluginName="org.codecover"/>
<CritListEntry Name="org.codecover.model.utils.criteria.StatementCoverage" PluginName="org.codecover"/>
</CritList>
<BoolOpList>
<BoolOp Arity="1" Intrnl_Id="2" Name="not (!)">
<BoolAssgnmntBoolMapList>
<MapEntry BoolAssgnmnt="0" Value="true"/>
<MapEntry BoolAssgnmnt="1" Value="false"/>
</BoolAssgnmntBoolMapList>
</BoolOp>
<BoolOp Arity="2" Intrnl_Id="3" Name="conditional and (&amp;&amp;)">
<BoolAssgnmntBoolMapList>
<MapEntry BoolAssgnmnt="10" Value="false"/>
<MapEntry BoolAssgnmnt="02" Value="false"/>
<MapEntry BoolAssgnmnt="11" Value="true"/>
</BoolAssgnmntBoolMapList>
</BoolOp>
<BoolOp Arity="2" Intrnl_Id="4" Name="conditional or (||)">
<BoolAssgnmntBoolMapList>
<MapEntry BoolAssgnmnt="01" Value="true"/>
<MapEntry BoolAssgnmnt="00" Value="false"/>
<MapEntry BoolAssgnmnt="12" Value="true"/>
</BoolAssgnmntBoolMapList>
</BoolOp>
</BoolOpList>
<HierarchyLvlTypeList>
<HierarchyLvlType EnglishName="class" IntrnlName="class" Intrnl_Id="5"/>
<HierarchyLvlType EnglishName="method" IntrnlName="method" Intrnl_Id="6"/>
<HierarchyLvlType EnglishName="default package" IntrnlName="default package" Intrnl_Id="7"/>
</HierarchyLvlTypeList>
<MASTRoot>
<HierarchyLvl HierarchyLvlId="749" HierarchyLvlTypeId="7" Intrnl_Id="8" Name="default package">
<Header/>
<LocList/>
<HierarchyLvl HierarchyLvlId="748" HierarchyLvlTypeId="5" Intrnl_Id="9" Name="Value">
<Header>
<Loc EndOffset="20" SrcFileId="1" StartOffset="2"/>
</Header>
<LocList>
<Loc EndOffset="4028" SrcFileId="1" StartOffset="2"/>
</LocList>
<StmntSeq Intrnl_Id="10">
<LocList>
<Loc EndOffset="76" SrcFileId="1" StartOffset="25"/>
</LocList>
<BasicStmnt CovItemId="S1" CovItemPrefix="Value.java" Intrnl_Id="11">
<LocList>
<Loc EndOffset="76" SrcFileId="1" StartOffset="25"/>
</LocList>
</BasicStmnt>
</StmntSeq>
<HierarchyLvl HierarchyLvlId="733" HierarchyLvlTypeId="6" Intrnl_Id="12" Name="Value">
<Header>
<Loc EndOffset="137" SrcFileId="1" StartOffset="111"/>
</Header>
<LocList>
<Loc EndOffset="175" SrcFileId="1" StartOffset="111"/>
</LocList>
<StmntSeq Intrnl_Id="13">
<LocList>
<Loc EndOffset="168" SrcFileId="1" StartOffset="149"/>
</LocList>
<BasicStmnt CovItemId="S2" CovItemPrefix="Value.java" Intrnl_Id="14">
<LocList>
<Loc EndOffset="168" SrcFileId="1" StartOffset="149"/>
</LocList>
</BasicStmnt>
</StmntSeq>
</HierarchyLvl>
<HierarchyLvl HierarchyLvlId="734" HierarchyLvlTypeId="6" Intrnl_Id="15" Name="Value">
<Header>
<Loc EndOffset="201" SrcFileId="1" StartOffset="187"/>
</Header>
<LocList>
<Loc EndOffset="238" SrcFileId="1" StartOffset="187"/>
</LocList>
<StmntSeq Intrnl_Id="16">
<LocList>
<Loc EndOffset="231" SrcFileId="1" StartOffset="215"/>
</LocList>
<BasicStmnt CovItemId="S3" CovItemPrefix="Value.java" Intrnl_Id="17">
<LocList>
<Loc EndOffset="231" SrcFileId="1" StartOffset="215"/>
</LocList>
</BasicStmnt>
</StmntSeq>
</HierarchyLvl>
<HierarchyLvl HierarchyLvlId="735" HierarchyLvlTypeId="6" Intrnl_Id="18" Name="isDouble">
<Header>
<Loc EndOffset="271" SrcFileId="1" StartOffset="246"/>
</Header>
<LocList>
<Loc EndOffset="392" SrcFileId="1" StartOffset="246"/>
</LocList>
<StmntSeq Intrnl_Id="19">
<LocList>
<Loc EndOffset="368" SrcFileId="1" StartOffset="283"/>
<Loc EndOffset="385" SrcFileId="1" StartOffset="372"/>
</LocList>
<CondStmnt CovItemId="S4" CovItemPrefix="Value.java" Intrnl_Id="20">
<Branch CovItemId="B1" CovItemPrefix="Value.java" Implct="false" Intrnl_Id="21">
<Cond/>
<LocList>
<Loc EndOffset="368" SrcFileId="1" StartOffset="345"/>
</LocList>
<StmntSeq Intrnl_Id="22">
<LocList>
<Loc EndOffset="363" SrcFileId="1" StartOffset="351"/>
</LocList>
<BasicStmnt CovItemId="S5" CovItemPrefix="Value.java" Intrnl_Id="23">
<LocList>
<Loc EndOffset="363" SrcFileId="1" StartOffset="351"/>
</LocList>
</BasicStmnt>
</StmntSeq>
</Branch>
<Branch CovItemId="B2" CovItemPrefix="Value.java" Implct="true" Intrnl_Id="24">
<Cond/>
<LocList/>
<StmntSeq Intrnl_Id="25">
<LocList/>
</StmntSeq>
</Branch>
<Keyword EndOffset="285" SrcFileId="1" StartOffset="283"/>
<LocList>
<Loc EndOffset="368" SrcFileId="1" StartOffset="283"/>
</LocList>
<RootTerm CovItemId="C1" CovItemPrefix="Value.java" Intrnl_Id="26">
<BasicBoolTerm Intrnl_Id="27">
<LocList>
<Loc EndOffset="340" SrcFileId="1" StartOffset="286"/>
</LocList>
</BasicBoolTerm>
</RootTerm>
</CondStmnt>
<BasicStmnt CovItemId="S6" CovItemPrefix="Value.java" Intrnl_Id="28">
<LocList>
<Loc EndOffset="385" SrcFileId="1" StartOffset="372"/>
</LocList>
</BasicStmnt>
</StmntSeq>
</HierarchyLvl>
<HierarchyLvl HierarchyLvlId="736" HierarchyLvlTypeId="6" Intrnl_Id="29" Name="isInt">
<Header>
<Loc EndOffset="426" SrcFileId="1" StartOffset="404"/>
</Header>
<LocList>
<Loc EndOffset="529" SrcFileId="1" StartOffset="404"/>
</LocList>
<StmntSeq Intrnl_Id="30">
<LocList>
<Loc EndOffset="505" SrcFileId="1" StartOffset="437"/>
<Loc EndOffset="522" SrcFileId="1" StartOffset="509"/>
</LocList>
<CondStmnt CovItemId="S7" CovItemPrefix="Value.java" Intrnl_Id="31">
<Branch CovItemId="B3" CovItemPrefix="Value.java" Implct="false" Intrnl_Id="32">
<Cond/>
<LocList>
<Loc EndOffset="505" SrcFileId="1" StartOffset="482"/>
</LocList>
<StmntSeq Intrnl_Id="33">
<LocList>
<Loc EndOffset="500" SrcFileId="1" StartOffset="488"/>
</LocList>
<BasicStmnt CovItemId="S8" CovItemPrefix="Value.java" Intrnl_Id="34">
<LocList>
<Loc EndOffset="500" SrcFileId="1" StartOffset="488"/>
</LocList>
</BasicStmnt>
</StmntSeq>
</Branch>
<Branch CovItemId="B4" CovItemPrefix="Value.java" Implct="true" Intrnl_Id="35">
<Cond/>
<LocList/>
<StmntSeq Intrnl_Id="36">
<LocList/>
</StmntSeq>
</Branch>
<Keyword EndOffset="439" SrcFileId="1" StartOffset="437"/>
<LocList>
<Loc EndOffset="505" SrcFileId="1" StartOffset="437"/>
</LocList>
<RootTerm CovItemId="C2" CovItemPrefix="Value.java" Intrnl_Id="37">
<BasicBoolTerm Intrnl_Id="38">
<LocList>
<Loc EndOffset="477" SrcFileId="1" StartOffset="440"/>
</LocList>
</BasicBoolTerm>
</RootTerm>
</CondStmnt>
<BasicStmnt CovItemId="S9" CovItemPrefix="Value.java" Intrnl_Id="39">
<LocList>
<Loc EndOffset="522" SrcFileId="1" StartOffset="509"/>
</LocList>
</BasicStmnt>
</StmntSeq>
</HierarchyLvl>
<HierarchyLvl HierarchyLvlId="737" HierarchyLvlTypeId="6" Intrnl_Id="40" Name="isDrink">
<Header>
<Loc EndOffset="565" SrcFileId="1" StartOffset="541"/>
</Header>
<LocList>
<Loc EndOffset="662" SrcFileId="1" StartOffset="541"/>
</LocList>
<StmntSeq Intrnl_Id="41">
<LocList>
<Loc EndOffset="638" SrcFileId="1" StartOffset="576"/>
<Loc EndOffset="655" SrcFileId="1" StartOffset="642"/>
</LocList>
<CondStmnt CovItemId="S10" CovItemPrefix="Value.java" Intrnl_Id="42">
<Branch CovItemId="B5" CovItemPrefix="Value.java" Implct="false" Intrnl_Id="43">
<Cond/>
<LocList>
<Loc EndOffset="638" SrcFileId="1" StartOffset="615"/>
</LocList>
<StmntSeq Intrnl_Id="44">
<LocList>
<Loc EndOffset="633" SrcFileId="1" StartOffset="621"/>
</LocList>
<BasicStmnt CovItemId="S11" CovItemPrefix="Value.java" Intrnl_Id="45">
<LocList>
<Loc EndOffset="633" SrcFileId="1" StartOffset="621"/>
</LocList>
</BasicStmnt>
</StmntSeq>
</Branch>
<Branch CovItemId="B6" CovItemPrefix="Value.java" Implct="true" Intrnl_Id="46">
<Cond/>
<LocList/>
<StmntSeq Intrnl_Id="47">
<LocList/>
</StmntSeq>
</Branch>
<Keyword EndOffset="578" SrcFileId="1" StartOffset="576"/>
<LocList>
<Loc EndOffset="638" SrcFileId="1" StartOffset="576"/>
</LocList>
<RootTerm CovItemId="C3" CovItemPrefix="Value.java" Intrnl_Id="48">
<BasicBoolTerm Intrnl_Id="49">
<LocList>
<Loc EndOffset="610" SrcFileId="1" StartOffset="579"/>
</LocList>
</BasicBoolTerm>
</RootTerm>
</CondStmnt>
<BasicStmnt CovItemId="S12" CovItemPrefix="Value.java" Intrnl_Id="50">
<LocList>
<Loc EndOffset="655" SrcFileId="1" StartOffset="642"/>
</LocList>
</BasicStmnt>
</StmntSeq>
</HierarchyLvl>
<HierarchyLvl HierarchyLvlId="738" HierarchyLvlTypeId="6" Intrnl_Id="51" Name="isNumeric">
<Header>
<Loc EndOffset="700" SrcFileId="1" StartOffset="674"/>
</Header>
<LocList>
<Loc EndOffset="881" SrcFileId="1" StartOffset="674"/>
</LocList>
<StmntSeq Intrnl_Id="52">
<LocList>
<Loc EndOffset="854" SrcFileId="1" StartOffset="714"/>
<Loc EndOffset="874" SrcFileId="1" StartOffset="861"/>
</LocList>
<CondStmnt CovItemId="S13" CovItemPrefix="Value.java" Intrnl_Id="53">
<Branch CovItemId="B7" CovItemPrefix="Value.java" Implct="false" Intrnl_Id="54">
<Cond/>
<LocList>
<Loc EndOffset="854" SrcFileId="1" StartOffset="825"/>
</LocList>
<StmntSeq Intrnl_Id="55">
<LocList>
<Loc EndOffset="846" SrcFileId="1" StartOffset="834"/>
</LocList>
<BasicStmnt CovItemId="S14" CovItemPrefix="Value.java" Intrnl_Id="56">
<LocList>
<Loc EndOffset="846" SrcFileId="1" StartOffset="834"/>
</LocList>
</BasicStmnt>
</StmntSeq>
</Branch>
<Branch CovItemId="B8" CovItemPrefix="Value.java" Implct="true" Intrnl_Id="57">
<Cond/>
<LocList/>
<StmntSeq Intrnl_Id="58">
<LocList/>
</StmntSeq>
</Branch>
<Keyword EndOffset="716" SrcFileId="1" StartOffset="714"/>
<LocList>
<Loc EndOffset="854" SrcFileId="1" StartOffset="714"/>
</LocList>
<RootTerm CovItemId="C4" CovItemPrefix="Value.java" Intrnl_Id="59">
<OpTerm BooleanOpId="4" Intrnl_Id="60">
<OpTerm BooleanOpId="4" Intrnl_Id="61">
<OpTerm BooleanOpId="4" Intrnl_Id="62">
<BasicBoolTerm Intrnl_Id="63">
<LocList>
<Loc EndOffset="729" SrcFileId="1" StartOffset="717"/>
</LocList>
</BasicBoolTerm>
<BasicBoolTerm Intrnl_Id="64">
<LocList>
<Loc EndOffset="748" SrcFileId="1" StartOffset="733"/>
</LocList>
</BasicBoolTerm>
<LocList>
<Loc EndOffset="732" SrcFileId="1" StartOffset="730"/>
</LocList>
</OpTerm>
<BasicBoolTerm Intrnl_Id="65">
<LocList>
<Loc EndOffset="781" SrcFileId="1" StartOffset="752"/>
</LocList>
</BasicBoolTerm>
<LocList>
<Loc EndOffset="751" SrcFileId="1" StartOffset="749"/>
</LocList>
</OpTerm>
<BasicBoolTerm Intrnl_Id="66">
<LocList>
<Loc EndOffset="817" SrcFileId="1" StartOffset="785"/>
</LocList>
</BasicBoolTerm>
<LocList>
<Loc EndOffset="784" SrcFileId="1" StartOffset="782"/>
</LocList>
</OpTerm>
</RootTerm>
</CondStmnt>
<BasicStmnt CovItemId="S15" CovItemPrefix="Value.java" Intrnl_Id="67">
<LocList>
<Loc EndOffset="874" SrcFileId="1" StartOffset="861"/>
</LocList>
</BasicStmnt>
</StmntSeq>
</HierarchyLvl>
<HierarchyLvl HierarchyLvlId="739" HierarchyLvlTypeId="6" Intrnl_Id="68" Name="isNumericExpression">
<Header>
<Loc EndOffset="929" SrcFileId="1" StartOffset="893"/>
</Header>
<LocList>
<Loc EndOffset="1242" SrcFileId="1" StartOffset="893"/>
</LocList>
<StmntSeq Intrnl_Id="69">
<LocList>
<Loc EndOffset="1073" SrcFileId="1" StartOffset="943"/>
<Loc EndOffset="1215" SrcFileId="1" StartOffset="1080"/>
<Loc EndOffset="1235" SrcFileId="1" StartOffset="1222"/>
</LocList>
<CondStmnt CovItemId="S16" CovItemPrefix="Value.java" Intrnl_Id="70">
<Branch CovItemId="B9" CovItemPrefix="Value.java" Implct="false" Intrnl_Id="71">
<Cond/>
<LocList>
<Loc EndOffset="1073" SrcFileId="1" StartOffset="983"/>
</LocList>
<StmntSeq Intrnl_Id="72">
<LocList>
<Loc EndOffset="1065" SrcFileId="1" StartOffset="992"/>
</LocList>
<CondStmnt CovItemId="S17" CovItemPrefix="Value.java" Intrnl_Id="73">
<Branch CovItemId="B11" CovItemPrefix="Value.java" Implct="false" Intrnl_Id="74">
<Cond/>
<LocList>
<Loc EndOffset="1065" SrcFileId="1" StartOffset="1033"/>
</LocList>
<StmntSeq Intrnl_Id="75">
<LocList>
<Loc EndOffset="1056" SrcFileId="1" StartOffset="1043"/>
</LocList>
<BasicStmnt CovItemId="S18" CovItemPrefix="Value.java" Intrnl_Id="76">
<LocList>
<Loc EndOffset="1056" SrcFileId="1" StartOffset="1043"/>
</LocList>
</BasicStmnt>
</StmntSeq>
</Branch>
<Branch CovItemId="B12" CovItemPrefix="Value.java" Implct="true" Intrnl_Id="77">
<Cond/>
<LocList/>
<StmntSeq Intrnl_Id="78">
<LocList/>
</StmntSeq>
</Branch>
<Keyword EndOffset="994" SrcFileId="1" StartOffset="992"/>
<LocList>
<Loc EndOffset="1065" SrcFileId="1" StartOffset="992"/>
</LocList>
<RootTerm CovItemId="C6" CovItemPrefix="Value.java" Intrnl_Id="79">
<OpTerm BooleanOpId="2" Intrnl_Id="80">
<BasicBoolTerm Intrnl_Id="81">
<LocList>
<Loc EndOffset="1024" SrcFileId="1" StartOffset="996"/>
</LocList>
</BasicBoolTerm>
<LocList>
<Loc EndOffset="996" SrcFileId="1" StartOffset="995"/>
</LocList>
</OpTerm>
</RootTerm>
</CondStmnt>
</StmntSeq>
</Branch>
<Branch CovItemId="B10" CovItemPrefix="Value.java" Implct="true" Intrnl_Id="82">
<Cond/>
<LocList/>
<StmntSeq Intrnl_Id="83">
<LocList/>
</StmntSeq>
</Branch>
<Keyword EndOffset="945" SrcFileId="1" StartOffset="943"/>
<LocList>
<Loc EndOffset="1073" SrcFileId="1" StartOffset="943"/>
</LocList>
<RootTerm CovItemId="C5" CovItemPrefix="Value.java" Intrnl_Id="84">
<BasicBoolTerm Intrnl_Id="85">
<LocList>
<Loc EndOffset="975" SrcFileId="1" StartOffset="946"/>
</LocList>
</BasicBoolTerm>
</RootTerm>
</CondStmnt>
<CondStmnt CovItemId="S19" CovItemPrefix="Value.java" Intrnl_Id="86">
<Branch CovItemId="B13" CovItemPrefix="Value.java" Implct="false" Intrnl_Id="87">
<Cond/>
<LocList>
<Loc EndOffset="1215" SrcFileId="1" StartOffset="1186"/>
</LocList>
<StmntSeq Intrnl_Id="88">
<LocList>
<Loc EndOffset="1207" SrcFileId="1" StartOffset="1195"/>
</LocList>
<BasicStmnt CovItemId="S20" CovItemPrefix="Value.java" Intrnl_Id="89">
<LocList>
<Loc EndOffset="1207" SrcFileId="1" StartOffset="1195"/>
</LocList>
</BasicStmnt>
</StmntSeq>
</Branch>
<Branch CovItemId="B14" CovItemPrefix="Value.java" Implct="true" Intrnl_Id="90">
<Cond/>
<LocList/>
<StmntSeq Intrnl_Id="91">
<LocList/>
</StmntSeq>
</Branch>
<Keyword EndOffset="1082" SrcFileId="1" StartOffset="1080"/>
<LocList>
<Loc EndOffset="1215" SrcFileId="1" StartOffset="1080"/>
</LocList>
<RootTerm CovItemId="C7" CovItemPrefix="Value.java" Intrnl_Id="92">
<BasicBoolTerm Intrnl_Id="93">
<LocList>
<Loc EndOffset="1178" SrcFileId="1" StartOffset="1083"/>
</LocList>
</BasicBoolTerm>
</RootTerm>
</CondStmnt>
<BasicStmnt CovItemId="S21" CovItemPrefix="Value.java" Intrnl_Id="94">
<LocList>
<Loc EndOffset="1235" SrcFileId="1" StartOffset="1222"/>
</LocList>
</BasicStmnt>
</StmntSeq>
</HierarchyLvl>
<HierarchyLvl HierarchyLvlId="740" HierarchyLvlTypeId="6" Intrnl_Id="95" Name="isChar">
<Header>
<Loc EndOffset="1277" SrcFileId="1" StartOffset="1254"/>
</Header>
<LocList>
<Loc EndOffset="1485" SrcFileId="1" StartOffset="1254"/>
</LocList>
<StmntSeq Intrnl_Id="96">
<LocList>
<Loc EndOffset="1462" SrcFileId="1" StartOffset="1288"/>
<Loc EndOffset="1478" SrcFileId="1" StartOffset="1466"/>
</LocList>
<CondStmnt CovItemId="S22" CovItemPrefix="Value.java" Intrnl_Id="97">
<Branch CovItemId="B15" CovItemPrefix="Value.java" Implct="false" Intrnl_Id="98">
<Cond/>
<LocList>
<Loc EndOffset="1462" SrcFileId="1" StartOffset="1438"/>
</LocList>
<StmntSeq Intrnl_Id="99">
<LocList>
<Loc EndOffset="1457" SrcFileId="1" StartOffset="1444"/>
</LocList>
<BasicStmnt CovItemId="S23" CovItemPrefix="Value.java" Intrnl_Id="100">
<LocList>
<Loc EndOffset="1457" SrcFileId="1" StartOffset="1444"/>
</LocList>
</BasicStmnt>
</StmntSeq>
</Branch>
<Branch CovItemId="B16" CovItemPrefix="Value.java" Implct="true" Intrnl_Id="101">
<Cond/>
<LocList/>
<StmntSeq Intrnl_Id="102">
<LocList/>
</StmntSeq>
</Branch>
<Keyword EndOffset="1290" SrcFileId="1" StartOffset="1288"/>
<LocList>
<Loc EndOffset="1462" SrcFileId="1" StartOffset="1288"/>
</LocList>
<RootTerm CovItemId="C8" CovItemPrefix="Value.java" Intrnl_Id="103">
<OpTerm BooleanOpId="4" Intrnl_Id="104">
<OpTerm BooleanOpId="4" Intrnl_Id="105">
<BasicBoolTerm Intrnl_Id="106">
<LocList>
<Loc EndOffset="1320" SrcFileId="1" StartOffset="1291"/>
</LocList>
</BasicBoolTerm>
<BasicBoolTerm Intrnl_Id="107">
<LocList>
<Loc EndOffset="1364" SrcFileId="1" StartOffset="1331"/>
</LocList>
</BasicBoolTerm>
<LocList>
<Loc EndOffset="1323" SrcFileId="1" StartOffset="1321"/>
</LocList>
</OpTerm>
<BasicBoolTerm Intrnl_Id="108">
<LocList>
<Loc EndOffset="1433" SrcFileId="1" StartOffset="1375"/>
</LocList>
</BasicBoolTerm>
<LocList>
<Loc EndOffset="1367" SrcFileId="1" StartOffset="1365"/>
</LocList>
</OpTerm>
</RootTerm>
</CondStmnt>
<BasicStmnt CovItemId="S24" CovItemPrefix="Value.java" Intrnl_Id="109">
<LocList>
<Loc EndOffset="1478" SrcFileId="1" StartOffset="1466"/>
</LocList>
</BasicStmnt>
</StmntSeq>
</HierarchyLvl>
<HierarchyLvl HierarchyLvlId="741" HierarchyLvlTypeId="6" Intrnl_Id="110" Name="isString">
<Header>
<Loc EndOffset="1522" SrcFileId="1" StartOffset="1497"/>
</Header>
<LocList>
<Loc EndOffset="1764" SrcFileId="1" StartOffset="1497"/>
</LocList>
<StmntSeq Intrnl_Id="111">
<LocList>
<Loc EndOffset="1741" SrcFileId="1" StartOffset="1536"/>
<Loc EndOffset="1757" SrcFileId="1" StartOffset="1745"/>
</LocList>
<CondStmnt CovItemId="S25" CovItemPrefix="Value.java" Intrnl_Id="112">
<Branch CovItemId="B17" CovItemPrefix="Value.java" Implct="false" Intrnl_Id="113">
<Cond/>
<LocList>
<Loc EndOffset="1605" SrcFileId="1" StartOffset="1575"/>
</LocList>
<StmntSeq Intrnl_Id="114">
<LocList>
<Loc EndOffset="1597" SrcFileId="1" StartOffset="1584"/>
</LocList>
<BasicStmnt CovItemId="S26" CovItemPrefix="Value.java" Intrnl_Id="115">
<LocList>
<Loc EndOffset="1597" SrcFileId="1" StartOffset="1584"/>
</LocList>
</BasicStmnt>
</StmntSeq>
</Branch>
<Branch CovItemId="B18" CovItemPrefix="Value.java" Implct="false" Intrnl_Id="116">
<Cond>
<Loc EndOffset="1616" SrcFileId="1" StartOffset="1612"/>
</Cond>
<LocList>
<Loc EndOffset="1741" SrcFileId="1" StartOffset="1617"/>
</LocList>
<StmntSeq Intrnl_Id="117">
<LocList>
<Loc EndOffset="1741" SrcFileId="1" StartOffset="1617"/>
</LocList>
<CondStmnt CovItemId="S27" CovItemPrefix="Value.java" Intrnl_Id="118">
<Branch CovItemId="B19" CovItemPrefix="Value.java" Implct="false" Intrnl_Id="119">
<Cond/>
<LocList>
<Loc EndOffset="1741" SrcFileId="1" StartOffset="1717"/>
</LocList>
<StmntSeq Intrnl_Id="120">
<LocList>
<Loc EndOffset="1736" SrcFileId="1" StartOffset="1723"/>
</LocList>
<BasicStmnt CovItemId="S28" CovItemPrefix="Value.java" Intrnl_Id="121">
<LocList>
<Loc EndOffset="1736" SrcFileId="1" StartOffset="1723"/>
</LocList>
</BasicStmnt>
</StmntSeq>
</Branch>
<Branch CovItemId="B20" CovItemPrefix="Value.java" Implct="true" Intrnl_Id="122">
<Cond/>
<LocList/>
<StmntSeq Intrnl_Id="123">
<LocList/>
</StmntSeq>
</Branch>
<Keyword EndOffset="1619" SrcFileId="1" StartOffset="1617"/>
<LocList>
<Loc EndOffset="1741" SrcFileId="1" StartOffset="1617"/>
</LocList>
<RootTerm CovItemId="C10" CovItemPrefix="Value.java" Intrnl_Id="124">
<OpTerm BooleanOpId="4" Intrnl_Id="125">
<BasicBoolTerm Intrnl_Id="126">
<LocList>
<Loc EndOffset="1652" SrcFileId="1" StartOffset="1620"/>
</LocList>
</BasicBoolTerm>
<BasicBoolTerm Intrnl_Id="127">
<LocList>
<Loc EndOffset="1712" SrcFileId="1" StartOffset="1655"/>
</LocList>
</BasicBoolTerm>
<LocList>
<Loc EndOffset="1654" SrcFileId="1" StartOffset="1652"/>
</LocList>
</OpTerm>
</RootTerm>
</CondStmnt>
</StmntSeq>
</Branch>
<Keyword EndOffset="1538" SrcFileId="1" StartOffset="1536"/>
<LocList>
<Loc EndOffset="1741" SrcFileId="1" StartOffset="1536"/>
</LocList>
<RootTerm CovItemId="C9" CovItemPrefix="Value.java" Intrnl_Id="128">
<BasicBoolTerm Intrnl_Id="129">
<LocList>
<Loc EndOffset="1567" SrcFileId="1" StartOffset="1539"/>
</LocList>
</BasicBoolTerm>
</RootTerm>
</CondStmnt>
<BasicStmnt CovItemId="S29" CovItemPrefix="Value.java" Intrnl_Id="130">
<LocList>
<Loc EndOffset="1757" SrcFileId="1" StartOffset="1745"/>
</LocList>
</BasicStmnt>
</StmntSeq>
</HierarchyLvl>
<HierarchyLvl HierarchyLvlId="742" HierarchyLvlTypeId="6" Intrnl_Id="131" Name="isBool">
<Header>
<Loc EndOffset="1799" SrcFileId="1" StartOffset="1776"/>
</Header>
<LocList>
<Loc EndOffset="1945" SrcFileId="1" StartOffset="1776"/>
</LocList>
<StmntSeq Intrnl_Id="132">
<LocList>
<Loc EndOffset="1918" SrcFileId="1" StartOffset="1813"/>
<Loc EndOffset="1938" SrcFileId="1" StartOffset="1925"/>
</LocList>
<CondStmnt CovItemId="S30" CovItemPrefix="Value.java" Intrnl_Id="133">
<Branch CovItemId="B21" CovItemPrefix="Value.java" Implct="false" Intrnl_Id="134">
<Cond/>
<LocList>
<Loc EndOffset="1918" SrcFileId="1" StartOffset="1889"/>
</LocList>
<StmntSeq Intrnl_Id="135">
<LocList>
<Loc EndOffset="1910" SrcFileId="1" StartOffset="1898"/>
</LocList>
<BasicStmnt CovItemId="S31" CovItemPrefix="Value.java" Intrnl_Id="136">
<LocList>
<Loc EndOffset="1910" SrcFileId="1" StartOffset="1898"/>
</LocList>
</BasicStmnt>
</StmntSeq>
</Branch>
<Branch CovItemId="B22" CovItemPrefix="Value.java" Implct="true" Intrnl_Id="137">
<Cond/>
<LocList/>
<StmntSeq Intrnl_Id="138">
<LocList/>
</StmntSeq>
</Branch>
<Keyword EndOffset="1815" SrcFileId="1" StartOffset="1813"/>
<LocList>
<Loc EndOffset="1918" SrcFileId="1" StartOffset="1813"/>
</LocList>
<RootTerm CovItemId="C11" CovItemPrefix="Value.java" Intrnl_Id="139">
<OpTerm BooleanOpId="4" Intrnl_Id="140">
<BasicBoolTerm Intrnl_Id="141">
<LocList>
<Loc EndOffset="1846" SrcFileId="1" StartOffset="1816"/>
</LocList>
</BasicBoolTerm>
<BasicBoolTerm Intrnl_Id="142">
<LocList>
<Loc EndOffset="1881" SrcFileId="1" StartOffset="1850"/>
</LocList>
</BasicBoolTerm>
<LocList>
<Loc EndOffset="1849" SrcFileId="1" StartOffset="1847"/>
</LocList>
</OpTerm>
</RootTerm>
</CondStmnt>
<BasicStmnt CovItemId="S32" CovItemPrefix="Value.java" Intrnl_Id="143">
<LocList>
<Loc EndOffset="1938" SrcFileId="1" StartOffset="1925"/>
</LocList>
</BasicStmnt>
</StmntSeq>
</HierarchyLvl>
<HierarchyLvl HierarchyLvlId="743" HierarchyLvlTypeId="6" Intrnl_Id="144" Name="isContainer">
<Header>
<Loc EndOffset="1985" SrcFileId="1" StartOffset="1957"/>
</Header>
<LocList>
<Loc EndOffset="2158" SrcFileId="1" StartOffset="1957"/>
</LocList>
<StmntSeq Intrnl_Id="145">
<LocList>
<Loc EndOffset="2131" SrcFileId="1" StartOffset="1999"/>
<Loc EndOffset="2151" SrcFileId="1" StartOffset="2138"/>
</LocList>
<CondStmnt CovItemId="S33" CovItemPrefix="Value.java" Intrnl_Id="146">
<Branch CovItemId="B23" CovItemPrefix="Value.java" Implct="false" Intrnl_Id="147">
<Cond/>
<LocList>
<Loc EndOffset="2131" SrcFileId="1" StartOffset="2102"/>
</LocList>
<StmntSeq Intrnl_Id="148">
<LocList>
<Loc EndOffset="2123" SrcFileId="1" StartOffset="2111"/>
</LocList>
<BasicStmnt CovItemId="S34" CovItemPrefix="Value.java" Intrnl_Id="149">
<LocList>
<Loc EndOffset="2123" SrcFileId="1" StartOffset="2111"/>
</LocList>
</BasicStmnt>
</StmntSeq>
</Branch>
<Branch CovItemId="B24" CovItemPrefix="Value.java" Implct="true" Intrnl_Id="150">
<Cond/>
<LocList/>
<StmntSeq Intrnl_Id="151">
<LocList/>
</StmntSeq>
</Branch>
<Keyword EndOffset="2001" SrcFileId="1" StartOffset="1999"/>
<LocList>
<Loc EndOffset="2131" SrcFileId="1" StartOffset="1999"/>
</LocList>
<RootTerm CovItemId="C12" CovItemPrefix="Value.java" Intrnl_Id="152">
<OpTerm BooleanOpId="4" Intrnl_Id="153">
<BasicBoolTerm Intrnl_Id="154">
<LocList>
<Loc EndOffset="2055" SrcFileId="1" StartOffset="2002"/>
</LocList>
</BasicBoolTerm>
<BasicBoolTerm Intrnl_Id="155">
<LocList>
<Loc EndOffset="2094" SrcFileId="1" StartOffset="2059"/>
</LocList>
</BasicBoolTerm>
<LocList>
<Loc EndOffset="2058" SrcFileId="1" StartOffset="2056"/>
</LocList>
</OpTerm>
</RootTerm>
</CondStmnt>
<BasicStmnt CovItemId="S35" CovItemPrefix="Value.java" Intrnl_Id="156">
<LocList>
<Loc EndOffset="2151" SrcFileId="1" StartOffset="2138"/>
</LocList>
</BasicStmnt>
</StmntSeq>
</HierarchyLvl>
<HierarchyLvl HierarchyLvlId="744" HierarchyLvlTypeId="6" Intrnl_Id="157" Name="isSameType">
<Header>
<Loc EndOffset="2206" SrcFileId="1" StartOffset="2170"/>
</Header>
<LocList>
<Loc EndOffset="2794" SrcFileId="1" StartOffset="2170"/>
</LocList>
<StmntSeq Intrnl_Id="158">
<LocList>
<Loc EndOffset="2289" SrcFileId="1" StartOffset="2220"/>
<Loc EndOffset="2760" SrcFileId="1" StartOffset="2296"/>
<Loc EndOffset="2787" SrcFileId="1" StartOffset="2774"/>
</LocList>
<CondStmnt CovItemId="S36" CovItemPrefix="Value.java" Intrnl_Id="159">
<Branch CovItemId="B25" CovItemPrefix="Value.java" Implct="false" Intrnl_Id="160">
<Cond/>
<LocList>
<Loc EndOffset="2289" SrcFileId="1" StartOffset="2260"/>
</LocList>
<StmntSeq Intrnl_Id="161">
<LocList>
<Loc EndOffset="2281" SrcFileId="1" StartOffset="2269"/>
</LocList>
<BasicStmnt CovItemId="S37" CovItemPrefix="Value.java" Intrnl_Id="162">
<LocList>
<Loc EndOffset="2281" SrcFileId="1" StartOffset="2269"/>
</LocList>
</BasicStmnt>
</StmntSeq>
</Branch>
<Branch CovItemId="B26" CovItemPrefix="Value.java" Implct="true" Intrnl_Id="163">
<Cond/>
<LocList/>
<StmntSeq Intrnl_Id="164">
<LocList/>
</StmntSeq>
</Branch>
<Keyword EndOffset="2222" SrcFileId="1" StartOffset="2220"/>
<LocList>
<Loc EndOffset="2289" SrcFileId="1" StartOffset="2220"/>
</LocList>
<RootTerm CovItemId="C13" CovItemPrefix="Value.java" Intrnl_Id="165">
<OpTerm BooleanOpId="3" Intrnl_Id="166">
<BasicBoolTerm Intrnl_Id="167">
<LocList>
<Loc EndOffset="2236" SrcFileId="1" StartOffset="2223"/>
</LocList>
</BasicBoolTerm>
<BasicBoolTerm Intrnl_Id="168">
<LocList>
<Loc EndOffset="2252" SrcFileId="1" StartOffset="2240"/>
</LocList>
</BasicBoolTerm>
<LocList>
<Loc EndOffset="2239" SrcFileId="1" StartOffset="2237"/>
</LocList>
</OpTerm>
</RootTerm>
</CondStmnt>
<CondStmnt CovItemId="S38" CovItemPrefix="Value.java" Intrnl_Id="169">
<Branch CovItemId="B27" CovItemPrefix="Value.java" Implct="false" Intrnl_Id="170">
<Cond/>
<LocList>
<Loc EndOffset="2375" SrcFileId="1" StartOffset="2346"/>
</LocList>
<StmntSeq Intrnl_Id="171">
<LocList>
<Loc EndOffset="2367" SrcFileId="1" StartOffset="2355"/>
</LocList>
<BasicStmnt CovItemId="S39" CovItemPrefix="Value.java" Intrnl_Id="172">
<LocList>
<Loc EndOffset="2367" SrcFileId="1" StartOffset="2355"/>
</LocList>
</BasicStmnt>
</StmntSeq>
</Branch>
<Branch CovItemId="B28" CovItemPrefix="Value.java" Implct="false" Intrnl_Id="173">
<Cond>
<Loc EndOffset="2386" SrcFileId="1" StartOffset="2382"/>
</Cond>
<LocList>
<Loc EndOffset="2760" SrcFileId="1" StartOffset="2387"/>
</LocList>
<StmntSeq Intrnl_Id="174">
<LocList>
<Loc EndOffset="2760" SrcFileId="1" StartOffset="2387"/>
</LocList>
<CondStmnt CovItemId="S40" CovItemPrefix="Value.java" Intrnl_Id="175">
<Branch CovItemId="B29" CovItemPrefix="Value.java" Implct="false" Intrnl_Id="176">
<Cond/>
<LocList>
<Loc EndOffset="2456" SrcFileId="1" StartOffset="2427"/>
</LocList>
<StmntSeq Intrnl_Id="177">
<LocList>
<Loc EndOffset="2448" SrcFileId="1" StartOffset="2436"/>
</LocList>
<BasicStmnt CovItemId="S41" CovItemPrefix="Value.java" Intrnl_Id="178">
<LocList>
<Loc EndOffset="2448" SrcFileId="1" StartOffset="2436"/>
</LocList>
</BasicStmnt>
</StmntSeq>
</Branch>
<Branch CovItemId="B30" CovItemPrefix="Value.java" Implct="false" Intrnl_Id="179">
<Cond>
<Loc EndOffset="2467" SrcFileId="1" StartOffset="2463"/>
</Cond>
<LocList>
<Loc EndOffset="2760" SrcFileId="1" StartOffset="2468"/>
</LocList>
<StmntSeq Intrnl_Id="180">
<LocList>
<Loc EndOffset="2760" SrcFileId="1" StartOffset="2468"/>
</LocList>
<CondStmnt CovItemId="S42" CovItemPrefix="Value.java" Intrnl_Id="181">
<Branch CovItemId="B31" CovItemPrefix="Value.java" Implct="false" Intrnl_Id="182">
<Cond/>
<LocList>
<Loc EndOffset="2592" SrcFileId="1" StartOffset="2563"/>
</LocList>
<StmntSeq Intrnl_Id="183">
<LocList>
<Loc EndOffset="2584" SrcFileId="1" StartOffset="2572"/>
</LocList>
<BasicStmnt CovItemId="S43" CovItemPrefix="Value.java" Intrnl_Id="184">
<LocList>
<Loc EndOffset="2584" SrcFileId="1" StartOffset="2572"/>
</LocList>
</BasicStmnt>
</StmntSeq>
</Branch>
<Branch CovItemId="B32" CovItemPrefix="Value.java" Implct="false" Intrnl_Id="185">
<Cond>
<Loc EndOffset="2603" SrcFileId="1" StartOffset="2599"/>
</Cond>
<LocList>
<Loc EndOffset="2760" SrcFileId="1" StartOffset="2604"/>
</LocList>
<StmntSeq Intrnl_Id="186">
<LocList>
<Loc EndOffset="2760" SrcFileId="1" StartOffset="2604"/>
</LocList>
<CondStmnt CovItemId="S44" CovItemPrefix="Value.java" Intrnl_Id="187">
<Branch CovItemId="B33" CovItemPrefix="Value.java" Implct="false" Intrnl_Id="188">
<Cond/>
<LocList>
<Loc EndOffset="2677" SrcFileId="1" StartOffset="2648"/>
</LocList>
<StmntSeq Intrnl_Id="189">
<LocList>
<Loc EndOffset="2669" SrcFileId="1" StartOffset="2657"/>
</LocList>
<BasicStmnt CovItemId="S45" CovItemPrefix="Value.java" Intrnl_Id="190">
<LocList>
<Loc EndOffset="2669" SrcFileId="1" StartOffset="2657"/>
</LocList>
</BasicStmnt>
</StmntSeq>
</Branch>
<Branch CovItemId="B34" CovItemPrefix="Value.java" Implct="false" Intrnl_Id="191">
<Cond>
<Loc EndOffset="2688" SrcFileId="1" StartOffset="2684"/>
</Cond>
<LocList>
<Loc EndOffset="2760" SrcFileId="1" StartOffset="2689"/>
</LocList>
<StmntSeq Intrnl_Id="192">
<LocList>
<Loc EndOffset="2760" SrcFileId="1" StartOffset="2689"/>
</LocList>
<CondStmnt CovItemId="S46" CovItemPrefix="Value.java" Intrnl_Id="193">
<Branch CovItemId="B35" CovItemPrefix="Value.java" Implct="false" Intrnl_Id="194">
<Cond/>
<LocList>
<Loc EndOffset="2760" SrcFileId="1" StartOffset="2731"/>
</LocList>
<StmntSeq Intrnl_Id="195">
<LocList>
<Loc EndOffset="2752" SrcFileId="1" StartOffset="2740"/>
</LocList>
<BasicStmnt CovItemId="S47" CovItemPrefix="Value.java" Intrnl_Id="196">
<LocList>
<Loc EndOffset="2752" SrcFileId="1" StartOffset="2740"/>
</LocList>
</BasicStmnt>
</StmntSeq>
</Branch>
<Branch CovItemId="B36" CovItemPrefix="Value.java" Implct="true" Intrnl_Id="197">
<Cond/>
<LocList/>
<StmntSeq Intrnl_Id="198">
<LocList/>
</StmntSeq>
</Branch>
<Keyword EndOffset="2691" SrcFileId="1" StartOffset="2689"/>
<LocList>
<Loc EndOffset="2760" SrcFileId="1" StartOffset="2689"/>
</LocList>
<RootTerm CovItemId="C18" CovItemPrefix="Value.java" Intrnl_Id="199">
<OpTerm BooleanOpId="3" Intrnl_Id="200">
<BasicBoolTerm Intrnl_Id="201">
<LocList>
<Loc EndOffset="2706" SrcFileId="1" StartOffset="2692"/>
</LocList>
</BasicBoolTerm>
<BasicBoolTerm Intrnl_Id="202">
<LocList>
<Loc EndOffset="2723" SrcFileId="1" StartOffset="2710"/>
</LocList>
</BasicBoolTerm>
<LocList>
<Loc EndOffset="2709" SrcFileId="1" StartOffset="2707"/>
</LocList>
</OpTerm>
</RootTerm>
</CondStmnt>
</StmntSeq>
</Branch>
<Keyword EndOffset="2606" SrcFileId="1" StartOffset="2604"/>
<LocList>
<Loc EndOffset="2760" SrcFileId="1" StartOffset="2604"/>
</LocList>
<RootTerm CovItemId="C17" CovItemPrefix="Value.java" Intrnl_Id="203">
<OpTerm BooleanOpId="3" Intrnl_Id="204">
<BasicBoolTerm Intrnl_Id="205">
<LocList>
<Loc EndOffset="2622" SrcFileId="1" StartOffset="2607"/>
</LocList>
</BasicBoolTerm>
<BasicBoolTerm Intrnl_Id="206">
<LocList>
<Loc EndOffset="2640" SrcFileId="1" StartOffset="2626"/>
</LocList>
</BasicBoolTerm>
<LocList>
<Loc EndOffset="2625" SrcFileId="1" StartOffset="2623"/>
</LocList>
</OpTerm>
</RootTerm>
</CondStmnt>
</StmntSeq>
</Branch>
<Keyword EndOffset="2470" SrcFileId="1" StartOffset="2468"/>
<LocList>
<Loc EndOffset="2760" SrcFileId="1" StartOffset="2468"/>
</LocList>
<RootTerm CovItemId="C16" CovItemPrefix="Value.java" Intrnl_Id="207">
<OpTerm BooleanOpId="4" Intrnl_Id="208">
<OpTerm BooleanOpId="3" Intrnl_Id="209">
<BasicBoolTerm Intrnl_Id="210">
<LocList>
<Loc EndOffset="2487" SrcFileId="1" StartOffset="2471"/>
</LocList>
</BasicBoolTerm>
<BasicBoolTerm Intrnl_Id="211">
<LocList>
<Loc EndOffset="2506" SrcFileId="1" StartOffset="2491"/>
</LocList>
</BasicBoolTerm>
<LocList>
<Loc EndOffset="2490" SrcFileId="1" StartOffset="2488"/>
</LocList>
</OpTerm>
<OpTerm BooleanOpId="3" Intrnl_Id="212">
<BasicBoolTerm Intrnl_Id="213">
<LocList>
<Loc EndOffset="2526" SrcFileId="1" StartOffset="2510"/>
</LocList>
</BasicBoolTerm>
<BasicBoolTerm Intrnl_Id="214">
<LocList>
<Loc EndOffset="2555" SrcFileId="1" StartOffset="2530"/>
</LocList>
</BasicBoolTerm>
<LocList>
<Loc EndOffset="2529" SrcFileId="1" StartOffset="2527"/>
</LocList>
</OpTerm>
<LocList>
<Loc EndOffset="2509" SrcFileId="1" StartOffset="2507"/>
</LocList>
</OpTerm>
</RootTerm>
</CondStmnt>
</StmntSeq>
</Branch>
<Keyword EndOffset="2389" SrcFileId="1" StartOffset="2387"/>
<LocList>
<Loc EndOffset="2760" SrcFileId="1" StartOffset="2387"/>
</LocList>
<RootTerm CovItemId="C15" CovItemPrefix="Value.java" Intrnl_Id="215">
<OpTerm BooleanOpId="3" Intrnl_Id="216">
<BasicBoolTerm Intrnl_Id="217">
<LocList>
<Loc EndOffset="2403" SrcFileId="1" StartOffset="2390"/>
</LocList>
</BasicBoolTerm>
<BasicBoolTerm Intrnl_Id="218">
<LocList>
<Loc EndOffset="2419" SrcFileId="1" StartOffset="2407"/>
</LocList>
</BasicBoolTerm>
<LocList>
<Loc EndOffset="2406" SrcFileId="1" StartOffset="2404"/>
</LocList>
</OpTerm>
</RootTerm>
</CondStmnt>
</StmntSeq>
</Branch>
<Keyword EndOffset="2298" SrcFileId="1" StartOffset="2296"/>
<LocList>
<Loc EndOffset="2760" SrcFileId="1" StartOffset="2296"/>
</LocList>
<RootTerm CovItemId="C14" CovItemPrefix="Value.java" Intrnl_Id="219">
<OpTerm BooleanOpId="3" Intrnl_Id="220">
<BasicBoolTerm Intrnl_Id="221">
<LocList>
<Loc EndOffset="2317" SrcFileId="1" StartOffset="2299"/>
</LocList>
</BasicBoolTerm>
<BasicBoolTerm Intrnl_Id="222">
<LocList>
<Loc EndOffset="2338" SrcFileId="1" StartOffset="2321"/>
</LocList>
</BasicBoolTerm>
<LocList>
<Loc EndOffset="2320" SrcFileId="1" StartOffset="2318"/>
</LocList>
</OpTerm>
</RootTerm>
</CondStmnt>
<BasicStmnt CovItemId="S48" CovItemPrefix="Value.java" Intrnl_Id="223">
<LocList>
<Loc EndOffset="2787" SrcFileId="1" StartOffset="2774"/>
</LocList>
</BasicStmnt>
</StmntSeq>
</HierarchyLvl>
<HierarchyLvl HierarchyLvlId="745" HierarchyLvlTypeId="6" Intrnl_Id="224" Name="GetType">
<Header>
<Loc EndOffset="2829" SrcFileId="1" StartOffset="2806"/>
</Header>
<LocList>
<Loc EndOffset="3601" SrcFileId="1" StartOffset="2806"/>
</LocList>
<StmntSeq Intrnl_Id="225">
<LocList>
<Loc EndOffset="3594" SrcFileId="1" StartOffset="2843"/>
</LocList>
<CondStmnt CovItemId="S49" CovItemPrefix="Value.java" Intrnl_Id="226">
<Branch CovItemId="B37" CovItemPrefix="Value.java" Implct="false" Intrnl_Id="227">
<Cond/>
<LocList>
<Loc EndOffset="2932" SrcFileId="1" StartOffset="2901"/>
</LocList>
<StmntSeq Intrnl_Id="228">
<LocList>
<Loc EndOffset="2924" SrcFileId="1" StartOffset="2910"/>
</LocList>
<BasicStmnt CovItemId="S50" CovItemPrefix="Value.java" Intrnl_Id="229">
<LocList>
<Loc EndOffset="2924" SrcFileId="1" StartOffset="2910"/>
</LocList>
</BasicStmnt>
</StmntSeq>
</Branch>
<Branch CovItemId="B38" CovItemPrefix="Value.java" Implct="false" Intrnl_Id="230">
<Cond>
<Loc EndOffset="2943" SrcFileId="1" StartOffset="2939"/>
</Cond>
<LocList>
<Loc EndOffset="3594" SrcFileId="1" StartOffset="2944"/>
</LocList>
<StmntSeq Intrnl_Id="231">
<LocList>
<Loc EndOffset="3594" SrcFileId="1" StartOffset="2944"/>
</LocList>
<CondStmnt CovItemId="S51" CovItemPrefix="Value.java" Intrnl_Id="232">
<Branch CovItemId="B39" CovItemPrefix="Value.java" Implct="false" Intrnl_Id="233">
<Cond/>
<LocList>
<Loc EndOffset="3048" SrcFileId="1" StartOffset="3012"/>
</LocList>
<StmntSeq Intrnl_Id="234">
<LocList>
<Loc EndOffset="3040" SrcFileId="1" StartOffset="3021"/>
</LocList>
<BasicStmnt CovItemId="S52" CovItemPrefix="Value.java" Intrnl_Id="235">
<LocList>
<Loc EndOffset="3040" SrcFileId="1" StartOffset="3021"/>
</LocList>
</BasicStmnt>
</StmntSeq>
</Branch>
<Branch CovItemId="B40" CovItemPrefix="Value.java" Implct="false" Intrnl_Id="236">
<Cond>
<Loc EndOffset="3059" SrcFileId="1" StartOffset="3055"/>
</Cond>
<LocList>
<Loc EndOffset="3594" SrcFileId="1" StartOffset="3060"/>
</LocList>
<StmntSeq Intrnl_Id="237">
<LocList>
<Loc EndOffset="3594" SrcFileId="1" StartOffset="3060"/>
</LocList>
<CondStmnt CovItemId="S53" CovItemPrefix="Value.java" Intrnl_Id="238">
<Branch CovItemId="B41" CovItemPrefix="Value.java" Implct="false" Intrnl_Id="239">
<Cond/>
<LocList>
<Loc EndOffset="3146" SrcFileId="1" StartOffset="3116"/>
</LocList>
<StmntSeq Intrnl_Id="240">
<LocList>
<Loc EndOffset="3138" SrcFileId="1" StartOffset="3125"/>
</LocList>
<BasicStmnt CovItemId="S54" CovItemPrefix="Value.java" Intrnl_Id="241">
<LocList>
<Loc EndOffset="3138" SrcFileId="1" StartOffset="3125"/>
</LocList>
</BasicStmnt>
</StmntSeq>
</Branch>
<Branch CovItemId="B42" CovItemPrefix="Value.java" Implct="false" Intrnl_Id="242">
<Cond>
<Loc EndOffset="3157" SrcFileId="1" StartOffset="3153"/>
</Cond>
<LocList>
<Loc EndOffset="3594" SrcFileId="1" StartOffset="3158"/>
</LocList>
<StmntSeq Intrnl_Id="243">
<LocList>
<Loc EndOffset="3594" SrcFileId="1" StartOffset="3158"/>
</LocList>
<CondStmnt CovItemId="S55" CovItemPrefix="Value.java" Intrnl_Id="244">
<Branch CovItemId="B43" CovItemPrefix="Value.java" Implct="false" Intrnl_Id="245">
<Cond/>
<LocList>
<Loc EndOffset="3253" SrcFileId="1" StartOffset="3220"/>
</LocList>
<StmntSeq Intrnl_Id="246">
<LocList>
<Loc EndOffset="3245" SrcFileId="1" StartOffset="3229"/>
</LocList>
<BasicStmnt CovItemId="S56" CovItemPrefix="Value.java" Intrnl_Id="247">
<LocList>
<Loc EndOffset="3245" SrcFileId="1" StartOffset="3229"/>
</LocList>
</BasicStmnt>
</StmntSeq>
</Branch>
<Branch CovItemId="B44" CovItemPrefix="Value.java" Implct="false" Intrnl_Id="248">
<Cond>
<Loc EndOffset="3264" SrcFileId="1" StartOffset="3260"/>
</Cond>
<LocList>
<Loc EndOffset="3594" SrcFileId="1" StartOffset="3265"/>
</LocList>
<StmntSeq Intrnl_Id="249">
<LocList>
<Loc EndOffset="3594" SrcFileId="1" StartOffset="3265"/>
</LocList>
<CondStmnt CovItemId="S57" CovItemPrefix="Value.java" Intrnl_Id="250">
<Branch CovItemId="B45" CovItemPrefix="Value.java" Implct="false" Intrnl_Id="251">
<Cond/>
<LocList>
<Loc EndOffset="3354" SrcFileId="1" StartOffset="3323"/>
</LocList>
<StmntSeq Intrnl_Id="252">
<LocList>
<Loc EndOffset="3346" SrcFileId="1" StartOffset="3332"/>
</LocList>
<BasicStmnt CovItemId="S58" CovItemPrefix="Value.java" Intrnl_Id="253">
<LocList>
<Loc EndOffset="3346" SrcFileId="1" StartOffset="3332"/>
</LocList>
</BasicStmnt>
</StmntSeq>
</Branch>
<Branch CovItemId="B46" CovItemPrefix="Value.java" Implct="false" Intrnl_Id="254">
<Cond>
<Loc EndOffset="3365" SrcFileId="1" StartOffset="3361"/>
</Cond>
<LocList>
<Loc EndOffset="3594" SrcFileId="1" StartOffset="3366"/>
</LocList>
<StmntSeq Intrnl_Id="255">
<LocList>
<Loc EndOffset="3594" SrcFileId="1" StartOffset="3366"/>
</LocList>
<CondStmnt CovItemId="S59" CovItemPrefix="Value.java" Intrnl_Id="256">
<Branch CovItemId="B47" CovItemPrefix="Value.java" Implct="false" Intrnl_Id="257">
<Cond/>
<LocList>
<Loc EndOffset="3461" SrcFileId="1" StartOffset="3428"/>
</LocList>
<StmntSeq Intrnl_Id="258">
<LocList>
<Loc EndOffset="3453" SrcFileId="1" StartOffset="3437"/>
</LocList>
<BasicStmnt CovItemId="S60" CovItemPrefix="Value.java" Intrnl_Id="259">
<LocList>
<Loc EndOffset="3453" SrcFileId="1" StartOffset="3437"/>
</LocList>
</BasicStmnt>
</StmntSeq>
</Branch>
<Branch CovItemId="B48" CovItemPrefix="Value.java" Implct="false" Intrnl_Id="260">
<Cond>
<Loc EndOffset="3472" SrcFileId="1" StartOffset="3468"/>
</Cond>
<LocList>
<Loc EndOffset="3594" SrcFileId="1" StartOffset="3473"/>
</LocList>
<StmntSeq Intrnl_Id="261">
<LocList>
<Loc EndOffset="3594" SrcFileId="1" StartOffset="3473"/>
</LocList>
<CondStmnt CovItemId="S61" CovItemPrefix="Value.java" Intrnl_Id="262">
<Branch CovItemId="B49" CovItemPrefix="Value.java" Implct="false" Intrnl_Id="263">
<Cond/>
<LocList>
<Loc EndOffset="3547" SrcFileId="1" StartOffset="3515"/>
</LocList>
<StmntSeq Intrnl_Id="264">
<LocList>
<Loc EndOffset="3539" SrcFileId="1" StartOffset="3524"/>
</LocList>
<BasicStmnt CovItemId="S62" CovItemPrefix="Value.java" Intrnl_Id="265">
<LocList>
<Loc EndOffset="3539" SrcFileId="1" StartOffset="3524"/>
</LocList>
</BasicStmnt>
</StmntSeq>
</Branch>
<Branch CovItemId="B50" CovItemPrefix="Value.java" Implct="false" Intrnl_Id="266">
<Cond>
<Loc EndOffset="3558" SrcFileId="1" StartOffset="3554"/>
</Cond>
<LocList>
<Loc EndOffset="3594" SrcFileId="1" StartOffset="3565"/>
</LocList>
<StmntSeq Intrnl_Id="267">
<LocList>
<Loc EndOffset="3586" SrcFileId="1" StartOffset="3574"/>
</LocList>
<BasicStmnt CovItemId="S63" CovItemPrefix="Value.java" Intrnl_Id="268">
<LocList>
<Loc EndOffset="3586" SrcFileId="1" StartOffset="3574"/>
</LocList>
</BasicStmnt>
</StmntSeq>
</Branch>
<Keyword EndOffset="3475" SrcFileId="1" StartOffset="3473"/>
<LocList>
<Loc EndOffset="3594" SrcFileId="1" StartOffset="3473"/>
</LocList>
<RootTerm CovItemId="C25" CovItemPrefix="Value.java" Intrnl_Id="269">
<BasicBoolTerm Intrnl_Id="270">
<LocList>
<Loc EndOffset="3507" SrcFileId="1" StartOffset="3476"/>
</LocList>
</BasicBoolTerm>
</RootTerm>
</CondStmnt>
</StmntSeq>
</Branch>
<Keyword EndOffset="3368" SrcFileId="1" StartOffset="3366"/>
<LocList>
<Loc EndOffset="3594" SrcFileId="1" StartOffset="3366"/>
</LocList>
<RootTerm CovItemId="C24" CovItemPrefix="Value.java" Intrnl_Id="271">
<OpTerm BooleanOpId="4" Intrnl_Id="272">
<BasicBoolTerm Intrnl_Id="273">
<LocList>
<Loc EndOffset="3384" SrcFileId="1" StartOffset="3369"/>
</LocList>
</BasicBoolTerm>
<BasicBoolTerm Intrnl_Id="274">
<LocList>
<Loc EndOffset="3420" SrcFileId="1" StartOffset="3388"/>
</LocList>
</BasicBoolTerm>
<LocList>
<Loc EndOffset="3387" SrcFileId="1" StartOffset="3385"/>
</LocList>
</OpTerm>
</RootTerm>
</CondStmnt>
</StmntSeq>
</Branch>
<Keyword EndOffset="3267" SrcFileId="1" StartOffset="3265"/>
<LocList>
<Loc EndOffset="3594" SrcFileId="1" StartOffset="3265"/>
</LocList>
<RootTerm CovItemId="C23" CovItemPrefix="Value.java" Intrnl_Id="275">
<OpTerm BooleanOpId="4" Intrnl_Id="276">
<BasicBoolTerm Intrnl_Id="277">
<LocList>
<Loc EndOffset="3281" SrcFileId="1" StartOffset="3268"/>
</LocList>
</BasicBoolTerm>
<BasicBoolTerm Intrnl_Id="278">
<LocList>
<Loc EndOffset="3315" SrcFileId="1" StartOffset="3285"/>
</LocList>
</BasicBoolTerm>
<LocList>
<Loc EndOffset="3284" SrcFileId="1" StartOffset="3282"/>
</LocList>
</OpTerm>
</RootTerm>
</CondStmnt>
</StmntSeq>
</Branch>
<Keyword EndOffset="3160" SrcFileId="1" StartOffset="3158"/>
<LocList>
<Loc EndOffset="3594" SrcFileId="1" StartOffset="3158"/>
</LocList>
<RootTerm CovItemId="C22" CovItemPrefix="Value.java" Intrnl_Id="279">
<OpTerm BooleanOpId="4" Intrnl_Id="280">
<BasicBoolTerm Intrnl_Id="281">
<LocList>
<Loc EndOffset="3176" SrcFileId="1" StartOffset="3161"/>
</LocList>
</BasicBoolTerm>
<BasicBoolTerm Intrnl_Id="282">
<LocList>
<Loc EndOffset="3212" SrcFileId="1" StartOffset="3180"/>
</LocList>
</BasicBoolTerm>
<LocList>
<Loc EndOffset="3179" SrcFileId="1" StartOffset="3177"/>
</LocList>
</OpTerm>
</RootTerm>
</CondStmnt>
</StmntSeq>
</Branch>
<Keyword EndOffset="3062" SrcFileId="1" StartOffset="3060"/>
<LocList>
<Loc EndOffset="3594" SrcFileId="1" StartOffset="3060"/>
</LocList>
<RootTerm CovItemId="C21" CovItemPrefix="Value.java" Intrnl_Id="283">
<OpTerm BooleanOpId="4" Intrnl_Id="284">
<BasicBoolTerm Intrnl_Id="285">
<LocList>
<Loc EndOffset="3075" SrcFileId="1" StartOffset="3063"/>
</LocList>
</BasicBoolTerm>
<BasicBoolTerm Intrnl_Id="286">
<LocList>
<Loc EndOffset="3108" SrcFileId="1" StartOffset="3079"/>
</LocList>
</BasicBoolTerm>
<LocList>
<Loc EndOffset="3078" SrcFileId="1" StartOffset="3076"/>
</LocList>
</OpTerm>
</RootTerm>
</CondStmnt>
</StmntSeq>
</Branch>
<Keyword EndOffset="2946" SrcFileId="1" StartOffset="2944"/>
<LocList>
<Loc EndOffset="3594" SrcFileId="1" StartOffset="2944"/>
</LocList>
<RootTerm CovItemId="C20" CovItemPrefix="Value.java" Intrnl_Id="287">
<OpTerm BooleanOpId="4" Intrnl_Id="288">
<BasicBoolTerm Intrnl_Id="289">
<LocList>
<Loc EndOffset="2982" SrcFileId="1" StartOffset="2947"/>
</LocList>
</BasicBoolTerm>
<BasicBoolTerm Intrnl_Id="290">
<LocList>
<Loc EndOffset="3004" SrcFileId="1" StartOffset="2986"/>
</LocList>
</BasicBoolTerm>
<LocList>
<Loc EndOffset="2985" SrcFileId="1" StartOffset="2983"/>
</LocList>
</OpTerm>
</RootTerm>
</CondStmnt>
</StmntSeq>
</Branch>
<Keyword EndOffset="2845" SrcFileId="1" StartOffset="2843"/>
<LocList>
<Loc EndOffset="3594" SrcFileId="1" StartOffset="2843"/>
</LocList>
<RootTerm CovItemId="C19" CovItemPrefix="Value.java" Intrnl_Id="291">
<OpTerm BooleanOpId="4" Intrnl_Id="292">
<BasicBoolTerm Intrnl_Id="293">
<LocList>
<Loc EndOffset="2859" SrcFileId="1" StartOffset="2846"/>
</LocList>
</BasicBoolTerm>
<BasicBoolTerm Intrnl_Id="294">
<LocList>
<Loc EndOffset="2893" SrcFileId="1" StartOffset="2863"/>
</LocList>
</BasicBoolTerm>
<LocList>
<Loc EndOffset="2862" SrcFileId="1" StartOffset="2860"/>
</LocList>
</OpTerm>
</RootTerm>
</CondStmnt>
</StmntSeq>
</HierarchyLvl>
<HierarchyLvl HierarchyLvlId="746" HierarchyLvlTypeId="6" Intrnl_Id="295" Name="equals">
<Header>
<Loc EndOffset="3655" SrcFileId="1" StartOffset="3609"/>
</Header>
<LocList>
<Loc EndOffset="3930" SrcFileId="1" StartOffset="3609"/>
</LocList>
<StmntSeq Intrnl_Id="296">
<LocList>
<Loc EndOffset="3722" SrcFileId="1" StartOffset="3669"/>
<Loc EndOffset="3840" SrcFileId="1" StartOffset="3734"/>
<Loc EndOffset="3874" SrcFileId="1" StartOffset="3852"/>
<Loc EndOffset="3923" SrcFileId="1" StartOffset="3886"/>
</LocList>
<CondStmnt CovItemId="S64" CovItemPrefix="Value.java" Intrnl_Id="297">
<Branch CovItemId="B51" CovItemPrefix="Value.java" Implct="false" Intrnl_Id="298">
<Cond/>
<LocList>
<Loc EndOffset="3722" SrcFileId="1" StartOffset="3684"/>
</LocList>
<StmntSeq Intrnl_Id="299">
<LocList>
<Loc EndOffset="3711" SrcFileId="1" StartOffset="3699"/>
</LocList>
<BasicStmnt CovItemId="S65" CovItemPrefix="Value.java" Intrnl_Id="300">
<LocList>
<Loc EndOffset="3711" SrcFileId="1" StartOffset="3699"/>
</LocList>
</BasicStmnt>
</StmntSeq>
</Branch>
<Branch CovItemId="B52" CovItemPrefix="Value.java" Implct="true" Intrnl_Id="301">
<Cond/>
<LocList/>
<StmntSeq Intrnl_Id="302">
<LocList/>
</StmntSeq>
</Branch>
<Keyword EndOffset="3671" SrcFileId="1" StartOffset="3669"/>
<LocList>
<Loc EndOffset="3722" SrcFileId="1" StartOffset="3669"/>
</LocList>
<RootTerm CovItemId="C26" CovItemPrefix="Value.java" Intrnl_Id="303">
<BasicBoolTerm Intrnl_Id="304">
<LocList>
<Loc EndOffset="3682" SrcFileId="1" StartOffset="3672"/>
</LocList>
</BasicBoolTerm>
</RootTerm>
</CondStmnt>
<CondStmnt CovItemId="S66" CovItemPrefix="Value.java" Intrnl_Id="305">
<Branch CovItemId="B53" CovItemPrefix="Value.java" Implct="false" Intrnl_Id="306">
<Cond/>
<LocList>
<Loc EndOffset="3840" SrcFileId="1" StartOffset="3801"/>
</LocList>
<StmntSeq Intrnl_Id="307">
<LocList>
<Loc EndOffset="3829" SrcFileId="1" StartOffset="3816"/>
</LocList>
<BasicStmnt CovItemId="S67" CovItemPrefix="Value.java" Intrnl_Id="308">
<LocList>
<Loc EndOffset="3829" SrcFileId="1" StartOffset="3816"/>
</LocList>
</BasicStmnt>
</StmntSeq>
</Branch>
<Branch CovItemId="B54" CovItemPrefix="Value.java" Implct="true" Intrnl_Id="309">
<Cond/>
<LocList/>
<StmntSeq Intrnl_Id="310">
<LocList/>
</StmntSeq>
</Branch>
<Keyword EndOffset="3736" SrcFileId="1" StartOffset="3734"/>
<LocList>
<Loc EndOffset="3840" SrcFileId="1" StartOffset="3734"/>
</LocList>
<RootTerm CovItemId="C27" CovItemPrefix="Value.java" Intrnl_Id="311">
<OpTerm BooleanOpId="4" Intrnl_Id="312">
<OpTerm BooleanOpId="4" Intrnl_Id="313">
<BasicBoolTerm Intrnl_Id="314">
<LocList>
<Loc EndOffset="3750" SrcFileId="1" StartOffset="3737"/>
</LocList>
</BasicBoolTerm>
<BasicBoolTerm Intrnl_Id="315">
<LocList>
<Loc EndOffset="3763" SrcFileId="1" StartOffset="3754"/>
</LocList>
</BasicBoolTerm>
<LocList>
<Loc EndOffset="3753" SrcFileId="1" StartOffset="3751"/>
</LocList>
</OpTerm>
<BasicBoolTerm Intrnl_Id="316">
<LocList>
<Loc EndOffset="3799" SrcFileId="1" StartOffset="3767"/>
</LocList>
</BasicBoolTerm>
<LocList>
<Loc EndOffset="3766" SrcFileId="1" StartOffset="3764"/>
</LocList>
</OpTerm>
</RootTerm>
</CondStmnt>
<BasicStmnt CovItemId="S68" CovItemPrefix="Value.java" Intrnl_Id="317">
<LocList>
<Loc EndOffset="3874" SrcFileId="1" StartOffset="3852"/>
</LocList>
</BasicStmnt>
<BasicStmnt CovItemId="S69" CovItemPrefix="Value.java" Intrnl_Id="318">
<LocList>
<Loc EndOffset="3923" SrcFileId="1" StartOffset="3886"/>
</LocList>
</BasicStmnt>
</StmntSeq>
</HierarchyLvl>
<HierarchyLvl HierarchyLvlId="747" HierarchyLvlTypeId="6" Intrnl_Id="319" Name="toString">
<Header>
<Loc EndOffset="3977" SrcFileId="1" StartOffset="3938"/>
</Header>
<LocList>
<Loc EndOffset="4025" SrcFileId="1" StartOffset="3938"/>
</LocList>
<StmntSeq Intrnl_Id="320">
<LocList>
<Loc EndOffset="4018" SrcFileId="1" StartOffset="3989"/>
</LocList>
<BasicStmnt CovItemId="S70" CovItemPrefix="Value.java" Intrnl_Id="321">
<LocList>
<Loc EndOffset="4018" SrcFileId="1" StartOffset="3989"/>
</LocList>
</BasicStmnt>
</StmntSeq>
</HierarchyLvl>
</HierarchyLvl>
</HierarchyLvl>
</MASTRoot>
</TestSessionContainer>
