<?xml version="1.0" encoding="UTF-8"?><TestSessionContainer xmlns="http://www.codecover.org/xml/testsession-container" Date="1368000039559" TestSessionContainerId="dbc01de4-10d7-44de-bca2-0c16758cd4be" version="1.0">
<SrcFileList>
<SrcFile Content="&#13;&#10;public class Value {&#13;&#10;&#9;public static Value VOID = new Value(new Object());&#13;&#10;&#13;&#10;    final Object value;&#13;&#10;&#13;&#10;    public Value(Object value) {&#13;&#10;        this.value = value;&#13;&#10;    }&#13;&#10;    &#13;&#10;    public Value()&#13;&#10;    {&#13;&#10;    &#9;this.value = &quot;&quot;;&#13;&#10;    }&#13;&#10;&#13;&#10;    public boolean isDouble() &#13;&#10;    {&#13;&#10;&#9;&#9;if(this.toString().matches(&quot;((-)?[0-9]+)\\.([0-9]){1,2}&quot;))&#13;&#10;&#9;&#9;{&#13;&#10;&#9;&#9;&#9;return true;&#13;&#10;&#9;&#9;}&#13;&#10;&#9;&#9;return false;&#13;&#10;    }&#13;&#10;    &#13;&#10;    public boolean isInt()&#13;&#10;    {&#13;&#10;&#9;&#9;if(this.toString().matches(&quot;(-)?[0-9]+&quot;))&#13;&#10;&#9;&#9;{&#13;&#10;&#9;&#9;&#9;return true;&#13;&#10;&#9;&#9;}&#13;&#10;&#9;&#9;return false;&#13;&#10;    }&#13;&#10;    &#13;&#10;    public boolean isDrink()&#13;&#10;    {&#13;&#10;&#9;&#9;if(this.toString().equals(&quot;drink&quot;))&#13;&#10;&#9;&#9;{&#13;&#10;&#9;&#9;&#9;return true;&#13;&#10;&#9;&#9;}&#13;&#10;&#9;&#9;return false;&#13;&#10;    }&#13;&#10;    &#13;&#10;    public boolean isNumeric()&#13;&#10;    {&#13;&#10;    &#9;if(this.isInt() || this.isDouble() || this.toString().equals(&quot;int&quot;) || this.toString().equals(&quot;double&quot;))&#13;&#10;    &#9;{&#13;&#10;    &#9;&#9;return true;&#13;&#10;    &#9;}&#13;&#10;    &#9;return false;&#13;&#10;    }&#13;&#10;    &#13;&#10;    public boolean isNumericExpression()&#13;&#10;    {    &#9;&#13;&#10;    &#9;String StringToVerify = this.toString();&#13;&#10;    &#9;&#13;&#10;    &#9;if(StringToVerify.contains(&quot;(&quot;))&#13;&#10;    &#9;{&#13;&#10;    &#9;&#9;StringToVerify = StringToVerify.replace(&quot;(&quot;, &quot;&quot;);&#13;&#10;    &#9;}&#13;&#10;    &#9;&#13;&#10;    &#9;if(StringToVerify.contains(&quot;&quot;))&#13;&#10;    &#9;{&#13;&#10;    &#9;&#9;StringToVerify = StringToVerify.replace(&quot;)&quot;, &quot;&quot;);&#13;&#10;    &#9;}&#13;&#10;    &#9;&#13;&#10;    &#9;if(StringToVerify.matches(&quot;(-)?[0-9]+(\\.[0-9]{1,2})?((\\+|\\-|\\*|\\/)[0-9]+(\\.[0-9]{1,2})?)*&quot;))&#13;&#10;    &#9;{&#13;&#10;    &#9;&#9;return true;&#13;&#10;    &#9;}&#13;&#10;    &#9;return false;&#13;&#10;    }&#13;&#10;    &#13;&#10;    public boolean isChar()&#13;&#10;    {&#13;&#10;&#9;&#9;if(this.toString().length() != 3 || &#13;&#10;&#9;&#9;   this.toString().charAt(0) != '\'' || &#13;&#10;&#9;&#9;   this.toString().charAt(this.toString().length()-1) != '\'')&#13;&#10;&#9;&#9;{&#13;&#10;&#9;&#9;&#9;return false;&#13;&#10;&#9;&#9;}&#13;&#10;&#9;&#9;return true;&#13;&#10;    }&#13;&#10;    &#13;&#10;    public boolean isString()&#13;&#10;    {&#13;&#10;    &#9;if(this.toString().length() &lt; 2)&#13;&#10;    &#9;{&#13;&#10;    &#9;&#9;return false;&#13;&#10;    &#9;}&#13;&#10;    &#9;else if(this.toString().charAt(0) != '&quot;'|| this.toString().charAt(this.toString().length()-1) != '&quot;')&#13;&#10;&#9;&#9;{&#13;&#10;&#9;&#9;&#9;return false;&#13;&#10;&#9;&#9;}&#13;&#10;&#9;&#9;return true;&#13;&#10;    }&#13;&#10;    &#13;&#10;    public boolean isBool()&#13;&#10;    {&#13;&#10;    &#9;if(this.toString().equals(&quot;true&quot;) || this.toString().equals(&quot;false&quot;))&#13;&#10;    &#9;{&#13;&#10;    &#9;&#9;return true;&#13;&#10;    &#9;}&#13;&#10;    &#9;return false;&#13;&#10;    }&#13;&#10;    &#13;&#10;    public boolean isContainer()&#13;&#10;    {&#13;&#10;    &#9;if(this.toString().matches(&quot;((1?[0-3])|([0-9]))|A[0-5]&quot;) || this.toString().equals(&quot;container&quot;))&#13;&#10;    &#9;{&#13;&#10;    &#9;&#9;return true;&#13;&#10;    &#9;}&#13;&#10;    &#9;return false;&#13;&#10;    }&#13;&#10;    &#13;&#10;    public boolean isSameType(Value val)&#13;&#10;    {&#13;&#10;    &#9;if(this.isBool() &amp;&amp; val.isBool())&#13;&#10;    &#9;{&#13;&#10;    &#9;&#9;return true;&#13;&#10;    &#9;}&#13;&#10;    &#9;if(this.isContainer() &amp;&amp; val.isContainer())&#13;&#10;    &#9;{&#13;&#10;    &#9;&#9;return true;&#13;&#10;    &#9;}&#13;&#10;    &#9;else if(this.isChar() &amp;&amp; val.isChar())&#13;&#10;    &#9;{&#13;&#10;    &#9;&#9;return true;&#13;&#10;    &#9;}&#13;&#10;    &#9;else if(this.isNumeric() &amp;&amp; val.isNumeric() || this.isNumeric() &amp;&amp; val.isNumericExpression())&#13;&#10;    &#9;{&#13;&#10;    &#9;&#9;return true;&#13;&#10;    &#9;}&#13;&#10;    &#9;else if(this.isString() &amp;&amp; val.isString())&#13;&#10;    &#9;{&#13;&#10;    &#9;&#9;return true;&#13;&#10;    &#9;}&#13;&#10;    &#9;else if(this.isDrink() &amp;&amp; val.isDrink())&#13;&#10;    &#9;{&#13;&#10;    &#9;&#9;return true;&#13;&#10;    &#9;}&#13;&#10;    &#9;&#13;&#10;    &#9;return false;&#13;&#10;    }&#13;&#10;    &#13;&#10;    public String GetType()&#13;&#10;    {&#13;&#10;    &#9;if(this.isBool() || this.toString().equals(&quot;bool&quot;))&#13;&#10;    &#9;{&#13;&#10;    &#9;&#9;return &quot;bool&quot;;&#13;&#10;    &#9;}&#13;&#10;    &#9;else if(this.toString().equals(&quot;container&quot;) || this.isContainer())&#13;&#10;    &#9;{&#13;&#10;    &#9;&#9;return &quot;container&quot;;&#13;&#10;    &#9;}&#13;&#10;    &#9;else if(this.isInt() || this.toString().equals(&quot;int&quot;))&#13;&#10;    &#9;{&#13;&#10;    &#9;&#9;return &quot;int&quot;;&#13;&#10;    &#9;}&#13;&#10;    &#9;else if(this.isDouble() || this.toString().equals(&quot;double&quot;))&#13;&#10;    &#9;{&#13;&#10;    &#9;&#9;return &quot;double&quot;;&#13;&#10;    &#9;}&#13;&#10;    &#9;else if(this.isChar() || this.toString().equals(&quot;char&quot;))&#13;&#10;    &#9;{&#13;&#10;    &#9;&#9;return &quot;char&quot;;&#13;&#10;    &#9;}&#13;&#10;    &#9;else if(this.isString() || this.toString().equals(&quot;string&quot;))&#13;&#10;    &#9;{&#13;&#10;    &#9;&#9;return &quot;string&quot;;&#13;&#10;    &#9;}&#13;&#10;    &#9;else if(this.toString().equals(&quot;drink&quot;))&#13;&#10;    &#9;{&#13;&#10;    &#9;&#9;return &quot;drink&quot;;&#13;&#10;    &#9;}&#13;&#10;    &#9;else&#13;&#10;    &#9;{&#13;&#10;    &#9;&#9;return null;&#13;&#10;    &#9;}&#13;&#10;    }&#13;&#10;&#13;&#10;    @Override&#13;&#10;    public boolean equals(Object o) {&#13;&#10;&#13;&#10;        if(this.value == o) {&#13;&#10;            return true;&#13;&#10;        }&#13;&#10;&#13;&#10;        if(value == null || o == null || o.getClass() != value.getClass()) {&#13;&#10;            return false;&#13;&#10;        }&#13;&#10;&#13;&#10;        Value that = (Value)o;&#13;&#10;&#13;&#10;        return this.value.equals(that.value);&#13;&#10;    }&#13;&#10;&#13;&#10;    @Override&#13;&#10;    public String toString() {&#13;&#10;        return String.valueOf(value);&#13;&#10;    }&#13;&#10;}&#13;&#10;" Filename="Value.java" Intrnl_Id="1"/>
</SrcFileList>
<CritList>
<CritListEntry Name="org.codecover.model.utils.criteria.LoopCoverage" PluginName="org.codecover"/>
<CritListEntry Name="org.codecover.model.utils.criteria.BranchCoverage" PluginName="org.codecover"/>
<CritListEntry Name="org.codecover.model.utils.criteria.ConditionCoverage" PluginName="org.codecover"/>
<CritListEntry Name="org.codecover.model.utils.criteria.StatementCoverage" PluginName="org.codecover"/>
</CritList>
<BoolOpList>
<BoolOp Arity="2" Intrnl_Id="2" Name="conditional and (&amp;&amp;)">
<BoolAssgnmntBoolMapList>
<MapEntry BoolAssgnmnt="10" Value="false"/>
<MapEntry BoolAssgnmnt="02" Value="false"/>
<MapEntry BoolAssgnmnt="11" Value="true"/>
</BoolAssgnmntBoolMapList>
</BoolOp>
<BoolOp Arity="2" Intrnl_Id="3" Name="conditional or (||)">
<BoolAssgnmntBoolMapList>
<MapEntry BoolAssgnmnt="01" Value="true"/>
<MapEntry BoolAssgnmnt="00" Value="false"/>
<MapEntry BoolAssgnmnt="12" Value="true"/>
</BoolAssgnmntBoolMapList>
</BoolOp>
</BoolOpList>
<HierarchyLvlTypeList>
<HierarchyLvlType EnglishName="class" IntrnlName="class" Intrnl_Id="4"/>
<HierarchyLvlType EnglishName="method" IntrnlName="method" Intrnl_Id="5"/>
<HierarchyLvlType EnglishName="default package" IntrnlName="default package" Intrnl_Id="6"/>
</HierarchyLvlTypeList>
<MASTRoot>
<HierarchyLvl HierarchyLvlId="300" HierarchyLvlTypeId="6" Intrnl_Id="7" Name="default package">
<Header/>
<LocList/>
<HierarchyLvl HierarchyLvlId="299" HierarchyLvlTypeId="4" Intrnl_Id="8" Name="Value">
<Header>
<Loc EndOffset="20" SrcFileId="1" StartOffset="2"/>
</Header>
<LocList>
<Loc EndOffset="4191" SrcFileId="1" StartOffset="2"/>
</LocList>
<StmntSeq Intrnl_Id="9">
<LocList>
<Loc EndOffset="76" SrcFileId="1" StartOffset="25"/>
</LocList>
<BasicStmnt CovItemId="S1" CovItemPrefix="Value.java" Intrnl_Id="10">
<LocList>
<Loc EndOffset="76" SrcFileId="1" StartOffset="25"/>
</LocList>
</BasicStmnt>
</StmntSeq>
<HierarchyLvl HierarchyLvlId="284" HierarchyLvlTypeId="5" Intrnl_Id="11" Name="Value">
<Header>
<Loc EndOffset="137" SrcFileId="1" StartOffset="111"/>
</Header>
<LocList>
<Loc EndOffset="175" SrcFileId="1" StartOffset="111"/>
</LocList>
<StmntSeq Intrnl_Id="12">
<LocList>
<Loc EndOffset="168" SrcFileId="1" StartOffset="149"/>
</LocList>
<BasicStmnt CovItemId="S2" CovItemPrefix="Value.java" Intrnl_Id="13">
<LocList>
<Loc EndOffset="168" SrcFileId="1" StartOffset="149"/>
</LocList>
</BasicStmnt>
</StmntSeq>
</HierarchyLvl>
<HierarchyLvl HierarchyLvlId="285" HierarchyLvlTypeId="5" Intrnl_Id="14" Name="Value">
<Header>
<Loc EndOffset="201" SrcFileId="1" StartOffset="187"/>
</Header>
<LocList>
<Loc EndOffset="238" SrcFileId="1" StartOffset="187"/>
</LocList>
<StmntSeq Intrnl_Id="15">
<LocList>
<Loc EndOffset="231" SrcFileId="1" StartOffset="215"/>
</LocList>
<BasicStmnt CovItemId="S3" CovItemPrefix="Value.java" Intrnl_Id="16">
<LocList>
<Loc EndOffset="231" SrcFileId="1" StartOffset="215"/>
</LocList>
</BasicStmnt>
</StmntSeq>
</HierarchyLvl>
<HierarchyLvl HierarchyLvlId="286" HierarchyLvlTypeId="5" Intrnl_Id="17" Name="isDouble">
<Header>
<Loc EndOffset="271" SrcFileId="1" StartOffset="246"/>
</Header>
<LocList>
<Loc EndOffset="392" SrcFileId="1" StartOffset="246"/>
</LocList>
<StmntSeq Intrnl_Id="18">
<LocList>
<Loc EndOffset="368" SrcFileId="1" StartOffset="283"/>
<Loc EndOffset="385" SrcFileId="1" StartOffset="372"/>
</LocList>
<CondStmnt CovItemId="S4" CovItemPrefix="Value.java" Intrnl_Id="19">
<Branch CovItemId="B1" CovItemPrefix="Value.java" Implct="false" Intrnl_Id="20">
<Cond/>
<LocList>
<Loc EndOffset="368" SrcFileId="1" StartOffset="345"/>
</LocList>
<StmntSeq Intrnl_Id="21">
<LocList>
<Loc EndOffset="363" SrcFileId="1" StartOffset="351"/>
</LocList>
<BasicStmnt CovItemId="S5" CovItemPrefix="Value.java" Intrnl_Id="22">
<LocList>
<Loc EndOffset="363" SrcFileId="1" StartOffset="351"/>
</LocList>
</BasicStmnt>
</StmntSeq>
</Branch>
<Branch CovItemId="B2" CovItemPrefix="Value.java" Implct="true" Intrnl_Id="23">
<Cond/>
<LocList/>
<StmntSeq Intrnl_Id="24">
<LocList/>
</StmntSeq>
</Branch>
<Keyword EndOffset="285" SrcFileId="1" StartOffset="283"/>
<LocList>
<Loc EndOffset="368" SrcFileId="1" StartOffset="283"/>
</LocList>
<RootTerm CovItemId="C1" CovItemPrefix="Value.java" Intrnl_Id="25">
<BasicBoolTerm Intrnl_Id="26">
<LocList>
<Loc EndOffset="340" SrcFileId="1" StartOffset="286"/>
</LocList>
</BasicBoolTerm>
</RootTerm>
</CondStmnt>
<BasicStmnt CovItemId="S6" CovItemPrefix="Value.java" Intrnl_Id="27">
<LocList>
<Loc EndOffset="385" SrcFileId="1" StartOffset="372"/>
</LocList>
</BasicStmnt>
</StmntSeq>
</HierarchyLvl>
<HierarchyLvl HierarchyLvlId="287" HierarchyLvlTypeId="5" Intrnl_Id="28" Name="isInt">
<Header>
<Loc EndOffset="426" SrcFileId="1" StartOffset="404"/>
</Header>
<LocList>
<Loc EndOffset="529" SrcFileId="1" StartOffset="404"/>
</LocList>
<StmntSeq Intrnl_Id="29">
<LocList>
<Loc EndOffset="505" SrcFileId="1" StartOffset="437"/>
<Loc EndOffset="522" SrcFileId="1" StartOffset="509"/>
</LocList>
<CondStmnt CovItemId="S7" CovItemPrefix="Value.java" Intrnl_Id="30">
<Branch CovItemId="B3" CovItemPrefix="Value.java" Implct="false" Intrnl_Id="31">
<Cond/>
<LocList>
<Loc EndOffset="505" SrcFileId="1" StartOffset="482"/>
</LocList>
<StmntSeq Intrnl_Id="32">
<LocList>
<Loc EndOffset="500" SrcFileId="1" StartOffset="488"/>
</LocList>
<BasicStmnt CovItemId="S8" CovItemPrefix="Value.java" Intrnl_Id="33">
<LocList>
<Loc EndOffset="500" SrcFileId="1" StartOffset="488"/>
</LocList>
</BasicStmnt>
</StmntSeq>
</Branch>
<Branch CovItemId="B4" CovItemPrefix="Value.java" Implct="true" Intrnl_Id="34">
<Cond/>
<LocList/>
<StmntSeq Intrnl_Id="35">
<LocList/>
</StmntSeq>
</Branch>
<Keyword EndOffset="439" SrcFileId="1" StartOffset="437"/>
<LocList>
<Loc EndOffset="505" SrcFileId="1" StartOffset="437"/>
</LocList>
<RootTerm CovItemId="C2" CovItemPrefix="Value.java" Intrnl_Id="36">
<BasicBoolTerm Intrnl_Id="37">
<LocList>
<Loc EndOffset="477" SrcFileId="1" StartOffset="440"/>
</LocList>
</BasicBoolTerm>
</RootTerm>
</CondStmnt>
<BasicStmnt CovItemId="S9" CovItemPrefix="Value.java" Intrnl_Id="38">
<LocList>
<Loc EndOffset="522" SrcFileId="1" StartOffset="509"/>
</LocList>
</BasicStmnt>
</StmntSeq>
</HierarchyLvl>
<HierarchyLvl HierarchyLvlId="288" HierarchyLvlTypeId="5" Intrnl_Id="39" Name="isDrink">
<Header>
<Loc EndOffset="565" SrcFileId="1" StartOffset="541"/>
</Header>
<LocList>
<Loc EndOffset="662" SrcFileId="1" StartOffset="541"/>
</LocList>
<StmntSeq Intrnl_Id="40">
<LocList>
<Loc EndOffset="638" SrcFileId="1" StartOffset="576"/>
<Loc EndOffset="655" SrcFileId="1" StartOffset="642"/>
</LocList>
<CondStmnt CovItemId="S10" CovItemPrefix="Value.java" Intrnl_Id="41">
<Branch CovItemId="B5" CovItemPrefix="Value.java" Implct="false" Intrnl_Id="42">
<Cond/>
<LocList>
<Loc EndOffset="638" SrcFileId="1" StartOffset="615"/>
</LocList>
<StmntSeq Intrnl_Id="43">
<LocList>
<Loc EndOffset="633" SrcFileId="1" StartOffset="621"/>
</LocList>
<BasicStmnt CovItemId="S11" CovItemPrefix="Value.java" Intrnl_Id="44">
<LocList>
<Loc EndOffset="633" SrcFileId="1" StartOffset="621"/>
</LocList>
</BasicStmnt>
</StmntSeq>
</Branch>
<Branch CovItemId="B6" CovItemPrefix="Value.java" Implct="true" Intrnl_Id="45">
<Cond/>
<LocList/>
<StmntSeq Intrnl_Id="46">
<LocList/>
</StmntSeq>
</Branch>
<Keyword EndOffset="578" SrcFileId="1" StartOffset="576"/>
<LocList>
<Loc EndOffset="638" SrcFileId="1" StartOffset="576"/>
</LocList>
<RootTerm CovItemId="C3" CovItemPrefix="Value.java" Intrnl_Id="47">
<BasicBoolTerm Intrnl_Id="48">
<LocList>
<Loc EndOffset="610" SrcFileId="1" StartOffset="579"/>
</LocList>
</BasicBoolTerm>
</RootTerm>
</CondStmnt>
<BasicStmnt CovItemId="S12" CovItemPrefix="Value.java" Intrnl_Id="49">
<LocList>
<Loc EndOffset="655" SrcFileId="1" StartOffset="642"/>
</LocList>
</BasicStmnt>
</StmntSeq>
</HierarchyLvl>
<HierarchyLvl HierarchyLvlId="289" HierarchyLvlTypeId="5" Intrnl_Id="50" Name="isNumeric">
<Header>
<Loc EndOffset="700" SrcFileId="1" StartOffset="674"/>
</Header>
<LocList>
<Loc EndOffset="881" SrcFileId="1" StartOffset="674"/>
</LocList>
<StmntSeq Intrnl_Id="51">
<LocList>
<Loc EndOffset="854" SrcFileId="1" StartOffset="714"/>
<Loc EndOffset="874" SrcFileId="1" StartOffset="861"/>
</LocList>
<CondStmnt CovItemId="S13" CovItemPrefix="Value.java" Intrnl_Id="52">
<Branch CovItemId="B7" CovItemPrefix="Value.java" Implct="false" Intrnl_Id="53">
<Cond/>
<LocList>
<Loc EndOffset="854" SrcFileId="1" StartOffset="825"/>
</LocList>
<StmntSeq Intrnl_Id="54">
<LocList>
<Loc EndOffset="846" SrcFileId="1" StartOffset="834"/>
</LocList>
<BasicStmnt CovItemId="S14" CovItemPrefix="Value.java" Intrnl_Id="55">
<LocList>
<Loc EndOffset="846" SrcFileId="1" StartOffset="834"/>
</LocList>
</BasicStmnt>
</StmntSeq>
</Branch>
<Branch CovItemId="B8" CovItemPrefix="Value.java" Implct="true" Intrnl_Id="56">
<Cond/>
<LocList/>
<StmntSeq Intrnl_Id="57">
<LocList/>
</StmntSeq>
</Branch>
<Keyword EndOffset="716" SrcFileId="1" StartOffset="714"/>
<LocList>
<Loc EndOffset="854" SrcFileId="1" StartOffset="714"/>
</LocList>
<RootTerm CovItemId="C4" CovItemPrefix="Value.java" Intrnl_Id="58">
<OpTerm BooleanOpId="3" Intrnl_Id="59">
<OpTerm BooleanOpId="3" Intrnl_Id="60">
<OpTerm BooleanOpId="3" Intrnl_Id="61">
<BasicBoolTerm Intrnl_Id="62">
<LocList>
<Loc EndOffset="729" SrcFileId="1" StartOffset="717"/>
</LocList>
</BasicBoolTerm>
<BasicBoolTerm Intrnl_Id="63">
<LocList>
<Loc EndOffset="748" SrcFileId="1" StartOffset="733"/>
</LocList>
</BasicBoolTerm>
<LocList>
<Loc EndOffset="732" SrcFileId="1" StartOffset="730"/>
</LocList>
</OpTerm>
<BasicBoolTerm Intrnl_Id="64">
<LocList>
<Loc EndOffset="781" SrcFileId="1" StartOffset="752"/>
</LocList>
</BasicBoolTerm>
<LocList>
<Loc EndOffset="751" SrcFileId="1" StartOffset="749"/>
</LocList>
</OpTerm>
<BasicBoolTerm Intrnl_Id="65">
<LocList>
<Loc EndOffset="817" SrcFileId="1" StartOffset="785"/>
</LocList>
</BasicBoolTerm>
<LocList>
<Loc EndOffset="784" SrcFileId="1" StartOffset="782"/>
</LocList>
</OpTerm>
</RootTerm>
</CondStmnt>
<BasicStmnt CovItemId="S15" CovItemPrefix="Value.java" Intrnl_Id="66">
<LocList>
<Loc EndOffset="874" SrcFileId="1" StartOffset="861"/>
</LocList>
</BasicStmnt>
</StmntSeq>
</HierarchyLvl>
<HierarchyLvl HierarchyLvlId="290" HierarchyLvlTypeId="5" Intrnl_Id="67" Name="isNumericExpression">
<Header>
<Loc EndOffset="929" SrcFileId="1" StartOffset="893"/>
</Header>
<LocList>
<Loc EndOffset="1400" SrcFileId="1" StartOffset="893"/>
</LocList>
<StmntSeq Intrnl_Id="68">
<LocList>
<Loc EndOffset="988" SrcFileId="1" StartOffset="948"/>
<Loc EndOffset="1107" SrcFileId="1" StartOffset="1002"/>
<Loc EndOffset="1225" SrcFileId="1" StartOffset="1121"/>
<Loc EndOffset="1373" SrcFileId="1" StartOffset="1239"/>
<Loc EndOffset="1393" SrcFileId="1" StartOffset="1380"/>
</LocList>
<BasicStmnt CovItemId="S16" CovItemPrefix="Value.java" Intrnl_Id="69">
<LocList>
<Loc EndOffset="988" SrcFileId="1" StartOffset="948"/>
</LocList>
</BasicStmnt>
<CondStmnt CovItemId="S17" CovItemPrefix="Value.java" Intrnl_Id="70">
<Branch CovItemId="B9" CovItemPrefix="Value.java" Implct="false" Intrnl_Id="71">
<Cond/>
<LocList>
<Loc EndOffset="1107" SrcFileId="1" StartOffset="1041"/>
</LocList>
<StmntSeq Intrnl_Id="72">
<LocList>
<Loc EndOffset="1099" SrcFileId="1" StartOffset="1050"/>
</LocList>
<BasicStmnt CovItemId="S18" CovItemPrefix="Value.java" Intrnl_Id="73">
<LocList>
<Loc EndOffset="1099" SrcFileId="1" StartOffset="1050"/>
</LocList>
</BasicStmnt>
</StmntSeq>
</Branch>
<Branch CovItemId="B10" CovItemPrefix="Value.java" Implct="true" Intrnl_Id="74">
<Cond/>
<LocList/>
<StmntSeq Intrnl_Id="75">
<LocList/>
</StmntSeq>
</Branch>
<Keyword EndOffset="1004" SrcFileId="1" StartOffset="1002"/>
<LocList>
<Loc EndOffset="1107" SrcFileId="1" StartOffset="1002"/>
</LocList>
<RootTerm CovItemId="C5" CovItemPrefix="Value.java" Intrnl_Id="76">
<BasicBoolTerm Intrnl_Id="77">
<LocList>
<Loc EndOffset="1033" SrcFileId="1" StartOffset="1005"/>
</LocList>
</BasicBoolTerm>
</RootTerm>
</CondStmnt>
<CondStmnt CovItemId="S19" CovItemPrefix="Value.java" Intrnl_Id="78">
<Branch CovItemId="B11" CovItemPrefix="Value.java" Implct="false" Intrnl_Id="79">
<Cond/>
<LocList>
<Loc EndOffset="1225" SrcFileId="1" StartOffset="1159"/>
</LocList>
<StmntSeq Intrnl_Id="80">
<LocList>
<Loc EndOffset="1217" SrcFileId="1" StartOffset="1168"/>
</LocList>
<BasicStmnt CovItemId="S20" CovItemPrefix="Value.java" Intrnl_Id="81">
<LocList>
<Loc EndOffset="1217" SrcFileId="1" StartOffset="1168"/>
</LocList>
</BasicStmnt>
</StmntSeq>
</Branch>
<Branch CovItemId="B12" CovItemPrefix="Value.java" Implct="true" Intrnl_Id="82">
<Cond/>
<LocList/>
<StmntSeq Intrnl_Id="83">
<LocList/>
</StmntSeq>
</Branch>
<Keyword EndOffset="1123" SrcFileId="1" StartOffset="1121"/>
<LocList>
<Loc EndOffset="1225" SrcFileId="1" StartOffset="1121"/>
</LocList>
<RootTerm CovItemId="C6" CovItemPrefix="Value.java" Intrnl_Id="84">
<BasicBoolTerm Intrnl_Id="85">
<LocList>
<Loc EndOffset="1151" SrcFileId="1" StartOffset="1124"/>
</LocList>
</BasicBoolTerm>
</RootTerm>
</CondStmnt>
<CondStmnt CovItemId="S21" CovItemPrefix="Value.java" Intrnl_Id="86">
<Branch CovItemId="B13" CovItemPrefix="Value.java" Implct="false" Intrnl_Id="87">
<Cond/>
<LocList>
<Loc EndOffset="1373" SrcFileId="1" StartOffset="1344"/>
</LocList>
<StmntSeq Intrnl_Id="88">
<LocList>
<Loc EndOffset="1365" SrcFileId="1" StartOffset="1353"/>
</LocList>
<BasicStmnt CovItemId="S22" CovItemPrefix="Value.java" Intrnl_Id="89">
<LocList>
<Loc EndOffset="1365" SrcFileId="1" StartOffset="1353"/>
</LocList>
</BasicStmnt>
</StmntSeq>
</Branch>
<Branch CovItemId="B14" CovItemPrefix="Value.java" Implct="true" Intrnl_Id="90">
<Cond/>
<LocList/>
<StmntSeq Intrnl_Id="91">
<LocList/>
</StmntSeq>
</Branch>
<Keyword EndOffset="1241" SrcFileId="1" StartOffset="1239"/>
<LocList>
<Loc EndOffset="1373" SrcFileId="1" StartOffset="1239"/>
</LocList>
<RootTerm CovItemId="C7" CovItemPrefix="Value.java" Intrnl_Id="92">
<BasicBoolTerm Intrnl_Id="93">
<LocList>
<Loc EndOffset="1336" SrcFileId="1" StartOffset="1242"/>
</LocList>
</BasicBoolTerm>
</RootTerm>
</CondStmnt>
<BasicStmnt CovItemId="S23" CovItemPrefix="Value.java" Intrnl_Id="94">
<LocList>
<Loc EndOffset="1393" SrcFileId="1" StartOffset="1380"/>
</LocList>
</BasicStmnt>
</StmntSeq>
</HierarchyLvl>
<HierarchyLvl HierarchyLvlId="291" HierarchyLvlTypeId="5" Intrnl_Id="95" Name="isChar">
<Header>
<Loc EndOffset="1435" SrcFileId="1" StartOffset="1412"/>
</Header>
<LocList>
<Loc EndOffset="1643" SrcFileId="1" StartOffset="1412"/>
</LocList>
<StmntSeq Intrnl_Id="96">
<LocList>
<Loc EndOffset="1620" SrcFileId="1" StartOffset="1446"/>
<Loc EndOffset="1636" SrcFileId="1" StartOffset="1624"/>
</LocList>
<CondStmnt CovItemId="S24" CovItemPrefix="Value.java" Intrnl_Id="97">
<Branch CovItemId="B15" CovItemPrefix="Value.java" Implct="false" Intrnl_Id="98">
<Cond/>
<LocList>
<Loc EndOffset="1620" SrcFileId="1" StartOffset="1596"/>
</LocList>
<StmntSeq Intrnl_Id="99">
<LocList>
<Loc EndOffset="1615" SrcFileId="1" StartOffset="1602"/>
</LocList>
<BasicStmnt CovItemId="S25" CovItemPrefix="Value.java" Intrnl_Id="100">
<LocList>
<Loc EndOffset="1615" SrcFileId="1" StartOffset="1602"/>
</LocList>
</BasicStmnt>
</StmntSeq>
</Branch>
<Branch CovItemId="B16" CovItemPrefix="Value.java" Implct="true" Intrnl_Id="101">
<Cond/>
<LocList/>
<StmntSeq Intrnl_Id="102">
<LocList/>
</StmntSeq>
</Branch>
<Keyword EndOffset="1448" SrcFileId="1" StartOffset="1446"/>
<LocList>
<Loc EndOffset="1620" SrcFileId="1" StartOffset="1446"/>
</LocList>
<RootTerm CovItemId="C8" CovItemPrefix="Value.java" Intrnl_Id="103">
<OpTerm BooleanOpId="3" Intrnl_Id="104">
<OpTerm BooleanOpId="3" Intrnl_Id="105">
<BasicBoolTerm Intrnl_Id="106">
<LocList>
<Loc EndOffset="1478" SrcFileId="1" StartOffset="1449"/>
</LocList>
</BasicBoolTerm>
<BasicBoolTerm Intrnl_Id="107">
<LocList>
<Loc EndOffset="1522" SrcFileId="1" StartOffset="1489"/>
</LocList>
</BasicBoolTerm>
<LocList>
<Loc EndOffset="1481" SrcFileId="1" StartOffset="1479"/>
</LocList>
</OpTerm>
<BasicBoolTerm Intrnl_Id="108">
<LocList>
<Loc EndOffset="1591" SrcFileId="1" StartOffset="1533"/>
</LocList>
</BasicBoolTerm>
<LocList>
<Loc EndOffset="1525" SrcFileId="1" StartOffset="1523"/>
</LocList>
</OpTerm>
</RootTerm>
</CondStmnt>
<BasicStmnt CovItemId="S26" CovItemPrefix="Value.java" Intrnl_Id="109">
<LocList>
<Loc EndOffset="1636" SrcFileId="1" StartOffset="1624"/>
</LocList>
</BasicStmnt>
</StmntSeq>
</HierarchyLvl>
<HierarchyLvl HierarchyLvlId="292" HierarchyLvlTypeId="5" Intrnl_Id="110" Name="isString">
<Header>
<Loc EndOffset="1680" SrcFileId="1" StartOffset="1655"/>
</Header>
<LocList>
<Loc EndOffset="1922" SrcFileId="1" StartOffset="1655"/>
</LocList>
<StmntSeq Intrnl_Id="111">
<LocList>
<Loc EndOffset="1899" SrcFileId="1" StartOffset="1694"/>
<Loc EndOffset="1915" SrcFileId="1" StartOffset="1903"/>
</LocList>
<CondStmnt CovItemId="S27" CovItemPrefix="Value.java" Intrnl_Id="112">
<Branch CovItemId="B17" CovItemPrefix="Value.java" Implct="false" Intrnl_Id="113">
<Cond/>
<LocList>
<Loc EndOffset="1763" SrcFileId="1" StartOffset="1733"/>
</LocList>
<StmntSeq Intrnl_Id="114">
<LocList>
<Loc EndOffset="1755" SrcFileId="1" StartOffset="1742"/>
</LocList>
<BasicStmnt CovItemId="S28" CovItemPrefix="Value.java" Intrnl_Id="115">
<LocList>
<Loc EndOffset="1755" SrcFileId="1" StartOffset="1742"/>
</LocList>
</BasicStmnt>
</StmntSeq>
</Branch>
<Branch CovItemId="B18" CovItemPrefix="Value.java" Implct="false" Intrnl_Id="116">
<Cond>
<Loc EndOffset="1774" SrcFileId="1" StartOffset="1770"/>
</Cond>
<LocList>
<Loc EndOffset="1899" SrcFileId="1" StartOffset="1775"/>
</LocList>
<StmntSeq Intrnl_Id="117">
<LocList>
<Loc EndOffset="1899" SrcFileId="1" StartOffset="1775"/>
</LocList>
<CondStmnt CovItemId="S29" CovItemPrefix="Value.java" Intrnl_Id="118">
<Branch CovItemId="B19" CovItemPrefix="Value.java" Implct="false" Intrnl_Id="119">
<Cond/>
<LocList>
<Loc EndOffset="1899" SrcFileId="1" StartOffset="1875"/>
</LocList>
<StmntSeq Intrnl_Id="120">
<LocList>
<Loc EndOffset="1894" SrcFileId="1" StartOffset="1881"/>
</LocList>
<BasicStmnt CovItemId="S30" CovItemPrefix="Value.java" Intrnl_Id="121">
<LocList>
<Loc EndOffset="1894" SrcFileId="1" StartOffset="1881"/>
</LocList>
</BasicStmnt>
</StmntSeq>
</Branch>
<Branch CovItemId="B20" CovItemPrefix="Value.java" Implct="true" Intrnl_Id="122">
<Cond/>
<LocList/>
<StmntSeq Intrnl_Id="123">
<LocList/>
</StmntSeq>
</Branch>
<Keyword EndOffset="1777" SrcFileId="1" StartOffset="1775"/>
<LocList>
<Loc EndOffset="1899" SrcFileId="1" StartOffset="1775"/>
</LocList>
<RootTerm CovItemId="C10" CovItemPrefix="Value.java" Intrnl_Id="124">
<OpTerm BooleanOpId="3" Intrnl_Id="125">
<BasicBoolTerm Intrnl_Id="126">
<LocList>
<Loc EndOffset="1810" SrcFileId="1" StartOffset="1778"/>
</LocList>
</BasicBoolTerm>
<BasicBoolTerm Intrnl_Id="127">
<LocList>
<Loc EndOffset="1870" SrcFileId="1" StartOffset="1813"/>
</LocList>
</BasicBoolTerm>
<LocList>
<Loc EndOffset="1812" SrcFileId="1" StartOffset="1810"/>
</LocList>
</OpTerm>
</RootTerm>
</CondStmnt>
</StmntSeq>
</Branch>
<Keyword EndOffset="1696" SrcFileId="1" StartOffset="1694"/>
<LocList>
<Loc EndOffset="1899" SrcFileId="1" StartOffset="1694"/>
</LocList>
<RootTerm CovItemId="C9" CovItemPrefix="Value.java" Intrnl_Id="128">
<BasicBoolTerm Intrnl_Id="129">
<LocList>
<Loc EndOffset="1725" SrcFileId="1" StartOffset="1697"/>
</LocList>
</BasicBoolTerm>
</RootTerm>
</CondStmnt>
<BasicStmnt CovItemId="S31" CovItemPrefix="Value.java" Intrnl_Id="130">
<LocList>
<Loc EndOffset="1915" SrcFileId="1" StartOffset="1903"/>
</LocList>
</BasicStmnt>
</StmntSeq>
</HierarchyLvl>
<HierarchyLvl HierarchyLvlId="293" HierarchyLvlTypeId="5" Intrnl_Id="131" Name="isBool">
<Header>
<Loc EndOffset="1957" SrcFileId="1" StartOffset="1934"/>
</Header>
<LocList>
<Loc EndOffset="2103" SrcFileId="1" StartOffset="1934"/>
</LocList>
<StmntSeq Intrnl_Id="132">
<LocList>
<Loc EndOffset="2076" SrcFileId="1" StartOffset="1971"/>
<Loc EndOffset="2096" SrcFileId="1" StartOffset="2083"/>
</LocList>
<CondStmnt CovItemId="S32" CovItemPrefix="Value.java" Intrnl_Id="133">
<Branch CovItemId="B21" CovItemPrefix="Value.java" Implct="false" Intrnl_Id="134">
<Cond/>
<LocList>
<Loc EndOffset="2076" SrcFileId="1" StartOffset="2047"/>
</LocList>
<StmntSeq Intrnl_Id="135">
<LocList>
<Loc EndOffset="2068" SrcFileId="1" StartOffset="2056"/>
</LocList>
<BasicStmnt CovItemId="S33" CovItemPrefix="Value.java" Intrnl_Id="136">
<LocList>
<Loc EndOffset="2068" SrcFileId="1" StartOffset="2056"/>
</LocList>
</BasicStmnt>
</StmntSeq>
</Branch>
<Branch CovItemId="B22" CovItemPrefix="Value.java" Implct="true" Intrnl_Id="137">
<Cond/>
<LocList/>
<StmntSeq Intrnl_Id="138">
<LocList/>
</StmntSeq>
</Branch>
<Keyword EndOffset="1973" SrcFileId="1" StartOffset="1971"/>
<LocList>
<Loc EndOffset="2076" SrcFileId="1" StartOffset="1971"/>
</LocList>
<RootTerm CovItemId="C11" CovItemPrefix="Value.java" Intrnl_Id="139">
<OpTerm BooleanOpId="3" Intrnl_Id="140">
<BasicBoolTerm Intrnl_Id="141">
<LocList>
<Loc EndOffset="2004" SrcFileId="1" StartOffset="1974"/>
</LocList>
</BasicBoolTerm>
<BasicBoolTerm Intrnl_Id="142">
<LocList>
<Loc EndOffset="2039" SrcFileId="1" StartOffset="2008"/>
</LocList>
</BasicBoolTerm>
<LocList>
<Loc EndOffset="2007" SrcFileId="1" StartOffset="2005"/>
</LocList>
</OpTerm>
</RootTerm>
</CondStmnt>
<BasicStmnt CovItemId="S34" CovItemPrefix="Value.java" Intrnl_Id="143">
<LocList>
<Loc EndOffset="2096" SrcFileId="1" StartOffset="2083"/>
</LocList>
</BasicStmnt>
</StmntSeq>
</HierarchyLvl>
<HierarchyLvl HierarchyLvlId="294" HierarchyLvlTypeId="5" Intrnl_Id="144" Name="isContainer">
<Header>
<Loc EndOffset="2143" SrcFileId="1" StartOffset="2115"/>
</Header>
<LocList>
<Loc EndOffset="2316" SrcFileId="1" StartOffset="2115"/>
</LocList>
<StmntSeq Intrnl_Id="145">
<LocList>
<Loc EndOffset="2289" SrcFileId="1" StartOffset="2157"/>
<Loc EndOffset="2309" SrcFileId="1" StartOffset="2296"/>
</LocList>
<CondStmnt CovItemId="S35" CovItemPrefix="Value.java" Intrnl_Id="146">
<Branch CovItemId="B23" CovItemPrefix="Value.java" Implct="false" Intrnl_Id="147">
<Cond/>
<LocList>
<Loc EndOffset="2289" SrcFileId="1" StartOffset="2260"/>
</LocList>
<StmntSeq Intrnl_Id="148">
<LocList>
<Loc EndOffset="2281" SrcFileId="1" StartOffset="2269"/>
</LocList>
<BasicStmnt CovItemId="S36" CovItemPrefix="Value.java" Intrnl_Id="149">
<LocList>
<Loc EndOffset="2281" SrcFileId="1" StartOffset="2269"/>
</LocList>
</BasicStmnt>
</StmntSeq>
</Branch>
<Branch CovItemId="B24" CovItemPrefix="Value.java" Implct="true" Intrnl_Id="150">
<Cond/>
<LocList/>
<StmntSeq Intrnl_Id="151">
<LocList/>
</StmntSeq>
</Branch>
<Keyword EndOffset="2159" SrcFileId="1" StartOffset="2157"/>
<LocList>
<Loc EndOffset="2289" SrcFileId="1" StartOffset="2157"/>
</LocList>
<RootTerm CovItemId="C12" CovItemPrefix="Value.java" Intrnl_Id="152">
<OpTerm BooleanOpId="3" Intrnl_Id="153">
<BasicBoolTerm Intrnl_Id="154">
<LocList>
<Loc EndOffset="2213" SrcFileId="1" StartOffset="2160"/>
</LocList>
</BasicBoolTerm>
<BasicBoolTerm Intrnl_Id="155">
<LocList>
<Loc EndOffset="2252" SrcFileId="1" StartOffset="2217"/>
</LocList>
</BasicBoolTerm>
<LocList>
<Loc EndOffset="2216" SrcFileId="1" StartOffset="2214"/>
</LocList>
</OpTerm>
</RootTerm>
</CondStmnt>
<BasicStmnt CovItemId="S37" CovItemPrefix="Value.java" Intrnl_Id="156">
<LocList>
<Loc EndOffset="2309" SrcFileId="1" StartOffset="2296"/>
</LocList>
</BasicStmnt>
</StmntSeq>
</HierarchyLvl>
<HierarchyLvl HierarchyLvlId="295" HierarchyLvlTypeId="5" Intrnl_Id="157" Name="isSameType">
<Header>
<Loc EndOffset="2364" SrcFileId="1" StartOffset="2328"/>
</Header>
<LocList>
<Loc EndOffset="2952" SrcFileId="1" StartOffset="2328"/>
</LocList>
<StmntSeq Intrnl_Id="158">
<LocList>
<Loc EndOffset="2447" SrcFileId="1" StartOffset="2378"/>
<Loc EndOffset="2918" SrcFileId="1" StartOffset="2454"/>
<Loc EndOffset="2945" SrcFileId="1" StartOffset="2932"/>
</LocList>
<CondStmnt CovItemId="S38" CovItemPrefix="Value.java" Intrnl_Id="159">
<Branch CovItemId="B25" CovItemPrefix="Value.java" Implct="false" Intrnl_Id="160">
<Cond/>
<LocList>
<Loc EndOffset="2447" SrcFileId="1" StartOffset="2418"/>
</LocList>
<StmntSeq Intrnl_Id="161">
<LocList>
<Loc EndOffset="2439" SrcFileId="1" StartOffset="2427"/>
</LocList>
<BasicStmnt CovItemId="S39" CovItemPrefix="Value.java" Intrnl_Id="162">
<LocList>
<Loc EndOffset="2439" SrcFileId="1" StartOffset="2427"/>
</LocList>
</BasicStmnt>
</StmntSeq>
</Branch>
<Branch CovItemId="B26" CovItemPrefix="Value.java" Implct="true" Intrnl_Id="163">
<Cond/>
<LocList/>
<StmntSeq Intrnl_Id="164">
<LocList/>
</StmntSeq>
</Branch>
<Keyword EndOffset="2380" SrcFileId="1" StartOffset="2378"/>
<LocList>
<Loc EndOffset="2447" SrcFileId="1" StartOffset="2378"/>
</LocList>
<RootTerm CovItemId="C13" CovItemPrefix="Value.java" Intrnl_Id="165">
<OpTerm BooleanOpId="2" Intrnl_Id="166">
<BasicBoolTerm Intrnl_Id="167">
<LocList>
<Loc EndOffset="2394" SrcFileId="1" StartOffset="2381"/>
</LocList>
</BasicBoolTerm>
<BasicBoolTerm Intrnl_Id="168">
<LocList>
<Loc EndOffset="2410" SrcFileId="1" StartOffset="2398"/>
</LocList>
</BasicBoolTerm>
<LocList>
<Loc EndOffset="2397" SrcFileId="1" StartOffset="2395"/>
</LocList>
</OpTerm>
</RootTerm>
</CondStmnt>
<CondStmnt CovItemId="S40" CovItemPrefix="Value.java" Intrnl_Id="169">
<Branch CovItemId="B27" CovItemPrefix="Value.java" Implct="false" Intrnl_Id="170">
<Cond/>
<LocList>
<Loc EndOffset="2533" SrcFileId="1" StartOffset="2504"/>
</LocList>
<StmntSeq Intrnl_Id="171">
<LocList>
<Loc EndOffset="2525" SrcFileId="1" StartOffset="2513"/>
</LocList>
<BasicStmnt CovItemId="S41" CovItemPrefix="Value.java" Intrnl_Id="172">
<LocList>
<Loc EndOffset="2525" SrcFileId="1" StartOffset="2513"/>
</LocList>
</BasicStmnt>
</StmntSeq>
</Branch>
<Branch CovItemId="B28" CovItemPrefix="Value.java" Implct="false" Intrnl_Id="173">
<Cond>
<Loc EndOffset="2544" SrcFileId="1" StartOffset="2540"/>
</Cond>
<LocList>
<Loc EndOffset="2918" SrcFileId="1" StartOffset="2545"/>
</LocList>
<StmntSeq Intrnl_Id="174">
<LocList>
<Loc EndOffset="2918" SrcFileId="1" StartOffset="2545"/>
</LocList>
<CondStmnt CovItemId="S42" CovItemPrefix="Value.java" Intrnl_Id="175">
<Branch CovItemId="B29" CovItemPrefix="Value.java" Implct="false" Intrnl_Id="176">
<Cond/>
<LocList>
<Loc EndOffset="2614" SrcFileId="1" StartOffset="2585"/>
</LocList>
<StmntSeq Intrnl_Id="177">
<LocList>
<Loc EndOffset="2606" SrcFileId="1" StartOffset="2594"/>
</LocList>
<BasicStmnt CovItemId="S43" CovItemPrefix="Value.java" Intrnl_Id="178">
<LocList>
<Loc EndOffset="2606" SrcFileId="1" StartOffset="2594"/>
</LocList>
</BasicStmnt>
</StmntSeq>
</Branch>
<Branch CovItemId="B30" CovItemPrefix="Value.java" Implct="false" Intrnl_Id="179">
<Cond>
<Loc EndOffset="2625" SrcFileId="1" StartOffset="2621"/>
</Cond>
<LocList>
<Loc EndOffset="2918" SrcFileId="1" StartOffset="2626"/>
</LocList>
<StmntSeq Intrnl_Id="180">
<LocList>
<Loc EndOffset="2918" SrcFileId="1" StartOffset="2626"/>
</LocList>
<CondStmnt CovItemId="S44" CovItemPrefix="Value.java" Intrnl_Id="181">
<Branch CovItemId="B31" CovItemPrefix="Value.java" Implct="false" Intrnl_Id="182">
<Cond/>
<LocList>
<Loc EndOffset="2750" SrcFileId="1" StartOffset="2721"/>
</LocList>
<StmntSeq Intrnl_Id="183">
<LocList>
<Loc EndOffset="2742" SrcFileId="1" StartOffset="2730"/>
</LocList>
<BasicStmnt CovItemId="S45" CovItemPrefix="Value.java" Intrnl_Id="184">
<LocList>
<Loc EndOffset="2742" SrcFileId="1" StartOffset="2730"/>
</LocList>
</BasicStmnt>
</StmntSeq>
</Branch>
<Branch CovItemId="B32" CovItemPrefix="Value.java" Implct="false" Intrnl_Id="185">
<Cond>
<Loc EndOffset="2761" SrcFileId="1" StartOffset="2757"/>
</Cond>
<LocList>
<Loc EndOffset="2918" SrcFileId="1" StartOffset="2762"/>
</LocList>
<StmntSeq Intrnl_Id="186">
<LocList>
<Loc EndOffset="2918" SrcFileId="1" StartOffset="2762"/>
</LocList>
<CondStmnt CovItemId="S46" CovItemPrefix="Value.java" Intrnl_Id="187">
<Branch CovItemId="B33" CovItemPrefix="Value.java" Implct="false" Intrnl_Id="188">
<Cond/>
<LocList>
<Loc EndOffset="2835" SrcFileId="1" StartOffset="2806"/>
</LocList>
<StmntSeq Intrnl_Id="189">
<LocList>
<Loc EndOffset="2827" SrcFileId="1" StartOffset="2815"/>
</LocList>
<BasicStmnt CovItemId="S47" CovItemPrefix="Value.java" Intrnl_Id="190">
<LocList>
<Loc EndOffset="2827" SrcFileId="1" StartOffset="2815"/>
</LocList>
</BasicStmnt>
</StmntSeq>
</Branch>
<Branch CovItemId="B34" CovItemPrefix="Value.java" Implct="false" Intrnl_Id="191">
<Cond>
<Loc EndOffset="2846" SrcFileId="1" StartOffset="2842"/>
</Cond>
<LocList>
<Loc EndOffset="2918" SrcFileId="1" StartOffset="2847"/>
</LocList>
<StmntSeq Intrnl_Id="192">
<LocList>
<Loc EndOffset="2918" SrcFileId="1" StartOffset="2847"/>
</LocList>
<CondStmnt CovItemId="S48" CovItemPrefix="Value.java" Intrnl_Id="193">
<Branch CovItemId="B35" CovItemPrefix="Value.java" Implct="false" Intrnl_Id="194">
<Cond/>
<LocList>
<Loc EndOffset="2918" SrcFileId="1" StartOffset="2889"/>
</LocList>
<StmntSeq Intrnl_Id="195">
<LocList>
<Loc EndOffset="2910" SrcFileId="1" StartOffset="2898"/>
</LocList>
<BasicStmnt CovItemId="S49" CovItemPrefix="Value.java" Intrnl_Id="196">
<LocList>
<Loc EndOffset="2910" SrcFileId="1" StartOffset="2898"/>
</LocList>
</BasicStmnt>
</StmntSeq>
</Branch>
<Branch CovItemId="B36" CovItemPrefix="Value.java" Implct="true" Intrnl_Id="197">
<Cond/>
<LocList/>
<StmntSeq Intrnl_Id="198">
<LocList/>
</StmntSeq>
</Branch>
<Keyword EndOffset="2849" SrcFileId="1" StartOffset="2847"/>
<LocList>
<Loc EndOffset="2918" SrcFileId="1" StartOffset="2847"/>
</LocList>
<RootTerm CovItemId="C18" CovItemPrefix="Value.java" Intrnl_Id="199">
<OpTerm BooleanOpId="2" Intrnl_Id="200">
<BasicBoolTerm Intrnl_Id="201">
<LocList>
<Loc EndOffset="2864" SrcFileId="1" StartOffset="2850"/>
</LocList>
</BasicBoolTerm>
<BasicBoolTerm Intrnl_Id="202">
<LocList>
<Loc EndOffset="2881" SrcFileId="1" StartOffset="2868"/>
</LocList>
</BasicBoolTerm>
<LocList>
<Loc EndOffset="2867" SrcFileId="1" StartOffset="2865"/>
</LocList>
</OpTerm>
</RootTerm>
</CondStmnt>
</StmntSeq>
</Branch>
<Keyword EndOffset="2764" SrcFileId="1" StartOffset="2762"/>
<LocList>
<Loc EndOffset="2918" SrcFileId="1" StartOffset="2762"/>
</LocList>
<RootTerm CovItemId="C17" CovItemPrefix="Value.java" Intrnl_Id="203">
<OpTerm BooleanOpId="2" Intrnl_Id="204">
<BasicBoolTerm Intrnl_Id="205">
<LocList>
<Loc EndOffset="2780" SrcFileId="1" StartOffset="2765"/>
</LocList>
</BasicBoolTerm>
<BasicBoolTerm Intrnl_Id="206">
<LocList>
<Loc EndOffset="2798" SrcFileId="1" StartOffset="2784"/>
</LocList>
</BasicBoolTerm>
<LocList>
<Loc EndOffset="2783" SrcFileId="1" StartOffset="2781"/>
</LocList>
</OpTerm>
</RootTerm>
</CondStmnt>
</StmntSeq>
</Branch>
<Keyword EndOffset="2628" SrcFileId="1" StartOffset="2626"/>
<LocList>
<Loc EndOffset="2918" SrcFileId="1" StartOffset="2626"/>
</LocList>
<RootTerm CovItemId="C16" CovItemPrefix="Value.java" Intrnl_Id="207">
<OpTerm BooleanOpId="3" Intrnl_Id="208">
<OpTerm BooleanOpId="2" Intrnl_Id="209">
<BasicBoolTerm Intrnl_Id="210">
<LocList>
<Loc EndOffset="2645" SrcFileId="1" StartOffset="2629"/>
</LocList>
</BasicBoolTerm>
<BasicBoolTerm Intrnl_Id="211">
<LocList>
<Loc EndOffset="2664" SrcFileId="1" StartOffset="2649"/>
</LocList>
</BasicBoolTerm>
<LocList>
<Loc EndOffset="2648" SrcFileId="1" StartOffset="2646"/>
</LocList>
</OpTerm>
<OpTerm BooleanOpId="2" Intrnl_Id="212">
<BasicBoolTerm Intrnl_Id="213">
<LocList>
<Loc EndOffset="2684" SrcFileId="1" StartOffset="2668"/>
</LocList>
</BasicBoolTerm>
<BasicBoolTerm Intrnl_Id="214">
<LocList>
<Loc EndOffset="2713" SrcFileId="1" StartOffset="2688"/>
</LocList>
</BasicBoolTerm>
<LocList>
<Loc EndOffset="2687" SrcFileId="1" StartOffset="2685"/>
</LocList>
</OpTerm>
<LocList>
<Loc EndOffset="2667" SrcFileId="1" StartOffset="2665"/>
</LocList>
</OpTerm>
</RootTerm>
</CondStmnt>
</StmntSeq>
</Branch>
<Keyword EndOffset="2547" SrcFileId="1" StartOffset="2545"/>
<LocList>
<Loc EndOffset="2918" SrcFileId="1" StartOffset="2545"/>
</LocList>
<RootTerm CovItemId="C15" CovItemPrefix="Value.java" Intrnl_Id="215">
<OpTerm BooleanOpId="2" Intrnl_Id="216">
<BasicBoolTerm Intrnl_Id="217">
<LocList>
<Loc EndOffset="2561" SrcFileId="1" StartOffset="2548"/>
</LocList>
</BasicBoolTerm>
<BasicBoolTerm Intrnl_Id="218">
<LocList>
<Loc EndOffset="2577" SrcFileId="1" StartOffset="2565"/>
</LocList>
</BasicBoolTerm>
<LocList>
<Loc EndOffset="2564" SrcFileId="1" StartOffset="2562"/>
</LocList>
</OpTerm>
</RootTerm>
</CondStmnt>
</StmntSeq>
</Branch>
<Keyword EndOffset="2456" SrcFileId="1" StartOffset="2454"/>
<LocList>
<Loc EndOffset="2918" SrcFileId="1" StartOffset="2454"/>
</LocList>
<RootTerm CovItemId="C14" CovItemPrefix="Value.java" Intrnl_Id="219">
<OpTerm BooleanOpId="2" Intrnl_Id="220">
<BasicBoolTerm Intrnl_Id="221">
<LocList>
<Loc EndOffset="2475" SrcFileId="1" StartOffset="2457"/>
</LocList>
</BasicBoolTerm>
<BasicBoolTerm Intrnl_Id="222">
<LocList>
<Loc EndOffset="2496" SrcFileId="1" StartOffset="2479"/>
</LocList>
</BasicBoolTerm>
<LocList>
<Loc EndOffset="2478" SrcFileId="1" StartOffset="2476"/>
</LocList>
</OpTerm>
</RootTerm>
</CondStmnt>
<BasicStmnt CovItemId="S50" CovItemPrefix="Value.java" Intrnl_Id="223">
<LocList>
<Loc EndOffset="2945" SrcFileId="1" StartOffset="2932"/>
</LocList>
</BasicStmnt>
</StmntSeq>
</HierarchyLvl>
<HierarchyLvl HierarchyLvlId="296" HierarchyLvlTypeId="5" Intrnl_Id="224" Name="GetType">
<Header>
<Loc EndOffset="2987" SrcFileId="1" StartOffset="2964"/>
</Header>
<LocList>
<Loc EndOffset="3759" SrcFileId="1" StartOffset="2964"/>
</LocList>
<StmntSeq Intrnl_Id="225">
<LocList>
<Loc EndOffset="3752" SrcFileId="1" StartOffset="3001"/>
</LocList>
<CondStmnt CovItemId="S51" CovItemPrefix="Value.java" Intrnl_Id="226">
<Branch CovItemId="B37" CovItemPrefix="Value.java" Implct="false" Intrnl_Id="227">
<Cond/>
<LocList>
<Loc EndOffset="3090" SrcFileId="1" StartOffset="3059"/>
</LocList>
<StmntSeq Intrnl_Id="228">
<LocList>
<Loc EndOffset="3082" SrcFileId="1" StartOffset="3068"/>
</LocList>
<BasicStmnt CovItemId="S52" CovItemPrefix="Value.java" Intrnl_Id="229">
<LocList>
<Loc EndOffset="3082" SrcFileId="1" StartOffset="3068"/>
</LocList>
</BasicStmnt>
</StmntSeq>
</Branch>
<Branch CovItemId="B38" CovItemPrefix="Value.java" Implct="false" Intrnl_Id="230">
<Cond>
<Loc EndOffset="3101" SrcFileId="1" StartOffset="3097"/>
</Cond>
<LocList>
<Loc EndOffset="3752" SrcFileId="1" StartOffset="3102"/>
</LocList>
<StmntSeq Intrnl_Id="231">
<LocList>
<Loc EndOffset="3752" SrcFileId="1" StartOffset="3102"/>
</LocList>
<CondStmnt CovItemId="S53" CovItemPrefix="Value.java" Intrnl_Id="232">
<Branch CovItemId="B39" CovItemPrefix="Value.java" Implct="false" Intrnl_Id="233">
<Cond/>
<LocList>
<Loc EndOffset="3206" SrcFileId="1" StartOffset="3170"/>
</LocList>
<StmntSeq Intrnl_Id="234">
<LocList>
<Loc EndOffset="3198" SrcFileId="1" StartOffset="3179"/>
</LocList>
<BasicStmnt CovItemId="S54" CovItemPrefix="Value.java" Intrnl_Id="235">
<LocList>
<Loc EndOffset="3198" SrcFileId="1" StartOffset="3179"/>
</LocList>
</BasicStmnt>
</StmntSeq>
</Branch>
<Branch CovItemId="B40" CovItemPrefix="Value.java" Implct="false" Intrnl_Id="236">
<Cond>
<Loc EndOffset="3217" SrcFileId="1" StartOffset="3213"/>
</Cond>
<LocList>
<Loc EndOffset="3752" SrcFileId="1" StartOffset="3218"/>
</LocList>
<StmntSeq Intrnl_Id="237">
<LocList>
<Loc EndOffset="3752" SrcFileId="1" StartOffset="3218"/>
</LocList>
<CondStmnt CovItemId="S55" CovItemPrefix="Value.java" Intrnl_Id="238">
<Branch CovItemId="B41" CovItemPrefix="Value.java" Implct="false" Intrnl_Id="239">
<Cond/>
<LocList>
<Loc EndOffset="3304" SrcFileId="1" StartOffset="3274"/>
</LocList>
<StmntSeq Intrnl_Id="240">
<LocList>
<Loc EndOffset="3296" SrcFileId="1" StartOffset="3283"/>
</LocList>
<BasicStmnt CovItemId="S56" CovItemPrefix="Value.java" Intrnl_Id="241">
<LocList>
<Loc EndOffset="3296" SrcFileId="1" StartOffset="3283"/>
</LocList>
</BasicStmnt>
</StmntSeq>
</Branch>
<Branch CovItemId="B42" CovItemPrefix="Value.java" Implct="false" Intrnl_Id="242">
<Cond>
<Loc EndOffset="3315" SrcFileId="1" StartOffset="3311"/>
</Cond>
<LocList>
<Loc EndOffset="3752" SrcFileId="1" StartOffset="3316"/>
</LocList>
<StmntSeq Intrnl_Id="243">
<LocList>
<Loc EndOffset="3752" SrcFileId="1" StartOffset="3316"/>
</LocList>
<CondStmnt CovItemId="S57" CovItemPrefix="Value.java" Intrnl_Id="244">
<Branch CovItemId="B43" CovItemPrefix="Value.java" Implct="false" Intrnl_Id="245">
<Cond/>
<LocList>
<Loc EndOffset="3411" SrcFileId="1" StartOffset="3378"/>
</LocList>
<StmntSeq Intrnl_Id="246">
<LocList>
<Loc EndOffset="3403" SrcFileId="1" StartOffset="3387"/>
</LocList>
<BasicStmnt CovItemId="S58" CovItemPrefix="Value.java" Intrnl_Id="247">
<LocList>
<Loc EndOffset="3403" SrcFileId="1" StartOffset="3387"/>
</LocList>
</BasicStmnt>
</StmntSeq>
</Branch>
<Branch CovItemId="B44" CovItemPrefix="Value.java" Implct="false" Intrnl_Id="248">
<Cond>
<Loc EndOffset="3422" SrcFileId="1" StartOffset="3418"/>
</Cond>
<LocList>
<Loc EndOffset="3752" SrcFileId="1" StartOffset="3423"/>
</LocList>
<StmntSeq Intrnl_Id="249">
<LocList>
<Loc EndOffset="3752" SrcFileId="1" StartOffset="3423"/>
</LocList>
<CondStmnt CovItemId="S59" CovItemPrefix="Value.java" Intrnl_Id="250">
<Branch CovItemId="B45" CovItemPrefix="Value.java" Implct="false" Intrnl_Id="251">
<Cond/>
<LocList>
<Loc EndOffset="3512" SrcFileId="1" StartOffset="3481"/>
</LocList>
<StmntSeq Intrnl_Id="252">
<LocList>
<Loc EndOffset="3504" SrcFileId="1" StartOffset="3490"/>
</LocList>
<BasicStmnt CovItemId="S60" CovItemPrefix="Value.java" Intrnl_Id="253">
<LocList>
<Loc EndOffset="3504" SrcFileId="1" StartOffset="3490"/>
</LocList>
</BasicStmnt>
</StmntSeq>
</Branch>
<Branch CovItemId="B46" CovItemPrefix="Value.java" Implct="false" Intrnl_Id="254">
<Cond>
<Loc EndOffset="3523" SrcFileId="1" StartOffset="3519"/>
</Cond>
<LocList>
<Loc EndOffset="3752" SrcFileId="1" StartOffset="3524"/>
</LocList>
<StmntSeq Intrnl_Id="255">
<LocList>
<Loc EndOffset="3752" SrcFileId="1" StartOffset="3524"/>
</LocList>
<CondStmnt CovItemId="S61" CovItemPrefix="Value.java" Intrnl_Id="256">
<Branch CovItemId="B47" CovItemPrefix="Value.java" Implct="false" Intrnl_Id="257">
<Cond/>
<LocList>
<Loc EndOffset="3619" SrcFileId="1" StartOffset="3586"/>
</LocList>
<StmntSeq Intrnl_Id="258">
<LocList>
<Loc EndOffset="3611" SrcFileId="1" StartOffset="3595"/>
</LocList>
<BasicStmnt CovItemId="S62" CovItemPrefix="Value.java" Intrnl_Id="259">
<LocList>
<Loc EndOffset="3611" SrcFileId="1" StartOffset="3595"/>
</LocList>
</BasicStmnt>
</StmntSeq>
</Branch>
<Branch CovItemId="B48" CovItemPrefix="Value.java" Implct="false" Intrnl_Id="260">
<Cond>
<Loc EndOffset="3630" SrcFileId="1" StartOffset="3626"/>
</Cond>
<LocList>
<Loc EndOffset="3752" SrcFileId="1" StartOffset="3631"/>
</LocList>
<StmntSeq Intrnl_Id="261">
<LocList>
<Loc EndOffset="3752" SrcFileId="1" StartOffset="3631"/>
</LocList>
<CondStmnt CovItemId="S63" CovItemPrefix="Value.java" Intrnl_Id="262">
<Branch CovItemId="B49" CovItemPrefix="Value.java" Implct="false" Intrnl_Id="263">
<Cond/>
<LocList>
<Loc EndOffset="3705" SrcFileId="1" StartOffset="3673"/>
</LocList>
<StmntSeq Intrnl_Id="264">
<LocList>
<Loc EndOffset="3697" SrcFileId="1" StartOffset="3682"/>
</LocList>
<BasicStmnt CovItemId="S64" CovItemPrefix="Value.java" Intrnl_Id="265">
<LocList>
<Loc EndOffset="3697" SrcFileId="1" StartOffset="3682"/>
</LocList>
</BasicStmnt>
</StmntSeq>
</Branch>
<Branch CovItemId="B50" CovItemPrefix="Value.java" Implct="false" Intrnl_Id="266">
<Cond>
<Loc EndOffset="3716" SrcFileId="1" StartOffset="3712"/>
</Cond>
<LocList>
<Loc EndOffset="3752" SrcFileId="1" StartOffset="3723"/>
</LocList>
<StmntSeq Intrnl_Id="267">
<LocList>
<Loc EndOffset="3744" SrcFileId="1" StartOffset="3732"/>
</LocList>
<BasicStmnt CovItemId="S65" CovItemPrefix="Value.java" Intrnl_Id="268">
<LocList>
<Loc EndOffset="3744" SrcFileId="1" StartOffset="3732"/>
</LocList>
</BasicStmnt>
</StmntSeq>
</Branch>
<Keyword EndOffset="3633" SrcFileId="1" StartOffset="3631"/>
<LocList>
<Loc EndOffset="3752" SrcFileId="1" StartOffset="3631"/>
</LocList>
<RootTerm CovItemId="C25" CovItemPrefix="Value.java" Intrnl_Id="269">
<BasicBoolTerm Intrnl_Id="270">
<LocList>
<Loc EndOffset="3665" SrcFileId="1" StartOffset="3634"/>
</LocList>
</BasicBoolTerm>
</RootTerm>
</CondStmnt>
</StmntSeq>
</Branch>
<Keyword EndOffset="3526" SrcFileId="1" StartOffset="3524"/>
<LocList>
<Loc EndOffset="3752" SrcFileId="1" StartOffset="3524"/>
</LocList>
<RootTerm CovItemId="C24" CovItemPrefix="Value.java" Intrnl_Id="271">
<OpTerm BooleanOpId="3" Intrnl_Id="272">
<BasicBoolTerm Intrnl_Id="273">
<LocList>
<Loc EndOffset="3542" SrcFileId="1" StartOffset="3527"/>
</LocList>
</BasicBoolTerm>
<BasicBoolTerm Intrnl_Id="274">
<LocList>
<Loc EndOffset="3578" SrcFileId="1" StartOffset="3546"/>
</LocList>
</BasicBoolTerm>
<LocList>
<Loc EndOffset="3545" SrcFileId="1" StartOffset="3543"/>
</LocList>
</OpTerm>
</RootTerm>
</CondStmnt>
</StmntSeq>
</Branch>
<Keyword EndOffset="3425" SrcFileId="1" StartOffset="3423"/>
<LocList>
<Loc EndOffset="3752" SrcFileId="1" StartOffset="3423"/>
</LocList>
<RootTerm CovItemId="C23" CovItemPrefix="Value.java" Intrnl_Id="275">
<OpTerm BooleanOpId="3" Intrnl_Id="276">
<BasicBoolTerm Intrnl_Id="277">
<LocList>
<Loc EndOffset="3439" SrcFileId="1" StartOffset="3426"/>
</LocList>
</BasicBoolTerm>
<BasicBoolTerm Intrnl_Id="278">
<LocList>
<Loc EndOffset="3473" SrcFileId="1" StartOffset="3443"/>
</LocList>
</BasicBoolTerm>
<LocList>
<Loc EndOffset="3442" SrcFileId="1" StartOffset="3440"/>
</LocList>
</OpTerm>
</RootTerm>
</CondStmnt>
</StmntSeq>
</Branch>
<Keyword EndOffset="3318" SrcFileId="1" StartOffset="3316"/>
<LocList>
<Loc EndOffset="3752" SrcFileId="1" StartOffset="3316"/>
</LocList>
<RootTerm CovItemId="C22" CovItemPrefix="Value.java" Intrnl_Id="279">
<OpTerm BooleanOpId="3" Intrnl_Id="280">
<BasicBoolTerm Intrnl_Id="281">
<LocList>
<Loc EndOffset="3334" SrcFileId="1" StartOffset="3319"/>
</LocList>
</BasicBoolTerm>
<BasicBoolTerm Intrnl_Id="282">
<LocList>
<Loc EndOffset="3370" SrcFileId="1" StartOffset="3338"/>
</LocList>
</BasicBoolTerm>
<LocList>
<Loc EndOffset="3337" SrcFileId="1" StartOffset="3335"/>
</LocList>
</OpTerm>
</RootTerm>
</CondStmnt>
</StmntSeq>
</Branch>
<Keyword EndOffset="3220" SrcFileId="1" StartOffset="3218"/>
<LocList>
<Loc EndOffset="3752" SrcFileId="1" StartOffset="3218"/>
</LocList>
<RootTerm CovItemId="C21" CovItemPrefix="Value.java" Intrnl_Id="283">
<OpTerm BooleanOpId="3" Intrnl_Id="284">
<BasicBoolTerm Intrnl_Id="285">
<LocList>
<Loc EndOffset="3233" SrcFileId="1" StartOffset="3221"/>
</LocList>
</BasicBoolTerm>
<BasicBoolTerm Intrnl_Id="286">
<LocList>
<Loc EndOffset="3266" SrcFileId="1" StartOffset="3237"/>
</LocList>
</BasicBoolTerm>
<LocList>
<Loc EndOffset="3236" SrcFileId="1" StartOffset="3234"/>
</LocList>
</OpTerm>
</RootTerm>
</CondStmnt>
</StmntSeq>
</Branch>
<Keyword EndOffset="3104" SrcFileId="1" StartOffset="3102"/>
<LocList>
<Loc EndOffset="3752" SrcFileId="1" StartOffset="3102"/>
</LocList>
<RootTerm CovItemId="C20" CovItemPrefix="Value.java" Intrnl_Id="287">
<OpTerm BooleanOpId="3" Intrnl_Id="288">
<BasicBoolTerm Intrnl_Id="289">
<LocList>
<Loc EndOffset="3140" SrcFileId="1" StartOffset="3105"/>
</LocList>
</BasicBoolTerm>
<BasicBoolTerm Intrnl_Id="290">
<LocList>
<Loc EndOffset="3162" SrcFileId="1" StartOffset="3144"/>
</LocList>
</BasicBoolTerm>
<LocList>
<Loc EndOffset="3143" SrcFileId="1" StartOffset="3141"/>
</LocList>
</OpTerm>
</RootTerm>
</CondStmnt>
</StmntSeq>
</Branch>
<Keyword EndOffset="3003" SrcFileId="1" StartOffset="3001"/>
<LocList>
<Loc EndOffset="3752" SrcFileId="1" StartOffset="3001"/>
</LocList>
<RootTerm CovItemId="C19" CovItemPrefix="Value.java" Intrnl_Id="291">
<OpTerm BooleanOpId="3" Intrnl_Id="292">
<BasicBoolTerm Intrnl_Id="293">
<LocList>
<Loc EndOffset="3017" SrcFileId="1" StartOffset="3004"/>
</LocList>
</BasicBoolTerm>
<BasicBoolTerm Intrnl_Id="294">
<LocList>
<Loc EndOffset="3051" SrcFileId="1" StartOffset="3021"/>
</LocList>
</BasicBoolTerm>
<LocList>
<Loc EndOffset="3020" SrcFileId="1" StartOffset="3018"/>
</LocList>
</OpTerm>
</RootTerm>
</CondStmnt>
</StmntSeq>
</HierarchyLvl>
<HierarchyLvl HierarchyLvlId="297" HierarchyLvlTypeId="5" Intrnl_Id="295" Name="equals">
<Header>
<Loc EndOffset="3813" SrcFileId="1" StartOffset="3767"/>
</Header>
<LocList>
<Loc EndOffset="4093" SrcFileId="1" StartOffset="3767"/>
</LocList>
<StmntSeq Intrnl_Id="296">
<LocList>
<Loc EndOffset="3885" SrcFileId="1" StartOffset="3827"/>
<Loc EndOffset="4003" SrcFileId="1" StartOffset="3897"/>
<Loc EndOffset="4037" SrcFileId="1" StartOffset="4015"/>
<Loc EndOffset="4086" SrcFileId="1" StartOffset="4049"/>
</LocList>
<CondStmnt CovItemId="S66" CovItemPrefix="Value.java" Intrnl_Id="297">
<Branch CovItemId="B51" CovItemPrefix="Value.java" Implct="false" Intrnl_Id="298">
<Cond/>
<LocList>
<Loc EndOffset="3885" SrcFileId="1" StartOffset="3847"/>
</LocList>
<StmntSeq Intrnl_Id="299">
<LocList>
<Loc EndOffset="3874" SrcFileId="1" StartOffset="3862"/>
</LocList>
<BasicStmnt CovItemId="S67" CovItemPrefix="Value.java" Intrnl_Id="300">
<LocList>
<Loc EndOffset="3874" SrcFileId="1" StartOffset="3862"/>
</LocList>
</BasicStmnt>
</StmntSeq>
</Branch>
<Branch CovItemId="B52" CovItemPrefix="Value.java" Implct="true" Intrnl_Id="301">
<Cond/>
<LocList/>
<StmntSeq Intrnl_Id="302">
<LocList/>
</StmntSeq>
</Branch>
<Keyword EndOffset="3829" SrcFileId="1" StartOffset="3827"/>
<LocList>
<Loc EndOffset="3885" SrcFileId="1" StartOffset="3827"/>
</LocList>
<RootTerm CovItemId="C26" CovItemPrefix="Value.java" Intrnl_Id="303">
<BasicBoolTerm Intrnl_Id="304">
<LocList>
<Loc EndOffset="3845" SrcFileId="1" StartOffset="3830"/>
</LocList>
</BasicBoolTerm>
</RootTerm>
</CondStmnt>
<CondStmnt CovItemId="S68" CovItemPrefix="Value.java" Intrnl_Id="305">
<Branch CovItemId="B53" CovItemPrefix="Value.java" Implct="false" Intrnl_Id="306">
<Cond/>
<LocList>
<Loc EndOffset="4003" SrcFileId="1" StartOffset="3964"/>
</LocList>
<StmntSeq Intrnl_Id="307">
<LocList>
<Loc EndOffset="3992" SrcFileId="1" StartOffset="3979"/>
</LocList>
<BasicStmnt CovItemId="S69" CovItemPrefix="Value.java" Intrnl_Id="308">
<LocList>
<Loc EndOffset="3992" SrcFileId="1" StartOffset="3979"/>
</LocList>
</BasicStmnt>
</StmntSeq>
</Branch>
<Branch CovItemId="B54" CovItemPrefix="Value.java" Implct="true" Intrnl_Id="309">
<Cond/>
<LocList/>
<StmntSeq Intrnl_Id="310">
<LocList/>
</StmntSeq>
</Branch>
<Keyword EndOffset="3899" SrcFileId="1" StartOffset="3897"/>
<LocList>
<Loc EndOffset="4003" SrcFileId="1" StartOffset="3897"/>
</LocList>
<RootTerm CovItemId="C27" CovItemPrefix="Value.java" Intrnl_Id="311">
<OpTerm BooleanOpId="3" Intrnl_Id="312">
<OpTerm BooleanOpId="3" Intrnl_Id="313">
<BasicBoolTerm Intrnl_Id="314">
<LocList>
<Loc EndOffset="3913" SrcFileId="1" StartOffset="3900"/>
</LocList>
</BasicBoolTerm>
<BasicBoolTerm Intrnl_Id="315">
<LocList>
<Loc EndOffset="3926" SrcFileId="1" StartOffset="3917"/>
</LocList>
</BasicBoolTerm>
<LocList>
<Loc EndOffset="3916" SrcFileId="1" StartOffset="3914"/>
</LocList>
</OpTerm>
<BasicBoolTerm Intrnl_Id="316">
<LocList>
<Loc EndOffset="3962" SrcFileId="1" StartOffset="3930"/>
</LocList>
</BasicBoolTerm>
<LocList>
<Loc EndOffset="3929" SrcFileId="1" StartOffset="3927"/>
</LocList>
</OpTerm>
</RootTerm>
</CondStmnt>
<BasicStmnt CovItemId="S70" CovItemPrefix="Value.java" Intrnl_Id="317">
<LocList>
<Loc EndOffset="4037" SrcFileId="1" StartOffset="4015"/>
</LocList>
</BasicStmnt>
<BasicStmnt CovItemId="S71" CovItemPrefix="Value.java" Intrnl_Id="318">
<LocList>
<Loc EndOffset="4086" SrcFileId="1" StartOffset="4049"/>
</LocList>
</BasicStmnt>
</StmntSeq>
</HierarchyLvl>
<HierarchyLvl HierarchyLvlId="298" HierarchyLvlTypeId="5" Intrnl_Id="319" Name="toString">
<Header>
<Loc EndOffset="4140" SrcFileId="1" StartOffset="4101"/>
</Header>
<LocList>
<Loc EndOffset="4188" SrcFileId="1" StartOffset="4101"/>
</LocList>
<StmntSeq Intrnl_Id="320">
<LocList>
<Loc EndOffset="4181" SrcFileId="1" StartOffset="4152"/>
</LocList>
<BasicStmnt CovItemId="S72" CovItemPrefix="Value.java" Intrnl_Id="321">
<LocList>
<Loc EndOffset="4181" SrcFileId="1" StartOffset="4152"/>
</LocList>
</BasicStmnt>
</StmntSeq>
</HierarchyLvl>
</HierarchyLvl>
</HierarchyLvl>
</MASTRoot>
</TestSessionContainer>
