<?xml version="1.0" encoding="UTF-8"?><TestSessionContainer xmlns="http://www.codecover.org/xml/testsession-container" Date="1367933672837" TestSessionContainerId="1b0773cc-c7dc-480d-967c-df208bbce399" version="1.0">
<SrcFileList>
<SrcFile Content="&#13;&#10;public class Value {&#13;&#10;&#9;public static Value VOID = new Value(new Object());&#13;&#10;&#13;&#10;    final Object value;&#13;&#10;&#13;&#10;    public Value(Object value) {&#13;&#10;        this.value = value;&#13;&#10;    }&#13;&#10;    &#13;&#10;    public Value()&#13;&#10;    {&#13;&#10;    &#9;this.value = &quot;&quot;;&#13;&#10;    }&#13;&#10;&#13;&#10;    public boolean isDouble() &#13;&#10;    {&#13;&#10;&#9;&#9;if(this.toString().matches(&quot;((-)?[0-9]+)\\.([0-9]){1,2}&quot;))&#13;&#10;&#9;&#9;{&#13;&#10;&#9;&#9;&#9;return true;&#13;&#10;&#9;&#9;}&#13;&#10;&#9;&#9;return false;&#13;&#10;    }&#13;&#10;    &#13;&#10;    public boolean isInt()&#13;&#10;    {&#13;&#10;&#9;&#9;if(this.toString().matches(&quot;(-)?[0-9]+&quot;))&#13;&#10;&#9;&#9;{&#13;&#10;&#9;&#9;&#9;return true;&#13;&#10;&#9;&#9;}&#13;&#10;&#9;&#9;return false;&#13;&#10;    }&#13;&#10;    &#13;&#10;    public boolean isDrink()&#13;&#10;    {&#13;&#10;&#9;&#9;if(this.toString().equals(&quot;drink&quot;))&#13;&#10;&#9;&#9;{&#13;&#10;&#9;&#9;&#9;return true;&#13;&#10;&#9;&#9;}&#13;&#10;&#9;&#9;return false;&#13;&#10;    }&#13;&#10;    &#13;&#10;    public boolean isNumeric()&#13;&#10;    {&#13;&#10;    &#9;if(this.isInt() || this.isDouble() || this.toString().equals(&quot;int&quot;) || this.toString().equals(&quot;double&quot;))&#13;&#10;    &#9;{&#13;&#10;    &#9;&#9;return true;&#13;&#10;    &#9;}&#13;&#10;    &#9;return false;&#13;&#10;    }&#13;&#10;    &#13;&#10;    public boolean isNumericExpression()&#13;&#10;    {    &#9;&#13;&#10;    &#9;if(this.toString().contains(&quot;(&quot;))&#13;&#10;    &#9;{&#13;&#10;    &#9;&#13;&#10;    &#9;}&#13;&#10;    &#9;&#13;&#10;    &#9;if(this.toString().matches(&quot;(-)?[0-9]+(\\.[0-9]{1,2})?((\\+|\\-|\\*|\\/)[0-9]+(\\.[0-9]{1,2})?)*&quot;))&#13;&#10;    &#9;{&#13;&#10;    &#9;&#9;return true;&#13;&#10;    &#9;}&#13;&#10;    &#9;return false;&#13;&#10;    }&#13;&#10;    &#13;&#10;    public boolean isChar()&#13;&#10;    {&#13;&#10;&#9;&#9;if(this.toString().length() != 3 || &#13;&#10;&#9;&#9;   this.toString().charAt(0) != '\'' || &#13;&#10;&#9;&#9;   this.toString().charAt(this.toString().length()-1) != '\'')&#13;&#10;&#9;&#9;{&#13;&#10;&#9;&#9;&#9;return false;&#13;&#10;&#9;&#9;}&#13;&#10;&#9;&#9;return true;&#13;&#10;    }&#13;&#10;    &#13;&#10;    public boolean isString()&#13;&#10;    {&#13;&#10;    &#9;if(this.toString().length() &lt; 2)&#13;&#10;    &#9;{&#13;&#10;    &#9;&#9;return false;&#13;&#10;    &#9;}&#13;&#10;    &#9;else if(this.toString().charAt(0) != '&quot;'|| this.toString().charAt(this.toString().length()-1) != '&quot;')&#13;&#10;&#9;&#9;{&#13;&#10;&#9;&#9;&#9;return false;&#13;&#10;&#9;&#9;}&#13;&#10;&#9;&#9;return true;&#13;&#10;    }&#13;&#10;    &#13;&#10;    public boolean isBool()&#13;&#10;    {&#13;&#10;    &#9;if(this.toString().equals(&quot;true&quot;) || this.toString().equals(&quot;false&quot;))&#13;&#10;    &#9;{&#13;&#10;    &#9;&#9;return true;&#13;&#10;    &#9;}&#13;&#10;    &#9;return false;&#13;&#10;    }&#13;&#10;    &#13;&#10;    public boolean isContainer()&#13;&#10;    {&#13;&#10;    &#9;if(this.toString().matches(&quot;((1?[0-3])|([0-9]))|A[0-5]&quot;) || this.toString().equals(&quot;container&quot;))&#13;&#10;    &#9;{&#13;&#10;    &#9;&#9;return true;&#13;&#10;    &#9;}&#13;&#10;    &#9;return false;&#13;&#10;    }&#13;&#10;    &#13;&#10;    public boolean isSameType(Value val)&#13;&#10;    {&#13;&#10;    &#9;if(this.isBool() &amp;&amp; val.isBool())&#13;&#10;    &#9;{&#13;&#10;    &#9;&#9;return true;&#13;&#10;    &#9;}&#13;&#10;    &#9;if(this.isContainer() &amp;&amp; val.isContainer())&#13;&#10;    &#9;{&#13;&#10;    &#9;&#9;return true;&#13;&#10;    &#9;}&#13;&#10;    &#9;else if(this.isChar() &amp;&amp; val.isChar())&#13;&#10;    &#9;{&#13;&#10;    &#9;&#9;return true;&#13;&#10;    &#9;}&#13;&#10;    &#9;else if(this.isNumeric() &amp;&amp; val.isNumeric() || this.isNumeric() &amp;&amp; val.isNumericExpression())&#13;&#10;    &#9;{&#13;&#10;    &#9;&#9;return true;&#13;&#10;    &#9;}&#13;&#10;    &#9;else if(this.isString() &amp;&amp; val.isString())&#13;&#10;    &#9;{&#13;&#10;    &#9;&#9;return true;&#13;&#10;    &#9;}&#13;&#10;    &#9;else if(this.isDrink() &amp;&amp; val.isDrink())&#13;&#10;    &#9;{&#13;&#10;    &#9;&#9;return true;&#13;&#10;    &#9;}&#13;&#10;    &#9;&#13;&#10;    &#9;return false;&#13;&#10;    }&#13;&#10;    &#13;&#10;    public String GetType()&#13;&#10;    {&#13;&#10;    &#9;if(this.isBool() || this.toString().equals(&quot;bool&quot;))&#13;&#10;    &#9;{&#13;&#10;    &#9;&#9;return &quot;bool&quot;;&#13;&#10;    &#9;}&#13;&#10;    &#9;else if(this.toString().equals(&quot;container&quot;) || this.isContainer())&#13;&#10;    &#9;{&#13;&#10;    &#9;&#9;return &quot;container&quot;;&#13;&#10;    &#9;}&#13;&#10;    &#9;else if(this.isInt() || this.toString().equals(&quot;int&quot;))&#13;&#10;    &#9;{&#13;&#10;    &#9;&#9;return &quot;int&quot;;&#13;&#10;    &#9;}&#13;&#10;    &#9;else if(this.isDouble() || this.toString().equals(&quot;double&quot;))&#13;&#10;    &#9;{&#13;&#10;    &#9;&#9;return &quot;double&quot;;&#13;&#10;    &#9;}&#13;&#10;    &#9;else if(this.isChar() || this.toString().equals(&quot;char&quot;))&#13;&#10;    &#9;{&#13;&#10;    &#9;&#9;return &quot;char&quot;;&#13;&#10;    &#9;}&#13;&#10;    &#9;else if(this.isString() || this.toString().equals(&quot;string&quot;))&#13;&#10;    &#9;{&#13;&#10;    &#9;&#9;return &quot;string&quot;;&#13;&#10;    &#9;}&#13;&#10;    &#9;else if(this.toString().equals(&quot;drink&quot;))&#13;&#10;    &#9;{&#13;&#10;    &#9;&#9;return &quot;drink&quot;;&#13;&#10;    &#9;}&#13;&#10;    &#9;else&#13;&#10;    &#9;{&#13;&#10;    &#9;&#9;return null;&#13;&#10;    &#9;}&#13;&#10;    }&#13;&#10;&#13;&#10;    @Override&#13;&#10;    public boolean equals(Object o) {&#13;&#10;&#13;&#10;        if(value == o) {&#13;&#10;            return true;&#13;&#10;        }&#13;&#10;&#13;&#10;        if(value == null || o == null || o.getClass() != value.getClass()) {&#13;&#10;            return false;&#13;&#10;        }&#13;&#10;&#13;&#10;        Value that = (Value)o;&#13;&#10;&#13;&#10;        return this.value.equals(that.value);&#13;&#10;    }&#13;&#10;&#13;&#10;    @Override&#13;&#10;    public String toString() {&#13;&#10;        return String.valueOf(value);&#13;&#10;    }&#13;&#10;}&#13;&#10;" Filename="Value.java" Intrnl_Id="1"/>
</SrcFileList>
<CritList>
<CritListEntry Name="org.codecover.model.utils.criteria.LoopCoverage" PluginName="org.codecover"/>
<CritListEntry Name="org.codecover.model.utils.criteria.BranchCoverage" PluginName="org.codecover"/>
<CritListEntry Name="org.codecover.model.utils.criteria.ConditionCoverage" PluginName="org.codecover"/>
<CritListEntry Name="org.codecover.model.utils.criteria.StatementCoverage" PluginName="org.codecover"/>
</CritList>
<BoolOpList>
<BoolOp Arity="2" Intrnl_Id="2" Name="conditional and (&amp;&amp;)">
<BoolAssgnmntBoolMapList>
<MapEntry BoolAssgnmnt="10" Value="false"/>
<MapEntry BoolAssgnmnt="02" Value="false"/>
<MapEntry BoolAssgnmnt="11" Value="true"/>
</BoolAssgnmntBoolMapList>
</BoolOp>
<BoolOp Arity="2" Intrnl_Id="3" Name="conditional or (||)">
<BoolAssgnmntBoolMapList>
<MapEntry BoolAssgnmnt="01" Value="true"/>
<MapEntry BoolAssgnmnt="00" Value="false"/>
<MapEntry BoolAssgnmnt="12" Value="true"/>
</BoolAssgnmntBoolMapList>
</BoolOp>
</BoolOpList>
<HierarchyLvlTypeList>
<HierarchyLvlType EnglishName="class" IntrnlName="class" Intrnl_Id="4"/>
<HierarchyLvlType EnglishName="method" IntrnlName="method" Intrnl_Id="5"/>
<HierarchyLvlType EnglishName="default package" IntrnlName="default package" Intrnl_Id="6"/>
</HierarchyLvlTypeList>
<MASTRoot>
<HierarchyLvl HierarchyLvlId="1089" HierarchyLvlTypeId="6" Intrnl_Id="7" Name="default package">
<Header/>
<LocList/>
<HierarchyLvl HierarchyLvlId="1088" HierarchyLvlTypeId="4" Intrnl_Id="8" Name="Value">
<Header>
<Loc EndOffset="20" SrcFileId="1" StartOffset="2"/>
</Header>
<LocList>
<Loc EndOffset="3966" SrcFileId="1" StartOffset="2"/>
</LocList>
<StmntSeq Intrnl_Id="9">
<LocList>
<Loc EndOffset="76" SrcFileId="1" StartOffset="25"/>
</LocList>
<BasicStmnt CovItemId="S1" CovItemPrefix="Value.java" Intrnl_Id="10">
<LocList>
<Loc EndOffset="76" SrcFileId="1" StartOffset="25"/>
</LocList>
</BasicStmnt>
</StmntSeq>
<HierarchyLvl HierarchyLvlId="1073" HierarchyLvlTypeId="5" Intrnl_Id="11" Name="Value">
<Header>
<Loc EndOffset="137" SrcFileId="1" StartOffset="111"/>
</Header>
<LocList>
<Loc EndOffset="175" SrcFileId="1" StartOffset="111"/>
</LocList>
<StmntSeq Intrnl_Id="12">
<LocList>
<Loc EndOffset="168" SrcFileId="1" StartOffset="149"/>
</LocList>
<BasicStmnt CovItemId="S2" CovItemPrefix="Value.java" Intrnl_Id="13">
<LocList>
<Loc EndOffset="168" SrcFileId="1" StartOffset="149"/>
</LocList>
</BasicStmnt>
</StmntSeq>
</HierarchyLvl>
<HierarchyLvl HierarchyLvlId="1074" HierarchyLvlTypeId="5" Intrnl_Id="14" Name="Value">
<Header>
<Loc EndOffset="201" SrcFileId="1" StartOffset="187"/>
</Header>
<LocList>
<Loc EndOffset="238" SrcFileId="1" StartOffset="187"/>
</LocList>
<StmntSeq Intrnl_Id="15">
<LocList>
<Loc EndOffset="231" SrcFileId="1" StartOffset="215"/>
</LocList>
<BasicStmnt CovItemId="S3" CovItemPrefix="Value.java" Intrnl_Id="16">
<LocList>
<Loc EndOffset="231" SrcFileId="1" StartOffset="215"/>
</LocList>
</BasicStmnt>
</StmntSeq>
</HierarchyLvl>
<HierarchyLvl HierarchyLvlId="1075" HierarchyLvlTypeId="5" Intrnl_Id="17" Name="isDouble">
<Header>
<Loc EndOffset="271" SrcFileId="1" StartOffset="246"/>
</Header>
<LocList>
<Loc EndOffset="392" SrcFileId="1" StartOffset="246"/>
</LocList>
<StmntSeq Intrnl_Id="18">
<LocList>
<Loc EndOffset="368" SrcFileId="1" StartOffset="283"/>
<Loc EndOffset="385" SrcFileId="1" StartOffset="372"/>
</LocList>
<CondStmnt CovItemId="S4" CovItemPrefix="Value.java" Intrnl_Id="19">
<Branch CovItemId="B1" CovItemPrefix="Value.java" Implct="false" Intrnl_Id="20">
<Cond/>
<LocList>
<Loc EndOffset="368" SrcFileId="1" StartOffset="345"/>
</LocList>
<StmntSeq Intrnl_Id="21">
<LocList>
<Loc EndOffset="363" SrcFileId="1" StartOffset="351"/>
</LocList>
<BasicStmnt CovItemId="S5" CovItemPrefix="Value.java" Intrnl_Id="22">
<LocList>
<Loc EndOffset="363" SrcFileId="1" StartOffset="351"/>
</LocList>
</BasicStmnt>
</StmntSeq>
</Branch>
<Branch CovItemId="B2" CovItemPrefix="Value.java" Implct="true" Intrnl_Id="23">
<Cond/>
<LocList/>
<StmntSeq Intrnl_Id="24">
<LocList/>
</StmntSeq>
</Branch>
<Keyword EndOffset="285" SrcFileId="1" StartOffset="283"/>
<LocList>
<Loc EndOffset="368" SrcFileId="1" StartOffset="283"/>
</LocList>
<RootTerm CovItemId="C1" CovItemPrefix="Value.java" Intrnl_Id="25">
<BasicBoolTerm Intrnl_Id="26">
<LocList>
<Loc EndOffset="340" SrcFileId="1" StartOffset="286"/>
</LocList>
</BasicBoolTerm>
</RootTerm>
</CondStmnt>
<BasicStmnt CovItemId="S6" CovItemPrefix="Value.java" Intrnl_Id="27">
<LocList>
<Loc EndOffset="385" SrcFileId="1" StartOffset="372"/>
</LocList>
</BasicStmnt>
</StmntSeq>
</HierarchyLvl>
<HierarchyLvl HierarchyLvlId="1076" HierarchyLvlTypeId="5" Intrnl_Id="28" Name="isInt">
<Header>
<Loc EndOffset="426" SrcFileId="1" StartOffset="404"/>
</Header>
<LocList>
<Loc EndOffset="529" SrcFileId="1" StartOffset="404"/>
</LocList>
<StmntSeq Intrnl_Id="29">
<LocList>
<Loc EndOffset="505" SrcFileId="1" StartOffset="437"/>
<Loc EndOffset="522" SrcFileId="1" StartOffset="509"/>
</LocList>
<CondStmnt CovItemId="S7" CovItemPrefix="Value.java" Intrnl_Id="30">
<Branch CovItemId="B3" CovItemPrefix="Value.java" Implct="false" Intrnl_Id="31">
<Cond/>
<LocList>
<Loc EndOffset="505" SrcFileId="1" StartOffset="482"/>
</LocList>
<StmntSeq Intrnl_Id="32">
<LocList>
<Loc EndOffset="500" SrcFileId="1" StartOffset="488"/>
</LocList>
<BasicStmnt CovItemId="S8" CovItemPrefix="Value.java" Intrnl_Id="33">
<LocList>
<Loc EndOffset="500" SrcFileId="1" StartOffset="488"/>
</LocList>
</BasicStmnt>
</StmntSeq>
</Branch>
<Branch CovItemId="B4" CovItemPrefix="Value.java" Implct="true" Intrnl_Id="34">
<Cond/>
<LocList/>
<StmntSeq Intrnl_Id="35">
<LocList/>
</StmntSeq>
</Branch>
<Keyword EndOffset="439" SrcFileId="1" StartOffset="437"/>
<LocList>
<Loc EndOffset="505" SrcFileId="1" StartOffset="437"/>
</LocList>
<RootTerm CovItemId="C2" CovItemPrefix="Value.java" Intrnl_Id="36">
<BasicBoolTerm Intrnl_Id="37">
<LocList>
<Loc EndOffset="477" SrcFileId="1" StartOffset="440"/>
</LocList>
</BasicBoolTerm>
</RootTerm>
</CondStmnt>
<BasicStmnt CovItemId="S9" CovItemPrefix="Value.java" Intrnl_Id="38">
<LocList>
<Loc EndOffset="522" SrcFileId="1" StartOffset="509"/>
</LocList>
</BasicStmnt>
</StmntSeq>
</HierarchyLvl>
<HierarchyLvl HierarchyLvlId="1077" HierarchyLvlTypeId="5" Intrnl_Id="39" Name="isDrink">
<Header>
<Loc EndOffset="565" SrcFileId="1" StartOffset="541"/>
</Header>
<LocList>
<Loc EndOffset="662" SrcFileId="1" StartOffset="541"/>
</LocList>
<StmntSeq Intrnl_Id="40">
<LocList>
<Loc EndOffset="638" SrcFileId="1" StartOffset="576"/>
<Loc EndOffset="655" SrcFileId="1" StartOffset="642"/>
</LocList>
<CondStmnt CovItemId="S10" CovItemPrefix="Value.java" Intrnl_Id="41">
<Branch CovItemId="B5" CovItemPrefix="Value.java" Implct="false" Intrnl_Id="42">
<Cond/>
<LocList>
<Loc EndOffset="638" SrcFileId="1" StartOffset="615"/>
</LocList>
<StmntSeq Intrnl_Id="43">
<LocList>
<Loc EndOffset="633" SrcFileId="1" StartOffset="621"/>
</LocList>
<BasicStmnt CovItemId="S11" CovItemPrefix="Value.java" Intrnl_Id="44">
<LocList>
<Loc EndOffset="633" SrcFileId="1" StartOffset="621"/>
</LocList>
</BasicStmnt>
</StmntSeq>
</Branch>
<Branch CovItemId="B6" CovItemPrefix="Value.java" Implct="true" Intrnl_Id="45">
<Cond/>
<LocList/>
<StmntSeq Intrnl_Id="46">
<LocList/>
</StmntSeq>
</Branch>
<Keyword EndOffset="578" SrcFileId="1" StartOffset="576"/>
<LocList>
<Loc EndOffset="638" SrcFileId="1" StartOffset="576"/>
</LocList>
<RootTerm CovItemId="C3" CovItemPrefix="Value.java" Intrnl_Id="47">
<BasicBoolTerm Intrnl_Id="48">
<LocList>
<Loc EndOffset="610" SrcFileId="1" StartOffset="579"/>
</LocList>
</BasicBoolTerm>
</RootTerm>
</CondStmnt>
<BasicStmnt CovItemId="S12" CovItemPrefix="Value.java" Intrnl_Id="49">
<LocList>
<Loc EndOffset="655" SrcFileId="1" StartOffset="642"/>
</LocList>
</BasicStmnt>
</StmntSeq>
</HierarchyLvl>
<HierarchyLvl HierarchyLvlId="1078" HierarchyLvlTypeId="5" Intrnl_Id="50" Name="isNumeric">
<Header>
<Loc EndOffset="700" SrcFileId="1" StartOffset="674"/>
</Header>
<LocList>
<Loc EndOffset="881" SrcFileId="1" StartOffset="674"/>
</LocList>
<StmntSeq Intrnl_Id="51">
<LocList>
<Loc EndOffset="854" SrcFileId="1" StartOffset="714"/>
<Loc EndOffset="874" SrcFileId="1" StartOffset="861"/>
</LocList>
<CondStmnt CovItemId="S13" CovItemPrefix="Value.java" Intrnl_Id="52">
<Branch CovItemId="B7" CovItemPrefix="Value.java" Implct="false" Intrnl_Id="53">
<Cond/>
<LocList>
<Loc EndOffset="854" SrcFileId="1" StartOffset="825"/>
</LocList>
<StmntSeq Intrnl_Id="54">
<LocList>
<Loc EndOffset="846" SrcFileId="1" StartOffset="834"/>
</LocList>
<BasicStmnt CovItemId="S14" CovItemPrefix="Value.java" Intrnl_Id="55">
<LocList>
<Loc EndOffset="846" SrcFileId="1" StartOffset="834"/>
</LocList>
</BasicStmnt>
</StmntSeq>
</Branch>
<Branch CovItemId="B8" CovItemPrefix="Value.java" Implct="true" Intrnl_Id="56">
<Cond/>
<LocList/>
<StmntSeq Intrnl_Id="57">
<LocList/>
</StmntSeq>
</Branch>
<Keyword EndOffset="716" SrcFileId="1" StartOffset="714"/>
<LocList>
<Loc EndOffset="854" SrcFileId="1" StartOffset="714"/>
</LocList>
<RootTerm CovItemId="C4" CovItemPrefix="Value.java" Intrnl_Id="58">
<OpTerm BooleanOpId="3" Intrnl_Id="59">
<OpTerm BooleanOpId="3" Intrnl_Id="60">
<OpTerm BooleanOpId="3" Intrnl_Id="61">
<BasicBoolTerm Intrnl_Id="62">
<LocList>
<Loc EndOffset="729" SrcFileId="1" StartOffset="717"/>
</LocList>
</BasicBoolTerm>
<BasicBoolTerm Intrnl_Id="63">
<LocList>
<Loc EndOffset="748" SrcFileId="1" StartOffset="733"/>
</LocList>
</BasicBoolTerm>
<LocList>
<Loc EndOffset="732" SrcFileId="1" StartOffset="730"/>
</LocList>
</OpTerm>
<BasicBoolTerm Intrnl_Id="64">
<LocList>
<Loc EndOffset="781" SrcFileId="1" StartOffset="752"/>
</LocList>
</BasicBoolTerm>
<LocList>
<Loc EndOffset="751" SrcFileId="1" StartOffset="749"/>
</LocList>
</OpTerm>
<BasicBoolTerm Intrnl_Id="65">
<LocList>
<Loc EndOffset="817" SrcFileId="1" StartOffset="785"/>
</LocList>
</BasicBoolTerm>
<LocList>
<Loc EndOffset="784" SrcFileId="1" StartOffset="782"/>
</LocList>
</OpTerm>
</RootTerm>
</CondStmnt>
<BasicStmnt CovItemId="S15" CovItemPrefix="Value.java" Intrnl_Id="66">
<LocList>
<Loc EndOffset="874" SrcFileId="1" StartOffset="861"/>
</LocList>
</BasicStmnt>
</StmntSeq>
</HierarchyLvl>
<HierarchyLvl HierarchyLvlId="1079" HierarchyLvlTypeId="5" Intrnl_Id="67" Name="isNumericExpression">
<Header>
<Loc EndOffset="929" SrcFileId="1" StartOffset="893"/>
</Header>
<LocList>
<Loc EndOffset="1180" SrcFileId="1" StartOffset="893"/>
</LocList>
<StmntSeq Intrnl_Id="68">
<LocList>
<Loc EndOffset="1004" SrcFileId="1" StartOffset="948"/>
<Loc EndOffset="1153" SrcFileId="1" StartOffset="1018"/>
<Loc EndOffset="1173" SrcFileId="1" StartOffset="1160"/>
</LocList>
<CondStmnt CovItemId="S16" CovItemPrefix="Value.java" Intrnl_Id="69">
<Branch CovItemId="B9" CovItemPrefix="Value.java" Implct="false" Intrnl_Id="70">
<Cond/>
<LocList>
<Loc EndOffset="1004" SrcFileId="1" StartOffset="988"/>
</LocList>
<StmntSeq Intrnl_Id="71">
<LocList/>
</StmntSeq>
</Branch>
<Branch CovItemId="B10" CovItemPrefix="Value.java" Implct="true" Intrnl_Id="72">
<Cond/>
<LocList/>
<StmntSeq Intrnl_Id="73">
<LocList/>
</StmntSeq>
</Branch>
<Keyword EndOffset="950" SrcFileId="1" StartOffset="948"/>
<LocList>
<Loc EndOffset="1004" SrcFileId="1" StartOffset="948"/>
</LocList>
<RootTerm CovItemId="C5" CovItemPrefix="Value.java" Intrnl_Id="74">
<BasicBoolTerm Intrnl_Id="75">
<LocList>
<Loc EndOffset="980" SrcFileId="1" StartOffset="951"/>
</LocList>
</BasicBoolTerm>
</RootTerm>
</CondStmnt>
<CondStmnt CovItemId="S17" CovItemPrefix="Value.java" Intrnl_Id="76">
<Branch CovItemId="B11" CovItemPrefix="Value.java" Implct="false" Intrnl_Id="77">
<Cond/>
<LocList>
<Loc EndOffset="1153" SrcFileId="1" StartOffset="1124"/>
</LocList>
<StmntSeq Intrnl_Id="78">
<LocList>
<Loc EndOffset="1145" SrcFileId="1" StartOffset="1133"/>
</LocList>
<BasicStmnt CovItemId="S18" CovItemPrefix="Value.java" Intrnl_Id="79">
<LocList>
<Loc EndOffset="1145" SrcFileId="1" StartOffset="1133"/>
</LocList>
</BasicStmnt>
</StmntSeq>
</Branch>
<Branch CovItemId="B12" CovItemPrefix="Value.java" Implct="true" Intrnl_Id="80">
<Cond/>
<LocList/>
<StmntSeq Intrnl_Id="81">
<LocList/>
</StmntSeq>
</Branch>
<Keyword EndOffset="1020" SrcFileId="1" StartOffset="1018"/>
<LocList>
<Loc EndOffset="1153" SrcFileId="1" StartOffset="1018"/>
</LocList>
<RootTerm CovItemId="C6" CovItemPrefix="Value.java" Intrnl_Id="82">
<BasicBoolTerm Intrnl_Id="83">
<LocList>
<Loc EndOffset="1116" SrcFileId="1" StartOffset="1021"/>
</LocList>
</BasicBoolTerm>
</RootTerm>
</CondStmnt>
<BasicStmnt CovItemId="S19" CovItemPrefix="Value.java" Intrnl_Id="84">
<LocList>
<Loc EndOffset="1173" SrcFileId="1" StartOffset="1160"/>
</LocList>
</BasicStmnt>
</StmntSeq>
</HierarchyLvl>
<HierarchyLvl HierarchyLvlId="1080" HierarchyLvlTypeId="5" Intrnl_Id="85" Name="isChar">
<Header>
<Loc EndOffset="1215" SrcFileId="1" StartOffset="1192"/>
</Header>
<LocList>
<Loc EndOffset="1423" SrcFileId="1" StartOffset="1192"/>
</LocList>
<StmntSeq Intrnl_Id="86">
<LocList>
<Loc EndOffset="1400" SrcFileId="1" StartOffset="1226"/>
<Loc EndOffset="1416" SrcFileId="1" StartOffset="1404"/>
</LocList>
<CondStmnt CovItemId="S20" CovItemPrefix="Value.java" Intrnl_Id="87">
<Branch CovItemId="B13" CovItemPrefix="Value.java" Implct="false" Intrnl_Id="88">
<Cond/>
<LocList>
<Loc EndOffset="1400" SrcFileId="1" StartOffset="1376"/>
</LocList>
<StmntSeq Intrnl_Id="89">
<LocList>
<Loc EndOffset="1395" SrcFileId="1" StartOffset="1382"/>
</LocList>
<BasicStmnt CovItemId="S21" CovItemPrefix="Value.java" Intrnl_Id="90">
<LocList>
<Loc EndOffset="1395" SrcFileId="1" StartOffset="1382"/>
</LocList>
</BasicStmnt>
</StmntSeq>
</Branch>
<Branch CovItemId="B14" CovItemPrefix="Value.java" Implct="true" Intrnl_Id="91">
<Cond/>
<LocList/>
<StmntSeq Intrnl_Id="92">
<LocList/>
</StmntSeq>
</Branch>
<Keyword EndOffset="1228" SrcFileId="1" StartOffset="1226"/>
<LocList>
<Loc EndOffset="1400" SrcFileId="1" StartOffset="1226"/>
</LocList>
<RootTerm CovItemId="C7" CovItemPrefix="Value.java" Intrnl_Id="93">
<OpTerm BooleanOpId="3" Intrnl_Id="94">
<OpTerm BooleanOpId="3" Intrnl_Id="95">
<BasicBoolTerm Intrnl_Id="96">
<LocList>
<Loc EndOffset="1258" SrcFileId="1" StartOffset="1229"/>
</LocList>
</BasicBoolTerm>
<BasicBoolTerm Intrnl_Id="97">
<LocList>
<Loc EndOffset="1302" SrcFileId="1" StartOffset="1269"/>
</LocList>
</BasicBoolTerm>
<LocList>
<Loc EndOffset="1261" SrcFileId="1" StartOffset="1259"/>
</LocList>
</OpTerm>
<BasicBoolTerm Intrnl_Id="98">
<LocList>
<Loc EndOffset="1371" SrcFileId="1" StartOffset="1313"/>
</LocList>
</BasicBoolTerm>
<LocList>
<Loc EndOffset="1305" SrcFileId="1" StartOffset="1303"/>
</LocList>
</OpTerm>
</RootTerm>
</CondStmnt>
<BasicStmnt CovItemId="S22" CovItemPrefix="Value.java" Intrnl_Id="99">
<LocList>
<Loc EndOffset="1416" SrcFileId="1" StartOffset="1404"/>
</LocList>
</BasicStmnt>
</StmntSeq>
</HierarchyLvl>
<HierarchyLvl HierarchyLvlId="1081" HierarchyLvlTypeId="5" Intrnl_Id="100" Name="isString">
<Header>
<Loc EndOffset="1460" SrcFileId="1" StartOffset="1435"/>
</Header>
<LocList>
<Loc EndOffset="1702" SrcFileId="1" StartOffset="1435"/>
</LocList>
<StmntSeq Intrnl_Id="101">
<LocList>
<Loc EndOffset="1679" SrcFileId="1" StartOffset="1474"/>
<Loc EndOffset="1695" SrcFileId="1" StartOffset="1683"/>
</LocList>
<CondStmnt CovItemId="S23" CovItemPrefix="Value.java" Intrnl_Id="102">
<Branch CovItemId="B15" CovItemPrefix="Value.java" Implct="false" Intrnl_Id="103">
<Cond/>
<LocList>
<Loc EndOffset="1543" SrcFileId="1" StartOffset="1513"/>
</LocList>
<StmntSeq Intrnl_Id="104">
<LocList>
<Loc EndOffset="1535" SrcFileId="1" StartOffset="1522"/>
</LocList>
<BasicStmnt CovItemId="S24" CovItemPrefix="Value.java" Intrnl_Id="105">
<LocList>
<Loc EndOffset="1535" SrcFileId="1" StartOffset="1522"/>
</LocList>
</BasicStmnt>
</StmntSeq>
</Branch>
<Branch CovItemId="B16" CovItemPrefix="Value.java" Implct="false" Intrnl_Id="106">
<Cond>
<Loc EndOffset="1554" SrcFileId="1" StartOffset="1550"/>
</Cond>
<LocList>
<Loc EndOffset="1679" SrcFileId="1" StartOffset="1555"/>
</LocList>
<StmntSeq Intrnl_Id="107">
<LocList>
<Loc EndOffset="1679" SrcFileId="1" StartOffset="1555"/>
</LocList>
<CondStmnt CovItemId="S25" CovItemPrefix="Value.java" Intrnl_Id="108">
<Branch CovItemId="B17" CovItemPrefix="Value.java" Implct="false" Intrnl_Id="109">
<Cond/>
<LocList>
<Loc EndOffset="1679" SrcFileId="1" StartOffset="1655"/>
</LocList>
<StmntSeq Intrnl_Id="110">
<LocList>
<Loc EndOffset="1674" SrcFileId="1" StartOffset="1661"/>
</LocList>
<BasicStmnt CovItemId="S26" CovItemPrefix="Value.java" Intrnl_Id="111">
<LocList>
<Loc EndOffset="1674" SrcFileId="1" StartOffset="1661"/>
</LocList>
</BasicStmnt>
</StmntSeq>
</Branch>
<Branch CovItemId="B18" CovItemPrefix="Value.java" Implct="true" Intrnl_Id="112">
<Cond/>
<LocList/>
<StmntSeq Intrnl_Id="113">
<LocList/>
</StmntSeq>
</Branch>
<Keyword EndOffset="1557" SrcFileId="1" StartOffset="1555"/>
<LocList>
<Loc EndOffset="1679" SrcFileId="1" StartOffset="1555"/>
</LocList>
<RootTerm CovItemId="C9" CovItemPrefix="Value.java" Intrnl_Id="114">
<OpTerm BooleanOpId="3" Intrnl_Id="115">
<BasicBoolTerm Intrnl_Id="116">
<LocList>
<Loc EndOffset="1590" SrcFileId="1" StartOffset="1558"/>
</LocList>
</BasicBoolTerm>
<BasicBoolTerm Intrnl_Id="117">
<LocList>
<Loc EndOffset="1650" SrcFileId="1" StartOffset="1593"/>
</LocList>
</BasicBoolTerm>
<LocList>
<Loc EndOffset="1592" SrcFileId="1" StartOffset="1590"/>
</LocList>
</OpTerm>
</RootTerm>
</CondStmnt>
</StmntSeq>
</Branch>
<Keyword EndOffset="1476" SrcFileId="1" StartOffset="1474"/>
<LocList>
<Loc EndOffset="1679" SrcFileId="1" StartOffset="1474"/>
</LocList>
<RootTerm CovItemId="C8" CovItemPrefix="Value.java" Intrnl_Id="118">
<BasicBoolTerm Intrnl_Id="119">
<LocList>
<Loc EndOffset="1505" SrcFileId="1" StartOffset="1477"/>
</LocList>
</BasicBoolTerm>
</RootTerm>
</CondStmnt>
<BasicStmnt CovItemId="S27" CovItemPrefix="Value.java" Intrnl_Id="120">
<LocList>
<Loc EndOffset="1695" SrcFileId="1" StartOffset="1683"/>
</LocList>
</BasicStmnt>
</StmntSeq>
</HierarchyLvl>
<HierarchyLvl HierarchyLvlId="1082" HierarchyLvlTypeId="5" Intrnl_Id="121" Name="isBool">
<Header>
<Loc EndOffset="1737" SrcFileId="1" StartOffset="1714"/>
</Header>
<LocList>
<Loc EndOffset="1883" SrcFileId="1" StartOffset="1714"/>
</LocList>
<StmntSeq Intrnl_Id="122">
<LocList>
<Loc EndOffset="1856" SrcFileId="1" StartOffset="1751"/>
<Loc EndOffset="1876" SrcFileId="1" StartOffset="1863"/>
</LocList>
<CondStmnt CovItemId="S28" CovItemPrefix="Value.java" Intrnl_Id="123">
<Branch CovItemId="B19" CovItemPrefix="Value.java" Implct="false" Intrnl_Id="124">
<Cond/>
<LocList>
<Loc EndOffset="1856" SrcFileId="1" StartOffset="1827"/>
</LocList>
<StmntSeq Intrnl_Id="125">
<LocList>
<Loc EndOffset="1848" SrcFileId="1" StartOffset="1836"/>
</LocList>
<BasicStmnt CovItemId="S29" CovItemPrefix="Value.java" Intrnl_Id="126">
<LocList>
<Loc EndOffset="1848" SrcFileId="1" StartOffset="1836"/>
</LocList>
</BasicStmnt>
</StmntSeq>
</Branch>
<Branch CovItemId="B20" CovItemPrefix="Value.java" Implct="true" Intrnl_Id="127">
<Cond/>
<LocList/>
<StmntSeq Intrnl_Id="128">
<LocList/>
</StmntSeq>
</Branch>
<Keyword EndOffset="1753" SrcFileId="1" StartOffset="1751"/>
<LocList>
<Loc EndOffset="1856" SrcFileId="1" StartOffset="1751"/>
</LocList>
<RootTerm CovItemId="C10" CovItemPrefix="Value.java" Intrnl_Id="129">
<OpTerm BooleanOpId="3" Intrnl_Id="130">
<BasicBoolTerm Intrnl_Id="131">
<LocList>
<Loc EndOffset="1784" SrcFileId="1" StartOffset="1754"/>
</LocList>
</BasicBoolTerm>
<BasicBoolTerm Intrnl_Id="132">
<LocList>
<Loc EndOffset="1819" SrcFileId="1" StartOffset="1788"/>
</LocList>
</BasicBoolTerm>
<LocList>
<Loc EndOffset="1787" SrcFileId="1" StartOffset="1785"/>
</LocList>
</OpTerm>
</RootTerm>
</CondStmnt>
<BasicStmnt CovItemId="S30" CovItemPrefix="Value.java" Intrnl_Id="133">
<LocList>
<Loc EndOffset="1876" SrcFileId="1" StartOffset="1863"/>
</LocList>
</BasicStmnt>
</StmntSeq>
</HierarchyLvl>
<HierarchyLvl HierarchyLvlId="1083" HierarchyLvlTypeId="5" Intrnl_Id="134" Name="isContainer">
<Header>
<Loc EndOffset="1923" SrcFileId="1" StartOffset="1895"/>
</Header>
<LocList>
<Loc EndOffset="2096" SrcFileId="1" StartOffset="1895"/>
</LocList>
<StmntSeq Intrnl_Id="135">
<LocList>
<Loc EndOffset="2069" SrcFileId="1" StartOffset="1937"/>
<Loc EndOffset="2089" SrcFileId="1" StartOffset="2076"/>
</LocList>
<CondStmnt CovItemId="S31" CovItemPrefix="Value.java" Intrnl_Id="136">
<Branch CovItemId="B21" CovItemPrefix="Value.java" Implct="false" Intrnl_Id="137">
<Cond/>
<LocList>
<Loc EndOffset="2069" SrcFileId="1" StartOffset="2040"/>
</LocList>
<StmntSeq Intrnl_Id="138">
<LocList>
<Loc EndOffset="2061" SrcFileId="1" StartOffset="2049"/>
</LocList>
<BasicStmnt CovItemId="S32" CovItemPrefix="Value.java" Intrnl_Id="139">
<LocList>
<Loc EndOffset="2061" SrcFileId="1" StartOffset="2049"/>
</LocList>
</BasicStmnt>
</StmntSeq>
</Branch>
<Branch CovItemId="B22" CovItemPrefix="Value.java" Implct="true" Intrnl_Id="140">
<Cond/>
<LocList/>
<StmntSeq Intrnl_Id="141">
<LocList/>
</StmntSeq>
</Branch>
<Keyword EndOffset="1939" SrcFileId="1" StartOffset="1937"/>
<LocList>
<Loc EndOffset="2069" SrcFileId="1" StartOffset="1937"/>
</LocList>
<RootTerm CovItemId="C11" CovItemPrefix="Value.java" Intrnl_Id="142">
<OpTerm BooleanOpId="3" Intrnl_Id="143">
<BasicBoolTerm Intrnl_Id="144">
<LocList>
<Loc EndOffset="1993" SrcFileId="1" StartOffset="1940"/>
</LocList>
</BasicBoolTerm>
<BasicBoolTerm Intrnl_Id="145">
<LocList>
<Loc EndOffset="2032" SrcFileId="1" StartOffset="1997"/>
</LocList>
</BasicBoolTerm>
<LocList>
<Loc EndOffset="1996" SrcFileId="1" StartOffset="1994"/>
</LocList>
</OpTerm>
</RootTerm>
</CondStmnt>
<BasicStmnt CovItemId="S33" CovItemPrefix="Value.java" Intrnl_Id="146">
<LocList>
<Loc EndOffset="2089" SrcFileId="1" StartOffset="2076"/>
</LocList>
</BasicStmnt>
</StmntSeq>
</HierarchyLvl>
<HierarchyLvl HierarchyLvlId="1084" HierarchyLvlTypeId="5" Intrnl_Id="147" Name="isSameType">
<Header>
<Loc EndOffset="2144" SrcFileId="1" StartOffset="2108"/>
</Header>
<LocList>
<Loc EndOffset="2732" SrcFileId="1" StartOffset="2108"/>
</LocList>
<StmntSeq Intrnl_Id="148">
<LocList>
<Loc EndOffset="2227" SrcFileId="1" StartOffset="2158"/>
<Loc EndOffset="2698" SrcFileId="1" StartOffset="2234"/>
<Loc EndOffset="2725" SrcFileId="1" StartOffset="2712"/>
</LocList>
<CondStmnt CovItemId="S34" CovItemPrefix="Value.java" Intrnl_Id="149">
<Branch CovItemId="B23" CovItemPrefix="Value.java" Implct="false" Intrnl_Id="150">
<Cond/>
<LocList>
<Loc EndOffset="2227" SrcFileId="1" StartOffset="2198"/>
</LocList>
<StmntSeq Intrnl_Id="151">
<LocList>
<Loc EndOffset="2219" SrcFileId="1" StartOffset="2207"/>
</LocList>
<BasicStmnt CovItemId="S35" CovItemPrefix="Value.java" Intrnl_Id="152">
<LocList>
<Loc EndOffset="2219" SrcFileId="1" StartOffset="2207"/>
</LocList>
</BasicStmnt>
</StmntSeq>
</Branch>
<Branch CovItemId="B24" CovItemPrefix="Value.java" Implct="true" Intrnl_Id="153">
<Cond/>
<LocList/>
<StmntSeq Intrnl_Id="154">
<LocList/>
</StmntSeq>
</Branch>
<Keyword EndOffset="2160" SrcFileId="1" StartOffset="2158"/>
<LocList>
<Loc EndOffset="2227" SrcFileId="1" StartOffset="2158"/>
</LocList>
<RootTerm CovItemId="C12" CovItemPrefix="Value.java" Intrnl_Id="155">
<OpTerm BooleanOpId="2" Intrnl_Id="156">
<BasicBoolTerm Intrnl_Id="157">
<LocList>
<Loc EndOffset="2174" SrcFileId="1" StartOffset="2161"/>
</LocList>
</BasicBoolTerm>
<BasicBoolTerm Intrnl_Id="158">
<LocList>
<Loc EndOffset="2190" SrcFileId="1" StartOffset="2178"/>
</LocList>
</BasicBoolTerm>
<LocList>
<Loc EndOffset="2177" SrcFileId="1" StartOffset="2175"/>
</LocList>
</OpTerm>
</RootTerm>
</CondStmnt>
<CondStmnt CovItemId="S36" CovItemPrefix="Value.java" Intrnl_Id="159">
<Branch CovItemId="B25" CovItemPrefix="Value.java" Implct="false" Intrnl_Id="160">
<Cond/>
<LocList>
<Loc EndOffset="2313" SrcFileId="1" StartOffset="2284"/>
</LocList>
<StmntSeq Intrnl_Id="161">
<LocList>
<Loc EndOffset="2305" SrcFileId="1" StartOffset="2293"/>
</LocList>
<BasicStmnt CovItemId="S37" CovItemPrefix="Value.java" Intrnl_Id="162">
<LocList>
<Loc EndOffset="2305" SrcFileId="1" StartOffset="2293"/>
</LocList>
</BasicStmnt>
</StmntSeq>
</Branch>
<Branch CovItemId="B26" CovItemPrefix="Value.java" Implct="false" Intrnl_Id="163">
<Cond>
<Loc EndOffset="2324" SrcFileId="1" StartOffset="2320"/>
</Cond>
<LocList>
<Loc EndOffset="2698" SrcFileId="1" StartOffset="2325"/>
</LocList>
<StmntSeq Intrnl_Id="164">
<LocList>
<Loc EndOffset="2698" SrcFileId="1" StartOffset="2325"/>
</LocList>
<CondStmnt CovItemId="S38" CovItemPrefix="Value.java" Intrnl_Id="165">
<Branch CovItemId="B27" CovItemPrefix="Value.java" Implct="false" Intrnl_Id="166">
<Cond/>
<LocList>
<Loc EndOffset="2394" SrcFileId="1" StartOffset="2365"/>
</LocList>
<StmntSeq Intrnl_Id="167">
<LocList>
<Loc EndOffset="2386" SrcFileId="1" StartOffset="2374"/>
</LocList>
<BasicStmnt CovItemId="S39" CovItemPrefix="Value.java" Intrnl_Id="168">
<LocList>
<Loc EndOffset="2386" SrcFileId="1" StartOffset="2374"/>
</LocList>
</BasicStmnt>
</StmntSeq>
</Branch>
<Branch CovItemId="B28" CovItemPrefix="Value.java" Implct="false" Intrnl_Id="169">
<Cond>
<Loc EndOffset="2405" SrcFileId="1" StartOffset="2401"/>
</Cond>
<LocList>
<Loc EndOffset="2698" SrcFileId="1" StartOffset="2406"/>
</LocList>
<StmntSeq Intrnl_Id="170">
<LocList>
<Loc EndOffset="2698" SrcFileId="1" StartOffset="2406"/>
</LocList>
<CondStmnt CovItemId="S40" CovItemPrefix="Value.java" Intrnl_Id="171">
<Branch CovItemId="B29" CovItemPrefix="Value.java" Implct="false" Intrnl_Id="172">
<Cond/>
<LocList>
<Loc EndOffset="2530" SrcFileId="1" StartOffset="2501"/>
</LocList>
<StmntSeq Intrnl_Id="173">
<LocList>
<Loc EndOffset="2522" SrcFileId="1" StartOffset="2510"/>
</LocList>
<BasicStmnt CovItemId="S41" CovItemPrefix="Value.java" Intrnl_Id="174">
<LocList>
<Loc EndOffset="2522" SrcFileId="1" StartOffset="2510"/>
</LocList>
</BasicStmnt>
</StmntSeq>
</Branch>
<Branch CovItemId="B30" CovItemPrefix="Value.java" Implct="false" Intrnl_Id="175">
<Cond>
<Loc EndOffset="2541" SrcFileId="1" StartOffset="2537"/>
</Cond>
<LocList>
<Loc EndOffset="2698" SrcFileId="1" StartOffset="2542"/>
</LocList>
<StmntSeq Intrnl_Id="176">
<LocList>
<Loc EndOffset="2698" SrcFileId="1" StartOffset="2542"/>
</LocList>
<CondStmnt CovItemId="S42" CovItemPrefix="Value.java" Intrnl_Id="177">
<Branch CovItemId="B31" CovItemPrefix="Value.java" Implct="false" Intrnl_Id="178">
<Cond/>
<LocList>
<Loc EndOffset="2615" SrcFileId="1" StartOffset="2586"/>
</LocList>
<StmntSeq Intrnl_Id="179">
<LocList>
<Loc EndOffset="2607" SrcFileId="1" StartOffset="2595"/>
</LocList>
<BasicStmnt CovItemId="S43" CovItemPrefix="Value.java" Intrnl_Id="180">
<LocList>
<Loc EndOffset="2607" SrcFileId="1" StartOffset="2595"/>
</LocList>
</BasicStmnt>
</StmntSeq>
</Branch>
<Branch CovItemId="B32" CovItemPrefix="Value.java" Implct="false" Intrnl_Id="181">
<Cond>
<Loc EndOffset="2626" SrcFileId="1" StartOffset="2622"/>
</Cond>
<LocList>
<Loc EndOffset="2698" SrcFileId="1" StartOffset="2627"/>
</LocList>
<StmntSeq Intrnl_Id="182">
<LocList>
<Loc EndOffset="2698" SrcFileId="1" StartOffset="2627"/>
</LocList>
<CondStmnt CovItemId="S44" CovItemPrefix="Value.java" Intrnl_Id="183">
<Branch CovItemId="B33" CovItemPrefix="Value.java" Implct="false" Intrnl_Id="184">
<Cond/>
<LocList>
<Loc EndOffset="2698" SrcFileId="1" StartOffset="2669"/>
</LocList>
<StmntSeq Intrnl_Id="185">
<LocList>
<Loc EndOffset="2690" SrcFileId="1" StartOffset="2678"/>
</LocList>
<BasicStmnt CovItemId="S45" CovItemPrefix="Value.java" Intrnl_Id="186">
<LocList>
<Loc EndOffset="2690" SrcFileId="1" StartOffset="2678"/>
</LocList>
</BasicStmnt>
</StmntSeq>
</Branch>
<Branch CovItemId="B34" CovItemPrefix="Value.java" Implct="true" Intrnl_Id="187">
<Cond/>
<LocList/>
<StmntSeq Intrnl_Id="188">
<LocList/>
</StmntSeq>
</Branch>
<Keyword EndOffset="2629" SrcFileId="1" StartOffset="2627"/>
<LocList>
<Loc EndOffset="2698" SrcFileId="1" StartOffset="2627"/>
</LocList>
<RootTerm CovItemId="C17" CovItemPrefix="Value.java" Intrnl_Id="189">
<OpTerm BooleanOpId="2" Intrnl_Id="190">
<BasicBoolTerm Intrnl_Id="191">
<LocList>
<Loc EndOffset="2644" SrcFileId="1" StartOffset="2630"/>
</LocList>
</BasicBoolTerm>
<BasicBoolTerm Intrnl_Id="192">
<LocList>
<Loc EndOffset="2661" SrcFileId="1" StartOffset="2648"/>
</LocList>
</BasicBoolTerm>
<LocList>
<Loc EndOffset="2647" SrcFileId="1" StartOffset="2645"/>
</LocList>
</OpTerm>
</RootTerm>
</CondStmnt>
</StmntSeq>
</Branch>
<Keyword EndOffset="2544" SrcFileId="1" StartOffset="2542"/>
<LocList>
<Loc EndOffset="2698" SrcFileId="1" StartOffset="2542"/>
</LocList>
<RootTerm CovItemId="C16" CovItemPrefix="Value.java" Intrnl_Id="193">
<OpTerm BooleanOpId="2" Intrnl_Id="194">
<BasicBoolTerm Intrnl_Id="195">
<LocList>
<Loc EndOffset="2560" SrcFileId="1" StartOffset="2545"/>
</LocList>
</BasicBoolTerm>
<BasicBoolTerm Intrnl_Id="196">
<LocList>
<Loc EndOffset="2578" SrcFileId="1" StartOffset="2564"/>
</LocList>
</BasicBoolTerm>
<LocList>
<Loc EndOffset="2563" SrcFileId="1" StartOffset="2561"/>
</LocList>
</OpTerm>
</RootTerm>
</CondStmnt>
</StmntSeq>
</Branch>
<Keyword EndOffset="2408" SrcFileId="1" StartOffset="2406"/>
<LocList>
<Loc EndOffset="2698" SrcFileId="1" StartOffset="2406"/>
</LocList>
<RootTerm CovItemId="C15" CovItemPrefix="Value.java" Intrnl_Id="197">
<OpTerm BooleanOpId="3" Intrnl_Id="198">
<OpTerm BooleanOpId="2" Intrnl_Id="199">
<BasicBoolTerm Intrnl_Id="200">
<LocList>
<Loc EndOffset="2425" SrcFileId="1" StartOffset="2409"/>
</LocList>
</BasicBoolTerm>
<BasicBoolTerm Intrnl_Id="201">
<LocList>
<Loc EndOffset="2444" SrcFileId="1" StartOffset="2429"/>
</LocList>
</BasicBoolTerm>
<LocList>
<Loc EndOffset="2428" SrcFileId="1" StartOffset="2426"/>
</LocList>
</OpTerm>
<OpTerm BooleanOpId="2" Intrnl_Id="202">
<BasicBoolTerm Intrnl_Id="203">
<LocList>
<Loc EndOffset="2464" SrcFileId="1" StartOffset="2448"/>
</LocList>
</BasicBoolTerm>
<BasicBoolTerm Intrnl_Id="204">
<LocList>
<Loc EndOffset="2493" SrcFileId="1" StartOffset="2468"/>
</LocList>
</BasicBoolTerm>
<LocList>
<Loc EndOffset="2467" SrcFileId="1" StartOffset="2465"/>
</LocList>
</OpTerm>
<LocList>
<Loc EndOffset="2447" SrcFileId="1" StartOffset="2445"/>
</LocList>
</OpTerm>
</RootTerm>
</CondStmnt>
</StmntSeq>
</Branch>
<Keyword EndOffset="2327" SrcFileId="1" StartOffset="2325"/>
<LocList>
<Loc EndOffset="2698" SrcFileId="1" StartOffset="2325"/>
</LocList>
<RootTerm CovItemId="C14" CovItemPrefix="Value.java" Intrnl_Id="205">
<OpTerm BooleanOpId="2" Intrnl_Id="206">
<BasicBoolTerm Intrnl_Id="207">
<LocList>
<Loc EndOffset="2341" SrcFileId="1" StartOffset="2328"/>
</LocList>
</BasicBoolTerm>
<BasicBoolTerm Intrnl_Id="208">
<LocList>
<Loc EndOffset="2357" SrcFileId="1" StartOffset="2345"/>
</LocList>
</BasicBoolTerm>
<LocList>
<Loc EndOffset="2344" SrcFileId="1" StartOffset="2342"/>
</LocList>
</OpTerm>
</RootTerm>
</CondStmnt>
</StmntSeq>
</Branch>
<Keyword EndOffset="2236" SrcFileId="1" StartOffset="2234"/>
<LocList>
<Loc EndOffset="2698" SrcFileId="1" StartOffset="2234"/>
</LocList>
<RootTerm CovItemId="C13" CovItemPrefix="Value.java" Intrnl_Id="209">
<OpTerm BooleanOpId="2" Intrnl_Id="210">
<BasicBoolTerm Intrnl_Id="211">
<LocList>
<Loc EndOffset="2255" SrcFileId="1" StartOffset="2237"/>
</LocList>
</BasicBoolTerm>
<BasicBoolTerm Intrnl_Id="212">
<LocList>
<Loc EndOffset="2276" SrcFileId="1" StartOffset="2259"/>
</LocList>
</BasicBoolTerm>
<LocList>
<Loc EndOffset="2258" SrcFileId="1" StartOffset="2256"/>
</LocList>
</OpTerm>
</RootTerm>
</CondStmnt>
<BasicStmnt CovItemId="S46" CovItemPrefix="Value.java" Intrnl_Id="213">
<LocList>
<Loc EndOffset="2725" SrcFileId="1" StartOffset="2712"/>
</LocList>
</BasicStmnt>
</StmntSeq>
</HierarchyLvl>
<HierarchyLvl HierarchyLvlId="1085" HierarchyLvlTypeId="5" Intrnl_Id="214" Name="GetType">
<Header>
<Loc EndOffset="2767" SrcFileId="1" StartOffset="2744"/>
</Header>
<LocList>
<Loc EndOffset="3539" SrcFileId="1" StartOffset="2744"/>
</LocList>
<StmntSeq Intrnl_Id="215">
<LocList>
<Loc EndOffset="3532" SrcFileId="1" StartOffset="2781"/>
</LocList>
<CondStmnt CovItemId="S47" CovItemPrefix="Value.java" Intrnl_Id="216">
<Branch CovItemId="B35" CovItemPrefix="Value.java" Implct="false" Intrnl_Id="217">
<Cond/>
<LocList>
<Loc EndOffset="2870" SrcFileId="1" StartOffset="2839"/>
</LocList>
<StmntSeq Intrnl_Id="218">
<LocList>
<Loc EndOffset="2862" SrcFileId="1" StartOffset="2848"/>
</LocList>
<BasicStmnt CovItemId="S48" CovItemPrefix="Value.java" Intrnl_Id="219">
<LocList>
<Loc EndOffset="2862" SrcFileId="1" StartOffset="2848"/>
</LocList>
</BasicStmnt>
</StmntSeq>
</Branch>
<Branch CovItemId="B36" CovItemPrefix="Value.java" Implct="false" Intrnl_Id="220">
<Cond>
<Loc EndOffset="2881" SrcFileId="1" StartOffset="2877"/>
</Cond>
<LocList>
<Loc EndOffset="3532" SrcFileId="1" StartOffset="2882"/>
</LocList>
<StmntSeq Intrnl_Id="221">
<LocList>
<Loc EndOffset="3532" SrcFileId="1" StartOffset="2882"/>
</LocList>
<CondStmnt CovItemId="S49" CovItemPrefix="Value.java" Intrnl_Id="222">
<Branch CovItemId="B37" CovItemPrefix="Value.java" Implct="false" Intrnl_Id="223">
<Cond/>
<LocList>
<Loc EndOffset="2986" SrcFileId="1" StartOffset="2950"/>
</LocList>
<StmntSeq Intrnl_Id="224">
<LocList>
<Loc EndOffset="2978" SrcFileId="1" StartOffset="2959"/>
</LocList>
<BasicStmnt CovItemId="S50" CovItemPrefix="Value.java" Intrnl_Id="225">
<LocList>
<Loc EndOffset="2978" SrcFileId="1" StartOffset="2959"/>
</LocList>
</BasicStmnt>
</StmntSeq>
</Branch>
<Branch CovItemId="B38" CovItemPrefix="Value.java" Implct="false" Intrnl_Id="226">
<Cond>
<Loc EndOffset="2997" SrcFileId="1" StartOffset="2993"/>
</Cond>
<LocList>
<Loc EndOffset="3532" SrcFileId="1" StartOffset="2998"/>
</LocList>
<StmntSeq Intrnl_Id="227">
<LocList>
<Loc EndOffset="3532" SrcFileId="1" StartOffset="2998"/>
</LocList>
<CondStmnt CovItemId="S51" CovItemPrefix="Value.java" Intrnl_Id="228">
<Branch CovItemId="B39" CovItemPrefix="Value.java" Implct="false" Intrnl_Id="229">
<Cond/>
<LocList>
<Loc EndOffset="3084" SrcFileId="1" StartOffset="3054"/>
</LocList>
<StmntSeq Intrnl_Id="230">
<LocList>
<Loc EndOffset="3076" SrcFileId="1" StartOffset="3063"/>
</LocList>
<BasicStmnt CovItemId="S52" CovItemPrefix="Value.java" Intrnl_Id="231">
<LocList>
<Loc EndOffset="3076" SrcFileId="1" StartOffset="3063"/>
</LocList>
</BasicStmnt>
</StmntSeq>
</Branch>
<Branch CovItemId="B40" CovItemPrefix="Value.java" Implct="false" Intrnl_Id="232">
<Cond>
<Loc EndOffset="3095" SrcFileId="1" StartOffset="3091"/>
</Cond>
<LocList>
<Loc EndOffset="3532" SrcFileId="1" StartOffset="3096"/>
</LocList>
<StmntSeq Intrnl_Id="233">
<LocList>
<Loc EndOffset="3532" SrcFileId="1" StartOffset="3096"/>
</LocList>
<CondStmnt CovItemId="S53" CovItemPrefix="Value.java" Intrnl_Id="234">
<Branch CovItemId="B41" CovItemPrefix="Value.java" Implct="false" Intrnl_Id="235">
<Cond/>
<LocList>
<Loc EndOffset="3191" SrcFileId="1" StartOffset="3158"/>
</LocList>
<StmntSeq Intrnl_Id="236">
<LocList>
<Loc EndOffset="3183" SrcFileId="1" StartOffset="3167"/>
</LocList>
<BasicStmnt CovItemId="S54" CovItemPrefix="Value.java" Intrnl_Id="237">
<LocList>
<Loc EndOffset="3183" SrcFileId="1" StartOffset="3167"/>
</LocList>
</BasicStmnt>
</StmntSeq>
</Branch>
<Branch CovItemId="B42" CovItemPrefix="Value.java" Implct="false" Intrnl_Id="238">
<Cond>
<Loc EndOffset="3202" SrcFileId="1" StartOffset="3198"/>
</Cond>
<LocList>
<Loc EndOffset="3532" SrcFileId="1" StartOffset="3203"/>
</LocList>
<StmntSeq Intrnl_Id="239">
<LocList>
<Loc EndOffset="3532" SrcFileId="1" StartOffset="3203"/>
</LocList>
<CondStmnt CovItemId="S55" CovItemPrefix="Value.java" Intrnl_Id="240">
<Branch CovItemId="B43" CovItemPrefix="Value.java" Implct="false" Intrnl_Id="241">
<Cond/>
<LocList>
<Loc EndOffset="3292" SrcFileId="1" StartOffset="3261"/>
</LocList>
<StmntSeq Intrnl_Id="242">
<LocList>
<Loc EndOffset="3284" SrcFileId="1" StartOffset="3270"/>
</LocList>
<BasicStmnt CovItemId="S56" CovItemPrefix="Value.java" Intrnl_Id="243">
<LocList>
<Loc EndOffset="3284" SrcFileId="1" StartOffset="3270"/>
</LocList>
</BasicStmnt>
</StmntSeq>
</Branch>
<Branch CovItemId="B44" CovItemPrefix="Value.java" Implct="false" Intrnl_Id="244">
<Cond>
<Loc EndOffset="3303" SrcFileId="1" StartOffset="3299"/>
</Cond>
<LocList>
<Loc EndOffset="3532" SrcFileId="1" StartOffset="3304"/>
</LocList>
<StmntSeq Intrnl_Id="245">
<LocList>
<Loc EndOffset="3532" SrcFileId="1" StartOffset="3304"/>
</LocList>
<CondStmnt CovItemId="S57" CovItemPrefix="Value.java" Intrnl_Id="246">
<Branch CovItemId="B45" CovItemPrefix="Value.java" Implct="false" Intrnl_Id="247">
<Cond/>
<LocList>
<Loc EndOffset="3399" SrcFileId="1" StartOffset="3366"/>
</LocList>
<StmntSeq Intrnl_Id="248">
<LocList>
<Loc EndOffset="3391" SrcFileId="1" StartOffset="3375"/>
</LocList>
<BasicStmnt CovItemId="S58" CovItemPrefix="Value.java" Intrnl_Id="249">
<LocList>
<Loc EndOffset="3391" SrcFileId="1" StartOffset="3375"/>
</LocList>
</BasicStmnt>
</StmntSeq>
</Branch>
<Branch CovItemId="B46" CovItemPrefix="Value.java" Implct="false" Intrnl_Id="250">
<Cond>
<Loc EndOffset="3410" SrcFileId="1" StartOffset="3406"/>
</Cond>
<LocList>
<Loc EndOffset="3532" SrcFileId="1" StartOffset="3411"/>
</LocList>
<StmntSeq Intrnl_Id="251">
<LocList>
<Loc EndOffset="3532" SrcFileId="1" StartOffset="3411"/>
</LocList>
<CondStmnt CovItemId="S59" CovItemPrefix="Value.java" Intrnl_Id="252">
<Branch CovItemId="B47" CovItemPrefix="Value.java" Implct="false" Intrnl_Id="253">
<Cond/>
<LocList>
<Loc EndOffset="3485" SrcFileId="1" StartOffset="3453"/>
</LocList>
<StmntSeq Intrnl_Id="254">
<LocList>
<Loc EndOffset="3477" SrcFileId="1" StartOffset="3462"/>
</LocList>
<BasicStmnt CovItemId="S60" CovItemPrefix="Value.java" Intrnl_Id="255">
<LocList>
<Loc EndOffset="3477" SrcFileId="1" StartOffset="3462"/>
</LocList>
</BasicStmnt>
</StmntSeq>
</Branch>
<Branch CovItemId="B48" CovItemPrefix="Value.java" Implct="false" Intrnl_Id="256">
<Cond>
<Loc EndOffset="3496" SrcFileId="1" StartOffset="3492"/>
</Cond>
<LocList>
<Loc EndOffset="3532" SrcFileId="1" StartOffset="3503"/>
</LocList>
<StmntSeq Intrnl_Id="257">
<LocList>
<Loc EndOffset="3524" SrcFileId="1" StartOffset="3512"/>
</LocList>
<BasicStmnt CovItemId="S61" CovItemPrefix="Value.java" Intrnl_Id="258">
<LocList>
<Loc EndOffset="3524" SrcFileId="1" StartOffset="3512"/>
</LocList>
</BasicStmnt>
</StmntSeq>
</Branch>
<Keyword EndOffset="3413" SrcFileId="1" StartOffset="3411"/>
<LocList>
<Loc EndOffset="3532" SrcFileId="1" StartOffset="3411"/>
</LocList>
<RootTerm CovItemId="C24" CovItemPrefix="Value.java" Intrnl_Id="259">
<BasicBoolTerm Intrnl_Id="260">
<LocList>
<Loc EndOffset="3445" SrcFileId="1" StartOffset="3414"/>
</LocList>
</BasicBoolTerm>
</RootTerm>
</CondStmnt>
</StmntSeq>
</Branch>
<Keyword EndOffset="3306" SrcFileId="1" StartOffset="3304"/>
<LocList>
<Loc EndOffset="3532" SrcFileId="1" StartOffset="3304"/>
</LocList>
<RootTerm CovItemId="C23" CovItemPrefix="Value.java" Intrnl_Id="261">
<OpTerm BooleanOpId="3" Intrnl_Id="262">
<BasicBoolTerm Intrnl_Id="263">
<LocList>
<Loc EndOffset="3322" SrcFileId="1" StartOffset="3307"/>
</LocList>
</BasicBoolTerm>
<BasicBoolTerm Intrnl_Id="264">
<LocList>
<Loc EndOffset="3358" SrcFileId="1" StartOffset="3326"/>
</LocList>
</BasicBoolTerm>
<LocList>
<Loc EndOffset="3325" SrcFileId="1" StartOffset="3323"/>
</LocList>
</OpTerm>
</RootTerm>
</CondStmnt>
</StmntSeq>
</Branch>
<Keyword EndOffset="3205" SrcFileId="1" StartOffset="3203"/>
<LocList>
<Loc EndOffset="3532" SrcFileId="1" StartOffset="3203"/>
</LocList>
<RootTerm CovItemId="C22" CovItemPrefix="Value.java" Intrnl_Id="265">
<OpTerm BooleanOpId="3" Intrnl_Id="266">
<BasicBoolTerm Intrnl_Id="267">
<LocList>
<Loc EndOffset="3219" SrcFileId="1" StartOffset="3206"/>
</LocList>
</BasicBoolTerm>
<BasicBoolTerm Intrnl_Id="268">
<LocList>
<Loc EndOffset="3253" SrcFileId="1" StartOffset="3223"/>
</LocList>
</BasicBoolTerm>
<LocList>
<Loc EndOffset="3222" SrcFileId="1" StartOffset="3220"/>
</LocList>
</OpTerm>
</RootTerm>
</CondStmnt>
</StmntSeq>
</Branch>
<Keyword EndOffset="3098" SrcFileId="1" StartOffset="3096"/>
<LocList>
<Loc EndOffset="3532" SrcFileId="1" StartOffset="3096"/>
</LocList>
<RootTerm CovItemId="C21" CovItemPrefix="Value.java" Intrnl_Id="269">
<OpTerm BooleanOpId="3" Intrnl_Id="270">
<BasicBoolTerm Intrnl_Id="271">
<LocList>
<Loc EndOffset="3114" SrcFileId="1" StartOffset="3099"/>
</LocList>
</BasicBoolTerm>
<BasicBoolTerm Intrnl_Id="272">
<LocList>
<Loc EndOffset="3150" SrcFileId="1" StartOffset="3118"/>
</LocList>
</BasicBoolTerm>
<LocList>
<Loc EndOffset="3117" SrcFileId="1" StartOffset="3115"/>
</LocList>
</OpTerm>
</RootTerm>
</CondStmnt>
</StmntSeq>
</Branch>
<Keyword EndOffset="3000" SrcFileId="1" StartOffset="2998"/>
<LocList>
<Loc EndOffset="3532" SrcFileId="1" StartOffset="2998"/>
</LocList>
<RootTerm CovItemId="C20" CovItemPrefix="Value.java" Intrnl_Id="273">
<OpTerm BooleanOpId="3" Intrnl_Id="274">
<BasicBoolTerm Intrnl_Id="275">
<LocList>
<Loc EndOffset="3013" SrcFileId="1" StartOffset="3001"/>
</LocList>
</BasicBoolTerm>
<BasicBoolTerm Intrnl_Id="276">
<LocList>
<Loc EndOffset="3046" SrcFileId="1" StartOffset="3017"/>
</LocList>
</BasicBoolTerm>
<LocList>
<Loc EndOffset="3016" SrcFileId="1" StartOffset="3014"/>
</LocList>
</OpTerm>
</RootTerm>
</CondStmnt>
</StmntSeq>
</Branch>
<Keyword EndOffset="2884" SrcFileId="1" StartOffset="2882"/>
<LocList>
<Loc EndOffset="3532" SrcFileId="1" StartOffset="2882"/>
</LocList>
<RootTerm CovItemId="C19" CovItemPrefix="Value.java" Intrnl_Id="277">
<OpTerm BooleanOpId="3" Intrnl_Id="278">
<BasicBoolTerm Intrnl_Id="279">
<LocList>
<Loc EndOffset="2920" SrcFileId="1" StartOffset="2885"/>
</LocList>
</BasicBoolTerm>
<BasicBoolTerm Intrnl_Id="280">
<LocList>
<Loc EndOffset="2942" SrcFileId="1" StartOffset="2924"/>
</LocList>
</BasicBoolTerm>
<LocList>
<Loc EndOffset="2923" SrcFileId="1" StartOffset="2921"/>
</LocList>
</OpTerm>
</RootTerm>
</CondStmnt>
</StmntSeq>
</Branch>
<Keyword EndOffset="2783" SrcFileId="1" StartOffset="2781"/>
<LocList>
<Loc EndOffset="3532" SrcFileId="1" StartOffset="2781"/>
</LocList>
<RootTerm CovItemId="C18" CovItemPrefix="Value.java" Intrnl_Id="281">
<OpTerm BooleanOpId="3" Intrnl_Id="282">
<BasicBoolTerm Intrnl_Id="283">
<LocList>
<Loc EndOffset="2797" SrcFileId="1" StartOffset="2784"/>
</LocList>
</BasicBoolTerm>
<BasicBoolTerm Intrnl_Id="284">
<LocList>
<Loc EndOffset="2831" SrcFileId="1" StartOffset="2801"/>
</LocList>
</BasicBoolTerm>
<LocList>
<Loc EndOffset="2800" SrcFileId="1" StartOffset="2798"/>
</LocList>
</OpTerm>
</RootTerm>
</CondStmnt>
</StmntSeq>
</HierarchyLvl>
<HierarchyLvl HierarchyLvlId="1086" HierarchyLvlTypeId="5" Intrnl_Id="285" Name="equals">
<Header>
<Loc EndOffset="3593" SrcFileId="1" StartOffset="3547"/>
</Header>
<LocList>
<Loc EndOffset="3868" SrcFileId="1" StartOffset="3547"/>
</LocList>
<StmntSeq Intrnl_Id="286">
<LocList>
<Loc EndOffset="3660" SrcFileId="1" StartOffset="3607"/>
<Loc EndOffset="3778" SrcFileId="1" StartOffset="3672"/>
<Loc EndOffset="3812" SrcFileId="1" StartOffset="3790"/>
<Loc EndOffset="3861" SrcFileId="1" StartOffset="3824"/>
</LocList>
<CondStmnt CovItemId="S62" CovItemPrefix="Value.java" Intrnl_Id="287">
<Branch CovItemId="B49" CovItemPrefix="Value.java" Implct="false" Intrnl_Id="288">
<Cond/>
<LocList>
<Loc EndOffset="3660" SrcFileId="1" StartOffset="3622"/>
</LocList>
<StmntSeq Intrnl_Id="289">
<LocList>
<Loc EndOffset="3649" SrcFileId="1" StartOffset="3637"/>
</LocList>
<BasicStmnt CovItemId="S63" CovItemPrefix="Value.java" Intrnl_Id="290">
<LocList>
<Loc EndOffset="3649" SrcFileId="1" StartOffset="3637"/>
</LocList>
</BasicStmnt>
</StmntSeq>
</Branch>
<Branch CovItemId="B50" CovItemPrefix="Value.java" Implct="true" Intrnl_Id="291">
<Cond/>
<LocList/>
<StmntSeq Intrnl_Id="292">
<LocList/>
</StmntSeq>
</Branch>
<Keyword EndOffset="3609" SrcFileId="1" StartOffset="3607"/>
<LocList>
<Loc EndOffset="3660" SrcFileId="1" StartOffset="3607"/>
</LocList>
<RootTerm CovItemId="C25" CovItemPrefix="Value.java" Intrnl_Id="293">
<BasicBoolTerm Intrnl_Id="294">
<LocList>
<Loc EndOffset="3620" SrcFileId="1" StartOffset="3610"/>
</LocList>
</BasicBoolTerm>
</RootTerm>
</CondStmnt>
<CondStmnt CovItemId="S64" CovItemPrefix="Value.java" Intrnl_Id="295">
<Branch CovItemId="B51" CovItemPrefix="Value.java" Implct="false" Intrnl_Id="296">
<Cond/>
<LocList>
<Loc EndOffset="3778" SrcFileId="1" StartOffset="3739"/>
</LocList>
<StmntSeq Intrnl_Id="297">
<LocList>
<Loc EndOffset="3767" SrcFileId="1" StartOffset="3754"/>
</LocList>
<BasicStmnt CovItemId="S65" CovItemPrefix="Value.java" Intrnl_Id="298">
<LocList>
<Loc EndOffset="3767" SrcFileId="1" StartOffset="3754"/>
</LocList>
</BasicStmnt>
</StmntSeq>
</Branch>
<Branch CovItemId="B52" CovItemPrefix="Value.java" Implct="true" Intrnl_Id="299">
<Cond/>
<LocList/>
<StmntSeq Intrnl_Id="300">
<LocList/>
</StmntSeq>
</Branch>
<Keyword EndOffset="3674" SrcFileId="1" StartOffset="3672"/>
<LocList>
<Loc EndOffset="3778" SrcFileId="1" StartOffset="3672"/>
</LocList>
<RootTerm CovItemId="C26" CovItemPrefix="Value.java" Intrnl_Id="301">
<OpTerm BooleanOpId="3" Intrnl_Id="302">
<OpTerm BooleanOpId="3" Intrnl_Id="303">
<BasicBoolTerm Intrnl_Id="304">
<LocList>
<Loc EndOffset="3688" SrcFileId="1" StartOffset="3675"/>
</LocList>
</BasicBoolTerm>
<BasicBoolTerm Intrnl_Id="305">
<LocList>
<Loc EndOffset="3701" SrcFileId="1" StartOffset="3692"/>
</LocList>
</BasicBoolTerm>
<LocList>
<Loc EndOffset="3691" SrcFileId="1" StartOffset="3689"/>
</LocList>
</OpTerm>
<BasicBoolTerm Intrnl_Id="306">
<LocList>
<Loc EndOffset="3737" SrcFileId="1" StartOffset="3705"/>
</LocList>
</BasicBoolTerm>
<LocList>
<Loc EndOffset="3704" SrcFileId="1" StartOffset="3702"/>
</LocList>
</OpTerm>
</RootTerm>
</CondStmnt>
<BasicStmnt CovItemId="S66" CovItemPrefix="Value.java" Intrnl_Id="307">
<LocList>
<Loc EndOffset="3812" SrcFileId="1" StartOffset="3790"/>
</LocList>
</BasicStmnt>
<BasicStmnt CovItemId="S67" CovItemPrefix="Value.java" Intrnl_Id="308">
<LocList>
<Loc EndOffset="3861" SrcFileId="1" StartOffset="3824"/>
</LocList>
</BasicStmnt>
</StmntSeq>
</HierarchyLvl>
<HierarchyLvl HierarchyLvlId="1087" HierarchyLvlTypeId="5" Intrnl_Id="309" Name="toString">
<Header>
<Loc EndOffset="3915" SrcFileId="1" StartOffset="3876"/>
</Header>
<LocList>
<Loc EndOffset="3963" SrcFileId="1" StartOffset="3876"/>
</LocList>
<StmntSeq Intrnl_Id="310">
<LocList>
<Loc EndOffset="3956" SrcFileId="1" StartOffset="3927"/>
</LocList>
<BasicStmnt CovItemId="S68" CovItemPrefix="Value.java" Intrnl_Id="311">
<LocList>
<Loc EndOffset="3956" SrcFileId="1" StartOffset="3927"/>
</LocList>
</BasicStmnt>
</StmntSeq>
</HierarchyLvl>
</HierarchyLvl>
</HierarchyLvl>
</MASTRoot>
</TestSessionContainer>
