<?xml version="1.0" encoding="UTF-8"?><TestSessionContainer xmlns="http://www.codecover.org/xml/testsession-container" Date="1367932432767" TestSessionContainerId="57a96b52-b27a-4e16-890e-bed65967ad5c" version="1.0">
<SrcFileList>
<SrcFile Content="&#13;&#10;public class Value {&#13;&#10;&#9;public static Value VOID = new Value(new Object());&#13;&#10;&#13;&#10;    final Object value;&#13;&#10;&#13;&#10;    public Value(Object value) {&#13;&#10;        this.value = value;&#13;&#10;    }&#13;&#10;    &#13;&#10;    public Value()&#13;&#10;    {&#13;&#10;    &#9;this.value = &quot;&quot;;&#13;&#10;    }&#13;&#10;&#13;&#10;    public boolean isDouble() &#13;&#10;    {&#13;&#10;&#9;&#9;if(this.toString().matches(&quot;((-)?[0-9]+)\\.([0-9]){1,2}&quot;))&#13;&#10;&#9;&#9;{&#13;&#10;&#9;&#9;&#9;return true;&#13;&#10;&#9;&#9;}&#13;&#10;&#9;&#9;return false;&#13;&#10;    }&#13;&#10;    &#13;&#10;    public boolean isInt()&#13;&#10;    {&#13;&#10;&#9;&#9;if(this.toString().matches(&quot;(-)?[0-9]+&quot;))&#13;&#10;&#9;&#9;{&#13;&#10;&#9;&#9;&#9;return true;&#13;&#10;&#9;&#9;}&#13;&#10;&#9;&#9;return false;&#13;&#10;    }&#13;&#10;    &#13;&#10;    public boolean isDrink()&#13;&#10;    {&#13;&#10;&#9;&#9;if(this.toString().equals(&quot;drink&quot;))&#13;&#10;&#9;&#9;{&#13;&#10;&#9;&#9;&#9;return true;&#13;&#10;&#9;&#9;}&#13;&#10;&#9;&#9;return false;&#13;&#10;    }&#13;&#10;    &#13;&#10;    public boolean isNumeric()&#13;&#10;    {&#13;&#10;    &#9;if(this.isInt() || this.isDouble() || this.toString().equals(&quot;int&quot;) || this.toString().equals(&quot;double&quot;))&#13;&#10;    &#9;{&#13;&#10;    &#9;&#9;return true;&#13;&#10;    &#9;}&#13;&#10;    &#9;return false;&#13;&#10;    }&#13;&#10;    &#13;&#10;    public boolean isNumericExpression()&#13;&#10;    {    &#9;&#13;&#10;    &#9;if(this.toString().contains(&quot;(&quot;))&#13;&#10;    &#9;{&#13;&#10;    &#9;&#9;if(!this.toString().contains(&quot;)&quot;))&#13;&#10;    &#9;&#9;{&#13;&#10;    &#9;&#9;&#9;return false;&#13;&#10;    &#9;&#9;}&#13;&#10;    &#9;}&#13;&#10;    &#9;if(this.toString().matches(&quot;(-)?[0-9]+(\\.[0-9]{1,2})?((\\+|\\-|\\*|\\/)[0-9]+(\\.[0-9]{1,2})?)*&quot;))&#13;&#10;    &#9;{&#13;&#10;    &#9;&#9;return true;&#13;&#10;    &#9;}&#13;&#10;    &#9;return false;&#13;&#10;    }&#13;&#10;    &#13;&#10;    public boolean isChar()&#13;&#10;    {&#13;&#10;&#9;&#9;if(this.toString().length() != 3 || &#13;&#10;&#9;&#9;   this.toString().charAt(0) != '\'' || &#13;&#10;&#9;&#9;   this.toString().charAt(this.toString().length()-1) != '\'')&#13;&#10;&#9;&#9;{&#13;&#10;&#9;&#9;&#9;return false;&#13;&#10;&#9;&#9;}&#13;&#10;&#9;&#9;return true;&#13;&#10;    }&#13;&#10;    &#13;&#10;    public boolean isString()&#13;&#10;    {&#13;&#10;    &#9;if(this.toString().length() &lt; 2)&#13;&#10;    &#9;{&#13;&#10;    &#9;&#9;return false;&#13;&#10;    &#9;}&#13;&#10;    &#9;else if(this.toString().charAt(0) != '&quot;'|| this.toString().charAt(this.toString().length()-1) != '&quot;')&#13;&#10;&#9;&#9;{&#13;&#10;&#9;&#9;&#9;return false;&#13;&#10;&#9;&#9;}&#13;&#10;&#9;&#9;return true;&#13;&#10;    }&#13;&#10;    &#13;&#10;    public boolean isBool()&#13;&#10;    {&#13;&#10;    &#9;if(this.toString().equals(&quot;true&quot;) || this.toString().equals(&quot;false&quot;))&#13;&#10;    &#9;{&#13;&#10;    &#9;&#9;return true;&#13;&#10;    &#9;}&#13;&#10;    &#9;return false;&#13;&#10;    }&#13;&#10;    &#13;&#10;    public boolean isContainer()&#13;&#10;    {&#13;&#10;    &#9;if(this.toString().matches(&quot;((1?[0-3])|([0-9]))|A[0-5]&quot;) || this.toString().equals(&quot;container&quot;))&#13;&#10;    &#9;{&#13;&#10;    &#9;&#9;return true;&#13;&#10;    &#9;}&#13;&#10;    &#9;return false;&#13;&#10;    }&#13;&#10;    &#13;&#10;    public boolean isSameType(Value val)&#13;&#10;    {&#13;&#10;    &#9;if(this.isBool() &amp;&amp; val.isBool())&#13;&#10;    &#9;{&#13;&#10;    &#9;&#9;return true;&#13;&#10;    &#9;}&#13;&#10;    &#9;if(this.isContainer() &amp;&amp; val.isContainer())&#13;&#10;    &#9;{&#13;&#10;    &#9;&#9;return true;&#13;&#10;    &#9;}&#13;&#10;    &#9;else if(this.isChar() &amp;&amp; val.isChar())&#13;&#10;    &#9;{&#13;&#10;    &#9;&#9;return true;&#13;&#10;    &#9;}&#13;&#10;    &#9;else if(this.isNumeric() &amp;&amp; val.isNumeric() || this.isNumeric() &amp;&amp; val.isNumericExpression())&#13;&#10;    &#9;{&#13;&#10;    &#9;&#9;return true;&#13;&#10;    &#9;}&#13;&#10;    &#9;else if(this.isString() &amp;&amp; val.isString())&#13;&#10;    &#9;{&#13;&#10;    &#9;&#9;return true;&#13;&#10;    &#9;}&#13;&#10;    &#9;else if(this.isDrink() &amp;&amp; val.isDrink())&#13;&#10;    &#9;{&#13;&#10;    &#9;&#9;return true;&#13;&#10;    &#9;}&#13;&#10;    &#9;&#13;&#10;    &#9;return false;&#13;&#10;    }&#13;&#10;    &#13;&#10;    public String GetType()&#13;&#10;    {&#13;&#10;    &#9;if(this.isBool() || this.toString().equals(&quot;bool&quot;))&#13;&#10;    &#9;{&#13;&#10;    &#9;&#9;return &quot;bool&quot;;&#13;&#10;    &#9;}&#13;&#10;    &#9;else if(this.toString().equals(&quot;container&quot;) || this.isContainer())&#13;&#10;    &#9;{&#13;&#10;    &#9;&#9;return &quot;container&quot;;&#13;&#10;    &#9;}&#13;&#10;    &#9;else if(this.isInt() || this.toString().equals(&quot;int&quot;))&#13;&#10;    &#9;{&#13;&#10;    &#9;&#9;return &quot;int&quot;;&#13;&#10;    &#9;}&#13;&#10;    &#9;else if(this.isDouble() || this.toString().equals(&quot;double&quot;))&#13;&#10;    &#9;{&#13;&#10;    &#9;&#9;return &quot;double&quot;;&#13;&#10;    &#9;}&#13;&#10;    &#9;else if(this.isChar() || this.toString().equals(&quot;char&quot;))&#13;&#10;    &#9;{&#13;&#10;    &#9;&#9;return &quot;char&quot;;&#13;&#10;    &#9;}&#13;&#10;    &#9;else if(this.isString() || this.toString().equals(&quot;string&quot;))&#13;&#10;    &#9;{&#13;&#10;    &#9;&#9;return &quot;string&quot;;&#13;&#10;    &#9;}&#13;&#10;    &#9;else if(this.toString().equals(&quot;drink&quot;))&#13;&#10;    &#9;{&#13;&#10;    &#9;&#9;return &quot;drink&quot;;&#13;&#10;    &#9;}&#13;&#10;    &#9;else&#13;&#10;    &#9;{&#13;&#10;    &#9;&#9;return null;&#13;&#10;    &#9;}&#13;&#10;    }&#13;&#10;&#13;&#10;    @Override&#13;&#10;    public boolean equals(Object o) {&#13;&#10;&#13;&#10;        if(value == o) {&#13;&#10;            return true;&#13;&#10;        }&#13;&#10;&#13;&#10;        if(value == null || o == null || o.getClass() != value.getClass()) {&#13;&#10;            return false;&#13;&#10;        }&#13;&#10;&#13;&#10;        Value that = (Value)o;&#13;&#10;&#13;&#10;        return this.value.equals(that.value);&#13;&#10;    }&#13;&#10;&#13;&#10;    @Override&#13;&#10;    public String toString() {&#13;&#10;        return String.valueOf(value);&#13;&#10;    }&#13;&#10;}&#13;&#10;" Filename="Value.java" Intrnl_Id="1"/>
</SrcFileList>
<CritList>
<CritListEntry Name="org.codecover.model.utils.criteria.LoopCoverage" PluginName="org.codecover"/>
<CritListEntry Name="org.codecover.model.utils.criteria.BranchCoverage" PluginName="org.codecover"/>
<CritListEntry Name="org.codecover.model.utils.criteria.ConditionCoverage" PluginName="org.codecover"/>
<CritListEntry Name="org.codecover.model.utils.criteria.StatementCoverage" PluginName="org.codecover"/>
</CritList>
<BoolOpList>
<BoolOp Arity="1" Intrnl_Id="2" Name="not (!)">
<BoolAssgnmntBoolMapList>
<MapEntry BoolAssgnmnt="0" Value="true"/>
<MapEntry BoolAssgnmnt="1" Value="false"/>
</BoolAssgnmntBoolMapList>
</BoolOp>
<BoolOp Arity="2" Intrnl_Id="3" Name="conditional and (&amp;&amp;)">
<BoolAssgnmntBoolMapList>
<MapEntry BoolAssgnmnt="10" Value="false"/>
<MapEntry BoolAssgnmnt="02" Value="false"/>
<MapEntry BoolAssgnmnt="11" Value="true"/>
</BoolAssgnmntBoolMapList>
</BoolOp>
<BoolOp Arity="2" Intrnl_Id="4" Name="conditional or (||)">
<BoolAssgnmntBoolMapList>
<MapEntry BoolAssgnmnt="01" Value="true"/>
<MapEntry BoolAssgnmnt="00" Value="false"/>
<MapEntry BoolAssgnmnt="12" Value="true"/>
</BoolAssgnmntBoolMapList>
</BoolOp>
</BoolOpList>
<HierarchyLvlTypeList>
<HierarchyLvlType EnglishName="class" IntrnlName="class" Intrnl_Id="5"/>
<HierarchyLvlType EnglishName="method" IntrnlName="method" Intrnl_Id="6"/>
<HierarchyLvlType EnglishName="default package" IntrnlName="default package" Intrnl_Id="7"/>
</HierarchyLvlTypeList>
<MASTRoot>
<HierarchyLvl HierarchyLvlId="868" HierarchyLvlTypeId="7" Intrnl_Id="8" Name="default package">
<Header/>
<LocList/>
<HierarchyLvl HierarchyLvlId="867" HierarchyLvlTypeId="5" Intrnl_Id="9" Name="Value">
<Header>
<Loc EndOffset="20" SrcFileId="1" StartOffset="2"/>
</Header>
<LocList>
<Loc EndOffset="4034" SrcFileId="1" StartOffset="2"/>
</LocList>
<StmntSeq Intrnl_Id="10">
<LocList>
<Loc EndOffset="76" SrcFileId="1" StartOffset="25"/>
</LocList>
<BasicStmnt CovItemId="S1" CovItemPrefix="Value.java" Intrnl_Id="11">
<LocList>
<Loc EndOffset="76" SrcFileId="1" StartOffset="25"/>
</LocList>
</BasicStmnt>
</StmntSeq>
<HierarchyLvl HierarchyLvlId="852" HierarchyLvlTypeId="6" Intrnl_Id="12" Name="Value">
<Header>
<Loc EndOffset="137" SrcFileId="1" StartOffset="111"/>
</Header>
<LocList>
<Loc EndOffset="175" SrcFileId="1" StartOffset="111"/>
</LocList>
<StmntSeq Intrnl_Id="13">
<LocList>
<Loc EndOffset="168" SrcFileId="1" StartOffset="149"/>
</LocList>
<BasicStmnt CovItemId="S2" CovItemPrefix="Value.java" Intrnl_Id="14">
<LocList>
<Loc EndOffset="168" SrcFileId="1" StartOffset="149"/>
</LocList>
</BasicStmnt>
</StmntSeq>
</HierarchyLvl>
<HierarchyLvl HierarchyLvlId="853" HierarchyLvlTypeId="6" Intrnl_Id="15" Name="Value">
<Header>
<Loc EndOffset="201" SrcFileId="1" StartOffset="187"/>
</Header>
<LocList>
<Loc EndOffset="238" SrcFileId="1" StartOffset="187"/>
</LocList>
<StmntSeq Intrnl_Id="16">
<LocList>
<Loc EndOffset="231" SrcFileId="1" StartOffset="215"/>
</LocList>
<BasicStmnt CovItemId="S3" CovItemPrefix="Value.java" Intrnl_Id="17">
<LocList>
<Loc EndOffset="231" SrcFileId="1" StartOffset="215"/>
</LocList>
</BasicStmnt>
</StmntSeq>
</HierarchyLvl>
<HierarchyLvl HierarchyLvlId="854" HierarchyLvlTypeId="6" Intrnl_Id="18" Name="isDouble">
<Header>
<Loc EndOffset="271" SrcFileId="1" StartOffset="246"/>
</Header>
<LocList>
<Loc EndOffset="392" SrcFileId="1" StartOffset="246"/>
</LocList>
<StmntSeq Intrnl_Id="19">
<LocList>
<Loc EndOffset="368" SrcFileId="1" StartOffset="283"/>
<Loc EndOffset="385" SrcFileId="1" StartOffset="372"/>
</LocList>
<CondStmnt CovItemId="S4" CovItemPrefix="Value.java" Intrnl_Id="20">
<Branch CovItemId="B1" CovItemPrefix="Value.java" Implct="false" Intrnl_Id="21">
<Cond/>
<LocList>
<Loc EndOffset="368" SrcFileId="1" StartOffset="345"/>
</LocList>
<StmntSeq Intrnl_Id="22">
<LocList>
<Loc EndOffset="363" SrcFileId="1" StartOffset="351"/>
</LocList>
<BasicStmnt CovItemId="S5" CovItemPrefix="Value.java" Intrnl_Id="23">
<LocList>
<Loc EndOffset="363" SrcFileId="1" StartOffset="351"/>
</LocList>
</BasicStmnt>
</StmntSeq>
</Branch>
<Branch CovItemId="B2" CovItemPrefix="Value.java" Implct="true" Intrnl_Id="24">
<Cond/>
<LocList/>
<StmntSeq Intrnl_Id="25">
<LocList/>
</StmntSeq>
</Branch>
<Keyword EndOffset="285" SrcFileId="1" StartOffset="283"/>
<LocList>
<Loc EndOffset="368" SrcFileId="1" StartOffset="283"/>
</LocList>
<RootTerm CovItemId="C1" CovItemPrefix="Value.java" Intrnl_Id="26">
<BasicBoolTerm Intrnl_Id="27">
<LocList>
<Loc EndOffset="340" SrcFileId="1" StartOffset="286"/>
</LocList>
</BasicBoolTerm>
</RootTerm>
</CondStmnt>
<BasicStmnt CovItemId="S6" CovItemPrefix="Value.java" Intrnl_Id="28">
<LocList>
<Loc EndOffset="385" SrcFileId="1" StartOffset="372"/>
</LocList>
</BasicStmnt>
</StmntSeq>
</HierarchyLvl>
<HierarchyLvl HierarchyLvlId="855" HierarchyLvlTypeId="6" Intrnl_Id="29" Name="isInt">
<Header>
<Loc EndOffset="426" SrcFileId="1" StartOffset="404"/>
</Header>
<LocList>
<Loc EndOffset="529" SrcFileId="1" StartOffset="404"/>
</LocList>
<StmntSeq Intrnl_Id="30">
<LocList>
<Loc EndOffset="505" SrcFileId="1" StartOffset="437"/>
<Loc EndOffset="522" SrcFileId="1" StartOffset="509"/>
</LocList>
<CondStmnt CovItemId="S7" CovItemPrefix="Value.java" Intrnl_Id="31">
<Branch CovItemId="B3" CovItemPrefix="Value.java" Implct="false" Intrnl_Id="32">
<Cond/>
<LocList>
<Loc EndOffset="505" SrcFileId="1" StartOffset="482"/>
</LocList>
<StmntSeq Intrnl_Id="33">
<LocList>
<Loc EndOffset="500" SrcFileId="1" StartOffset="488"/>
</LocList>
<BasicStmnt CovItemId="S8" CovItemPrefix="Value.java" Intrnl_Id="34">
<LocList>
<Loc EndOffset="500" SrcFileId="1" StartOffset="488"/>
</LocList>
</BasicStmnt>
</StmntSeq>
</Branch>
<Branch CovItemId="B4" CovItemPrefix="Value.java" Implct="true" Intrnl_Id="35">
<Cond/>
<LocList/>
<StmntSeq Intrnl_Id="36">
<LocList/>
</StmntSeq>
</Branch>
<Keyword EndOffset="439" SrcFileId="1" StartOffset="437"/>
<LocList>
<Loc EndOffset="505" SrcFileId="1" StartOffset="437"/>
</LocList>
<RootTerm CovItemId="C2" CovItemPrefix="Value.java" Intrnl_Id="37">
<BasicBoolTerm Intrnl_Id="38">
<LocList>
<Loc EndOffset="477" SrcFileId="1" StartOffset="440"/>
</LocList>
</BasicBoolTerm>
</RootTerm>
</CondStmnt>
<BasicStmnt CovItemId="S9" CovItemPrefix="Value.java" Intrnl_Id="39">
<LocList>
<Loc EndOffset="522" SrcFileId="1" StartOffset="509"/>
</LocList>
</BasicStmnt>
</StmntSeq>
</HierarchyLvl>
<HierarchyLvl HierarchyLvlId="856" HierarchyLvlTypeId="6" Intrnl_Id="40" Name="isDrink">
<Header>
<Loc EndOffset="565" SrcFileId="1" StartOffset="541"/>
</Header>
<LocList>
<Loc EndOffset="662" SrcFileId="1" StartOffset="541"/>
</LocList>
<StmntSeq Intrnl_Id="41">
<LocList>
<Loc EndOffset="638" SrcFileId="1" StartOffset="576"/>
<Loc EndOffset="655" SrcFileId="1" StartOffset="642"/>
</LocList>
<CondStmnt CovItemId="S10" CovItemPrefix="Value.java" Intrnl_Id="42">
<Branch CovItemId="B5" CovItemPrefix="Value.java" Implct="false" Intrnl_Id="43">
<Cond/>
<LocList>
<Loc EndOffset="638" SrcFileId="1" StartOffset="615"/>
</LocList>
<StmntSeq Intrnl_Id="44">
<LocList>
<Loc EndOffset="633" SrcFileId="1" StartOffset="621"/>
</LocList>
<BasicStmnt CovItemId="S11" CovItemPrefix="Value.java" Intrnl_Id="45">
<LocList>
<Loc EndOffset="633" SrcFileId="1" StartOffset="621"/>
</LocList>
</BasicStmnt>
</StmntSeq>
</Branch>
<Branch CovItemId="B6" CovItemPrefix="Value.java" Implct="true" Intrnl_Id="46">
<Cond/>
<LocList/>
<StmntSeq Intrnl_Id="47">
<LocList/>
</StmntSeq>
</Branch>
<Keyword EndOffset="578" SrcFileId="1" StartOffset="576"/>
<LocList>
<Loc EndOffset="638" SrcFileId="1" StartOffset="576"/>
</LocList>
<RootTerm CovItemId="C3" CovItemPrefix="Value.java" Intrnl_Id="48">
<BasicBoolTerm Intrnl_Id="49">
<LocList>
<Loc EndOffset="610" SrcFileId="1" StartOffset="579"/>
</LocList>
</BasicBoolTerm>
</RootTerm>
</CondStmnt>
<BasicStmnt CovItemId="S12" CovItemPrefix="Value.java" Intrnl_Id="50">
<LocList>
<Loc EndOffset="655" SrcFileId="1" StartOffset="642"/>
</LocList>
</BasicStmnt>
</StmntSeq>
</HierarchyLvl>
<HierarchyLvl HierarchyLvlId="857" HierarchyLvlTypeId="6" Intrnl_Id="51" Name="isNumeric">
<Header>
<Loc EndOffset="700" SrcFileId="1" StartOffset="674"/>
</Header>
<LocList>
<Loc EndOffset="881" SrcFileId="1" StartOffset="674"/>
</LocList>
<StmntSeq Intrnl_Id="52">
<LocList>
<Loc EndOffset="854" SrcFileId="1" StartOffset="714"/>
<Loc EndOffset="874" SrcFileId="1" StartOffset="861"/>
</LocList>
<CondStmnt CovItemId="S13" CovItemPrefix="Value.java" Intrnl_Id="53">
<Branch CovItemId="B7" CovItemPrefix="Value.java" Implct="false" Intrnl_Id="54">
<Cond/>
<LocList>
<Loc EndOffset="854" SrcFileId="1" StartOffset="825"/>
</LocList>
<StmntSeq Intrnl_Id="55">
<LocList>
<Loc EndOffset="846" SrcFileId="1" StartOffset="834"/>
</LocList>
<BasicStmnt CovItemId="S14" CovItemPrefix="Value.java" Intrnl_Id="56">
<LocList>
<Loc EndOffset="846" SrcFileId="1" StartOffset="834"/>
</LocList>
</BasicStmnt>
</StmntSeq>
</Branch>
<Branch CovItemId="B8" CovItemPrefix="Value.java" Implct="true" Intrnl_Id="57">
<Cond/>
<LocList/>
<StmntSeq Intrnl_Id="58">
<LocList/>
</StmntSeq>
</Branch>
<Keyword EndOffset="716" SrcFileId="1" StartOffset="714"/>
<LocList>
<Loc EndOffset="854" SrcFileId="1" StartOffset="714"/>
</LocList>
<RootTerm CovItemId="C4" CovItemPrefix="Value.java" Intrnl_Id="59">
<OpTerm BooleanOpId="4" Intrnl_Id="60">
<OpTerm BooleanOpId="4" Intrnl_Id="61">
<OpTerm BooleanOpId="4" Intrnl_Id="62">
<BasicBoolTerm Intrnl_Id="63">
<LocList>
<Loc EndOffset="729" SrcFileId="1" StartOffset="717"/>
</LocList>
</BasicBoolTerm>
<BasicBoolTerm Intrnl_Id="64">
<LocList>
<Loc EndOffset="748" SrcFileId="1" StartOffset="733"/>
</LocList>
</BasicBoolTerm>
<LocList>
<Loc EndOffset="732" SrcFileId="1" StartOffset="730"/>
</LocList>
</OpTerm>
<BasicBoolTerm Intrnl_Id="65">
<LocList>
<Loc EndOffset="781" SrcFileId="1" StartOffset="752"/>
</LocList>
</BasicBoolTerm>
<LocList>
<Loc EndOffset="751" SrcFileId="1" StartOffset="749"/>
</LocList>
</OpTerm>
<BasicBoolTerm Intrnl_Id="66">
<LocList>
<Loc EndOffset="817" SrcFileId="1" StartOffset="785"/>
</LocList>
</BasicBoolTerm>
<LocList>
<Loc EndOffset="784" SrcFileId="1" StartOffset="782"/>
</LocList>
</OpTerm>
</RootTerm>
</CondStmnt>
<BasicStmnt CovItemId="S15" CovItemPrefix="Value.java" Intrnl_Id="67">
<LocList>
<Loc EndOffset="874" SrcFileId="1" StartOffset="861"/>
</LocList>
</BasicStmnt>
</StmntSeq>
</HierarchyLvl>
<HierarchyLvl HierarchyLvlId="858" HierarchyLvlTypeId="6" Intrnl_Id="68" Name="isNumericExpression">
<Header>
<Loc EndOffset="929" SrcFileId="1" StartOffset="893"/>
</Header>
<LocList>
<Loc EndOffset="1248" SrcFileId="1" StartOffset="893"/>
</LocList>
<StmntSeq Intrnl_Id="69">
<LocList>
<Loc EndOffset="1079" SrcFileId="1" StartOffset="948"/>
<Loc EndOffset="1221" SrcFileId="1" StartOffset="1086"/>
<Loc EndOffset="1241" SrcFileId="1" StartOffset="1228"/>
</LocList>
<CondStmnt CovItemId="S16" CovItemPrefix="Value.java" Intrnl_Id="70">
<Branch CovItemId="B9" CovItemPrefix="Value.java" Implct="false" Intrnl_Id="71">
<Cond/>
<LocList>
<Loc EndOffset="1079" SrcFileId="1" StartOffset="988"/>
</LocList>
<StmntSeq Intrnl_Id="72">
<LocList>
<Loc EndOffset="1071" SrcFileId="1" StartOffset="997"/>
</LocList>
<CondStmnt CovItemId="S17" CovItemPrefix="Value.java" Intrnl_Id="73">
<Branch CovItemId="B11" CovItemPrefix="Value.java" Implct="false" Intrnl_Id="74">
<Cond/>
<LocList>
<Loc EndOffset="1071" SrcFileId="1" StartOffset="1039"/>
</LocList>
<StmntSeq Intrnl_Id="75">
<LocList>
<Loc EndOffset="1062" SrcFileId="1" StartOffset="1049"/>
</LocList>
<BasicStmnt CovItemId="S18" CovItemPrefix="Value.java" Intrnl_Id="76">
<LocList>
<Loc EndOffset="1062" SrcFileId="1" StartOffset="1049"/>
</LocList>
</BasicStmnt>
</StmntSeq>
</Branch>
<Branch CovItemId="B12" CovItemPrefix="Value.java" Implct="true" Intrnl_Id="77">
<Cond/>
<LocList/>
<StmntSeq Intrnl_Id="78">
<LocList/>
</StmntSeq>
</Branch>
<Keyword EndOffset="999" SrcFileId="1" StartOffset="997"/>
<LocList>
<Loc EndOffset="1071" SrcFileId="1" StartOffset="997"/>
</LocList>
<RootTerm CovItemId="C6" CovItemPrefix="Value.java" Intrnl_Id="79">
<OpTerm BooleanOpId="2" Intrnl_Id="80">
<BasicBoolTerm Intrnl_Id="81">
<LocList>
<Loc EndOffset="1030" SrcFileId="1" StartOffset="1001"/>
</LocList>
</BasicBoolTerm>
<LocList>
<Loc EndOffset="1001" SrcFileId="1" StartOffset="1000"/>
</LocList>
</OpTerm>
</RootTerm>
</CondStmnt>
</StmntSeq>
</Branch>
<Branch CovItemId="B10" CovItemPrefix="Value.java" Implct="true" Intrnl_Id="82">
<Cond/>
<LocList/>
<StmntSeq Intrnl_Id="83">
<LocList/>
</StmntSeq>
</Branch>
<Keyword EndOffset="950" SrcFileId="1" StartOffset="948"/>
<LocList>
<Loc EndOffset="1079" SrcFileId="1" StartOffset="948"/>
</LocList>
<RootTerm CovItemId="C5" CovItemPrefix="Value.java" Intrnl_Id="84">
<BasicBoolTerm Intrnl_Id="85">
<LocList>
<Loc EndOffset="980" SrcFileId="1" StartOffset="951"/>
</LocList>
</BasicBoolTerm>
</RootTerm>
</CondStmnt>
<CondStmnt CovItemId="S19" CovItemPrefix="Value.java" Intrnl_Id="86">
<Branch CovItemId="B13" CovItemPrefix="Value.java" Implct="false" Intrnl_Id="87">
<Cond/>
<LocList>
<Loc EndOffset="1221" SrcFileId="1" StartOffset="1192"/>
</LocList>
<StmntSeq Intrnl_Id="88">
<LocList>
<Loc EndOffset="1213" SrcFileId="1" StartOffset="1201"/>
</LocList>
<BasicStmnt CovItemId="S20" CovItemPrefix="Value.java" Intrnl_Id="89">
<LocList>
<Loc EndOffset="1213" SrcFileId="1" StartOffset="1201"/>
</LocList>
</BasicStmnt>
</StmntSeq>
</Branch>
<Branch CovItemId="B14" CovItemPrefix="Value.java" Implct="true" Intrnl_Id="90">
<Cond/>
<LocList/>
<StmntSeq Intrnl_Id="91">
<LocList/>
</StmntSeq>
</Branch>
<Keyword EndOffset="1088" SrcFileId="1" StartOffset="1086"/>
<LocList>
<Loc EndOffset="1221" SrcFileId="1" StartOffset="1086"/>
</LocList>
<RootTerm CovItemId="C7" CovItemPrefix="Value.java" Intrnl_Id="92">
<BasicBoolTerm Intrnl_Id="93">
<LocList>
<Loc EndOffset="1184" SrcFileId="1" StartOffset="1089"/>
</LocList>
</BasicBoolTerm>
</RootTerm>
</CondStmnt>
<BasicStmnt CovItemId="S21" CovItemPrefix="Value.java" Intrnl_Id="94">
<LocList>
<Loc EndOffset="1241" SrcFileId="1" StartOffset="1228"/>
</LocList>
</BasicStmnt>
</StmntSeq>
</HierarchyLvl>
<HierarchyLvl HierarchyLvlId="859" HierarchyLvlTypeId="6" Intrnl_Id="95" Name="isChar">
<Header>
<Loc EndOffset="1283" SrcFileId="1" StartOffset="1260"/>
</Header>
<LocList>
<Loc EndOffset="1491" SrcFileId="1" StartOffset="1260"/>
</LocList>
<StmntSeq Intrnl_Id="96">
<LocList>
<Loc EndOffset="1468" SrcFileId="1" StartOffset="1294"/>
<Loc EndOffset="1484" SrcFileId="1" StartOffset="1472"/>
</LocList>
<CondStmnt CovItemId="S22" CovItemPrefix="Value.java" Intrnl_Id="97">
<Branch CovItemId="B15" CovItemPrefix="Value.java" Implct="false" Intrnl_Id="98">
<Cond/>
<LocList>
<Loc EndOffset="1468" SrcFileId="1" StartOffset="1444"/>
</LocList>
<StmntSeq Intrnl_Id="99">
<LocList>
<Loc EndOffset="1463" SrcFileId="1" StartOffset="1450"/>
</LocList>
<BasicStmnt CovItemId="S23" CovItemPrefix="Value.java" Intrnl_Id="100">
<LocList>
<Loc EndOffset="1463" SrcFileId="1" StartOffset="1450"/>
</LocList>
</BasicStmnt>
</StmntSeq>
</Branch>
<Branch CovItemId="B16" CovItemPrefix="Value.java" Implct="true" Intrnl_Id="101">
<Cond/>
<LocList/>
<StmntSeq Intrnl_Id="102">
<LocList/>
</StmntSeq>
</Branch>
<Keyword EndOffset="1296" SrcFileId="1" StartOffset="1294"/>
<LocList>
<Loc EndOffset="1468" SrcFileId="1" StartOffset="1294"/>
</LocList>
<RootTerm CovItemId="C8" CovItemPrefix="Value.java" Intrnl_Id="103">
<OpTerm BooleanOpId="4" Intrnl_Id="104">
<OpTerm BooleanOpId="4" Intrnl_Id="105">
<BasicBoolTerm Intrnl_Id="106">
<LocList>
<Loc EndOffset="1326" SrcFileId="1" StartOffset="1297"/>
</LocList>
</BasicBoolTerm>
<BasicBoolTerm Intrnl_Id="107">
<LocList>
<Loc EndOffset="1370" SrcFileId="1" StartOffset="1337"/>
</LocList>
</BasicBoolTerm>
<LocList>
<Loc EndOffset="1329" SrcFileId="1" StartOffset="1327"/>
</LocList>
</OpTerm>
<BasicBoolTerm Intrnl_Id="108">
<LocList>
<Loc EndOffset="1439" SrcFileId="1" StartOffset="1381"/>
</LocList>
</BasicBoolTerm>
<LocList>
<Loc EndOffset="1373" SrcFileId="1" StartOffset="1371"/>
</LocList>
</OpTerm>
</RootTerm>
</CondStmnt>
<BasicStmnt CovItemId="S24" CovItemPrefix="Value.java" Intrnl_Id="109">
<LocList>
<Loc EndOffset="1484" SrcFileId="1" StartOffset="1472"/>
</LocList>
</BasicStmnt>
</StmntSeq>
</HierarchyLvl>
<HierarchyLvl HierarchyLvlId="860" HierarchyLvlTypeId="6" Intrnl_Id="110" Name="isString">
<Header>
<Loc EndOffset="1528" SrcFileId="1" StartOffset="1503"/>
</Header>
<LocList>
<Loc EndOffset="1770" SrcFileId="1" StartOffset="1503"/>
</LocList>
<StmntSeq Intrnl_Id="111">
<LocList>
<Loc EndOffset="1747" SrcFileId="1" StartOffset="1542"/>
<Loc EndOffset="1763" SrcFileId="1" StartOffset="1751"/>
</LocList>
<CondStmnt CovItemId="S25" CovItemPrefix="Value.java" Intrnl_Id="112">
<Branch CovItemId="B17" CovItemPrefix="Value.java" Implct="false" Intrnl_Id="113">
<Cond/>
<LocList>
<Loc EndOffset="1611" SrcFileId="1" StartOffset="1581"/>
</LocList>
<StmntSeq Intrnl_Id="114">
<LocList>
<Loc EndOffset="1603" SrcFileId="1" StartOffset="1590"/>
</LocList>
<BasicStmnt CovItemId="S26" CovItemPrefix="Value.java" Intrnl_Id="115">
<LocList>
<Loc EndOffset="1603" SrcFileId="1" StartOffset="1590"/>
</LocList>
</BasicStmnt>
</StmntSeq>
</Branch>
<Branch CovItemId="B18" CovItemPrefix="Value.java" Implct="false" Intrnl_Id="116">
<Cond>
<Loc EndOffset="1622" SrcFileId="1" StartOffset="1618"/>
</Cond>
<LocList>
<Loc EndOffset="1747" SrcFileId="1" StartOffset="1623"/>
</LocList>
<StmntSeq Intrnl_Id="117">
<LocList>
<Loc EndOffset="1747" SrcFileId="1" StartOffset="1623"/>
</LocList>
<CondStmnt CovItemId="S27" CovItemPrefix="Value.java" Intrnl_Id="118">
<Branch CovItemId="B19" CovItemPrefix="Value.java" Implct="false" Intrnl_Id="119">
<Cond/>
<LocList>
<Loc EndOffset="1747" SrcFileId="1" StartOffset="1723"/>
</LocList>
<StmntSeq Intrnl_Id="120">
<LocList>
<Loc EndOffset="1742" SrcFileId="1" StartOffset="1729"/>
</LocList>
<BasicStmnt CovItemId="S28" CovItemPrefix="Value.java" Intrnl_Id="121">
<LocList>
<Loc EndOffset="1742" SrcFileId="1" StartOffset="1729"/>
</LocList>
</BasicStmnt>
</StmntSeq>
</Branch>
<Branch CovItemId="B20" CovItemPrefix="Value.java" Implct="true" Intrnl_Id="122">
<Cond/>
<LocList/>
<StmntSeq Intrnl_Id="123">
<LocList/>
</StmntSeq>
</Branch>
<Keyword EndOffset="1625" SrcFileId="1" StartOffset="1623"/>
<LocList>
<Loc EndOffset="1747" SrcFileId="1" StartOffset="1623"/>
</LocList>
<RootTerm CovItemId="C10" CovItemPrefix="Value.java" Intrnl_Id="124">
<OpTerm BooleanOpId="4" Intrnl_Id="125">
<BasicBoolTerm Intrnl_Id="126">
<LocList>
<Loc EndOffset="1658" SrcFileId="1" StartOffset="1626"/>
</LocList>
</BasicBoolTerm>
<BasicBoolTerm Intrnl_Id="127">
<LocList>
<Loc EndOffset="1718" SrcFileId="1" StartOffset="1661"/>
</LocList>
</BasicBoolTerm>
<LocList>
<Loc EndOffset="1660" SrcFileId="1" StartOffset="1658"/>
</LocList>
</OpTerm>
</RootTerm>
</CondStmnt>
</StmntSeq>
</Branch>
<Keyword EndOffset="1544" SrcFileId="1" StartOffset="1542"/>
<LocList>
<Loc EndOffset="1747" SrcFileId="1" StartOffset="1542"/>
</LocList>
<RootTerm CovItemId="C9" CovItemPrefix="Value.java" Intrnl_Id="128">
<BasicBoolTerm Intrnl_Id="129">
<LocList>
<Loc EndOffset="1573" SrcFileId="1" StartOffset="1545"/>
</LocList>
</BasicBoolTerm>
</RootTerm>
</CondStmnt>
<BasicStmnt CovItemId="S29" CovItemPrefix="Value.java" Intrnl_Id="130">
<LocList>
<Loc EndOffset="1763" SrcFileId="1" StartOffset="1751"/>
</LocList>
</BasicStmnt>
</StmntSeq>
</HierarchyLvl>
<HierarchyLvl HierarchyLvlId="861" HierarchyLvlTypeId="6" Intrnl_Id="131" Name="isBool">
<Header>
<Loc EndOffset="1805" SrcFileId="1" StartOffset="1782"/>
</Header>
<LocList>
<Loc EndOffset="1951" SrcFileId="1" StartOffset="1782"/>
</LocList>
<StmntSeq Intrnl_Id="132">
<LocList>
<Loc EndOffset="1924" SrcFileId="1" StartOffset="1819"/>
<Loc EndOffset="1944" SrcFileId="1" StartOffset="1931"/>
</LocList>
<CondStmnt CovItemId="S30" CovItemPrefix="Value.java" Intrnl_Id="133">
<Branch CovItemId="B21" CovItemPrefix="Value.java" Implct="false" Intrnl_Id="134">
<Cond/>
<LocList>
<Loc EndOffset="1924" SrcFileId="1" StartOffset="1895"/>
</LocList>
<StmntSeq Intrnl_Id="135">
<LocList>
<Loc EndOffset="1916" SrcFileId="1" StartOffset="1904"/>
</LocList>
<BasicStmnt CovItemId="S31" CovItemPrefix="Value.java" Intrnl_Id="136">
<LocList>
<Loc EndOffset="1916" SrcFileId="1" StartOffset="1904"/>
</LocList>
</BasicStmnt>
</StmntSeq>
</Branch>
<Branch CovItemId="B22" CovItemPrefix="Value.java" Implct="true" Intrnl_Id="137">
<Cond/>
<LocList/>
<StmntSeq Intrnl_Id="138">
<LocList/>
</StmntSeq>
</Branch>
<Keyword EndOffset="1821" SrcFileId="1" StartOffset="1819"/>
<LocList>
<Loc EndOffset="1924" SrcFileId="1" StartOffset="1819"/>
</LocList>
<RootTerm CovItemId="C11" CovItemPrefix="Value.java" Intrnl_Id="139">
<OpTerm BooleanOpId="4" Intrnl_Id="140">
<BasicBoolTerm Intrnl_Id="141">
<LocList>
<Loc EndOffset="1852" SrcFileId="1" StartOffset="1822"/>
</LocList>
</BasicBoolTerm>
<BasicBoolTerm Intrnl_Id="142">
<LocList>
<Loc EndOffset="1887" SrcFileId="1" StartOffset="1856"/>
</LocList>
</BasicBoolTerm>
<LocList>
<Loc EndOffset="1855" SrcFileId="1" StartOffset="1853"/>
</LocList>
</OpTerm>
</RootTerm>
</CondStmnt>
<BasicStmnt CovItemId="S32" CovItemPrefix="Value.java" Intrnl_Id="143">
<LocList>
<Loc EndOffset="1944" SrcFileId="1" StartOffset="1931"/>
</LocList>
</BasicStmnt>
</StmntSeq>
</HierarchyLvl>
<HierarchyLvl HierarchyLvlId="862" HierarchyLvlTypeId="6" Intrnl_Id="144" Name="isContainer">
<Header>
<Loc EndOffset="1991" SrcFileId="1" StartOffset="1963"/>
</Header>
<LocList>
<Loc EndOffset="2164" SrcFileId="1" StartOffset="1963"/>
</LocList>
<StmntSeq Intrnl_Id="145">
<LocList>
<Loc EndOffset="2137" SrcFileId="1" StartOffset="2005"/>
<Loc EndOffset="2157" SrcFileId="1" StartOffset="2144"/>
</LocList>
<CondStmnt CovItemId="S33" CovItemPrefix="Value.java" Intrnl_Id="146">
<Branch CovItemId="B23" CovItemPrefix="Value.java" Implct="false" Intrnl_Id="147">
<Cond/>
<LocList>
<Loc EndOffset="2137" SrcFileId="1" StartOffset="2108"/>
</LocList>
<StmntSeq Intrnl_Id="148">
<LocList>
<Loc EndOffset="2129" SrcFileId="1" StartOffset="2117"/>
</LocList>
<BasicStmnt CovItemId="S34" CovItemPrefix="Value.java" Intrnl_Id="149">
<LocList>
<Loc EndOffset="2129" SrcFileId="1" StartOffset="2117"/>
</LocList>
</BasicStmnt>
</StmntSeq>
</Branch>
<Branch CovItemId="B24" CovItemPrefix="Value.java" Implct="true" Intrnl_Id="150">
<Cond/>
<LocList/>
<StmntSeq Intrnl_Id="151">
<LocList/>
</StmntSeq>
</Branch>
<Keyword EndOffset="2007" SrcFileId="1" StartOffset="2005"/>
<LocList>
<Loc EndOffset="2137" SrcFileId="1" StartOffset="2005"/>
</LocList>
<RootTerm CovItemId="C12" CovItemPrefix="Value.java" Intrnl_Id="152">
<OpTerm BooleanOpId="4" Intrnl_Id="153">
<BasicBoolTerm Intrnl_Id="154">
<LocList>
<Loc EndOffset="2061" SrcFileId="1" StartOffset="2008"/>
</LocList>
</BasicBoolTerm>
<BasicBoolTerm Intrnl_Id="155">
<LocList>
<Loc EndOffset="2100" SrcFileId="1" StartOffset="2065"/>
</LocList>
</BasicBoolTerm>
<LocList>
<Loc EndOffset="2064" SrcFileId="1" StartOffset="2062"/>
</LocList>
</OpTerm>
</RootTerm>
</CondStmnt>
<BasicStmnt CovItemId="S35" CovItemPrefix="Value.java" Intrnl_Id="156">
<LocList>
<Loc EndOffset="2157" SrcFileId="1" StartOffset="2144"/>
</LocList>
</BasicStmnt>
</StmntSeq>
</HierarchyLvl>
<HierarchyLvl HierarchyLvlId="863" HierarchyLvlTypeId="6" Intrnl_Id="157" Name="isSameType">
<Header>
<Loc EndOffset="2212" SrcFileId="1" StartOffset="2176"/>
</Header>
<LocList>
<Loc EndOffset="2800" SrcFileId="1" StartOffset="2176"/>
</LocList>
<StmntSeq Intrnl_Id="158">
<LocList>
<Loc EndOffset="2295" SrcFileId="1" StartOffset="2226"/>
<Loc EndOffset="2766" SrcFileId="1" StartOffset="2302"/>
<Loc EndOffset="2793" SrcFileId="1" StartOffset="2780"/>
</LocList>
<CondStmnt CovItemId="S36" CovItemPrefix="Value.java" Intrnl_Id="159">
<Branch CovItemId="B25" CovItemPrefix="Value.java" Implct="false" Intrnl_Id="160">
<Cond/>
<LocList>
<Loc EndOffset="2295" SrcFileId="1" StartOffset="2266"/>
</LocList>
<StmntSeq Intrnl_Id="161">
<LocList>
<Loc EndOffset="2287" SrcFileId="1" StartOffset="2275"/>
</LocList>
<BasicStmnt CovItemId="S37" CovItemPrefix="Value.java" Intrnl_Id="162">
<LocList>
<Loc EndOffset="2287" SrcFileId="1" StartOffset="2275"/>
</LocList>
</BasicStmnt>
</StmntSeq>
</Branch>
<Branch CovItemId="B26" CovItemPrefix="Value.java" Implct="true" Intrnl_Id="163">
<Cond/>
<LocList/>
<StmntSeq Intrnl_Id="164">
<LocList/>
</StmntSeq>
</Branch>
<Keyword EndOffset="2228" SrcFileId="1" StartOffset="2226"/>
<LocList>
<Loc EndOffset="2295" SrcFileId="1" StartOffset="2226"/>
</LocList>
<RootTerm CovItemId="C13" CovItemPrefix="Value.java" Intrnl_Id="165">
<OpTerm BooleanOpId="3" Intrnl_Id="166">
<BasicBoolTerm Intrnl_Id="167">
<LocList>
<Loc EndOffset="2242" SrcFileId="1" StartOffset="2229"/>
</LocList>
</BasicBoolTerm>
<BasicBoolTerm Intrnl_Id="168">
<LocList>
<Loc EndOffset="2258" SrcFileId="1" StartOffset="2246"/>
</LocList>
</BasicBoolTerm>
<LocList>
<Loc EndOffset="2245" SrcFileId="1" StartOffset="2243"/>
</LocList>
</OpTerm>
</RootTerm>
</CondStmnt>
<CondStmnt CovItemId="S38" CovItemPrefix="Value.java" Intrnl_Id="169">
<Branch CovItemId="B27" CovItemPrefix="Value.java" Implct="false" Intrnl_Id="170">
<Cond/>
<LocList>
<Loc EndOffset="2381" SrcFileId="1" StartOffset="2352"/>
</LocList>
<StmntSeq Intrnl_Id="171">
<LocList>
<Loc EndOffset="2373" SrcFileId="1" StartOffset="2361"/>
</LocList>
<BasicStmnt CovItemId="S39" CovItemPrefix="Value.java" Intrnl_Id="172">
<LocList>
<Loc EndOffset="2373" SrcFileId="1" StartOffset="2361"/>
</LocList>
</BasicStmnt>
</StmntSeq>
</Branch>
<Branch CovItemId="B28" CovItemPrefix="Value.java" Implct="false" Intrnl_Id="173">
<Cond>
<Loc EndOffset="2392" SrcFileId="1" StartOffset="2388"/>
</Cond>
<LocList>
<Loc EndOffset="2766" SrcFileId="1" StartOffset="2393"/>
</LocList>
<StmntSeq Intrnl_Id="174">
<LocList>
<Loc EndOffset="2766" SrcFileId="1" StartOffset="2393"/>
</LocList>
<CondStmnt CovItemId="S40" CovItemPrefix="Value.java" Intrnl_Id="175">
<Branch CovItemId="B29" CovItemPrefix="Value.java" Implct="false" Intrnl_Id="176">
<Cond/>
<LocList>
<Loc EndOffset="2462" SrcFileId="1" StartOffset="2433"/>
</LocList>
<StmntSeq Intrnl_Id="177">
<LocList>
<Loc EndOffset="2454" SrcFileId="1" StartOffset="2442"/>
</LocList>
<BasicStmnt CovItemId="S41" CovItemPrefix="Value.java" Intrnl_Id="178">
<LocList>
<Loc EndOffset="2454" SrcFileId="1" StartOffset="2442"/>
</LocList>
</BasicStmnt>
</StmntSeq>
</Branch>
<Branch CovItemId="B30" CovItemPrefix="Value.java" Implct="false" Intrnl_Id="179">
<Cond>
<Loc EndOffset="2473" SrcFileId="1" StartOffset="2469"/>
</Cond>
<LocList>
<Loc EndOffset="2766" SrcFileId="1" StartOffset="2474"/>
</LocList>
<StmntSeq Intrnl_Id="180">
<LocList>
<Loc EndOffset="2766" SrcFileId="1" StartOffset="2474"/>
</LocList>
<CondStmnt CovItemId="S42" CovItemPrefix="Value.java" Intrnl_Id="181">
<Branch CovItemId="B31" CovItemPrefix="Value.java" Implct="false" Intrnl_Id="182">
<Cond/>
<LocList>
<Loc EndOffset="2598" SrcFileId="1" StartOffset="2569"/>
</LocList>
<StmntSeq Intrnl_Id="183">
<LocList>
<Loc EndOffset="2590" SrcFileId="1" StartOffset="2578"/>
</LocList>
<BasicStmnt CovItemId="S43" CovItemPrefix="Value.java" Intrnl_Id="184">
<LocList>
<Loc EndOffset="2590" SrcFileId="1" StartOffset="2578"/>
</LocList>
</BasicStmnt>
</StmntSeq>
</Branch>
<Branch CovItemId="B32" CovItemPrefix="Value.java" Implct="false" Intrnl_Id="185">
<Cond>
<Loc EndOffset="2609" SrcFileId="1" StartOffset="2605"/>
</Cond>
<LocList>
<Loc EndOffset="2766" SrcFileId="1" StartOffset="2610"/>
</LocList>
<StmntSeq Intrnl_Id="186">
<LocList>
<Loc EndOffset="2766" SrcFileId="1" StartOffset="2610"/>
</LocList>
<CondStmnt CovItemId="S44" CovItemPrefix="Value.java" Intrnl_Id="187">
<Branch CovItemId="B33" CovItemPrefix="Value.java" Implct="false" Intrnl_Id="188">
<Cond/>
<LocList>
<Loc EndOffset="2683" SrcFileId="1" StartOffset="2654"/>
</LocList>
<StmntSeq Intrnl_Id="189">
<LocList>
<Loc EndOffset="2675" SrcFileId="1" StartOffset="2663"/>
</LocList>
<BasicStmnt CovItemId="S45" CovItemPrefix="Value.java" Intrnl_Id="190">
<LocList>
<Loc EndOffset="2675" SrcFileId="1" StartOffset="2663"/>
</LocList>
</BasicStmnt>
</StmntSeq>
</Branch>
<Branch CovItemId="B34" CovItemPrefix="Value.java" Implct="false" Intrnl_Id="191">
<Cond>
<Loc EndOffset="2694" SrcFileId="1" StartOffset="2690"/>
</Cond>
<LocList>
<Loc EndOffset="2766" SrcFileId="1" StartOffset="2695"/>
</LocList>
<StmntSeq Intrnl_Id="192">
<LocList>
<Loc EndOffset="2766" SrcFileId="1" StartOffset="2695"/>
</LocList>
<CondStmnt CovItemId="S46" CovItemPrefix="Value.java" Intrnl_Id="193">
<Branch CovItemId="B35" CovItemPrefix="Value.java" Implct="false" Intrnl_Id="194">
<Cond/>
<LocList>
<Loc EndOffset="2766" SrcFileId="1" StartOffset="2737"/>
</LocList>
<StmntSeq Intrnl_Id="195">
<LocList>
<Loc EndOffset="2758" SrcFileId="1" StartOffset="2746"/>
</LocList>
<BasicStmnt CovItemId="S47" CovItemPrefix="Value.java" Intrnl_Id="196">
<LocList>
<Loc EndOffset="2758" SrcFileId="1" StartOffset="2746"/>
</LocList>
</BasicStmnt>
</StmntSeq>
</Branch>
<Branch CovItemId="B36" CovItemPrefix="Value.java" Implct="true" Intrnl_Id="197">
<Cond/>
<LocList/>
<StmntSeq Intrnl_Id="198">
<LocList/>
</StmntSeq>
</Branch>
<Keyword EndOffset="2697" SrcFileId="1" StartOffset="2695"/>
<LocList>
<Loc EndOffset="2766" SrcFileId="1" StartOffset="2695"/>
</LocList>
<RootTerm CovItemId="C18" CovItemPrefix="Value.java" Intrnl_Id="199">
<OpTerm BooleanOpId="3" Intrnl_Id="200">
<BasicBoolTerm Intrnl_Id="201">
<LocList>
<Loc EndOffset="2712" SrcFileId="1" StartOffset="2698"/>
</LocList>
</BasicBoolTerm>
<BasicBoolTerm Intrnl_Id="202">
<LocList>
<Loc EndOffset="2729" SrcFileId="1" StartOffset="2716"/>
</LocList>
</BasicBoolTerm>
<LocList>
<Loc EndOffset="2715" SrcFileId="1" StartOffset="2713"/>
</LocList>
</OpTerm>
</RootTerm>
</CondStmnt>
</StmntSeq>
</Branch>
<Keyword EndOffset="2612" SrcFileId="1" StartOffset="2610"/>
<LocList>
<Loc EndOffset="2766" SrcFileId="1" StartOffset="2610"/>
</LocList>
<RootTerm CovItemId="C17" CovItemPrefix="Value.java" Intrnl_Id="203">
<OpTerm BooleanOpId="3" Intrnl_Id="204">
<BasicBoolTerm Intrnl_Id="205">
<LocList>
<Loc EndOffset="2628" SrcFileId="1" StartOffset="2613"/>
</LocList>
</BasicBoolTerm>
<BasicBoolTerm Intrnl_Id="206">
<LocList>
<Loc EndOffset="2646" SrcFileId="1" StartOffset="2632"/>
</LocList>
</BasicBoolTerm>
<LocList>
<Loc EndOffset="2631" SrcFileId="1" StartOffset="2629"/>
</LocList>
</OpTerm>
</RootTerm>
</CondStmnt>
</StmntSeq>
</Branch>
<Keyword EndOffset="2476" SrcFileId="1" StartOffset="2474"/>
<LocList>
<Loc EndOffset="2766" SrcFileId="1" StartOffset="2474"/>
</LocList>
<RootTerm CovItemId="C16" CovItemPrefix="Value.java" Intrnl_Id="207">
<OpTerm BooleanOpId="4" Intrnl_Id="208">
<OpTerm BooleanOpId="3" Intrnl_Id="209">
<BasicBoolTerm Intrnl_Id="210">
<LocList>
<Loc EndOffset="2493" SrcFileId="1" StartOffset="2477"/>
</LocList>
</BasicBoolTerm>
<BasicBoolTerm Intrnl_Id="211">
<LocList>
<Loc EndOffset="2512" SrcFileId="1" StartOffset="2497"/>
</LocList>
</BasicBoolTerm>
<LocList>
<Loc EndOffset="2496" SrcFileId="1" StartOffset="2494"/>
</LocList>
</OpTerm>
<OpTerm BooleanOpId="3" Intrnl_Id="212">
<BasicBoolTerm Intrnl_Id="213">
<LocList>
<Loc EndOffset="2532" SrcFileId="1" StartOffset="2516"/>
</LocList>
</BasicBoolTerm>
<BasicBoolTerm Intrnl_Id="214">
<LocList>
<Loc EndOffset="2561" SrcFileId="1" StartOffset="2536"/>
</LocList>
</BasicBoolTerm>
<LocList>
<Loc EndOffset="2535" SrcFileId="1" StartOffset="2533"/>
</LocList>
</OpTerm>
<LocList>
<Loc EndOffset="2515" SrcFileId="1" StartOffset="2513"/>
</LocList>
</OpTerm>
</RootTerm>
</CondStmnt>
</StmntSeq>
</Branch>
<Keyword EndOffset="2395" SrcFileId="1" StartOffset="2393"/>
<LocList>
<Loc EndOffset="2766" SrcFileId="1" StartOffset="2393"/>
</LocList>
<RootTerm CovItemId="C15" CovItemPrefix="Value.java" Intrnl_Id="215">
<OpTerm BooleanOpId="3" Intrnl_Id="216">
<BasicBoolTerm Intrnl_Id="217">
<LocList>
<Loc EndOffset="2409" SrcFileId="1" StartOffset="2396"/>
</LocList>
</BasicBoolTerm>
<BasicBoolTerm Intrnl_Id="218">
<LocList>
<Loc EndOffset="2425" SrcFileId="1" StartOffset="2413"/>
</LocList>
</BasicBoolTerm>
<LocList>
<Loc EndOffset="2412" SrcFileId="1" StartOffset="2410"/>
</LocList>
</OpTerm>
</RootTerm>
</CondStmnt>
</StmntSeq>
</Branch>
<Keyword EndOffset="2304" SrcFileId="1" StartOffset="2302"/>
<LocList>
<Loc EndOffset="2766" SrcFileId="1" StartOffset="2302"/>
</LocList>
<RootTerm CovItemId="C14" CovItemPrefix="Value.java" Intrnl_Id="219">
<OpTerm BooleanOpId="3" Intrnl_Id="220">
<BasicBoolTerm Intrnl_Id="221">
<LocList>
<Loc EndOffset="2323" SrcFileId="1" StartOffset="2305"/>
</LocList>
</BasicBoolTerm>
<BasicBoolTerm Intrnl_Id="222">
<LocList>
<Loc EndOffset="2344" SrcFileId="1" StartOffset="2327"/>
</LocList>
</BasicBoolTerm>
<LocList>
<Loc EndOffset="2326" SrcFileId="1" StartOffset="2324"/>
</LocList>
</OpTerm>
</RootTerm>
</CondStmnt>
<BasicStmnt CovItemId="S48" CovItemPrefix="Value.java" Intrnl_Id="223">
<LocList>
<Loc EndOffset="2793" SrcFileId="1" StartOffset="2780"/>
</LocList>
</BasicStmnt>
</StmntSeq>
</HierarchyLvl>
<HierarchyLvl HierarchyLvlId="864" HierarchyLvlTypeId="6" Intrnl_Id="224" Name="GetType">
<Header>
<Loc EndOffset="2835" SrcFileId="1" StartOffset="2812"/>
</Header>
<LocList>
<Loc EndOffset="3607" SrcFileId="1" StartOffset="2812"/>
</LocList>
<StmntSeq Intrnl_Id="225">
<LocList>
<Loc EndOffset="3600" SrcFileId="1" StartOffset="2849"/>
</LocList>
<CondStmnt CovItemId="S49" CovItemPrefix="Value.java" Intrnl_Id="226">
<Branch CovItemId="B37" CovItemPrefix="Value.java" Implct="false" Intrnl_Id="227">
<Cond/>
<LocList>
<Loc EndOffset="2938" SrcFileId="1" StartOffset="2907"/>
</LocList>
<StmntSeq Intrnl_Id="228">
<LocList>
<Loc EndOffset="2930" SrcFileId="1" StartOffset="2916"/>
</LocList>
<BasicStmnt CovItemId="S50" CovItemPrefix="Value.java" Intrnl_Id="229">
<LocList>
<Loc EndOffset="2930" SrcFileId="1" StartOffset="2916"/>
</LocList>
</BasicStmnt>
</StmntSeq>
</Branch>
<Branch CovItemId="B38" CovItemPrefix="Value.java" Implct="false" Intrnl_Id="230">
<Cond>
<Loc EndOffset="2949" SrcFileId="1" StartOffset="2945"/>
</Cond>
<LocList>
<Loc EndOffset="3600" SrcFileId="1" StartOffset="2950"/>
</LocList>
<StmntSeq Intrnl_Id="231">
<LocList>
<Loc EndOffset="3600" SrcFileId="1" StartOffset="2950"/>
</LocList>
<CondStmnt CovItemId="S51" CovItemPrefix="Value.java" Intrnl_Id="232">
<Branch CovItemId="B39" CovItemPrefix="Value.java" Implct="false" Intrnl_Id="233">
<Cond/>
<LocList>
<Loc EndOffset="3054" SrcFileId="1" StartOffset="3018"/>
</LocList>
<StmntSeq Intrnl_Id="234">
<LocList>
<Loc EndOffset="3046" SrcFileId="1" StartOffset="3027"/>
</LocList>
<BasicStmnt CovItemId="S52" CovItemPrefix="Value.java" Intrnl_Id="235">
<LocList>
<Loc EndOffset="3046" SrcFileId="1" StartOffset="3027"/>
</LocList>
</BasicStmnt>
</StmntSeq>
</Branch>
<Branch CovItemId="B40" CovItemPrefix="Value.java" Implct="false" Intrnl_Id="236">
<Cond>
<Loc EndOffset="3065" SrcFileId="1" StartOffset="3061"/>
</Cond>
<LocList>
<Loc EndOffset="3600" SrcFileId="1" StartOffset="3066"/>
</LocList>
<StmntSeq Intrnl_Id="237">
<LocList>
<Loc EndOffset="3600" SrcFileId="1" StartOffset="3066"/>
</LocList>
<CondStmnt CovItemId="S53" CovItemPrefix="Value.java" Intrnl_Id="238">
<Branch CovItemId="B41" CovItemPrefix="Value.java" Implct="false" Intrnl_Id="239">
<Cond/>
<LocList>
<Loc EndOffset="3152" SrcFileId="1" StartOffset="3122"/>
</LocList>
<StmntSeq Intrnl_Id="240">
<LocList>
<Loc EndOffset="3144" SrcFileId="1" StartOffset="3131"/>
</LocList>
<BasicStmnt CovItemId="S54" CovItemPrefix="Value.java" Intrnl_Id="241">
<LocList>
<Loc EndOffset="3144" SrcFileId="1" StartOffset="3131"/>
</LocList>
</BasicStmnt>
</StmntSeq>
</Branch>
<Branch CovItemId="B42" CovItemPrefix="Value.java" Implct="false" Intrnl_Id="242">
<Cond>
<Loc EndOffset="3163" SrcFileId="1" StartOffset="3159"/>
</Cond>
<LocList>
<Loc EndOffset="3600" SrcFileId="1" StartOffset="3164"/>
</LocList>
<StmntSeq Intrnl_Id="243">
<LocList>
<Loc EndOffset="3600" SrcFileId="1" StartOffset="3164"/>
</LocList>
<CondStmnt CovItemId="S55" CovItemPrefix="Value.java" Intrnl_Id="244">
<Branch CovItemId="B43" CovItemPrefix="Value.java" Implct="false" Intrnl_Id="245">
<Cond/>
<LocList>
<Loc EndOffset="3259" SrcFileId="1" StartOffset="3226"/>
</LocList>
<StmntSeq Intrnl_Id="246">
<LocList>
<Loc EndOffset="3251" SrcFileId="1" StartOffset="3235"/>
</LocList>
<BasicStmnt CovItemId="S56" CovItemPrefix="Value.java" Intrnl_Id="247">
<LocList>
<Loc EndOffset="3251" SrcFileId="1" StartOffset="3235"/>
</LocList>
</BasicStmnt>
</StmntSeq>
</Branch>
<Branch CovItemId="B44" CovItemPrefix="Value.java" Implct="false" Intrnl_Id="248">
<Cond>
<Loc EndOffset="3270" SrcFileId="1" StartOffset="3266"/>
</Cond>
<LocList>
<Loc EndOffset="3600" SrcFileId="1" StartOffset="3271"/>
</LocList>
<StmntSeq Intrnl_Id="249">
<LocList>
<Loc EndOffset="3600" SrcFileId="1" StartOffset="3271"/>
</LocList>
<CondStmnt CovItemId="S57" CovItemPrefix="Value.java" Intrnl_Id="250">
<Branch CovItemId="B45" CovItemPrefix="Value.java" Implct="false" Intrnl_Id="251">
<Cond/>
<LocList>
<Loc EndOffset="3360" SrcFileId="1" StartOffset="3329"/>
</LocList>
<StmntSeq Intrnl_Id="252">
<LocList>
<Loc EndOffset="3352" SrcFileId="1" StartOffset="3338"/>
</LocList>
<BasicStmnt CovItemId="S58" CovItemPrefix="Value.java" Intrnl_Id="253">
<LocList>
<Loc EndOffset="3352" SrcFileId="1" StartOffset="3338"/>
</LocList>
</BasicStmnt>
</StmntSeq>
</Branch>
<Branch CovItemId="B46" CovItemPrefix="Value.java" Implct="false" Intrnl_Id="254">
<Cond>
<Loc EndOffset="3371" SrcFileId="1" StartOffset="3367"/>
</Cond>
<LocList>
<Loc EndOffset="3600" SrcFileId="1" StartOffset="3372"/>
</LocList>
<StmntSeq Intrnl_Id="255">
<LocList>
<Loc EndOffset="3600" SrcFileId="1" StartOffset="3372"/>
</LocList>
<CondStmnt CovItemId="S59" CovItemPrefix="Value.java" Intrnl_Id="256">
<Branch CovItemId="B47" CovItemPrefix="Value.java" Implct="false" Intrnl_Id="257">
<Cond/>
<LocList>
<Loc EndOffset="3467" SrcFileId="1" StartOffset="3434"/>
</LocList>
<StmntSeq Intrnl_Id="258">
<LocList>
<Loc EndOffset="3459" SrcFileId="1" StartOffset="3443"/>
</LocList>
<BasicStmnt CovItemId="S60" CovItemPrefix="Value.java" Intrnl_Id="259">
<LocList>
<Loc EndOffset="3459" SrcFileId="1" StartOffset="3443"/>
</LocList>
</BasicStmnt>
</StmntSeq>
</Branch>
<Branch CovItemId="B48" CovItemPrefix="Value.java" Implct="false" Intrnl_Id="260">
<Cond>
<Loc EndOffset="3478" SrcFileId="1" StartOffset="3474"/>
</Cond>
<LocList>
<Loc EndOffset="3600" SrcFileId="1" StartOffset="3479"/>
</LocList>
<StmntSeq Intrnl_Id="261">
<LocList>
<Loc EndOffset="3600" SrcFileId="1" StartOffset="3479"/>
</LocList>
<CondStmnt CovItemId="S61" CovItemPrefix="Value.java" Intrnl_Id="262">
<Branch CovItemId="B49" CovItemPrefix="Value.java" Implct="false" Intrnl_Id="263">
<Cond/>
<LocList>
<Loc EndOffset="3553" SrcFileId="1" StartOffset="3521"/>
</LocList>
<StmntSeq Intrnl_Id="264">
<LocList>
<Loc EndOffset="3545" SrcFileId="1" StartOffset="3530"/>
</LocList>
<BasicStmnt CovItemId="S62" CovItemPrefix="Value.java" Intrnl_Id="265">
<LocList>
<Loc EndOffset="3545" SrcFileId="1" StartOffset="3530"/>
</LocList>
</BasicStmnt>
</StmntSeq>
</Branch>
<Branch CovItemId="B50" CovItemPrefix="Value.java" Implct="false" Intrnl_Id="266">
<Cond>
<Loc EndOffset="3564" SrcFileId="1" StartOffset="3560"/>
</Cond>
<LocList>
<Loc EndOffset="3600" SrcFileId="1" StartOffset="3571"/>
</LocList>
<StmntSeq Intrnl_Id="267">
<LocList>
<Loc EndOffset="3592" SrcFileId="1" StartOffset="3580"/>
</LocList>
<BasicStmnt CovItemId="S63" CovItemPrefix="Value.java" Intrnl_Id="268">
<LocList>
<Loc EndOffset="3592" SrcFileId="1" StartOffset="3580"/>
</LocList>
</BasicStmnt>
</StmntSeq>
</Branch>
<Keyword EndOffset="3481" SrcFileId="1" StartOffset="3479"/>
<LocList>
<Loc EndOffset="3600" SrcFileId="1" StartOffset="3479"/>
</LocList>
<RootTerm CovItemId="C25" CovItemPrefix="Value.java" Intrnl_Id="269">
<BasicBoolTerm Intrnl_Id="270">
<LocList>
<Loc EndOffset="3513" SrcFileId="1" StartOffset="3482"/>
</LocList>
</BasicBoolTerm>
</RootTerm>
</CondStmnt>
</StmntSeq>
</Branch>
<Keyword EndOffset="3374" SrcFileId="1" StartOffset="3372"/>
<LocList>
<Loc EndOffset="3600" SrcFileId="1" StartOffset="3372"/>
</LocList>
<RootTerm CovItemId="C24" CovItemPrefix="Value.java" Intrnl_Id="271">
<OpTerm BooleanOpId="4" Intrnl_Id="272">
<BasicBoolTerm Intrnl_Id="273">
<LocList>
<Loc EndOffset="3390" SrcFileId="1" StartOffset="3375"/>
</LocList>
</BasicBoolTerm>
<BasicBoolTerm Intrnl_Id="274">
<LocList>
<Loc EndOffset="3426" SrcFileId="1" StartOffset="3394"/>
</LocList>
</BasicBoolTerm>
<LocList>
<Loc EndOffset="3393" SrcFileId="1" StartOffset="3391"/>
</LocList>
</OpTerm>
</RootTerm>
</CondStmnt>
</StmntSeq>
</Branch>
<Keyword EndOffset="3273" SrcFileId="1" StartOffset="3271"/>
<LocList>
<Loc EndOffset="3600" SrcFileId="1" StartOffset="3271"/>
</LocList>
<RootTerm CovItemId="C23" CovItemPrefix="Value.java" Intrnl_Id="275">
<OpTerm BooleanOpId="4" Intrnl_Id="276">
<BasicBoolTerm Intrnl_Id="277">
<LocList>
<Loc EndOffset="3287" SrcFileId="1" StartOffset="3274"/>
</LocList>
</BasicBoolTerm>
<BasicBoolTerm Intrnl_Id="278">
<LocList>
<Loc EndOffset="3321" SrcFileId="1" StartOffset="3291"/>
</LocList>
</BasicBoolTerm>
<LocList>
<Loc EndOffset="3290" SrcFileId="1" StartOffset="3288"/>
</LocList>
</OpTerm>
</RootTerm>
</CondStmnt>
</StmntSeq>
</Branch>
<Keyword EndOffset="3166" SrcFileId="1" StartOffset="3164"/>
<LocList>
<Loc EndOffset="3600" SrcFileId="1" StartOffset="3164"/>
</LocList>
<RootTerm CovItemId="C22" CovItemPrefix="Value.java" Intrnl_Id="279">
<OpTerm BooleanOpId="4" Intrnl_Id="280">
<BasicBoolTerm Intrnl_Id="281">
<LocList>
<Loc EndOffset="3182" SrcFileId="1" StartOffset="3167"/>
</LocList>
</BasicBoolTerm>
<BasicBoolTerm Intrnl_Id="282">
<LocList>
<Loc EndOffset="3218" SrcFileId="1" StartOffset="3186"/>
</LocList>
</BasicBoolTerm>
<LocList>
<Loc EndOffset="3185" SrcFileId="1" StartOffset="3183"/>
</LocList>
</OpTerm>
</RootTerm>
</CondStmnt>
</StmntSeq>
</Branch>
<Keyword EndOffset="3068" SrcFileId="1" StartOffset="3066"/>
<LocList>
<Loc EndOffset="3600" SrcFileId="1" StartOffset="3066"/>
</LocList>
<RootTerm CovItemId="C21" CovItemPrefix="Value.java" Intrnl_Id="283">
<OpTerm BooleanOpId="4" Intrnl_Id="284">
<BasicBoolTerm Intrnl_Id="285">
<LocList>
<Loc EndOffset="3081" SrcFileId="1" StartOffset="3069"/>
</LocList>
</BasicBoolTerm>
<BasicBoolTerm Intrnl_Id="286">
<LocList>
<Loc EndOffset="3114" SrcFileId="1" StartOffset="3085"/>
</LocList>
</BasicBoolTerm>
<LocList>
<Loc EndOffset="3084" SrcFileId="1" StartOffset="3082"/>
</LocList>
</OpTerm>
</RootTerm>
</CondStmnt>
</StmntSeq>
</Branch>
<Keyword EndOffset="2952" SrcFileId="1" StartOffset="2950"/>
<LocList>
<Loc EndOffset="3600" SrcFileId="1" StartOffset="2950"/>
</LocList>
<RootTerm CovItemId="C20" CovItemPrefix="Value.java" Intrnl_Id="287">
<OpTerm BooleanOpId="4" Intrnl_Id="288">
<BasicBoolTerm Intrnl_Id="289">
<LocList>
<Loc EndOffset="2988" SrcFileId="1" StartOffset="2953"/>
</LocList>
</BasicBoolTerm>
<BasicBoolTerm Intrnl_Id="290">
<LocList>
<Loc EndOffset="3010" SrcFileId="1" StartOffset="2992"/>
</LocList>
</BasicBoolTerm>
<LocList>
<Loc EndOffset="2991" SrcFileId="1" StartOffset="2989"/>
</LocList>
</OpTerm>
</RootTerm>
</CondStmnt>
</StmntSeq>
</Branch>
<Keyword EndOffset="2851" SrcFileId="1" StartOffset="2849"/>
<LocList>
<Loc EndOffset="3600" SrcFileId="1" StartOffset="2849"/>
</LocList>
<RootTerm CovItemId="C19" CovItemPrefix="Value.java" Intrnl_Id="291">
<OpTerm BooleanOpId="4" Intrnl_Id="292">
<BasicBoolTerm Intrnl_Id="293">
<LocList>
<Loc EndOffset="2865" SrcFileId="1" StartOffset="2852"/>
</LocList>
</BasicBoolTerm>
<BasicBoolTerm Intrnl_Id="294">
<LocList>
<Loc EndOffset="2899" SrcFileId="1" StartOffset="2869"/>
</LocList>
</BasicBoolTerm>
<LocList>
<Loc EndOffset="2868" SrcFileId="1" StartOffset="2866"/>
</LocList>
</OpTerm>
</RootTerm>
</CondStmnt>
</StmntSeq>
</HierarchyLvl>
<HierarchyLvl HierarchyLvlId="865" HierarchyLvlTypeId="6" Intrnl_Id="295" Name="equals">
<Header>
<Loc EndOffset="3661" SrcFileId="1" StartOffset="3615"/>
</Header>
<LocList>
<Loc EndOffset="3936" SrcFileId="1" StartOffset="3615"/>
</LocList>
<StmntSeq Intrnl_Id="296">
<LocList>
<Loc EndOffset="3728" SrcFileId="1" StartOffset="3675"/>
<Loc EndOffset="3846" SrcFileId="1" StartOffset="3740"/>
<Loc EndOffset="3880" SrcFileId="1" StartOffset="3858"/>
<Loc EndOffset="3929" SrcFileId="1" StartOffset="3892"/>
</LocList>
<CondStmnt CovItemId="S64" CovItemPrefix="Value.java" Intrnl_Id="297">
<Branch CovItemId="B51" CovItemPrefix="Value.java" Implct="false" Intrnl_Id="298">
<Cond/>
<LocList>
<Loc EndOffset="3728" SrcFileId="1" StartOffset="3690"/>
</LocList>
<StmntSeq Intrnl_Id="299">
<LocList>
<Loc EndOffset="3717" SrcFileId="1" StartOffset="3705"/>
</LocList>
<BasicStmnt CovItemId="S65" CovItemPrefix="Value.java" Intrnl_Id="300">
<LocList>
<Loc EndOffset="3717" SrcFileId="1" StartOffset="3705"/>
</LocList>
</BasicStmnt>
</StmntSeq>
</Branch>
<Branch CovItemId="B52" CovItemPrefix="Value.java" Implct="true" Intrnl_Id="301">
<Cond/>
<LocList/>
<StmntSeq Intrnl_Id="302">
<LocList/>
</StmntSeq>
</Branch>
<Keyword EndOffset="3677" SrcFileId="1" StartOffset="3675"/>
<LocList>
<Loc EndOffset="3728" SrcFileId="1" StartOffset="3675"/>
</LocList>
<RootTerm CovItemId="C26" CovItemPrefix="Value.java" Intrnl_Id="303">
<BasicBoolTerm Intrnl_Id="304">
<LocList>
<Loc EndOffset="3688" SrcFileId="1" StartOffset="3678"/>
</LocList>
</BasicBoolTerm>
</RootTerm>
</CondStmnt>
<CondStmnt CovItemId="S66" CovItemPrefix="Value.java" Intrnl_Id="305">
<Branch CovItemId="B53" CovItemPrefix="Value.java" Implct="false" Intrnl_Id="306">
<Cond/>
<LocList>
<Loc EndOffset="3846" SrcFileId="1" StartOffset="3807"/>
</LocList>
<StmntSeq Intrnl_Id="307">
<LocList>
<Loc EndOffset="3835" SrcFileId="1" StartOffset="3822"/>
</LocList>
<BasicStmnt CovItemId="S67" CovItemPrefix="Value.java" Intrnl_Id="308">
<LocList>
<Loc EndOffset="3835" SrcFileId="1" StartOffset="3822"/>
</LocList>
</BasicStmnt>
</StmntSeq>
</Branch>
<Branch CovItemId="B54" CovItemPrefix="Value.java" Implct="true" Intrnl_Id="309">
<Cond/>
<LocList/>
<StmntSeq Intrnl_Id="310">
<LocList/>
</StmntSeq>
</Branch>
<Keyword EndOffset="3742" SrcFileId="1" StartOffset="3740"/>
<LocList>
<Loc EndOffset="3846" SrcFileId="1" StartOffset="3740"/>
</LocList>
<RootTerm CovItemId="C27" CovItemPrefix="Value.java" Intrnl_Id="311">
<OpTerm BooleanOpId="4" Intrnl_Id="312">
<OpTerm BooleanOpId="4" Intrnl_Id="313">
<BasicBoolTerm Intrnl_Id="314">
<LocList>
<Loc EndOffset="3756" SrcFileId="1" StartOffset="3743"/>
</LocList>
</BasicBoolTerm>
<BasicBoolTerm Intrnl_Id="315">
<LocList>
<Loc EndOffset="3769" SrcFileId="1" StartOffset="3760"/>
</LocList>
</BasicBoolTerm>
<LocList>
<Loc EndOffset="3759" SrcFileId="1" StartOffset="3757"/>
</LocList>
</OpTerm>
<BasicBoolTerm Intrnl_Id="316">
<LocList>
<Loc EndOffset="3805" SrcFileId="1" StartOffset="3773"/>
</LocList>
</BasicBoolTerm>
<LocList>
<Loc EndOffset="3772" SrcFileId="1" StartOffset="3770"/>
</LocList>
</OpTerm>
</RootTerm>
</CondStmnt>
<BasicStmnt CovItemId="S68" CovItemPrefix="Value.java" Intrnl_Id="317">
<LocList>
<Loc EndOffset="3880" SrcFileId="1" StartOffset="3858"/>
</LocList>
</BasicStmnt>
<BasicStmnt CovItemId="S69" CovItemPrefix="Value.java" Intrnl_Id="318">
<LocList>
<Loc EndOffset="3929" SrcFileId="1" StartOffset="3892"/>
</LocList>
</BasicStmnt>
</StmntSeq>
</HierarchyLvl>
<HierarchyLvl HierarchyLvlId="866" HierarchyLvlTypeId="6" Intrnl_Id="319" Name="toString">
<Header>
<Loc EndOffset="3983" SrcFileId="1" StartOffset="3944"/>
</Header>
<LocList>
<Loc EndOffset="4031" SrcFileId="1" StartOffset="3944"/>
</LocList>
<StmntSeq Intrnl_Id="320">
<LocList>
<Loc EndOffset="4024" SrcFileId="1" StartOffset="3995"/>
</LocList>
<BasicStmnt CovItemId="S70" CovItemPrefix="Value.java" Intrnl_Id="321">
<LocList>
<Loc EndOffset="4024" SrcFileId="1" StartOffset="3995"/>
</LocList>
</BasicStmnt>
</StmntSeq>
</HierarchyLvl>
</HierarchyLvl>
</HierarchyLvl>
</MASTRoot>
</TestSessionContainer>
