<?xml version="1.0" encoding="UTF-8"?><TestSessionContainer xmlns="http://www.codecover.org/xml/testsession-container" Date="1367932663138" TestSessionContainerId="762a6e04-f892-42c6-8183-b3512c9756bb" version="1.0">
<SrcFileList>
<SrcFile Content="&#13;&#10;public class Value {&#13;&#10;&#9;public static Value VOID = new Value(new Object());&#13;&#10;&#13;&#10;    final Object value;&#13;&#10;&#13;&#10;    public Value(Object value) {&#13;&#10;        this.value = value;&#13;&#10;    }&#13;&#10;    &#13;&#10;    public Value()&#13;&#10;    {&#13;&#10;    &#9;this.value = &quot;&quot;;&#13;&#10;    }&#13;&#10;&#13;&#10;    public boolean isDouble() &#13;&#10;    {&#13;&#10;&#9;&#9;if(this.toString().matches(&quot;((-)?[0-9]+)\\.([0-9]){1,2}&quot;))&#13;&#10;&#9;&#9;{&#13;&#10;&#9;&#9;&#9;return true;&#13;&#10;&#9;&#9;}&#13;&#10;&#9;&#9;return false;&#13;&#10;    }&#13;&#10;    &#13;&#10;    public boolean isInt()&#13;&#10;    {&#13;&#10;&#9;&#9;if(this.toString().matches(&quot;(-)?[0-9]+&quot;))&#13;&#10;&#9;&#9;{&#13;&#10;&#9;&#9;&#9;return true;&#13;&#10;&#9;&#9;}&#13;&#10;&#9;&#9;return false;&#13;&#10;    }&#13;&#10;    &#13;&#10;    public boolean isDrink()&#13;&#10;    {&#13;&#10;&#9;&#9;if(this.toString().equals(&quot;drink&quot;))&#13;&#10;&#9;&#9;{&#13;&#10;&#9;&#9;&#9;return true;&#13;&#10;&#9;&#9;}&#13;&#10;&#9;&#9;return false;&#13;&#10;    }&#13;&#10;    &#13;&#10;    public boolean isNumeric()&#13;&#10;    {&#13;&#10;    &#9;if(this.isInt() || this.isDouble() || this.toString().equals(&quot;int&quot;) || this.toString().equals(&quot;double&quot;))&#13;&#10;    &#9;{&#13;&#10;    &#9;&#9;return true;&#13;&#10;    &#9;}&#13;&#10;    &#9;return false;&#13;&#10;    }&#13;&#10;    &#13;&#10;    public boolean isNumericExpression()&#13;&#10;    {    &#9;&#13;&#10;    &#9;if(this.toString().contains(&quot;(&quot;))&#13;&#10;    &#9;{&#13;&#10;    &#9;&#9;int i = 0;&#13;&#10;        &#9;int location = 0;&#13;&#10;        &#9;&#13;&#10;    &#9;&#9;if(!this.toString().contains(&quot;)&quot;))&#13;&#10;    &#9;&#9;{&#13;&#10;    &#9;&#9;&#9;return false;&#13;&#10;    &#9;&#9;}&#13;&#10;    &#9;&#9;&#13;&#10;    &#9;&#9;for(i=0; i&lt;=this.toString().length()-1; i++)&#13;&#10;    &#9;&#9;{&#13;&#10;    &#9;&#9;&#9;if(this.toString().charAt(i) == '(')&#13;&#10;    &#9;&#9;&#9;{&#13;&#10;    &#9;&#9;&#9;&#9;location = i;&#13;&#10;    &#9;&#9;&#9;}&#13;&#10;    &#9;&#9;}&#13;&#10;    &#9;}&#13;&#10;    &#9;if(this.toString().matches(&quot;(-)?[0-9]+(\\.[0-9]{1,2})?((\\+|\\-|\\*|\\/)[0-9]+(\\.[0-9]{1,2})?)*&quot;))&#13;&#10;    &#9;{&#13;&#10;    &#9;&#9;return true;&#13;&#10;    &#9;}&#13;&#10;    &#9;return false;&#13;&#10;    }&#13;&#10;    &#13;&#10;    public boolean isChar()&#13;&#10;    {&#13;&#10;&#9;&#9;if(this.toString().length() != 3 || &#13;&#10;&#9;&#9;   this.toString().charAt(0) != '\'' || &#13;&#10;&#9;&#9;   this.toString().charAt(this.toString().length()-1) != '\'')&#13;&#10;&#9;&#9;{&#13;&#10;&#9;&#9;&#9;return false;&#13;&#10;&#9;&#9;}&#13;&#10;&#9;&#9;return true;&#13;&#10;    }&#13;&#10;    &#13;&#10;    public boolean isString()&#13;&#10;    {&#13;&#10;    &#9;if(this.toString().length() &lt; 2)&#13;&#10;    &#9;{&#13;&#10;    &#9;&#9;return false;&#13;&#10;    &#9;}&#13;&#10;    &#9;else if(this.toString().charAt(0) != '&quot;'|| this.toString().charAt(this.toString().length()-1) != '&quot;')&#13;&#10;&#9;&#9;{&#13;&#10;&#9;&#9;&#9;return false;&#13;&#10;&#9;&#9;}&#13;&#10;&#9;&#9;return true;&#13;&#10;    }&#13;&#10;    &#13;&#10;    public boolean isBool()&#13;&#10;    {&#13;&#10;    &#9;if(this.toString().equals(&quot;true&quot;) || this.toString().equals(&quot;false&quot;))&#13;&#10;    &#9;{&#13;&#10;    &#9;&#9;return true;&#13;&#10;    &#9;}&#13;&#10;    &#9;return false;&#13;&#10;    }&#13;&#10;    &#13;&#10;    public boolean isContainer()&#13;&#10;    {&#13;&#10;    &#9;if(this.toString().matches(&quot;((1?[0-3])|([0-9]))|A[0-5]&quot;) || this.toString().equals(&quot;container&quot;))&#13;&#10;    &#9;{&#13;&#10;    &#9;&#9;return true;&#13;&#10;    &#9;}&#13;&#10;    &#9;return false;&#13;&#10;    }&#13;&#10;    &#13;&#10;    public boolean isSameType(Value val)&#13;&#10;    {&#13;&#10;    &#9;if(this.isBool() &amp;&amp; val.isBool())&#13;&#10;    &#9;{&#13;&#10;    &#9;&#9;return true;&#13;&#10;    &#9;}&#13;&#10;    &#9;if(this.isContainer() &amp;&amp; val.isContainer())&#13;&#10;    &#9;{&#13;&#10;    &#9;&#9;return true;&#13;&#10;    &#9;}&#13;&#10;    &#9;else if(this.isChar() &amp;&amp; val.isChar())&#13;&#10;    &#9;{&#13;&#10;    &#9;&#9;return true;&#13;&#10;    &#9;}&#13;&#10;    &#9;else if(this.isNumeric() &amp;&amp; val.isNumeric() || this.isNumeric() &amp;&amp; val.isNumericExpression())&#13;&#10;    &#9;{&#13;&#10;    &#9;&#9;return true;&#13;&#10;    &#9;}&#13;&#10;    &#9;else if(this.isString() &amp;&amp; val.isString())&#13;&#10;    &#9;{&#13;&#10;    &#9;&#9;return true;&#13;&#10;    &#9;}&#13;&#10;    &#9;else if(this.isDrink() &amp;&amp; val.isDrink())&#13;&#10;    &#9;{&#13;&#10;    &#9;&#9;return true;&#13;&#10;    &#9;}&#13;&#10;    &#9;&#13;&#10;    &#9;return false;&#13;&#10;    }&#13;&#10;    &#13;&#10;    public String GetType()&#13;&#10;    {&#13;&#10;    &#9;if(this.isBool() || this.toString().equals(&quot;bool&quot;))&#13;&#10;    &#9;{&#13;&#10;    &#9;&#9;return &quot;bool&quot;;&#13;&#10;    &#9;}&#13;&#10;    &#9;else if(this.toString().equals(&quot;container&quot;) || this.isContainer())&#13;&#10;    &#9;{&#13;&#10;    &#9;&#9;return &quot;container&quot;;&#13;&#10;    &#9;}&#13;&#10;    &#9;else if(this.isInt() || this.toString().equals(&quot;int&quot;))&#13;&#10;    &#9;{&#13;&#10;    &#9;&#9;return &quot;int&quot;;&#13;&#10;    &#9;}&#13;&#10;    &#9;else if(this.isDouble() || this.toString().equals(&quot;double&quot;))&#13;&#10;    &#9;{&#13;&#10;    &#9;&#9;return &quot;double&quot;;&#13;&#10;    &#9;}&#13;&#10;    &#9;else if(this.isChar() || this.toString().equals(&quot;char&quot;))&#13;&#10;    &#9;{&#13;&#10;    &#9;&#9;return &quot;char&quot;;&#13;&#10;    &#9;}&#13;&#10;    &#9;else if(this.isString() || this.toString().equals(&quot;string&quot;))&#13;&#10;    &#9;{&#13;&#10;    &#9;&#9;return &quot;string&quot;;&#13;&#10;    &#9;}&#13;&#10;    &#9;else if(this.toString().equals(&quot;drink&quot;))&#13;&#10;    &#9;{&#13;&#10;    &#9;&#9;return &quot;drink&quot;;&#13;&#10;    &#9;}&#13;&#10;    &#9;else&#13;&#10;    &#9;{&#13;&#10;    &#9;&#9;return null;&#13;&#10;    &#9;}&#13;&#10;    }&#13;&#10;&#13;&#10;    @Override&#13;&#10;    public boolean equals(Object o) {&#13;&#10;&#13;&#10;        if(value == o) {&#13;&#10;            return true;&#13;&#10;        }&#13;&#10;&#13;&#10;        if(value == null || o == null || o.getClass() != value.getClass()) {&#13;&#10;            return false;&#13;&#10;        }&#13;&#10;&#13;&#10;        Value that = (Value)o;&#13;&#10;&#13;&#10;        return this.value.equals(that.value);&#13;&#10;    }&#13;&#10;&#13;&#10;    @Override&#13;&#10;    public String toString() {&#13;&#10;        return String.valueOf(value);&#13;&#10;    }&#13;&#10;}&#13;&#10;" Filename="Value.java" Intrnl_Id="1"/>
</SrcFileList>
<CritList>
<CritListEntry Name="org.codecover.model.utils.criteria.LoopCoverage" PluginName="org.codecover"/>
<CritListEntry Name="org.codecover.model.utils.criteria.BranchCoverage" PluginName="org.codecover"/>
<CritListEntry Name="org.codecover.model.utils.criteria.ConditionCoverage" PluginName="org.codecover"/>
<CritListEntry Name="org.codecover.model.utils.criteria.StatementCoverage" PluginName="org.codecover"/>
</CritList>
<BoolOpList>
<BoolOp Arity="1" Intrnl_Id="2" Name="not (!)">
<BoolAssgnmntBoolMapList>
<MapEntry BoolAssgnmnt="0" Value="true"/>
<MapEntry BoolAssgnmnt="1" Value="false"/>
</BoolAssgnmntBoolMapList>
</BoolOp>
<BoolOp Arity="2" Intrnl_Id="3" Name="conditional and (&amp;&amp;)">
<BoolAssgnmntBoolMapList>
<MapEntry BoolAssgnmnt="10" Value="false"/>
<MapEntry BoolAssgnmnt="02" Value="false"/>
<MapEntry BoolAssgnmnt="11" Value="true"/>
</BoolAssgnmntBoolMapList>
</BoolOp>
<BoolOp Arity="2" Intrnl_Id="4" Name="conditional or (||)">
<BoolAssgnmntBoolMapList>
<MapEntry BoolAssgnmnt="01" Value="true"/>
<MapEntry BoolAssgnmnt="00" Value="false"/>
<MapEntry BoolAssgnmnt="12" Value="true"/>
</BoolAssgnmntBoolMapList>
</BoolOp>
</BoolOpList>
<HierarchyLvlTypeList>
<HierarchyLvlType EnglishName="class" IntrnlName="class" Intrnl_Id="5"/>
<HierarchyLvlType EnglishName="method" IntrnlName="method" Intrnl_Id="6"/>
<HierarchyLvlType EnglishName="default package" IntrnlName="default package" Intrnl_Id="7"/>
</HierarchyLvlTypeList>
<MASTRoot>
<HierarchyLvl HierarchyLvlId="885" HierarchyLvlTypeId="7" Intrnl_Id="8" Name="default package">
<Header/>
<LocList/>
<HierarchyLvl HierarchyLvlId="884" HierarchyLvlTypeId="5" Intrnl_Id="9" Name="Value">
<Header>
<Loc EndOffset="20" SrcFileId="1" StartOffset="2"/>
</Header>
<LocList>
<Loc EndOffset="4257" SrcFileId="1" StartOffset="2"/>
</LocList>
<StmntSeq Intrnl_Id="10">
<LocList>
<Loc EndOffset="76" SrcFileId="1" StartOffset="25"/>
</LocList>
<BasicStmnt CovItemId="S1" CovItemPrefix="Value.java" Intrnl_Id="11">
<LocList>
<Loc EndOffset="76" SrcFileId="1" StartOffset="25"/>
</LocList>
</BasicStmnt>
</StmntSeq>
<HierarchyLvl HierarchyLvlId="869" HierarchyLvlTypeId="6" Intrnl_Id="12" Name="Value">
<Header>
<Loc EndOffset="137" SrcFileId="1" StartOffset="111"/>
</Header>
<LocList>
<Loc EndOffset="175" SrcFileId="1" StartOffset="111"/>
</LocList>
<StmntSeq Intrnl_Id="13">
<LocList>
<Loc EndOffset="168" SrcFileId="1" StartOffset="149"/>
</LocList>
<BasicStmnt CovItemId="S2" CovItemPrefix="Value.java" Intrnl_Id="14">
<LocList>
<Loc EndOffset="168" SrcFileId="1" StartOffset="149"/>
</LocList>
</BasicStmnt>
</StmntSeq>
</HierarchyLvl>
<HierarchyLvl HierarchyLvlId="870" HierarchyLvlTypeId="6" Intrnl_Id="15" Name="Value">
<Header>
<Loc EndOffset="201" SrcFileId="1" StartOffset="187"/>
</Header>
<LocList>
<Loc EndOffset="238" SrcFileId="1" StartOffset="187"/>
</LocList>
<StmntSeq Intrnl_Id="16">
<LocList>
<Loc EndOffset="231" SrcFileId="1" StartOffset="215"/>
</LocList>
<BasicStmnt CovItemId="S3" CovItemPrefix="Value.java" Intrnl_Id="17">
<LocList>
<Loc EndOffset="231" SrcFileId="1" StartOffset="215"/>
</LocList>
</BasicStmnt>
</StmntSeq>
</HierarchyLvl>
<HierarchyLvl HierarchyLvlId="871" HierarchyLvlTypeId="6" Intrnl_Id="18" Name="isDouble">
<Header>
<Loc EndOffset="271" SrcFileId="1" StartOffset="246"/>
</Header>
<LocList>
<Loc EndOffset="392" SrcFileId="1" StartOffset="246"/>
</LocList>
<StmntSeq Intrnl_Id="19">
<LocList>
<Loc EndOffset="368" SrcFileId="1" StartOffset="283"/>
<Loc EndOffset="385" SrcFileId="1" StartOffset="372"/>
</LocList>
<CondStmnt CovItemId="S4" CovItemPrefix="Value.java" Intrnl_Id="20">
<Branch CovItemId="B1" CovItemPrefix="Value.java" Implct="false" Intrnl_Id="21">
<Cond/>
<LocList>
<Loc EndOffset="368" SrcFileId="1" StartOffset="345"/>
</LocList>
<StmntSeq Intrnl_Id="22">
<LocList>
<Loc EndOffset="363" SrcFileId="1" StartOffset="351"/>
</LocList>
<BasicStmnt CovItemId="S5" CovItemPrefix="Value.java" Intrnl_Id="23">
<LocList>
<Loc EndOffset="363" SrcFileId="1" StartOffset="351"/>
</LocList>
</BasicStmnt>
</StmntSeq>
</Branch>
<Branch CovItemId="B2" CovItemPrefix="Value.java" Implct="true" Intrnl_Id="24">
<Cond/>
<LocList/>
<StmntSeq Intrnl_Id="25">
<LocList/>
</StmntSeq>
</Branch>
<Keyword EndOffset="285" SrcFileId="1" StartOffset="283"/>
<LocList>
<Loc EndOffset="368" SrcFileId="1" StartOffset="283"/>
</LocList>
<RootTerm CovItemId="C1" CovItemPrefix="Value.java" Intrnl_Id="26">
<BasicBoolTerm Intrnl_Id="27">
<LocList>
<Loc EndOffset="340" SrcFileId="1" StartOffset="286"/>
</LocList>
</BasicBoolTerm>
</RootTerm>
</CondStmnt>
<BasicStmnt CovItemId="S6" CovItemPrefix="Value.java" Intrnl_Id="28">
<LocList>
<Loc EndOffset="385" SrcFileId="1" StartOffset="372"/>
</LocList>
</BasicStmnt>
</StmntSeq>
</HierarchyLvl>
<HierarchyLvl HierarchyLvlId="872" HierarchyLvlTypeId="6" Intrnl_Id="29" Name="isInt">
<Header>
<Loc EndOffset="426" SrcFileId="1" StartOffset="404"/>
</Header>
<LocList>
<Loc EndOffset="529" SrcFileId="1" StartOffset="404"/>
</LocList>
<StmntSeq Intrnl_Id="30">
<LocList>
<Loc EndOffset="505" SrcFileId="1" StartOffset="437"/>
<Loc EndOffset="522" SrcFileId="1" StartOffset="509"/>
</LocList>
<CondStmnt CovItemId="S7" CovItemPrefix="Value.java" Intrnl_Id="31">
<Branch CovItemId="B3" CovItemPrefix="Value.java" Implct="false" Intrnl_Id="32">
<Cond/>
<LocList>
<Loc EndOffset="505" SrcFileId="1" StartOffset="482"/>
</LocList>
<StmntSeq Intrnl_Id="33">
<LocList>
<Loc EndOffset="500" SrcFileId="1" StartOffset="488"/>
</LocList>
<BasicStmnt CovItemId="S8" CovItemPrefix="Value.java" Intrnl_Id="34">
<LocList>
<Loc EndOffset="500" SrcFileId="1" StartOffset="488"/>
</LocList>
</BasicStmnt>
</StmntSeq>
</Branch>
<Branch CovItemId="B4" CovItemPrefix="Value.java" Implct="true" Intrnl_Id="35">
<Cond/>
<LocList/>
<StmntSeq Intrnl_Id="36">
<LocList/>
</StmntSeq>
</Branch>
<Keyword EndOffset="439" SrcFileId="1" StartOffset="437"/>
<LocList>
<Loc EndOffset="505" SrcFileId="1" StartOffset="437"/>
</LocList>
<RootTerm CovItemId="C2" CovItemPrefix="Value.java" Intrnl_Id="37">
<BasicBoolTerm Intrnl_Id="38">
<LocList>
<Loc EndOffset="477" SrcFileId="1" StartOffset="440"/>
</LocList>
</BasicBoolTerm>
</RootTerm>
</CondStmnt>
<BasicStmnt CovItemId="S9" CovItemPrefix="Value.java" Intrnl_Id="39">
<LocList>
<Loc EndOffset="522" SrcFileId="1" StartOffset="509"/>
</LocList>
</BasicStmnt>
</StmntSeq>
</HierarchyLvl>
<HierarchyLvl HierarchyLvlId="873" HierarchyLvlTypeId="6" Intrnl_Id="40" Name="isDrink">
<Header>
<Loc EndOffset="565" SrcFileId="1" StartOffset="541"/>
</Header>
<LocList>
<Loc EndOffset="662" SrcFileId="1" StartOffset="541"/>
</LocList>
<StmntSeq Intrnl_Id="41">
<LocList>
<Loc EndOffset="638" SrcFileId="1" StartOffset="576"/>
<Loc EndOffset="655" SrcFileId="1" StartOffset="642"/>
</LocList>
<CondStmnt CovItemId="S10" CovItemPrefix="Value.java" Intrnl_Id="42">
<Branch CovItemId="B5" CovItemPrefix="Value.java" Implct="false" Intrnl_Id="43">
<Cond/>
<LocList>
<Loc EndOffset="638" SrcFileId="1" StartOffset="615"/>
</LocList>
<StmntSeq Intrnl_Id="44">
<LocList>
<Loc EndOffset="633" SrcFileId="1" StartOffset="621"/>
</LocList>
<BasicStmnt CovItemId="S11" CovItemPrefix="Value.java" Intrnl_Id="45">
<LocList>
<Loc EndOffset="633" SrcFileId="1" StartOffset="621"/>
</LocList>
</BasicStmnt>
</StmntSeq>
</Branch>
<Branch CovItemId="B6" CovItemPrefix="Value.java" Implct="true" Intrnl_Id="46">
<Cond/>
<LocList/>
<StmntSeq Intrnl_Id="47">
<LocList/>
</StmntSeq>
</Branch>
<Keyword EndOffset="578" SrcFileId="1" StartOffset="576"/>
<LocList>
<Loc EndOffset="638" SrcFileId="1" StartOffset="576"/>
</LocList>
<RootTerm CovItemId="C3" CovItemPrefix="Value.java" Intrnl_Id="48">
<BasicBoolTerm Intrnl_Id="49">
<LocList>
<Loc EndOffset="610" SrcFileId="1" StartOffset="579"/>
</LocList>
</BasicBoolTerm>
</RootTerm>
</CondStmnt>
<BasicStmnt CovItemId="S12" CovItemPrefix="Value.java" Intrnl_Id="50">
<LocList>
<Loc EndOffset="655" SrcFileId="1" StartOffset="642"/>
</LocList>
</BasicStmnt>
</StmntSeq>
</HierarchyLvl>
<HierarchyLvl HierarchyLvlId="874" HierarchyLvlTypeId="6" Intrnl_Id="51" Name="isNumeric">
<Header>
<Loc EndOffset="700" SrcFileId="1" StartOffset="674"/>
</Header>
<LocList>
<Loc EndOffset="881" SrcFileId="1" StartOffset="674"/>
</LocList>
<StmntSeq Intrnl_Id="52">
<LocList>
<Loc EndOffset="854" SrcFileId="1" StartOffset="714"/>
<Loc EndOffset="874" SrcFileId="1" StartOffset="861"/>
</LocList>
<CondStmnt CovItemId="S13" CovItemPrefix="Value.java" Intrnl_Id="53">
<Branch CovItemId="B7" CovItemPrefix="Value.java" Implct="false" Intrnl_Id="54">
<Cond/>
<LocList>
<Loc EndOffset="854" SrcFileId="1" StartOffset="825"/>
</LocList>
<StmntSeq Intrnl_Id="55">
<LocList>
<Loc EndOffset="846" SrcFileId="1" StartOffset="834"/>
</LocList>
<BasicStmnt CovItemId="S14" CovItemPrefix="Value.java" Intrnl_Id="56">
<LocList>
<Loc EndOffset="846" SrcFileId="1" StartOffset="834"/>
</LocList>
</BasicStmnt>
</StmntSeq>
</Branch>
<Branch CovItemId="B8" CovItemPrefix="Value.java" Implct="true" Intrnl_Id="57">
<Cond/>
<LocList/>
<StmntSeq Intrnl_Id="58">
<LocList/>
</StmntSeq>
</Branch>
<Keyword EndOffset="716" SrcFileId="1" StartOffset="714"/>
<LocList>
<Loc EndOffset="854" SrcFileId="1" StartOffset="714"/>
</LocList>
<RootTerm CovItemId="C4" CovItemPrefix="Value.java" Intrnl_Id="59">
<OpTerm BooleanOpId="4" Intrnl_Id="60">
<OpTerm BooleanOpId="4" Intrnl_Id="61">
<OpTerm BooleanOpId="4" Intrnl_Id="62">
<BasicBoolTerm Intrnl_Id="63">
<LocList>
<Loc EndOffset="729" SrcFileId="1" StartOffset="717"/>
</LocList>
</BasicBoolTerm>
<BasicBoolTerm Intrnl_Id="64">
<LocList>
<Loc EndOffset="748" SrcFileId="1" StartOffset="733"/>
</LocList>
</BasicBoolTerm>
<LocList>
<Loc EndOffset="732" SrcFileId="1" StartOffset="730"/>
</LocList>
</OpTerm>
<BasicBoolTerm Intrnl_Id="65">
<LocList>
<Loc EndOffset="781" SrcFileId="1" StartOffset="752"/>
</LocList>
</BasicBoolTerm>
<LocList>
<Loc EndOffset="751" SrcFileId="1" StartOffset="749"/>
</LocList>
</OpTerm>
<BasicBoolTerm Intrnl_Id="66">
<LocList>
<Loc EndOffset="817" SrcFileId="1" StartOffset="785"/>
</LocList>
</BasicBoolTerm>
<LocList>
<Loc EndOffset="784" SrcFileId="1" StartOffset="782"/>
</LocList>
</OpTerm>
</RootTerm>
</CondStmnt>
<BasicStmnt CovItemId="S15" CovItemPrefix="Value.java" Intrnl_Id="67">
<LocList>
<Loc EndOffset="874" SrcFileId="1" StartOffset="861"/>
</LocList>
</BasicStmnt>
</StmntSeq>
</HierarchyLvl>
<HierarchyLvl HierarchyLvlId="875" HierarchyLvlTypeId="6" Intrnl_Id="68" Name="isNumericExpression">
<Header>
<Loc EndOffset="929" SrcFileId="1" StartOffset="893"/>
</Header>
<LocList>
<Loc EndOffset="1471" SrcFileId="1" StartOffset="893"/>
</LocList>
<StmntSeq Intrnl_Id="69">
<LocList>
<Loc EndOffset="1302" SrcFileId="1" StartOffset="948"/>
<Loc EndOffset="1444" SrcFileId="1" StartOffset="1309"/>
<Loc EndOffset="1464" SrcFileId="1" StartOffset="1451"/>
</LocList>
<CondStmnt CovItemId="S16" CovItemPrefix="Value.java" Intrnl_Id="70">
<Branch CovItemId="B9" CovItemPrefix="Value.java" Implct="false" Intrnl_Id="71">
<Cond/>
<LocList>
<Loc EndOffset="1302" SrcFileId="1" StartOffset="988"/>
</LocList>
<StmntSeq Intrnl_Id="72">
<LocList>
<Loc EndOffset="1007" SrcFileId="1" StartOffset="997"/>
<Loc EndOffset="1035" SrcFileId="1" StartOffset="1018"/>
<Loc EndOffset="1128" SrcFileId="1" StartOffset="1054"/>
<Loc EndOffset="1294" SrcFileId="1" StartOffset="1144"/>
</LocList>
<BasicStmnt CovItemId="S17" CovItemPrefix="Value.java" Intrnl_Id="73">
<LocList>
<Loc EndOffset="1007" SrcFileId="1" StartOffset="997"/>
</LocList>
</BasicStmnt>
<BasicStmnt CovItemId="S18" CovItemPrefix="Value.java" Intrnl_Id="74">
<LocList>
<Loc EndOffset="1035" SrcFileId="1" StartOffset="1018"/>
</LocList>
</BasicStmnt>
<CondStmnt CovItemId="S19" CovItemPrefix="Value.java" Intrnl_Id="75">
<Branch CovItemId="B11" CovItemPrefix="Value.java" Implct="false" Intrnl_Id="76">
<Cond/>
<LocList>
<Loc EndOffset="1128" SrcFileId="1" StartOffset="1096"/>
</LocList>
<StmntSeq Intrnl_Id="77">
<LocList>
<Loc EndOffset="1119" SrcFileId="1" StartOffset="1106"/>
</LocList>
<BasicStmnt CovItemId="S20" CovItemPrefix="Value.java" Intrnl_Id="78">
<LocList>
<Loc EndOffset="1119" SrcFileId="1" StartOffset="1106"/>
</LocList>
</BasicStmnt>
</StmntSeq>
</Branch>
<Branch CovItemId="B12" CovItemPrefix="Value.java" Implct="true" Intrnl_Id="79">
<Cond/>
<LocList/>
<StmntSeq Intrnl_Id="80">
<LocList/>
</StmntSeq>
</Branch>
<Keyword EndOffset="1056" SrcFileId="1" StartOffset="1054"/>
<LocList>
<Loc EndOffset="1128" SrcFileId="1" StartOffset="1054"/>
</LocList>
<RootTerm CovItemId="C6" CovItemPrefix="Value.java" Intrnl_Id="81">
<OpTerm BooleanOpId="2" Intrnl_Id="82">
<BasicBoolTerm Intrnl_Id="83">
<LocList>
<Loc EndOffset="1087" SrcFileId="1" StartOffset="1058"/>
</LocList>
</BasicBoolTerm>
<LocList>
<Loc EndOffset="1058" SrcFileId="1" StartOffset="1057"/>
</LocList>
</OpTerm>
</RootTerm>
</CondStmnt>
<LoopStmnt CovItemId="S21" CovItemPrefix="Value.java" Intrnl_Id="84" MltplExecId="L1-2" MltplExecPrefix="Value.java" NvrExecId="L1-0" NvrExecPrefix="Value.java" OnceExecutedId="L1-1" OnceExecutedPrefix="Value.java" OptBodyExec="true">
<StmntSeq Intrnl_Id="85">
<LocList>
<Loc EndOffset="1285" SrcFileId="1" StartOffset="1206"/>
</LocList>
<CondStmnt CovItemId="S22" CovItemPrefix="Value.java" Intrnl_Id="86">
<Branch CovItemId="B13" CovItemPrefix="Value.java" Implct="false" Intrnl_Id="87">
<Cond/>
<LocList>
<Loc EndOffset="1285" SrcFileId="1" StartOffset="1251"/>
</LocList>
<StmntSeq Intrnl_Id="88">
<LocList>
<Loc EndOffset="1275" SrcFileId="1" StartOffset="1262"/>
</LocList>
<BasicStmnt CovItemId="S23" CovItemPrefix="Value.java" Intrnl_Id="89">
<LocList>
<Loc EndOffset="1275" SrcFileId="1" StartOffset="1262"/>
</LocList>
</BasicStmnt>
</StmntSeq>
</Branch>
<Branch CovItemId="B14" CovItemPrefix="Value.java" Implct="true" Intrnl_Id="90">
<Cond/>
<LocList/>
<StmntSeq Intrnl_Id="91">
<LocList/>
</StmntSeq>
</Branch>
<Keyword EndOffset="1208" SrcFileId="1" StartOffset="1206"/>
<LocList>
<Loc EndOffset="1285" SrcFileId="1" StartOffset="1206"/>
</LocList>
<RootTerm CovItemId="C8" CovItemPrefix="Value.java" Intrnl_Id="92">
<BasicBoolTerm Intrnl_Id="93">
<LocList>
<Loc EndOffset="1241" SrcFileId="1" StartOffset="1209"/>
</LocList>
</BasicBoolTerm>
</RootTerm>
</CondStmnt>
</StmntSeq>
<Keyword EndOffset="1147" SrcFileId="1" StartOffset="1144"/>
<LocList>
<Loc EndOffset="1294" SrcFileId="1" StartOffset="1144"/>
</LocList>
<RootTerm CovItemId="C7" CovItemPrefix="Value.java" Intrnl_Id="94">
<BasicBoolTerm Intrnl_Id="95">
<LocList>
<Loc EndOffset="1182" SrcFileId="1" StartOffset="1153"/>
</LocList>
</BasicBoolTerm>
</RootTerm>
</LoopStmnt>
</StmntSeq>
</Branch>
<Branch CovItemId="B10" CovItemPrefix="Value.java" Implct="true" Intrnl_Id="96">
<Cond/>
<LocList/>
<StmntSeq Intrnl_Id="97">
<LocList/>
</StmntSeq>
</Branch>
<Keyword EndOffset="950" SrcFileId="1" StartOffset="948"/>
<LocList>
<Loc EndOffset="1302" SrcFileId="1" StartOffset="948"/>
</LocList>
<RootTerm CovItemId="C5" CovItemPrefix="Value.java" Intrnl_Id="98">
<BasicBoolTerm Intrnl_Id="99">
<LocList>
<Loc EndOffset="980" SrcFileId="1" StartOffset="951"/>
</LocList>
</BasicBoolTerm>
</RootTerm>
</CondStmnt>
<CondStmnt CovItemId="S24" CovItemPrefix="Value.java" Intrnl_Id="100">
<Branch CovItemId="B15" CovItemPrefix="Value.java" Implct="false" Intrnl_Id="101">
<Cond/>
<LocList>
<Loc EndOffset="1444" SrcFileId="1" StartOffset="1415"/>
</LocList>
<StmntSeq Intrnl_Id="102">
<LocList>
<Loc EndOffset="1436" SrcFileId="1" StartOffset="1424"/>
</LocList>
<BasicStmnt CovItemId="S25" CovItemPrefix="Value.java" Intrnl_Id="103">
<LocList>
<Loc EndOffset="1436" SrcFileId="1" StartOffset="1424"/>
</LocList>
</BasicStmnt>
</StmntSeq>
</Branch>
<Branch CovItemId="B16" CovItemPrefix="Value.java" Implct="true" Intrnl_Id="104">
<Cond/>
<LocList/>
<StmntSeq Intrnl_Id="105">
<LocList/>
</StmntSeq>
</Branch>
<Keyword EndOffset="1311" SrcFileId="1" StartOffset="1309"/>
<LocList>
<Loc EndOffset="1444" SrcFileId="1" StartOffset="1309"/>
</LocList>
<RootTerm CovItemId="C9" CovItemPrefix="Value.java" Intrnl_Id="106">
<BasicBoolTerm Intrnl_Id="107">
<LocList>
<Loc EndOffset="1407" SrcFileId="1" StartOffset="1312"/>
</LocList>
</BasicBoolTerm>
</RootTerm>
</CondStmnt>
<BasicStmnt CovItemId="S26" CovItemPrefix="Value.java" Intrnl_Id="108">
<LocList>
<Loc EndOffset="1464" SrcFileId="1" StartOffset="1451"/>
</LocList>
</BasicStmnt>
</StmntSeq>
</HierarchyLvl>
<HierarchyLvl HierarchyLvlId="876" HierarchyLvlTypeId="6" Intrnl_Id="109" Name="isChar">
<Header>
<Loc EndOffset="1506" SrcFileId="1" StartOffset="1483"/>
</Header>
<LocList>
<Loc EndOffset="1714" SrcFileId="1" StartOffset="1483"/>
</LocList>
<StmntSeq Intrnl_Id="110">
<LocList>
<Loc EndOffset="1691" SrcFileId="1" StartOffset="1517"/>
<Loc EndOffset="1707" SrcFileId="1" StartOffset="1695"/>
</LocList>
<CondStmnt CovItemId="S27" CovItemPrefix="Value.java" Intrnl_Id="111">
<Branch CovItemId="B17" CovItemPrefix="Value.java" Implct="false" Intrnl_Id="112">
<Cond/>
<LocList>
<Loc EndOffset="1691" SrcFileId="1" StartOffset="1667"/>
</LocList>
<StmntSeq Intrnl_Id="113">
<LocList>
<Loc EndOffset="1686" SrcFileId="1" StartOffset="1673"/>
</LocList>
<BasicStmnt CovItemId="S28" CovItemPrefix="Value.java" Intrnl_Id="114">
<LocList>
<Loc EndOffset="1686" SrcFileId="1" StartOffset="1673"/>
</LocList>
</BasicStmnt>
</StmntSeq>
</Branch>
<Branch CovItemId="B18" CovItemPrefix="Value.java" Implct="true" Intrnl_Id="115">
<Cond/>
<LocList/>
<StmntSeq Intrnl_Id="116">
<LocList/>
</StmntSeq>
</Branch>
<Keyword EndOffset="1519" SrcFileId="1" StartOffset="1517"/>
<LocList>
<Loc EndOffset="1691" SrcFileId="1" StartOffset="1517"/>
</LocList>
<RootTerm CovItemId="C10" CovItemPrefix="Value.java" Intrnl_Id="117">
<OpTerm BooleanOpId="4" Intrnl_Id="118">
<OpTerm BooleanOpId="4" Intrnl_Id="119">
<BasicBoolTerm Intrnl_Id="120">
<LocList>
<Loc EndOffset="1549" SrcFileId="1" StartOffset="1520"/>
</LocList>
</BasicBoolTerm>
<BasicBoolTerm Intrnl_Id="121">
<LocList>
<Loc EndOffset="1593" SrcFileId="1" StartOffset="1560"/>
</LocList>
</BasicBoolTerm>
<LocList>
<Loc EndOffset="1552" SrcFileId="1" StartOffset="1550"/>
</LocList>
</OpTerm>
<BasicBoolTerm Intrnl_Id="122">
<LocList>
<Loc EndOffset="1662" SrcFileId="1" StartOffset="1604"/>
</LocList>
</BasicBoolTerm>
<LocList>
<Loc EndOffset="1596" SrcFileId="1" StartOffset="1594"/>
</LocList>
</OpTerm>
</RootTerm>
</CondStmnt>
<BasicStmnt CovItemId="S29" CovItemPrefix="Value.java" Intrnl_Id="123">
<LocList>
<Loc EndOffset="1707" SrcFileId="1" StartOffset="1695"/>
</LocList>
</BasicStmnt>
</StmntSeq>
</HierarchyLvl>
<HierarchyLvl HierarchyLvlId="877" HierarchyLvlTypeId="6" Intrnl_Id="124" Name="isString">
<Header>
<Loc EndOffset="1751" SrcFileId="1" StartOffset="1726"/>
</Header>
<LocList>
<Loc EndOffset="1993" SrcFileId="1" StartOffset="1726"/>
</LocList>
<StmntSeq Intrnl_Id="125">
<LocList>
<Loc EndOffset="1970" SrcFileId="1" StartOffset="1765"/>
<Loc EndOffset="1986" SrcFileId="1" StartOffset="1974"/>
</LocList>
<CondStmnt CovItemId="S30" CovItemPrefix="Value.java" Intrnl_Id="126">
<Branch CovItemId="B19" CovItemPrefix="Value.java" Implct="false" Intrnl_Id="127">
<Cond/>
<LocList>
<Loc EndOffset="1834" SrcFileId="1" StartOffset="1804"/>
</LocList>
<StmntSeq Intrnl_Id="128">
<LocList>
<Loc EndOffset="1826" SrcFileId="1" StartOffset="1813"/>
</LocList>
<BasicStmnt CovItemId="S31" CovItemPrefix="Value.java" Intrnl_Id="129">
<LocList>
<Loc EndOffset="1826" SrcFileId="1" StartOffset="1813"/>
</LocList>
</BasicStmnt>
</StmntSeq>
</Branch>
<Branch CovItemId="B20" CovItemPrefix="Value.java" Implct="false" Intrnl_Id="130">
<Cond>
<Loc EndOffset="1845" SrcFileId="1" StartOffset="1841"/>
</Cond>
<LocList>
<Loc EndOffset="1970" SrcFileId="1" StartOffset="1846"/>
</LocList>
<StmntSeq Intrnl_Id="131">
<LocList>
<Loc EndOffset="1970" SrcFileId="1" StartOffset="1846"/>
</LocList>
<CondStmnt CovItemId="S32" CovItemPrefix="Value.java" Intrnl_Id="132">
<Branch CovItemId="B21" CovItemPrefix="Value.java" Implct="false" Intrnl_Id="133">
<Cond/>
<LocList>
<Loc EndOffset="1970" SrcFileId="1" StartOffset="1946"/>
</LocList>
<StmntSeq Intrnl_Id="134">
<LocList>
<Loc EndOffset="1965" SrcFileId="1" StartOffset="1952"/>
</LocList>
<BasicStmnt CovItemId="S33" CovItemPrefix="Value.java" Intrnl_Id="135">
<LocList>
<Loc EndOffset="1965" SrcFileId="1" StartOffset="1952"/>
</LocList>
</BasicStmnt>
</StmntSeq>
</Branch>
<Branch CovItemId="B22" CovItemPrefix="Value.java" Implct="true" Intrnl_Id="136">
<Cond/>
<LocList/>
<StmntSeq Intrnl_Id="137">
<LocList/>
</StmntSeq>
</Branch>
<Keyword EndOffset="1848" SrcFileId="1" StartOffset="1846"/>
<LocList>
<Loc EndOffset="1970" SrcFileId="1" StartOffset="1846"/>
</LocList>
<RootTerm CovItemId="C12" CovItemPrefix="Value.java" Intrnl_Id="138">
<OpTerm BooleanOpId="4" Intrnl_Id="139">
<BasicBoolTerm Intrnl_Id="140">
<LocList>
<Loc EndOffset="1881" SrcFileId="1" StartOffset="1849"/>
</LocList>
</BasicBoolTerm>
<BasicBoolTerm Intrnl_Id="141">
<LocList>
<Loc EndOffset="1941" SrcFileId="1" StartOffset="1884"/>
</LocList>
</BasicBoolTerm>
<LocList>
<Loc EndOffset="1883" SrcFileId="1" StartOffset="1881"/>
</LocList>
</OpTerm>
</RootTerm>
</CondStmnt>
</StmntSeq>
</Branch>
<Keyword EndOffset="1767" SrcFileId="1" StartOffset="1765"/>
<LocList>
<Loc EndOffset="1970" SrcFileId="1" StartOffset="1765"/>
</LocList>
<RootTerm CovItemId="C11" CovItemPrefix="Value.java" Intrnl_Id="142">
<BasicBoolTerm Intrnl_Id="143">
<LocList>
<Loc EndOffset="1796" SrcFileId="1" StartOffset="1768"/>
</LocList>
</BasicBoolTerm>
</RootTerm>
</CondStmnt>
<BasicStmnt CovItemId="S34" CovItemPrefix="Value.java" Intrnl_Id="144">
<LocList>
<Loc EndOffset="1986" SrcFileId="1" StartOffset="1974"/>
</LocList>
</BasicStmnt>
</StmntSeq>
</HierarchyLvl>
<HierarchyLvl HierarchyLvlId="878" HierarchyLvlTypeId="6" Intrnl_Id="145" Name="isBool">
<Header>
<Loc EndOffset="2028" SrcFileId="1" StartOffset="2005"/>
</Header>
<LocList>
<Loc EndOffset="2174" SrcFileId="1" StartOffset="2005"/>
</LocList>
<StmntSeq Intrnl_Id="146">
<LocList>
<Loc EndOffset="2147" SrcFileId="1" StartOffset="2042"/>
<Loc EndOffset="2167" SrcFileId="1" StartOffset="2154"/>
</LocList>
<CondStmnt CovItemId="S35" CovItemPrefix="Value.java" Intrnl_Id="147">
<Branch CovItemId="B23" CovItemPrefix="Value.java" Implct="false" Intrnl_Id="148">
<Cond/>
<LocList>
<Loc EndOffset="2147" SrcFileId="1" StartOffset="2118"/>
</LocList>
<StmntSeq Intrnl_Id="149">
<LocList>
<Loc EndOffset="2139" SrcFileId="1" StartOffset="2127"/>
</LocList>
<BasicStmnt CovItemId="S36" CovItemPrefix="Value.java" Intrnl_Id="150">
<LocList>
<Loc EndOffset="2139" SrcFileId="1" StartOffset="2127"/>
</LocList>
</BasicStmnt>
</StmntSeq>
</Branch>
<Branch CovItemId="B24" CovItemPrefix="Value.java" Implct="true" Intrnl_Id="151">
<Cond/>
<LocList/>
<StmntSeq Intrnl_Id="152">
<LocList/>
</StmntSeq>
</Branch>
<Keyword EndOffset="2044" SrcFileId="1" StartOffset="2042"/>
<LocList>
<Loc EndOffset="2147" SrcFileId="1" StartOffset="2042"/>
</LocList>
<RootTerm CovItemId="C13" CovItemPrefix="Value.java" Intrnl_Id="153">
<OpTerm BooleanOpId="4" Intrnl_Id="154">
<BasicBoolTerm Intrnl_Id="155">
<LocList>
<Loc EndOffset="2075" SrcFileId="1" StartOffset="2045"/>
</LocList>
</BasicBoolTerm>
<BasicBoolTerm Intrnl_Id="156">
<LocList>
<Loc EndOffset="2110" SrcFileId="1" StartOffset="2079"/>
</LocList>
</BasicBoolTerm>
<LocList>
<Loc EndOffset="2078" SrcFileId="1" StartOffset="2076"/>
</LocList>
</OpTerm>
</RootTerm>
</CondStmnt>
<BasicStmnt CovItemId="S37" CovItemPrefix="Value.java" Intrnl_Id="157">
<LocList>
<Loc EndOffset="2167" SrcFileId="1" StartOffset="2154"/>
</LocList>
</BasicStmnt>
</StmntSeq>
</HierarchyLvl>
<HierarchyLvl HierarchyLvlId="879" HierarchyLvlTypeId="6" Intrnl_Id="158" Name="isContainer">
<Header>
<Loc EndOffset="2214" SrcFileId="1" StartOffset="2186"/>
</Header>
<LocList>
<Loc EndOffset="2387" SrcFileId="1" StartOffset="2186"/>
</LocList>
<StmntSeq Intrnl_Id="159">
<LocList>
<Loc EndOffset="2360" SrcFileId="1" StartOffset="2228"/>
<Loc EndOffset="2380" SrcFileId="1" StartOffset="2367"/>
</LocList>
<CondStmnt CovItemId="S38" CovItemPrefix="Value.java" Intrnl_Id="160">
<Branch CovItemId="B25" CovItemPrefix="Value.java" Implct="false" Intrnl_Id="161">
<Cond/>
<LocList>
<Loc EndOffset="2360" SrcFileId="1" StartOffset="2331"/>
</LocList>
<StmntSeq Intrnl_Id="162">
<LocList>
<Loc EndOffset="2352" SrcFileId="1" StartOffset="2340"/>
</LocList>
<BasicStmnt CovItemId="S39" CovItemPrefix="Value.java" Intrnl_Id="163">
<LocList>
<Loc EndOffset="2352" SrcFileId="1" StartOffset="2340"/>
</LocList>
</BasicStmnt>
</StmntSeq>
</Branch>
<Branch CovItemId="B26" CovItemPrefix="Value.java" Implct="true" Intrnl_Id="164">
<Cond/>
<LocList/>
<StmntSeq Intrnl_Id="165">
<LocList/>
</StmntSeq>
</Branch>
<Keyword EndOffset="2230" SrcFileId="1" StartOffset="2228"/>
<LocList>
<Loc EndOffset="2360" SrcFileId="1" StartOffset="2228"/>
</LocList>
<RootTerm CovItemId="C14" CovItemPrefix="Value.java" Intrnl_Id="166">
<OpTerm BooleanOpId="4" Intrnl_Id="167">
<BasicBoolTerm Intrnl_Id="168">
<LocList>
<Loc EndOffset="2284" SrcFileId="1" StartOffset="2231"/>
</LocList>
</BasicBoolTerm>
<BasicBoolTerm Intrnl_Id="169">
<LocList>
<Loc EndOffset="2323" SrcFileId="1" StartOffset="2288"/>
</LocList>
</BasicBoolTerm>
<LocList>
<Loc EndOffset="2287" SrcFileId="1" StartOffset="2285"/>
</LocList>
</OpTerm>
</RootTerm>
</CondStmnt>
<BasicStmnt CovItemId="S40" CovItemPrefix="Value.java" Intrnl_Id="170">
<LocList>
<Loc EndOffset="2380" SrcFileId="1" StartOffset="2367"/>
</LocList>
</BasicStmnt>
</StmntSeq>
</HierarchyLvl>
<HierarchyLvl HierarchyLvlId="880" HierarchyLvlTypeId="6" Intrnl_Id="171" Name="isSameType">
<Header>
<Loc EndOffset="2435" SrcFileId="1" StartOffset="2399"/>
</Header>
<LocList>
<Loc EndOffset="3023" SrcFileId="1" StartOffset="2399"/>
</LocList>
<StmntSeq Intrnl_Id="172">
<LocList>
<Loc EndOffset="2518" SrcFileId="1" StartOffset="2449"/>
<Loc EndOffset="2989" SrcFileId="1" StartOffset="2525"/>
<Loc EndOffset="3016" SrcFileId="1" StartOffset="3003"/>
</LocList>
<CondStmnt CovItemId="S41" CovItemPrefix="Value.java" Intrnl_Id="173">
<Branch CovItemId="B27" CovItemPrefix="Value.java" Implct="false" Intrnl_Id="174">
<Cond/>
<LocList>
<Loc EndOffset="2518" SrcFileId="1" StartOffset="2489"/>
</LocList>
<StmntSeq Intrnl_Id="175">
<LocList>
<Loc EndOffset="2510" SrcFileId="1" StartOffset="2498"/>
</LocList>
<BasicStmnt CovItemId="S42" CovItemPrefix="Value.java" Intrnl_Id="176">
<LocList>
<Loc EndOffset="2510" SrcFileId="1" StartOffset="2498"/>
</LocList>
</BasicStmnt>
</StmntSeq>
</Branch>
<Branch CovItemId="B28" CovItemPrefix="Value.java" Implct="true" Intrnl_Id="177">
<Cond/>
<LocList/>
<StmntSeq Intrnl_Id="178">
<LocList/>
</StmntSeq>
</Branch>
<Keyword EndOffset="2451" SrcFileId="1" StartOffset="2449"/>
<LocList>
<Loc EndOffset="2518" SrcFileId="1" StartOffset="2449"/>
</LocList>
<RootTerm CovItemId="C15" CovItemPrefix="Value.java" Intrnl_Id="179">
<OpTerm BooleanOpId="3" Intrnl_Id="180">
<BasicBoolTerm Intrnl_Id="181">
<LocList>
<Loc EndOffset="2465" SrcFileId="1" StartOffset="2452"/>
</LocList>
</BasicBoolTerm>
<BasicBoolTerm Intrnl_Id="182">
<LocList>
<Loc EndOffset="2481" SrcFileId="1" StartOffset="2469"/>
</LocList>
</BasicBoolTerm>
<LocList>
<Loc EndOffset="2468" SrcFileId="1" StartOffset="2466"/>
</LocList>
</OpTerm>
</RootTerm>
</CondStmnt>
<CondStmnt CovItemId="S43" CovItemPrefix="Value.java" Intrnl_Id="183">
<Branch CovItemId="B29" CovItemPrefix="Value.java" Implct="false" Intrnl_Id="184">
<Cond/>
<LocList>
<Loc EndOffset="2604" SrcFileId="1" StartOffset="2575"/>
</LocList>
<StmntSeq Intrnl_Id="185">
<LocList>
<Loc EndOffset="2596" SrcFileId="1" StartOffset="2584"/>
</LocList>
<BasicStmnt CovItemId="S44" CovItemPrefix="Value.java" Intrnl_Id="186">
<LocList>
<Loc EndOffset="2596" SrcFileId="1" StartOffset="2584"/>
</LocList>
</BasicStmnt>
</StmntSeq>
</Branch>
<Branch CovItemId="B30" CovItemPrefix="Value.java" Implct="false" Intrnl_Id="187">
<Cond>
<Loc EndOffset="2615" SrcFileId="1" StartOffset="2611"/>
</Cond>
<LocList>
<Loc EndOffset="2989" SrcFileId="1" StartOffset="2616"/>
</LocList>
<StmntSeq Intrnl_Id="188">
<LocList>
<Loc EndOffset="2989" SrcFileId="1" StartOffset="2616"/>
</LocList>
<CondStmnt CovItemId="S45" CovItemPrefix="Value.java" Intrnl_Id="189">
<Branch CovItemId="B31" CovItemPrefix="Value.java" Implct="false" Intrnl_Id="190">
<Cond/>
<LocList>
<Loc EndOffset="2685" SrcFileId="1" StartOffset="2656"/>
</LocList>
<StmntSeq Intrnl_Id="191">
<LocList>
<Loc EndOffset="2677" SrcFileId="1" StartOffset="2665"/>
</LocList>
<BasicStmnt CovItemId="S46" CovItemPrefix="Value.java" Intrnl_Id="192">
<LocList>
<Loc EndOffset="2677" SrcFileId="1" StartOffset="2665"/>
</LocList>
</BasicStmnt>
</StmntSeq>
</Branch>
<Branch CovItemId="B32" CovItemPrefix="Value.java" Implct="false" Intrnl_Id="193">
<Cond>
<Loc EndOffset="2696" SrcFileId="1" StartOffset="2692"/>
</Cond>
<LocList>
<Loc EndOffset="2989" SrcFileId="1" StartOffset="2697"/>
</LocList>
<StmntSeq Intrnl_Id="194">
<LocList>
<Loc EndOffset="2989" SrcFileId="1" StartOffset="2697"/>
</LocList>
<CondStmnt CovItemId="S47" CovItemPrefix="Value.java" Intrnl_Id="195">
<Branch CovItemId="B33" CovItemPrefix="Value.java" Implct="false" Intrnl_Id="196">
<Cond/>
<LocList>
<Loc EndOffset="2821" SrcFileId="1" StartOffset="2792"/>
</LocList>
<StmntSeq Intrnl_Id="197">
<LocList>
<Loc EndOffset="2813" SrcFileId="1" StartOffset="2801"/>
</LocList>
<BasicStmnt CovItemId="S48" CovItemPrefix="Value.java" Intrnl_Id="198">
<LocList>
<Loc EndOffset="2813" SrcFileId="1" StartOffset="2801"/>
</LocList>
</BasicStmnt>
</StmntSeq>
</Branch>
<Branch CovItemId="B34" CovItemPrefix="Value.java" Implct="false" Intrnl_Id="199">
<Cond>
<Loc EndOffset="2832" SrcFileId="1" StartOffset="2828"/>
</Cond>
<LocList>
<Loc EndOffset="2989" SrcFileId="1" StartOffset="2833"/>
</LocList>
<StmntSeq Intrnl_Id="200">
<LocList>
<Loc EndOffset="2989" SrcFileId="1" StartOffset="2833"/>
</LocList>
<CondStmnt CovItemId="S49" CovItemPrefix="Value.java" Intrnl_Id="201">
<Branch CovItemId="B35" CovItemPrefix="Value.java" Implct="false" Intrnl_Id="202">
<Cond/>
<LocList>
<Loc EndOffset="2906" SrcFileId="1" StartOffset="2877"/>
</LocList>
<StmntSeq Intrnl_Id="203">
<LocList>
<Loc EndOffset="2898" SrcFileId="1" StartOffset="2886"/>
</LocList>
<BasicStmnt CovItemId="S50" CovItemPrefix="Value.java" Intrnl_Id="204">
<LocList>
<Loc EndOffset="2898" SrcFileId="1" StartOffset="2886"/>
</LocList>
</BasicStmnt>
</StmntSeq>
</Branch>
<Branch CovItemId="B36" CovItemPrefix="Value.java" Implct="false" Intrnl_Id="205">
<Cond>
<Loc EndOffset="2917" SrcFileId="1" StartOffset="2913"/>
</Cond>
<LocList>
<Loc EndOffset="2989" SrcFileId="1" StartOffset="2918"/>
</LocList>
<StmntSeq Intrnl_Id="206">
<LocList>
<Loc EndOffset="2989" SrcFileId="1" StartOffset="2918"/>
</LocList>
<CondStmnt CovItemId="S51" CovItemPrefix="Value.java" Intrnl_Id="207">
<Branch CovItemId="B37" CovItemPrefix="Value.java" Implct="false" Intrnl_Id="208">
<Cond/>
<LocList>
<Loc EndOffset="2989" SrcFileId="1" StartOffset="2960"/>
</LocList>
<StmntSeq Intrnl_Id="209">
<LocList>
<Loc EndOffset="2981" SrcFileId="1" StartOffset="2969"/>
</LocList>
<BasicStmnt CovItemId="S52" CovItemPrefix="Value.java" Intrnl_Id="210">
<LocList>
<Loc EndOffset="2981" SrcFileId="1" StartOffset="2969"/>
</LocList>
</BasicStmnt>
</StmntSeq>
</Branch>
<Branch CovItemId="B38" CovItemPrefix="Value.java" Implct="true" Intrnl_Id="211">
<Cond/>
<LocList/>
<StmntSeq Intrnl_Id="212">
<LocList/>
</StmntSeq>
</Branch>
<Keyword EndOffset="2920" SrcFileId="1" StartOffset="2918"/>
<LocList>
<Loc EndOffset="2989" SrcFileId="1" StartOffset="2918"/>
</LocList>
<RootTerm CovItemId="C20" CovItemPrefix="Value.java" Intrnl_Id="213">
<OpTerm BooleanOpId="3" Intrnl_Id="214">
<BasicBoolTerm Intrnl_Id="215">
<LocList>
<Loc EndOffset="2935" SrcFileId="1" StartOffset="2921"/>
</LocList>
</BasicBoolTerm>
<BasicBoolTerm Intrnl_Id="216">
<LocList>
<Loc EndOffset="2952" SrcFileId="1" StartOffset="2939"/>
</LocList>
</BasicBoolTerm>
<LocList>
<Loc EndOffset="2938" SrcFileId="1" StartOffset="2936"/>
</LocList>
</OpTerm>
</RootTerm>
</CondStmnt>
</StmntSeq>
</Branch>
<Keyword EndOffset="2835" SrcFileId="1" StartOffset="2833"/>
<LocList>
<Loc EndOffset="2989" SrcFileId="1" StartOffset="2833"/>
</LocList>
<RootTerm CovItemId="C19" CovItemPrefix="Value.java" Intrnl_Id="217">
<OpTerm BooleanOpId="3" Intrnl_Id="218">
<BasicBoolTerm Intrnl_Id="219">
<LocList>
<Loc EndOffset="2851" SrcFileId="1" StartOffset="2836"/>
</LocList>
</BasicBoolTerm>
<BasicBoolTerm Intrnl_Id="220">
<LocList>
<Loc EndOffset="2869" SrcFileId="1" StartOffset="2855"/>
</LocList>
</BasicBoolTerm>
<LocList>
<Loc EndOffset="2854" SrcFileId="1" StartOffset="2852"/>
</LocList>
</OpTerm>
</RootTerm>
</CondStmnt>
</StmntSeq>
</Branch>
<Keyword EndOffset="2699" SrcFileId="1" StartOffset="2697"/>
<LocList>
<Loc EndOffset="2989" SrcFileId="1" StartOffset="2697"/>
</LocList>
<RootTerm CovItemId="C18" CovItemPrefix="Value.java" Intrnl_Id="221">
<OpTerm BooleanOpId="4" Intrnl_Id="222">
<OpTerm BooleanOpId="3" Intrnl_Id="223">
<BasicBoolTerm Intrnl_Id="224">
<LocList>
<Loc EndOffset="2716" SrcFileId="1" StartOffset="2700"/>
</LocList>
</BasicBoolTerm>
<BasicBoolTerm Intrnl_Id="225">
<LocList>
<Loc EndOffset="2735" SrcFileId="1" StartOffset="2720"/>
</LocList>
</BasicBoolTerm>
<LocList>
<Loc EndOffset="2719" SrcFileId="1" StartOffset="2717"/>
</LocList>
</OpTerm>
<OpTerm BooleanOpId="3" Intrnl_Id="226">
<BasicBoolTerm Intrnl_Id="227">
<LocList>
<Loc EndOffset="2755" SrcFileId="1" StartOffset="2739"/>
</LocList>
</BasicBoolTerm>
<BasicBoolTerm Intrnl_Id="228">
<LocList>
<Loc EndOffset="2784" SrcFileId="1" StartOffset="2759"/>
</LocList>
</BasicBoolTerm>
<LocList>
<Loc EndOffset="2758" SrcFileId="1" StartOffset="2756"/>
</LocList>
</OpTerm>
<LocList>
<Loc EndOffset="2738" SrcFileId="1" StartOffset="2736"/>
</LocList>
</OpTerm>
</RootTerm>
</CondStmnt>
</StmntSeq>
</Branch>
<Keyword EndOffset="2618" SrcFileId="1" StartOffset="2616"/>
<LocList>
<Loc EndOffset="2989" SrcFileId="1" StartOffset="2616"/>
</LocList>
<RootTerm CovItemId="C17" CovItemPrefix="Value.java" Intrnl_Id="229">
<OpTerm BooleanOpId="3" Intrnl_Id="230">
<BasicBoolTerm Intrnl_Id="231">
<LocList>
<Loc EndOffset="2632" SrcFileId="1" StartOffset="2619"/>
</LocList>
</BasicBoolTerm>
<BasicBoolTerm Intrnl_Id="232">
<LocList>
<Loc EndOffset="2648" SrcFileId="1" StartOffset="2636"/>
</LocList>
</BasicBoolTerm>
<LocList>
<Loc EndOffset="2635" SrcFileId="1" StartOffset="2633"/>
</LocList>
</OpTerm>
</RootTerm>
</CondStmnt>
</StmntSeq>
</Branch>
<Keyword EndOffset="2527" SrcFileId="1" StartOffset="2525"/>
<LocList>
<Loc EndOffset="2989" SrcFileId="1" StartOffset="2525"/>
</LocList>
<RootTerm CovItemId="C16" CovItemPrefix="Value.java" Intrnl_Id="233">
<OpTerm BooleanOpId="3" Intrnl_Id="234">
<BasicBoolTerm Intrnl_Id="235">
<LocList>
<Loc EndOffset="2546" SrcFileId="1" StartOffset="2528"/>
</LocList>
</BasicBoolTerm>
<BasicBoolTerm Intrnl_Id="236">
<LocList>
<Loc EndOffset="2567" SrcFileId="1" StartOffset="2550"/>
</LocList>
</BasicBoolTerm>
<LocList>
<Loc EndOffset="2549" SrcFileId="1" StartOffset="2547"/>
</LocList>
</OpTerm>
</RootTerm>
</CondStmnt>
<BasicStmnt CovItemId="S53" CovItemPrefix="Value.java" Intrnl_Id="237">
<LocList>
<Loc EndOffset="3016" SrcFileId="1" StartOffset="3003"/>
</LocList>
</BasicStmnt>
</StmntSeq>
</HierarchyLvl>
<HierarchyLvl HierarchyLvlId="881" HierarchyLvlTypeId="6" Intrnl_Id="238" Name="GetType">
<Header>
<Loc EndOffset="3058" SrcFileId="1" StartOffset="3035"/>
</Header>
<LocList>
<Loc EndOffset="3830" SrcFileId="1" StartOffset="3035"/>
</LocList>
<StmntSeq Intrnl_Id="239">
<LocList>
<Loc EndOffset="3823" SrcFileId="1" StartOffset="3072"/>
</LocList>
<CondStmnt CovItemId="S54" CovItemPrefix="Value.java" Intrnl_Id="240">
<Branch CovItemId="B39" CovItemPrefix="Value.java" Implct="false" Intrnl_Id="241">
<Cond/>
<LocList>
<Loc EndOffset="3161" SrcFileId="1" StartOffset="3130"/>
</LocList>
<StmntSeq Intrnl_Id="242">
<LocList>
<Loc EndOffset="3153" SrcFileId="1" StartOffset="3139"/>
</LocList>
<BasicStmnt CovItemId="S55" CovItemPrefix="Value.java" Intrnl_Id="243">
<LocList>
<Loc EndOffset="3153" SrcFileId="1" StartOffset="3139"/>
</LocList>
</BasicStmnt>
</StmntSeq>
</Branch>
<Branch CovItemId="B40" CovItemPrefix="Value.java" Implct="false" Intrnl_Id="244">
<Cond>
<Loc EndOffset="3172" SrcFileId="1" StartOffset="3168"/>
</Cond>
<LocList>
<Loc EndOffset="3823" SrcFileId="1" StartOffset="3173"/>
</LocList>
<StmntSeq Intrnl_Id="245">
<LocList>
<Loc EndOffset="3823" SrcFileId="1" StartOffset="3173"/>
</LocList>
<CondStmnt CovItemId="S56" CovItemPrefix="Value.java" Intrnl_Id="246">
<Branch CovItemId="B41" CovItemPrefix="Value.java" Implct="false" Intrnl_Id="247">
<Cond/>
<LocList>
<Loc EndOffset="3277" SrcFileId="1" StartOffset="3241"/>
</LocList>
<StmntSeq Intrnl_Id="248">
<LocList>
<Loc EndOffset="3269" SrcFileId="1" StartOffset="3250"/>
</LocList>
<BasicStmnt CovItemId="S57" CovItemPrefix="Value.java" Intrnl_Id="249">
<LocList>
<Loc EndOffset="3269" SrcFileId="1" StartOffset="3250"/>
</LocList>
</BasicStmnt>
</StmntSeq>
</Branch>
<Branch CovItemId="B42" CovItemPrefix="Value.java" Implct="false" Intrnl_Id="250">
<Cond>
<Loc EndOffset="3288" SrcFileId="1" StartOffset="3284"/>
</Cond>
<LocList>
<Loc EndOffset="3823" SrcFileId="1" StartOffset="3289"/>
</LocList>
<StmntSeq Intrnl_Id="251">
<LocList>
<Loc EndOffset="3823" SrcFileId="1" StartOffset="3289"/>
</LocList>
<CondStmnt CovItemId="S58" CovItemPrefix="Value.java" Intrnl_Id="252">
<Branch CovItemId="B43" CovItemPrefix="Value.java" Implct="false" Intrnl_Id="253">
<Cond/>
<LocList>
<Loc EndOffset="3375" SrcFileId="1" StartOffset="3345"/>
</LocList>
<StmntSeq Intrnl_Id="254">
<LocList>
<Loc EndOffset="3367" SrcFileId="1" StartOffset="3354"/>
</LocList>
<BasicStmnt CovItemId="S59" CovItemPrefix="Value.java" Intrnl_Id="255">
<LocList>
<Loc EndOffset="3367" SrcFileId="1" StartOffset="3354"/>
</LocList>
</BasicStmnt>
</StmntSeq>
</Branch>
<Branch CovItemId="B44" CovItemPrefix="Value.java" Implct="false" Intrnl_Id="256">
<Cond>
<Loc EndOffset="3386" SrcFileId="1" StartOffset="3382"/>
</Cond>
<LocList>
<Loc EndOffset="3823" SrcFileId="1" StartOffset="3387"/>
</LocList>
<StmntSeq Intrnl_Id="257">
<LocList>
<Loc EndOffset="3823" SrcFileId="1" StartOffset="3387"/>
</LocList>
<CondStmnt CovItemId="S60" CovItemPrefix="Value.java" Intrnl_Id="258">
<Branch CovItemId="B45" CovItemPrefix="Value.java" Implct="false" Intrnl_Id="259">
<Cond/>
<LocList>
<Loc EndOffset="3482" SrcFileId="1" StartOffset="3449"/>
</LocList>
<StmntSeq Intrnl_Id="260">
<LocList>
<Loc EndOffset="3474" SrcFileId="1" StartOffset="3458"/>
</LocList>
<BasicStmnt CovItemId="S61" CovItemPrefix="Value.java" Intrnl_Id="261">
<LocList>
<Loc EndOffset="3474" SrcFileId="1" StartOffset="3458"/>
</LocList>
</BasicStmnt>
</StmntSeq>
</Branch>
<Branch CovItemId="B46" CovItemPrefix="Value.java" Implct="false" Intrnl_Id="262">
<Cond>
<Loc EndOffset="3493" SrcFileId="1" StartOffset="3489"/>
</Cond>
<LocList>
<Loc EndOffset="3823" SrcFileId="1" StartOffset="3494"/>
</LocList>
<StmntSeq Intrnl_Id="263">
<LocList>
<Loc EndOffset="3823" SrcFileId="1" StartOffset="3494"/>
</LocList>
<CondStmnt CovItemId="S62" CovItemPrefix="Value.java" Intrnl_Id="264">
<Branch CovItemId="B47" CovItemPrefix="Value.java" Implct="false" Intrnl_Id="265">
<Cond/>
<LocList>
<Loc EndOffset="3583" SrcFileId="1" StartOffset="3552"/>
</LocList>
<StmntSeq Intrnl_Id="266">
<LocList>
<Loc EndOffset="3575" SrcFileId="1" StartOffset="3561"/>
</LocList>
<BasicStmnt CovItemId="S63" CovItemPrefix="Value.java" Intrnl_Id="267">
<LocList>
<Loc EndOffset="3575" SrcFileId="1" StartOffset="3561"/>
</LocList>
</BasicStmnt>
</StmntSeq>
</Branch>
<Branch CovItemId="B48" CovItemPrefix="Value.java" Implct="false" Intrnl_Id="268">
<Cond>
<Loc EndOffset="3594" SrcFileId="1" StartOffset="3590"/>
</Cond>
<LocList>
<Loc EndOffset="3823" SrcFileId="1" StartOffset="3595"/>
</LocList>
<StmntSeq Intrnl_Id="269">
<LocList>
<Loc EndOffset="3823" SrcFileId="1" StartOffset="3595"/>
</LocList>
<CondStmnt CovItemId="S64" CovItemPrefix="Value.java" Intrnl_Id="270">
<Branch CovItemId="B49" CovItemPrefix="Value.java" Implct="false" Intrnl_Id="271">
<Cond/>
<LocList>
<Loc EndOffset="3690" SrcFileId="1" StartOffset="3657"/>
</LocList>
<StmntSeq Intrnl_Id="272">
<LocList>
<Loc EndOffset="3682" SrcFileId="1" StartOffset="3666"/>
</LocList>
<BasicStmnt CovItemId="S65" CovItemPrefix="Value.java" Intrnl_Id="273">
<LocList>
<Loc EndOffset="3682" SrcFileId="1" StartOffset="3666"/>
</LocList>
</BasicStmnt>
</StmntSeq>
</Branch>
<Branch CovItemId="B50" CovItemPrefix="Value.java" Implct="false" Intrnl_Id="274">
<Cond>
<Loc EndOffset="3701" SrcFileId="1" StartOffset="3697"/>
</Cond>
<LocList>
<Loc EndOffset="3823" SrcFileId="1" StartOffset="3702"/>
</LocList>
<StmntSeq Intrnl_Id="275">
<LocList>
<Loc EndOffset="3823" SrcFileId="1" StartOffset="3702"/>
</LocList>
<CondStmnt CovItemId="S66" CovItemPrefix="Value.java" Intrnl_Id="276">
<Branch CovItemId="B51" CovItemPrefix="Value.java" Implct="false" Intrnl_Id="277">
<Cond/>
<LocList>
<Loc EndOffset="3776" SrcFileId="1" StartOffset="3744"/>
</LocList>
<StmntSeq Intrnl_Id="278">
<LocList>
<Loc EndOffset="3768" SrcFileId="1" StartOffset="3753"/>
</LocList>
<BasicStmnt CovItemId="S67" CovItemPrefix="Value.java" Intrnl_Id="279">
<LocList>
<Loc EndOffset="3768" SrcFileId="1" StartOffset="3753"/>
</LocList>
</BasicStmnt>
</StmntSeq>
</Branch>
<Branch CovItemId="B52" CovItemPrefix="Value.java" Implct="false" Intrnl_Id="280">
<Cond>
<Loc EndOffset="3787" SrcFileId="1" StartOffset="3783"/>
</Cond>
<LocList>
<Loc EndOffset="3823" SrcFileId="1" StartOffset="3794"/>
</LocList>
<StmntSeq Intrnl_Id="281">
<LocList>
<Loc EndOffset="3815" SrcFileId="1" StartOffset="3803"/>
</LocList>
<BasicStmnt CovItemId="S68" CovItemPrefix="Value.java" Intrnl_Id="282">
<LocList>
<Loc EndOffset="3815" SrcFileId="1" StartOffset="3803"/>
</LocList>
</BasicStmnt>
</StmntSeq>
</Branch>
<Keyword EndOffset="3704" SrcFileId="1" StartOffset="3702"/>
<LocList>
<Loc EndOffset="3823" SrcFileId="1" StartOffset="3702"/>
</LocList>
<RootTerm CovItemId="C27" CovItemPrefix="Value.java" Intrnl_Id="283">
<BasicBoolTerm Intrnl_Id="284">
<LocList>
<Loc EndOffset="3736" SrcFileId="1" StartOffset="3705"/>
</LocList>
</BasicBoolTerm>
</RootTerm>
</CondStmnt>
</StmntSeq>
</Branch>
<Keyword EndOffset="3597" SrcFileId="1" StartOffset="3595"/>
<LocList>
<Loc EndOffset="3823" SrcFileId="1" StartOffset="3595"/>
</LocList>
<RootTerm CovItemId="C26" CovItemPrefix="Value.java" Intrnl_Id="285">
<OpTerm BooleanOpId="4" Intrnl_Id="286">
<BasicBoolTerm Intrnl_Id="287">
<LocList>
<Loc EndOffset="3613" SrcFileId="1" StartOffset="3598"/>
</LocList>
</BasicBoolTerm>
<BasicBoolTerm Intrnl_Id="288">
<LocList>
<Loc EndOffset="3649" SrcFileId="1" StartOffset="3617"/>
</LocList>
</BasicBoolTerm>
<LocList>
<Loc EndOffset="3616" SrcFileId="1" StartOffset="3614"/>
</LocList>
</OpTerm>
</RootTerm>
</CondStmnt>
</StmntSeq>
</Branch>
<Keyword EndOffset="3496" SrcFileId="1" StartOffset="3494"/>
<LocList>
<Loc EndOffset="3823" SrcFileId="1" StartOffset="3494"/>
</LocList>
<RootTerm CovItemId="C25" CovItemPrefix="Value.java" Intrnl_Id="289">
<OpTerm BooleanOpId="4" Intrnl_Id="290">
<BasicBoolTerm Intrnl_Id="291">
<LocList>
<Loc EndOffset="3510" SrcFileId="1" StartOffset="3497"/>
</LocList>
</BasicBoolTerm>
<BasicBoolTerm Intrnl_Id="292">
<LocList>
<Loc EndOffset="3544" SrcFileId="1" StartOffset="3514"/>
</LocList>
</BasicBoolTerm>
<LocList>
<Loc EndOffset="3513" SrcFileId="1" StartOffset="3511"/>
</LocList>
</OpTerm>
</RootTerm>
</CondStmnt>
</StmntSeq>
</Branch>
<Keyword EndOffset="3389" SrcFileId="1" StartOffset="3387"/>
<LocList>
<Loc EndOffset="3823" SrcFileId="1" StartOffset="3387"/>
</LocList>
<RootTerm CovItemId="C24" CovItemPrefix="Value.java" Intrnl_Id="293">
<OpTerm BooleanOpId="4" Intrnl_Id="294">
<BasicBoolTerm Intrnl_Id="295">
<LocList>
<Loc EndOffset="3405" SrcFileId="1" StartOffset="3390"/>
</LocList>
</BasicBoolTerm>
<BasicBoolTerm Intrnl_Id="296">
<LocList>
<Loc EndOffset="3441" SrcFileId="1" StartOffset="3409"/>
</LocList>
</BasicBoolTerm>
<LocList>
<Loc EndOffset="3408" SrcFileId="1" StartOffset="3406"/>
</LocList>
</OpTerm>
</RootTerm>
</CondStmnt>
</StmntSeq>
</Branch>
<Keyword EndOffset="3291" SrcFileId="1" StartOffset="3289"/>
<LocList>
<Loc EndOffset="3823" SrcFileId="1" StartOffset="3289"/>
</LocList>
<RootTerm CovItemId="C23" CovItemPrefix="Value.java" Intrnl_Id="297">
<OpTerm BooleanOpId="4" Intrnl_Id="298">
<BasicBoolTerm Intrnl_Id="299">
<LocList>
<Loc EndOffset="3304" SrcFileId="1" StartOffset="3292"/>
</LocList>
</BasicBoolTerm>
<BasicBoolTerm Intrnl_Id="300">
<LocList>
<Loc EndOffset="3337" SrcFileId="1" StartOffset="3308"/>
</LocList>
</BasicBoolTerm>
<LocList>
<Loc EndOffset="3307" SrcFileId="1" StartOffset="3305"/>
</LocList>
</OpTerm>
</RootTerm>
</CondStmnt>
</StmntSeq>
</Branch>
<Keyword EndOffset="3175" SrcFileId="1" StartOffset="3173"/>
<LocList>
<Loc EndOffset="3823" SrcFileId="1" StartOffset="3173"/>
</LocList>
<RootTerm CovItemId="C22" CovItemPrefix="Value.java" Intrnl_Id="301">
<OpTerm BooleanOpId="4" Intrnl_Id="302">
<BasicBoolTerm Intrnl_Id="303">
<LocList>
<Loc EndOffset="3211" SrcFileId="1" StartOffset="3176"/>
</LocList>
</BasicBoolTerm>
<BasicBoolTerm Intrnl_Id="304">
<LocList>
<Loc EndOffset="3233" SrcFileId="1" StartOffset="3215"/>
</LocList>
</BasicBoolTerm>
<LocList>
<Loc EndOffset="3214" SrcFileId="1" StartOffset="3212"/>
</LocList>
</OpTerm>
</RootTerm>
</CondStmnt>
</StmntSeq>
</Branch>
<Keyword EndOffset="3074" SrcFileId="1" StartOffset="3072"/>
<LocList>
<Loc EndOffset="3823" SrcFileId="1" StartOffset="3072"/>
</LocList>
<RootTerm CovItemId="C21" CovItemPrefix="Value.java" Intrnl_Id="305">
<OpTerm BooleanOpId="4" Intrnl_Id="306">
<BasicBoolTerm Intrnl_Id="307">
<LocList>
<Loc EndOffset="3088" SrcFileId="1" StartOffset="3075"/>
</LocList>
</BasicBoolTerm>
<BasicBoolTerm Intrnl_Id="308">
<LocList>
<Loc EndOffset="3122" SrcFileId="1" StartOffset="3092"/>
</LocList>
</BasicBoolTerm>
<LocList>
<Loc EndOffset="3091" SrcFileId="1" StartOffset="3089"/>
</LocList>
</OpTerm>
</RootTerm>
</CondStmnt>
</StmntSeq>
</HierarchyLvl>
<HierarchyLvl HierarchyLvlId="882" HierarchyLvlTypeId="6" Intrnl_Id="309" Name="equals">
<Header>
<Loc EndOffset="3884" SrcFileId="1" StartOffset="3838"/>
</Header>
<LocList>
<Loc EndOffset="4159" SrcFileId="1" StartOffset="3838"/>
</LocList>
<StmntSeq Intrnl_Id="310">
<LocList>
<Loc EndOffset="3951" SrcFileId="1" StartOffset="3898"/>
<Loc EndOffset="4069" SrcFileId="1" StartOffset="3963"/>
<Loc EndOffset="4103" SrcFileId="1" StartOffset="4081"/>
<Loc EndOffset="4152" SrcFileId="1" StartOffset="4115"/>
</LocList>
<CondStmnt CovItemId="S69" CovItemPrefix="Value.java" Intrnl_Id="311">
<Branch CovItemId="B53" CovItemPrefix="Value.java" Implct="false" Intrnl_Id="312">
<Cond/>
<LocList>
<Loc EndOffset="3951" SrcFileId="1" StartOffset="3913"/>
</LocList>
<StmntSeq Intrnl_Id="313">
<LocList>
<Loc EndOffset="3940" SrcFileId="1" StartOffset="3928"/>
</LocList>
<BasicStmnt CovItemId="S70" CovItemPrefix="Value.java" Intrnl_Id="314">
<LocList>
<Loc EndOffset="3940" SrcFileId="1" StartOffset="3928"/>
</LocList>
</BasicStmnt>
</StmntSeq>
</Branch>
<Branch CovItemId="B54" CovItemPrefix="Value.java" Implct="true" Intrnl_Id="315">
<Cond/>
<LocList/>
<StmntSeq Intrnl_Id="316">
<LocList/>
</StmntSeq>
</Branch>
<Keyword EndOffset="3900" SrcFileId="1" StartOffset="3898"/>
<LocList>
<Loc EndOffset="3951" SrcFileId="1" StartOffset="3898"/>
</LocList>
<RootTerm CovItemId="C28" CovItemPrefix="Value.java" Intrnl_Id="317">
<BasicBoolTerm Intrnl_Id="318">
<LocList>
<Loc EndOffset="3911" SrcFileId="1" StartOffset="3901"/>
</LocList>
</BasicBoolTerm>
</RootTerm>
</CondStmnt>
<CondStmnt CovItemId="S71" CovItemPrefix="Value.java" Intrnl_Id="319">
<Branch CovItemId="B55" CovItemPrefix="Value.java" Implct="false" Intrnl_Id="320">
<Cond/>
<LocList>
<Loc EndOffset="4069" SrcFileId="1" StartOffset="4030"/>
</LocList>
<StmntSeq Intrnl_Id="321">
<LocList>
<Loc EndOffset="4058" SrcFileId="1" StartOffset="4045"/>
</LocList>
<BasicStmnt CovItemId="S72" CovItemPrefix="Value.java" Intrnl_Id="322">
<LocList>
<Loc EndOffset="4058" SrcFileId="1" StartOffset="4045"/>
</LocList>
</BasicStmnt>
</StmntSeq>
</Branch>
<Branch CovItemId="B56" CovItemPrefix="Value.java" Implct="true" Intrnl_Id="323">
<Cond/>
<LocList/>
<StmntSeq Intrnl_Id="324">
<LocList/>
</StmntSeq>
</Branch>
<Keyword EndOffset="3965" SrcFileId="1" StartOffset="3963"/>
<LocList>
<Loc EndOffset="4069" SrcFileId="1" StartOffset="3963"/>
</LocList>
<RootTerm CovItemId="C29" CovItemPrefix="Value.java" Intrnl_Id="325">
<OpTerm BooleanOpId="4" Intrnl_Id="326">
<OpTerm BooleanOpId="4" Intrnl_Id="327">
<BasicBoolTerm Intrnl_Id="328">
<LocList>
<Loc EndOffset="3979" SrcFileId="1" StartOffset="3966"/>
</LocList>
</BasicBoolTerm>
<BasicBoolTerm Intrnl_Id="329">
<LocList>
<Loc EndOffset="3992" SrcFileId="1" StartOffset="3983"/>
</LocList>
</BasicBoolTerm>
<LocList>
<Loc EndOffset="3982" SrcFileId="1" StartOffset="3980"/>
</LocList>
</OpTerm>
<BasicBoolTerm Intrnl_Id="330">
<LocList>
<Loc EndOffset="4028" SrcFileId="1" StartOffset="3996"/>
</LocList>
</BasicBoolTerm>
<LocList>
<Loc EndOffset="3995" SrcFileId="1" StartOffset="3993"/>
</LocList>
</OpTerm>
</RootTerm>
</CondStmnt>
<BasicStmnt CovItemId="S73" CovItemPrefix="Value.java" Intrnl_Id="331">
<LocList>
<Loc EndOffset="4103" SrcFileId="1" StartOffset="4081"/>
</LocList>
</BasicStmnt>
<BasicStmnt CovItemId="S74" CovItemPrefix="Value.java" Intrnl_Id="332">
<LocList>
<Loc EndOffset="4152" SrcFileId="1" StartOffset="4115"/>
</LocList>
</BasicStmnt>
</StmntSeq>
</HierarchyLvl>
<HierarchyLvl HierarchyLvlId="883" HierarchyLvlTypeId="6" Intrnl_Id="333" Name="toString">
<Header>
<Loc EndOffset="4206" SrcFileId="1" StartOffset="4167"/>
</Header>
<LocList>
<Loc EndOffset="4254" SrcFileId="1" StartOffset="4167"/>
</LocList>
<StmntSeq Intrnl_Id="334">
<LocList>
<Loc EndOffset="4247" SrcFileId="1" StartOffset="4218"/>
</LocList>
<BasicStmnt CovItemId="S75" CovItemPrefix="Value.java" Intrnl_Id="335">
<LocList>
<Loc EndOffset="4247" SrcFileId="1" StartOffset="4218"/>
</LocList>
</BasicStmnt>
</StmntSeq>
</HierarchyLvl>
</HierarchyLvl>
</HierarchyLvl>
</MASTRoot>
</TestSessionContainer>
