<?xml version="1.0" encoding="UTF-8"?><TestSessionContainer xmlns="http://www.codecover.org/xml/testsession-container" Date="1367928322835" TestSessionContainerId="54cd41be-c713-41b6-b126-ff7cc3627146" version="1.0">
<SrcFileList>
<SrcFile Content="&#13;&#10;public class Value {&#13;&#10;&#9;public static Value VOID = new Value(new Object());&#13;&#10;&#13;&#10;    final Object value;&#13;&#10;&#13;&#10;    public Value(Object value) {&#13;&#10;        this.value = value;&#13;&#10;    }&#13;&#10;    &#13;&#10;    public Value()&#13;&#10;    {&#13;&#10;    &#9;this.value = &quot;&quot;;&#13;&#10;    }&#13;&#10;&#13;&#10;    public boolean isDouble() &#13;&#10;    {&#13;&#10;&#9;&#9;if(this.toString().matches(&quot;((-)?[0-9]+)\\.([0-9]){1,2}&quot;))&#13;&#10;&#9;&#9;{&#13;&#10;&#9;&#9;&#9;return true;&#13;&#10;&#9;&#9;}&#13;&#10;&#9;&#9;return false;&#13;&#10;    }&#13;&#10;    &#13;&#10;    public boolean isInt()&#13;&#10;    {&#13;&#10;&#9;&#9;if(this.toString().matches(&quot;(-)?[0-9]+&quot;))&#13;&#10;&#9;&#9;{&#13;&#10;&#9;&#9;&#9;return true;&#13;&#10;&#9;&#9;}&#13;&#10;&#9;&#9;return false;&#13;&#10;    }&#13;&#10;    &#13;&#10;    public boolean isDrink()&#13;&#10;    {&#13;&#10;&#9;&#9;if(this.toString().equals(&quot;drink&quot;))&#13;&#10;&#9;&#9;{&#13;&#10;&#9;&#9;&#9;return true;&#13;&#10;&#9;&#9;}&#13;&#10;&#9;&#9;return false;&#13;&#10;    }&#13;&#10;    &#13;&#10;    public boolean isNumeric()&#13;&#10;    {&#13;&#10;    &#9;if(this.isInt() || this.isDouble() || this.toString().equals(&quot;int&quot;) || this.toString().equals(&quot;double&quot;))&#13;&#10;    &#9;{&#13;&#10;    &#9;&#9;return true;&#13;&#10;    &#9;}&#13;&#10;    &#9;return false;&#13;&#10;    }&#13;&#10;    &#13;&#10;    public boolean isNumericExpression()&#13;&#10;    {&#13;&#10;    &#9;if(this.toString().matches(&quot;(-)?[0-9]+(\\.[0-9]{1,2})?((\\+|\\-|\\*|\\/)[0-9]+(\\.[0-9]{1,2})?)*&quot;))&#13;&#10;    &#9;{&#13;&#10;    &#9;&#9;return true;&#13;&#10;    &#9;}&#13;&#10;    &#9;return false;&#13;&#10;    }&#13;&#10;    &#13;&#10;    public boolean isChar()&#13;&#10;    {&#13;&#10;&#9;&#9;if(this.toString().length() != 3 || &#13;&#10;&#9;&#9;   this.toString().charAt(0) != '\'' || &#13;&#10;&#9;&#9;   this.toString().charAt(this.toString().length()-1) != '\'')&#13;&#10;&#9;&#9;{&#13;&#10;&#9;&#9;&#9;return false;&#13;&#10;&#9;&#9;}&#13;&#10;&#9;&#9;return true;&#13;&#10;    }&#13;&#10;    &#13;&#10;    public boolean isString()&#13;&#10;    {&#13;&#10;    &#9;if(this.toString().length() &lt; 2)&#13;&#10;    &#9;{&#13;&#10;    &#9;&#9;return false;&#13;&#10;    &#9;}&#13;&#10;    &#9;else if(this.toString().charAt(0) != '&quot;'|| this.toString().charAt(this.toString().length()-1) != '&quot;')&#13;&#10;&#9;&#9;{&#13;&#10;&#9;&#9;&#9;return false;&#13;&#10;&#9;&#9;}&#13;&#10;&#9;&#9;return true;&#13;&#10;    }&#13;&#10;    &#13;&#10;    public boolean isBool()&#13;&#10;    {&#13;&#10;    &#9;if(this.toString().equals(&quot;true&quot;) || this.toString().equals(&quot;false&quot;))&#13;&#10;    &#9;{&#13;&#10;    &#9;&#9;return true;&#13;&#10;    &#9;}&#13;&#10;    &#9;return false;&#13;&#10;    }&#13;&#10;    &#13;&#10;    public boolean isContainer()&#13;&#10;    {&#13;&#10;    &#9;if(this.toString().matches(&quot;((1?[0-3])|([0-9]))|A[0-5]&quot;) || this.toString().equals(&quot;container&quot;))&#13;&#10;    &#9;{&#13;&#10;    &#9;&#9;return true;&#13;&#10;    &#9;}&#13;&#10;    &#9;return false;&#13;&#10;    }&#13;&#10;    &#13;&#10;    public boolean isSameType(Value val)&#13;&#10;    {&#13;&#10;    &#9;if(this.isBool() &amp;&amp; val.isBool())&#13;&#10;    &#9;{&#13;&#10;    &#9;&#9;return true;&#13;&#10;    &#9;}&#13;&#10;    &#9;if(this.isContainer() &amp;&amp; val.isContainer())&#13;&#10;    &#9;{&#13;&#10;    &#9;&#9;return true;&#13;&#10;    &#9;}&#13;&#10;    &#9;else if(this.isChar() &amp;&amp; val.isChar())&#13;&#10;    &#9;{&#13;&#10;    &#9;&#9;return true;&#13;&#10;    &#9;}&#13;&#10;    &#9;else if(this.isNumeric() &amp;&amp; val.isNumeric() || this.isNumeric() &amp;&amp; val.isNumericExpression())&#13;&#10;    &#9;{&#13;&#10;    &#9;&#9;return true;&#13;&#10;    &#9;}&#13;&#10;    &#9;else if(this.isString() &amp;&amp; val.isString())&#13;&#10;    &#9;{&#13;&#10;    &#9;&#9;return true;&#13;&#10;    &#9;}&#13;&#10;    &#9;else if(this.isDrink() &amp;&amp; val.isDrink())&#13;&#10;    &#9;{&#13;&#10;    &#9;&#9;return true;&#13;&#10;    &#9;}&#13;&#10;    &#9;&#13;&#10;    &#9;return false;&#13;&#10;    }&#13;&#10;    &#13;&#10;    public String GetType()&#13;&#10;    {&#13;&#10;    &#9;if(this.isBool() || this.toString().equals(&quot;bool&quot;))&#13;&#10;    &#9;{&#13;&#10;    &#9;&#9;return &quot;bool&quot;;&#13;&#10;    &#9;}&#13;&#10;    &#9;else if(this.toString().equals(&quot;container&quot;) || this.isContainer())&#13;&#10;    &#9;{&#13;&#10;    &#9;&#9;return &quot;container&quot;;&#13;&#10;    &#9;}&#13;&#10;    &#9;else if(this.isInt() || this.toString().equals(&quot;int&quot;))&#13;&#10;    &#9;{&#13;&#10;    &#9;&#9;return &quot;int&quot;;&#13;&#10;    &#9;}&#13;&#10;    &#9;else if(this.isDouble() || this.toString().equals(&quot;double&quot;))&#13;&#10;    &#9;{&#13;&#10;    &#9;&#9;return &quot;double&quot;;&#13;&#10;    &#9;}&#13;&#10;    &#9;else if(this.isChar() || this.toString().equals(&quot;char&quot;))&#13;&#10;    &#9;{&#13;&#10;    &#9;&#9;return &quot;char&quot;;&#13;&#10;    &#9;}&#13;&#10;    &#9;else if(this.isString() || this.toString().equals(&quot;string&quot;))&#13;&#10;    &#9;{&#13;&#10;    &#9;&#9;return &quot;string&quot;;&#13;&#10;    &#9;}&#13;&#10;    &#9;else if(this.toString().equals(&quot;drink&quot;))&#13;&#10;    &#9;{&#13;&#10;    &#9;&#9;return &quot;drink&quot;;&#13;&#10;    &#9;}&#13;&#10;    &#9;else&#13;&#10;    &#9;{&#13;&#10;    &#9;&#9;return null;&#13;&#10;    &#9;}&#13;&#10;    }&#13;&#10;&#13;&#10;    @Override&#13;&#10;    public boolean equals(Object o) {&#13;&#10;&#13;&#10;        if(value == o) {&#13;&#10;            return true;&#13;&#10;        }&#13;&#10;&#13;&#10;        if(value == null || o == null || o.getClass() != value.getClass()) {&#13;&#10;            return false;&#13;&#10;        }&#13;&#10;&#13;&#10;        Value that = (Value)o;&#13;&#10;&#13;&#10;        return this.value.equals(that.value);&#13;&#10;    }&#13;&#10;&#13;&#10;    @Override&#13;&#10;    public String toString() {&#13;&#10;        return String.valueOf(value);&#13;&#10;    }&#13;&#10;}&#13;&#10;" Filename="Value.java" Intrnl_Id="1"/>
</SrcFileList>
<CritList>
<CritListEntry Name="org.codecover.model.utils.criteria.LoopCoverage" PluginName="org.codecover"/>
<CritListEntry Name="org.codecover.model.utils.criteria.BranchCoverage" PluginName="org.codecover"/>
<CritListEntry Name="org.codecover.model.utils.criteria.ConditionCoverage" PluginName="org.codecover"/>
<CritListEntry Name="org.codecover.model.utils.criteria.StatementCoverage" PluginName="org.codecover"/>
</CritList>
<BoolOpList>
<BoolOp Arity="2" Intrnl_Id="2" Name="conditional and (&amp;&amp;)">
<BoolAssgnmntBoolMapList>
<MapEntry BoolAssgnmnt="10" Value="false"/>
<MapEntry BoolAssgnmnt="02" Value="false"/>
<MapEntry BoolAssgnmnt="11" Value="true"/>
</BoolAssgnmntBoolMapList>
</BoolOp>
<BoolOp Arity="2" Intrnl_Id="3" Name="conditional or (||)">
<BoolAssgnmntBoolMapList>
<MapEntry BoolAssgnmnt="01" Value="true"/>
<MapEntry BoolAssgnmnt="00" Value="false"/>
<MapEntry BoolAssgnmnt="12" Value="true"/>
</BoolAssgnmntBoolMapList>
</BoolOp>
</BoolOpList>
<HierarchyLvlTypeList>
<HierarchyLvlType EnglishName="class" IntrnlName="class" Intrnl_Id="4"/>
<HierarchyLvlType EnglishName="method" IntrnlName="method" Intrnl_Id="5"/>
<HierarchyLvlType EnglishName="default package" IntrnlName="default package" Intrnl_Id="6"/>
</HierarchyLvlTypeList>
<MASTRoot>
<HierarchyLvl HierarchyLvlId="18" HierarchyLvlTypeId="6" Intrnl_Id="7" Name="default package">
<Header/>
<LocList/>
<HierarchyLvl HierarchyLvlId="17" HierarchyLvlTypeId="4" Intrnl_Id="8" Name="Value">
<Header>
<Loc EndOffset="20" SrcFileId="1" StartOffset="2"/>
</Header>
<LocList>
<Loc EndOffset="3891" SrcFileId="1" StartOffset="2"/>
</LocList>
<StmntSeq Intrnl_Id="9">
<LocList>
<Loc EndOffset="76" SrcFileId="1" StartOffset="25"/>
</LocList>
<BasicStmnt CovItemId="S1" CovItemPrefix="Value.java" Intrnl_Id="10">
<LocList>
<Loc EndOffset="76" SrcFileId="1" StartOffset="25"/>
</LocList>
</BasicStmnt>
</StmntSeq>
<HierarchyLvl HierarchyLvlId="2" HierarchyLvlTypeId="5" Intrnl_Id="11" Name="Value">
<Header>
<Loc EndOffset="137" SrcFileId="1" StartOffset="111"/>
</Header>
<LocList>
<Loc EndOffset="175" SrcFileId="1" StartOffset="111"/>
</LocList>
<StmntSeq Intrnl_Id="12">
<LocList>
<Loc EndOffset="168" SrcFileId="1" StartOffset="149"/>
</LocList>
<BasicStmnt CovItemId="S2" CovItemPrefix="Value.java" Intrnl_Id="13">
<LocList>
<Loc EndOffset="168" SrcFileId="1" StartOffset="149"/>
</LocList>
</BasicStmnt>
</StmntSeq>
</HierarchyLvl>
<HierarchyLvl HierarchyLvlId="3" HierarchyLvlTypeId="5" Intrnl_Id="14" Name="Value">
<Header>
<Loc EndOffset="201" SrcFileId="1" StartOffset="187"/>
</Header>
<LocList>
<Loc EndOffset="238" SrcFileId="1" StartOffset="187"/>
</LocList>
<StmntSeq Intrnl_Id="15">
<LocList>
<Loc EndOffset="231" SrcFileId="1" StartOffset="215"/>
</LocList>
<BasicStmnt CovItemId="S3" CovItemPrefix="Value.java" Intrnl_Id="16">
<LocList>
<Loc EndOffset="231" SrcFileId="1" StartOffset="215"/>
</LocList>
</BasicStmnt>
</StmntSeq>
</HierarchyLvl>
<HierarchyLvl HierarchyLvlId="4" HierarchyLvlTypeId="5" Intrnl_Id="17" Name="isDouble">
<Header>
<Loc EndOffset="271" SrcFileId="1" StartOffset="246"/>
</Header>
<LocList>
<Loc EndOffset="392" SrcFileId="1" StartOffset="246"/>
</LocList>
<StmntSeq Intrnl_Id="18">
<LocList>
<Loc EndOffset="368" SrcFileId="1" StartOffset="283"/>
<Loc EndOffset="385" SrcFileId="1" StartOffset="372"/>
</LocList>
<CondStmnt CovItemId="S4" CovItemPrefix="Value.java" Intrnl_Id="19">
<Branch CovItemId="B1" CovItemPrefix="Value.java" Implct="false" Intrnl_Id="20">
<Cond/>
<LocList>
<Loc EndOffset="368" SrcFileId="1" StartOffset="345"/>
</LocList>
<StmntSeq Intrnl_Id="21">
<LocList>
<Loc EndOffset="363" SrcFileId="1" StartOffset="351"/>
</LocList>
<BasicStmnt CovItemId="S5" CovItemPrefix="Value.java" Intrnl_Id="22">
<LocList>
<Loc EndOffset="363" SrcFileId="1" StartOffset="351"/>
</LocList>
</BasicStmnt>
</StmntSeq>
</Branch>
<Branch CovItemId="B2" CovItemPrefix="Value.java" Implct="true" Intrnl_Id="23">
<Cond/>
<LocList/>
<StmntSeq Intrnl_Id="24">
<LocList/>
</StmntSeq>
</Branch>
<Keyword EndOffset="285" SrcFileId="1" StartOffset="283"/>
<LocList>
<Loc EndOffset="368" SrcFileId="1" StartOffset="283"/>
</LocList>
<RootTerm CovItemId="C1" CovItemPrefix="Value.java" Intrnl_Id="25">
<BasicBoolTerm Intrnl_Id="26">
<LocList>
<Loc EndOffset="340" SrcFileId="1" StartOffset="286"/>
</LocList>
</BasicBoolTerm>
</RootTerm>
</CondStmnt>
<BasicStmnt CovItemId="S6" CovItemPrefix="Value.java" Intrnl_Id="27">
<LocList>
<Loc EndOffset="385" SrcFileId="1" StartOffset="372"/>
</LocList>
</BasicStmnt>
</StmntSeq>
</HierarchyLvl>
<HierarchyLvl HierarchyLvlId="5" HierarchyLvlTypeId="5" Intrnl_Id="28" Name="isInt">
<Header>
<Loc EndOffset="426" SrcFileId="1" StartOffset="404"/>
</Header>
<LocList>
<Loc EndOffset="529" SrcFileId="1" StartOffset="404"/>
</LocList>
<StmntSeq Intrnl_Id="29">
<LocList>
<Loc EndOffset="505" SrcFileId="1" StartOffset="437"/>
<Loc EndOffset="522" SrcFileId="1" StartOffset="509"/>
</LocList>
<CondStmnt CovItemId="S7" CovItemPrefix="Value.java" Intrnl_Id="30">
<Branch CovItemId="B3" CovItemPrefix="Value.java" Implct="false" Intrnl_Id="31">
<Cond/>
<LocList>
<Loc EndOffset="505" SrcFileId="1" StartOffset="482"/>
</LocList>
<StmntSeq Intrnl_Id="32">
<LocList>
<Loc EndOffset="500" SrcFileId="1" StartOffset="488"/>
</LocList>
<BasicStmnt CovItemId="S8" CovItemPrefix="Value.java" Intrnl_Id="33">
<LocList>
<Loc EndOffset="500" SrcFileId="1" StartOffset="488"/>
</LocList>
</BasicStmnt>
</StmntSeq>
</Branch>
<Branch CovItemId="B4" CovItemPrefix="Value.java" Implct="true" Intrnl_Id="34">
<Cond/>
<LocList/>
<StmntSeq Intrnl_Id="35">
<LocList/>
</StmntSeq>
</Branch>
<Keyword EndOffset="439" SrcFileId="1" StartOffset="437"/>
<LocList>
<Loc EndOffset="505" SrcFileId="1" StartOffset="437"/>
</LocList>
<RootTerm CovItemId="C2" CovItemPrefix="Value.java" Intrnl_Id="36">
<BasicBoolTerm Intrnl_Id="37">
<LocList>
<Loc EndOffset="477" SrcFileId="1" StartOffset="440"/>
</LocList>
</BasicBoolTerm>
</RootTerm>
</CondStmnt>
<BasicStmnt CovItemId="S9" CovItemPrefix="Value.java" Intrnl_Id="38">
<LocList>
<Loc EndOffset="522" SrcFileId="1" StartOffset="509"/>
</LocList>
</BasicStmnt>
</StmntSeq>
</HierarchyLvl>
<HierarchyLvl HierarchyLvlId="6" HierarchyLvlTypeId="5" Intrnl_Id="39" Name="isDrink">
<Header>
<Loc EndOffset="565" SrcFileId="1" StartOffset="541"/>
</Header>
<LocList>
<Loc EndOffset="662" SrcFileId="1" StartOffset="541"/>
</LocList>
<StmntSeq Intrnl_Id="40">
<LocList>
<Loc EndOffset="638" SrcFileId="1" StartOffset="576"/>
<Loc EndOffset="655" SrcFileId="1" StartOffset="642"/>
</LocList>
<CondStmnt CovItemId="S10" CovItemPrefix="Value.java" Intrnl_Id="41">
<Branch CovItemId="B5" CovItemPrefix="Value.java" Implct="false" Intrnl_Id="42">
<Cond/>
<LocList>
<Loc EndOffset="638" SrcFileId="1" StartOffset="615"/>
</LocList>
<StmntSeq Intrnl_Id="43">
<LocList>
<Loc EndOffset="633" SrcFileId="1" StartOffset="621"/>
</LocList>
<BasicStmnt CovItemId="S11" CovItemPrefix="Value.java" Intrnl_Id="44">
<LocList>
<Loc EndOffset="633" SrcFileId="1" StartOffset="621"/>
</LocList>
</BasicStmnt>
</StmntSeq>
</Branch>
<Branch CovItemId="B6" CovItemPrefix="Value.java" Implct="true" Intrnl_Id="45">
<Cond/>
<LocList/>
<StmntSeq Intrnl_Id="46">
<LocList/>
</StmntSeq>
</Branch>
<Keyword EndOffset="578" SrcFileId="1" StartOffset="576"/>
<LocList>
<Loc EndOffset="638" SrcFileId="1" StartOffset="576"/>
</LocList>
<RootTerm CovItemId="C3" CovItemPrefix="Value.java" Intrnl_Id="47">
<BasicBoolTerm Intrnl_Id="48">
<LocList>
<Loc EndOffset="610" SrcFileId="1" StartOffset="579"/>
</LocList>
</BasicBoolTerm>
</RootTerm>
</CondStmnt>
<BasicStmnt CovItemId="S12" CovItemPrefix="Value.java" Intrnl_Id="49">
<LocList>
<Loc EndOffset="655" SrcFileId="1" StartOffset="642"/>
</LocList>
</BasicStmnt>
</StmntSeq>
</HierarchyLvl>
<HierarchyLvl HierarchyLvlId="7" HierarchyLvlTypeId="5" Intrnl_Id="50" Name="isNumeric">
<Header>
<Loc EndOffset="700" SrcFileId="1" StartOffset="674"/>
</Header>
<LocList>
<Loc EndOffset="881" SrcFileId="1" StartOffset="674"/>
</LocList>
<StmntSeq Intrnl_Id="51">
<LocList>
<Loc EndOffset="854" SrcFileId="1" StartOffset="714"/>
<Loc EndOffset="874" SrcFileId="1" StartOffset="861"/>
</LocList>
<CondStmnt CovItemId="S13" CovItemPrefix="Value.java" Intrnl_Id="52">
<Branch CovItemId="B7" CovItemPrefix="Value.java" Implct="false" Intrnl_Id="53">
<Cond/>
<LocList>
<Loc EndOffset="854" SrcFileId="1" StartOffset="825"/>
</LocList>
<StmntSeq Intrnl_Id="54">
<LocList>
<Loc EndOffset="846" SrcFileId="1" StartOffset="834"/>
</LocList>
<BasicStmnt CovItemId="S14" CovItemPrefix="Value.java" Intrnl_Id="55">
<LocList>
<Loc EndOffset="846" SrcFileId="1" StartOffset="834"/>
</LocList>
</BasicStmnt>
</StmntSeq>
</Branch>
<Branch CovItemId="B8" CovItemPrefix="Value.java" Implct="true" Intrnl_Id="56">
<Cond/>
<LocList/>
<StmntSeq Intrnl_Id="57">
<LocList/>
</StmntSeq>
</Branch>
<Keyword EndOffset="716" SrcFileId="1" StartOffset="714"/>
<LocList>
<Loc EndOffset="854" SrcFileId="1" StartOffset="714"/>
</LocList>
<RootTerm CovItemId="C4" CovItemPrefix="Value.java" Intrnl_Id="58">
<OpTerm BooleanOpId="3" Intrnl_Id="59">
<OpTerm BooleanOpId="3" Intrnl_Id="60">
<OpTerm BooleanOpId="3" Intrnl_Id="61">
<BasicBoolTerm Intrnl_Id="62">
<LocList>
<Loc EndOffset="729" SrcFileId="1" StartOffset="717"/>
</LocList>
</BasicBoolTerm>
<BasicBoolTerm Intrnl_Id="63">
<LocList>
<Loc EndOffset="748" SrcFileId="1" StartOffset="733"/>
</LocList>
</BasicBoolTerm>
<LocList>
<Loc EndOffset="732" SrcFileId="1" StartOffset="730"/>
</LocList>
</OpTerm>
<BasicBoolTerm Intrnl_Id="64">
<LocList>
<Loc EndOffset="781" SrcFileId="1" StartOffset="752"/>
</LocList>
</BasicBoolTerm>
<LocList>
<Loc EndOffset="751" SrcFileId="1" StartOffset="749"/>
</LocList>
</OpTerm>
<BasicBoolTerm Intrnl_Id="65">
<LocList>
<Loc EndOffset="817" SrcFileId="1" StartOffset="785"/>
</LocList>
</BasicBoolTerm>
<LocList>
<Loc EndOffset="784" SrcFileId="1" StartOffset="782"/>
</LocList>
</OpTerm>
</RootTerm>
</CondStmnt>
<BasicStmnt CovItemId="S15" CovItemPrefix="Value.java" Intrnl_Id="66">
<LocList>
<Loc EndOffset="874" SrcFileId="1" StartOffset="861"/>
</LocList>
</BasicStmnt>
</StmntSeq>
</HierarchyLvl>
<HierarchyLvl HierarchyLvlId="8" HierarchyLvlTypeId="5" Intrnl_Id="67" Name="isNumericExpression">
<Header>
<Loc EndOffset="929" SrcFileId="1" StartOffset="893"/>
</Header>
<LocList>
<Loc EndOffset="1105" SrcFileId="1" StartOffset="893"/>
</LocList>
<StmntSeq Intrnl_Id="68">
<LocList>
<Loc EndOffset="1078" SrcFileId="1" StartOffset="943"/>
<Loc EndOffset="1098" SrcFileId="1" StartOffset="1085"/>
</LocList>
<CondStmnt CovItemId="S16" CovItemPrefix="Value.java" Intrnl_Id="69">
<Branch CovItemId="B9" CovItemPrefix="Value.java" Implct="false" Intrnl_Id="70">
<Cond/>
<LocList>
<Loc EndOffset="1078" SrcFileId="1" StartOffset="1049"/>
</LocList>
<StmntSeq Intrnl_Id="71">
<LocList>
<Loc EndOffset="1070" SrcFileId="1" StartOffset="1058"/>
</LocList>
<BasicStmnt CovItemId="S17" CovItemPrefix="Value.java" Intrnl_Id="72">
<LocList>
<Loc EndOffset="1070" SrcFileId="1" StartOffset="1058"/>
</LocList>
</BasicStmnt>
</StmntSeq>
</Branch>
<Branch CovItemId="B10" CovItemPrefix="Value.java" Implct="true" Intrnl_Id="73">
<Cond/>
<LocList/>
<StmntSeq Intrnl_Id="74">
<LocList/>
</StmntSeq>
</Branch>
<Keyword EndOffset="945" SrcFileId="1" StartOffset="943"/>
<LocList>
<Loc EndOffset="1078" SrcFileId="1" StartOffset="943"/>
</LocList>
<RootTerm CovItemId="C5" CovItemPrefix="Value.java" Intrnl_Id="75">
<BasicBoolTerm Intrnl_Id="76">
<LocList>
<Loc EndOffset="1041" SrcFileId="1" StartOffset="946"/>
</LocList>
</BasicBoolTerm>
</RootTerm>
</CondStmnt>
<BasicStmnt CovItemId="S18" CovItemPrefix="Value.java" Intrnl_Id="77">
<LocList>
<Loc EndOffset="1098" SrcFileId="1" StartOffset="1085"/>
</LocList>
</BasicStmnt>
</StmntSeq>
</HierarchyLvl>
<HierarchyLvl HierarchyLvlId="9" HierarchyLvlTypeId="5" Intrnl_Id="78" Name="isChar">
<Header>
<Loc EndOffset="1140" SrcFileId="1" StartOffset="1117"/>
</Header>
<LocList>
<Loc EndOffset="1348" SrcFileId="1" StartOffset="1117"/>
</LocList>
<StmntSeq Intrnl_Id="79">
<LocList>
<Loc EndOffset="1325" SrcFileId="1" StartOffset="1151"/>
<Loc EndOffset="1341" SrcFileId="1" StartOffset="1329"/>
</LocList>
<CondStmnt CovItemId="S19" CovItemPrefix="Value.java" Intrnl_Id="80">
<Branch CovItemId="B11" CovItemPrefix="Value.java" Implct="false" Intrnl_Id="81">
<Cond/>
<LocList>
<Loc EndOffset="1325" SrcFileId="1" StartOffset="1301"/>
</LocList>
<StmntSeq Intrnl_Id="82">
<LocList>
<Loc EndOffset="1320" SrcFileId="1" StartOffset="1307"/>
</LocList>
<BasicStmnt CovItemId="S20" CovItemPrefix="Value.java" Intrnl_Id="83">
<LocList>
<Loc EndOffset="1320" SrcFileId="1" StartOffset="1307"/>
</LocList>
</BasicStmnt>
</StmntSeq>
</Branch>
<Branch CovItemId="B12" CovItemPrefix="Value.java" Implct="true" Intrnl_Id="84">
<Cond/>
<LocList/>
<StmntSeq Intrnl_Id="85">
<LocList/>
</StmntSeq>
</Branch>
<Keyword EndOffset="1153" SrcFileId="1" StartOffset="1151"/>
<LocList>
<Loc EndOffset="1325" SrcFileId="1" StartOffset="1151"/>
</LocList>
<RootTerm CovItemId="C6" CovItemPrefix="Value.java" Intrnl_Id="86">
<OpTerm BooleanOpId="3" Intrnl_Id="87">
<OpTerm BooleanOpId="3" Intrnl_Id="88">
<BasicBoolTerm Intrnl_Id="89">
<LocList>
<Loc EndOffset="1183" SrcFileId="1" StartOffset="1154"/>
</LocList>
</BasicBoolTerm>
<BasicBoolTerm Intrnl_Id="90">
<LocList>
<Loc EndOffset="1227" SrcFileId="1" StartOffset="1194"/>
</LocList>
</BasicBoolTerm>
<LocList>
<Loc EndOffset="1186" SrcFileId="1" StartOffset="1184"/>
</LocList>
</OpTerm>
<BasicBoolTerm Intrnl_Id="91">
<LocList>
<Loc EndOffset="1296" SrcFileId="1" StartOffset="1238"/>
</LocList>
</BasicBoolTerm>
<LocList>
<Loc EndOffset="1230" SrcFileId="1" StartOffset="1228"/>
</LocList>
</OpTerm>
</RootTerm>
</CondStmnt>
<BasicStmnt CovItemId="S21" CovItemPrefix="Value.java" Intrnl_Id="92">
<LocList>
<Loc EndOffset="1341" SrcFileId="1" StartOffset="1329"/>
</LocList>
</BasicStmnt>
</StmntSeq>
</HierarchyLvl>
<HierarchyLvl HierarchyLvlId="10" HierarchyLvlTypeId="5" Intrnl_Id="93" Name="isString">
<Header>
<Loc EndOffset="1385" SrcFileId="1" StartOffset="1360"/>
</Header>
<LocList>
<Loc EndOffset="1627" SrcFileId="1" StartOffset="1360"/>
</LocList>
<StmntSeq Intrnl_Id="94">
<LocList>
<Loc EndOffset="1604" SrcFileId="1" StartOffset="1399"/>
<Loc EndOffset="1620" SrcFileId="1" StartOffset="1608"/>
</LocList>
<CondStmnt CovItemId="S22" CovItemPrefix="Value.java" Intrnl_Id="95">
<Branch CovItemId="B13" CovItemPrefix="Value.java" Implct="false" Intrnl_Id="96">
<Cond/>
<LocList>
<Loc EndOffset="1468" SrcFileId="1" StartOffset="1438"/>
</LocList>
<StmntSeq Intrnl_Id="97">
<LocList>
<Loc EndOffset="1460" SrcFileId="1" StartOffset="1447"/>
</LocList>
<BasicStmnt CovItemId="S23" CovItemPrefix="Value.java" Intrnl_Id="98">
<LocList>
<Loc EndOffset="1460" SrcFileId="1" StartOffset="1447"/>
</LocList>
</BasicStmnt>
</StmntSeq>
</Branch>
<Branch CovItemId="B14" CovItemPrefix="Value.java" Implct="false" Intrnl_Id="99">
<Cond>
<Loc EndOffset="1479" SrcFileId="1" StartOffset="1475"/>
</Cond>
<LocList>
<Loc EndOffset="1604" SrcFileId="1" StartOffset="1480"/>
</LocList>
<StmntSeq Intrnl_Id="100">
<LocList>
<Loc EndOffset="1604" SrcFileId="1" StartOffset="1480"/>
</LocList>
<CondStmnt CovItemId="S24" CovItemPrefix="Value.java" Intrnl_Id="101">
<Branch CovItemId="B15" CovItemPrefix="Value.java" Implct="false" Intrnl_Id="102">
<Cond/>
<LocList>
<Loc EndOffset="1604" SrcFileId="1" StartOffset="1580"/>
</LocList>
<StmntSeq Intrnl_Id="103">
<LocList>
<Loc EndOffset="1599" SrcFileId="1" StartOffset="1586"/>
</LocList>
<BasicStmnt CovItemId="S25" CovItemPrefix="Value.java" Intrnl_Id="104">
<LocList>
<Loc EndOffset="1599" SrcFileId="1" StartOffset="1586"/>
</LocList>
</BasicStmnt>
</StmntSeq>
</Branch>
<Branch CovItemId="B16" CovItemPrefix="Value.java" Implct="true" Intrnl_Id="105">
<Cond/>
<LocList/>
<StmntSeq Intrnl_Id="106">
<LocList/>
</StmntSeq>
</Branch>
<Keyword EndOffset="1482" SrcFileId="1" StartOffset="1480"/>
<LocList>
<Loc EndOffset="1604" SrcFileId="1" StartOffset="1480"/>
</LocList>
<RootTerm CovItemId="C8" CovItemPrefix="Value.java" Intrnl_Id="107">
<OpTerm BooleanOpId="3" Intrnl_Id="108">
<BasicBoolTerm Intrnl_Id="109">
<LocList>
<Loc EndOffset="1515" SrcFileId="1" StartOffset="1483"/>
</LocList>
</BasicBoolTerm>
<BasicBoolTerm Intrnl_Id="110">
<LocList>
<Loc EndOffset="1575" SrcFileId="1" StartOffset="1518"/>
</LocList>
</BasicBoolTerm>
<LocList>
<Loc EndOffset="1517" SrcFileId="1" StartOffset="1515"/>
</LocList>
</OpTerm>
</RootTerm>
</CondStmnt>
</StmntSeq>
</Branch>
<Keyword EndOffset="1401" SrcFileId="1" StartOffset="1399"/>
<LocList>
<Loc EndOffset="1604" SrcFileId="1" StartOffset="1399"/>
</LocList>
<RootTerm CovItemId="C7" CovItemPrefix="Value.java" Intrnl_Id="111">
<BasicBoolTerm Intrnl_Id="112">
<LocList>
<Loc EndOffset="1430" SrcFileId="1" StartOffset="1402"/>
</LocList>
</BasicBoolTerm>
</RootTerm>
</CondStmnt>
<BasicStmnt CovItemId="S26" CovItemPrefix="Value.java" Intrnl_Id="113">
<LocList>
<Loc EndOffset="1620" SrcFileId="1" StartOffset="1608"/>
</LocList>
</BasicStmnt>
</StmntSeq>
</HierarchyLvl>
<HierarchyLvl HierarchyLvlId="11" HierarchyLvlTypeId="5" Intrnl_Id="114" Name="isBool">
<Header>
<Loc EndOffset="1662" SrcFileId="1" StartOffset="1639"/>
</Header>
<LocList>
<Loc EndOffset="1808" SrcFileId="1" StartOffset="1639"/>
</LocList>
<StmntSeq Intrnl_Id="115">
<LocList>
<Loc EndOffset="1781" SrcFileId="1" StartOffset="1676"/>
<Loc EndOffset="1801" SrcFileId="1" StartOffset="1788"/>
</LocList>
<CondStmnt CovItemId="S27" CovItemPrefix="Value.java" Intrnl_Id="116">
<Branch CovItemId="B17" CovItemPrefix="Value.java" Implct="false" Intrnl_Id="117">
<Cond/>
<LocList>
<Loc EndOffset="1781" SrcFileId="1" StartOffset="1752"/>
</LocList>
<StmntSeq Intrnl_Id="118">
<LocList>
<Loc EndOffset="1773" SrcFileId="1" StartOffset="1761"/>
</LocList>
<BasicStmnt CovItemId="S28" CovItemPrefix="Value.java" Intrnl_Id="119">
<LocList>
<Loc EndOffset="1773" SrcFileId="1" StartOffset="1761"/>
</LocList>
</BasicStmnt>
</StmntSeq>
</Branch>
<Branch CovItemId="B18" CovItemPrefix="Value.java" Implct="true" Intrnl_Id="120">
<Cond/>
<LocList/>
<StmntSeq Intrnl_Id="121">
<LocList/>
</StmntSeq>
</Branch>
<Keyword EndOffset="1678" SrcFileId="1" StartOffset="1676"/>
<LocList>
<Loc EndOffset="1781" SrcFileId="1" StartOffset="1676"/>
</LocList>
<RootTerm CovItemId="C9" CovItemPrefix="Value.java" Intrnl_Id="122">
<OpTerm BooleanOpId="3" Intrnl_Id="123">
<BasicBoolTerm Intrnl_Id="124">
<LocList>
<Loc EndOffset="1709" SrcFileId="1" StartOffset="1679"/>
</LocList>
</BasicBoolTerm>
<BasicBoolTerm Intrnl_Id="125">
<LocList>
<Loc EndOffset="1744" SrcFileId="1" StartOffset="1713"/>
</LocList>
</BasicBoolTerm>
<LocList>
<Loc EndOffset="1712" SrcFileId="1" StartOffset="1710"/>
</LocList>
</OpTerm>
</RootTerm>
</CondStmnt>
<BasicStmnt CovItemId="S29" CovItemPrefix="Value.java" Intrnl_Id="126">
<LocList>
<Loc EndOffset="1801" SrcFileId="1" StartOffset="1788"/>
</LocList>
</BasicStmnt>
</StmntSeq>
</HierarchyLvl>
<HierarchyLvl HierarchyLvlId="12" HierarchyLvlTypeId="5" Intrnl_Id="127" Name="isContainer">
<Header>
<Loc EndOffset="1848" SrcFileId="1" StartOffset="1820"/>
</Header>
<LocList>
<Loc EndOffset="2021" SrcFileId="1" StartOffset="1820"/>
</LocList>
<StmntSeq Intrnl_Id="128">
<LocList>
<Loc EndOffset="1994" SrcFileId="1" StartOffset="1862"/>
<Loc EndOffset="2014" SrcFileId="1" StartOffset="2001"/>
</LocList>
<CondStmnt CovItemId="S30" CovItemPrefix="Value.java" Intrnl_Id="129">
<Branch CovItemId="B19" CovItemPrefix="Value.java" Implct="false" Intrnl_Id="130">
<Cond/>
<LocList>
<Loc EndOffset="1994" SrcFileId="1" StartOffset="1965"/>
</LocList>
<StmntSeq Intrnl_Id="131">
<LocList>
<Loc EndOffset="1986" SrcFileId="1" StartOffset="1974"/>
</LocList>
<BasicStmnt CovItemId="S31" CovItemPrefix="Value.java" Intrnl_Id="132">
<LocList>
<Loc EndOffset="1986" SrcFileId="1" StartOffset="1974"/>
</LocList>
</BasicStmnt>
</StmntSeq>
</Branch>
<Branch CovItemId="B20" CovItemPrefix="Value.java" Implct="true" Intrnl_Id="133">
<Cond/>
<LocList/>
<StmntSeq Intrnl_Id="134">
<LocList/>
</StmntSeq>
</Branch>
<Keyword EndOffset="1864" SrcFileId="1" StartOffset="1862"/>
<LocList>
<Loc EndOffset="1994" SrcFileId="1" StartOffset="1862"/>
</LocList>
<RootTerm CovItemId="C10" CovItemPrefix="Value.java" Intrnl_Id="135">
<OpTerm BooleanOpId="3" Intrnl_Id="136">
<BasicBoolTerm Intrnl_Id="137">
<LocList>
<Loc EndOffset="1918" SrcFileId="1" StartOffset="1865"/>
</LocList>
</BasicBoolTerm>
<BasicBoolTerm Intrnl_Id="138">
<LocList>
<Loc EndOffset="1957" SrcFileId="1" StartOffset="1922"/>
</LocList>
</BasicBoolTerm>
<LocList>
<Loc EndOffset="1921" SrcFileId="1" StartOffset="1919"/>
</LocList>
</OpTerm>
</RootTerm>
</CondStmnt>
<BasicStmnt CovItemId="S32" CovItemPrefix="Value.java" Intrnl_Id="139">
<LocList>
<Loc EndOffset="2014" SrcFileId="1" StartOffset="2001"/>
</LocList>
</BasicStmnt>
</StmntSeq>
</HierarchyLvl>
<HierarchyLvl HierarchyLvlId="13" HierarchyLvlTypeId="5" Intrnl_Id="140" Name="isSameType">
<Header>
<Loc EndOffset="2069" SrcFileId="1" StartOffset="2033"/>
</Header>
<LocList>
<Loc EndOffset="2657" SrcFileId="1" StartOffset="2033"/>
</LocList>
<StmntSeq Intrnl_Id="141">
<LocList>
<Loc EndOffset="2152" SrcFileId="1" StartOffset="2083"/>
<Loc EndOffset="2623" SrcFileId="1" StartOffset="2159"/>
<Loc EndOffset="2650" SrcFileId="1" StartOffset="2637"/>
</LocList>
<CondStmnt CovItemId="S33" CovItemPrefix="Value.java" Intrnl_Id="142">
<Branch CovItemId="B21" CovItemPrefix="Value.java" Implct="false" Intrnl_Id="143">
<Cond/>
<LocList>
<Loc EndOffset="2152" SrcFileId="1" StartOffset="2123"/>
</LocList>
<StmntSeq Intrnl_Id="144">
<LocList>
<Loc EndOffset="2144" SrcFileId="1" StartOffset="2132"/>
</LocList>
<BasicStmnt CovItemId="S34" CovItemPrefix="Value.java" Intrnl_Id="145">
<LocList>
<Loc EndOffset="2144" SrcFileId="1" StartOffset="2132"/>
</LocList>
</BasicStmnt>
</StmntSeq>
</Branch>
<Branch CovItemId="B22" CovItemPrefix="Value.java" Implct="true" Intrnl_Id="146">
<Cond/>
<LocList/>
<StmntSeq Intrnl_Id="147">
<LocList/>
</StmntSeq>
</Branch>
<Keyword EndOffset="2085" SrcFileId="1" StartOffset="2083"/>
<LocList>
<Loc EndOffset="2152" SrcFileId="1" StartOffset="2083"/>
</LocList>
<RootTerm CovItemId="C11" CovItemPrefix="Value.java" Intrnl_Id="148">
<OpTerm BooleanOpId="2" Intrnl_Id="149">
<BasicBoolTerm Intrnl_Id="150">
<LocList>
<Loc EndOffset="2099" SrcFileId="1" StartOffset="2086"/>
</LocList>
</BasicBoolTerm>
<BasicBoolTerm Intrnl_Id="151">
<LocList>
<Loc EndOffset="2115" SrcFileId="1" StartOffset="2103"/>
</LocList>
</BasicBoolTerm>
<LocList>
<Loc EndOffset="2102" SrcFileId="1" StartOffset="2100"/>
</LocList>
</OpTerm>
</RootTerm>
</CondStmnt>
<CondStmnt CovItemId="S35" CovItemPrefix="Value.java" Intrnl_Id="152">
<Branch CovItemId="B23" CovItemPrefix="Value.java" Implct="false" Intrnl_Id="153">
<Cond/>
<LocList>
<Loc EndOffset="2238" SrcFileId="1" StartOffset="2209"/>
</LocList>
<StmntSeq Intrnl_Id="154">
<LocList>
<Loc EndOffset="2230" SrcFileId="1" StartOffset="2218"/>
</LocList>
<BasicStmnt CovItemId="S36" CovItemPrefix="Value.java" Intrnl_Id="155">
<LocList>
<Loc EndOffset="2230" SrcFileId="1" StartOffset="2218"/>
</LocList>
</BasicStmnt>
</StmntSeq>
</Branch>
<Branch CovItemId="B24" CovItemPrefix="Value.java" Implct="false" Intrnl_Id="156">
<Cond>
<Loc EndOffset="2249" SrcFileId="1" StartOffset="2245"/>
</Cond>
<LocList>
<Loc EndOffset="2623" SrcFileId="1" StartOffset="2250"/>
</LocList>
<StmntSeq Intrnl_Id="157">
<LocList>
<Loc EndOffset="2623" SrcFileId="1" StartOffset="2250"/>
</LocList>
<CondStmnt CovItemId="S37" CovItemPrefix="Value.java" Intrnl_Id="158">
<Branch CovItemId="B25" CovItemPrefix="Value.java" Implct="false" Intrnl_Id="159">
<Cond/>
<LocList>
<Loc EndOffset="2319" SrcFileId="1" StartOffset="2290"/>
</LocList>
<StmntSeq Intrnl_Id="160">
<LocList>
<Loc EndOffset="2311" SrcFileId="1" StartOffset="2299"/>
</LocList>
<BasicStmnt CovItemId="S38" CovItemPrefix="Value.java" Intrnl_Id="161">
<LocList>
<Loc EndOffset="2311" SrcFileId="1" StartOffset="2299"/>
</LocList>
</BasicStmnt>
</StmntSeq>
</Branch>
<Branch CovItemId="B26" CovItemPrefix="Value.java" Implct="false" Intrnl_Id="162">
<Cond>
<Loc EndOffset="2330" SrcFileId="1" StartOffset="2326"/>
</Cond>
<LocList>
<Loc EndOffset="2623" SrcFileId="1" StartOffset="2331"/>
</LocList>
<StmntSeq Intrnl_Id="163">
<LocList>
<Loc EndOffset="2623" SrcFileId="1" StartOffset="2331"/>
</LocList>
<CondStmnt CovItemId="S39" CovItemPrefix="Value.java" Intrnl_Id="164">
<Branch CovItemId="B27" CovItemPrefix="Value.java" Implct="false" Intrnl_Id="165">
<Cond/>
<LocList>
<Loc EndOffset="2455" SrcFileId="1" StartOffset="2426"/>
</LocList>
<StmntSeq Intrnl_Id="166">
<LocList>
<Loc EndOffset="2447" SrcFileId="1" StartOffset="2435"/>
</LocList>
<BasicStmnt CovItemId="S40" CovItemPrefix="Value.java" Intrnl_Id="167">
<LocList>
<Loc EndOffset="2447" SrcFileId="1" StartOffset="2435"/>
</LocList>
</BasicStmnt>
</StmntSeq>
</Branch>
<Branch CovItemId="B28" CovItemPrefix="Value.java" Implct="false" Intrnl_Id="168">
<Cond>
<Loc EndOffset="2466" SrcFileId="1" StartOffset="2462"/>
</Cond>
<LocList>
<Loc EndOffset="2623" SrcFileId="1" StartOffset="2467"/>
</LocList>
<StmntSeq Intrnl_Id="169">
<LocList>
<Loc EndOffset="2623" SrcFileId="1" StartOffset="2467"/>
</LocList>
<CondStmnt CovItemId="S41" CovItemPrefix="Value.java" Intrnl_Id="170">
<Branch CovItemId="B29" CovItemPrefix="Value.java" Implct="false" Intrnl_Id="171">
<Cond/>
<LocList>
<Loc EndOffset="2540" SrcFileId="1" StartOffset="2511"/>
</LocList>
<StmntSeq Intrnl_Id="172">
<LocList>
<Loc EndOffset="2532" SrcFileId="1" StartOffset="2520"/>
</LocList>
<BasicStmnt CovItemId="S42" CovItemPrefix="Value.java" Intrnl_Id="173">
<LocList>
<Loc EndOffset="2532" SrcFileId="1" StartOffset="2520"/>
</LocList>
</BasicStmnt>
</StmntSeq>
</Branch>
<Branch CovItemId="B30" CovItemPrefix="Value.java" Implct="false" Intrnl_Id="174">
<Cond>
<Loc EndOffset="2551" SrcFileId="1" StartOffset="2547"/>
</Cond>
<LocList>
<Loc EndOffset="2623" SrcFileId="1" StartOffset="2552"/>
</LocList>
<StmntSeq Intrnl_Id="175">
<LocList>
<Loc EndOffset="2623" SrcFileId="1" StartOffset="2552"/>
</LocList>
<CondStmnt CovItemId="S43" CovItemPrefix="Value.java" Intrnl_Id="176">
<Branch CovItemId="B31" CovItemPrefix="Value.java" Implct="false" Intrnl_Id="177">
<Cond/>
<LocList>
<Loc EndOffset="2623" SrcFileId="1" StartOffset="2594"/>
</LocList>
<StmntSeq Intrnl_Id="178">
<LocList>
<Loc EndOffset="2615" SrcFileId="1" StartOffset="2603"/>
</LocList>
<BasicStmnt CovItemId="S44" CovItemPrefix="Value.java" Intrnl_Id="179">
<LocList>
<Loc EndOffset="2615" SrcFileId="1" StartOffset="2603"/>
</LocList>
</BasicStmnt>
</StmntSeq>
</Branch>
<Branch CovItemId="B32" CovItemPrefix="Value.java" Implct="true" Intrnl_Id="180">
<Cond/>
<LocList/>
<StmntSeq Intrnl_Id="181">
<LocList/>
</StmntSeq>
</Branch>
<Keyword EndOffset="2554" SrcFileId="1" StartOffset="2552"/>
<LocList>
<Loc EndOffset="2623" SrcFileId="1" StartOffset="2552"/>
</LocList>
<RootTerm CovItemId="C16" CovItemPrefix="Value.java" Intrnl_Id="182">
<OpTerm BooleanOpId="2" Intrnl_Id="183">
<BasicBoolTerm Intrnl_Id="184">
<LocList>
<Loc EndOffset="2569" SrcFileId="1" StartOffset="2555"/>
</LocList>
</BasicBoolTerm>
<BasicBoolTerm Intrnl_Id="185">
<LocList>
<Loc EndOffset="2586" SrcFileId="1" StartOffset="2573"/>
</LocList>
</BasicBoolTerm>
<LocList>
<Loc EndOffset="2572" SrcFileId="1" StartOffset="2570"/>
</LocList>
</OpTerm>
</RootTerm>
</CondStmnt>
</StmntSeq>
</Branch>
<Keyword EndOffset="2469" SrcFileId="1" StartOffset="2467"/>
<LocList>
<Loc EndOffset="2623" SrcFileId="1" StartOffset="2467"/>
</LocList>
<RootTerm CovItemId="C15" CovItemPrefix="Value.java" Intrnl_Id="186">
<OpTerm BooleanOpId="2" Intrnl_Id="187">
<BasicBoolTerm Intrnl_Id="188">
<LocList>
<Loc EndOffset="2485" SrcFileId="1" StartOffset="2470"/>
</LocList>
</BasicBoolTerm>
<BasicBoolTerm Intrnl_Id="189">
<LocList>
<Loc EndOffset="2503" SrcFileId="1" StartOffset="2489"/>
</LocList>
</BasicBoolTerm>
<LocList>
<Loc EndOffset="2488" SrcFileId="1" StartOffset="2486"/>
</LocList>
</OpTerm>
</RootTerm>
</CondStmnt>
</StmntSeq>
</Branch>
<Keyword EndOffset="2333" SrcFileId="1" StartOffset="2331"/>
<LocList>
<Loc EndOffset="2623" SrcFileId="1" StartOffset="2331"/>
</LocList>
<RootTerm CovItemId="C14" CovItemPrefix="Value.java" Intrnl_Id="190">
<OpTerm BooleanOpId="3" Intrnl_Id="191">
<OpTerm BooleanOpId="2" Intrnl_Id="192">
<BasicBoolTerm Intrnl_Id="193">
<LocList>
<Loc EndOffset="2350" SrcFileId="1" StartOffset="2334"/>
</LocList>
</BasicBoolTerm>
<BasicBoolTerm Intrnl_Id="194">
<LocList>
<Loc EndOffset="2369" SrcFileId="1" StartOffset="2354"/>
</LocList>
</BasicBoolTerm>
<LocList>
<Loc EndOffset="2353" SrcFileId="1" StartOffset="2351"/>
</LocList>
</OpTerm>
<OpTerm BooleanOpId="2" Intrnl_Id="195">
<BasicBoolTerm Intrnl_Id="196">
<LocList>
<Loc EndOffset="2389" SrcFileId="1" StartOffset="2373"/>
</LocList>
</BasicBoolTerm>
<BasicBoolTerm Intrnl_Id="197">
<LocList>
<Loc EndOffset="2418" SrcFileId="1" StartOffset="2393"/>
</LocList>
</BasicBoolTerm>
<LocList>
<Loc EndOffset="2392" SrcFileId="1" StartOffset="2390"/>
</LocList>
</OpTerm>
<LocList>
<Loc EndOffset="2372" SrcFileId="1" StartOffset="2370"/>
</LocList>
</OpTerm>
</RootTerm>
</CondStmnt>
</StmntSeq>
</Branch>
<Keyword EndOffset="2252" SrcFileId="1" StartOffset="2250"/>
<LocList>
<Loc EndOffset="2623" SrcFileId="1" StartOffset="2250"/>
</LocList>
<RootTerm CovItemId="C13" CovItemPrefix="Value.java" Intrnl_Id="198">
<OpTerm BooleanOpId="2" Intrnl_Id="199">
<BasicBoolTerm Intrnl_Id="200">
<LocList>
<Loc EndOffset="2266" SrcFileId="1" StartOffset="2253"/>
</LocList>
</BasicBoolTerm>
<BasicBoolTerm Intrnl_Id="201">
<LocList>
<Loc EndOffset="2282" SrcFileId="1" StartOffset="2270"/>
</LocList>
</BasicBoolTerm>
<LocList>
<Loc EndOffset="2269" SrcFileId="1" StartOffset="2267"/>
</LocList>
</OpTerm>
</RootTerm>
</CondStmnt>
</StmntSeq>
</Branch>
<Keyword EndOffset="2161" SrcFileId="1" StartOffset="2159"/>
<LocList>
<Loc EndOffset="2623" SrcFileId="1" StartOffset="2159"/>
</LocList>
<RootTerm CovItemId="C12" CovItemPrefix="Value.java" Intrnl_Id="202">
<OpTerm BooleanOpId="2" Intrnl_Id="203">
<BasicBoolTerm Intrnl_Id="204">
<LocList>
<Loc EndOffset="2180" SrcFileId="1" StartOffset="2162"/>
</LocList>
</BasicBoolTerm>
<BasicBoolTerm Intrnl_Id="205">
<LocList>
<Loc EndOffset="2201" SrcFileId="1" StartOffset="2184"/>
</LocList>
</BasicBoolTerm>
<LocList>
<Loc EndOffset="2183" SrcFileId="1" StartOffset="2181"/>
</LocList>
</OpTerm>
</RootTerm>
</CondStmnt>
<BasicStmnt CovItemId="S45" CovItemPrefix="Value.java" Intrnl_Id="206">
<LocList>
<Loc EndOffset="2650" SrcFileId="1" StartOffset="2637"/>
</LocList>
</BasicStmnt>
</StmntSeq>
</HierarchyLvl>
<HierarchyLvl HierarchyLvlId="14" HierarchyLvlTypeId="5" Intrnl_Id="207" Name="GetType">
<Header>
<Loc EndOffset="2692" SrcFileId="1" StartOffset="2669"/>
</Header>
<LocList>
<Loc EndOffset="3464" SrcFileId="1" StartOffset="2669"/>
</LocList>
<StmntSeq Intrnl_Id="208">
<LocList>
<Loc EndOffset="3457" SrcFileId="1" StartOffset="2706"/>
</LocList>
<CondStmnt CovItemId="S46" CovItemPrefix="Value.java" Intrnl_Id="209">
<Branch CovItemId="B33" CovItemPrefix="Value.java" Implct="false" Intrnl_Id="210">
<Cond/>
<LocList>
<Loc EndOffset="2795" SrcFileId="1" StartOffset="2764"/>
</LocList>
<StmntSeq Intrnl_Id="211">
<LocList>
<Loc EndOffset="2787" SrcFileId="1" StartOffset="2773"/>
</LocList>
<BasicStmnt CovItemId="S47" CovItemPrefix="Value.java" Intrnl_Id="212">
<LocList>
<Loc EndOffset="2787" SrcFileId="1" StartOffset="2773"/>
</LocList>
</BasicStmnt>
</StmntSeq>
</Branch>
<Branch CovItemId="B34" CovItemPrefix="Value.java" Implct="false" Intrnl_Id="213">
<Cond>
<Loc EndOffset="2806" SrcFileId="1" StartOffset="2802"/>
</Cond>
<LocList>
<Loc EndOffset="3457" SrcFileId="1" StartOffset="2807"/>
</LocList>
<StmntSeq Intrnl_Id="214">
<LocList>
<Loc EndOffset="3457" SrcFileId="1" StartOffset="2807"/>
</LocList>
<CondStmnt CovItemId="S48" CovItemPrefix="Value.java" Intrnl_Id="215">
<Branch CovItemId="B35" CovItemPrefix="Value.java" Implct="false" Intrnl_Id="216">
<Cond/>
<LocList>
<Loc EndOffset="2911" SrcFileId="1" StartOffset="2875"/>
</LocList>
<StmntSeq Intrnl_Id="217">
<LocList>
<Loc EndOffset="2903" SrcFileId="1" StartOffset="2884"/>
</LocList>
<BasicStmnt CovItemId="S49" CovItemPrefix="Value.java" Intrnl_Id="218">
<LocList>
<Loc EndOffset="2903" SrcFileId="1" StartOffset="2884"/>
</LocList>
</BasicStmnt>
</StmntSeq>
</Branch>
<Branch CovItemId="B36" CovItemPrefix="Value.java" Implct="false" Intrnl_Id="219">
<Cond>
<Loc EndOffset="2922" SrcFileId="1" StartOffset="2918"/>
</Cond>
<LocList>
<Loc EndOffset="3457" SrcFileId="1" StartOffset="2923"/>
</LocList>
<StmntSeq Intrnl_Id="220">
<LocList>
<Loc EndOffset="3457" SrcFileId="1" StartOffset="2923"/>
</LocList>
<CondStmnt CovItemId="S50" CovItemPrefix="Value.java" Intrnl_Id="221">
<Branch CovItemId="B37" CovItemPrefix="Value.java" Implct="false" Intrnl_Id="222">
<Cond/>
<LocList>
<Loc EndOffset="3009" SrcFileId="1" StartOffset="2979"/>
</LocList>
<StmntSeq Intrnl_Id="223">
<LocList>
<Loc EndOffset="3001" SrcFileId="1" StartOffset="2988"/>
</LocList>
<BasicStmnt CovItemId="S51" CovItemPrefix="Value.java" Intrnl_Id="224">
<LocList>
<Loc EndOffset="3001" SrcFileId="1" StartOffset="2988"/>
</LocList>
</BasicStmnt>
</StmntSeq>
</Branch>
<Branch CovItemId="B38" CovItemPrefix="Value.java" Implct="false" Intrnl_Id="225">
<Cond>
<Loc EndOffset="3020" SrcFileId="1" StartOffset="3016"/>
</Cond>
<LocList>
<Loc EndOffset="3457" SrcFileId="1" StartOffset="3021"/>
</LocList>
<StmntSeq Intrnl_Id="226">
<LocList>
<Loc EndOffset="3457" SrcFileId="1" StartOffset="3021"/>
</LocList>
<CondStmnt CovItemId="S52" CovItemPrefix="Value.java" Intrnl_Id="227">
<Branch CovItemId="B39" CovItemPrefix="Value.java" Implct="false" Intrnl_Id="228">
<Cond/>
<LocList>
<Loc EndOffset="3116" SrcFileId="1" StartOffset="3083"/>
</LocList>
<StmntSeq Intrnl_Id="229">
<LocList>
<Loc EndOffset="3108" SrcFileId="1" StartOffset="3092"/>
</LocList>
<BasicStmnt CovItemId="S53" CovItemPrefix="Value.java" Intrnl_Id="230">
<LocList>
<Loc EndOffset="3108" SrcFileId="1" StartOffset="3092"/>
</LocList>
</BasicStmnt>
</StmntSeq>
</Branch>
<Branch CovItemId="B40" CovItemPrefix="Value.java" Implct="false" Intrnl_Id="231">
<Cond>
<Loc EndOffset="3127" SrcFileId="1" StartOffset="3123"/>
</Cond>
<LocList>
<Loc EndOffset="3457" SrcFileId="1" StartOffset="3128"/>
</LocList>
<StmntSeq Intrnl_Id="232">
<LocList>
<Loc EndOffset="3457" SrcFileId="1" StartOffset="3128"/>
</LocList>
<CondStmnt CovItemId="S54" CovItemPrefix="Value.java" Intrnl_Id="233">
<Branch CovItemId="B41" CovItemPrefix="Value.java" Implct="false" Intrnl_Id="234">
<Cond/>
<LocList>
<Loc EndOffset="3217" SrcFileId="1" StartOffset="3186"/>
</LocList>
<StmntSeq Intrnl_Id="235">
<LocList>
<Loc EndOffset="3209" SrcFileId="1" StartOffset="3195"/>
</LocList>
<BasicStmnt CovItemId="S55" CovItemPrefix="Value.java" Intrnl_Id="236">
<LocList>
<Loc EndOffset="3209" SrcFileId="1" StartOffset="3195"/>
</LocList>
</BasicStmnt>
</StmntSeq>
</Branch>
<Branch CovItemId="B42" CovItemPrefix="Value.java" Implct="false" Intrnl_Id="237">
<Cond>
<Loc EndOffset="3228" SrcFileId="1" StartOffset="3224"/>
</Cond>
<LocList>
<Loc EndOffset="3457" SrcFileId="1" StartOffset="3229"/>
</LocList>
<StmntSeq Intrnl_Id="238">
<LocList>
<Loc EndOffset="3457" SrcFileId="1" StartOffset="3229"/>
</LocList>
<CondStmnt CovItemId="S56" CovItemPrefix="Value.java" Intrnl_Id="239">
<Branch CovItemId="B43" CovItemPrefix="Value.java" Implct="false" Intrnl_Id="240">
<Cond/>
<LocList>
<Loc EndOffset="3324" SrcFileId="1" StartOffset="3291"/>
</LocList>
<StmntSeq Intrnl_Id="241">
<LocList>
<Loc EndOffset="3316" SrcFileId="1" StartOffset="3300"/>
</LocList>
<BasicStmnt CovItemId="S57" CovItemPrefix="Value.java" Intrnl_Id="242">
<LocList>
<Loc EndOffset="3316" SrcFileId="1" StartOffset="3300"/>
</LocList>
</BasicStmnt>
</StmntSeq>
</Branch>
<Branch CovItemId="B44" CovItemPrefix="Value.java" Implct="false" Intrnl_Id="243">
<Cond>
<Loc EndOffset="3335" SrcFileId="1" StartOffset="3331"/>
</Cond>
<LocList>
<Loc EndOffset="3457" SrcFileId="1" StartOffset="3336"/>
</LocList>
<StmntSeq Intrnl_Id="244">
<LocList>
<Loc EndOffset="3457" SrcFileId="1" StartOffset="3336"/>
</LocList>
<CondStmnt CovItemId="S58" CovItemPrefix="Value.java" Intrnl_Id="245">
<Branch CovItemId="B45" CovItemPrefix="Value.java" Implct="false" Intrnl_Id="246">
<Cond/>
<LocList>
<Loc EndOffset="3410" SrcFileId="1" StartOffset="3378"/>
</LocList>
<StmntSeq Intrnl_Id="247">
<LocList>
<Loc EndOffset="3402" SrcFileId="1" StartOffset="3387"/>
</LocList>
<BasicStmnt CovItemId="S59" CovItemPrefix="Value.java" Intrnl_Id="248">
<LocList>
<Loc EndOffset="3402" SrcFileId="1" StartOffset="3387"/>
</LocList>
</BasicStmnt>
</StmntSeq>
</Branch>
<Branch CovItemId="B46" CovItemPrefix="Value.java" Implct="false" Intrnl_Id="249">
<Cond>
<Loc EndOffset="3421" SrcFileId="1" StartOffset="3417"/>
</Cond>
<LocList>
<Loc EndOffset="3457" SrcFileId="1" StartOffset="3428"/>
</LocList>
<StmntSeq Intrnl_Id="250">
<LocList>
<Loc EndOffset="3449" SrcFileId="1" StartOffset="3437"/>
</LocList>
<BasicStmnt CovItemId="S60" CovItemPrefix="Value.java" Intrnl_Id="251">
<LocList>
<Loc EndOffset="3449" SrcFileId="1" StartOffset="3437"/>
</LocList>
</BasicStmnt>
</StmntSeq>
</Branch>
<Keyword EndOffset="3338" SrcFileId="1" StartOffset="3336"/>
<LocList>
<Loc EndOffset="3457" SrcFileId="1" StartOffset="3336"/>
</LocList>
<RootTerm CovItemId="C23" CovItemPrefix="Value.java" Intrnl_Id="252">
<BasicBoolTerm Intrnl_Id="253">
<LocList>
<Loc EndOffset="3370" SrcFileId="1" StartOffset="3339"/>
</LocList>
</BasicBoolTerm>
</RootTerm>
</CondStmnt>
</StmntSeq>
</Branch>
<Keyword EndOffset="3231" SrcFileId="1" StartOffset="3229"/>
<LocList>
<Loc EndOffset="3457" SrcFileId="1" StartOffset="3229"/>
</LocList>
<RootTerm CovItemId="C22" CovItemPrefix="Value.java" Intrnl_Id="254">
<OpTerm BooleanOpId="3" Intrnl_Id="255">
<BasicBoolTerm Intrnl_Id="256">
<LocList>
<Loc EndOffset="3247" SrcFileId="1" StartOffset="3232"/>
</LocList>
</BasicBoolTerm>
<BasicBoolTerm Intrnl_Id="257">
<LocList>
<Loc EndOffset="3283" SrcFileId="1" StartOffset="3251"/>
</LocList>
</BasicBoolTerm>
<LocList>
<Loc EndOffset="3250" SrcFileId="1" StartOffset="3248"/>
</LocList>
</OpTerm>
</RootTerm>
</CondStmnt>
</StmntSeq>
</Branch>
<Keyword EndOffset="3130" SrcFileId="1" StartOffset="3128"/>
<LocList>
<Loc EndOffset="3457" SrcFileId="1" StartOffset="3128"/>
</LocList>
<RootTerm CovItemId="C21" CovItemPrefix="Value.java" Intrnl_Id="258">
<OpTerm BooleanOpId="3" Intrnl_Id="259">
<BasicBoolTerm Intrnl_Id="260">
<LocList>
<Loc EndOffset="3144" SrcFileId="1" StartOffset="3131"/>
</LocList>
</BasicBoolTerm>
<BasicBoolTerm Intrnl_Id="261">
<LocList>
<Loc EndOffset="3178" SrcFileId="1" StartOffset="3148"/>
</LocList>
</BasicBoolTerm>
<LocList>
<Loc EndOffset="3147" SrcFileId="1" StartOffset="3145"/>
</LocList>
</OpTerm>
</RootTerm>
</CondStmnt>
</StmntSeq>
</Branch>
<Keyword EndOffset="3023" SrcFileId="1" StartOffset="3021"/>
<LocList>
<Loc EndOffset="3457" SrcFileId="1" StartOffset="3021"/>
</LocList>
<RootTerm CovItemId="C20" CovItemPrefix="Value.java" Intrnl_Id="262">
<OpTerm BooleanOpId="3" Intrnl_Id="263">
<BasicBoolTerm Intrnl_Id="264">
<LocList>
<Loc EndOffset="3039" SrcFileId="1" StartOffset="3024"/>
</LocList>
</BasicBoolTerm>
<BasicBoolTerm Intrnl_Id="265">
<LocList>
<Loc EndOffset="3075" SrcFileId="1" StartOffset="3043"/>
</LocList>
</BasicBoolTerm>
<LocList>
<Loc EndOffset="3042" SrcFileId="1" StartOffset="3040"/>
</LocList>
</OpTerm>
</RootTerm>
</CondStmnt>
</StmntSeq>
</Branch>
<Keyword EndOffset="2925" SrcFileId="1" StartOffset="2923"/>
<LocList>
<Loc EndOffset="3457" SrcFileId="1" StartOffset="2923"/>
</LocList>
<RootTerm CovItemId="C19" CovItemPrefix="Value.java" Intrnl_Id="266">
<OpTerm BooleanOpId="3" Intrnl_Id="267">
<BasicBoolTerm Intrnl_Id="268">
<LocList>
<Loc EndOffset="2938" SrcFileId="1" StartOffset="2926"/>
</LocList>
</BasicBoolTerm>
<BasicBoolTerm Intrnl_Id="269">
<LocList>
<Loc EndOffset="2971" SrcFileId="1" StartOffset="2942"/>
</LocList>
</BasicBoolTerm>
<LocList>
<Loc EndOffset="2941" SrcFileId="1" StartOffset="2939"/>
</LocList>
</OpTerm>
</RootTerm>
</CondStmnt>
</StmntSeq>
</Branch>
<Keyword EndOffset="2809" SrcFileId="1" StartOffset="2807"/>
<LocList>
<Loc EndOffset="3457" SrcFileId="1" StartOffset="2807"/>
</LocList>
<RootTerm CovItemId="C18" CovItemPrefix="Value.java" Intrnl_Id="270">
<OpTerm BooleanOpId="3" Intrnl_Id="271">
<BasicBoolTerm Intrnl_Id="272">
<LocList>
<Loc EndOffset="2845" SrcFileId="1" StartOffset="2810"/>
</LocList>
</BasicBoolTerm>
<BasicBoolTerm Intrnl_Id="273">
<LocList>
<Loc EndOffset="2867" SrcFileId="1" StartOffset="2849"/>
</LocList>
</BasicBoolTerm>
<LocList>
<Loc EndOffset="2848" SrcFileId="1" StartOffset="2846"/>
</LocList>
</OpTerm>
</RootTerm>
</CondStmnt>
</StmntSeq>
</Branch>
<Keyword EndOffset="2708" SrcFileId="1" StartOffset="2706"/>
<LocList>
<Loc EndOffset="3457" SrcFileId="1" StartOffset="2706"/>
</LocList>
<RootTerm CovItemId="C17" CovItemPrefix="Value.java" Intrnl_Id="274">
<OpTerm BooleanOpId="3" Intrnl_Id="275">
<BasicBoolTerm Intrnl_Id="276">
<LocList>
<Loc EndOffset="2722" SrcFileId="1" StartOffset="2709"/>
</LocList>
</BasicBoolTerm>
<BasicBoolTerm Intrnl_Id="277">
<LocList>
<Loc EndOffset="2756" SrcFileId="1" StartOffset="2726"/>
</LocList>
</BasicBoolTerm>
<LocList>
<Loc EndOffset="2725" SrcFileId="1" StartOffset="2723"/>
</LocList>
</OpTerm>
</RootTerm>
</CondStmnt>
</StmntSeq>
</HierarchyLvl>
<HierarchyLvl HierarchyLvlId="15" HierarchyLvlTypeId="5" Intrnl_Id="278" Name="equals">
<Header>
<Loc EndOffset="3518" SrcFileId="1" StartOffset="3472"/>
</Header>
<LocList>
<Loc EndOffset="3793" SrcFileId="1" StartOffset="3472"/>
</LocList>
<StmntSeq Intrnl_Id="279">
<LocList>
<Loc EndOffset="3585" SrcFileId="1" StartOffset="3532"/>
<Loc EndOffset="3703" SrcFileId="1" StartOffset="3597"/>
<Loc EndOffset="3737" SrcFileId="1" StartOffset="3715"/>
<Loc EndOffset="3786" SrcFileId="1" StartOffset="3749"/>
</LocList>
<CondStmnt CovItemId="S61" CovItemPrefix="Value.java" Intrnl_Id="280">
<Branch CovItemId="B47" CovItemPrefix="Value.java" Implct="false" Intrnl_Id="281">
<Cond/>
<LocList>
<Loc EndOffset="3585" SrcFileId="1" StartOffset="3547"/>
</LocList>
<StmntSeq Intrnl_Id="282">
<LocList>
<Loc EndOffset="3574" SrcFileId="1" StartOffset="3562"/>
</LocList>
<BasicStmnt CovItemId="S62" CovItemPrefix="Value.java" Intrnl_Id="283">
<LocList>
<Loc EndOffset="3574" SrcFileId="1" StartOffset="3562"/>
</LocList>
</BasicStmnt>
</StmntSeq>
</Branch>
<Branch CovItemId="B48" CovItemPrefix="Value.java" Implct="true" Intrnl_Id="284">
<Cond/>
<LocList/>
<StmntSeq Intrnl_Id="285">
<LocList/>
</StmntSeq>
</Branch>
<Keyword EndOffset="3534" SrcFileId="1" StartOffset="3532"/>
<LocList>
<Loc EndOffset="3585" SrcFileId="1" StartOffset="3532"/>
</LocList>
<RootTerm CovItemId="C24" CovItemPrefix="Value.java" Intrnl_Id="286">
<BasicBoolTerm Intrnl_Id="287">
<LocList>
<Loc EndOffset="3545" SrcFileId="1" StartOffset="3535"/>
</LocList>
</BasicBoolTerm>
</RootTerm>
</CondStmnt>
<CondStmnt CovItemId="S63" CovItemPrefix="Value.java" Intrnl_Id="288">
<Branch CovItemId="B49" CovItemPrefix="Value.java" Implct="false" Intrnl_Id="289">
<Cond/>
<LocList>
<Loc EndOffset="3703" SrcFileId="1" StartOffset="3664"/>
</LocList>
<StmntSeq Intrnl_Id="290">
<LocList>
<Loc EndOffset="3692" SrcFileId="1" StartOffset="3679"/>
</LocList>
<BasicStmnt CovItemId="S64" CovItemPrefix="Value.java" Intrnl_Id="291">
<LocList>
<Loc EndOffset="3692" SrcFileId="1" StartOffset="3679"/>
</LocList>
</BasicStmnt>
</StmntSeq>
</Branch>
<Branch CovItemId="B50" CovItemPrefix="Value.java" Implct="true" Intrnl_Id="292">
<Cond/>
<LocList/>
<StmntSeq Intrnl_Id="293">
<LocList/>
</StmntSeq>
</Branch>
<Keyword EndOffset="3599" SrcFileId="1" StartOffset="3597"/>
<LocList>
<Loc EndOffset="3703" SrcFileId="1" StartOffset="3597"/>
</LocList>
<RootTerm CovItemId="C25" CovItemPrefix="Value.java" Intrnl_Id="294">
<OpTerm BooleanOpId="3" Intrnl_Id="295">
<OpTerm BooleanOpId="3" Intrnl_Id="296">
<BasicBoolTerm Intrnl_Id="297">
<LocList>
<Loc EndOffset="3613" SrcFileId="1" StartOffset="3600"/>
</LocList>
</BasicBoolTerm>
<BasicBoolTerm Intrnl_Id="298">
<LocList>
<Loc EndOffset="3626" SrcFileId="1" StartOffset="3617"/>
</LocList>
</BasicBoolTerm>
<LocList>
<Loc EndOffset="3616" SrcFileId="1" StartOffset="3614"/>
</LocList>
</OpTerm>
<BasicBoolTerm Intrnl_Id="299">
<LocList>
<Loc EndOffset="3662" SrcFileId="1" StartOffset="3630"/>
</LocList>
</BasicBoolTerm>
<LocList>
<Loc EndOffset="3629" SrcFileId="1" StartOffset="3627"/>
</LocList>
</OpTerm>
</RootTerm>
</CondStmnt>
<BasicStmnt CovItemId="S65" CovItemPrefix="Value.java" Intrnl_Id="300">
<LocList>
<Loc EndOffset="3737" SrcFileId="1" StartOffset="3715"/>
</LocList>
</BasicStmnt>
<BasicStmnt CovItemId="S66" CovItemPrefix="Value.java" Intrnl_Id="301">
<LocList>
<Loc EndOffset="3786" SrcFileId="1" StartOffset="3749"/>
</LocList>
</BasicStmnt>
</StmntSeq>
</HierarchyLvl>
<HierarchyLvl HierarchyLvlId="16" HierarchyLvlTypeId="5" Intrnl_Id="302" Name="toString">
<Header>
<Loc EndOffset="3840" SrcFileId="1" StartOffset="3801"/>
</Header>
<LocList>
<Loc EndOffset="3888" SrcFileId="1" StartOffset="3801"/>
</LocList>
<StmntSeq Intrnl_Id="303">
<LocList>
<Loc EndOffset="3881" SrcFileId="1" StartOffset="3852"/>
</LocList>
<BasicStmnt CovItemId="S67" CovItemPrefix="Value.java" Intrnl_Id="304">
<LocList>
<Loc EndOffset="3881" SrcFileId="1" StartOffset="3852"/>
</LocList>
</BasicStmnt>
</StmntSeq>
</HierarchyLvl>
</HierarchyLvl>
</HierarchyLvl>
</MASTRoot>
<TestSession Comment="" Date="1367928411637" Name="May 7, 2013 2:06:51 PM">
<TestCase Comment="This is a test case containing all coverage results cause no startTestCase methods where captured." Date="1367928411274" Name="UNNAMED TESTCASE">
<CovList>
<CovPrefix CovItemPrefix="Value.java">
<Cov CovItemId="B11" Value="1"/>
<Cov CovItemId="B14" Value="2"/>
<Cov CovItemId="B16" Value="2"/>
<Cov CovItemId="B18" Value="1"/>
<Cov CovItemId="B2" Value="2"/>
<Cov CovItemId="B20" Value="1"/>
<Cov CovItemId="B22" Value="1"/>
<Cov CovItemId="B24" Value="1"/>
<Cov CovItemId="B26" Value="1"/>
<Cov CovItemId="B28" Value="1"/>
<Cov CovItemId="B29" Value="1"/>
<Cov CovItemId="B3" Value="2"/>
<Cov CovItemId="B4" Value="2"/>
<Cov CovItemId="B7" Value="2"/>
<Cov CovItemId="B8" Value="2"/>
<Cov CovItemId="S1" Value="1"/>
<Cov CovItemId="S13" Value="4"/>
<Cov CovItemId="S14" Value="2"/>
<Cov CovItemId="S15" Value="2"/>
<Cov CovItemId="S19" Value="1"/>
<Cov CovItemId="S2" Value="116"/>
<Cov CovItemId="S20" Value="1"/>
<Cov CovItemId="S22" Value="2"/>
<Cov CovItemId="S24" Value="2"/>
<Cov CovItemId="S26" Value="2"/>
<Cov CovItemId="S27" Value="1"/>
<Cov CovItemId="S29" Value="1"/>
<Cov CovItemId="S3" Value="11"/>
<Cov CovItemId="S30" Value="1"/>
<Cov CovItemId="S32" Value="1"/>
<Cov CovItemId="S33" Value="1"/>
<Cov CovItemId="S35" Value="1"/>
<Cov CovItemId="S37" Value="1"/>
<Cov CovItemId="S39" Value="1"/>
<Cov CovItemId="S4" Value="2"/>
<Cov CovItemId="S41" Value="1"/>
<Cov CovItemId="S42" Value="1"/>
<Cov CovItemId="S6" Value="2"/>
<Cov CovItemId="S67" Value="151"/>
<Cov CovItemId="S7" Value="4"/>
<Cov CovItemId="S8" Value="2"/>
<Cov CovItemId="S9" Value="2"/>
</CovPrefix>
</CovList>
<AssgnmntList>
<AssgnmntPrefix RootTermCovItemPrefix="Value.java">
<AssgnmntListEntry Length="1" RootTermCovItemId="C1">
<MapEntry BoolAssgnmnt="0" Value="2"/>
</AssgnmntListEntry>
<AssgnmntListEntry Length="2" RootTermCovItemId="C10">
<MapEntry BoolAssgnmnt="00" Value="1"/>
</AssgnmntListEntry>
<AssgnmntListEntry Length="2" RootTermCovItemId="C11">
<MapEntry BoolAssgnmnt="02" Value="1"/>
</AssgnmntListEntry>
<AssgnmntListEntry Length="2" RootTermCovItemId="C12">
<MapEntry BoolAssgnmnt="02" Value="1"/>
</AssgnmntListEntry>
<AssgnmntListEntry Length="2" RootTermCovItemId="C13">
<MapEntry BoolAssgnmnt="02" Value="1"/>
</AssgnmntListEntry>
<AssgnmntListEntry Length="4" RootTermCovItemId="C14">
<MapEntry BoolAssgnmnt="0202" Value="1"/>
</AssgnmntListEntry>
<AssgnmntListEntry Length="2" RootTermCovItemId="C15">
<MapEntry BoolAssgnmnt="11" Value="1"/>
</AssgnmntListEntry>
<AssgnmntListEntry Length="1" RootTermCovItemId="C2">
<MapEntry BoolAssgnmnt="0" Value="2"/>
<MapEntry BoolAssgnmnt="1" Value="2"/>
</AssgnmntListEntry>
<AssgnmntListEntry Length="4" RootTermCovItemId="C4">
<MapEntry BoolAssgnmnt="0000" Value="2"/>
<MapEntry BoolAssgnmnt="1222" Value="2"/>
</AssgnmntListEntry>
<AssgnmntListEntry Length="3" RootTermCovItemId="C6">
<MapEntry BoolAssgnmnt="122" Value="1"/>
</AssgnmntListEntry>
<AssgnmntListEntry Length="1" RootTermCovItemId="C7">
<MapEntry BoolAssgnmnt="0" Value="2"/>
</AssgnmntListEntry>
<AssgnmntListEntry Length="2" RootTermCovItemId="C8">
<MapEntry BoolAssgnmnt="00" Value="2"/>
</AssgnmntListEntry>
<AssgnmntListEntry Length="2" RootTermCovItemId="C9">
<MapEntry BoolAssgnmnt="00" Value="1"/>
</AssgnmntListEntry>
</AssgnmntPrefix>
</AssgnmntList>
<ObjMetaDataList/>
<MetaDataList/>
</TestCase>
<MetaDataList/>
</TestSession>
<TestSession Comment="" Date="1367928668808" Name="May 7, 2013 2:11:08 PM">
<TestCase Comment="" Date="1367928667690" Name="ValueTest:testIsNumeric">
<CovList>
<CovPrefix CovItemPrefix="Value.java">
<Cov CovItemId="B3" Value="1"/>
<Cov CovItemId="B7" Value="1"/>
<Cov CovItemId="S1" Value="1"/>
<Cov CovItemId="S13" Value="1"/>
<Cov CovItemId="S14" Value="1"/>
<Cov CovItemId="S2" Value="2"/>
<Cov CovItemId="S67" Value="1"/>
<Cov CovItemId="S7" Value="1"/>
<Cov CovItemId="S8" Value="1"/>
</CovPrefix>
</CovList>
<AssgnmntList>
<AssgnmntPrefix RootTermCovItemPrefix="Value.java">
<AssgnmntListEntry Length="1" RootTermCovItemId="C2">
<MapEntry BoolAssgnmnt="1" Value="1"/>
</AssgnmntListEntry>
<AssgnmntListEntry Length="4" RootTermCovItemId="C4">
<MapEntry BoolAssgnmnt="1222" Value="1"/>
</AssgnmntListEntry>
</AssgnmntPrefix>
</AssgnmntList>
<ObjMetaDataList/>
<MetaDataList/>
</TestCase>
<TestCase Comment="" Date="1367928668765" Name="ValueTest:testValueObject">
<CovList/>
<AssgnmntList/>
<ObjMetaDataList/>
<MetaDataList/>
</TestCase>
<TestCase Comment="" Date="1367928668766" Name="ValueTest:testIsNumericExpression">
<CovList>
<CovPrefix CovItemPrefix="Value.java">
<Cov CovItemId="B9" Value="1"/>
<Cov CovItemId="S16" Value="1"/>
<Cov CovItemId="S17" Value="1"/>
<Cov CovItemId="S2" Value="1"/>
<Cov CovItemId="S67" Value="1"/>
</CovPrefix>
</CovList>
<AssgnmntList>
<AssgnmntPrefix RootTermCovItemPrefix="Value.java">
<AssgnmntListEntry Length="1" RootTermCovItemId="C5">
<MapEntry BoolAssgnmnt="1" Value="1"/>
</AssgnmntListEntry>
</AssgnmntPrefix>
</AssgnmntList>
<ObjMetaDataList/>
<MetaDataList/>
</TestCase>
<TestCase Comment="" Date="1367928668767" Name="ValueTest:testIsSameType">
<CovList>
<CovPrefix CovItemPrefix="Value.java">
<Cov CovItemId="B18" Value="1"/>
<Cov CovItemId="B19" Value="2"/>
<Cov CovItemId="B22" Value="1"/>
<Cov CovItemId="B23" Value="1"/>
<Cov CovItemId="S2" Value="2"/>
<Cov CovItemId="S27" Value="1"/>
<Cov CovItemId="S29" Value="1"/>
<Cov CovItemId="S30" Value="2"/>
<Cov CovItemId="S31" Value="2"/>
<Cov CovItemId="S33" Value="1"/>
<Cov CovItemId="S35" Value="1"/>
<Cov CovItemId="S36" Value="1"/>
<Cov CovItemId="S67" Value="4"/>
</CovPrefix>
</CovList>
<AssgnmntList>
<AssgnmntPrefix RootTermCovItemPrefix="Value.java">
<AssgnmntListEntry Length="2" RootTermCovItemId="C10">
<MapEntry BoolAssgnmnt="12" Value="2"/>
</AssgnmntListEntry>
<AssgnmntListEntry Length="2" RootTermCovItemId="C11">
<MapEntry BoolAssgnmnt="02" Value="1"/>
</AssgnmntListEntry>
<AssgnmntListEntry Length="2" RootTermCovItemId="C12">
<MapEntry BoolAssgnmnt="11" Value="1"/>
</AssgnmntListEntry>
<AssgnmntListEntry Length="2" RootTermCovItemId="C9">
<MapEntry BoolAssgnmnt="00" Value="1"/>
</AssgnmntListEntry>
</AssgnmntPrefix>
</AssgnmntList>
<ObjMetaDataList/>
<MetaDataList/>
</TestCase>
<TestCase Comment="Failure&#10;java.lang.AssertionError: Not yet implemented&#13;&#10;&#9;at org.junit.Assert.fail(Assert.java:93)&#13;&#10;&#9;at ValueTest.testIsContainer(ValueTest.java:67)&#13;&#10;&#9;at sun.reflect.NativeMethodAccessorImpl.invoke0(Native Method)&#13;&#10;&#9;at sun.reflect.NativeMethodAccessorImpl.invoke(Unknown Source)&#13;&#10;&#9;at sun.reflect.DelegatingMethodAccessorImpl.invoke(Unknown Source)&#13;&#10;&#9;at java.lang.reflect.Method.invoke(Unknown Source)&#13;&#10;&#9;at org.junit.runners.model.FrameworkMethod$1.runReflectiveCall(FrameworkMethod.java:45)&#13;&#10;&#9;at org.junit.internal.runners.model.ReflectiveCallable.run(ReflectiveCallable.java:15)&#13;&#10;&#9;at org.junit.runners.model.FrameworkMethod.invokeExplosively(FrameworkMethod.java:42)&#13;&#10;&#9;at org.junit.internal.runners.statements.InvokeMethod.evaluate(InvokeMethod.java:20)&#13;&#10;&#9;at org.junit.runners.ParentRunner.runLeaf(ParentRunner.java:263)&#13;&#10;&#9;at org.junit.runners.BlockJUnit4ClassRunner.runChild(BlockJUnit4ClassRunner.java:68)&#13;&#10;&#9;at org.junit.runners.BlockJUnit4ClassRunner.runChild(BlockJUnit4ClassRunner.java:47)&#13;&#10;&#9;at org.junit.runners.ParentRunner$3.run(ParentRunner.java:231)&#13;&#10;&#9;at org.junit.runners.ParentRunner$1.schedule(ParentRunner.java:60)&#13;&#10;&#9;at org.junit.runners.ParentRunner.runChildren(ParentRunner.java:229)&#13;&#10;&#9;at org.junit.runners.ParentRunner.access$000(ParentRunner.java:50)&#13;&#10;&#9;at org.junit.runners.ParentRunner$2.evaluate(ParentRunner.java:222)&#13;&#10;&#9;at org.junit.runners.ParentRunner.run(ParentRunner.java:300)&#13;&#10;&#9;at org.eclipse.jdt.internal.junit4.runner.JUnit4TestReference.run(JUnit4TestReference.java:50)&#13;&#10;&#9;at org.eclipse.jdt.internal.junit.runner.TestExecution.run(TestExecution.java:38)&#13;&#10;&#9;at org.eclipse.jdt.internal.junit.runner.RemoteTestRunner.runTests(RemoteTestRunner.java:467)&#13;&#10;&#9;at org.eclipse.jdt.internal.junit.runner.RemoteTestRunner.runTests(RemoteTestRunner.java:683)&#13;&#10;&#9;at org.eclipse.jdt.internal.junit.runner.RemoteTestRunner.run(RemoteTestRunner.java:390)&#13;&#10;&#9;at org.codecover.juniteclipse.runner.EclipseTestRunner.main(EclipseTestRunner.java:40)" Date="1367928668768" Name="ValueTest:testIsContainer">
<CovList/>
<AssgnmntList/>
<ObjMetaDataList/>
<MetaDataList/>
</TestCase>
<TestCase Comment="Failure&#10;java.lang.AssertionError: test must be a string&#13;&#10;&#9;at org.junit.Assert.fail(Assert.java:93)&#13;&#10;&#9;at org.junit.Assert.assertTrue(Assert.java:43)&#13;&#10;&#9;at ValueTest.testIsString(ValueTest.java:56)&#13;&#10;&#9;at sun.reflect.NativeMethodAccessorImpl.invoke0(Native Method)&#13;&#10;&#9;at sun.reflect.NativeMethodAccessorImpl.invoke(Unknown Source)&#13;&#10;&#9;at sun.reflect.DelegatingMethodAccessorImpl.invoke(Unknown Source)&#13;&#10;&#9;at java.lang.reflect.Method.invoke(Unknown Source)&#13;&#10;&#9;at org.junit.runners.model.FrameworkMethod$1.runReflectiveCall(FrameworkMethod.java:45)&#13;&#10;&#9;at org.junit.internal.runners.model.ReflectiveCallable.run(ReflectiveCallable.java:15)&#13;&#10;&#9;at org.junit.runners.model.FrameworkMethod.invokeExplosively(FrameworkMethod.java:42)&#13;&#10;&#9;at org.junit.internal.runners.statements.InvokeMethod.evaluate(InvokeMethod.java:20)&#13;&#10;&#9;at org.junit.runners.ParentRunner.runLeaf(ParentRunner.java:263)&#13;&#10;&#9;at org.junit.runners.BlockJUnit4ClassRunner.runChild(BlockJUnit4ClassRunner.java:68)&#13;&#10;&#9;at org.junit.runners.BlockJUnit4ClassRunner.runChild(BlockJUnit4ClassRunner.java:47)&#13;&#10;&#9;at org.junit.runners.ParentRunner$3.run(ParentRunner.java:231)&#13;&#10;&#9;at org.junit.runners.ParentRunner$1.schedule(ParentRunner.java:60)&#13;&#10;&#9;at org.junit.runners.ParentRunner.runChildren(ParentRunner.java:229)&#13;&#10;&#9;at org.junit.runners.ParentRunner.access$000(ParentRunner.java:50)&#13;&#10;&#9;at org.junit.runners.ParentRunner$2.evaluate(ParentRunner.java:222)&#13;&#10;&#9;at org.junit.runners.ParentRunner.run(ParentRunner.java:300)&#13;&#10;&#9;at org.eclipse.jdt.internal.junit4.runner.JUnit4TestReference.run(JUnit4TestReference.java:50)&#13;&#10;&#9;at org.eclipse.jdt.internal.junit.runner.TestExecution.run(TestExecution.java:38)&#13;&#10;&#9;at org.eclipse.jdt.internal.junit.runner.RemoteTestRunner.runTests(RemoteTestRunner.java:467)&#13;&#10;&#9;at org.eclipse.jdt.internal.junit.runner.RemoteTestRunner.runTests(RemoteTestRunner.java:683)&#13;&#10;&#9;at org.eclipse.jdt.internal.junit.runner.RemoteTestRunner.run(RemoteTestRunner.java:390)&#13;&#10;&#9;at org.codecover.juniteclipse.runner.EclipseTestRunner.main(EclipseTestRunner.java:40)" Date="1367928668773" Name="ValueTest:testIsString">
<CovList>
<CovPrefix CovItemPrefix="Value.java">
<Cov CovItemId="B14" Value="1"/>
<Cov CovItemId="B15" Value="1"/>
<Cov CovItemId="S2" Value="1"/>
<Cov CovItemId="S22" Value="1"/>
<Cov CovItemId="S24" Value="1"/>
<Cov CovItemId="S25" Value="1"/>
<Cov CovItemId="S67" Value="2"/>
</CovPrefix>
</CovList>
<AssgnmntList>
<AssgnmntPrefix RootTermCovItemPrefix="Value.java">
<AssgnmntListEntry Length="1" RootTermCovItemId="C7">
<MapEntry BoolAssgnmnt="0" Value="1"/>
</AssgnmntListEntry>
<AssgnmntListEntry Length="2" RootTermCovItemId="C8">
<MapEntry BoolAssgnmnt="12" Value="1"/>
</AssgnmntListEntry>
</AssgnmntPrefix>
</AssgnmntList>
<ObjMetaDataList/>
<MetaDataList/>
</TestCase>
<TestCase Comment="" Date="1367928668776" Name="ValueTest:testIsBool">
<CovList>
<CovPrefix CovItemPrefix="Value.java">
<Cov CovItemId="B17" Value="1"/>
<Cov CovItemId="S2" Value="1"/>
<Cov CovItemId="S27" Value="1"/>
<Cov CovItemId="S28" Value="1"/>
<Cov CovItemId="S67" Value="1"/>
</CovPrefix>
</CovList>
<AssgnmntList>
<AssgnmntPrefix RootTermCovItemPrefix="Value.java">
<AssgnmntListEntry Length="2" RootTermCovItemId="C9">
<MapEntry BoolAssgnmnt="12" Value="1"/>
</AssgnmntListEntry>
</AssgnmntPrefix>
</AssgnmntList>
<ObjMetaDataList/>
<MetaDataList/>
</TestCase>
<TestCase Comment="" Date="1367928668778" Name="ValueTest:testIsInt">
<CovList>
<CovPrefix CovItemPrefix="Value.java">
<Cov CovItemId="B3" Value="1"/>
<Cov CovItemId="S2" Value="1"/>
<Cov CovItemId="S67" Value="1"/>
<Cov CovItemId="S7" Value="1"/>
<Cov CovItemId="S8" Value="1"/>
</CovPrefix>
</CovList>
<AssgnmntList>
<AssgnmntPrefix RootTermCovItemPrefix="Value.java">
<AssgnmntListEntry Length="1" RootTermCovItemId="C2">
<MapEntry BoolAssgnmnt="1" Value="1"/>
</AssgnmntListEntry>
</AssgnmntPrefix>
</AssgnmntList>
<ObjMetaDataList/>
<MetaDataList/>
</TestCase>
<TestCase Comment="Failure&#10;java.lang.AssertionError: c must be a char&#13;&#10;&#9;at org.junit.Assert.fail(Assert.java:93)&#13;&#10;&#9;at org.junit.Assert.assertTrue(Assert.java:43)&#13;&#10;&#9;at ValueTest.testIsChar(ValueTest.java:50)&#13;&#10;&#9;at sun.reflect.NativeMethodAccessorImpl.invoke0(Native Method)&#13;&#10;&#9;at sun.reflect.NativeMethodAccessorImpl.invoke(Unknown Source)&#13;&#10;&#9;at sun.reflect.DelegatingMethodAccessorImpl.invoke(Unknown Source)&#13;&#10;&#9;at java.lang.reflect.Method.invoke(Unknown Source)&#13;&#10;&#9;at org.junit.runners.model.FrameworkMethod$1.runReflectiveCall(FrameworkMethod.java:45)&#13;&#10;&#9;at org.junit.internal.runners.model.ReflectiveCallable.run(ReflectiveCallable.java:15)&#13;&#10;&#9;at org.junit.runners.model.FrameworkMethod.invokeExplosively(FrameworkMethod.java:42)&#13;&#10;&#9;at org.junit.internal.runners.statements.InvokeMethod.evaluate(InvokeMethod.java:20)&#13;&#10;&#9;at org.junit.runners.ParentRunner.runLeaf(ParentRunner.java:263)&#13;&#10;&#9;at org.junit.runners.BlockJUnit4ClassRunner.runChild(BlockJUnit4ClassRunner.java:68)&#13;&#10;&#9;at org.junit.runners.BlockJUnit4ClassRunner.runChild(BlockJUnit4ClassRunner.java:47)&#13;&#10;&#9;at org.junit.runners.ParentRunner$3.run(ParentRunner.java:231)&#13;&#10;&#9;at org.junit.runners.ParentRunner$1.schedule(ParentRunner.java:60)&#13;&#10;&#9;at org.junit.runners.ParentRunner.runChildren(ParentRunner.java:229)&#13;&#10;&#9;at org.junit.runners.ParentRunner.access$000(ParentRunner.java:50)&#13;&#10;&#9;at org.junit.runners.ParentRunner$2.evaluate(ParentRunner.java:222)&#13;&#10;&#9;at org.junit.runners.ParentRunner.run(ParentRunner.java:300)&#13;&#10;&#9;at org.eclipse.jdt.internal.junit4.runner.JUnit4TestReference.run(JUnit4TestReference.java:50)&#13;&#10;&#9;at org.eclipse.jdt.internal.junit.runner.TestExecution.run(TestExecution.java:38)&#13;&#10;&#9;at org.eclipse.jdt.internal.junit.runner.RemoteTestRunner.runTests(RemoteTestRunner.java:467)&#13;&#10;&#9;at org.eclipse.jdt.internal.junit.runner.RemoteTestRunner.runTests(RemoteTestRunner.java:683)&#13;&#10;&#9;at org.eclipse.jdt.internal.junit.runner.RemoteTestRunner.run(RemoteTestRunner.java:390)&#13;&#10;&#9;at org.codecover.juniteclipse.runner.EclipseTestRunner.main(EclipseTestRunner.java:40)" Date="1367928668779" Name="ValueTest:testIsChar">
<CovList>
<CovPrefix CovItemPrefix="Value.java">
<Cov CovItemId="B11" Value="1"/>
<Cov CovItemId="S19" Value="1"/>
<Cov CovItemId="S2" Value="1"/>
<Cov CovItemId="S20" Value="1"/>
<Cov CovItemId="S67" Value="1"/>
</CovPrefix>
</CovList>
<AssgnmntList>
<AssgnmntPrefix RootTermCovItemPrefix="Value.java">
<AssgnmntListEntry Length="3" RootTermCovItemId="C6">
<MapEntry BoolAssgnmnt="122" Value="1"/>
</AssgnmntListEntry>
</AssgnmntPrefix>
</AssgnmntList>
<ObjMetaDataList/>
<MetaDataList/>
</TestCase>
<TestCase Comment="Failure&#10;java.lang.AssertionError: Not yet implemented&#13;&#10;&#9;at org.junit.Assert.fail(Assert.java:93)&#13;&#10;&#9;at ValueTest.testIsDrink(ValueTest.java:32)&#13;&#10;&#9;at sun.reflect.NativeMethodAccessorImpl.invoke0(Native Method)&#13;&#10;&#9;at sun.reflect.NativeMethodAccessorImpl.invoke(Unknown Source)&#13;&#10;&#9;at sun.reflect.DelegatingMethodAccessorImpl.invoke(Unknown Source)&#13;&#10;&#9;at java.lang.reflect.Method.invoke(Unknown Source)&#13;&#10;&#9;at org.junit.runners.model.FrameworkMethod$1.runReflectiveCall(FrameworkMethod.java:45)&#13;&#10;&#9;at org.junit.internal.runners.model.ReflectiveCallable.run(ReflectiveCallable.java:15)&#13;&#10;&#9;at org.junit.runners.model.FrameworkMethod.invokeExplosively(FrameworkMethod.java:42)&#13;&#10;&#9;at org.junit.internal.runners.statements.InvokeMethod.evaluate(InvokeMethod.java:20)&#13;&#10;&#9;at org.junit.runners.ParentRunner.runLeaf(ParentRunner.java:263)&#13;&#10;&#9;at org.junit.runners.BlockJUnit4ClassRunner.runChild(BlockJUnit4ClassRunner.java:68)&#13;&#10;&#9;at org.junit.runners.BlockJUnit4ClassRunner.runChild(BlockJUnit4ClassRunner.java:47)&#13;&#10;&#9;at org.junit.runners.ParentRunner$3.run(ParentRunner.java:231)&#13;&#10;&#9;at org.junit.runners.ParentRunner$1.schedule(ParentRunner.java:60)&#13;&#10;&#9;at org.junit.runners.ParentRunner.runChildren(ParentRunner.java:229)&#13;&#10;&#9;at org.junit.runners.ParentRunner.access$000(ParentRunner.java:50)&#13;&#10;&#9;at org.junit.runners.ParentRunner$2.evaluate(ParentRunner.java:222)&#13;&#10;&#9;at org.junit.runners.ParentRunner.run(ParentRunner.java:300)&#13;&#10;&#9;at org.eclipse.jdt.internal.junit4.runner.JUnit4TestReference.run(JUnit4TestReference.java:50)&#13;&#10;&#9;at org.eclipse.jdt.internal.junit.runner.TestExecution.run(TestExecution.java:38)&#13;&#10;&#9;at org.eclipse.jdt.internal.junit.runner.RemoteTestRunner.runTests(RemoteTestRunner.java:467)&#13;&#10;&#9;at org.eclipse.jdt.internal.junit.runner.RemoteTestRunner.runTests(RemoteTestRunner.java:683)&#13;&#10;&#9;at org.eclipse.jdt.internal.junit.runner.RemoteTestRunner.run(RemoteTestRunner.java:390)&#13;&#10;&#9;at org.codecover.juniteclipse.runner.EclipseTestRunner.main(EclipseTestRunner.java:40)" Date="1367928668784" Name="ValueTest:testIsDrink">
<CovList/>
<AssgnmntList/>
<ObjMetaDataList/>
<MetaDataList/>
</TestCase>
<TestCase Comment="" Date="1367928668788" Name="ValueTest:testIsDouble">
<CovList>
<CovPrefix CovItemPrefix="Value.java">
<Cov CovItemId="B1" Value="1"/>
<Cov CovItemId="S2" Value="1"/>
<Cov CovItemId="S4" Value="1"/>
<Cov CovItemId="S5" Value="1"/>
<Cov CovItemId="S67" Value="1"/>
</CovPrefix>
</CovList>
<AssgnmntList>
<AssgnmntPrefix RootTermCovItemPrefix="Value.java">
<AssgnmntListEntry Length="1" RootTermCovItemId="C1">
<MapEntry BoolAssgnmnt="1" Value="1"/>
</AssgnmntListEntry>
</AssgnmntPrefix>
</AssgnmntList>
<ObjMetaDataList/>
<MetaDataList/>
</TestCase>
<TestCase Comment="" Date="1367928668789" Name="ValueTest:testValue">
<CovList/>
<AssgnmntList/>
<ObjMetaDataList/>
<MetaDataList/>
</TestCase>
<TestCase Comment="Failure&#10;java.lang.AssertionError: Not yet implemented&#13;&#10;&#9;at org.junit.Assert.fail(Assert.java:93)&#13;&#10;&#9;at ValueTest.testToString(ValueTest.java:88)&#13;&#10;&#9;at sun.reflect.NativeMethodAccessorImpl.invoke0(Native Method)&#13;&#10;&#9;at sun.reflect.NativeMethodAccessorImpl.invoke(Unknown Source)&#13;&#10;&#9;at sun.reflect.DelegatingMethodAccessorImpl.invoke(Unknown Source)&#13;&#10;&#9;at java.lang.reflect.Method.invoke(Unknown Source)&#13;&#10;&#9;at org.junit.runners.model.FrameworkMethod$1.runReflectiveCall(FrameworkMethod.java:45)&#13;&#10;&#9;at org.junit.internal.runners.model.ReflectiveCallable.run(ReflectiveCallable.java:15)&#13;&#10;&#9;at org.junit.runners.model.FrameworkMethod.invokeExplosively(FrameworkMethod.java:42)&#13;&#10;&#9;at org.junit.internal.runners.statements.InvokeMethod.evaluate(InvokeMethod.java:20)&#13;&#10;&#9;at org.junit.runners.ParentRunner.runLeaf(ParentRunner.java:263)&#13;&#10;&#9;at org.junit.runners.BlockJUnit4ClassRunner.runChild(BlockJUnit4ClassRunner.java:68)&#13;&#10;&#9;at org.junit.runners.BlockJUnit4ClassRunner.runChild(BlockJUnit4ClassRunner.java:47)&#13;&#10;&#9;at org.junit.runners.ParentRunner$3.run(ParentRunner.java:231)&#13;&#10;&#9;at org.junit.runners.ParentRunner$1.schedule(ParentRunner.java:60)&#13;&#10;&#9;at org.junit.runners.ParentRunner.runChildren(ParentRunner.java:229)&#13;&#10;&#9;at org.junit.runners.ParentRunner.access$000(ParentRunner.java:50)&#13;&#10;&#9;at org.junit.runners.ParentRunner$2.evaluate(ParentRunner.java:222)&#13;&#10;&#9;at org.junit.runners.ParentRunner.run(ParentRunner.java:300)&#13;&#10;&#9;at org.eclipse.jdt.internal.junit4.runner.JUnit4TestReference.run(JUnit4TestReference.java:50)&#13;&#10;&#9;at org.eclipse.jdt.internal.junit.runner.TestExecution.run(TestExecution.java:38)&#13;&#10;&#9;at org.eclipse.jdt.internal.junit.runner.RemoteTestRunner.runTests(RemoteTestRunner.java:467)&#13;&#10;&#9;at org.eclipse.jdt.internal.junit.runner.RemoteTestRunner.runTests(RemoteTestRunner.java:683)&#13;&#10;&#9;at org.eclipse.jdt.internal.junit.runner.RemoteTestRunner.run(RemoteTestRunner.java:390)&#13;&#10;&#9;at org.codecover.juniteclipse.runner.EclipseTestRunner.main(EclipseTestRunner.java:40)" Date="1367928668790" Name="ValueTest:testToString">
<CovList/>
<AssgnmntList/>
<ObjMetaDataList/>
<MetaDataList/>
</TestCase>
<TestCase Comment="Failure&#10;java.lang.AssertionError: Not yet implemented&#13;&#10;&#9;at org.junit.Assert.fail(Assert.java:93)&#13;&#10;&#9;at ValueTest.testGetType(ValueTest.java:78)&#13;&#10;&#9;at sun.reflect.NativeMethodAccessorImpl.invoke0(Native Method)&#13;&#10;&#9;at sun.reflect.NativeMethodAccessorImpl.invoke(Unknown Source)&#13;&#10;&#9;at sun.reflect.DelegatingMethodAccessorImpl.invoke(Unknown Source)&#13;&#10;&#9;at java.lang.reflect.Method.invoke(Unknown Source)&#13;&#10;&#9;at org.junit.runners.model.FrameworkMethod$1.runReflectiveCall(FrameworkMethod.java:45)&#13;&#10;&#9;at org.junit.internal.runners.model.ReflectiveCallable.run(ReflectiveCallable.java:15)&#13;&#10;&#9;at org.junit.runners.model.FrameworkMethod.invokeExplosively(FrameworkMethod.java:42)&#13;&#10;&#9;at org.junit.internal.runners.statements.InvokeMethod.evaluate(InvokeMethod.java:20)&#13;&#10;&#9;at org.junit.runners.ParentRunner.runLeaf(ParentRunner.java:263)&#13;&#10;&#9;at org.junit.runners.BlockJUnit4ClassRunner.runChild(BlockJUnit4ClassRunner.java:68)&#13;&#10;&#9;at org.junit.runners.BlockJUnit4ClassRunner.runChild(BlockJUnit4ClassRunner.java:47)&#13;&#10;&#9;at org.junit.runners.ParentRunner$3.run(ParentRunner.java:231)&#13;&#10;&#9;at org.junit.runners.ParentRunner$1.schedule(ParentRunner.java:60)&#13;&#10;&#9;at org.junit.runners.ParentRunner.runChildren(ParentRunner.java:229)&#13;&#10;&#9;at org.junit.runners.ParentRunner.access$000(ParentRunner.java:50)&#13;&#10;&#9;at org.junit.runners.ParentRunner$2.evaluate(ParentRunner.java:222)&#13;&#10;&#9;at org.junit.runners.ParentRunner.run(ParentRunner.java:300)&#13;&#10;&#9;at org.eclipse.jdt.internal.junit4.runner.JUnit4TestReference.run(JUnit4TestReference.java:50)&#13;&#10;&#9;at org.eclipse.jdt.internal.junit.runner.TestExecution.run(TestExecution.java:38)&#13;&#10;&#9;at org.eclipse.jdt.internal.junit.runner.RemoteTestRunner.runTests(RemoteTestRunner.java:467)&#13;&#10;&#9;at org.eclipse.jdt.internal.junit.runner.RemoteTestRunner.runTests(RemoteTestRunner.java:683)&#13;&#10;&#9;at org.eclipse.jdt.internal.junit.runner.RemoteTestRunner.run(RemoteTestRunner.java:390)&#13;&#10;&#9;at org.codecover.juniteclipse.runner.EclipseTestRunner.main(EclipseTestRunner.java:40)" Date="1367928668793" Name="ValueTest:testGetType">
<CovList/>
<AssgnmntList/>
<ObjMetaDataList/>
<MetaDataList/>
</TestCase>
<MetaDataList/>
</TestSession>
<TestSession Comment="" Date="1367928976487" Name="May 7, 2013 2:16:16 PM">
<TestCase Comment="" Date="1367928976359" Name="ValueTest:testIsNumeric">
<CovList>
<CovPrefix CovItemPrefix="Value.java">
<Cov CovItemId="B3" Value="1"/>
<Cov CovItemId="B7" Value="1"/>
<Cov CovItemId="S1" Value="1"/>
<Cov CovItemId="S13" Value="1"/>
<Cov CovItemId="S14" Value="1"/>
<Cov CovItemId="S2" Value="2"/>
<Cov CovItemId="S67" Value="1"/>
<Cov CovItemId="S7" Value="1"/>
<Cov CovItemId="S8" Value="1"/>
</CovPrefix>
</CovList>
<AssgnmntList>
<AssgnmntPrefix RootTermCovItemPrefix="Value.java">
<AssgnmntListEntry Length="1" RootTermCovItemId="C2">
<MapEntry BoolAssgnmnt="1" Value="1"/>
</AssgnmntListEntry>
<AssgnmntListEntry Length="4" RootTermCovItemId="C4">
<MapEntry BoolAssgnmnt="1222" Value="1"/>
</AssgnmntListEntry>
</AssgnmntPrefix>
</AssgnmntList>
<ObjMetaDataList/>
<MetaDataList/>
</TestCase>
<TestCase Comment="Failure&#10;java.lang.AssertionError: Not yet implemented&#13;&#10;&#9;at org.junit.Assert.fail(Assert.java:93)&#13;&#10;&#9;at ValueTest.testIsContainer(ValueTest.java:67)&#13;&#10;&#9;at sun.reflect.NativeMethodAccessorImpl.invoke0(Native Method)&#13;&#10;&#9;at sun.reflect.NativeMethodAccessorImpl.invoke(Unknown Source)&#13;&#10;&#9;at sun.reflect.DelegatingMethodAccessorImpl.invoke(Unknown Source)&#13;&#10;&#9;at java.lang.reflect.Method.invoke(Unknown Source)&#13;&#10;&#9;at org.junit.runners.model.FrameworkMethod$1.runReflectiveCall(FrameworkMethod.java:45)&#13;&#10;&#9;at org.junit.internal.runners.model.ReflectiveCallable.run(ReflectiveCallable.java:15)&#13;&#10;&#9;at org.junit.runners.model.FrameworkMethod.invokeExplosively(FrameworkMethod.java:42)&#13;&#10;&#9;at org.junit.internal.runners.statements.InvokeMethod.evaluate(InvokeMethod.java:20)&#13;&#10;&#9;at org.junit.runners.ParentRunner.runLeaf(ParentRunner.java:263)&#13;&#10;&#9;at org.junit.runners.BlockJUnit4ClassRunner.runChild(BlockJUnit4ClassRunner.java:68)&#13;&#10;&#9;at org.junit.runners.BlockJUnit4ClassRunner.runChild(BlockJUnit4ClassRunner.java:47)&#13;&#10;&#9;at org.junit.runners.ParentRunner$3.run(ParentRunner.java:231)&#13;&#10;&#9;at org.junit.runners.ParentRunner$1.schedule(ParentRunner.java:60)&#13;&#10;&#9;at org.junit.runners.ParentRunner.runChildren(ParentRunner.java:229)&#13;&#10;&#9;at org.junit.runners.ParentRunner.access$000(ParentRunner.java:50)&#13;&#10;&#9;at org.junit.runners.ParentRunner$2.evaluate(ParentRunner.java:222)&#13;&#10;&#9;at org.junit.runners.ParentRunner.run(ParentRunner.java:300)&#13;&#10;&#9;at org.eclipse.jdt.internal.junit4.runner.JUnit4TestReference.run(JUnit4TestReference.java:50)&#13;&#10;&#9;at org.eclipse.jdt.internal.junit.runner.TestExecution.run(TestExecution.java:38)&#13;&#10;&#9;at org.eclipse.jdt.internal.junit.runner.RemoteTestRunner.runTests(RemoteTestRunner.java:467)&#13;&#10;&#9;at org.eclipse.jdt.internal.junit.runner.RemoteTestRunner.runTests(RemoteTestRunner.java:683)&#13;&#10;&#9;at org.eclipse.jdt.internal.junit.runner.RemoteTestRunner.run(RemoteTestRunner.java:390)&#13;&#10;&#9;at org.codecover.juniteclipse.runner.EclipseTestRunner.main(EclipseTestRunner.java:40)" Date="1367928976393" Name="ValueTest:testIsContainer">
<CovList/>
<AssgnmntList/>
<ObjMetaDataList/>
<MetaDataList/>
</TestCase>
<TestCase Comment="" Date="1367928976421" Name="ValueTest:testValueObject">
<CovList/>
<AssgnmntList/>
<ObjMetaDataList/>
<MetaDataList/>
</TestCase>
<TestCase Comment="" Date="1367928976423" Name="ValueTest:testIsNumericExpression">
<CovList>
<CovPrefix CovItemPrefix="Value.java">
<Cov CovItemId="B9" Value="1"/>
<Cov CovItemId="S16" Value="1"/>
<Cov CovItemId="S17" Value="1"/>
<Cov CovItemId="S2" Value="1"/>
<Cov CovItemId="S67" Value="1"/>
</CovPrefix>
</CovList>
<AssgnmntList>
<AssgnmntPrefix RootTermCovItemPrefix="Value.java">
<AssgnmntListEntry Length="1" RootTermCovItemId="C5">
<MapEntry BoolAssgnmnt="1" Value="1"/>
</AssgnmntListEntry>
</AssgnmntPrefix>
</AssgnmntList>
<ObjMetaDataList/>
<MetaDataList/>
</TestCase>
<TestCase Comment="" Date="1367928976424" Name="ValueTest:testIsSameType">
<CovList>
<CovPrefix CovItemPrefix="Value.java">
<Cov CovItemId="B18" Value="1"/>
<Cov CovItemId="B19" Value="2"/>
<Cov CovItemId="B22" Value="1"/>
<Cov CovItemId="B23" Value="1"/>
<Cov CovItemId="S2" Value="2"/>
<Cov CovItemId="S27" Value="1"/>
<Cov CovItemId="S29" Value="1"/>
<Cov CovItemId="S30" Value="2"/>
<Cov CovItemId="S31" Value="2"/>
<Cov CovItemId="S33" Value="1"/>
<Cov CovItemId="S35" Value="1"/>
<Cov CovItemId="S36" Value="1"/>
<Cov CovItemId="S67" Value="4"/>
</CovPrefix>
</CovList>
<AssgnmntList>
<AssgnmntPrefix RootTermCovItemPrefix="Value.java">
<AssgnmntListEntry Length="2" RootTermCovItemId="C10">
<MapEntry BoolAssgnmnt="12" Value="2"/>
</AssgnmntListEntry>
<AssgnmntListEntry Length="2" RootTermCovItemId="C11">
<MapEntry BoolAssgnmnt="02" Value="1"/>
</AssgnmntListEntry>
<AssgnmntListEntry Length="2" RootTermCovItemId="C12">
<MapEntry BoolAssgnmnt="11" Value="1"/>
</AssgnmntListEntry>
<AssgnmntListEntry Length="2" RootTermCovItemId="C9">
<MapEntry BoolAssgnmnt="00" Value="1"/>
</AssgnmntListEntry>
</AssgnmntPrefix>
</AssgnmntList>
<ObjMetaDataList/>
<MetaDataList/>
</TestCase>
<TestCase Comment="Failure&#10;java.lang.AssertionError: Not yet implemented&#13;&#10;&#9;at org.junit.Assert.fail(Assert.java:93)&#13;&#10;&#9;at ValueTest.testEqualsObject(ValueTest.java:83)&#13;&#10;&#9;at sun.reflect.NativeMethodAccessorImpl.invoke0(Native Method)&#13;&#10;&#9;at sun.reflect.NativeMethodAccessorImpl.invoke(Unknown Source)&#13;&#10;&#9;at sun.reflect.DelegatingMethodAccessorImpl.invoke(Unknown Source)&#13;&#10;&#9;at java.lang.reflect.Method.invoke(Unknown Source)&#13;&#10;&#9;at org.junit.runners.model.FrameworkMethod$1.runReflectiveCall(FrameworkMethod.java:45)&#13;&#10;&#9;at org.junit.internal.runners.model.ReflectiveCallable.run(ReflectiveCallable.java:15)&#13;&#10;&#9;at org.junit.runners.model.FrameworkMethod.invokeExplosively(FrameworkMethod.java:42)&#13;&#10;&#9;at org.junit.internal.runners.statements.InvokeMethod.evaluate(InvokeMethod.java:20)&#13;&#10;&#9;at org.junit.runners.ParentRunner.runLeaf(ParentRunner.java:263)&#13;&#10;&#9;at org.junit.runners.BlockJUnit4ClassRunner.runChild(BlockJUnit4ClassRunner.java:68)&#13;&#10;&#9;at org.junit.runners.BlockJUnit4ClassRunner.runChild(BlockJUnit4ClassRunner.java:47)&#13;&#10;&#9;at org.junit.runners.ParentRunner$3.run(ParentRunner.java:231)&#13;&#10;&#9;at org.junit.runners.ParentRunner$1.schedule(ParentRunner.java:60)&#13;&#10;&#9;at org.junit.runners.ParentRunner.runChildren(ParentRunner.java:229)&#13;&#10;&#9;at org.junit.runners.ParentRunner.access$000(ParentRunner.java:50)&#13;&#10;&#9;at org.junit.runners.ParentRunner$2.evaluate(ParentRunner.java:222)&#13;&#10;&#9;at org.junit.runners.ParentRunner.run(ParentRunner.java:300)&#13;&#10;&#9;at org.eclipse.jdt.internal.junit4.runner.JUnit4TestReference.run(JUnit4TestReference.java:50)&#13;&#10;&#9;at org.eclipse.jdt.internal.junit.runner.TestExecution.run(TestExecution.java:38)&#13;&#10;&#9;at org.eclipse.jdt.internal.junit.runner.RemoteTestRunner.runTests(RemoteTestRunner.java:467)&#13;&#10;&#9;at org.eclipse.jdt.internal.junit.runner.RemoteTestRunner.runTests(RemoteTestRunner.java:683)&#13;&#10;&#9;at org.eclipse.jdt.internal.junit.runner.RemoteTestRunner.run(RemoteTestRunner.java:390)&#13;&#10;&#9;at org.codecover.juniteclipse.runner.EclipseTestRunner.main(EclipseTestRunner.java:40)" Date="1367928976426" Name="ValueTest:testEqualsObject">
<CovList/>
<AssgnmntList/>
<ObjMetaDataList/>
<MetaDataList/>
</TestCase>
<TestCase Comment="Failure&#10;java.lang.AssertionError: Not yet implemented&#13;&#10;&#9;at org.junit.Assert.fail(Assert.java:93)&#13;&#10;&#9;at ValueTest.testIsDrink(ValueTest.java:32)&#13;&#10;&#9;at sun.reflect.NativeMethodAccessorImpl.invoke0(Native Method)&#13;&#10;&#9;at sun.reflect.NativeMethodAccessorImpl.invoke(Unknown Source)&#13;&#10;&#9;at sun.reflect.DelegatingMethodAccessorImpl.invoke(Unknown Source)&#13;&#10;&#9;at java.lang.reflect.Method.invoke(Unknown Source)&#13;&#10;&#9;at org.junit.runners.model.FrameworkMethod$1.runReflectiveCall(FrameworkMethod.java:45)&#13;&#10;&#9;at org.junit.internal.runners.model.ReflectiveCallable.run(ReflectiveCallable.java:15)&#13;&#10;&#9;at org.junit.runners.model.FrameworkMethod.invokeExplosively(FrameworkMethod.java:42)&#13;&#10;&#9;at org.junit.internal.runners.statements.InvokeMethod.evaluate(InvokeMethod.java:20)&#13;&#10;&#9;at org.junit.runners.ParentRunner.runLeaf(ParentRunner.java:263)&#13;&#10;&#9;at org.junit.runners.BlockJUnit4ClassRunner.runChild(BlockJUnit4ClassRunner.java:68)&#13;&#10;&#9;at org.junit.runners.BlockJUnit4ClassRunner.runChild(BlockJUnit4ClassRunner.java:47)&#13;&#10;&#9;at org.junit.runners.ParentRunner$3.run(ParentRunner.java:231)&#13;&#10;&#9;at org.junit.runners.ParentRunner$1.schedule(ParentRunner.java:60)&#13;&#10;&#9;at org.junit.runners.ParentRunner.runChildren(ParentRunner.java:229)&#13;&#10;&#9;at org.junit.runners.ParentRunner.access$000(ParentRunner.java:50)&#13;&#10;&#9;at org.junit.runners.ParentRunner$2.evaluate(ParentRunner.java:222)&#13;&#10;&#9;at org.junit.runners.ParentRunner.run(ParentRunner.java:300)&#13;&#10;&#9;at org.eclipse.jdt.internal.junit4.runner.JUnit4TestReference.run(JUnit4TestReference.java:50)&#13;&#10;&#9;at org.eclipse.jdt.internal.junit.runner.TestExecution.run(TestExecution.java:38)&#13;&#10;&#9;at org.eclipse.jdt.internal.junit.runner.RemoteTestRunner.runTests(RemoteTestRunner.java:467)&#13;&#10;&#9;at org.eclipse.jdt.internal.junit.runner.RemoteTestRunner.runTests(RemoteTestRunner.java:683)&#13;&#10;&#9;at org.eclipse.jdt.internal.junit.runner.RemoteTestRunner.run(RemoteTestRunner.java:390)&#13;&#10;&#9;at org.codecover.juniteclipse.runner.EclipseTestRunner.main(EclipseTestRunner.java:40)" Date="1367928976430" Name="ValueTest:testIsDrink">
<CovList/>
<AssgnmntList/>
<ObjMetaDataList/>
<MetaDataList/>
</TestCase>
<TestCase Comment="Failure&#10;java.lang.AssertionError: c must be a char&#13;&#10;&#9;at org.junit.Assert.fail(Assert.java:93)&#13;&#10;&#9;at org.junit.Assert.assertTrue(Assert.java:43)&#13;&#10;&#9;at ValueTest.testIsChar(ValueTest.java:50)&#13;&#10;&#9;at sun.reflect.NativeMethodAccessorImpl.invoke0(Native Method)&#13;&#10;&#9;at sun.reflect.NativeMethodAccessorImpl.invoke(Unknown Source)&#13;&#10;&#9;at sun.reflect.DelegatingMethodAccessorImpl.invoke(Unknown Source)&#13;&#10;&#9;at java.lang.reflect.Method.invoke(Unknown Source)&#13;&#10;&#9;at org.junit.runners.model.FrameworkMethod$1.runReflectiveCall(FrameworkMethod.java:45)&#13;&#10;&#9;at org.junit.internal.runners.model.ReflectiveCallable.run(ReflectiveCallable.java:15)&#13;&#10;&#9;at org.junit.runners.model.FrameworkMethod.invokeExplosively(FrameworkMethod.java:42)&#13;&#10;&#9;at org.junit.internal.runners.statements.InvokeMethod.evaluate(InvokeMethod.java:20)&#13;&#10;&#9;at org.junit.runners.ParentRunner.runLeaf(ParentRunner.java:263)&#13;&#10;&#9;at org.junit.runners.BlockJUnit4ClassRunner.runChild(BlockJUnit4ClassRunner.java:68)&#13;&#10;&#9;at org.junit.runners.BlockJUnit4ClassRunner.runChild(BlockJUnit4ClassRunner.java:47)&#13;&#10;&#9;at org.junit.runners.ParentRunner$3.run(ParentRunner.java:231)&#13;&#10;&#9;at org.junit.runners.ParentRunner$1.schedule(ParentRunner.java:60)&#13;&#10;&#9;at org.junit.runners.ParentRunner.runChildren(ParentRunner.java:229)&#13;&#10;&#9;at org.junit.runners.ParentRunner.access$000(ParentRunner.java:50)&#13;&#10;&#9;at org.junit.runners.ParentRunner$2.evaluate(ParentRunner.java:222)&#13;&#10;&#9;at org.junit.runners.ParentRunner.run(ParentRunner.java:300)&#13;&#10;&#9;at org.eclipse.jdt.internal.junit4.runner.JUnit4TestReference.run(JUnit4TestReference.java:50)&#13;&#10;&#9;at org.eclipse.jdt.internal.junit.runner.TestExecution.run(TestExecution.java:38)&#13;&#10;&#9;at org.eclipse.jdt.internal.junit.runner.RemoteTestRunner.runTests(RemoteTestRunner.java:467)&#13;&#10;&#9;at org.eclipse.jdt.internal.junit.runner.RemoteTestRunner.runTests(RemoteTestRunner.java:683)&#13;&#10;&#9;at org.eclipse.jdt.internal.junit.runner.RemoteTestRunner.run(RemoteTestRunner.java:390)&#13;&#10;&#9;at org.codecover.juniteclipse.runner.EclipseTestRunner.main(EclipseTestRunner.java:40)" Date="1367928976434" Name="ValueTest:testIsChar">
<CovList>
<CovPrefix CovItemPrefix="Value.java">
<Cov CovItemId="B11" Value="1"/>
<Cov CovItemId="S19" Value="1"/>
<Cov CovItemId="S2" Value="1"/>
<Cov CovItemId="S20" Value="1"/>
<Cov CovItemId="S67" Value="1"/>
</CovPrefix>
</CovList>
<AssgnmntList>
<AssgnmntPrefix RootTermCovItemPrefix="Value.java">
<AssgnmntListEntry Length="3" RootTermCovItemId="C6">
<MapEntry BoolAssgnmnt="122" Value="1"/>
</AssgnmntListEntry>
</AssgnmntPrefix>
</AssgnmntList>
<ObjMetaDataList/>
<MetaDataList/>
</TestCase>
<TestCase Comment="" Date="1367928976439" Name="ValueTest:testValue">
<CovList/>
<AssgnmntList/>
<ObjMetaDataList/>
<MetaDataList/>
</TestCase>
<TestCase Comment="" Date="1367928976440" Name="ValueTest:testIsInt">
<CovList>
<CovPrefix CovItemPrefix="Value.java">
<Cov CovItemId="B3" Value="1"/>
<Cov CovItemId="S2" Value="1"/>
<Cov CovItemId="S67" Value="1"/>
<Cov CovItemId="S7" Value="1"/>
<Cov CovItemId="S8" Value="1"/>
</CovPrefix>
</CovList>
<AssgnmntList>
<AssgnmntPrefix RootTermCovItemPrefix="Value.java">
<AssgnmntListEntry Length="1" RootTermCovItemId="C2">
<MapEntry BoolAssgnmnt="1" Value="1"/>
</AssgnmntListEntry>
</AssgnmntPrefix>
</AssgnmntList>
<ObjMetaDataList/>
<MetaDataList/>
</TestCase>
<TestCase Comment="Failure&#10;java.lang.AssertionError: test must be a string&#13;&#10;&#9;at org.junit.Assert.fail(Assert.java:93)&#13;&#10;&#9;at org.junit.Assert.assertTrue(Assert.java:43)&#13;&#10;&#9;at ValueTest.testIsString(ValueTest.java:56)&#13;&#10;&#9;at sun.reflect.NativeMethodAccessorImpl.invoke0(Native Method)&#13;&#10;&#9;at sun.reflect.NativeMethodAccessorImpl.invoke(Unknown Source)&#13;&#10;&#9;at sun.reflect.DelegatingMethodAccessorImpl.invoke(Unknown Source)&#13;&#10;&#9;at java.lang.reflect.Method.invoke(Unknown Source)&#13;&#10;&#9;at org.junit.runners.model.FrameworkMethod$1.runReflectiveCall(FrameworkMethod.java:45)&#13;&#10;&#9;at org.junit.internal.runners.model.ReflectiveCallable.run(ReflectiveCallable.java:15)&#13;&#10;&#9;at org.junit.runners.model.FrameworkMethod.invokeExplosively(FrameworkMethod.java:42)&#13;&#10;&#9;at org.junit.internal.runners.statements.InvokeMethod.evaluate(InvokeMethod.java:20)&#13;&#10;&#9;at org.junit.runners.ParentRunner.runLeaf(ParentRunner.java:263)&#13;&#10;&#9;at org.junit.runners.BlockJUnit4ClassRunner.runChild(BlockJUnit4ClassRunner.java:68)&#13;&#10;&#9;at org.junit.runners.BlockJUnit4ClassRunner.runChild(BlockJUnit4ClassRunner.java:47)&#13;&#10;&#9;at org.junit.runners.ParentRunner$3.run(ParentRunner.java:231)&#13;&#10;&#9;at org.junit.runners.ParentRunner$1.schedule(ParentRunner.java:60)&#13;&#10;&#9;at org.junit.runners.ParentRunner.runChildren(ParentRunner.java:229)&#13;&#10;&#9;at org.junit.runners.ParentRunner.access$000(ParentRunner.java:50)&#13;&#10;&#9;at org.junit.runners.ParentRunner$2.evaluate(ParentRunner.java:222)&#13;&#10;&#9;at org.junit.runners.ParentRunner.run(ParentRunner.java:300)&#13;&#10;&#9;at org.eclipse.jdt.internal.junit4.runner.JUnit4TestReference.run(JUnit4TestReference.java:50)&#13;&#10;&#9;at org.eclipse.jdt.internal.junit.runner.TestExecution.run(TestExecution.java:38)&#13;&#10;&#9;at org.eclipse.jdt.internal.junit.runner.RemoteTestRunner.runTests(RemoteTestRunner.java:467)&#13;&#10;&#9;at org.eclipse.jdt.internal.junit.runner.RemoteTestRunner.runTests(RemoteTestRunner.java:683)&#13;&#10;&#9;at org.eclipse.jdt.internal.junit.runner.RemoteTestRunner.run(RemoteTestRunner.java:390)&#13;&#10;&#9;at org.codecover.juniteclipse.runner.EclipseTestRunner.main(EclipseTestRunner.java:40)" Date="1367928976441" Name="ValueTest:testIsString">
<CovList>
<CovPrefix CovItemPrefix="Value.java">
<Cov CovItemId="B14" Value="1"/>
<Cov CovItemId="B15" Value="1"/>
<Cov CovItemId="S2" Value="1"/>
<Cov CovItemId="S22" Value="1"/>
<Cov CovItemId="S24" Value="1"/>
<Cov CovItemId="S25" Value="1"/>
<Cov CovItemId="S67" Value="2"/>
</CovPrefix>
</CovList>
<AssgnmntList>
<AssgnmntPrefix RootTermCovItemPrefix="Value.java">
<AssgnmntListEntry Length="1" RootTermCovItemId="C7">
<MapEntry BoolAssgnmnt="0" Value="1"/>
</AssgnmntListEntry>
<AssgnmntListEntry Length="2" RootTermCovItemId="C8">
<MapEntry BoolAssgnmnt="12" Value="1"/>
</AssgnmntListEntry>
</AssgnmntPrefix>
</AssgnmntList>
<ObjMetaDataList/>
<MetaDataList/>
</TestCase>
<TestCase Comment="" Date="1367928976444" Name="ValueTest:testIsDouble">
<CovList>
<CovPrefix CovItemPrefix="Value.java">
<Cov CovItemId="B1" Value="1"/>
<Cov CovItemId="S2" Value="1"/>
<Cov CovItemId="S4" Value="1"/>
<Cov CovItemId="S5" Value="1"/>
<Cov CovItemId="S67" Value="1"/>
</CovPrefix>
</CovList>
<AssgnmntList>
<AssgnmntPrefix RootTermCovItemPrefix="Value.java">
<AssgnmntListEntry Length="1" RootTermCovItemId="C1">
<MapEntry BoolAssgnmnt="1" Value="1"/>
</AssgnmntListEntry>
</AssgnmntPrefix>
</AssgnmntList>
<ObjMetaDataList/>
<MetaDataList/>
</TestCase>
<TestCase Comment="" Date="1367928976446" Name="ValueTest:testIsBool">
<CovList>
<CovPrefix CovItemPrefix="Value.java">
<Cov CovItemId="B17" Value="1"/>
<Cov CovItemId="S2" Value="1"/>
<Cov CovItemId="S27" Value="1"/>
<Cov CovItemId="S28" Value="1"/>
<Cov CovItemId="S67" Value="1"/>
</CovPrefix>
</CovList>
<AssgnmntList>
<AssgnmntPrefix RootTermCovItemPrefix="Value.java">
<AssgnmntListEntry Length="2" RootTermCovItemId="C9">
<MapEntry BoolAssgnmnt="12" Value="1"/>
</AssgnmntListEntry>
</AssgnmntPrefix>
</AssgnmntList>
<ObjMetaDataList/>
<MetaDataList/>
</TestCase>
<TestCase Comment="Failure&#10;java.lang.AssertionError: Not yet implemented&#13;&#10;&#9;at org.junit.Assert.fail(Assert.java:93)&#13;&#10;&#9;at ValueTest.testGetType(ValueTest.java:78)&#13;&#10;&#9;at sun.reflect.NativeMethodAccessorImpl.invoke0(Native Method)&#13;&#10;&#9;at sun.reflect.NativeMethodAccessorImpl.invoke(Unknown Source)&#13;&#10;&#9;at sun.reflect.DelegatingMethodAccessorImpl.invoke(Unknown Source)&#13;&#10;&#9;at java.lang.reflect.Method.invoke(Unknown Source)&#13;&#10;&#9;at org.junit.runners.model.FrameworkMethod$1.runReflectiveCall(FrameworkMethod.java:45)&#13;&#10;&#9;at org.junit.internal.runners.model.ReflectiveCallable.run(ReflectiveCallable.java:15)&#13;&#10;&#9;at org.junit.runners.model.FrameworkMethod.invokeExplosively(FrameworkMethod.java:42)&#13;&#10;&#9;at org.junit.internal.runners.statements.InvokeMethod.evaluate(InvokeMethod.java:20)&#13;&#10;&#9;at org.junit.runners.ParentRunner.runLeaf(ParentRunner.java:263)&#13;&#10;&#9;at org.junit.runners.BlockJUnit4ClassRunner.runChild(BlockJUnit4ClassRunner.java:68)&#13;&#10;&#9;at org.junit.runners.BlockJUnit4ClassRunner.runChild(BlockJUnit4ClassRunner.java:47)&#13;&#10;&#9;at org.junit.runners.ParentRunner$3.run(ParentRunner.java:231)&#13;&#10;&#9;at org.junit.runners.ParentRunner$1.schedule(ParentRunner.java:60)&#13;&#10;&#9;at org.junit.runners.ParentRunner.runChildren(ParentRunner.java:229)&#13;&#10;&#9;at org.junit.runners.ParentRunner.access$000(ParentRunner.java:50)&#13;&#10;&#9;at org.junit.runners.ParentRunner$2.evaluate(ParentRunner.java:222)&#13;&#10;&#9;at org.junit.runners.ParentRunner.run(ParentRunner.java:300)&#13;&#10;&#9;at org.eclipse.jdt.internal.junit4.runner.JUnit4TestReference.run(JUnit4TestReference.java:50)&#13;&#10;&#9;at org.eclipse.jdt.internal.junit.runner.TestExecution.run(TestExecution.java:38)&#13;&#10;&#9;at org.eclipse.jdt.internal.junit.runner.RemoteTestRunner.runTests(RemoteTestRunner.java:467)&#13;&#10;&#9;at org.eclipse.jdt.internal.junit.runner.RemoteTestRunner.runTests(RemoteTestRunner.java:683)&#13;&#10;&#9;at org.eclipse.jdt.internal.junit.runner.RemoteTestRunner.run(RemoteTestRunner.java:390)&#13;&#10;&#9;at org.codecover.juniteclipse.runner.EclipseTestRunner.main(EclipseTestRunner.java:40)" Date="1367928976447" Name="ValueTest:testGetType">
<CovList/>
<AssgnmntList/>
<ObjMetaDataList/>
<MetaDataList/>
</TestCase>
<TestCase Comment="Failure&#10;java.lang.AssertionError: Not yet implemented&#13;&#10;&#9;at org.junit.Assert.fail(Assert.java:93)&#13;&#10;&#9;at ValueTest.testToString(ValueTest.java:88)&#13;&#10;&#9;at sun.reflect.NativeMethodAccessorImpl.invoke0(Native Method)&#13;&#10;&#9;at sun.reflect.NativeMethodAccessorImpl.invoke(Unknown Source)&#13;&#10;&#9;at sun.reflect.DelegatingMethodAccessorImpl.invoke(Unknown Source)&#13;&#10;&#9;at java.lang.reflect.Method.invoke(Unknown Source)&#13;&#10;&#9;at org.junit.runners.model.FrameworkMethod$1.runReflectiveCall(FrameworkMethod.java:45)&#13;&#10;&#9;at org.junit.internal.runners.model.ReflectiveCallable.run(ReflectiveCallable.java:15)&#13;&#10;&#9;at org.junit.runners.model.FrameworkMethod.invokeExplosively(FrameworkMethod.java:42)&#13;&#10;&#9;at org.junit.internal.runners.statements.InvokeMethod.evaluate(InvokeMethod.java:20)&#13;&#10;&#9;at org.junit.runners.ParentRunner.runLeaf(ParentRunner.java:263)&#13;&#10;&#9;at org.junit.runners.BlockJUnit4ClassRunner.runChild(BlockJUnit4ClassRunner.java:68)&#13;&#10;&#9;at org.junit.runners.BlockJUnit4ClassRunner.runChild(BlockJUnit4ClassRunner.java:47)&#13;&#10;&#9;at org.junit.runners.ParentRunner$3.run(ParentRunner.java:231)&#13;&#10;&#9;at org.junit.runners.ParentRunner$1.schedule(ParentRunner.java:60)&#13;&#10;&#9;at org.junit.runners.ParentRunner.runChildren(ParentRunner.java:229)&#13;&#10;&#9;at org.junit.runners.ParentRunner.access$000(ParentRunner.java:50)&#13;&#10;&#9;at org.junit.runners.ParentRunner$2.evaluate(ParentRunner.java:222)&#13;&#10;&#9;at org.junit.runners.ParentRunner.run(ParentRunner.java:300)&#13;&#10;&#9;at org.eclipse.jdt.internal.junit4.runner.JUnit4TestReference.run(JUnit4TestReference.java:50)&#13;&#10;&#9;at org.eclipse.jdt.internal.junit.runner.TestExecution.run(TestExecution.java:38)&#13;&#10;&#9;at org.eclipse.jdt.internal.junit.runner.RemoteTestRunner.runTests(RemoteTestRunner.java:467)&#13;&#10;&#9;at org.eclipse.jdt.internal.junit.runner.RemoteTestRunner.runTests(RemoteTestRunner.java:683)&#13;&#10;&#9;at org.eclipse.jdt.internal.junit.runner.RemoteTestRunner.run(RemoteTestRunner.java:390)&#13;&#10;&#9;at org.codecover.juniteclipse.runner.EclipseTestRunner.main(EclipseTestRunner.java:40)" Date="1367928976449" Name="ValueTest:testToString">
<CovList/>
<AssgnmntList/>
<ObjMetaDataList/>
<MetaDataList/>
</TestCase>
<MetaDataList/>
</TestSession>
<TestSession Comment="" Date="1367929113485" Name="May 7, 2013 2:18:33 PM">
<TestCase Comment="" Date="1367929113424" Name="ValueTest:testIsDouble">
<CovList>
<CovPrefix CovItemPrefix="Value.java">
<Cov CovItemId="B1" Value="1"/>
<Cov CovItemId="S1" Value="1"/>
<Cov CovItemId="S2" Value="2"/>
<Cov CovItemId="S4" Value="1"/>
<Cov CovItemId="S5" Value="1"/>
<Cov CovItemId="S67" Value="1"/>
</CovPrefix>
</CovList>
<AssgnmntList>
<AssgnmntPrefix RootTermCovItemPrefix="Value.java">
<AssgnmntListEntry Length="1" RootTermCovItemId="C1">
<MapEntry BoolAssgnmnt="1" Value="1"/>
</AssgnmntListEntry>
</AssgnmntPrefix>
</AssgnmntList>
<ObjMetaDataList/>
<MetaDataList/>
</TestCase>
<TestCase Comment="" Date="1367929113430" Name="ValueTest:testIsDrink">
<CovList>
<CovPrefix CovItemPrefix="Value.java">
<Cov CovItemId="B5" Value="1"/>
<Cov CovItemId="S10" Value="1"/>
<Cov CovItemId="S11" Value="1"/>
<Cov CovItemId="S2" Value="1"/>
<Cov CovItemId="S67" Value="1"/>
</CovPrefix>
</CovList>
<AssgnmntList>
<AssgnmntPrefix RootTermCovItemPrefix="Value.java">
<AssgnmntListEntry Length="1" RootTermCovItemId="C3">
<MapEntry BoolAssgnmnt="1" Value="1"/>
</AssgnmntListEntry>
</AssgnmntPrefix>
</AssgnmntList>
<ObjMetaDataList/>
<MetaDataList/>
</TestCase>
<TestCase Comment="Failure&#10;java.lang.AssertionError: c must be a char&#13;&#10;&#9;at org.junit.Assert.fail(Assert.java:93)&#13;&#10;&#9;at org.junit.Assert.assertTrue(Assert.java:43)&#13;&#10;&#9;at ValueTest.testIsChar(ValueTest.java:51)&#13;&#10;&#9;at sun.reflect.NativeMethodAccessorImpl.invoke0(Native Method)&#13;&#10;&#9;at sun.reflect.NativeMethodAccessorImpl.invoke(Unknown Source)&#13;&#10;&#9;at sun.reflect.DelegatingMethodAccessorImpl.invoke(Unknown Source)&#13;&#10;&#9;at java.lang.reflect.Method.invoke(Unknown Source)&#13;&#10;&#9;at org.junit.runners.model.FrameworkMethod$1.runReflectiveCall(FrameworkMethod.java:45)&#13;&#10;&#9;at org.junit.internal.runners.model.ReflectiveCallable.run(ReflectiveCallable.java:15)&#13;&#10;&#9;at org.junit.runners.model.FrameworkMethod.invokeExplosively(FrameworkMethod.java:42)&#13;&#10;&#9;at org.junit.internal.runners.statements.InvokeMethod.evaluate(InvokeMethod.java:20)&#13;&#10;&#9;at org.junit.runners.ParentRunner.runLeaf(ParentRunner.java:263)&#13;&#10;&#9;at org.junit.runners.BlockJUnit4ClassRunner.runChild(BlockJUnit4ClassRunner.java:68)&#13;&#10;&#9;at org.junit.runners.BlockJUnit4ClassRunner.runChild(BlockJUnit4ClassRunner.java:47)&#13;&#10;&#9;at org.junit.runners.ParentRunner$3.run(ParentRunner.java:231)&#13;&#10;&#9;at org.junit.runners.ParentRunner$1.schedule(ParentRunner.java:60)&#13;&#10;&#9;at org.junit.runners.ParentRunner.runChildren(ParentRunner.java:229)&#13;&#10;&#9;at org.junit.runners.ParentRunner.access$000(ParentRunner.java:50)&#13;&#10;&#9;at org.junit.runners.ParentRunner$2.evaluate(ParentRunner.java:222)&#13;&#10;&#9;at org.junit.runners.ParentRunner.run(ParentRunner.java:300)&#13;&#10;&#9;at org.eclipse.jdt.internal.junit4.runner.JUnit4TestReference.run(JUnit4TestReference.java:50)&#13;&#10;&#9;at org.eclipse.jdt.internal.junit.runner.TestExecution.run(TestExecution.java:38)&#13;&#10;&#9;at org.eclipse.jdt.internal.junit.runner.RemoteTestRunner.runTests(RemoteTestRunner.java:467)&#13;&#10;&#9;at org.eclipse.jdt.internal.junit.runner.RemoteTestRunner.runTests(RemoteTestRunner.java:683)&#13;&#10;&#9;at org.eclipse.jdt.internal.junit.runner.RemoteTestRunner.run(RemoteTestRunner.java:390)&#13;&#10;&#9;at org.codecover.juniteclipse.runner.EclipseTestRunner.main(EclipseTestRunner.java:40)" Date="1367929113431" Name="ValueTest:testIsChar">
<CovList>
<CovPrefix CovItemPrefix="Value.java">
<Cov CovItemId="B11" Value="1"/>
<Cov CovItemId="S19" Value="1"/>
<Cov CovItemId="S2" Value="1"/>
<Cov CovItemId="S20" Value="1"/>
<Cov CovItemId="S67" Value="1"/>
</CovPrefix>
</CovList>
<AssgnmntList>
<AssgnmntPrefix RootTermCovItemPrefix="Value.java">
<AssgnmntListEntry Length="3" RootTermCovItemId="C6">
<MapEntry BoolAssgnmnt="122" Value="1"/>
</AssgnmntListEntry>
</AssgnmntPrefix>
</AssgnmntList>
<ObjMetaDataList/>
<MetaDataList/>
</TestCase>
<TestCase Comment="Failure&#10;java.lang.AssertionError: test must be a string&#13;&#10;&#9;at org.junit.Assert.fail(Assert.java:93)&#13;&#10;&#9;at org.junit.Assert.assertTrue(Assert.java:43)&#13;&#10;&#9;at ValueTest.testIsString(ValueTest.java:57)&#13;&#10;&#9;at sun.reflect.NativeMethodAccessorImpl.invoke0(Native Method)&#13;&#10;&#9;at sun.reflect.NativeMethodAccessorImpl.invoke(Unknown Source)&#13;&#10;&#9;at sun.reflect.DelegatingMethodAccessorImpl.invoke(Unknown Source)&#13;&#10;&#9;at java.lang.reflect.Method.invoke(Unknown Source)&#13;&#10;&#9;at org.junit.runners.model.FrameworkMethod$1.runReflectiveCall(FrameworkMethod.java:45)&#13;&#10;&#9;at org.junit.internal.runners.model.ReflectiveCallable.run(ReflectiveCallable.java:15)&#13;&#10;&#9;at org.junit.runners.model.FrameworkMethod.invokeExplosively(FrameworkMethod.java:42)&#13;&#10;&#9;at org.junit.internal.runners.statements.InvokeMethod.evaluate(InvokeMethod.java:20)&#13;&#10;&#9;at org.junit.runners.ParentRunner.runLeaf(ParentRunner.java:263)&#13;&#10;&#9;at org.junit.runners.BlockJUnit4ClassRunner.runChild(BlockJUnit4ClassRunner.java:68)&#13;&#10;&#9;at org.junit.runners.BlockJUnit4ClassRunner.runChild(BlockJUnit4ClassRunner.java:47)&#13;&#10;&#9;at org.junit.runners.ParentRunner$3.run(ParentRunner.java:231)&#13;&#10;&#9;at org.junit.runners.ParentRunner$1.schedule(ParentRunner.java:60)&#13;&#10;&#9;at org.junit.runners.ParentRunner.runChildren(ParentRunner.java:229)&#13;&#10;&#9;at org.junit.runners.ParentRunner.access$000(ParentRunner.java:50)&#13;&#10;&#9;at org.junit.runners.ParentRunner$2.evaluate(ParentRunner.java:222)&#13;&#10;&#9;at org.junit.runners.ParentRunner.run(ParentRunner.java:300)&#13;&#10;&#9;at org.eclipse.jdt.internal.junit4.runner.JUnit4TestReference.run(JUnit4TestReference.java:50)&#13;&#10;&#9;at org.eclipse.jdt.internal.junit.runner.TestExecution.run(TestExecution.java:38)&#13;&#10;&#9;at org.eclipse.jdt.internal.junit.runner.RemoteTestRunner.runTests(RemoteTestRunner.java:467)&#13;&#10;&#9;at org.eclipse.jdt.internal.junit.runner.RemoteTestRunner.runTests(RemoteTestRunner.java:683)&#13;&#10;&#9;at org.eclipse.jdt.internal.junit.runner.RemoteTestRunner.run(RemoteTestRunner.java:390)&#13;&#10;&#9;at org.codecover.juniteclipse.runner.EclipseTestRunner.main(EclipseTestRunner.java:40)" Date="1367929113441" Name="ValueTest:testIsString">
<CovList>
<CovPrefix CovItemPrefix="Value.java">
<Cov CovItemId="B14" Value="1"/>
<Cov CovItemId="B15" Value="1"/>
<Cov CovItemId="S2" Value="1"/>
<Cov CovItemId="S22" Value="1"/>
<Cov CovItemId="S24" Value="1"/>
<Cov CovItemId="S25" Value="1"/>
<Cov CovItemId="S67" Value="2"/>
</CovPrefix>
</CovList>
<AssgnmntList>
<AssgnmntPrefix RootTermCovItemPrefix="Value.java">
<AssgnmntListEntry Length="1" RootTermCovItemId="C7">
<MapEntry BoolAssgnmnt="0" Value="1"/>
</AssgnmntListEntry>
<AssgnmntListEntry Length="2" RootTermCovItemId="C8">
<MapEntry BoolAssgnmnt="12" Value="1"/>
</AssgnmntListEntry>
</AssgnmntPrefix>
</AssgnmntList>
<ObjMetaDataList/>
<MetaDataList/>
</TestCase>
<TestCase Comment="" Date="1367929113446" Name="ValueTest:testIsBool">
<CovList>
<CovPrefix CovItemPrefix="Value.java">
<Cov CovItemId="B17" Value="1"/>
<Cov CovItemId="S2" Value="1"/>
<Cov CovItemId="S27" Value="1"/>
<Cov CovItemId="S28" Value="1"/>
<Cov CovItemId="S67" Value="1"/>
</CovPrefix>
</CovList>
<AssgnmntList>
<AssgnmntPrefix RootTermCovItemPrefix="Value.java">
<AssgnmntListEntry Length="2" RootTermCovItemId="C9">
<MapEntry BoolAssgnmnt="12" Value="1"/>
</AssgnmntListEntry>
</AssgnmntPrefix>
</AssgnmntList>
<ObjMetaDataList/>
<MetaDataList/>
</TestCase>
<TestCase Comment="" Date="1367929113447" Name="ValueTest:testIsInt">
<CovList>
<CovPrefix CovItemPrefix="Value.java">
<Cov CovItemId="B3" Value="1"/>
<Cov CovItemId="S2" Value="1"/>
<Cov CovItemId="S67" Value="1"/>
<Cov CovItemId="S7" Value="1"/>
<Cov CovItemId="S8" Value="1"/>
</CovPrefix>
</CovList>
<AssgnmntList>
<AssgnmntPrefix RootTermCovItemPrefix="Value.java">
<AssgnmntListEntry Length="1" RootTermCovItemId="C2">
<MapEntry BoolAssgnmnt="1" Value="1"/>
</AssgnmntListEntry>
</AssgnmntPrefix>
</AssgnmntList>
<ObjMetaDataList/>
<MetaDataList/>
</TestCase>
<TestCase Comment="" Date="1367929113449" Name="ValueTest:testValue">
<CovList/>
<AssgnmntList/>
<ObjMetaDataList/>
<MetaDataList/>
</TestCase>
<TestCase Comment="Failure&#10;java.lang.AssertionError: Not yet implemented&#13;&#10;&#9;at org.junit.Assert.fail(Assert.java:93)&#13;&#10;&#9;at ValueTest.testToString(ValueTest.java:89)&#13;&#10;&#9;at sun.reflect.NativeMethodAccessorImpl.invoke0(Native Method)&#13;&#10;&#9;at sun.reflect.NativeMethodAccessorImpl.invoke(Unknown Source)&#13;&#10;&#9;at sun.reflect.DelegatingMethodAccessorImpl.invoke(Unknown Source)&#13;&#10;&#9;at java.lang.reflect.Method.invoke(Unknown Source)&#13;&#10;&#9;at org.junit.runners.model.FrameworkMethod$1.runReflectiveCall(FrameworkMethod.java:45)&#13;&#10;&#9;at org.junit.internal.runners.model.ReflectiveCallable.run(ReflectiveCallable.java:15)&#13;&#10;&#9;at org.junit.runners.model.FrameworkMethod.invokeExplosively(FrameworkMethod.java:42)&#13;&#10;&#9;at org.junit.internal.runners.statements.InvokeMethod.evaluate(InvokeMethod.java:20)&#13;&#10;&#9;at org.junit.runners.ParentRunner.runLeaf(ParentRunner.java:263)&#13;&#10;&#9;at org.junit.runners.BlockJUnit4ClassRunner.runChild(BlockJUnit4ClassRunner.java:68)&#13;&#10;&#9;at org.junit.runners.BlockJUnit4ClassRunner.runChild(BlockJUnit4ClassRunner.java:47)&#13;&#10;&#9;at org.junit.runners.ParentRunner$3.run(ParentRunner.java:231)&#13;&#10;&#9;at org.junit.runners.ParentRunner$1.schedule(ParentRunner.java:60)&#13;&#10;&#9;at org.junit.runners.ParentRunner.runChildren(ParentRunner.java:229)&#13;&#10;&#9;at org.junit.runners.ParentRunner.access$000(ParentRunner.java:50)&#13;&#10;&#9;at org.junit.runners.ParentRunner$2.evaluate(ParentRunner.java:222)&#13;&#10;&#9;at org.junit.runners.ParentRunner.run(ParentRunner.java:300)&#13;&#10;&#9;at org.eclipse.jdt.internal.junit4.runner.JUnit4TestReference.run(JUnit4TestReference.java:50)&#13;&#10;&#9;at org.eclipse.jdt.internal.junit.runner.TestExecution.run(TestExecution.java:38)&#13;&#10;&#9;at org.eclipse.jdt.internal.junit.runner.RemoteTestRunner.runTests(RemoteTestRunner.java:467)&#13;&#10;&#9;at org.eclipse.jdt.internal.junit.runner.RemoteTestRunner.runTests(RemoteTestRunner.java:683)&#13;&#10;&#9;at org.eclipse.jdt.internal.junit.runner.RemoteTestRunner.run(RemoteTestRunner.java:390)&#13;&#10;&#9;at org.codecover.juniteclipse.runner.EclipseTestRunner.main(EclipseTestRunner.java:40)" Date="1367929113450" Name="ValueTest:testToString">
<CovList/>
<AssgnmntList/>
<ObjMetaDataList/>
<MetaDataList/>
</TestCase>
<TestCase Comment="Failure&#10;java.lang.AssertionError: Not yet implemented&#13;&#10;&#9;at org.junit.Assert.fail(Assert.java:93)&#13;&#10;&#9;at ValueTest.testGetType(ValueTest.java:79)&#13;&#10;&#9;at sun.reflect.NativeMethodAccessorImpl.invoke0(Native Method)&#13;&#10;&#9;at sun.reflect.NativeMethodAccessorImpl.invoke(Unknown Source)&#13;&#10;&#9;at sun.reflect.DelegatingMethodAccessorImpl.invoke(Unknown Source)&#13;&#10;&#9;at java.lang.reflect.Method.invoke(Unknown Source)&#13;&#10;&#9;at org.junit.runners.model.FrameworkMethod$1.runReflectiveCall(FrameworkMethod.java:45)&#13;&#10;&#9;at org.junit.internal.runners.model.ReflectiveCallable.run(ReflectiveCallable.java:15)&#13;&#10;&#9;at org.junit.runners.model.FrameworkMethod.invokeExplosively(FrameworkMethod.java:42)&#13;&#10;&#9;at org.junit.internal.runners.statements.InvokeMethod.evaluate(InvokeMethod.java:20)&#13;&#10;&#9;at org.junit.runners.ParentRunner.runLeaf(ParentRunner.java:263)&#13;&#10;&#9;at org.junit.runners.BlockJUnit4ClassRunner.runChild(BlockJUnit4ClassRunner.java:68)&#13;&#10;&#9;at org.junit.runners.BlockJUnit4ClassRunner.runChild(BlockJUnit4ClassRunner.java:47)&#13;&#10;&#9;at org.junit.runners.ParentRunner$3.run(ParentRunner.java:231)&#13;&#10;&#9;at org.junit.runners.ParentRunner$1.schedule(ParentRunner.java:60)&#13;&#10;&#9;at org.junit.runners.ParentRunner.runChildren(ParentRunner.java:229)&#13;&#10;&#9;at org.junit.runners.ParentRunner.access$000(ParentRunner.java:50)&#13;&#10;&#9;at org.junit.runners.ParentRunner$2.evaluate(ParentRunner.java:222)&#13;&#10;&#9;at org.junit.runners.ParentRunner.run(ParentRunner.java:300)&#13;&#10;&#9;at org.eclipse.jdt.internal.junit4.runner.JUnit4TestReference.run(JUnit4TestReference.java:50)&#13;&#10;&#9;at org.eclipse.jdt.internal.junit.runner.TestExecution.run(TestExecution.java:38)&#13;&#10;&#9;at org.eclipse.jdt.internal.junit.runner.RemoteTestRunner.runTests(RemoteTestRunner.java:467)&#13;&#10;&#9;at org.eclipse.jdt.internal.junit.runner.RemoteTestRunner.runTests(RemoteTestRunner.java:683)&#13;&#10;&#9;at org.eclipse.jdt.internal.junit.runner.RemoteTestRunner.run(RemoteTestRunner.java:390)&#13;&#10;&#9;at org.codecover.juniteclipse.runner.EclipseTestRunner.main(EclipseTestRunner.java:40)" Date="1367929113456" Name="ValueTest:testGetType">
<CovList/>
<AssgnmntList/>
<ObjMetaDataList/>
<MetaDataList/>
</TestCase>
<TestCase Comment="" Date="1367929113462" Name="ValueTest:testValueObject">
<CovList/>
<AssgnmntList/>
<ObjMetaDataList/>
<MetaDataList/>
</TestCase>
<TestCase Comment="" Date="1367929113464" Name="ValueTest:testIsNumericExpression">
<CovList>
<CovPrefix CovItemPrefix="Value.java">
<Cov CovItemId="B9" Value="1"/>
<Cov CovItemId="S16" Value="1"/>
<Cov CovItemId="S17" Value="1"/>
<Cov CovItemId="S2" Value="1"/>
<Cov CovItemId="S67" Value="1"/>
</CovPrefix>
</CovList>
<AssgnmntList>
<AssgnmntPrefix RootTermCovItemPrefix="Value.java">
<AssgnmntListEntry Length="1" RootTermCovItemId="C5">
<MapEntry BoolAssgnmnt="1" Value="1"/>
</AssgnmntListEntry>
</AssgnmntPrefix>
</AssgnmntList>
<ObjMetaDataList/>
<MetaDataList/>
</TestCase>
<TestCase Comment="Failure&#10;java.lang.AssertionError: Not yet implemented&#13;&#10;&#9;at org.junit.Assert.fail(Assert.java:93)&#13;&#10;&#9;at ValueTest.testEqualsObject(ValueTest.java:84)&#13;&#10;&#9;at sun.reflect.NativeMethodAccessorImpl.invoke0(Native Method)&#13;&#10;&#9;at sun.reflect.NativeMethodAccessorImpl.invoke(Unknown Source)&#13;&#10;&#9;at sun.reflect.DelegatingMethodAccessorImpl.invoke(Unknown Source)&#13;&#10;&#9;at java.lang.reflect.Method.invoke(Unknown Source)&#13;&#10;&#9;at org.junit.runners.model.FrameworkMethod$1.runReflectiveCall(FrameworkMethod.java:45)&#13;&#10;&#9;at org.junit.internal.runners.model.ReflectiveCallable.run(ReflectiveCallable.java:15)&#13;&#10;&#9;at org.junit.runners.model.FrameworkMethod.invokeExplosively(FrameworkMethod.java:42)&#13;&#10;&#9;at org.junit.internal.runners.statements.InvokeMethod.evaluate(InvokeMethod.java:20)&#13;&#10;&#9;at org.junit.runners.ParentRunner.runLeaf(ParentRunner.java:263)&#13;&#10;&#9;at org.junit.runners.BlockJUnit4ClassRunner.runChild(BlockJUnit4ClassRunner.java:68)&#13;&#10;&#9;at org.junit.runners.BlockJUnit4ClassRunner.runChild(BlockJUnit4ClassRunner.java:47)&#13;&#10;&#9;at org.junit.runners.ParentRunner$3.run(ParentRunner.java:231)&#13;&#10;&#9;at org.junit.runners.ParentRunner$1.schedule(ParentRunner.java:60)&#13;&#10;&#9;at org.junit.runners.ParentRunner.runChildren(ParentRunner.java:229)&#13;&#10;&#9;at org.junit.runners.ParentRunner.access$000(ParentRunner.java:50)&#13;&#10;&#9;at org.junit.runners.ParentRunner$2.evaluate(ParentRunner.java:222)&#13;&#10;&#9;at org.junit.runners.ParentRunner.run(ParentRunner.java:300)&#13;&#10;&#9;at org.eclipse.jdt.internal.junit4.runner.JUnit4TestReference.run(JUnit4TestReference.java:50)&#13;&#10;&#9;at org.eclipse.jdt.internal.junit.runner.TestExecution.run(TestExecution.java:38)&#13;&#10;&#9;at org.eclipse.jdt.internal.junit.runner.RemoteTestRunner.runTests(RemoteTestRunner.java:467)&#13;&#10;&#9;at org.eclipse.jdt.internal.junit.runner.RemoteTestRunner.runTests(RemoteTestRunner.java:683)&#13;&#10;&#9;at org.eclipse.jdt.internal.junit.runner.RemoteTestRunner.run(RemoteTestRunner.java:390)&#13;&#10;&#9;at org.codecover.juniteclipse.runner.EclipseTestRunner.main(EclipseTestRunner.java:40)" Date="1367929113466" Name="ValueTest:testEqualsObject">
<CovList/>
<AssgnmntList/>
<ObjMetaDataList/>
<MetaDataList/>
</TestCase>
<TestCase Comment="" Date="1367929113468" Name="ValueTest:testIsSameType">
<CovList>
<CovPrefix CovItemPrefix="Value.java">
<Cov CovItemId="B18" Value="1"/>
<Cov CovItemId="B19" Value="2"/>
<Cov CovItemId="B22" Value="1"/>
<Cov CovItemId="B23" Value="1"/>
<Cov CovItemId="S2" Value="2"/>
<Cov CovItemId="S27" Value="1"/>
<Cov CovItemId="S29" Value="1"/>
<Cov CovItemId="S30" Value="2"/>
<Cov CovItemId="S31" Value="2"/>
<Cov CovItemId="S33" Value="1"/>
<Cov CovItemId="S35" Value="1"/>
<Cov CovItemId="S36" Value="1"/>
<Cov CovItemId="S67" Value="4"/>
</CovPrefix>
</CovList>
<AssgnmntList>
<AssgnmntPrefix RootTermCovItemPrefix="Value.java">
<AssgnmntListEntry Length="2" RootTermCovItemId="C10">
<MapEntry BoolAssgnmnt="12" Value="2"/>
</AssgnmntListEntry>
<AssgnmntListEntry Length="2" RootTermCovItemId="C11">
<MapEntry BoolAssgnmnt="02" Value="1"/>
</AssgnmntListEntry>
<AssgnmntListEntry Length="2" RootTermCovItemId="C12">
<MapEntry BoolAssgnmnt="11" Value="1"/>
</AssgnmntListEntry>
<AssgnmntListEntry Length="2" RootTermCovItemId="C9">
<MapEntry BoolAssgnmnt="00" Value="1"/>
</AssgnmntListEntry>
</AssgnmntPrefix>
</AssgnmntList>
<ObjMetaDataList/>
<MetaDataList/>
</TestCase>
<TestCase Comment="Failure&#10;java.lang.AssertionError: Not yet implemented&#13;&#10;&#9;at org.junit.Assert.fail(Assert.java:93)&#13;&#10;&#9;at ValueTest.testIsContainer(ValueTest.java:68)&#13;&#10;&#9;at sun.reflect.NativeMethodAccessorImpl.invoke0(Native Method)&#13;&#10;&#9;at sun.reflect.NativeMethodAccessorImpl.invoke(Unknown Source)&#13;&#10;&#9;at sun.reflect.DelegatingMethodAccessorImpl.invoke(Unknown Source)&#13;&#10;&#9;at java.lang.reflect.Method.invoke(Unknown Source)&#13;&#10;&#9;at org.junit.runners.model.FrameworkMethod$1.runReflectiveCall(FrameworkMethod.java:45)&#13;&#10;&#9;at org.junit.internal.runners.model.ReflectiveCallable.run(ReflectiveCallable.java:15)&#13;&#10;&#9;at org.junit.runners.model.FrameworkMethod.invokeExplosively(FrameworkMethod.java:42)&#13;&#10;&#9;at org.junit.internal.runners.statements.InvokeMethod.evaluate(InvokeMethod.java:20)&#13;&#10;&#9;at org.junit.runners.ParentRunner.runLeaf(ParentRunner.java:263)&#13;&#10;&#9;at org.junit.runners.BlockJUnit4ClassRunner.runChild(BlockJUnit4ClassRunner.java:68)&#13;&#10;&#9;at org.junit.runners.BlockJUnit4ClassRunner.runChild(BlockJUnit4ClassRunner.java:47)&#13;&#10;&#9;at org.junit.runners.ParentRunner$3.run(ParentRunner.java:231)&#13;&#10;&#9;at org.junit.runners.ParentRunner$1.schedule(ParentRunner.java:60)&#13;&#10;&#9;at org.junit.runners.ParentRunner.runChildren(ParentRunner.java:229)&#13;&#10;&#9;at org.junit.runners.ParentRunner.access$000(ParentRunner.java:50)&#13;&#10;&#9;at org.junit.runners.ParentRunner$2.evaluate(ParentRunner.java:222)&#13;&#10;&#9;at org.junit.runners.ParentRunner.run(ParentRunner.java:300)&#13;&#10;&#9;at org.eclipse.jdt.internal.junit4.runner.JUnit4TestReference.run(JUnit4TestReference.java:50)&#13;&#10;&#9;at org.eclipse.jdt.internal.junit.runner.TestExecution.run(TestExecution.java:38)&#13;&#10;&#9;at org.eclipse.jdt.internal.junit.runner.RemoteTestRunner.runTests(RemoteTestRunner.java:467)&#13;&#10;&#9;at org.eclipse.jdt.internal.junit.runner.RemoteTestRunner.runTests(RemoteTestRunner.java:683)&#13;&#10;&#9;at org.eclipse.jdt.internal.junit.runner.RemoteTestRunner.run(RemoteTestRunner.java:390)&#13;&#10;&#9;at org.codecover.juniteclipse.runner.EclipseTestRunner.main(EclipseTestRunner.java:40)" Date="1367929113469" Name="ValueTest:testIsContainer">
<CovList/>
<AssgnmntList/>
<ObjMetaDataList/>
<MetaDataList/>
</TestCase>
<TestCase Comment="" Date="1367929113471" Name="ValueTest:testIsNumeric">
<CovList>
<CovPrefix CovItemPrefix="Value.java">
<Cov CovItemId="B3" Value="1"/>
<Cov CovItemId="B7" Value="1"/>
<Cov CovItemId="S13" Value="1"/>
<Cov CovItemId="S14" Value="1"/>
<Cov CovItemId="S2" Value="1"/>
<Cov CovItemId="S67" Value="1"/>
<Cov CovItemId="S7" Value="1"/>
<Cov CovItemId="S8" Value="1"/>
</CovPrefix>
</CovList>
<AssgnmntList>
<AssgnmntPrefix RootTermCovItemPrefix="Value.java">
<AssgnmntListEntry Length="1" RootTermCovItemId="C2">
<MapEntry BoolAssgnmnt="1" Value="1"/>
</AssgnmntListEntry>
<AssgnmntListEntry Length="4" RootTermCovItemId="C4">
<MapEntry BoolAssgnmnt="1222" Value="1"/>
</AssgnmntListEntry>
</AssgnmntPrefix>
</AssgnmntList>
<ObjMetaDataList/>
<MetaDataList/>
</TestCase>
<MetaDataList/>
</TestSession>
<TestSession Comment="" Date="1367929120294" Name="May 7, 2013 2:18:40 PM">
<TestCase Comment="" Date="1367929120237" Name="ValueTest:testIsInt">
<CovList>
<CovPrefix CovItemPrefix="Value.java">
<Cov CovItemId="B3" Value="1"/>
<Cov CovItemId="S1" Value="1"/>
<Cov CovItemId="S2" Value="2"/>
<Cov CovItemId="S67" Value="1"/>
<Cov CovItemId="S7" Value="1"/>
<Cov CovItemId="S8" Value="1"/>
</CovPrefix>
</CovList>
<AssgnmntList>
<AssgnmntPrefix RootTermCovItemPrefix="Value.java">
<AssgnmntListEntry Length="1" RootTermCovItemId="C2">
<MapEntry BoolAssgnmnt="1" Value="1"/>
</AssgnmntListEntry>
</AssgnmntPrefix>
</AssgnmntList>
<ObjMetaDataList/>
<MetaDataList/>
</TestCase>
<TestCase Comment="Failure&#10;java.lang.AssertionError: drink must be a drink&#13;&#10;&#9;at org.junit.Assert.fail(Assert.java:93)&#13;&#10;&#9;at org.junit.Assert.assertTrue(Assert.java:43)&#13;&#10;&#9;at ValueTest.testIsDrink(ValueTest.java:33)&#13;&#10;&#9;at sun.reflect.NativeMethodAccessorImpl.invoke0(Native Method)&#13;&#10;&#9;at sun.reflect.NativeMethodAccessorImpl.invoke(Unknown Source)&#13;&#10;&#9;at sun.reflect.DelegatingMethodAccessorImpl.invoke(Unknown Source)&#13;&#10;&#9;at java.lang.reflect.Method.invoke(Unknown Source)&#13;&#10;&#9;at org.junit.runners.model.FrameworkMethod$1.runReflectiveCall(FrameworkMethod.java:45)&#13;&#10;&#9;at org.junit.internal.runners.model.ReflectiveCallable.run(ReflectiveCallable.java:15)&#13;&#10;&#9;at org.junit.runners.model.FrameworkMethod.invokeExplosively(FrameworkMethod.java:42)&#13;&#10;&#9;at org.junit.internal.runners.statements.InvokeMethod.evaluate(InvokeMethod.java:20)&#13;&#10;&#9;at org.junit.runners.ParentRunner.runLeaf(ParentRunner.java:263)&#13;&#10;&#9;at org.junit.runners.BlockJUnit4ClassRunner.runChild(BlockJUnit4ClassRunner.java:68)&#13;&#10;&#9;at org.junit.runners.BlockJUnit4ClassRunner.runChild(BlockJUnit4ClassRunner.java:47)&#13;&#10;&#9;at org.junit.runners.ParentRunner$3.run(ParentRunner.java:231)&#13;&#10;&#9;at org.junit.runners.ParentRunner$1.schedule(ParentRunner.java:60)&#13;&#10;&#9;at org.junit.runners.ParentRunner.runChildren(ParentRunner.java:229)&#13;&#10;&#9;at org.junit.runners.ParentRunner.access$000(ParentRunner.java:50)&#13;&#10;&#9;at org.junit.runners.ParentRunner$2.evaluate(ParentRunner.java:222)&#13;&#10;&#9;at org.junit.runners.ParentRunner.run(ParentRunner.java:300)&#13;&#10;&#9;at org.eclipse.jdt.internal.junit4.runner.JUnit4TestReference.run(JUnit4TestReference.java:50)&#13;&#10;&#9;at org.eclipse.jdt.internal.junit.runner.TestExecution.run(TestExecution.java:38)&#13;&#10;&#9;at org.eclipse.jdt.internal.junit.runner.RemoteTestRunner.runTests(RemoteTestRunner.java:467)&#13;&#10;&#9;at org.eclipse.jdt.internal.junit.runner.RemoteTestRunner.runTests(RemoteTestRunner.java:683)&#13;&#10;&#9;at org.eclipse.jdt.internal.junit.runner.RemoteTestRunner.run(RemoteTestRunner.java:390)&#13;&#10;&#9;at org.codecover.juniteclipse.runner.EclipseTestRunner.main(EclipseTestRunner.java:40)" Date="1367929120243" Name="ValueTest:testIsDrink">
<CovList>
<CovPrefix CovItemPrefix="Value.java">
<Cov CovItemId="B4" Value="1"/>
<Cov CovItemId="S2" Value="1"/>
<Cov CovItemId="S67" Value="1"/>
<Cov CovItemId="S7" Value="1"/>
<Cov CovItemId="S9" Value="1"/>
</CovPrefix>
</CovList>
<AssgnmntList>
<AssgnmntPrefix RootTermCovItemPrefix="Value.java">
<AssgnmntListEntry Length="1" RootTermCovItemId="C2">
<MapEntry BoolAssgnmnt="0" Value="1"/>
</AssgnmntListEntry>
</AssgnmntPrefix>
</AssgnmntList>
<ObjMetaDataList/>
<MetaDataList/>
</TestCase>
<TestCase Comment="Failure&#10;java.lang.AssertionError: c must be a char&#13;&#10;&#9;at org.junit.Assert.fail(Assert.java:93)&#13;&#10;&#9;at org.junit.Assert.assertTrue(Assert.java:43)&#13;&#10;&#9;at ValueTest.testIsChar(ValueTest.java:51)&#13;&#10;&#9;at sun.reflect.NativeMethodAccessorImpl.invoke0(Native Method)&#13;&#10;&#9;at sun.reflect.NativeMethodAccessorImpl.invoke(Unknown Source)&#13;&#10;&#9;at sun.reflect.DelegatingMethodAccessorImpl.invoke(Unknown Source)&#13;&#10;&#9;at java.lang.reflect.Method.invoke(Unknown Source)&#13;&#10;&#9;at org.junit.runners.model.FrameworkMethod$1.runReflectiveCall(FrameworkMethod.java:45)&#13;&#10;&#9;at org.junit.internal.runners.model.ReflectiveCallable.run(ReflectiveCallable.java:15)&#13;&#10;&#9;at org.junit.runners.model.FrameworkMethod.invokeExplosively(FrameworkMethod.java:42)&#13;&#10;&#9;at org.junit.internal.runners.statements.InvokeMethod.evaluate(InvokeMethod.java:20)&#13;&#10;&#9;at org.junit.runners.ParentRunner.runLeaf(ParentRunner.java:263)&#13;&#10;&#9;at org.junit.runners.BlockJUnit4ClassRunner.runChild(BlockJUnit4ClassRunner.java:68)&#13;&#10;&#9;at org.junit.runners.BlockJUnit4ClassRunner.runChild(BlockJUnit4ClassRunner.java:47)&#13;&#10;&#9;at org.junit.runners.ParentRunner$3.run(ParentRunner.java:231)&#13;&#10;&#9;at org.junit.runners.ParentRunner$1.schedule(ParentRunner.java:60)&#13;&#10;&#9;at org.junit.runners.ParentRunner.runChildren(ParentRunner.java:229)&#13;&#10;&#9;at org.junit.runners.ParentRunner.access$000(ParentRunner.java:50)&#13;&#10;&#9;at org.junit.runners.ParentRunner$2.evaluate(ParentRunner.java:222)&#13;&#10;&#9;at org.junit.runners.ParentRunner.run(ParentRunner.java:300)&#13;&#10;&#9;at org.eclipse.jdt.internal.junit4.runner.JUnit4TestReference.run(JUnit4TestReference.java:50)&#13;&#10;&#9;at org.eclipse.jdt.internal.junit.runner.TestExecution.run(TestExecution.java:38)&#13;&#10;&#9;at org.eclipse.jdt.internal.junit.runner.RemoteTestRunner.runTests(RemoteTestRunner.java:467)&#13;&#10;&#9;at org.eclipse.jdt.internal.junit.runner.RemoteTestRunner.runTests(RemoteTestRunner.java:683)&#13;&#10;&#9;at org.eclipse.jdt.internal.junit.runner.RemoteTestRunner.run(RemoteTestRunner.java:390)&#13;&#10;&#9;at org.codecover.juniteclipse.runner.EclipseTestRunner.main(EclipseTestRunner.java:40)" Date="1367929120255" Name="ValueTest:testIsChar">
<CovList>
<CovPrefix CovItemPrefix="Value.java">
<Cov CovItemId="B11" Value="1"/>
<Cov CovItemId="S19" Value="1"/>
<Cov CovItemId="S2" Value="1"/>
<Cov CovItemId="S20" Value="1"/>
<Cov CovItemId="S67" Value="1"/>
</CovPrefix>
</CovList>
<AssgnmntList>
<AssgnmntPrefix RootTermCovItemPrefix="Value.java">
<AssgnmntListEntry Length="3" RootTermCovItemId="C6">
<MapEntry BoolAssgnmnt="122" Value="1"/>
</AssgnmntListEntry>
</AssgnmntPrefix>
</AssgnmntList>
<ObjMetaDataList/>
<MetaDataList/>
</TestCase>
<TestCase Comment="" Date="1367929120260" Name="ValueTest:testValue">
<CovList/>
<AssgnmntList/>
<ObjMetaDataList/>
<MetaDataList/>
</TestCase>
<TestCase Comment="" Date="1367929120262" Name="ValueTest:testIsDouble">
<CovList>
<CovPrefix CovItemPrefix="Value.java">
<Cov CovItemId="B1" Value="1"/>
<Cov CovItemId="S2" Value="1"/>
<Cov CovItemId="S4" Value="1"/>
<Cov CovItemId="S5" Value="1"/>
<Cov CovItemId="S67" Value="1"/>
</CovPrefix>
</CovList>
<AssgnmntList>
<AssgnmntPrefix RootTermCovItemPrefix="Value.java">
<AssgnmntListEntry Length="1" RootTermCovItemId="C1">
<MapEntry BoolAssgnmnt="1" Value="1"/>
</AssgnmntListEntry>
</AssgnmntPrefix>
</AssgnmntList>
<ObjMetaDataList/>
<MetaDataList/>
</TestCase>
<TestCase Comment="Failure&#10;java.lang.AssertionError: Not yet implemented&#13;&#10;&#9;at org.junit.Assert.fail(Assert.java:93)&#13;&#10;&#9;at ValueTest.testToString(ValueTest.java:89)&#13;&#10;&#9;at sun.reflect.NativeMethodAccessorImpl.invoke0(Native Method)&#13;&#10;&#9;at sun.reflect.NativeMethodAccessorImpl.invoke(Unknown Source)&#13;&#10;&#9;at sun.reflect.DelegatingMethodAccessorImpl.invoke(Unknown Source)&#13;&#10;&#9;at java.lang.reflect.Method.invoke(Unknown Source)&#13;&#10;&#9;at org.junit.runners.model.FrameworkMethod$1.runReflectiveCall(FrameworkMethod.java:45)&#13;&#10;&#9;at org.junit.internal.runners.model.ReflectiveCallable.run(ReflectiveCallable.java:15)&#13;&#10;&#9;at org.junit.runners.model.FrameworkMethod.invokeExplosively(FrameworkMethod.java:42)&#13;&#10;&#9;at org.junit.internal.runners.statements.InvokeMethod.evaluate(InvokeMethod.java:20)&#13;&#10;&#9;at org.junit.runners.ParentRunner.runLeaf(ParentRunner.java:263)&#13;&#10;&#9;at org.junit.runners.BlockJUnit4ClassRunner.runChild(BlockJUnit4ClassRunner.java:68)&#13;&#10;&#9;at org.junit.runners.BlockJUnit4ClassRunner.runChild(BlockJUnit4ClassRunner.java:47)&#13;&#10;&#9;at org.junit.runners.ParentRunner$3.run(ParentRunner.java:231)&#13;&#10;&#9;at org.junit.runners.ParentRunner$1.schedule(ParentRunner.java:60)&#13;&#10;&#9;at org.junit.runners.ParentRunner.runChildren(ParentRunner.java:229)&#13;&#10;&#9;at org.junit.runners.ParentRunner.access$000(ParentRunner.java:50)&#13;&#10;&#9;at org.junit.runners.ParentRunner$2.evaluate(ParentRunner.java:222)&#13;&#10;&#9;at org.junit.runners.ParentRunner.run(ParentRunner.java:300)&#13;&#10;&#9;at org.eclipse.jdt.internal.junit4.runner.JUnit4TestReference.run(JUnit4TestReference.java:50)&#13;&#10;&#9;at org.eclipse.jdt.internal.junit.runner.TestExecution.run(TestExecution.java:38)&#13;&#10;&#9;at org.eclipse.jdt.internal.junit.runner.RemoteTestRunner.runTests(RemoteTestRunner.java:467)&#13;&#10;&#9;at org.eclipse.jdt.internal.junit.runner.RemoteTestRunner.runTests(RemoteTestRunner.java:683)&#13;&#10;&#9;at org.eclipse.jdt.internal.junit.runner.RemoteTestRunner.run(RemoteTestRunner.java:390)&#13;&#10;&#9;at org.codecover.juniteclipse.runner.EclipseTestRunner.main(EclipseTestRunner.java:40)" Date="1367929120264" Name="ValueTest:testToString">
<CovList/>
<AssgnmntList/>
<ObjMetaDataList/>
<MetaDataList/>
</TestCase>
<TestCase Comment="Failure&#10;java.lang.AssertionError: Not yet implemented&#13;&#10;&#9;at org.junit.Assert.fail(Assert.java:93)&#13;&#10;&#9;at ValueTest.testGetType(ValueTest.java:79)&#13;&#10;&#9;at sun.reflect.NativeMethodAccessorImpl.invoke0(Native Method)&#13;&#10;&#9;at sun.reflect.NativeMethodAccessorImpl.invoke(Unknown Source)&#13;&#10;&#9;at sun.reflect.DelegatingMethodAccessorImpl.invoke(Unknown Source)&#13;&#10;&#9;at java.lang.reflect.Method.invoke(Unknown Source)&#13;&#10;&#9;at org.junit.runners.model.FrameworkMethod$1.runReflectiveCall(FrameworkMethod.java:45)&#13;&#10;&#9;at org.junit.internal.runners.model.ReflectiveCallable.run(ReflectiveCallable.java:15)&#13;&#10;&#9;at org.junit.runners.model.FrameworkMethod.invokeExplosively(FrameworkMethod.java:42)&#13;&#10;&#9;at org.junit.internal.runners.statements.InvokeMethod.evaluate(InvokeMethod.java:20)&#13;&#10;&#9;at org.junit.runners.ParentRunner.runLeaf(ParentRunner.java:263)&#13;&#10;&#9;at org.junit.runners.BlockJUnit4ClassRunner.runChild(BlockJUnit4ClassRunner.java:68)&#13;&#10;&#9;at org.junit.runners.BlockJUnit4ClassRunner.runChild(BlockJUnit4ClassRunner.java:47)&#13;&#10;&#9;at org.junit.runners.ParentRunner$3.run(ParentRunner.java:231)&#13;&#10;&#9;at org.junit.runners.ParentRunner$1.schedule(ParentRunner.java:60)&#13;&#10;&#9;at org.junit.runners.ParentRunner.runChildren(ParentRunner.java:229)&#13;&#10;&#9;at org.junit.runners.ParentRunner.access$000(ParentRunner.java:50)&#13;&#10;&#9;at org.junit.runners.ParentRunner$2.evaluate(ParentRunner.java:222)&#13;&#10;&#9;at org.junit.runners.ParentRunner.run(ParentRunner.java:300)&#13;&#10;&#9;at org.eclipse.jdt.internal.junit4.runner.JUnit4TestReference.run(JUnit4TestReference.java:50)&#13;&#10;&#9;at org.eclipse.jdt.internal.junit.runner.TestExecution.run(TestExecution.java:38)&#13;&#10;&#9;at org.eclipse.jdt.internal.junit.runner.RemoteTestRunner.runTests(RemoteTestRunner.java:467)&#13;&#10;&#9;at org.eclipse.jdt.internal.junit.runner.RemoteTestRunner.runTests(RemoteTestRunner.java:683)&#13;&#10;&#9;at org.eclipse.jdt.internal.junit.runner.RemoteTestRunner.run(RemoteTestRunner.java:390)&#13;&#10;&#9;at org.codecover.juniteclipse.runner.EclipseTestRunner.main(EclipseTestRunner.java:40)" Date="1367929120268" Name="ValueTest:testGetType">
<CovList/>
<AssgnmntList/>
<ObjMetaDataList/>
<MetaDataList/>
</TestCase>
<TestCase Comment="" Date="1367929120272" Name="ValueTest:testIsBool">
<CovList>
<CovPrefix CovItemPrefix="Value.java">
<Cov CovItemId="B17" Value="1"/>
<Cov CovItemId="S2" Value="1"/>
<Cov CovItemId="S27" Value="1"/>
<Cov CovItemId="S28" Value="1"/>
<Cov CovItemId="S67" Value="1"/>
</CovPrefix>
</CovList>
<AssgnmntList>
<AssgnmntPrefix RootTermCovItemPrefix="Value.java">
<AssgnmntListEntry Length="2" RootTermCovItemId="C9">
<MapEntry BoolAssgnmnt="12" Value="1"/>
</AssgnmntListEntry>
</AssgnmntPrefix>
</AssgnmntList>
<ObjMetaDataList/>
<MetaDataList/>
</TestCase>
<TestCase Comment="Failure&#10;java.lang.AssertionError: test must be a string&#13;&#10;&#9;at org.junit.Assert.fail(Assert.java:93)&#13;&#10;&#9;at org.junit.Assert.assertTrue(Assert.java:43)&#13;&#10;&#9;at ValueTest.testIsString(ValueTest.java:57)&#13;&#10;&#9;at sun.reflect.NativeMethodAccessorImpl.invoke0(Native Method)&#13;&#10;&#9;at sun.reflect.NativeMethodAccessorImpl.invoke(Unknown Source)&#13;&#10;&#9;at sun.reflect.DelegatingMethodAccessorImpl.invoke(Unknown Source)&#13;&#10;&#9;at java.lang.reflect.Method.invoke(Unknown Source)&#13;&#10;&#9;at org.junit.runners.model.FrameworkMethod$1.runReflectiveCall(FrameworkMethod.java:45)&#13;&#10;&#9;at org.junit.internal.runners.model.ReflectiveCallable.run(ReflectiveCallable.java:15)&#13;&#10;&#9;at org.junit.runners.model.FrameworkMethod.invokeExplosively(FrameworkMethod.java:42)&#13;&#10;&#9;at org.junit.internal.runners.statements.InvokeMethod.evaluate(InvokeMethod.java:20)&#13;&#10;&#9;at org.junit.runners.ParentRunner.runLeaf(ParentRunner.java:263)&#13;&#10;&#9;at org.junit.runners.BlockJUnit4ClassRunner.runChild(BlockJUnit4ClassRunner.java:68)&#13;&#10;&#9;at org.junit.runners.BlockJUnit4ClassRunner.runChild(BlockJUnit4ClassRunner.java:47)&#13;&#10;&#9;at org.junit.runners.ParentRunner$3.run(ParentRunner.java:231)&#13;&#10;&#9;at org.junit.runners.ParentRunner$1.schedule(ParentRunner.java:60)&#13;&#10;&#9;at org.junit.runners.ParentRunner.runChildren(ParentRunner.java:229)&#13;&#10;&#9;at org.junit.runners.ParentRunner.access$000(ParentRunner.java:50)&#13;&#10;&#9;at org.junit.runners.ParentRunner$2.evaluate(ParentRunner.java:222)&#13;&#10;&#9;at org.junit.runners.ParentRunner.run(ParentRunner.java:300)&#13;&#10;&#9;at org.eclipse.jdt.internal.junit4.runner.JUnit4TestReference.run(JUnit4TestReference.java:50)&#13;&#10;&#9;at org.eclipse.jdt.internal.junit.runner.TestExecution.run(TestExecution.java:38)&#13;&#10;&#9;at org.eclipse.jdt.internal.junit.runner.RemoteTestRunner.runTests(RemoteTestRunner.java:467)&#13;&#10;&#9;at org.eclipse.jdt.internal.junit.runner.RemoteTestRunner.runTests(RemoteTestRunner.java:683)&#13;&#10;&#9;at org.eclipse.jdt.internal.junit.runner.RemoteTestRunner.run(RemoteTestRunner.java:390)&#13;&#10;&#9;at org.codecover.juniteclipse.runner.EclipseTestRunner.main(EclipseTestRunner.java:40)" Date="1367929120273" Name="ValueTest:testIsString">
<CovList>
<CovPrefix CovItemPrefix="Value.java">
<Cov CovItemId="B14" Value="1"/>
<Cov CovItemId="B15" Value="1"/>
<Cov CovItemId="S2" Value="1"/>
<Cov CovItemId="S22" Value="1"/>
<Cov CovItemId="S24" Value="1"/>
<Cov CovItemId="S25" Value="1"/>
<Cov CovItemId="S67" Value="2"/>
</CovPrefix>
</CovList>
<AssgnmntList>
<AssgnmntPrefix RootTermCovItemPrefix="Value.java">
<AssgnmntListEntry Length="1" RootTermCovItemId="C7">
<MapEntry BoolAssgnmnt="0" Value="1"/>
</AssgnmntListEntry>
<AssgnmntListEntry Length="2" RootTermCovItemId="C8">
<MapEntry BoolAssgnmnt="12" Value="1"/>
</AssgnmntListEntry>
</AssgnmntPrefix>
</AssgnmntList>
<ObjMetaDataList/>
<MetaDataList/>
</TestCase>
<TestCase Comment="Failure&#10;java.lang.AssertionError: Not yet implemented&#13;&#10;&#9;at org.junit.Assert.fail(Assert.java:93)&#13;&#10;&#9;at ValueTest.testIsContainer(ValueTest.java:68)&#13;&#10;&#9;at sun.reflect.NativeMethodAccessorImpl.invoke0(Native Method)&#13;&#10;&#9;at sun.reflect.NativeMethodAccessorImpl.invoke(Unknown Source)&#13;&#10;&#9;at sun.reflect.DelegatingMethodAccessorImpl.invoke(Unknown Source)&#13;&#10;&#9;at java.lang.reflect.Method.invoke(Unknown Source)&#13;&#10;&#9;at org.junit.runners.model.FrameworkMethod$1.runReflectiveCall(FrameworkMethod.java:45)&#13;&#10;&#9;at org.junit.internal.runners.model.ReflectiveCallable.run(ReflectiveCallable.java:15)&#13;&#10;&#9;at org.junit.runners.model.FrameworkMethod.invokeExplosively(FrameworkMethod.java:42)&#13;&#10;&#9;at org.junit.internal.runners.statements.InvokeMethod.evaluate(InvokeMethod.java:20)&#13;&#10;&#9;at org.junit.runners.ParentRunner.runLeaf(ParentRunner.java:263)&#13;&#10;&#9;at org.junit.runners.BlockJUnit4ClassRunner.runChild(BlockJUnit4ClassRunner.java:68)&#13;&#10;&#9;at org.junit.runners.BlockJUnit4ClassRunner.runChild(BlockJUnit4ClassRunner.java:47)&#13;&#10;&#9;at org.junit.runners.ParentRunner$3.run(ParentRunner.java:231)&#13;&#10;&#9;at org.junit.runners.ParentRunner$1.schedule(ParentRunner.java:60)&#13;&#10;&#9;at org.junit.runners.ParentRunner.runChildren(ParentRunner.java:229)&#13;&#10;&#9;at org.junit.runners.ParentRunner.access$000(ParentRunner.java:50)&#13;&#10;&#9;at org.junit.runners.ParentRunner$2.evaluate(ParentRunner.java:222)&#13;&#10;&#9;at org.junit.runners.ParentRunner.run(ParentRunner.java:300)&#13;&#10;&#9;at org.eclipse.jdt.internal.junit4.runner.JUnit4TestReference.run(JUnit4TestReference.java:50)&#13;&#10;&#9;at org.eclipse.jdt.internal.junit.runner.TestExecution.run(TestExecution.java:38)&#13;&#10;&#9;at org.eclipse.jdt.internal.junit.runner.RemoteTestRunner.runTests(RemoteTestRunner.java:467)&#13;&#10;&#9;at org.eclipse.jdt.internal.junit.runner.RemoteTestRunner.runTests(RemoteTestRunner.java:683)&#13;&#10;&#9;at org.eclipse.jdt.internal.junit.runner.RemoteTestRunner.run(RemoteTestRunner.java:390)&#13;&#10;&#9;at org.codecover.juniteclipse.runner.EclipseTestRunner.main(EclipseTestRunner.java:40)" Date="1367929120275" Name="ValueTest:testIsContainer">
<CovList/>
<AssgnmntList/>
<ObjMetaDataList/>
<MetaDataList/>
</TestCase>
<TestCase Comment="" Date="1367929120277" Name="ValueTest:testIsNumericExpression">
<CovList>
<CovPrefix CovItemPrefix="Value.java">
<Cov CovItemId="B9" Value="1"/>
<Cov CovItemId="S16" Value="1"/>
<Cov CovItemId="S17" Value="1"/>
<Cov CovItemId="S2" Value="1"/>
<Cov CovItemId="S67" Value="1"/>
</CovPrefix>
</CovList>
<AssgnmntList>
<AssgnmntPrefix RootTermCovItemPrefix="Value.java">
<AssgnmntListEntry Length="1" RootTermCovItemId="C5">
<MapEntry BoolAssgnmnt="1" Value="1"/>
</AssgnmntListEntry>
</AssgnmntPrefix>
</AssgnmntList>
<ObjMetaDataList/>
<MetaDataList/>
</TestCase>
<TestCase Comment="" Date="1367929120279" Name="ValueTest:testValueObject">
<CovList/>
<AssgnmntList/>
<ObjMetaDataList/>
<MetaDataList/>
</TestCase>
<TestCase Comment="" Date="1367929120279" Name="ValueTest:testIsNumeric">
<CovList>
<CovPrefix CovItemPrefix="Value.java">
<Cov CovItemId="B3" Value="1"/>
<Cov CovItemId="B7" Value="1"/>
<Cov CovItemId="S13" Value="1"/>
<Cov CovItemId="S14" Value="1"/>
<Cov CovItemId="S2" Value="1"/>
<Cov CovItemId="S67" Value="1"/>
<Cov CovItemId="S7" Value="1"/>
<Cov CovItemId="S8" Value="1"/>
</CovPrefix>
</CovList>
<AssgnmntList>
<AssgnmntPrefix RootTermCovItemPrefix="Value.java">
<AssgnmntListEntry Length="1" RootTermCovItemId="C2">
<MapEntry BoolAssgnmnt="1" Value="1"/>
</AssgnmntListEntry>
<AssgnmntListEntry Length="4" RootTermCovItemId="C4">
<MapEntry BoolAssgnmnt="1222" Value="1"/>
</AssgnmntListEntry>
</AssgnmntPrefix>
</AssgnmntList>
<ObjMetaDataList/>
<MetaDataList/>
</TestCase>
<TestCase Comment="Failure&#10;java.lang.AssertionError: Not yet implemented&#13;&#10;&#9;at org.junit.Assert.fail(Assert.java:93)&#13;&#10;&#9;at ValueTest.testEqualsObject(ValueTest.java:84)&#13;&#10;&#9;at sun.reflect.NativeMethodAccessorImpl.invoke0(Native Method)&#13;&#10;&#9;at sun.reflect.NativeMethodAccessorImpl.invoke(Unknown Source)&#13;&#10;&#9;at sun.reflect.DelegatingMethodAccessorImpl.invoke(Unknown Source)&#13;&#10;&#9;at java.lang.reflect.Method.invoke(Unknown Source)&#13;&#10;&#9;at org.junit.runners.model.FrameworkMethod$1.runReflectiveCall(FrameworkMethod.java:45)&#13;&#10;&#9;at org.junit.internal.runners.model.ReflectiveCallable.run(ReflectiveCallable.java:15)&#13;&#10;&#9;at org.junit.runners.model.FrameworkMethod.invokeExplosively(FrameworkMethod.java:42)&#13;&#10;&#9;at org.junit.internal.runners.statements.InvokeMethod.evaluate(InvokeMethod.java:20)&#13;&#10;&#9;at org.junit.runners.ParentRunner.runLeaf(ParentRunner.java:263)&#13;&#10;&#9;at org.junit.runners.BlockJUnit4ClassRunner.runChild(BlockJUnit4ClassRunner.java:68)&#13;&#10;&#9;at org.junit.runners.BlockJUnit4ClassRunner.runChild(BlockJUnit4ClassRunner.java:47)&#13;&#10;&#9;at org.junit.runners.ParentRunner$3.run(ParentRunner.java:231)&#13;&#10;&#9;at org.junit.runners.ParentRunner$1.schedule(ParentRunner.java:60)&#13;&#10;&#9;at org.junit.runners.ParentRunner.runChildren(ParentRunner.java:229)&#13;&#10;&#9;at org.junit.runners.ParentRunner.access$000(ParentRunner.java:50)&#13;&#10;&#9;at org.junit.runners.ParentRunner$2.evaluate(ParentRunner.java:222)&#13;&#10;&#9;at org.junit.runners.ParentRunner.run(ParentRunner.java:300)&#13;&#10;&#9;at org.eclipse.jdt.internal.junit4.runner.JUnit4TestReference.run(JUnit4TestReference.java:50)&#13;&#10;&#9;at org.eclipse.jdt.internal.junit.runner.TestExecution.run(TestExecution.java:38)&#13;&#10;&#9;at org.eclipse.jdt.internal.junit.runner.RemoteTestRunner.runTests(RemoteTestRunner.java:467)&#13;&#10;&#9;at org.eclipse.jdt.internal.junit.runner.RemoteTestRunner.runTests(RemoteTestRunner.java:683)&#13;&#10;&#9;at org.eclipse.jdt.internal.junit.runner.RemoteTestRunner.run(RemoteTestRunner.java:390)&#13;&#10;&#9;at org.codecover.juniteclipse.runner.EclipseTestRunner.main(EclipseTestRunner.java:40)" Date="1367929120280" Name="ValueTest:testEqualsObject">
<CovList/>
<AssgnmntList/>
<ObjMetaDataList/>
<MetaDataList/>
</TestCase>
<TestCase Comment="" Date="1367929120281" Name="ValueTest:testIsSameType">
<CovList>
<CovPrefix CovItemPrefix="Value.java">
<Cov CovItemId="B18" Value="1"/>
<Cov CovItemId="B19" Value="2"/>
<Cov CovItemId="B22" Value="1"/>
<Cov CovItemId="B23" Value="1"/>
<Cov CovItemId="S2" Value="2"/>
<Cov CovItemId="S27" Value="1"/>
<Cov CovItemId="S29" Value="1"/>
<Cov CovItemId="S30" Value="2"/>
<Cov CovItemId="S31" Value="2"/>
<Cov CovItemId="S33" Value="1"/>
<Cov CovItemId="S35" Value="1"/>
<Cov CovItemId="S36" Value="1"/>
<Cov CovItemId="S67" Value="4"/>
</CovPrefix>
</CovList>
<AssgnmntList>
<AssgnmntPrefix RootTermCovItemPrefix="Value.java">
<AssgnmntListEntry Length="2" RootTermCovItemId="C10">
<MapEntry BoolAssgnmnt="12" Value="2"/>
</AssgnmntListEntry>
<AssgnmntListEntry Length="2" RootTermCovItemId="C11">
<MapEntry BoolAssgnmnt="02" Value="1"/>
</AssgnmntListEntry>
<AssgnmntListEntry Length="2" RootTermCovItemId="C12">
<MapEntry BoolAssgnmnt="11" Value="1"/>
</AssgnmntListEntry>
<AssgnmntListEntry Length="2" RootTermCovItemId="C9">
<MapEntry BoolAssgnmnt="00" Value="1"/>
</AssgnmntListEntry>
</AssgnmntPrefix>
</AssgnmntList>
<ObjMetaDataList/>
<MetaDataList/>
</TestCase>
<MetaDataList/>
</TestSession>
<TestSession Comment="" Date="1367929137549" Name="May 7, 2013 2:18:57 PM">
<TestCase Comment="" Date="1367929137503" Name="ValueTest:testIsDrink">
<CovList>
<CovPrefix CovItemPrefix="Value.java">
<Cov CovItemId="B5" Value="1"/>
<Cov CovItemId="S1" Value="1"/>
<Cov CovItemId="S10" Value="1"/>
<Cov CovItemId="S11" Value="1"/>
<Cov CovItemId="S2" Value="2"/>
<Cov CovItemId="S67" Value="1"/>
</CovPrefix>
</CovList>
<AssgnmntList>
<AssgnmntPrefix RootTermCovItemPrefix="Value.java">
<AssgnmntListEntry Length="1" RootTermCovItemId="C3">
<MapEntry BoolAssgnmnt="1" Value="1"/>
</AssgnmntListEntry>
</AssgnmntPrefix>
</AssgnmntList>
<ObjMetaDataList/>
<MetaDataList/>
</TestCase>
<TestCase Comment="Failure&#10;java.lang.AssertionError: c must be a char&#13;&#10;&#9;at org.junit.Assert.fail(Assert.java:93)&#13;&#10;&#9;at org.junit.Assert.assertTrue(Assert.java:43)&#13;&#10;&#9;at ValueTest.testIsChar(ValueTest.java:51)&#13;&#10;&#9;at sun.reflect.NativeMethodAccessorImpl.invoke0(Native Method)&#13;&#10;&#9;at sun.reflect.NativeMethodAccessorImpl.invoke(Unknown Source)&#13;&#10;&#9;at sun.reflect.DelegatingMethodAccessorImpl.invoke(Unknown Source)&#13;&#10;&#9;at java.lang.reflect.Method.invoke(Unknown Source)&#13;&#10;&#9;at org.junit.runners.model.FrameworkMethod$1.runReflectiveCall(FrameworkMethod.java:45)&#13;&#10;&#9;at org.junit.internal.runners.model.ReflectiveCallable.run(ReflectiveCallable.java:15)&#13;&#10;&#9;at org.junit.runners.model.FrameworkMethod.invokeExplosively(FrameworkMethod.java:42)&#13;&#10;&#9;at org.junit.internal.runners.statements.InvokeMethod.evaluate(InvokeMethod.java:20)&#13;&#10;&#9;at org.junit.runners.ParentRunner.runLeaf(ParentRunner.java:263)&#13;&#10;&#9;at org.junit.runners.BlockJUnit4ClassRunner.runChild(BlockJUnit4ClassRunner.java:68)&#13;&#10;&#9;at org.junit.runners.BlockJUnit4ClassRunner.runChild(BlockJUnit4ClassRunner.java:47)&#13;&#10;&#9;at org.junit.runners.ParentRunner$3.run(ParentRunner.java:231)&#13;&#10;&#9;at org.junit.runners.ParentRunner$1.schedule(ParentRunner.java:60)&#13;&#10;&#9;at org.junit.runners.ParentRunner.runChildren(ParentRunner.java:229)&#13;&#10;&#9;at org.junit.runners.ParentRunner.access$000(ParentRunner.java:50)&#13;&#10;&#9;at org.junit.runners.ParentRunner$2.evaluate(ParentRunner.java:222)&#13;&#10;&#9;at org.junit.runners.ParentRunner.run(ParentRunner.java:300)&#13;&#10;&#9;at org.eclipse.jdt.internal.junit4.runner.JUnit4TestReference.run(JUnit4TestReference.java:50)&#13;&#10;&#9;at org.eclipse.jdt.internal.junit.runner.TestExecution.run(TestExecution.java:38)&#13;&#10;&#9;at org.eclipse.jdt.internal.junit.runner.RemoteTestRunner.runTests(RemoteTestRunner.java:467)&#13;&#10;&#9;at org.eclipse.jdt.internal.junit.runner.RemoteTestRunner.runTests(RemoteTestRunner.java:683)&#13;&#10;&#9;at org.eclipse.jdt.internal.junit.runner.RemoteTestRunner.run(RemoteTestRunner.java:390)&#13;&#10;&#9;at org.codecover.juniteclipse.runner.EclipseTestRunner.main(EclipseTestRunner.java:40)" Date="1367929137507" Name="ValueTest:testIsChar">
<CovList>
<CovPrefix CovItemPrefix="Value.java">
<Cov CovItemId="B11" Value="1"/>
<Cov CovItemId="S19" Value="1"/>
<Cov CovItemId="S2" Value="1"/>
<Cov CovItemId="S20" Value="1"/>
<Cov CovItemId="S67" Value="1"/>
</CovPrefix>
</CovList>
<AssgnmntList>
<AssgnmntPrefix RootTermCovItemPrefix="Value.java">
<AssgnmntListEntry Length="3" RootTermCovItemId="C6">
<MapEntry BoolAssgnmnt="122" Value="1"/>
</AssgnmntListEntry>
</AssgnmntPrefix>
</AssgnmntList>
<ObjMetaDataList/>
<MetaDataList/>
</TestCase>
<TestCase Comment="Failure&#10;java.lang.AssertionError: test must be a string&#13;&#10;&#9;at org.junit.Assert.fail(Assert.java:93)&#13;&#10;&#9;at org.junit.Assert.assertTrue(Assert.java:43)&#13;&#10;&#9;at ValueTest.testIsString(ValueTest.java:57)&#13;&#10;&#9;at sun.reflect.NativeMethodAccessorImpl.invoke0(Native Method)&#13;&#10;&#9;at sun.reflect.NativeMethodAccessorImpl.invoke(Unknown Source)&#13;&#10;&#9;at sun.reflect.DelegatingMethodAccessorImpl.invoke(Unknown Source)&#13;&#10;&#9;at java.lang.reflect.Method.invoke(Unknown Source)&#13;&#10;&#9;at org.junit.runners.model.FrameworkMethod$1.runReflectiveCall(FrameworkMethod.java:45)&#13;&#10;&#9;at org.junit.internal.runners.model.ReflectiveCallable.run(ReflectiveCallable.java:15)&#13;&#10;&#9;at org.junit.runners.model.FrameworkMethod.invokeExplosively(FrameworkMethod.java:42)&#13;&#10;&#9;at org.junit.internal.runners.statements.InvokeMethod.evaluate(InvokeMethod.java:20)&#13;&#10;&#9;at org.junit.runners.ParentRunner.runLeaf(ParentRunner.java:263)&#13;&#10;&#9;at org.junit.runners.BlockJUnit4ClassRunner.runChild(BlockJUnit4ClassRunner.java:68)&#13;&#10;&#9;at org.junit.runners.BlockJUnit4ClassRunner.runChild(BlockJUnit4ClassRunner.java:47)&#13;&#10;&#9;at org.junit.runners.ParentRunner$3.run(ParentRunner.java:231)&#13;&#10;&#9;at org.junit.runners.ParentRunner$1.schedule(ParentRunner.java:60)&#13;&#10;&#9;at org.junit.runners.ParentRunner.runChildren(ParentRunner.java:229)&#13;&#10;&#9;at org.junit.runners.ParentRunner.access$000(ParentRunner.java:50)&#13;&#10;&#9;at org.junit.runners.ParentRunner$2.evaluate(ParentRunner.java:222)&#13;&#10;&#9;at org.junit.runners.ParentRunner.run(ParentRunner.java:300)&#13;&#10;&#9;at org.eclipse.jdt.internal.junit4.runner.JUnit4TestReference.run(JUnit4TestReference.java:50)&#13;&#10;&#9;at org.eclipse.jdt.internal.junit.runner.TestExecution.run(TestExecution.java:38)&#13;&#10;&#9;at org.eclipse.jdt.internal.junit.runner.RemoteTestRunner.runTests(RemoteTestRunner.java:467)&#13;&#10;&#9;at org.eclipse.jdt.internal.junit.runner.RemoteTestRunner.runTests(RemoteTestRunner.java:683)&#13;&#10;&#9;at org.eclipse.jdt.internal.junit.runner.RemoteTestRunner.run(RemoteTestRunner.java:390)&#13;&#10;&#9;at org.codecover.juniteclipse.runner.EclipseTestRunner.main(EclipseTestRunner.java:40)" Date="1367929137516" Name="ValueTest:testIsString">
<CovList>
<CovPrefix CovItemPrefix="Value.java">
<Cov CovItemId="B14" Value="1"/>
<Cov CovItemId="B15" Value="1"/>
<Cov CovItemId="S2" Value="1"/>
<Cov CovItemId="S22" Value="1"/>
<Cov CovItemId="S24" Value="1"/>
<Cov CovItemId="S25" Value="1"/>
<Cov CovItemId="S67" Value="2"/>
</CovPrefix>
</CovList>
<AssgnmntList>
<AssgnmntPrefix RootTermCovItemPrefix="Value.java">
<AssgnmntListEntry Length="1" RootTermCovItemId="C7">
<MapEntry BoolAssgnmnt="0" Value="1"/>
</AssgnmntListEntry>
<AssgnmntListEntry Length="2" RootTermCovItemId="C8">
<MapEntry BoolAssgnmnt="12" Value="1"/>
</AssgnmntListEntry>
</AssgnmntPrefix>
</AssgnmntList>
<ObjMetaDataList/>
<MetaDataList/>
</TestCase>
<TestCase Comment="" Date="1367929137519" Name="ValueTest:testIsBool">
<CovList>
<CovPrefix CovItemPrefix="Value.java">
<Cov CovItemId="B17" Value="1"/>
<Cov CovItemId="S2" Value="1"/>
<Cov CovItemId="S27" Value="1"/>
<Cov CovItemId="S28" Value="1"/>
<Cov CovItemId="S67" Value="1"/>
</CovPrefix>
</CovList>
<AssgnmntList>
<AssgnmntPrefix RootTermCovItemPrefix="Value.java">
<AssgnmntListEntry Length="2" RootTermCovItemId="C9">
<MapEntry BoolAssgnmnt="12" Value="1"/>
</AssgnmntListEntry>
</AssgnmntPrefix>
</AssgnmntList>
<ObjMetaDataList/>
<MetaDataList/>
</TestCase>
<TestCase Comment="" Date="1367929137521" Name="ValueTest:testValue">
<CovList/>
<AssgnmntList/>
<ObjMetaDataList/>
<MetaDataList/>
</TestCase>
<TestCase Comment="" Date="1367929137521" Name="ValueTest:testIsInt">
<CovList>
<CovPrefix CovItemPrefix="Value.java">
<Cov CovItemId="B3" Value="1"/>
<Cov CovItemId="S2" Value="1"/>
<Cov CovItemId="S67" Value="1"/>
<Cov CovItemId="S7" Value="1"/>
<Cov CovItemId="S8" Value="1"/>
</CovPrefix>
</CovList>
<AssgnmntList>
<AssgnmntPrefix RootTermCovItemPrefix="Value.java">
<AssgnmntListEntry Length="1" RootTermCovItemId="C2">
<MapEntry BoolAssgnmnt="1" Value="1"/>
</AssgnmntListEntry>
</AssgnmntPrefix>
</AssgnmntList>
<ObjMetaDataList/>
<MetaDataList/>
</TestCase>
<TestCase Comment="" Date="1367929137523" Name="ValueTest:testIsDouble">
<CovList>
<CovPrefix CovItemPrefix="Value.java">
<Cov CovItemId="B1" Value="1"/>
<Cov CovItemId="S2" Value="1"/>
<Cov CovItemId="S4" Value="1"/>
<Cov CovItemId="S5" Value="1"/>
<Cov CovItemId="S67" Value="1"/>
</CovPrefix>
</CovList>
<AssgnmntList>
<AssgnmntPrefix RootTermCovItemPrefix="Value.java">
<AssgnmntListEntry Length="1" RootTermCovItemId="C1">
<MapEntry BoolAssgnmnt="1" Value="1"/>
</AssgnmntListEntry>
</AssgnmntPrefix>
</AssgnmntList>
<ObjMetaDataList/>
<MetaDataList/>
</TestCase>
<TestCase Comment="Failure&#10;java.lang.AssertionError: Not yet implemented&#13;&#10;&#9;at org.junit.Assert.fail(Assert.java:93)&#13;&#10;&#9;at ValueTest.testGetType(ValueTest.java:79)&#13;&#10;&#9;at sun.reflect.NativeMethodAccessorImpl.invoke0(Native Method)&#13;&#10;&#9;at sun.reflect.NativeMethodAccessorImpl.invoke(Unknown Source)&#13;&#10;&#9;at sun.reflect.DelegatingMethodAccessorImpl.invoke(Unknown Source)&#13;&#10;&#9;at java.lang.reflect.Method.invoke(Unknown Source)&#13;&#10;&#9;at org.junit.runners.model.FrameworkMethod$1.runReflectiveCall(FrameworkMethod.java:45)&#13;&#10;&#9;at org.junit.internal.runners.model.ReflectiveCallable.run(ReflectiveCallable.java:15)&#13;&#10;&#9;at org.junit.runners.model.FrameworkMethod.invokeExplosively(FrameworkMethod.java:42)&#13;&#10;&#9;at org.junit.internal.runners.statements.InvokeMethod.evaluate(InvokeMethod.java:20)&#13;&#10;&#9;at org.junit.runners.ParentRunner.runLeaf(ParentRunner.java:263)&#13;&#10;&#9;at org.junit.runners.BlockJUnit4ClassRunner.runChild(BlockJUnit4ClassRunner.java:68)&#13;&#10;&#9;at org.junit.runners.BlockJUnit4ClassRunner.runChild(BlockJUnit4ClassRunner.java:47)&#13;&#10;&#9;at org.junit.runners.ParentRunner$3.run(ParentRunner.java:231)&#13;&#10;&#9;at org.junit.runners.ParentRunner$1.schedule(ParentRunner.java:60)&#13;&#10;&#9;at org.junit.runners.ParentRunner.runChildren(ParentRunner.java:229)&#13;&#10;&#9;at org.junit.runners.ParentRunner.access$000(ParentRunner.java:50)&#13;&#10;&#9;at org.junit.runners.ParentRunner$2.evaluate(ParentRunner.java:222)&#13;&#10;&#9;at org.junit.runners.ParentRunner.run(ParentRunner.java:300)&#13;&#10;&#9;at org.eclipse.jdt.internal.junit4.runner.JUnit4TestReference.run(JUnit4TestReference.java:50)&#13;&#10;&#9;at org.eclipse.jdt.internal.junit.runner.TestExecution.run(TestExecution.java:38)&#13;&#10;&#9;at org.eclipse.jdt.internal.junit.runner.RemoteTestRunner.runTests(RemoteTestRunner.java:467)&#13;&#10;&#9;at org.eclipse.jdt.internal.junit.runner.RemoteTestRunner.runTests(RemoteTestRunner.java:683)&#13;&#10;&#9;at org.eclipse.jdt.internal.junit.runner.RemoteTestRunner.run(RemoteTestRunner.java:390)&#13;&#10;&#9;at org.codecover.juniteclipse.runner.EclipseTestRunner.main(EclipseTestRunner.java:40)" Date="1367929137524" Name="ValueTest:testGetType">
<CovList/>
<AssgnmntList/>
<ObjMetaDataList/>
<MetaDataList/>
</TestCase>
<TestCase Comment="Failure&#10;java.lang.AssertionError: Not yet implemented&#13;&#10;&#9;at org.junit.Assert.fail(Assert.java:93)&#13;&#10;&#9;at ValueTest.testToString(ValueTest.java:89)&#13;&#10;&#9;at sun.reflect.NativeMethodAccessorImpl.invoke0(Native Method)&#13;&#10;&#9;at sun.reflect.NativeMethodAccessorImpl.invoke(Unknown Source)&#13;&#10;&#9;at sun.reflect.DelegatingMethodAccessorImpl.invoke(Unknown Source)&#13;&#10;&#9;at java.lang.reflect.Method.invoke(Unknown Source)&#13;&#10;&#9;at org.junit.runners.model.FrameworkMethod$1.runReflectiveCall(FrameworkMethod.java:45)&#13;&#10;&#9;at org.junit.internal.runners.model.ReflectiveCallable.run(ReflectiveCallable.java:15)&#13;&#10;&#9;at org.junit.runners.model.FrameworkMethod.invokeExplosively(FrameworkMethod.java:42)&#13;&#10;&#9;at org.junit.internal.runners.statements.InvokeMethod.evaluate(InvokeMethod.java:20)&#13;&#10;&#9;at org.junit.runners.ParentRunner.runLeaf(ParentRunner.java:263)&#13;&#10;&#9;at org.junit.runners.BlockJUnit4ClassRunner.runChild(BlockJUnit4ClassRunner.java:68)&#13;&#10;&#9;at org.junit.runners.BlockJUnit4ClassRunner.runChild(BlockJUnit4ClassRunner.java:47)&#13;&#10;&#9;at org.junit.runners.ParentRunner$3.run(ParentRunner.java:231)&#13;&#10;&#9;at org.junit.runners.ParentRunner$1.schedule(ParentRunner.java:60)&#13;&#10;&#9;at org.junit.runners.ParentRunner.runChildren(ParentRunner.java:229)&#13;&#10;&#9;at org.junit.runners.ParentRunner.access$000(ParentRunner.java:50)&#13;&#10;&#9;at org.junit.runners.ParentRunner$2.evaluate(ParentRunner.java:222)&#13;&#10;&#9;at org.junit.runners.ParentRunner.run(ParentRunner.java:300)&#13;&#10;&#9;at org.eclipse.jdt.internal.junit4.runner.JUnit4TestReference.run(JUnit4TestReference.java:50)&#13;&#10;&#9;at org.eclipse.jdt.internal.junit.runner.TestExecution.run(TestExecution.java:38)&#13;&#10;&#9;at org.eclipse.jdt.internal.junit.runner.RemoteTestRunner.runTests(RemoteTestRunner.java:467)&#13;&#10;&#9;at org.eclipse.jdt.internal.junit.runner.RemoteTestRunner.runTests(RemoteTestRunner.java:683)&#13;&#10;&#9;at org.eclipse.jdt.internal.junit.runner.RemoteTestRunner.run(RemoteTestRunner.java:390)&#13;&#10;&#9;at org.codecover.juniteclipse.runner.EclipseTestRunner.main(EclipseTestRunner.java:40)" Date="1367929137526" Name="ValueTest:testToString">
<CovList/>
<AssgnmntList/>
<ObjMetaDataList/>
<MetaDataList/>
</TestCase>
<TestCase Comment="" Date="1367929137529" Name="ValueTest:testIsNumericExpression">
<CovList>
<CovPrefix CovItemPrefix="Value.java">
<Cov CovItemId="B9" Value="1"/>
<Cov CovItemId="S16" Value="1"/>
<Cov CovItemId="S17" Value="1"/>
<Cov CovItemId="S2" Value="1"/>
<Cov CovItemId="S67" Value="1"/>
</CovPrefix>
</CovList>
<AssgnmntList>
<AssgnmntPrefix RootTermCovItemPrefix="Value.java">
<AssgnmntListEntry Length="1" RootTermCovItemId="C5">
<MapEntry BoolAssgnmnt="1" Value="1"/>
</AssgnmntListEntry>
</AssgnmntPrefix>
</AssgnmntList>
<ObjMetaDataList/>
<MetaDataList/>
</TestCase>
<TestCase Comment="" Date="1367929137530" Name="ValueTest:testIsSameType">
<CovList>
<CovPrefix CovItemPrefix="Value.java">
<Cov CovItemId="B18" Value="1"/>
<Cov CovItemId="B19" Value="2"/>
<Cov CovItemId="B22" Value="1"/>
<Cov CovItemId="B23" Value="1"/>
<Cov CovItemId="S2" Value="2"/>
<Cov CovItemId="S27" Value="1"/>
<Cov CovItemId="S29" Value="1"/>
<Cov CovItemId="S30" Value="2"/>
<Cov CovItemId="S31" Value="2"/>
<Cov CovItemId="S33" Value="1"/>
<Cov CovItemId="S35" Value="1"/>
<Cov CovItemId="S36" Value="1"/>
<Cov CovItemId="S67" Value="4"/>
</CovPrefix>
</CovList>
<AssgnmntList>
<AssgnmntPrefix RootTermCovItemPrefix="Value.java">
<AssgnmntListEntry Length="2" RootTermCovItemId="C10">
<MapEntry BoolAssgnmnt="12" Value="2"/>
</AssgnmntListEntry>
<AssgnmntListEntry Length="2" RootTermCovItemId="C11">
<MapEntry BoolAssgnmnt="02" Value="1"/>
</AssgnmntListEntry>
<AssgnmntListEntry Length="2" RootTermCovItemId="C12">
<MapEntry BoolAssgnmnt="11" Value="1"/>
</AssgnmntListEntry>
<AssgnmntListEntry Length="2" RootTermCovItemId="C9">
<MapEntry BoolAssgnmnt="00" Value="1"/>
</AssgnmntListEntry>
</AssgnmntPrefix>
</AssgnmntList>
<ObjMetaDataList/>
<MetaDataList/>
</TestCase>
<TestCase Comment="" Date="1367929137531" Name="ValueTest:testValueObject">
<CovList/>
<AssgnmntList/>
<ObjMetaDataList/>
<MetaDataList/>
</TestCase>
<TestCase Comment="Failure&#10;java.lang.AssertionError: Not yet implemented&#13;&#10;&#9;at org.junit.Assert.fail(Assert.java:93)&#13;&#10;&#9;at ValueTest.testIsContainer(ValueTest.java:68)&#13;&#10;&#9;at sun.reflect.NativeMethodAccessorImpl.invoke0(Native Method)&#13;&#10;&#9;at sun.reflect.NativeMethodAccessorImpl.invoke(Unknown Source)&#13;&#10;&#9;at sun.reflect.DelegatingMethodAccessorImpl.invoke(Unknown Source)&#13;&#10;&#9;at java.lang.reflect.Method.invoke(Unknown Source)&#13;&#10;&#9;at org.junit.runners.model.FrameworkMethod$1.runReflectiveCall(FrameworkMethod.java:45)&#13;&#10;&#9;at org.junit.internal.runners.model.ReflectiveCallable.run(ReflectiveCallable.java:15)&#13;&#10;&#9;at org.junit.runners.model.FrameworkMethod.invokeExplosively(FrameworkMethod.java:42)&#13;&#10;&#9;at org.junit.internal.runners.statements.InvokeMethod.evaluate(InvokeMethod.java:20)&#13;&#10;&#9;at org.junit.runners.ParentRunner.runLeaf(ParentRunner.java:263)&#13;&#10;&#9;at org.junit.runners.BlockJUnit4ClassRunner.runChild(BlockJUnit4ClassRunner.java:68)&#13;&#10;&#9;at org.junit.runners.BlockJUnit4ClassRunner.runChild(BlockJUnit4ClassRunner.java:47)&#13;&#10;&#9;at org.junit.runners.ParentRunner$3.run(ParentRunner.java:231)&#13;&#10;&#9;at org.junit.runners.ParentRunner$1.schedule(ParentRunner.java:60)&#13;&#10;&#9;at org.junit.runners.ParentRunner.runChildren(ParentRunner.java:229)&#13;&#10;&#9;at org.junit.runners.ParentRunner.access$000(ParentRunner.java:50)&#13;&#10;&#9;at org.junit.runners.ParentRunner$2.evaluate(ParentRunner.java:222)&#13;&#10;&#9;at org.junit.runners.ParentRunner.run(ParentRunner.java:300)&#13;&#10;&#9;at org.eclipse.jdt.internal.junit4.runner.JUnit4TestReference.run(JUnit4TestReference.java:50)&#13;&#10;&#9;at org.eclipse.jdt.internal.junit.runner.TestExecution.run(TestExecution.java:38)&#13;&#10;&#9;at org.eclipse.jdt.internal.junit.runner.RemoteTestRunner.runTests(RemoteTestRunner.java:467)&#13;&#10;&#9;at org.eclipse.jdt.internal.junit.runner.RemoteTestRunner.runTests(RemoteTestRunner.java:683)&#13;&#10;&#9;at org.eclipse.jdt.internal.junit.runner.RemoteTestRunner.run(RemoteTestRunner.java:390)&#13;&#10;&#9;at org.codecover.juniteclipse.runner.EclipseTestRunner.main(EclipseTestRunner.java:40)" Date="1367929137532" Name="ValueTest:testIsContainer">
<CovList/>
<AssgnmntList/>
<ObjMetaDataList/>
<MetaDataList/>
</TestCase>
<TestCase Comment="Failure&#10;java.lang.AssertionError: Not yet implemented&#13;&#10;&#9;at org.junit.Assert.fail(Assert.java:93)&#13;&#10;&#9;at ValueTest.testEqualsObject(ValueTest.java:84)&#13;&#10;&#9;at sun.reflect.NativeMethodAccessorImpl.invoke0(Native Method)&#13;&#10;&#9;at sun.reflect.NativeMethodAccessorImpl.invoke(Unknown Source)&#13;&#10;&#9;at sun.reflect.DelegatingMethodAccessorImpl.invoke(Unknown Source)&#13;&#10;&#9;at java.lang.reflect.Method.invoke(Unknown Source)&#13;&#10;&#9;at org.junit.runners.model.FrameworkMethod$1.runReflectiveCall(FrameworkMethod.java:45)&#13;&#10;&#9;at org.junit.internal.runners.model.ReflectiveCallable.run(ReflectiveCallable.java:15)&#13;&#10;&#9;at org.junit.runners.model.FrameworkMethod.invokeExplosively(FrameworkMethod.java:42)&#13;&#10;&#9;at org.junit.internal.runners.statements.InvokeMethod.evaluate(InvokeMethod.java:20)&#13;&#10;&#9;at org.junit.runners.ParentRunner.runLeaf(ParentRunner.java:263)&#13;&#10;&#9;at org.junit.runners.BlockJUnit4ClassRunner.runChild(BlockJUnit4ClassRunner.java:68)&#13;&#10;&#9;at org.junit.runners.BlockJUnit4ClassRunner.runChild(BlockJUnit4ClassRunner.java:47)&#13;&#10;&#9;at org.junit.runners.ParentRunner$3.run(ParentRunner.java:231)&#13;&#10;&#9;at org.junit.runners.ParentRunner$1.schedule(ParentRunner.java:60)&#13;&#10;&#9;at org.junit.runners.ParentRunner.runChildren(ParentRunner.java:229)&#13;&#10;&#9;at org.junit.runners.ParentRunner.access$000(ParentRunner.java:50)&#13;&#10;&#9;at org.junit.runners.ParentRunner$2.evaluate(ParentRunner.java:222)&#13;&#10;&#9;at org.junit.runners.ParentRunner.run(ParentRunner.java:300)&#13;&#10;&#9;at org.eclipse.jdt.internal.junit4.runner.JUnit4TestReference.run(JUnit4TestReference.java:50)&#13;&#10;&#9;at org.eclipse.jdt.internal.junit.runner.TestExecution.run(TestExecution.java:38)&#13;&#10;&#9;at org.eclipse.jdt.internal.junit.runner.RemoteTestRunner.runTests(RemoteTestRunner.java:467)&#13;&#10;&#9;at org.eclipse.jdt.internal.junit.runner.RemoteTestRunner.runTests(RemoteTestRunner.java:683)&#13;&#10;&#9;at org.eclipse.jdt.internal.junit.runner.RemoteTestRunner.run(RemoteTestRunner.java:390)&#13;&#10;&#9;at org.codecover.juniteclipse.runner.EclipseTestRunner.main(EclipseTestRunner.java:40)" Date="1367929137534" Name="ValueTest:testEqualsObject">
<CovList/>
<AssgnmntList/>
<ObjMetaDataList/>
<MetaDataList/>
</TestCase>
<TestCase Comment="" Date="1367929137536" Name="ValueTest:testIsNumeric">
<CovList>
<CovPrefix CovItemPrefix="Value.java">
<Cov CovItemId="B3" Value="1"/>
<Cov CovItemId="B7" Value="1"/>
<Cov CovItemId="S13" Value="1"/>
<Cov CovItemId="S14" Value="1"/>
<Cov CovItemId="S2" Value="1"/>
<Cov CovItemId="S67" Value="1"/>
<Cov CovItemId="S7" Value="1"/>
<Cov CovItemId="S8" Value="1"/>
</CovPrefix>
</CovList>
<AssgnmntList>
<AssgnmntPrefix RootTermCovItemPrefix="Value.java">
<AssgnmntListEntry Length="1" RootTermCovItemId="C2">
<MapEntry BoolAssgnmnt="1" Value="1"/>
</AssgnmntListEntry>
<AssgnmntListEntry Length="4" RootTermCovItemId="C4">
<MapEntry BoolAssgnmnt="1222" Value="1"/>
</AssgnmntListEntry>
</AssgnmntPrefix>
</AssgnmntList>
<ObjMetaDataList/>
<MetaDataList/>
</TestCase>
<MetaDataList/>
</TestSession>
<TestSession Comment="" Date="1367929177787" Name="May 7, 2013 2:19:37 PM">
<TestCase Comment="Failure&#10;java.lang.AssertionError: test must be a string&#13;&#10;&#9;at org.junit.Assert.fail(Assert.java:93)&#13;&#10;&#9;at org.junit.Assert.assertTrue(Assert.java:43)&#13;&#10;&#9;at ValueTest.testIsString(ValueTest.java:57)&#13;&#10;&#9;at sun.reflect.NativeMethodAccessorImpl.invoke0(Native Method)&#13;&#10;&#9;at sun.reflect.NativeMethodAccessorImpl.invoke(Unknown Source)&#13;&#10;&#9;at sun.reflect.DelegatingMethodAccessorImpl.invoke(Unknown Source)&#13;&#10;&#9;at java.lang.reflect.Method.invoke(Unknown Source)&#13;&#10;&#9;at org.junit.runners.model.FrameworkMethod$1.runReflectiveCall(FrameworkMethod.java:45)&#13;&#10;&#9;at org.junit.internal.runners.model.ReflectiveCallable.run(ReflectiveCallable.java:15)&#13;&#10;&#9;at org.junit.runners.model.FrameworkMethod.invokeExplosively(FrameworkMethod.java:42)&#13;&#10;&#9;at org.junit.internal.runners.statements.InvokeMethod.evaluate(InvokeMethod.java:20)&#13;&#10;&#9;at org.junit.runners.ParentRunner.runLeaf(ParentRunner.java:263)&#13;&#10;&#9;at org.junit.runners.BlockJUnit4ClassRunner.runChild(BlockJUnit4ClassRunner.java:68)&#13;&#10;&#9;at org.junit.runners.BlockJUnit4ClassRunner.runChild(BlockJUnit4ClassRunner.java:47)&#13;&#10;&#9;at org.junit.runners.ParentRunner$3.run(ParentRunner.java:231)&#13;&#10;&#9;at org.junit.runners.ParentRunner$1.schedule(ParentRunner.java:60)&#13;&#10;&#9;at org.junit.runners.ParentRunner.runChildren(ParentRunner.java:229)&#13;&#10;&#9;at org.junit.runners.ParentRunner.access$000(ParentRunner.java:50)&#13;&#10;&#9;at org.junit.runners.ParentRunner$2.evaluate(ParentRunner.java:222)&#13;&#10;&#9;at org.junit.runners.ParentRunner.run(ParentRunner.java:300)&#13;&#10;&#9;at org.eclipse.jdt.internal.junit4.runner.JUnit4TestReference.run(JUnit4TestReference.java:50)&#13;&#10;&#9;at org.eclipse.jdt.internal.junit.runner.TestExecution.run(TestExecution.java:38)&#13;&#10;&#9;at org.eclipse.jdt.internal.junit.runner.RemoteTestRunner.runTests(RemoteTestRunner.java:467)&#13;&#10;&#9;at org.eclipse.jdt.internal.junit.runner.RemoteTestRunner.runTests(RemoteTestRunner.java:683)&#13;&#10;&#9;at org.eclipse.jdt.internal.junit.runner.RemoteTestRunner.run(RemoteTestRunner.java:390)&#13;&#10;&#9;at org.codecover.juniteclipse.runner.EclipseTestRunner.main(EclipseTestRunner.java:40)" Date="1367929177734" Name="ValueTest:testIsString">
<CovList>
<CovPrefix CovItemPrefix="Value.java">
<Cov CovItemId="B14" Value="1"/>
<Cov CovItemId="B15" Value="1"/>
<Cov CovItemId="S1" Value="1"/>
<Cov CovItemId="S2" Value="2"/>
<Cov CovItemId="S22" Value="1"/>
<Cov CovItemId="S24" Value="1"/>
<Cov CovItemId="S25" Value="1"/>
<Cov CovItemId="S67" Value="2"/>
</CovPrefix>
</CovList>
<AssgnmntList>
<AssgnmntPrefix RootTermCovItemPrefix="Value.java">
<AssgnmntListEntry Length="1" RootTermCovItemId="C7">
<MapEntry BoolAssgnmnt="0" Value="1"/>
</AssgnmntListEntry>
<AssgnmntListEntry Length="2" RootTermCovItemId="C8">
<MapEntry BoolAssgnmnt="12" Value="1"/>
</AssgnmntListEntry>
</AssgnmntPrefix>
</AssgnmntList>
<ObjMetaDataList/>
<MetaDataList/>
</TestCase>
<TestCase Comment="" Date="1367929177746" Name="ValueTest:testIsBool">
<CovList>
<CovPrefix CovItemPrefix="Value.java">
<Cov CovItemId="B17" Value="1"/>
<Cov CovItemId="S2" Value="1"/>
<Cov CovItemId="S27" Value="1"/>
<Cov CovItemId="S28" Value="1"/>
<Cov CovItemId="S67" Value="1"/>
</CovPrefix>
</CovList>
<AssgnmntList>
<AssgnmntPrefix RootTermCovItemPrefix="Value.java">
<AssgnmntListEntry Length="2" RootTermCovItemId="C9">
<MapEntry BoolAssgnmnt="12" Value="1"/>
</AssgnmntListEntry>
</AssgnmntPrefix>
</AssgnmntList>
<ObjMetaDataList/>
<MetaDataList/>
</TestCase>
<TestCase Comment="Failure&#10;java.lang.AssertionError: c must be a char&#13;&#10;&#9;at org.junit.Assert.fail(Assert.java:93)&#13;&#10;&#9;at org.junit.Assert.assertTrue(Assert.java:43)&#13;&#10;&#9;at ValueTest.testIsChar(ValueTest.java:51)&#13;&#10;&#9;at sun.reflect.NativeMethodAccessorImpl.invoke0(Native Method)&#13;&#10;&#9;at sun.reflect.NativeMethodAccessorImpl.invoke(Unknown Source)&#13;&#10;&#9;at sun.reflect.DelegatingMethodAccessorImpl.invoke(Unknown Source)&#13;&#10;&#9;at java.lang.reflect.Method.invoke(Unknown Source)&#13;&#10;&#9;at org.junit.runners.model.FrameworkMethod$1.runReflectiveCall(FrameworkMethod.java:45)&#13;&#10;&#9;at org.junit.internal.runners.model.ReflectiveCallable.run(ReflectiveCallable.java:15)&#13;&#10;&#9;at org.junit.runners.model.FrameworkMethod.invokeExplosively(FrameworkMethod.java:42)&#13;&#10;&#9;at org.junit.internal.runners.statements.InvokeMethod.evaluate(InvokeMethod.java:20)&#13;&#10;&#9;at org.junit.runners.ParentRunner.runLeaf(ParentRunner.java:263)&#13;&#10;&#9;at org.junit.runners.BlockJUnit4ClassRunner.runChild(BlockJUnit4ClassRunner.java:68)&#13;&#10;&#9;at org.junit.runners.BlockJUnit4ClassRunner.runChild(BlockJUnit4ClassRunner.java:47)&#13;&#10;&#9;at org.junit.runners.ParentRunner$3.run(ParentRunner.java:231)&#13;&#10;&#9;at org.junit.runners.ParentRunner$1.schedule(ParentRunner.java:60)&#13;&#10;&#9;at org.junit.runners.ParentRunner.runChildren(ParentRunner.java:229)&#13;&#10;&#9;at org.junit.runners.ParentRunner.access$000(ParentRunner.java:50)&#13;&#10;&#9;at org.junit.runners.ParentRunner$2.evaluate(ParentRunner.java:222)&#13;&#10;&#9;at org.junit.runners.ParentRunner.run(ParentRunner.java:300)&#13;&#10;&#9;at org.eclipse.jdt.internal.junit4.runner.JUnit4TestReference.run(JUnit4TestReference.java:50)&#13;&#10;&#9;at org.eclipse.jdt.internal.junit.runner.TestExecution.run(TestExecution.java:38)&#13;&#10;&#9;at org.eclipse.jdt.internal.junit.runner.RemoteTestRunner.runTests(RemoteTestRunner.java:467)&#13;&#10;&#9;at org.eclipse.jdt.internal.junit.runner.RemoteTestRunner.runTests(RemoteTestRunner.java:683)&#13;&#10;&#9;at org.eclipse.jdt.internal.junit.runner.RemoteTestRunner.run(RemoteTestRunner.java:390)&#13;&#10;&#9;at org.codecover.juniteclipse.runner.EclipseTestRunner.main(EclipseTestRunner.java:40)" Date="1367929177747" Name="ValueTest:testIsChar">
<CovList>
<CovPrefix CovItemPrefix="Value.java">
<Cov CovItemId="B11" Value="1"/>
<Cov CovItemId="S19" Value="1"/>
<Cov CovItemId="S2" Value="1"/>
<Cov CovItemId="S20" Value="1"/>
<Cov CovItemId="S67" Value="1"/>
</CovPrefix>
</CovList>
<AssgnmntList>
<AssgnmntPrefix RootTermCovItemPrefix="Value.java">
<AssgnmntListEntry Length="3" RootTermCovItemId="C6">
<MapEntry BoolAssgnmnt="122" Value="1"/>
</AssgnmntListEntry>
</AssgnmntPrefix>
</AssgnmntList>
<ObjMetaDataList/>
<MetaDataList/>
</TestCase>
<TestCase Comment="" Date="1367929177751" Name="ValueTest:testIsInt">
<CovList>
<CovPrefix CovItemPrefix="Value.java">
<Cov CovItemId="B3" Value="1"/>
<Cov CovItemId="S2" Value="1"/>
<Cov CovItemId="S67" Value="1"/>
<Cov CovItemId="S7" Value="1"/>
<Cov CovItemId="S8" Value="1"/>
</CovPrefix>
</CovList>
<AssgnmntList>
<AssgnmntPrefix RootTermCovItemPrefix="Value.java">
<AssgnmntListEntry Length="1" RootTermCovItemId="C2">
<MapEntry BoolAssgnmnt="1" Value="1"/>
</AssgnmntListEntry>
</AssgnmntPrefix>
</AssgnmntList>
<ObjMetaDataList/>
<MetaDataList/>
</TestCase>
<TestCase Comment="" Date="1367929177753" Name="ValueTest:testIsDrink">
<CovList>
<CovPrefix CovItemPrefix="Value.java">
<Cov CovItemId="B5" Value="1"/>
<Cov CovItemId="S10" Value="1"/>
<Cov CovItemId="S11" Value="1"/>
<Cov CovItemId="S2" Value="1"/>
<Cov CovItemId="S67" Value="1"/>
</CovPrefix>
</CovList>
<AssgnmntList>
<AssgnmntPrefix RootTermCovItemPrefix="Value.java">
<AssgnmntListEntry Length="1" RootTermCovItemId="C3">
<MapEntry BoolAssgnmnt="1" Value="1"/>
</AssgnmntListEntry>
</AssgnmntPrefix>
</AssgnmntList>
<ObjMetaDataList/>
<MetaDataList/>
</TestCase>
<TestCase Comment="" Date="1367929177754" Name="ValueTest:testIsDouble">
<CovList>
<CovPrefix CovItemPrefix="Value.java">
<Cov CovItemId="B1" Value="1"/>
<Cov CovItemId="S2" Value="1"/>
<Cov CovItemId="S4" Value="1"/>
<Cov CovItemId="S5" Value="1"/>
<Cov CovItemId="S67" Value="1"/>
</CovPrefix>
</CovList>
<AssgnmntList>
<AssgnmntPrefix RootTermCovItemPrefix="Value.java">
<AssgnmntListEntry Length="1" RootTermCovItemId="C1">
<MapEntry BoolAssgnmnt="1" Value="1"/>
</AssgnmntListEntry>
</AssgnmntPrefix>
</AssgnmntList>
<ObjMetaDataList/>
<MetaDataList/>
</TestCase>
<TestCase Comment="" Date="1367929177756" Name="ValueTest:testValue">
<CovList/>
<AssgnmntList/>
<ObjMetaDataList/>
<MetaDataList/>
</TestCase>
<TestCase Comment="Failure&#10;java.lang.AssertionError: Not yet implemented&#13;&#10;&#9;at org.junit.Assert.fail(Assert.java:93)&#13;&#10;&#9;at ValueTest.testGetType(ValueTest.java:80)&#13;&#10;&#9;at sun.reflect.NativeMethodAccessorImpl.invoke0(Native Method)&#13;&#10;&#9;at sun.reflect.NativeMethodAccessorImpl.invoke(Unknown Source)&#13;&#10;&#9;at sun.reflect.DelegatingMethodAccessorImpl.invoke(Unknown Source)&#13;&#10;&#9;at java.lang.reflect.Method.invoke(Unknown Source)&#13;&#10;&#9;at org.junit.runners.model.FrameworkMethod$1.runReflectiveCall(FrameworkMethod.java:45)&#13;&#10;&#9;at org.junit.internal.runners.model.ReflectiveCallable.run(ReflectiveCallable.java:15)&#13;&#10;&#9;at org.junit.runners.model.FrameworkMethod.invokeExplosively(FrameworkMethod.java:42)&#13;&#10;&#9;at org.junit.internal.runners.statements.InvokeMethod.evaluate(InvokeMethod.java:20)&#13;&#10;&#9;at org.junit.runners.ParentRunner.runLeaf(ParentRunner.java:263)&#13;&#10;&#9;at org.junit.runners.BlockJUnit4ClassRunner.runChild(BlockJUnit4ClassRunner.java:68)&#13;&#10;&#9;at org.junit.runners.BlockJUnit4ClassRunner.runChild(BlockJUnit4ClassRunner.java:47)&#13;&#10;&#9;at org.junit.runners.ParentRunner$3.run(ParentRunner.java:231)&#13;&#10;&#9;at org.junit.runners.ParentRunner$1.schedule(ParentRunner.java:60)&#13;&#10;&#9;at org.junit.runners.ParentRunner.runChildren(ParentRunner.java:229)&#13;&#10;&#9;at org.junit.runners.ParentRunner.access$000(ParentRunner.java:50)&#13;&#10;&#9;at org.junit.runners.ParentRunner$2.evaluate(ParentRunner.java:222)&#13;&#10;&#9;at org.junit.runners.ParentRunner.run(ParentRunner.java:300)&#13;&#10;&#9;at org.eclipse.jdt.internal.junit4.runner.JUnit4TestReference.run(JUnit4TestReference.java:50)&#13;&#10;&#9;at org.eclipse.jdt.internal.junit.runner.TestExecution.run(TestExecution.java:38)&#13;&#10;&#9;at org.eclipse.jdt.internal.junit.runner.RemoteTestRunner.runTests(RemoteTestRunner.java:467)&#13;&#10;&#9;at org.eclipse.jdt.internal.junit.runner.RemoteTestRunner.runTests(RemoteTestRunner.java:683)&#13;&#10;&#9;at org.eclipse.jdt.internal.junit.runner.RemoteTestRunner.run(RemoteTestRunner.java:390)&#13;&#10;&#9;at org.codecover.juniteclipse.runner.EclipseTestRunner.main(EclipseTestRunner.java:40)" Date="1367929177756" Name="ValueTest:testGetType">
<CovList/>
<AssgnmntList/>
<ObjMetaDataList/>
<MetaDataList/>
</TestCase>
<TestCase Comment="Failure&#10;java.lang.AssertionError: Not yet implemented&#13;&#10;&#9;at org.junit.Assert.fail(Assert.java:93)&#13;&#10;&#9;at ValueTest.testToString(ValueTest.java:90)&#13;&#10;&#9;at sun.reflect.NativeMethodAccessorImpl.invoke0(Native Method)&#13;&#10;&#9;at sun.reflect.NativeMethodAccessorImpl.invoke(Unknown Source)&#13;&#10;&#9;at sun.reflect.DelegatingMethodAccessorImpl.invoke(Unknown Source)&#13;&#10;&#9;at java.lang.reflect.Method.invoke(Unknown Source)&#13;&#10;&#9;at org.junit.runners.model.FrameworkMethod$1.runReflectiveCall(FrameworkMethod.java:45)&#13;&#10;&#9;at org.junit.internal.runners.model.ReflectiveCallable.run(ReflectiveCallable.java:15)&#13;&#10;&#9;at org.junit.runners.model.FrameworkMethod.invokeExplosively(FrameworkMethod.java:42)&#13;&#10;&#9;at org.junit.internal.runners.statements.InvokeMethod.evaluate(InvokeMethod.java:20)&#13;&#10;&#9;at org.junit.runners.ParentRunner.runLeaf(ParentRunner.java:263)&#13;&#10;&#9;at org.junit.runners.BlockJUnit4ClassRunner.runChild(BlockJUnit4ClassRunner.java:68)&#13;&#10;&#9;at org.junit.runners.BlockJUnit4ClassRunner.runChild(BlockJUnit4ClassRunner.java:47)&#13;&#10;&#9;at org.junit.runners.ParentRunner$3.run(ParentRunner.java:231)&#13;&#10;&#9;at org.junit.runners.ParentRunner$1.schedule(ParentRunner.java:60)&#13;&#10;&#9;at org.junit.runners.ParentRunner.runChildren(ParentRunner.java:229)&#13;&#10;&#9;at org.junit.runners.ParentRunner.access$000(ParentRunner.java:50)&#13;&#10;&#9;at org.junit.runners.ParentRunner$2.evaluate(ParentRunner.java:222)&#13;&#10;&#9;at org.junit.runners.ParentRunner.run(ParentRunner.java:300)&#13;&#10;&#9;at org.eclipse.jdt.internal.junit4.runner.JUnit4TestReference.run(JUnit4TestReference.java:50)&#13;&#10;&#9;at org.eclipse.jdt.internal.junit.runner.TestExecution.run(TestExecution.java:38)&#13;&#10;&#9;at org.eclipse.jdt.internal.junit.runner.RemoteTestRunner.runTests(RemoteTestRunner.java:467)&#13;&#10;&#9;at org.eclipse.jdt.internal.junit.runner.RemoteTestRunner.runTests(RemoteTestRunner.java:683)&#13;&#10;&#9;at org.eclipse.jdt.internal.junit.runner.RemoteTestRunner.run(RemoteTestRunner.java:390)&#13;&#10;&#9;at org.codecover.juniteclipse.runner.EclipseTestRunner.main(EclipseTestRunner.java:40)" Date="1367929177760" Name="ValueTest:testToString">
<CovList/>
<AssgnmntList/>
<ObjMetaDataList/>
<MetaDataList/>
</TestCase>
<TestCase Comment="" Date="1367929177765" Name="ValueTest:testIsNumericExpression">
<CovList>
<CovPrefix CovItemPrefix="Value.java">
<Cov CovItemId="B9" Value="1"/>
<Cov CovItemId="S16" Value="1"/>
<Cov CovItemId="S17" Value="1"/>
<Cov CovItemId="S2" Value="1"/>
<Cov CovItemId="S67" Value="1"/>
</CovPrefix>
</CovList>
<AssgnmntList>
<AssgnmntPrefix RootTermCovItemPrefix="Value.java">
<AssgnmntListEntry Length="1" RootTermCovItemId="C5">
<MapEntry BoolAssgnmnt="1" Value="1"/>
</AssgnmntListEntry>
</AssgnmntPrefix>
</AssgnmntList>
<ObjMetaDataList/>
<MetaDataList/>
</TestCase>
<TestCase Comment="" Date="1367929177767" Name="ValueTest:testIsContainer">
<CovList>
<CovPrefix CovItemPrefix="Value.java">
<Cov CovItemId="B19" Value="1"/>
<Cov CovItemId="S2" Value="1"/>
<Cov CovItemId="S30" Value="1"/>
<Cov CovItemId="S31" Value="1"/>
<Cov CovItemId="S67" Value="1"/>
</CovPrefix>
</CovList>
<AssgnmntList>
<AssgnmntPrefix RootTermCovItemPrefix="Value.java">
<AssgnmntListEntry Length="2" RootTermCovItemId="C10">
<MapEntry BoolAssgnmnt="12" Value="1"/>
</AssgnmntListEntry>
</AssgnmntPrefix>
</AssgnmntList>
<ObjMetaDataList/>
<MetaDataList/>
</TestCase>
<TestCase Comment="" Date="1367929177769" Name="ValueTest:testValueObject">
<CovList/>
<AssgnmntList/>
<ObjMetaDataList/>
<MetaDataList/>
</TestCase>
<TestCase Comment="Failure&#10;java.lang.AssertionError: Not yet implemented&#13;&#10;&#9;at org.junit.Assert.fail(Assert.java:93)&#13;&#10;&#9;at ValueTest.testEqualsObject(ValueTest.java:85)&#13;&#10;&#9;at sun.reflect.NativeMethodAccessorImpl.invoke0(Native Method)&#13;&#10;&#9;at sun.reflect.NativeMethodAccessorImpl.invoke(Unknown Source)&#13;&#10;&#9;at sun.reflect.DelegatingMethodAccessorImpl.invoke(Unknown Source)&#13;&#10;&#9;at java.lang.reflect.Method.invoke(Unknown Source)&#13;&#10;&#9;at org.junit.runners.model.FrameworkMethod$1.runReflectiveCall(FrameworkMethod.java:45)&#13;&#10;&#9;at org.junit.internal.runners.model.ReflectiveCallable.run(ReflectiveCallable.java:15)&#13;&#10;&#9;at org.junit.runners.model.FrameworkMethod.invokeExplosively(FrameworkMethod.java:42)&#13;&#10;&#9;at org.junit.internal.runners.statements.InvokeMethod.evaluate(InvokeMethod.java:20)&#13;&#10;&#9;at org.junit.runners.ParentRunner.runLeaf(ParentRunner.java:263)&#13;&#10;&#9;at org.junit.runners.BlockJUnit4ClassRunner.runChild(BlockJUnit4ClassRunner.java:68)&#13;&#10;&#9;at org.junit.runners.BlockJUnit4ClassRunner.runChild(BlockJUnit4ClassRunner.java:47)&#13;&#10;&#9;at org.junit.runners.ParentRunner$3.run(ParentRunner.java:231)&#13;&#10;&#9;at org.junit.runners.ParentRunner$1.schedule(ParentRunner.java:60)&#13;&#10;&#9;at org.junit.runners.ParentRunner.runChildren(ParentRunner.java:229)&#13;&#10;&#9;at org.junit.runners.ParentRunner.access$000(ParentRunner.java:50)&#13;&#10;&#9;at org.junit.runners.ParentRunner$2.evaluate(ParentRunner.java:222)&#13;&#10;&#9;at org.junit.runners.ParentRunner.run(ParentRunner.java:300)&#13;&#10;&#9;at org.eclipse.jdt.internal.junit4.runner.JUnit4TestReference.run(JUnit4TestReference.java:50)&#13;&#10;&#9;at org.eclipse.jdt.internal.junit.runner.TestExecution.run(TestExecution.java:38)&#13;&#10;&#9;at org.eclipse.jdt.internal.junit.runner.RemoteTestRunner.runTests(RemoteTestRunner.java:467)&#13;&#10;&#9;at org.eclipse.jdt.internal.junit.runner.RemoteTestRunner.runTests(RemoteTestRunner.java:683)&#13;&#10;&#9;at org.eclipse.jdt.internal.junit.runner.RemoteTestRunner.run(RemoteTestRunner.java:390)&#13;&#10;&#9;at org.codecover.juniteclipse.runner.EclipseTestRunner.main(EclipseTestRunner.java:40)" Date="1367929177770" Name="ValueTest:testEqualsObject">
<CovList/>
<AssgnmntList/>
<ObjMetaDataList/>
<MetaDataList/>
</TestCase>
<TestCase Comment="" Date="1367929177773" Name="ValueTest:testIsSameType">
<CovList>
<CovPrefix CovItemPrefix="Value.java">
<Cov CovItemId="B18" Value="1"/>
<Cov CovItemId="B19" Value="2"/>
<Cov CovItemId="B22" Value="1"/>
<Cov CovItemId="B23" Value="1"/>
<Cov CovItemId="S2" Value="2"/>
<Cov CovItemId="S27" Value="1"/>
<Cov CovItemId="S29" Value="1"/>
<Cov CovItemId="S30" Value="2"/>
<Cov CovItemId="S31" Value="2"/>
<Cov CovItemId="S33" Value="1"/>
<Cov CovItemId="S35" Value="1"/>
<Cov CovItemId="S36" Value="1"/>
<Cov CovItemId="S67" Value="4"/>
</CovPrefix>
</CovList>
<AssgnmntList>
<AssgnmntPrefix RootTermCovItemPrefix="Value.java">
<AssgnmntListEntry Length="2" RootTermCovItemId="C10">
<MapEntry BoolAssgnmnt="12" Value="2"/>
</AssgnmntListEntry>
<AssgnmntListEntry Length="2" RootTermCovItemId="C11">
<MapEntry BoolAssgnmnt="02" Value="1"/>
</AssgnmntListEntry>
<AssgnmntListEntry Length="2" RootTermCovItemId="C12">
<MapEntry BoolAssgnmnt="11" Value="1"/>
</AssgnmntListEntry>
<AssgnmntListEntry Length="2" RootTermCovItemId="C9">
<MapEntry BoolAssgnmnt="00" Value="1"/>
</AssgnmntListEntry>
</AssgnmntPrefix>
</AssgnmntList>
<ObjMetaDataList/>
<MetaDataList/>
</TestCase>
<TestCase Comment="" Date="1367929177774" Name="ValueTest:testIsNumeric">
<CovList>
<CovPrefix CovItemPrefix="Value.java">
<Cov CovItemId="B3" Value="1"/>
<Cov CovItemId="B7" Value="1"/>
<Cov CovItemId="S13" Value="1"/>
<Cov CovItemId="S14" Value="1"/>
<Cov CovItemId="S2" Value="1"/>
<Cov CovItemId="S67" Value="1"/>
<Cov CovItemId="S7" Value="1"/>
<Cov CovItemId="S8" Value="1"/>
</CovPrefix>
</CovList>
<AssgnmntList>
<AssgnmntPrefix RootTermCovItemPrefix="Value.java">
<AssgnmntListEntry Length="1" RootTermCovItemId="C2">
<MapEntry BoolAssgnmnt="1" Value="1"/>
</AssgnmntListEntry>
<AssgnmntListEntry Length="4" RootTermCovItemId="C4">
<MapEntry BoolAssgnmnt="1222" Value="1"/>
</AssgnmntListEntry>
</AssgnmntPrefix>
</AssgnmntList>
<ObjMetaDataList/>
<MetaDataList/>
</TestCase>
<MetaDataList/>
</TestSession>
<TestSession Comment="" Date="1367929238931" Name="May 7, 2013 2:20:38 PM">
<TestCase Comment="" Date="1367929238884" Name="ValueTest:testIsInt">
<CovList>
<CovPrefix CovItemPrefix="Value.java">
<Cov CovItemId="B3" Value="1"/>
<Cov CovItemId="S1" Value="1"/>
<Cov CovItemId="S2" Value="2"/>
<Cov CovItemId="S67" Value="1"/>
<Cov CovItemId="S7" Value="1"/>
<Cov CovItemId="S8" Value="1"/>
</CovPrefix>
</CovList>
<AssgnmntList>
<AssgnmntPrefix RootTermCovItemPrefix="Value.java">
<AssgnmntListEntry Length="1" RootTermCovItemId="C2">
<MapEntry BoolAssgnmnt="1" Value="1"/>
</AssgnmntListEntry>
</AssgnmntPrefix>
</AssgnmntList>
<ObjMetaDataList/>
<MetaDataList/>
</TestCase>
<TestCase Comment="" Date="1367929238887" Name="ValueTest:testIsDrink">
<CovList>
<CovPrefix CovItemPrefix="Value.java">
<Cov CovItemId="B5" Value="1"/>
<Cov CovItemId="S10" Value="1"/>
<Cov CovItemId="S11" Value="1"/>
<Cov CovItemId="S2" Value="1"/>
<Cov CovItemId="S67" Value="1"/>
</CovPrefix>
</CovList>
<AssgnmntList>
<AssgnmntPrefix RootTermCovItemPrefix="Value.java">
<AssgnmntListEntry Length="1" RootTermCovItemId="C3">
<MapEntry BoolAssgnmnt="1" Value="1"/>
</AssgnmntListEntry>
</AssgnmntPrefix>
</AssgnmntList>
<ObjMetaDataList/>
<MetaDataList/>
</TestCase>
<TestCase Comment="Failure&#10;java.lang.AssertionError: c must be a char&#13;&#10;&#9;at org.junit.Assert.fail(Assert.java:93)&#13;&#10;&#9;at org.junit.Assert.assertTrue(Assert.java:43)&#13;&#10;&#9;at ValueTest.testIsChar(ValueTest.java:51)&#13;&#10;&#9;at sun.reflect.NativeMethodAccessorImpl.invoke0(Native Method)&#13;&#10;&#9;at sun.reflect.NativeMethodAccessorImpl.invoke(Unknown Source)&#13;&#10;&#9;at sun.reflect.DelegatingMethodAccessorImpl.invoke(Unknown Source)&#13;&#10;&#9;at java.lang.reflect.Method.invoke(Unknown Source)&#13;&#10;&#9;at org.junit.runners.model.FrameworkMethod$1.runReflectiveCall(FrameworkMethod.java:45)&#13;&#10;&#9;at org.junit.internal.runners.model.ReflectiveCallable.run(ReflectiveCallable.java:15)&#13;&#10;&#9;at org.junit.runners.model.FrameworkMethod.invokeExplosively(FrameworkMethod.java:42)&#13;&#10;&#9;at org.junit.internal.runners.statements.InvokeMethod.evaluate(InvokeMethod.java:20)&#13;&#10;&#9;at org.junit.runners.ParentRunner.runLeaf(ParentRunner.java:263)&#13;&#10;&#9;at org.junit.runners.BlockJUnit4ClassRunner.runChild(BlockJUnit4ClassRunner.java:68)&#13;&#10;&#9;at org.junit.runners.BlockJUnit4ClassRunner.runChild(BlockJUnit4ClassRunner.java:47)&#13;&#10;&#9;at org.junit.runners.ParentRunner$3.run(ParentRunner.java:231)&#13;&#10;&#9;at org.junit.runners.ParentRunner$1.schedule(ParentRunner.java:60)&#13;&#10;&#9;at org.junit.runners.ParentRunner.runChildren(ParentRunner.java:229)&#13;&#10;&#9;at org.junit.runners.ParentRunner.access$000(ParentRunner.java:50)&#13;&#10;&#9;at org.junit.runners.ParentRunner$2.evaluate(ParentRunner.java:222)&#13;&#10;&#9;at org.junit.runners.ParentRunner.run(ParentRunner.java:300)&#13;&#10;&#9;at org.eclipse.jdt.internal.junit4.runner.JUnit4TestReference.run(JUnit4TestReference.java:50)&#13;&#10;&#9;at org.eclipse.jdt.internal.junit.runner.TestExecution.run(TestExecution.java:38)&#13;&#10;&#9;at org.eclipse.jdt.internal.junit.runner.RemoteTestRunner.runTests(RemoteTestRunner.java:467)&#13;&#10;&#9;at org.eclipse.jdt.internal.junit.runner.RemoteTestRunner.runTests(RemoteTestRunner.java:683)&#13;&#10;&#9;at org.eclipse.jdt.internal.junit.runner.RemoteTestRunner.run(RemoteTestRunner.java:390)&#13;&#10;&#9;at org.codecover.juniteclipse.runner.EclipseTestRunner.main(EclipseTestRunner.java:40)" Date="1367929238888" Name="ValueTest:testIsChar">
<CovList>
<CovPrefix CovItemPrefix="Value.java">
<Cov CovItemId="B11" Value="1"/>
<Cov CovItemId="S19" Value="1"/>
<Cov CovItemId="S2" Value="1"/>
<Cov CovItemId="S20" Value="1"/>
<Cov CovItemId="S67" Value="1"/>
</CovPrefix>
</CovList>
<AssgnmntList>
<AssgnmntPrefix RootTermCovItemPrefix="Value.java">
<AssgnmntListEntry Length="3" RootTermCovItemId="C6">
<MapEntry BoolAssgnmnt="122" Value="1"/>
</AssgnmntListEntry>
</AssgnmntPrefix>
</AssgnmntList>
<ObjMetaDataList/>
<MetaDataList/>
</TestCase>
<TestCase Comment="Failure&#10;java.lang.AssertionError: test must be a string&#13;&#10;&#9;at org.junit.Assert.fail(Assert.java:93)&#13;&#10;&#9;at org.junit.Assert.assertTrue(Assert.java:43)&#13;&#10;&#9;at ValueTest.testIsString(ValueTest.java:57)&#13;&#10;&#9;at sun.reflect.NativeMethodAccessorImpl.invoke0(Native Method)&#13;&#10;&#9;at sun.reflect.NativeMethodAccessorImpl.invoke(Unknown Source)&#13;&#10;&#9;at sun.reflect.DelegatingMethodAccessorImpl.invoke(Unknown Source)&#13;&#10;&#9;at java.lang.reflect.Method.invoke(Unknown Source)&#13;&#10;&#9;at org.junit.runners.model.FrameworkMethod$1.runReflectiveCall(FrameworkMethod.java:45)&#13;&#10;&#9;at org.junit.internal.runners.model.ReflectiveCallable.run(ReflectiveCallable.java:15)&#13;&#10;&#9;at org.junit.runners.model.FrameworkMethod.invokeExplosively(FrameworkMethod.java:42)&#13;&#10;&#9;at org.junit.internal.runners.statements.InvokeMethod.evaluate(InvokeMethod.java:20)&#13;&#10;&#9;at org.junit.runners.ParentRunner.runLeaf(ParentRunner.java:263)&#13;&#10;&#9;at org.junit.runners.BlockJUnit4ClassRunner.runChild(BlockJUnit4ClassRunner.java:68)&#13;&#10;&#9;at org.junit.runners.BlockJUnit4ClassRunner.runChild(BlockJUnit4ClassRunner.java:47)&#13;&#10;&#9;at org.junit.runners.ParentRunner$3.run(ParentRunner.java:231)&#13;&#10;&#9;at org.junit.runners.ParentRunner$1.schedule(ParentRunner.java:60)&#13;&#10;&#9;at org.junit.runners.ParentRunner.runChildren(ParentRunner.java:229)&#13;&#10;&#9;at org.junit.runners.ParentRunner.access$000(ParentRunner.java:50)&#13;&#10;&#9;at org.junit.runners.ParentRunner$2.evaluate(ParentRunner.java:222)&#13;&#10;&#9;at org.junit.runners.ParentRunner.run(ParentRunner.java:300)&#13;&#10;&#9;at org.eclipse.jdt.internal.junit4.runner.JUnit4TestReference.run(JUnit4TestReference.java:50)&#13;&#10;&#9;at org.eclipse.jdt.internal.junit.runner.TestExecution.run(TestExecution.java:38)&#13;&#10;&#9;at org.eclipse.jdt.internal.junit.runner.RemoteTestRunner.runTests(RemoteTestRunner.java:467)&#13;&#10;&#9;at org.eclipse.jdt.internal.junit.runner.RemoteTestRunner.runTests(RemoteTestRunner.java:683)&#13;&#10;&#9;at org.eclipse.jdt.internal.junit.runner.RemoteTestRunner.run(RemoteTestRunner.java:390)&#13;&#10;&#9;at org.codecover.juniteclipse.runner.EclipseTestRunner.main(EclipseTestRunner.java:40)" Date="1367929238897" Name="ValueTest:testIsString">
<CovList>
<CovPrefix CovItemPrefix="Value.java">
<Cov CovItemId="B14" Value="1"/>
<Cov CovItemId="B15" Value="1"/>
<Cov CovItemId="S2" Value="1"/>
<Cov CovItemId="S22" Value="1"/>
<Cov CovItemId="S24" Value="1"/>
<Cov CovItemId="S25" Value="1"/>
<Cov CovItemId="S67" Value="2"/>
</CovPrefix>
</CovList>
<AssgnmntList>
<AssgnmntPrefix RootTermCovItemPrefix="Value.java">
<AssgnmntListEntry Length="1" RootTermCovItemId="C7">
<MapEntry BoolAssgnmnt="0" Value="1"/>
</AssgnmntListEntry>
<AssgnmntListEntry Length="2" RootTermCovItemId="C8">
<MapEntry BoolAssgnmnt="12" Value="1"/>
</AssgnmntListEntry>
</AssgnmntPrefix>
</AssgnmntList>
<ObjMetaDataList/>
<MetaDataList/>
</TestCase>
<TestCase Comment="" Date="1367929238901" Name="ValueTest:testIsDouble">
<CovList>
<CovPrefix CovItemPrefix="Value.java">
<Cov CovItemId="B1" Value="1"/>
<Cov CovItemId="S2" Value="1"/>
<Cov CovItemId="S4" Value="1"/>
<Cov CovItemId="S5" Value="1"/>
<Cov CovItemId="S67" Value="1"/>
</CovPrefix>
</CovList>
<AssgnmntList>
<AssgnmntPrefix RootTermCovItemPrefix="Value.java">
<AssgnmntListEntry Length="1" RootTermCovItemId="C1">
<MapEntry BoolAssgnmnt="1" Value="1"/>
</AssgnmntListEntry>
</AssgnmntPrefix>
</AssgnmntList>
<ObjMetaDataList/>
<MetaDataList/>
</TestCase>
<TestCase Comment="" Date="1367929238902" Name="ValueTest:testIsBool">
<CovList>
<CovPrefix CovItemPrefix="Value.java">
<Cov CovItemId="B17" Value="1"/>
<Cov CovItemId="S2" Value="1"/>
<Cov CovItemId="S27" Value="1"/>
<Cov CovItemId="S28" Value="1"/>
<Cov CovItemId="S67" Value="1"/>
</CovPrefix>
</CovList>
<AssgnmntList>
<AssgnmntPrefix RootTermCovItemPrefix="Value.java">
<AssgnmntListEntry Length="2" RootTermCovItemId="C9">
<MapEntry BoolAssgnmnt="12" Value="1"/>
</AssgnmntListEntry>
</AssgnmntPrefix>
</AssgnmntList>
<ObjMetaDataList/>
<MetaDataList/>
</TestCase>
<TestCase Comment="Failure&#10;java.lang.AssertionError: true must be bool&#13;&#10;&#9;at org.junit.Assert.fail(Assert.java:93)&#13;&#10;&#9;at org.junit.Assert.assertTrue(Assert.java:43)&#13;&#10;&#9;at ValueTest.testGetType(ValueTest.java:81)&#13;&#10;&#9;at sun.reflect.NativeMethodAccessorImpl.invoke0(Native Method)&#13;&#10;&#9;at sun.reflect.NativeMethodAccessorImpl.invoke(Unknown Source)&#13;&#10;&#9;at sun.reflect.DelegatingMethodAccessorImpl.invoke(Unknown Source)&#13;&#10;&#9;at java.lang.reflect.Method.invoke(Unknown Source)&#13;&#10;&#9;at org.junit.runners.model.FrameworkMethod$1.runReflectiveCall(FrameworkMethod.java:45)&#13;&#10;&#9;at org.junit.internal.runners.model.ReflectiveCallable.run(ReflectiveCallable.java:15)&#13;&#10;&#9;at org.junit.runners.model.FrameworkMethod.invokeExplosively(FrameworkMethod.java:42)&#13;&#10;&#9;at org.junit.internal.runners.statements.InvokeMethod.evaluate(InvokeMethod.java:20)&#13;&#10;&#9;at org.junit.runners.ParentRunner.runLeaf(ParentRunner.java:263)&#13;&#10;&#9;at org.junit.runners.BlockJUnit4ClassRunner.runChild(BlockJUnit4ClassRunner.java:68)&#13;&#10;&#9;at org.junit.runners.BlockJUnit4ClassRunner.runChild(BlockJUnit4ClassRunner.java:47)&#13;&#10;&#9;at org.junit.runners.ParentRunner$3.run(ParentRunner.java:231)&#13;&#10;&#9;at org.junit.runners.ParentRunner$1.schedule(ParentRunner.java:60)&#13;&#10;&#9;at org.junit.runners.ParentRunner.runChildren(ParentRunner.java:229)&#13;&#10;&#9;at org.junit.runners.ParentRunner.access$000(ParentRunner.java:50)&#13;&#10;&#9;at org.junit.runners.ParentRunner$2.evaluate(ParentRunner.java:222)&#13;&#10;&#9;at org.junit.runners.ParentRunner.run(ParentRunner.java:300)&#13;&#10;&#9;at org.eclipse.jdt.internal.junit4.runner.JUnit4TestReference.run(JUnit4TestReference.java:50)&#13;&#10;&#9;at org.eclipse.jdt.internal.junit.runner.TestExecution.run(TestExecution.java:38)&#13;&#10;&#9;at org.eclipse.jdt.internal.junit.runner.RemoteTestRunner.runTests(RemoteTestRunner.java:467)&#13;&#10;&#9;at org.eclipse.jdt.internal.junit.runner.RemoteTestRunner.runTests(RemoteTestRunner.java:683)&#13;&#10;&#9;at org.eclipse.jdt.internal.junit.runner.RemoteTestRunner.run(RemoteTestRunner.java:390)&#13;&#10;&#9;at org.codecover.juniteclipse.runner.EclipseTestRunner.main(EclipseTestRunner.java:40)" Date="1367929238903" Name="ValueTest:testGetType">
<CovList>
<CovPrefix CovItemPrefix="Value.java">
<Cov CovItemId="B17" Value="1"/>
<Cov CovItemId="B18" Value="1"/>
<Cov CovItemId="B33" Value="1"/>
<Cov CovItemId="S2" Value="2"/>
<Cov CovItemId="S27" Value="2"/>
<Cov CovItemId="S28" Value="1"/>
<Cov CovItemId="S29" Value="1"/>
<Cov CovItemId="S46" Value="1"/>
<Cov CovItemId="S47" Value="1"/>
<Cov CovItemId="S67" Value="3"/>
</CovPrefix>
</CovList>
<AssgnmntList>
<AssgnmntPrefix RootTermCovItemPrefix="Value.java">
<AssgnmntListEntry Length="2" RootTermCovItemId="C17">
<MapEntry BoolAssgnmnt="12" Value="1"/>
</AssgnmntListEntry>
<AssgnmntListEntry Length="2" RootTermCovItemId="C9">
<MapEntry BoolAssgnmnt="00" Value="1"/>
<MapEntry BoolAssgnmnt="12" Value="1"/>
</AssgnmntListEntry>
</AssgnmntPrefix>
</AssgnmntList>
<ObjMetaDataList/>
<MetaDataList/>
</TestCase>
<TestCase Comment="Failure&#10;java.lang.AssertionError: Not yet implemented&#13;&#10;&#9;at org.junit.Assert.fail(Assert.java:93)&#13;&#10;&#9;at ValueTest.testToString(ValueTest.java:91)&#13;&#10;&#9;at sun.reflect.NativeMethodAccessorImpl.invoke0(Native Method)&#13;&#10;&#9;at sun.reflect.NativeMethodAccessorImpl.invoke(Unknown Source)&#13;&#10;&#9;at sun.reflect.DelegatingMethodAccessorImpl.invoke(Unknown Source)&#13;&#10;&#9;at java.lang.reflect.Method.invoke(Unknown Source)&#13;&#10;&#9;at org.junit.runners.model.FrameworkMethod$1.runReflectiveCall(FrameworkMethod.java:45)&#13;&#10;&#9;at org.junit.internal.runners.model.ReflectiveCallable.run(ReflectiveCallable.java:15)&#13;&#10;&#9;at org.junit.runners.model.FrameworkMethod.invokeExplosively(FrameworkMethod.java:42)&#13;&#10;&#9;at org.junit.internal.runners.statements.InvokeMethod.evaluate(InvokeMethod.java:20)&#13;&#10;&#9;at org.junit.runners.ParentRunner.runLeaf(ParentRunner.java:263)&#13;&#10;&#9;at org.junit.runners.BlockJUnit4ClassRunner.runChild(BlockJUnit4ClassRunner.java:68)&#13;&#10;&#9;at org.junit.runners.BlockJUnit4ClassRunner.runChild(BlockJUnit4ClassRunner.java:47)&#13;&#10;&#9;at org.junit.runners.ParentRunner$3.run(ParentRunner.java:231)&#13;&#10;&#9;at org.junit.runners.ParentRunner$1.schedule(ParentRunner.java:60)&#13;&#10;&#9;at org.junit.runners.ParentRunner.runChildren(ParentRunner.java:229)&#13;&#10;&#9;at org.junit.runners.ParentRunner.access$000(ParentRunner.java:50)&#13;&#10;&#9;at org.junit.runners.ParentRunner$2.evaluate(ParentRunner.java:222)&#13;&#10;&#9;at org.junit.runners.ParentRunner.run(ParentRunner.java:300)&#13;&#10;&#9;at org.eclipse.jdt.internal.junit4.runner.JUnit4TestReference.run(JUnit4TestReference.java:50)&#13;&#10;&#9;at org.eclipse.jdt.internal.junit.runner.TestExecution.run(TestExecution.java:38)&#13;&#10;&#9;at org.eclipse.jdt.internal.junit.runner.RemoteTestRunner.runTests(RemoteTestRunner.java:467)&#13;&#10;&#9;at org.eclipse.jdt.internal.junit.runner.RemoteTestRunner.runTests(RemoteTestRunner.java:683)&#13;&#10;&#9;at org.eclipse.jdt.internal.junit.runner.RemoteTestRunner.run(RemoteTestRunner.java:390)&#13;&#10;&#9;at org.codecover.juniteclipse.runner.EclipseTestRunner.main(EclipseTestRunner.java:40)" Date="1367929238907" Name="ValueTest:testToString">
<CovList/>
<AssgnmntList/>
<ObjMetaDataList/>
<MetaDataList/>
</TestCase>
<TestCase Comment="" Date="1367929238911" Name="ValueTest:testIsNumericExpression">
<CovList>
<CovPrefix CovItemPrefix="Value.java">
<Cov CovItemId="B9" Value="1"/>
<Cov CovItemId="S16" Value="1"/>
<Cov CovItemId="S17" Value="1"/>
<Cov CovItemId="S2" Value="1"/>
<Cov CovItemId="S67" Value="1"/>
</CovPrefix>
</CovList>
<AssgnmntList>
<AssgnmntPrefix RootTermCovItemPrefix="Value.java">
<AssgnmntListEntry Length="1" RootTermCovItemId="C5">
<MapEntry BoolAssgnmnt="1" Value="1"/>
</AssgnmntListEntry>
</AssgnmntPrefix>
</AssgnmntList>
<ObjMetaDataList/>
<MetaDataList/>
</TestCase>
<TestCase Comment="" Date="1367929238913" Name="ValueTest:testIsSameType">
<CovList>
<CovPrefix CovItemPrefix="Value.java">
<Cov CovItemId="B18" Value="1"/>
<Cov CovItemId="B19" Value="2"/>
<Cov CovItemId="B22" Value="1"/>
<Cov CovItemId="B23" Value="1"/>
<Cov CovItemId="S2" Value="2"/>
<Cov CovItemId="S27" Value="1"/>
<Cov CovItemId="S29" Value="1"/>
<Cov CovItemId="S30" Value="2"/>
<Cov CovItemId="S31" Value="2"/>
<Cov CovItemId="S33" Value="1"/>
<Cov CovItemId="S35" Value="1"/>
<Cov CovItemId="S36" Value="1"/>
<Cov CovItemId="S67" Value="4"/>
</CovPrefix>
</CovList>
<AssgnmntList>
<AssgnmntPrefix RootTermCovItemPrefix="Value.java">
<AssgnmntListEntry Length="2" RootTermCovItemId="C10">
<MapEntry BoolAssgnmnt="12" Value="2"/>
</AssgnmntListEntry>
<AssgnmntListEntry Length="2" RootTermCovItemId="C11">
<MapEntry BoolAssgnmnt="02" Value="1"/>
</AssgnmntListEntry>
<AssgnmntListEntry Length="2" RootTermCovItemId="C12">
<MapEntry BoolAssgnmnt="11" Value="1"/>
</AssgnmntListEntry>
<AssgnmntListEntry Length="2" RootTermCovItemId="C9">
<MapEntry BoolAssgnmnt="00" Value="1"/>
</AssgnmntListEntry>
</AssgnmntPrefix>
</AssgnmntList>
<ObjMetaDataList/>
<MetaDataList/>
</TestCase>
<TestCase Comment="" Date="1367929238914" Name="ValueTest:testIsNumeric">
<CovList>
<CovPrefix CovItemPrefix="Value.java">
<Cov CovItemId="B3" Value="1"/>
<Cov CovItemId="B7" Value="1"/>
<Cov CovItemId="S13" Value="1"/>
<Cov CovItemId="S14" Value="1"/>
<Cov CovItemId="S2" Value="1"/>
<Cov CovItemId="S67" Value="1"/>
<Cov CovItemId="S7" Value="1"/>
<Cov CovItemId="S8" Value="1"/>
</CovPrefix>
</CovList>
<AssgnmntList>
<AssgnmntPrefix RootTermCovItemPrefix="Value.java">
<AssgnmntListEntry Length="1" RootTermCovItemId="C2">
<MapEntry BoolAssgnmnt="1" Value="1"/>
</AssgnmntListEntry>
<AssgnmntListEntry Length="4" RootTermCovItemId="C4">
<MapEntry BoolAssgnmnt="1222" Value="1"/>
</AssgnmntListEntry>
</AssgnmntPrefix>
</AssgnmntList>
<ObjMetaDataList/>
<MetaDataList/>
</TestCase>
<TestCase Comment="" Date="1367929238915" Name="ValueTest:testValueObject">
<CovList/>
<AssgnmntList/>
<ObjMetaDataList/>
<MetaDataList/>
</TestCase>
<TestCase Comment="" Date="1367929238916" Name="ValueTest:testIsContainer">
<CovList>
<CovPrefix CovItemPrefix="Value.java">
<Cov CovItemId="B19" Value="1"/>
<Cov CovItemId="S2" Value="1"/>
<Cov CovItemId="S30" Value="1"/>
<Cov CovItemId="S31" Value="1"/>
<Cov CovItemId="S67" Value="1"/>
</CovPrefix>
</CovList>
<AssgnmntList>
<AssgnmntPrefix RootTermCovItemPrefix="Value.java">
<AssgnmntListEntry Length="2" RootTermCovItemId="C10">
<MapEntry BoolAssgnmnt="12" Value="1"/>
</AssgnmntListEntry>
</AssgnmntPrefix>
</AssgnmntList>
<ObjMetaDataList/>
<MetaDataList/>
</TestCase>
<TestCase Comment="Failure&#10;java.lang.AssertionError: Not yet implemented&#13;&#10;&#9;at org.junit.Assert.fail(Assert.java:93)&#13;&#10;&#9;at ValueTest.testEqualsObject(ValueTest.java:86)&#13;&#10;&#9;at sun.reflect.NativeMethodAccessorImpl.invoke0(Native Method)&#13;&#10;&#9;at sun.reflect.NativeMethodAccessorImpl.invoke(Unknown Source)&#13;&#10;&#9;at sun.reflect.DelegatingMethodAccessorImpl.invoke(Unknown Source)&#13;&#10;&#9;at java.lang.reflect.Method.invoke(Unknown Source)&#13;&#10;&#9;at org.junit.runners.model.FrameworkMethod$1.runReflectiveCall(FrameworkMethod.java:45)&#13;&#10;&#9;at org.junit.internal.runners.model.ReflectiveCallable.run(ReflectiveCallable.java:15)&#13;&#10;&#9;at org.junit.runners.model.FrameworkMethod.invokeExplosively(FrameworkMethod.java:42)&#13;&#10;&#9;at org.junit.internal.runners.statements.InvokeMethod.evaluate(InvokeMethod.java:20)&#13;&#10;&#9;at org.junit.runners.ParentRunner.runLeaf(ParentRunner.java:263)&#13;&#10;&#9;at org.junit.runners.BlockJUnit4ClassRunner.runChild(BlockJUnit4ClassRunner.java:68)&#13;&#10;&#9;at org.junit.runners.BlockJUnit4ClassRunner.runChild(BlockJUnit4ClassRunner.java:47)&#13;&#10;&#9;at org.junit.runners.ParentRunner$3.run(ParentRunner.java:231)&#13;&#10;&#9;at org.junit.runners.ParentRunner$1.schedule(ParentRunner.java:60)&#13;&#10;&#9;at org.junit.runners.ParentRunner.runChildren(ParentRunner.java:229)&#13;&#10;&#9;at org.junit.runners.ParentRunner.access$000(ParentRunner.java:50)&#13;&#10;&#9;at org.junit.runners.ParentRunner$2.evaluate(ParentRunner.java:222)&#13;&#10;&#9;at org.junit.runners.ParentRunner.run(ParentRunner.java:300)&#13;&#10;&#9;at org.eclipse.jdt.internal.junit4.runner.JUnit4TestReference.run(JUnit4TestReference.java:50)&#13;&#10;&#9;at org.eclipse.jdt.internal.junit.runner.TestExecution.run(TestExecution.java:38)&#13;&#10;&#9;at org.eclipse.jdt.internal.junit.runner.RemoteTestRunner.runTests(RemoteTestRunner.java:467)&#13;&#10;&#9;at org.eclipse.jdt.internal.junit.runner.RemoteTestRunner.runTests(RemoteTestRunner.java:683)&#13;&#10;&#9;at org.eclipse.jdt.internal.junit.runner.RemoteTestRunner.run(RemoteTestRunner.java:390)&#13;&#10;&#9;at org.codecover.juniteclipse.runner.EclipseTestRunner.main(EclipseTestRunner.java:40)" Date="1367929238917" Name="ValueTest:testEqualsObject">
<CovList/>
<AssgnmntList/>
<ObjMetaDataList/>
<MetaDataList/>
</TestCase>
<MetaDataList/>
</TestSession>
<TestSession Comment="" Date="1367929284086" Name="May 7, 2013 2:21:24 PM">
<TestCase Comment="" Date="1367929284036" Name="ValueTest:testIsDouble">
<CovList>
<CovPrefix CovItemPrefix="Value.java">
<Cov CovItemId="B1" Value="1"/>
<Cov CovItemId="S1" Value="1"/>
<Cov CovItemId="S2" Value="2"/>
<Cov CovItemId="S4" Value="1"/>
<Cov CovItemId="S5" Value="1"/>
<Cov CovItemId="S67" Value="1"/>
</CovPrefix>
</CovList>
<AssgnmntList>
<AssgnmntPrefix RootTermCovItemPrefix="Value.java">
<AssgnmntListEntry Length="1" RootTermCovItemId="C1">
<MapEntry BoolAssgnmnt="1" Value="1"/>
</AssgnmntListEntry>
</AssgnmntPrefix>
</AssgnmntList>
<ObjMetaDataList/>
<MetaDataList/>
</TestCase>
<TestCase Comment="" Date="1367929284040" Name="ValueTest:testIsDrink">
<CovList>
<CovPrefix CovItemPrefix="Value.java">
<Cov CovItemId="B5" Value="1"/>
<Cov CovItemId="S10" Value="1"/>
<Cov CovItemId="S11" Value="1"/>
<Cov CovItemId="S2" Value="1"/>
<Cov CovItemId="S67" Value="1"/>
</CovPrefix>
</CovList>
<AssgnmntList>
<AssgnmntPrefix RootTermCovItemPrefix="Value.java">
<AssgnmntListEntry Length="1" RootTermCovItemId="C3">
<MapEntry BoolAssgnmnt="1" Value="1"/>
</AssgnmntListEntry>
</AssgnmntPrefix>
</AssgnmntList>
<ObjMetaDataList/>
<MetaDataList/>
</TestCase>
<TestCase Comment="Failure&#10;java.lang.AssertionError: c must be a char&#13;&#10;&#9;at org.junit.Assert.fail(Assert.java:93)&#13;&#10;&#9;at org.junit.Assert.assertTrue(Assert.java:43)&#13;&#10;&#9;at ValueTest.testIsChar(ValueTest.java:51)&#13;&#10;&#9;at sun.reflect.NativeMethodAccessorImpl.invoke0(Native Method)&#13;&#10;&#9;at sun.reflect.NativeMethodAccessorImpl.invoke(Unknown Source)&#13;&#10;&#9;at sun.reflect.DelegatingMethodAccessorImpl.invoke(Unknown Source)&#13;&#10;&#9;at java.lang.reflect.Method.invoke(Unknown Source)&#13;&#10;&#9;at org.junit.runners.model.FrameworkMethod$1.runReflectiveCall(FrameworkMethod.java:45)&#13;&#10;&#9;at org.junit.internal.runners.model.ReflectiveCallable.run(ReflectiveCallable.java:15)&#13;&#10;&#9;at org.junit.runners.model.FrameworkMethod.invokeExplosively(FrameworkMethod.java:42)&#13;&#10;&#9;at org.junit.internal.runners.statements.InvokeMethod.evaluate(InvokeMethod.java:20)&#13;&#10;&#9;at org.junit.runners.ParentRunner.runLeaf(ParentRunner.java:263)&#13;&#10;&#9;at org.junit.runners.BlockJUnit4ClassRunner.runChild(BlockJUnit4ClassRunner.java:68)&#13;&#10;&#9;at org.junit.runners.BlockJUnit4ClassRunner.runChild(BlockJUnit4ClassRunner.java:47)&#13;&#10;&#9;at org.junit.runners.ParentRunner$3.run(ParentRunner.java:231)&#13;&#10;&#9;at org.junit.runners.ParentRunner$1.schedule(ParentRunner.java:60)&#13;&#10;&#9;at org.junit.runners.ParentRunner.runChildren(ParentRunner.java:229)&#13;&#10;&#9;at org.junit.runners.ParentRunner.access$000(ParentRunner.java:50)&#13;&#10;&#9;at org.junit.runners.ParentRunner$2.evaluate(ParentRunner.java:222)&#13;&#10;&#9;at org.junit.runners.ParentRunner.run(ParentRunner.java:300)&#13;&#10;&#9;at org.eclipse.jdt.internal.junit4.runner.JUnit4TestReference.run(JUnit4TestReference.java:50)&#13;&#10;&#9;at org.eclipse.jdt.internal.junit.runner.TestExecution.run(TestExecution.java:38)&#13;&#10;&#9;at org.eclipse.jdt.internal.junit.runner.RemoteTestRunner.runTests(RemoteTestRunner.java:467)&#13;&#10;&#9;at org.eclipse.jdt.internal.junit.runner.RemoteTestRunner.runTests(RemoteTestRunner.java:683)&#13;&#10;&#9;at org.eclipse.jdt.internal.junit.runner.RemoteTestRunner.run(RemoteTestRunner.java:390)&#13;&#10;&#9;at org.codecover.juniteclipse.runner.EclipseTestRunner.main(EclipseTestRunner.java:40)" Date="1367929284041" Name="ValueTest:testIsChar">
<CovList>
<CovPrefix CovItemPrefix="Value.java">
<Cov CovItemId="B11" Value="1"/>
<Cov CovItemId="S19" Value="1"/>
<Cov CovItemId="S2" Value="1"/>
<Cov CovItemId="S20" Value="1"/>
<Cov CovItemId="S67" Value="1"/>
</CovPrefix>
</CovList>
<AssgnmntList>
<AssgnmntPrefix RootTermCovItemPrefix="Value.java">
<AssgnmntListEntry Length="3" RootTermCovItemId="C6">
<MapEntry BoolAssgnmnt="122" Value="1"/>
</AssgnmntListEntry>
</AssgnmntPrefix>
</AssgnmntList>
<ObjMetaDataList/>
<MetaDataList/>
</TestCase>
<TestCase Comment="Failure&#10;java.lang.AssertionError: test must be a string&#13;&#10;&#9;at org.junit.Assert.fail(Assert.java:93)&#13;&#10;&#9;at org.junit.Assert.assertTrue(Assert.java:43)&#13;&#10;&#9;at ValueTest.testIsString(ValueTest.java:57)&#13;&#10;&#9;at sun.reflect.NativeMethodAccessorImpl.invoke0(Native Method)&#13;&#10;&#9;at sun.reflect.NativeMethodAccessorImpl.invoke(Unknown Source)&#13;&#10;&#9;at sun.reflect.DelegatingMethodAccessorImpl.invoke(Unknown Source)&#13;&#10;&#9;at java.lang.reflect.Method.invoke(Unknown Source)&#13;&#10;&#9;at org.junit.runners.model.FrameworkMethod$1.runReflectiveCall(FrameworkMethod.java:45)&#13;&#10;&#9;at org.junit.internal.runners.model.ReflectiveCallable.run(ReflectiveCallable.java:15)&#13;&#10;&#9;at org.junit.runners.model.FrameworkMethod.invokeExplosively(FrameworkMethod.java:42)&#13;&#10;&#9;at org.junit.internal.runners.statements.InvokeMethod.evaluate(InvokeMethod.java:20)&#13;&#10;&#9;at org.junit.runners.ParentRunner.runLeaf(ParentRunner.java:263)&#13;&#10;&#9;at org.junit.runners.BlockJUnit4ClassRunner.runChild(BlockJUnit4ClassRunner.java:68)&#13;&#10;&#9;at org.junit.runners.BlockJUnit4ClassRunner.runChild(BlockJUnit4ClassRunner.java:47)&#13;&#10;&#9;at org.junit.runners.ParentRunner$3.run(ParentRunner.java:231)&#13;&#10;&#9;at org.junit.runners.ParentRunner$1.schedule(ParentRunner.java:60)&#13;&#10;&#9;at org.junit.runners.ParentRunner.runChildren(ParentRunner.java:229)&#13;&#10;&#9;at org.junit.runners.ParentRunner.access$000(ParentRunner.java:50)&#13;&#10;&#9;at org.junit.runners.ParentRunner$2.evaluate(ParentRunner.java:222)&#13;&#10;&#9;at org.junit.runners.ParentRunner.run(ParentRunner.java:300)&#13;&#10;&#9;at org.eclipse.jdt.internal.junit4.runner.JUnit4TestReference.run(JUnit4TestReference.java:50)&#13;&#10;&#9;at org.eclipse.jdt.internal.junit.runner.TestExecution.run(TestExecution.java:38)&#13;&#10;&#9;at org.eclipse.jdt.internal.junit.runner.RemoteTestRunner.runTests(RemoteTestRunner.java:467)&#13;&#10;&#9;at org.eclipse.jdt.internal.junit.runner.RemoteTestRunner.runTests(RemoteTestRunner.java:683)&#13;&#10;&#9;at org.eclipse.jdt.internal.junit.runner.RemoteTestRunner.run(RemoteTestRunner.java:390)&#13;&#10;&#9;at org.codecover.juniteclipse.runner.EclipseTestRunner.main(EclipseTestRunner.java:40)" Date="1367929284050" Name="ValueTest:testIsString">
<CovList>
<CovPrefix CovItemPrefix="Value.java">
<Cov CovItemId="B14" Value="1"/>
<Cov CovItemId="B15" Value="1"/>
<Cov CovItemId="S2" Value="1"/>
<Cov CovItemId="S22" Value="1"/>
<Cov CovItemId="S24" Value="1"/>
<Cov CovItemId="S25" Value="1"/>
<Cov CovItemId="S67" Value="2"/>
</CovPrefix>
</CovList>
<AssgnmntList>
<AssgnmntPrefix RootTermCovItemPrefix="Value.java">
<AssgnmntListEntry Length="1" RootTermCovItemId="C7">
<MapEntry BoolAssgnmnt="0" Value="1"/>
</AssgnmntListEntry>
<AssgnmntListEntry Length="2" RootTermCovItemId="C8">
<MapEntry BoolAssgnmnt="12" Value="1"/>
</AssgnmntListEntry>
</AssgnmntPrefix>
</AssgnmntList>
<ObjMetaDataList/>
<MetaDataList/>
</TestCase>
<TestCase Comment="" Date="1367929284054" Name="ValueTest:testIsBool">
<CovList>
<CovPrefix CovItemPrefix="Value.java">
<Cov CovItemId="B17" Value="1"/>
<Cov CovItemId="S2" Value="1"/>
<Cov CovItemId="S27" Value="1"/>
<Cov CovItemId="S28" Value="1"/>
<Cov CovItemId="S67" Value="1"/>
</CovPrefix>
</CovList>
<AssgnmntList>
<AssgnmntPrefix RootTermCovItemPrefix="Value.java">
<AssgnmntListEntry Length="2" RootTermCovItemId="C9">
<MapEntry BoolAssgnmnt="12" Value="1"/>
</AssgnmntListEntry>
</AssgnmntPrefix>
</AssgnmntList>
<ObjMetaDataList/>
<MetaDataList/>
</TestCase>
<TestCase Comment="" Date="1367929284055" Name="ValueTest:testIsInt">
<CovList>
<CovPrefix CovItemPrefix="Value.java">
<Cov CovItemId="B3" Value="1"/>
<Cov CovItemId="S2" Value="1"/>
<Cov CovItemId="S67" Value="1"/>
<Cov CovItemId="S7" Value="1"/>
<Cov CovItemId="S8" Value="1"/>
</CovPrefix>
</CovList>
<AssgnmntList>
<AssgnmntPrefix RootTermCovItemPrefix="Value.java">
<AssgnmntListEntry Length="1" RootTermCovItemId="C2">
<MapEntry BoolAssgnmnt="1" Value="1"/>
</AssgnmntListEntry>
</AssgnmntPrefix>
</AssgnmntList>
<ObjMetaDataList/>
<MetaDataList/>
</TestCase>
<TestCase Comment="Failure&#10;java.lang.AssertionError: true must be bool&#13;&#10;&#9;at org.junit.Assert.fail(Assert.java:93)&#13;&#10;&#9;at org.junit.Assert.assertTrue(Assert.java:43)&#13;&#10;&#9;at ValueTest.testGetType(ValueTest.java:81)&#13;&#10;&#9;at sun.reflect.NativeMethodAccessorImpl.invoke0(Native Method)&#13;&#10;&#9;at sun.reflect.NativeMethodAccessorImpl.invoke(Unknown Source)&#13;&#10;&#9;at sun.reflect.DelegatingMethodAccessorImpl.invoke(Unknown Source)&#13;&#10;&#9;at java.lang.reflect.Method.invoke(Unknown Source)&#13;&#10;&#9;at org.junit.runners.model.FrameworkMethod$1.runReflectiveCall(FrameworkMethod.java:45)&#13;&#10;&#9;at org.junit.internal.runners.model.ReflectiveCallable.run(ReflectiveCallable.java:15)&#13;&#10;&#9;at org.junit.runners.model.FrameworkMethod.invokeExplosively(FrameworkMethod.java:42)&#13;&#10;&#9;at org.junit.internal.runners.statements.InvokeMethod.evaluate(InvokeMethod.java:20)&#13;&#10;&#9;at org.junit.runners.ParentRunner.runLeaf(ParentRunner.java:263)&#13;&#10;&#9;at org.junit.runners.BlockJUnit4ClassRunner.runChild(BlockJUnit4ClassRunner.java:68)&#13;&#10;&#9;at org.junit.runners.BlockJUnit4ClassRunner.runChild(BlockJUnit4ClassRunner.java:47)&#13;&#10;&#9;at org.junit.runners.ParentRunner$3.run(ParentRunner.java:231)&#13;&#10;&#9;at org.junit.runners.ParentRunner$1.schedule(ParentRunner.java:60)&#13;&#10;&#9;at org.junit.runners.ParentRunner.runChildren(ParentRunner.java:229)&#13;&#10;&#9;at org.junit.runners.ParentRunner.access$000(ParentRunner.java:50)&#13;&#10;&#9;at org.junit.runners.ParentRunner$2.evaluate(ParentRunner.java:222)&#13;&#10;&#9;at org.junit.runners.ParentRunner.run(ParentRunner.java:300)&#13;&#10;&#9;at org.eclipse.jdt.internal.junit4.runner.JUnit4TestReference.run(JUnit4TestReference.java:50)&#13;&#10;&#9;at org.eclipse.jdt.internal.junit.runner.TestExecution.run(TestExecution.java:38)&#13;&#10;&#9;at org.eclipse.jdt.internal.junit.runner.RemoteTestRunner.runTests(RemoteTestRunner.java:467)&#13;&#10;&#9;at org.eclipse.jdt.internal.junit.runner.RemoteTestRunner.runTests(RemoteTestRunner.java:683)&#13;&#10;&#9;at org.eclipse.jdt.internal.junit.runner.RemoteTestRunner.run(RemoteTestRunner.java:390)&#13;&#10;&#9;at org.codecover.juniteclipse.runner.EclipseTestRunner.main(EclipseTestRunner.java:40)" Date="1367929284056" Name="ValueTest:testGetType">
<CovList>
<CovPrefix CovItemPrefix="Value.java">
<Cov CovItemId="B17" Value="1"/>
<Cov CovItemId="B18" Value="1"/>
<Cov CovItemId="B33" Value="1"/>
<Cov CovItemId="S2" Value="2"/>
<Cov CovItemId="S27" Value="2"/>
<Cov CovItemId="S28" Value="1"/>
<Cov CovItemId="S29" Value="1"/>
<Cov CovItemId="S46" Value="1"/>
<Cov CovItemId="S47" Value="1"/>
<Cov CovItemId="S67" Value="3"/>
</CovPrefix>
</CovList>
<AssgnmntList>
<AssgnmntPrefix RootTermCovItemPrefix="Value.java">
<AssgnmntListEntry Length="2" RootTermCovItemId="C17">
<MapEntry BoolAssgnmnt="12" Value="1"/>
</AssgnmntListEntry>
<AssgnmntListEntry Length="2" RootTermCovItemId="C9">
<MapEntry BoolAssgnmnt="00" Value="1"/>
<MapEntry BoolAssgnmnt="12" Value="1"/>
</AssgnmntListEntry>
</AssgnmntPrefix>
</AssgnmntList>
<ObjMetaDataList/>
<MetaDataList/>
</TestCase>
<TestCase Comment="Failure&#10;java.lang.AssertionError: Not yet implemented&#13;&#10;&#9;at org.junit.Assert.fail(Assert.java:93)&#13;&#10;&#9;at ValueTest.testToString(ValueTest.java:91)&#13;&#10;&#9;at sun.reflect.NativeMethodAccessorImpl.invoke0(Native Method)&#13;&#10;&#9;at sun.reflect.NativeMethodAccessorImpl.invoke(Unknown Source)&#13;&#10;&#9;at sun.reflect.DelegatingMethodAccessorImpl.invoke(Unknown Source)&#13;&#10;&#9;at java.lang.reflect.Method.invoke(Unknown Source)&#13;&#10;&#9;at org.junit.runners.model.FrameworkMethod$1.runReflectiveCall(FrameworkMethod.java:45)&#13;&#10;&#9;at org.junit.internal.runners.model.ReflectiveCallable.run(ReflectiveCallable.java:15)&#13;&#10;&#9;at org.junit.runners.model.FrameworkMethod.invokeExplosively(FrameworkMethod.java:42)&#13;&#10;&#9;at org.junit.internal.runners.statements.InvokeMethod.evaluate(InvokeMethod.java:20)&#13;&#10;&#9;at org.junit.runners.ParentRunner.runLeaf(ParentRunner.java:263)&#13;&#10;&#9;at org.junit.runners.BlockJUnit4ClassRunner.runChild(BlockJUnit4ClassRunner.java:68)&#13;&#10;&#9;at org.junit.runners.BlockJUnit4ClassRunner.runChild(BlockJUnit4ClassRunner.java:47)&#13;&#10;&#9;at org.junit.runners.ParentRunner$3.run(ParentRunner.java:231)&#13;&#10;&#9;at org.junit.runners.ParentRunner$1.schedule(ParentRunner.java:60)&#13;&#10;&#9;at org.junit.runners.ParentRunner.runChildren(ParentRunner.java:229)&#13;&#10;&#9;at org.junit.runners.ParentRunner.access$000(ParentRunner.java:50)&#13;&#10;&#9;at org.junit.runners.ParentRunner$2.evaluate(ParentRunner.java:222)&#13;&#10;&#9;at org.junit.runners.ParentRunner.run(ParentRunner.java:300)&#13;&#10;&#9;at org.eclipse.jdt.internal.junit4.runner.JUnit4TestReference.run(JUnit4TestReference.java:50)&#13;&#10;&#9;at org.eclipse.jdt.internal.junit.runner.TestExecution.run(TestExecution.java:38)&#13;&#10;&#9;at org.eclipse.jdt.internal.junit.runner.RemoteTestRunner.runTests(RemoteTestRunner.java:467)&#13;&#10;&#9;at org.eclipse.jdt.internal.junit.runner.RemoteTestRunner.runTests(RemoteTestRunner.java:683)&#13;&#10;&#9;at org.eclipse.jdt.internal.junit.runner.RemoteTestRunner.run(RemoteTestRunner.java:390)&#13;&#10;&#9;at org.codecover.juniteclipse.runner.EclipseTestRunner.main(EclipseTestRunner.java:40)" Date="1367929284061" Name="ValueTest:testToString">
<CovList/>
<AssgnmntList/>
<ObjMetaDataList/>
<MetaDataList/>
</TestCase>
<TestCase Comment="" Date="1367929284065" Name="ValueTest:testIsNumericExpression">
<CovList>
<CovPrefix CovItemPrefix="Value.java">
<Cov CovItemId="B9" Value="1"/>
<Cov CovItemId="S16" Value="1"/>
<Cov CovItemId="S17" Value="1"/>
<Cov CovItemId="S2" Value="1"/>
<Cov CovItemId="S67" Value="1"/>
</CovPrefix>
</CovList>
<AssgnmntList>
<AssgnmntPrefix RootTermCovItemPrefix="Value.java">
<AssgnmntListEntry Length="1" RootTermCovItemId="C5">
<MapEntry BoolAssgnmnt="1" Value="1"/>
</AssgnmntListEntry>
</AssgnmntPrefix>
</AssgnmntList>
<ObjMetaDataList/>
<MetaDataList/>
</TestCase>
<TestCase Comment="" Date="1367929284066" Name="ValueTest:testValueObject">
<CovList/>
<AssgnmntList/>
<ObjMetaDataList/>
<MetaDataList/>
</TestCase>
<TestCase Comment="" Date="1367929284067" Name="ValueTest:testIsContainer">
<CovList>
<CovPrefix CovItemPrefix="Value.java">
<Cov CovItemId="B19" Value="1"/>
<Cov CovItemId="S2" Value="1"/>
<Cov CovItemId="S30" Value="1"/>
<Cov CovItemId="S31" Value="1"/>
<Cov CovItemId="S67" Value="1"/>
</CovPrefix>
</CovList>
<AssgnmntList>
<AssgnmntPrefix RootTermCovItemPrefix="Value.java">
<AssgnmntListEntry Length="2" RootTermCovItemId="C10">
<MapEntry BoolAssgnmnt="12" Value="1"/>
</AssgnmntListEntry>
</AssgnmntPrefix>
</AssgnmntList>
<ObjMetaDataList/>
<MetaDataList/>
</TestCase>
<TestCase Comment="Failure&#10;java.lang.AssertionError: Not yet implemented&#13;&#10;&#9;at org.junit.Assert.fail(Assert.java:93)&#13;&#10;&#9;at ValueTest.testEqualsObject(ValueTest.java:86)&#13;&#10;&#9;at sun.reflect.NativeMethodAccessorImpl.invoke0(Native Method)&#13;&#10;&#9;at sun.reflect.NativeMethodAccessorImpl.invoke(Unknown Source)&#13;&#10;&#9;at sun.reflect.DelegatingMethodAccessorImpl.invoke(Unknown Source)&#13;&#10;&#9;at java.lang.reflect.Method.invoke(Unknown Source)&#13;&#10;&#9;at org.junit.runners.model.FrameworkMethod$1.runReflectiveCall(FrameworkMethod.java:45)&#13;&#10;&#9;at org.junit.internal.runners.model.ReflectiveCallable.run(ReflectiveCallable.java:15)&#13;&#10;&#9;at org.junit.runners.model.FrameworkMethod.invokeExplosively(FrameworkMethod.java:42)&#13;&#10;&#9;at org.junit.internal.runners.statements.InvokeMethod.evaluate(InvokeMethod.java:20)&#13;&#10;&#9;at org.junit.runners.ParentRunner.runLeaf(ParentRunner.java:263)&#13;&#10;&#9;at org.junit.runners.BlockJUnit4ClassRunner.runChild(BlockJUnit4ClassRunner.java:68)&#13;&#10;&#9;at org.junit.runners.BlockJUnit4ClassRunner.runChild(BlockJUnit4ClassRunner.java:47)&#13;&#10;&#9;at org.junit.runners.ParentRunner$3.run(ParentRunner.java:231)&#13;&#10;&#9;at org.junit.runners.ParentRunner$1.schedule(ParentRunner.java:60)&#13;&#10;&#9;at org.junit.runners.ParentRunner.runChildren(ParentRunner.java:229)&#13;&#10;&#9;at org.junit.runners.ParentRunner.access$000(ParentRunner.java:50)&#13;&#10;&#9;at org.junit.runners.ParentRunner$2.evaluate(ParentRunner.java:222)&#13;&#10;&#9;at org.junit.runners.ParentRunner.run(ParentRunner.java:300)&#13;&#10;&#9;at org.eclipse.jdt.internal.junit4.runner.JUnit4TestReference.run(JUnit4TestReference.java:50)&#13;&#10;&#9;at org.eclipse.jdt.internal.junit.runner.TestExecution.run(TestExecution.java:38)&#13;&#10;&#9;at org.eclipse.jdt.internal.junit.runner.RemoteTestRunner.runTests(RemoteTestRunner.java:467)&#13;&#10;&#9;at org.eclipse.jdt.internal.junit.runner.RemoteTestRunner.runTests(RemoteTestRunner.java:683)&#13;&#10;&#9;at org.eclipse.jdt.internal.junit.runner.RemoteTestRunner.run(RemoteTestRunner.java:390)&#13;&#10;&#9;at org.codecover.juniteclipse.runner.EclipseTestRunner.main(EclipseTestRunner.java:40)" Date="1367929284069" Name="ValueTest:testEqualsObject">
<CovList/>
<AssgnmntList/>
<ObjMetaDataList/>
<MetaDataList/>
</TestCase>
<TestCase Comment="" Date="1367929284072" Name="ValueTest:testIsSameType">
<CovList>
<CovPrefix CovItemPrefix="Value.java">
<Cov CovItemId="B18" Value="1"/>
<Cov CovItemId="B19" Value="2"/>
<Cov CovItemId="B22" Value="1"/>
<Cov CovItemId="B23" Value="1"/>
<Cov CovItemId="S2" Value="2"/>
<Cov CovItemId="S27" Value="1"/>
<Cov CovItemId="S29" Value="1"/>
<Cov CovItemId="S30" Value="2"/>
<Cov CovItemId="S31" Value="2"/>
<Cov CovItemId="S33" Value="1"/>
<Cov CovItemId="S35" Value="1"/>
<Cov CovItemId="S36" Value="1"/>
<Cov CovItemId="S67" Value="4"/>
</CovPrefix>
</CovList>
<AssgnmntList>
<AssgnmntPrefix RootTermCovItemPrefix="Value.java">
<AssgnmntListEntry Length="2" RootTermCovItemId="C10">
<MapEntry BoolAssgnmnt="12" Value="2"/>
</AssgnmntListEntry>
<AssgnmntListEntry Length="2" RootTermCovItemId="C11">
<MapEntry BoolAssgnmnt="02" Value="1"/>
</AssgnmntListEntry>
<AssgnmntListEntry Length="2" RootTermCovItemId="C12">
<MapEntry BoolAssgnmnt="11" Value="1"/>
</AssgnmntListEntry>
<AssgnmntListEntry Length="2" RootTermCovItemId="C9">
<MapEntry BoolAssgnmnt="00" Value="1"/>
</AssgnmntListEntry>
</AssgnmntPrefix>
</AssgnmntList>
<ObjMetaDataList/>
<MetaDataList/>
</TestCase>
<TestCase Comment="" Date="1367929284073" Name="ValueTest:testIsNumeric">
<CovList>
<CovPrefix CovItemPrefix="Value.java">
<Cov CovItemId="B3" Value="1"/>
<Cov CovItemId="B7" Value="1"/>
<Cov CovItemId="S13" Value="1"/>
<Cov CovItemId="S14" Value="1"/>
<Cov CovItemId="S2" Value="1"/>
<Cov CovItemId="S67" Value="1"/>
<Cov CovItemId="S7" Value="1"/>
<Cov CovItemId="S8" Value="1"/>
</CovPrefix>
</CovList>
<AssgnmntList>
<AssgnmntPrefix RootTermCovItemPrefix="Value.java">
<AssgnmntListEntry Length="1" RootTermCovItemId="C2">
<MapEntry BoolAssgnmnt="1" Value="1"/>
</AssgnmntListEntry>
<AssgnmntListEntry Length="4" RootTermCovItemId="C4">
<MapEntry BoolAssgnmnt="1222" Value="1"/>
</AssgnmntListEntry>
</AssgnmntPrefix>
</AssgnmntList>
<ObjMetaDataList/>
<MetaDataList/>
</TestCase>
<MetaDataList/>
</TestSession>
<TestSession Comment="" Date="1367929381571" Name="May 7, 2013 2:23:01 PM">
<TestCase Comment="" Date="1367929381504" Name="ValueTest:testIsDrink">
<CovList>
<CovPrefix CovItemPrefix="Value.java">
<Cov CovItemId="B5" Value="1"/>
<Cov CovItemId="S1" Value="1"/>
<Cov CovItemId="S10" Value="1"/>
<Cov CovItemId="S11" Value="1"/>
<Cov CovItemId="S2" Value="2"/>
<Cov CovItemId="S67" Value="1"/>
</CovPrefix>
</CovList>
<AssgnmntList>
<AssgnmntPrefix RootTermCovItemPrefix="Value.java">
<AssgnmntListEntry Length="1" RootTermCovItemId="C3">
<MapEntry BoolAssgnmnt="1" Value="1"/>
</AssgnmntListEntry>
</AssgnmntPrefix>
</AssgnmntList>
<ObjMetaDataList/>
<MetaDataList/>
</TestCase>
<TestCase Comment="" Date="1367929381510" Name="ValueTest:testValue">
<CovList/>
<AssgnmntList/>
<ObjMetaDataList/>
<MetaDataList/>
</TestCase>
<TestCase Comment="" Date="1367929381511" Name="ValueTest:testIsDouble">
<CovList>
<CovPrefix CovItemPrefix="Value.java">
<Cov CovItemId="B1" Value="1"/>
<Cov CovItemId="S2" Value="1"/>
<Cov CovItemId="S4" Value="1"/>
<Cov CovItemId="S5" Value="1"/>
<Cov CovItemId="S67" Value="1"/>
</CovPrefix>
</CovList>
<AssgnmntList>
<AssgnmntPrefix RootTermCovItemPrefix="Value.java">
<AssgnmntListEntry Length="1" RootTermCovItemId="C1">
<MapEntry BoolAssgnmnt="1" Value="1"/>
</AssgnmntListEntry>
</AssgnmntPrefix>
</AssgnmntList>
<ObjMetaDataList/>
<MetaDataList/>
</TestCase>
<TestCase Comment="Failure&#10;java.lang.AssertionError: c must be a char&#13;&#10;&#9;at org.junit.Assert.fail(Assert.java:93)&#13;&#10;&#9;at org.junit.Assert.assertTrue(Assert.java:43)&#13;&#10;&#9;at ValueTest.testIsChar(ValueTest.java:51)&#13;&#10;&#9;at sun.reflect.NativeMethodAccessorImpl.invoke0(Native Method)&#13;&#10;&#9;at sun.reflect.NativeMethodAccessorImpl.invoke(Unknown Source)&#13;&#10;&#9;at sun.reflect.DelegatingMethodAccessorImpl.invoke(Unknown Source)&#13;&#10;&#9;at java.lang.reflect.Method.invoke(Unknown Source)&#13;&#10;&#9;at org.junit.runners.model.FrameworkMethod$1.runReflectiveCall(FrameworkMethod.java:45)&#13;&#10;&#9;at org.junit.internal.runners.model.ReflectiveCallable.run(ReflectiveCallable.java:15)&#13;&#10;&#9;at org.junit.runners.model.FrameworkMethod.invokeExplosively(FrameworkMethod.java:42)&#13;&#10;&#9;at org.junit.internal.runners.statements.InvokeMethod.evaluate(InvokeMethod.java:20)&#13;&#10;&#9;at org.junit.runners.ParentRunner.runLeaf(ParentRunner.java:263)&#13;&#10;&#9;at org.junit.runners.BlockJUnit4ClassRunner.runChild(BlockJUnit4ClassRunner.java:68)&#13;&#10;&#9;at org.junit.runners.BlockJUnit4ClassRunner.runChild(BlockJUnit4ClassRunner.java:47)&#13;&#10;&#9;at org.junit.runners.ParentRunner$3.run(ParentRunner.java:231)&#13;&#10;&#9;at org.junit.runners.ParentRunner$1.schedule(ParentRunner.java:60)&#13;&#10;&#9;at org.junit.runners.ParentRunner.runChildren(ParentRunner.java:229)&#13;&#10;&#9;at org.junit.runners.ParentRunner.access$000(ParentRunner.java:50)&#13;&#10;&#9;at org.junit.runners.ParentRunner$2.evaluate(ParentRunner.java:222)&#13;&#10;&#9;at org.junit.runners.ParentRunner.run(ParentRunner.java:300)&#13;&#10;&#9;at org.eclipse.jdt.internal.junit4.runner.JUnit4TestReference.run(JUnit4TestReference.java:50)&#13;&#10;&#9;at org.eclipse.jdt.internal.junit.runner.TestExecution.run(TestExecution.java:38)&#13;&#10;&#9;at org.eclipse.jdt.internal.junit.runner.RemoteTestRunner.runTests(RemoteTestRunner.java:467)&#13;&#10;&#9;at org.eclipse.jdt.internal.junit.runner.RemoteTestRunner.runTests(RemoteTestRunner.java:683)&#13;&#10;&#9;at org.eclipse.jdt.internal.junit.runner.RemoteTestRunner.run(RemoteTestRunner.java:390)&#13;&#10;&#9;at org.codecover.juniteclipse.runner.EclipseTestRunner.main(EclipseTestRunner.java:40)" Date="1367929381513" Name="ValueTest:testIsChar">
<CovList>
<CovPrefix CovItemPrefix="Value.java">
<Cov CovItemId="B11" Value="1"/>
<Cov CovItemId="S19" Value="1"/>
<Cov CovItemId="S2" Value="1"/>
<Cov CovItemId="S20" Value="1"/>
<Cov CovItemId="S67" Value="1"/>
</CovPrefix>
</CovList>
<AssgnmntList>
<AssgnmntPrefix RootTermCovItemPrefix="Value.java">
<AssgnmntListEntry Length="3" RootTermCovItemId="C6">
<MapEntry BoolAssgnmnt="122" Value="1"/>
</AssgnmntListEntry>
</AssgnmntPrefix>
</AssgnmntList>
<ObjMetaDataList/>
<MetaDataList/>
</TestCase>
<TestCase Comment="" Date="1367929381524" Name="ValueTest:testIsInt">
<CovList>
<CovPrefix CovItemPrefix="Value.java">
<Cov CovItemId="B3" Value="1"/>
<Cov CovItemId="S2" Value="1"/>
<Cov CovItemId="S67" Value="1"/>
<Cov CovItemId="S7" Value="1"/>
<Cov CovItemId="S8" Value="1"/>
</CovPrefix>
</CovList>
<AssgnmntList>
<AssgnmntPrefix RootTermCovItemPrefix="Value.java">
<AssgnmntListEntry Length="1" RootTermCovItemId="C2">
<MapEntry BoolAssgnmnt="1" Value="1"/>
</AssgnmntListEntry>
</AssgnmntPrefix>
</AssgnmntList>
<ObjMetaDataList/>
<MetaDataList/>
</TestCase>
<TestCase Comment="Failure&#10;java.lang.AssertionError: test must be a string&#13;&#10;&#9;at org.junit.Assert.fail(Assert.java:93)&#13;&#10;&#9;at org.junit.Assert.assertTrue(Assert.java:43)&#13;&#10;&#9;at ValueTest.testIsString(ValueTest.java:57)&#13;&#10;&#9;at sun.reflect.NativeMethodAccessorImpl.invoke0(Native Method)&#13;&#10;&#9;at sun.reflect.NativeMethodAccessorImpl.invoke(Unknown Source)&#13;&#10;&#9;at sun.reflect.DelegatingMethodAccessorImpl.invoke(Unknown Source)&#13;&#10;&#9;at java.lang.reflect.Method.invoke(Unknown Source)&#13;&#10;&#9;at org.junit.runners.model.FrameworkMethod$1.runReflectiveCall(FrameworkMethod.java:45)&#13;&#10;&#9;at org.junit.internal.runners.model.ReflectiveCallable.run(ReflectiveCallable.java:15)&#13;&#10;&#9;at org.junit.runners.model.FrameworkMethod.invokeExplosively(FrameworkMethod.java:42)&#13;&#10;&#9;at org.junit.internal.runners.statements.InvokeMethod.evaluate(InvokeMethod.java:20)&#13;&#10;&#9;at org.junit.runners.ParentRunner.runLeaf(ParentRunner.java:263)&#13;&#10;&#9;at org.junit.runners.BlockJUnit4ClassRunner.runChild(BlockJUnit4ClassRunner.java:68)&#13;&#10;&#9;at org.junit.runners.BlockJUnit4ClassRunner.runChild(BlockJUnit4ClassRunner.java:47)&#13;&#10;&#9;at org.junit.runners.ParentRunner$3.run(ParentRunner.java:231)&#13;&#10;&#9;at org.junit.runners.ParentRunner$1.schedule(ParentRunner.java:60)&#13;&#10;&#9;at org.junit.runners.ParentRunner.runChildren(ParentRunner.java:229)&#13;&#10;&#9;at org.junit.runners.ParentRunner.access$000(ParentRunner.java:50)&#13;&#10;&#9;at org.junit.runners.ParentRunner$2.evaluate(ParentRunner.java:222)&#13;&#10;&#9;at org.junit.runners.ParentRunner.run(ParentRunner.java:300)&#13;&#10;&#9;at org.eclipse.jdt.internal.junit4.runner.JUnit4TestReference.run(JUnit4TestReference.java:50)&#13;&#10;&#9;at org.eclipse.jdt.internal.junit.runner.TestExecution.run(TestExecution.java:38)&#13;&#10;&#9;at org.eclipse.jdt.internal.junit.runner.RemoteTestRunner.runTests(RemoteTestRunner.java:467)&#13;&#10;&#9;at org.eclipse.jdt.internal.junit.runner.RemoteTestRunner.runTests(RemoteTestRunner.java:683)&#13;&#10;&#9;at org.eclipse.jdt.internal.junit.runner.RemoteTestRunner.run(RemoteTestRunner.java:390)&#13;&#10;&#9;at org.codecover.juniteclipse.runner.EclipseTestRunner.main(EclipseTestRunner.java:40)" Date="1367929381525" Name="ValueTest:testIsString">
<CovList>
<CovPrefix CovItemPrefix="Value.java">
<Cov CovItemId="B14" Value="1"/>
<Cov CovItemId="B15" Value="1"/>
<Cov CovItemId="S2" Value="1"/>
<Cov CovItemId="S22" Value="1"/>
<Cov CovItemId="S24" Value="1"/>
<Cov CovItemId="S25" Value="1"/>
<Cov CovItemId="S67" Value="2"/>
</CovPrefix>
</CovList>
<AssgnmntList>
<AssgnmntPrefix RootTermCovItemPrefix="Value.java">
<AssgnmntListEntry Length="1" RootTermCovItemId="C7">
<MapEntry BoolAssgnmnt="0" Value="1"/>
</AssgnmntListEntry>
<AssgnmntListEntry Length="2" RootTermCovItemId="C8">
<MapEntry BoolAssgnmnt="12" Value="1"/>
</AssgnmntListEntry>
</AssgnmntPrefix>
</AssgnmntList>
<ObjMetaDataList/>
<MetaDataList/>
</TestCase>
<TestCase Comment="" Date="1367929381528" Name="ValueTest:testIsBool">
<CovList>
<CovPrefix CovItemPrefix="Value.java">
<Cov CovItemId="B17" Value="1"/>
<Cov CovItemId="S2" Value="1"/>
<Cov CovItemId="S27" Value="1"/>
<Cov CovItemId="S28" Value="1"/>
<Cov CovItemId="S67" Value="1"/>
</CovPrefix>
</CovList>
<AssgnmntList>
<AssgnmntPrefix RootTermCovItemPrefix="Value.java">
<AssgnmntListEntry Length="2" RootTermCovItemId="C9">
<MapEntry BoolAssgnmnt="12" Value="1"/>
</AssgnmntListEntry>
</AssgnmntPrefix>
</AssgnmntList>
<ObjMetaDataList/>
<MetaDataList/>
</TestCase>
<TestCase Comment="Failure&#10;java.lang.AssertionError: Not yet implemented&#13;&#10;&#9;at org.junit.Assert.fail(Assert.java:93)&#13;&#10;&#9;at ValueTest.testToString(ValueTest.java:91)&#13;&#10;&#9;at sun.reflect.NativeMethodAccessorImpl.invoke0(Native Method)&#13;&#10;&#9;at sun.reflect.NativeMethodAccessorImpl.invoke(Unknown Source)&#13;&#10;&#9;at sun.reflect.DelegatingMethodAccessorImpl.invoke(Unknown Source)&#13;&#10;&#9;at java.lang.reflect.Method.invoke(Unknown Source)&#13;&#10;&#9;at org.junit.runners.model.FrameworkMethod$1.runReflectiveCall(FrameworkMethod.java:45)&#13;&#10;&#9;at org.junit.internal.runners.model.ReflectiveCallable.run(ReflectiveCallable.java:15)&#13;&#10;&#9;at org.junit.runners.model.FrameworkMethod.invokeExplosively(FrameworkMethod.java:42)&#13;&#10;&#9;at org.junit.internal.runners.statements.InvokeMethod.evaluate(InvokeMethod.java:20)&#13;&#10;&#9;at org.junit.runners.ParentRunner.runLeaf(ParentRunner.java:263)&#13;&#10;&#9;at org.junit.runners.BlockJUnit4ClassRunner.runChild(BlockJUnit4ClassRunner.java:68)&#13;&#10;&#9;at org.junit.runners.BlockJUnit4ClassRunner.runChild(BlockJUnit4ClassRunner.java:47)&#13;&#10;&#9;at org.junit.runners.ParentRunner$3.run(ParentRunner.java:231)&#13;&#10;&#9;at org.junit.runners.ParentRunner$1.schedule(ParentRunner.java:60)&#13;&#10;&#9;at org.junit.runners.ParentRunner.runChildren(ParentRunner.java:229)&#13;&#10;&#9;at org.junit.runners.ParentRunner.access$000(ParentRunner.java:50)&#13;&#10;&#9;at org.junit.runners.ParentRunner$2.evaluate(ParentRunner.java:222)&#13;&#10;&#9;at org.junit.runners.ParentRunner.run(ParentRunner.java:300)&#13;&#10;&#9;at org.eclipse.jdt.internal.junit4.runner.JUnit4TestReference.run(JUnit4TestReference.java:50)&#13;&#10;&#9;at org.eclipse.jdt.internal.junit.runner.TestExecution.run(TestExecution.java:38)&#13;&#10;&#9;at org.eclipse.jdt.internal.junit.runner.RemoteTestRunner.runTests(RemoteTestRunner.java:467)&#13;&#10;&#9;at org.eclipse.jdt.internal.junit.runner.RemoteTestRunner.runTests(RemoteTestRunner.java:683)&#13;&#10;&#9;at org.eclipse.jdt.internal.junit.runner.RemoteTestRunner.run(RemoteTestRunner.java:390)&#13;&#10;&#9;at org.codecover.juniteclipse.runner.EclipseTestRunner.main(EclipseTestRunner.java:40)" Date="1367929381530" Name="ValueTest:testToString">
<CovList/>
<AssgnmntList/>
<ObjMetaDataList/>
<MetaDataList/>
</TestCase>
<TestCase Comment="" Date="1367929381536" Name="ValueTest:testGetType">
<CovList>
<CovPrefix CovItemPrefix="Value.java">
<Cov CovItemId="S2" Value="1"/>
</CovPrefix>
</CovList>
<AssgnmntList/>
<ObjMetaDataList/>
<MetaDataList/>
</TestCase>
<TestCase Comment="" Date="1367929381537" Name="ValueTest:testIsSameType">
<CovList>
<CovPrefix CovItemPrefix="Value.java">
<Cov CovItemId="B18" Value="1"/>
<Cov CovItemId="B19" Value="2"/>
<Cov CovItemId="B22" Value="1"/>
<Cov CovItemId="B23" Value="1"/>
<Cov CovItemId="S2" Value="2"/>
<Cov CovItemId="S27" Value="1"/>
<Cov CovItemId="S29" Value="1"/>
<Cov CovItemId="S30" Value="2"/>
<Cov CovItemId="S31" Value="2"/>
<Cov CovItemId="S33" Value="1"/>
<Cov CovItemId="S35" Value="1"/>
<Cov CovItemId="S36" Value="1"/>
<Cov CovItemId="S67" Value="4"/>
</CovPrefix>
</CovList>
<AssgnmntList>
<AssgnmntPrefix RootTermCovItemPrefix="Value.java">
<AssgnmntListEntry Length="2" RootTermCovItemId="C10">
<MapEntry BoolAssgnmnt="12" Value="2"/>
</AssgnmntListEntry>
<AssgnmntListEntry Length="2" RootTermCovItemId="C11">
<MapEntry BoolAssgnmnt="02" Value="1"/>
</AssgnmntListEntry>
<AssgnmntListEntry Length="2" RootTermCovItemId="C12">
<MapEntry BoolAssgnmnt="11" Value="1"/>
</AssgnmntListEntry>
<AssgnmntListEntry Length="2" RootTermCovItemId="C9">
<MapEntry BoolAssgnmnt="00" Value="1"/>
</AssgnmntListEntry>
</AssgnmntPrefix>
</AssgnmntList>
<ObjMetaDataList/>
<MetaDataList/>
</TestCase>
<TestCase Comment="Failure&#10;java.lang.AssertionError: Not yet implemented&#13;&#10;&#9;at org.junit.Assert.fail(Assert.java:93)&#13;&#10;&#9;at ValueTest.testEqualsObject(ValueTest.java:86)&#13;&#10;&#9;at sun.reflect.NativeMethodAccessorImpl.invoke0(Native Method)&#13;&#10;&#9;at sun.reflect.NativeMethodAccessorImpl.invoke(Unknown Source)&#13;&#10;&#9;at sun.reflect.DelegatingMethodAccessorImpl.invoke(Unknown Source)&#13;&#10;&#9;at java.lang.reflect.Method.invoke(Unknown Source)&#13;&#10;&#9;at org.junit.runners.model.FrameworkMethod$1.runReflectiveCall(FrameworkMethod.java:45)&#13;&#10;&#9;at org.junit.internal.runners.model.ReflectiveCallable.run(ReflectiveCallable.java:15)&#13;&#10;&#9;at org.junit.runners.model.FrameworkMethod.invokeExplosively(FrameworkMethod.java:42)&#13;&#10;&#9;at org.junit.internal.runners.statements.InvokeMethod.evaluate(InvokeMethod.java:20)&#13;&#10;&#9;at org.junit.runners.ParentRunner.runLeaf(ParentRunner.java:263)&#13;&#10;&#9;at org.junit.runners.BlockJUnit4ClassRunner.runChild(BlockJUnit4ClassRunner.java:68)&#13;&#10;&#9;at org.junit.runners.BlockJUnit4ClassRunner.runChild(BlockJUnit4ClassRunner.java:47)&#13;&#10;&#9;at org.junit.runners.ParentRunner$3.run(ParentRunner.java:231)&#13;&#10;&#9;at org.junit.runners.ParentRunner$1.schedule(ParentRunner.java:60)&#13;&#10;&#9;at org.junit.runners.ParentRunner.runChildren(ParentRunner.java:229)&#13;&#10;&#9;at org.junit.runners.ParentRunner.access$000(ParentRunner.java:50)&#13;&#10;&#9;at org.junit.runners.ParentRunner$2.evaluate(ParentRunner.java:222)&#13;&#10;&#9;at org.junit.runners.ParentRunner.run(ParentRunner.java:300)&#13;&#10;&#9;at org.eclipse.jdt.internal.junit4.runner.JUnit4TestReference.run(JUnit4TestReference.java:50)&#13;&#10;&#9;at org.eclipse.jdt.internal.junit.runner.TestExecution.run(TestExecution.java:38)&#13;&#10;&#9;at org.eclipse.jdt.internal.junit.runner.RemoteTestRunner.runTests(RemoteTestRunner.java:467)&#13;&#10;&#9;at org.eclipse.jdt.internal.junit.runner.RemoteTestRunner.runTests(RemoteTestRunner.java:683)&#13;&#10;&#9;at org.eclipse.jdt.internal.junit.runner.RemoteTestRunner.run(RemoteTestRunner.java:390)&#13;&#10;&#9;at org.codecover.juniteclipse.runner.EclipseTestRunner.main(EclipseTestRunner.java:40)" Date="1367929381539" Name="ValueTest:testEqualsObject">
<CovList/>
<AssgnmntList/>
<ObjMetaDataList/>
<MetaDataList/>
</TestCase>
<TestCase Comment="" Date="1367929381542" Name="ValueTest:testIsNumericExpression">
<CovList>
<CovPrefix CovItemPrefix="Value.java">
<Cov CovItemId="B9" Value="1"/>
<Cov CovItemId="S16" Value="1"/>
<Cov CovItemId="S17" Value="1"/>
<Cov CovItemId="S2" Value="1"/>
<Cov CovItemId="S67" Value="1"/>
</CovPrefix>
</CovList>
<AssgnmntList>
<AssgnmntPrefix RootTermCovItemPrefix="Value.java">
<AssgnmntListEntry Length="1" RootTermCovItemId="C5">
<MapEntry BoolAssgnmnt="1" Value="1"/>
</AssgnmntListEntry>
</AssgnmntPrefix>
</AssgnmntList>
<ObjMetaDataList/>
<MetaDataList/>
</TestCase>
<TestCase Comment="" Date="1367929381544" Name="ValueTest:testIsNumeric">
<CovList>
<CovPrefix CovItemPrefix="Value.java">
<Cov CovItemId="B3" Value="1"/>
<Cov CovItemId="B7" Value="1"/>
<Cov CovItemId="S13" Value="1"/>
<Cov CovItemId="S14" Value="1"/>
<Cov CovItemId="S2" Value="1"/>
<Cov CovItemId="S67" Value="1"/>
<Cov CovItemId="S7" Value="1"/>
<Cov CovItemId="S8" Value="1"/>
</CovPrefix>
</CovList>
<AssgnmntList>
<AssgnmntPrefix RootTermCovItemPrefix="Value.java">
<AssgnmntListEntry Length="1" RootTermCovItemId="C2">
<MapEntry BoolAssgnmnt="1" Value="1"/>
</AssgnmntListEntry>
<AssgnmntListEntry Length="4" RootTermCovItemId="C4">
<MapEntry BoolAssgnmnt="1222" Value="1"/>
</AssgnmntListEntry>
</AssgnmntPrefix>
</AssgnmntList>
<ObjMetaDataList/>
<MetaDataList/>
</TestCase>
<TestCase Comment="" Date="1367929381546" Name="ValueTest:testIsContainer">
<CovList>
<CovPrefix CovItemPrefix="Value.java">
<Cov CovItemId="B19" Value="1"/>
<Cov CovItemId="S2" Value="1"/>
<Cov CovItemId="S30" Value="1"/>
<Cov CovItemId="S31" Value="1"/>
<Cov CovItemId="S67" Value="1"/>
</CovPrefix>
</CovList>
<AssgnmntList>
<AssgnmntPrefix RootTermCovItemPrefix="Value.java">
<AssgnmntListEntry Length="2" RootTermCovItemId="C10">
<MapEntry BoolAssgnmnt="12" Value="1"/>
</AssgnmntListEntry>
</AssgnmntPrefix>
</AssgnmntList>
<ObjMetaDataList/>
<MetaDataList/>
</TestCase>
<TestCase Comment="" Date="1367929381547" Name="ValueTest:testValueObject">
<CovList/>
<AssgnmntList/>
<ObjMetaDataList/>
<MetaDataList/>
</TestCase>
<MetaDataList/>
</TestSession>
<TestSession Comment="" Date="1367929478672" Name="May 7, 2013 2:24:38 PM">
<TestCase Comment="Failure&#10;java.lang.AssertionError: test must be a string&#13;&#10;&#9;at org.junit.Assert.fail(Assert.java:93)&#13;&#10;&#9;at org.junit.Assert.assertTrue(Assert.java:43)&#13;&#10;&#9;at ValueTest.testIsString(ValueTest.java:57)&#13;&#10;&#9;at sun.reflect.NativeMethodAccessorImpl.invoke0(Native Method)&#13;&#10;&#9;at sun.reflect.NativeMethodAccessorImpl.invoke(Unknown Source)&#13;&#10;&#9;at sun.reflect.DelegatingMethodAccessorImpl.invoke(Unknown Source)&#13;&#10;&#9;at java.lang.reflect.Method.invoke(Unknown Source)&#13;&#10;&#9;at org.junit.runners.model.FrameworkMethod$1.runReflectiveCall(FrameworkMethod.java:45)&#13;&#10;&#9;at org.junit.internal.runners.model.ReflectiveCallable.run(ReflectiveCallable.java:15)&#13;&#10;&#9;at org.junit.runners.model.FrameworkMethod.invokeExplosively(FrameworkMethod.java:42)&#13;&#10;&#9;at org.junit.internal.runners.statements.InvokeMethod.evaluate(InvokeMethod.java:20)&#13;&#10;&#9;at org.junit.runners.ParentRunner.runLeaf(ParentRunner.java:263)&#13;&#10;&#9;at org.junit.runners.BlockJUnit4ClassRunner.runChild(BlockJUnit4ClassRunner.java:68)&#13;&#10;&#9;at org.junit.runners.BlockJUnit4ClassRunner.runChild(BlockJUnit4ClassRunner.java:47)&#13;&#10;&#9;at org.junit.runners.ParentRunner$3.run(ParentRunner.java:231)&#13;&#10;&#9;at org.junit.runners.ParentRunner$1.schedule(ParentRunner.java:60)&#13;&#10;&#9;at org.junit.runners.ParentRunner.runChildren(ParentRunner.java:229)&#13;&#10;&#9;at org.junit.runners.ParentRunner.access$000(ParentRunner.java:50)&#13;&#10;&#9;at org.junit.runners.ParentRunner$2.evaluate(ParentRunner.java:222)&#13;&#10;&#9;at org.junit.runners.ParentRunner.run(ParentRunner.java:300)&#13;&#10;&#9;at org.eclipse.jdt.internal.junit4.runner.JUnit4TestReference.run(JUnit4TestReference.java:50)&#13;&#10;&#9;at org.eclipse.jdt.internal.junit.runner.TestExecution.run(TestExecution.java:38)&#13;&#10;&#9;at org.eclipse.jdt.internal.junit.runner.RemoteTestRunner.runTests(RemoteTestRunner.java:467)&#13;&#10;&#9;at org.eclipse.jdt.internal.junit.runner.RemoteTestRunner.runTests(RemoteTestRunner.java:683)&#13;&#10;&#9;at org.eclipse.jdt.internal.junit.runner.RemoteTestRunner.run(RemoteTestRunner.java:390)&#13;&#10;&#9;at org.codecover.juniteclipse.runner.EclipseTestRunner.main(EclipseTestRunner.java:40)" Date="1367929478613" Name="ValueTest:testIsString">
<CovList>
<CovPrefix CovItemPrefix="Value.java">
<Cov CovItemId="B14" Value="1"/>
<Cov CovItemId="B15" Value="1"/>
<Cov CovItemId="S1" Value="1"/>
<Cov CovItemId="S2" Value="2"/>
<Cov CovItemId="S22" Value="1"/>
<Cov CovItemId="S24" Value="1"/>
<Cov CovItemId="S25" Value="1"/>
<Cov CovItemId="S67" Value="2"/>
</CovPrefix>
</CovList>
<AssgnmntList>
<AssgnmntPrefix RootTermCovItemPrefix="Value.java">
<AssgnmntListEntry Length="1" RootTermCovItemId="C7">
<MapEntry BoolAssgnmnt="0" Value="1"/>
</AssgnmntListEntry>
<AssgnmntListEntry Length="2" RootTermCovItemId="C8">
<MapEntry BoolAssgnmnt="12" Value="1"/>
</AssgnmntListEntry>
</AssgnmntPrefix>
</AssgnmntList>
<ObjMetaDataList/>
<MetaDataList/>
</TestCase>
<TestCase Comment="" Date="1367929478626" Name="ValueTest:testIsDrink">
<CovList>
<CovPrefix CovItemPrefix="Value.java">
<Cov CovItemId="B5" Value="1"/>
<Cov CovItemId="S10" Value="1"/>
<Cov CovItemId="S11" Value="1"/>
<Cov CovItemId="S2" Value="1"/>
<Cov CovItemId="S67" Value="1"/>
</CovPrefix>
</CovList>
<AssgnmntList>
<AssgnmntPrefix RootTermCovItemPrefix="Value.java">
<AssgnmntListEntry Length="1" RootTermCovItemId="C3">
<MapEntry BoolAssgnmnt="1" Value="1"/>
</AssgnmntListEntry>
</AssgnmntPrefix>
</AssgnmntList>
<ObjMetaDataList/>
<MetaDataList/>
</TestCase>
<TestCase Comment="" Date="1367929478628" Name="ValueTest:testIsBool">
<CovList>
<CovPrefix CovItemPrefix="Value.java">
<Cov CovItemId="B17" Value="1"/>
<Cov CovItemId="S2" Value="1"/>
<Cov CovItemId="S27" Value="1"/>
<Cov CovItemId="S28" Value="1"/>
<Cov CovItemId="S67" Value="1"/>
</CovPrefix>
</CovList>
<AssgnmntList>
<AssgnmntPrefix RootTermCovItemPrefix="Value.java">
<AssgnmntListEntry Length="2" RootTermCovItemId="C9">
<MapEntry BoolAssgnmnt="12" Value="1"/>
</AssgnmntListEntry>
</AssgnmntPrefix>
</AssgnmntList>
<ObjMetaDataList/>
<MetaDataList/>
</TestCase>
<TestCase Comment="" Date="1367929478629" Name="ValueTest:testValue">
<CovList/>
<AssgnmntList/>
<ObjMetaDataList/>
<MetaDataList/>
</TestCase>
<TestCase Comment="" Date="1367929478631" Name="ValueTest:testIsDouble">
<CovList>
<CovPrefix CovItemPrefix="Value.java">
<Cov CovItemId="B1" Value="1"/>
<Cov CovItemId="S2" Value="1"/>
<Cov CovItemId="S4" Value="1"/>
<Cov CovItemId="S5" Value="1"/>
<Cov CovItemId="S67" Value="1"/>
</CovPrefix>
</CovList>
<AssgnmntList>
<AssgnmntPrefix RootTermCovItemPrefix="Value.java">
<AssgnmntListEntry Length="1" RootTermCovItemId="C1">
<MapEntry BoolAssgnmnt="1" Value="1"/>
</AssgnmntListEntry>
</AssgnmntPrefix>
</AssgnmntList>
<ObjMetaDataList/>
<MetaDataList/>
</TestCase>
<TestCase Comment="" Date="1367929478632" Name="ValueTest:testIsInt">
<CovList>
<CovPrefix CovItemPrefix="Value.java">
<Cov CovItemId="B3" Value="1"/>
<Cov CovItemId="S2" Value="1"/>
<Cov CovItemId="S67" Value="1"/>
<Cov CovItemId="S7" Value="1"/>
<Cov CovItemId="S8" Value="1"/>
</CovPrefix>
</CovList>
<AssgnmntList>
<AssgnmntPrefix RootTermCovItemPrefix="Value.java">
<AssgnmntListEntry Length="1" RootTermCovItemId="C2">
<MapEntry BoolAssgnmnt="1" Value="1"/>
</AssgnmntListEntry>
</AssgnmntPrefix>
</AssgnmntList>
<ObjMetaDataList/>
<MetaDataList/>
</TestCase>
<TestCase Comment="Failure&#10;java.lang.AssertionError: c must be a char&#13;&#10;&#9;at org.junit.Assert.fail(Assert.java:93)&#13;&#10;&#9;at org.junit.Assert.assertTrue(Assert.java:43)&#13;&#10;&#9;at ValueTest.testIsChar(ValueTest.java:51)&#13;&#10;&#9;at sun.reflect.NativeMethodAccessorImpl.invoke0(Native Method)&#13;&#10;&#9;at sun.reflect.NativeMethodAccessorImpl.invoke(Unknown Source)&#13;&#10;&#9;at sun.reflect.DelegatingMethodAccessorImpl.invoke(Unknown Source)&#13;&#10;&#9;at java.lang.reflect.Method.invoke(Unknown Source)&#13;&#10;&#9;at org.junit.runners.model.FrameworkMethod$1.runReflectiveCall(FrameworkMethod.java:45)&#13;&#10;&#9;at org.junit.internal.runners.model.ReflectiveCallable.run(ReflectiveCallable.java:15)&#13;&#10;&#9;at org.junit.runners.model.FrameworkMethod.invokeExplosively(FrameworkMethod.java:42)&#13;&#10;&#9;at org.junit.internal.runners.statements.InvokeMethod.evaluate(InvokeMethod.java:20)&#13;&#10;&#9;at org.junit.runners.ParentRunner.runLeaf(ParentRunner.java:263)&#13;&#10;&#9;at org.junit.runners.BlockJUnit4ClassRunner.runChild(BlockJUnit4ClassRunner.java:68)&#13;&#10;&#9;at org.junit.runners.BlockJUnit4ClassRunner.runChild(BlockJUnit4ClassRunner.java:47)&#13;&#10;&#9;at org.junit.runners.ParentRunner$3.run(ParentRunner.java:231)&#13;&#10;&#9;at org.junit.runners.ParentRunner$1.schedule(ParentRunner.java:60)&#13;&#10;&#9;at org.junit.runners.ParentRunner.runChildren(ParentRunner.java:229)&#13;&#10;&#9;at org.junit.runners.ParentRunner.access$000(ParentRunner.java:50)&#13;&#10;&#9;at org.junit.runners.ParentRunner$2.evaluate(ParentRunner.java:222)&#13;&#10;&#9;at org.junit.runners.ParentRunner.run(ParentRunner.java:300)&#13;&#10;&#9;at org.eclipse.jdt.internal.junit4.runner.JUnit4TestReference.run(JUnit4TestReference.java:50)&#13;&#10;&#9;at org.eclipse.jdt.internal.junit.runner.TestExecution.run(TestExecution.java:38)&#13;&#10;&#9;at org.eclipse.jdt.internal.junit.runner.RemoteTestRunner.runTests(RemoteTestRunner.java:467)&#13;&#10;&#9;at org.eclipse.jdt.internal.junit.runner.RemoteTestRunner.runTests(RemoteTestRunner.java:683)&#13;&#10;&#9;at org.eclipse.jdt.internal.junit.runner.RemoteTestRunner.run(RemoteTestRunner.java:390)&#13;&#10;&#9;at org.codecover.juniteclipse.runner.EclipseTestRunner.main(EclipseTestRunner.java:40)" Date="1367929478633" Name="ValueTest:testIsChar">
<CovList>
<CovPrefix CovItemPrefix="Value.java">
<Cov CovItemId="B11" Value="1"/>
<Cov CovItemId="S19" Value="1"/>
<Cov CovItemId="S2" Value="1"/>
<Cov CovItemId="S20" Value="1"/>
<Cov CovItemId="S67" Value="1"/>
</CovPrefix>
</CovList>
<AssgnmntList>
<AssgnmntPrefix RootTermCovItemPrefix="Value.java">
<AssgnmntListEntry Length="3" RootTermCovItemId="C6">
<MapEntry BoolAssgnmnt="122" Value="1"/>
</AssgnmntListEntry>
</AssgnmntPrefix>
</AssgnmntList>
<ObjMetaDataList/>
<MetaDataList/>
</TestCase>
<TestCase Comment="" Date="1367929478638" Name="ValueTest:testGetType">
<CovList>
<CovPrefix CovItemPrefix="Value.java">
<Cov CovItemId="B17" Value="1"/>
<Cov CovItemId="B33" Value="1"/>
<Cov CovItemId="S2" Value="1"/>
<Cov CovItemId="S27" Value="1"/>
<Cov CovItemId="S28" Value="1"/>
<Cov CovItemId="S46" Value="1"/>
<Cov CovItemId="S47" Value="1"/>
<Cov CovItemId="S67" Value="1"/>
</CovPrefix>
</CovList>
<AssgnmntList>
<AssgnmntPrefix RootTermCovItemPrefix="Value.java">
<AssgnmntListEntry Length="2" RootTermCovItemId="C17">
<MapEntry BoolAssgnmnt="12" Value="1"/>
</AssgnmntListEntry>
<AssgnmntListEntry Length="2" RootTermCovItemId="C9">
<MapEntry BoolAssgnmnt="12" Value="1"/>
</AssgnmntListEntry>
</AssgnmntPrefix>
</AssgnmntList>
<ObjMetaDataList/>
<MetaDataList/>
</TestCase>
<TestCase Comment="Failure&#10;java.lang.AssertionError: Not yet implemented&#13;&#10;&#9;at org.junit.Assert.fail(Assert.java:93)&#13;&#10;&#9;at ValueTest.testToString(ValueTest.java:91)&#13;&#10;&#9;at sun.reflect.NativeMethodAccessorImpl.invoke0(Native Method)&#13;&#10;&#9;at sun.reflect.NativeMethodAccessorImpl.invoke(Unknown Source)&#13;&#10;&#9;at sun.reflect.DelegatingMethodAccessorImpl.invoke(Unknown Source)&#13;&#10;&#9;at java.lang.reflect.Method.invoke(Unknown Source)&#13;&#10;&#9;at org.junit.runners.model.FrameworkMethod$1.runReflectiveCall(FrameworkMethod.java:45)&#13;&#10;&#9;at org.junit.internal.runners.model.ReflectiveCallable.run(ReflectiveCallable.java:15)&#13;&#10;&#9;at org.junit.runners.model.FrameworkMethod.invokeExplosively(FrameworkMethod.java:42)&#13;&#10;&#9;at org.junit.internal.runners.statements.InvokeMethod.evaluate(InvokeMethod.java:20)&#13;&#10;&#9;at org.junit.runners.ParentRunner.runLeaf(ParentRunner.java:263)&#13;&#10;&#9;at org.junit.runners.BlockJUnit4ClassRunner.runChild(BlockJUnit4ClassRunner.java:68)&#13;&#10;&#9;at org.junit.runners.BlockJUnit4ClassRunner.runChild(BlockJUnit4ClassRunner.java:47)&#13;&#10;&#9;at org.junit.runners.ParentRunner$3.run(ParentRunner.java:231)&#13;&#10;&#9;at org.junit.runners.ParentRunner$1.schedule(ParentRunner.java:60)&#13;&#10;&#9;at org.junit.runners.ParentRunner.runChildren(ParentRunner.java:229)&#13;&#10;&#9;at org.junit.runners.ParentRunner.access$000(ParentRunner.java:50)&#13;&#10;&#9;at org.junit.runners.ParentRunner$2.evaluate(ParentRunner.java:222)&#13;&#10;&#9;at org.junit.runners.ParentRunner.run(ParentRunner.java:300)&#13;&#10;&#9;at org.eclipse.jdt.internal.junit4.runner.JUnit4TestReference.run(JUnit4TestReference.java:50)&#13;&#10;&#9;at org.eclipse.jdt.internal.junit.runner.TestExecution.run(TestExecution.java:38)&#13;&#10;&#9;at org.eclipse.jdt.internal.junit.runner.RemoteTestRunner.runTests(RemoteTestRunner.java:467)&#13;&#10;&#9;at org.eclipse.jdt.internal.junit.runner.RemoteTestRunner.runTests(RemoteTestRunner.java:683)&#13;&#10;&#9;at org.eclipse.jdt.internal.junit.runner.RemoteTestRunner.run(RemoteTestRunner.java:390)&#13;&#10;&#9;at org.codecover.juniteclipse.runner.EclipseTestRunner.main(EclipseTestRunner.java:40)" Date="1367929478640" Name="ValueTest:testToString">
<CovList/>
<AssgnmntList/>
<ObjMetaDataList/>
<MetaDataList/>
</TestCase>
<TestCase Comment="" Date="1367929478645" Name="ValueTest:testIsNumericExpression">
<CovList>
<CovPrefix CovItemPrefix="Value.java">
<Cov CovItemId="B9" Value="1"/>
<Cov CovItemId="S16" Value="1"/>
<Cov CovItemId="S17" Value="1"/>
<Cov CovItemId="S2" Value="1"/>
<Cov CovItemId="S67" Value="1"/>
</CovPrefix>
</CovList>
<AssgnmntList>
<AssgnmntPrefix RootTermCovItemPrefix="Value.java">
<AssgnmntListEntry Length="1" RootTermCovItemId="C5">
<MapEntry BoolAssgnmnt="1" Value="1"/>
</AssgnmntListEntry>
</AssgnmntPrefix>
</AssgnmntList>
<ObjMetaDataList/>
<MetaDataList/>
</TestCase>
<TestCase Comment="" Date="1367929478647" Name="ValueTest:testIsContainer">
<CovList>
<CovPrefix CovItemPrefix="Value.java">
<Cov CovItemId="B19" Value="1"/>
<Cov CovItemId="S2" Value="1"/>
<Cov CovItemId="S30" Value="1"/>
<Cov CovItemId="S31" Value="1"/>
<Cov CovItemId="S67" Value="1"/>
</CovPrefix>
</CovList>
<AssgnmntList>
<AssgnmntPrefix RootTermCovItemPrefix="Value.java">
<AssgnmntListEntry Length="2" RootTermCovItemId="C10">
<MapEntry BoolAssgnmnt="12" Value="1"/>
</AssgnmntListEntry>
</AssgnmntPrefix>
</AssgnmntList>
<ObjMetaDataList/>
<MetaDataList/>
</TestCase>
<TestCase Comment="" Date="1367929478648" Name="ValueTest:testIsSameType">
<CovList>
<CovPrefix CovItemPrefix="Value.java">
<Cov CovItemId="B18" Value="1"/>
<Cov CovItemId="B19" Value="2"/>
<Cov CovItemId="B22" Value="1"/>
<Cov CovItemId="B23" Value="1"/>
<Cov CovItemId="S2" Value="2"/>
<Cov CovItemId="S27" Value="1"/>
<Cov CovItemId="S29" Value="1"/>
<Cov CovItemId="S30" Value="2"/>
<Cov CovItemId="S31" Value="2"/>
<Cov CovItemId="S33" Value="1"/>
<Cov CovItemId="S35" Value="1"/>
<Cov CovItemId="S36" Value="1"/>
<Cov CovItemId="S67" Value="4"/>
</CovPrefix>
</CovList>
<AssgnmntList>
<AssgnmntPrefix RootTermCovItemPrefix="Value.java">
<AssgnmntListEntry Length="2" RootTermCovItemId="C10">
<MapEntry BoolAssgnmnt="12" Value="2"/>
</AssgnmntListEntry>
<AssgnmntListEntry Length="2" RootTermCovItemId="C11">
<MapEntry BoolAssgnmnt="02" Value="1"/>
</AssgnmntListEntry>
<AssgnmntListEntry Length="2" RootTermCovItemId="C12">
<MapEntry BoolAssgnmnt="11" Value="1"/>
</AssgnmntListEntry>
<AssgnmntListEntry Length="2" RootTermCovItemId="C9">
<MapEntry BoolAssgnmnt="00" Value="1"/>
</AssgnmntListEntry>
</AssgnmntPrefix>
</AssgnmntList>
<ObjMetaDataList/>
<MetaDataList/>
</TestCase>
<TestCase Comment="" Date="1367929478650" Name="ValueTest:testValueObject">
<CovList/>
<AssgnmntList/>
<ObjMetaDataList/>
<MetaDataList/>
</TestCase>
<TestCase Comment="" Date="1367929478651" Name="ValueTest:testIsNumeric">
<CovList>
<CovPrefix CovItemPrefix="Value.java">
<Cov CovItemId="B3" Value="1"/>
<Cov CovItemId="B7" Value="1"/>
<Cov CovItemId="S13" Value="1"/>
<Cov CovItemId="S14" Value="1"/>
<Cov CovItemId="S2" Value="1"/>
<Cov CovItemId="S67" Value="1"/>
<Cov CovItemId="S7" Value="1"/>
<Cov CovItemId="S8" Value="1"/>
</CovPrefix>
</CovList>
<AssgnmntList>
<AssgnmntPrefix RootTermCovItemPrefix="Value.java">
<AssgnmntListEntry Length="1" RootTermCovItemId="C2">
<MapEntry BoolAssgnmnt="1" Value="1"/>
</AssgnmntListEntry>
<AssgnmntListEntry Length="4" RootTermCovItemId="C4">
<MapEntry BoolAssgnmnt="1222" Value="1"/>
</AssgnmntListEntry>
</AssgnmntPrefix>
</AssgnmntList>
<ObjMetaDataList/>
<MetaDataList/>
</TestCase>
<TestCase Comment="Failure&#10;java.lang.AssertionError: Not yet implemented&#13;&#10;&#9;at org.junit.Assert.fail(Assert.java:93)&#13;&#10;&#9;at ValueTest.testEqualsObject(ValueTest.java:86)&#13;&#10;&#9;at sun.reflect.NativeMethodAccessorImpl.invoke0(Native Method)&#13;&#10;&#9;at sun.reflect.NativeMethodAccessorImpl.invoke(Unknown Source)&#13;&#10;&#9;at sun.reflect.DelegatingMethodAccessorImpl.invoke(Unknown Source)&#13;&#10;&#9;at java.lang.reflect.Method.invoke(Unknown Source)&#13;&#10;&#9;at org.junit.runners.model.FrameworkMethod$1.runReflectiveCall(FrameworkMethod.java:45)&#13;&#10;&#9;at org.junit.internal.runners.model.ReflectiveCallable.run(ReflectiveCallable.java:15)&#13;&#10;&#9;at org.junit.runners.model.FrameworkMethod.invokeExplosively(FrameworkMethod.java:42)&#13;&#10;&#9;at org.junit.internal.runners.statements.InvokeMethod.evaluate(InvokeMethod.java:20)&#13;&#10;&#9;at org.junit.runners.ParentRunner.runLeaf(ParentRunner.java:263)&#13;&#10;&#9;at org.junit.runners.BlockJUnit4ClassRunner.runChild(BlockJUnit4ClassRunner.java:68)&#13;&#10;&#9;at org.junit.runners.BlockJUnit4ClassRunner.runChild(BlockJUnit4ClassRunner.java:47)&#13;&#10;&#9;at org.junit.runners.ParentRunner$3.run(ParentRunner.java:231)&#13;&#10;&#9;at org.junit.runners.ParentRunner$1.schedule(ParentRunner.java:60)&#13;&#10;&#9;at org.junit.runners.ParentRunner.runChildren(ParentRunner.java:229)&#13;&#10;&#9;at org.junit.runners.ParentRunner.access$000(ParentRunner.java:50)&#13;&#10;&#9;at org.junit.runners.ParentRunner$2.evaluate(ParentRunner.java:222)&#13;&#10;&#9;at org.junit.runners.ParentRunner.run(ParentRunner.java:300)&#13;&#10;&#9;at org.eclipse.jdt.internal.junit4.runner.JUnit4TestReference.run(JUnit4TestReference.java:50)&#13;&#10;&#9;at org.eclipse.jdt.internal.junit.runner.TestExecution.run(TestExecution.java:38)&#13;&#10;&#9;at org.eclipse.jdt.internal.junit.runner.RemoteTestRunner.runTests(RemoteTestRunner.java:467)&#13;&#10;&#9;at org.eclipse.jdt.internal.junit.runner.RemoteTestRunner.runTests(RemoteTestRunner.java:683)&#13;&#10;&#9;at org.eclipse.jdt.internal.junit.runner.RemoteTestRunner.run(RemoteTestRunner.java:390)&#13;&#10;&#9;at org.codecover.juniteclipse.runner.EclipseTestRunner.main(EclipseTestRunner.java:40)" Date="1367929478652" Name="ValueTest:testEqualsObject">
<CovList/>
<AssgnmntList/>
<ObjMetaDataList/>
<MetaDataList/>
</TestCase>
<MetaDataList/>
</TestSession>
<TestSession Comment="" Date="1367929510924" Name="May 7, 2013 2:25:10 PM">
<TestCase Comment="Failure&#10;java.lang.AssertionError: test must be a string&#13;&#10;&#9;at org.junit.Assert.fail(Assert.java:93)&#13;&#10;&#9;at org.junit.Assert.assertTrue(Assert.java:43)&#13;&#10;&#9;at ValueTest.testIsString(ValueTest.java:57)&#13;&#10;&#9;at sun.reflect.NativeMethodAccessorImpl.invoke0(Native Method)&#13;&#10;&#9;at sun.reflect.NativeMethodAccessorImpl.invoke(Unknown Source)&#13;&#10;&#9;at sun.reflect.DelegatingMethodAccessorImpl.invoke(Unknown Source)&#13;&#10;&#9;at java.lang.reflect.Method.invoke(Unknown Source)&#13;&#10;&#9;at org.junit.runners.model.FrameworkMethod$1.runReflectiveCall(FrameworkMethod.java:45)&#13;&#10;&#9;at org.junit.internal.runners.model.ReflectiveCallable.run(ReflectiveCallable.java:15)&#13;&#10;&#9;at org.junit.runners.model.FrameworkMethod.invokeExplosively(FrameworkMethod.java:42)&#13;&#10;&#9;at org.junit.internal.runners.statements.InvokeMethod.evaluate(InvokeMethod.java:20)&#13;&#10;&#9;at org.junit.runners.ParentRunner.runLeaf(ParentRunner.java:263)&#13;&#10;&#9;at org.junit.runners.BlockJUnit4ClassRunner.runChild(BlockJUnit4ClassRunner.java:68)&#13;&#10;&#9;at org.junit.runners.BlockJUnit4ClassRunner.runChild(BlockJUnit4ClassRunner.java:47)&#13;&#10;&#9;at org.junit.runners.ParentRunner$3.run(ParentRunner.java:231)&#13;&#10;&#9;at org.junit.runners.ParentRunner$1.schedule(ParentRunner.java:60)&#13;&#10;&#9;at org.junit.runners.ParentRunner.runChildren(ParentRunner.java:229)&#13;&#10;&#9;at org.junit.runners.ParentRunner.access$000(ParentRunner.java:50)&#13;&#10;&#9;at org.junit.runners.ParentRunner$2.evaluate(ParentRunner.java:222)&#13;&#10;&#9;at org.junit.runners.ParentRunner.run(ParentRunner.java:300)&#13;&#10;&#9;at org.eclipse.jdt.internal.junit4.runner.JUnit4TestReference.run(JUnit4TestReference.java:50)&#13;&#10;&#9;at org.eclipse.jdt.internal.junit.runner.TestExecution.run(TestExecution.java:38)&#13;&#10;&#9;at org.eclipse.jdt.internal.junit.runner.RemoteTestRunner.runTests(RemoteTestRunner.java:467)&#13;&#10;&#9;at org.eclipse.jdt.internal.junit.runner.RemoteTestRunner.runTests(RemoteTestRunner.java:683)&#13;&#10;&#9;at org.eclipse.jdt.internal.junit.runner.RemoteTestRunner.run(RemoteTestRunner.java:390)&#13;&#10;&#9;at org.codecover.juniteclipse.runner.EclipseTestRunner.main(EclipseTestRunner.java:40)" Date="1367929510878" Name="ValueTest:testIsString">
<CovList>
<CovPrefix CovItemPrefix="Value.java">
<Cov CovItemId="B14" Value="1"/>
<Cov CovItemId="B15" Value="1"/>
<Cov CovItemId="S1" Value="1"/>
<Cov CovItemId="S2" Value="2"/>
<Cov CovItemId="S22" Value="1"/>
<Cov CovItemId="S24" Value="1"/>
<Cov CovItemId="S25" Value="1"/>
<Cov CovItemId="S67" Value="2"/>
</CovPrefix>
</CovList>
<AssgnmntList>
<AssgnmntPrefix RootTermCovItemPrefix="Value.java">
<AssgnmntListEntry Length="1" RootTermCovItemId="C7">
<MapEntry BoolAssgnmnt="0" Value="1"/>
</AssgnmntListEntry>
<AssgnmntListEntry Length="2" RootTermCovItemId="C8">
<MapEntry BoolAssgnmnt="12" Value="1"/>
</AssgnmntListEntry>
</AssgnmntPrefix>
</AssgnmntList>
<ObjMetaDataList/>
<MetaDataList/>
</TestCase>
<TestCase Comment="" Date="1367929510884" Name="ValueTest:testIsBool">
<CovList>
<CovPrefix CovItemPrefix="Value.java">
<Cov CovItemId="B17" Value="1"/>
<Cov CovItemId="S2" Value="1"/>
<Cov CovItemId="S27" Value="1"/>
<Cov CovItemId="S28" Value="1"/>
<Cov CovItemId="S67" Value="1"/>
</CovPrefix>
</CovList>
<AssgnmntList>
<AssgnmntPrefix RootTermCovItemPrefix="Value.java">
<AssgnmntListEntry Length="2" RootTermCovItemId="C9">
<MapEntry BoolAssgnmnt="12" Value="1"/>
</AssgnmntListEntry>
</AssgnmntPrefix>
</AssgnmntList>
<ObjMetaDataList/>
<MetaDataList/>
</TestCase>
<TestCase Comment="" Date="1367929510885" Name="ValueTest:testGetType">
<CovList>
<CovPrefix CovItemPrefix="Value.java">
<Cov CovItemId="B17" Value="1"/>
<Cov CovItemId="B33" Value="1"/>
<Cov CovItemId="S2" Value="1"/>
<Cov CovItemId="S27" Value="1"/>
<Cov CovItemId="S28" Value="1"/>
<Cov CovItemId="S46" Value="1"/>
<Cov CovItemId="S47" Value="1"/>
<Cov CovItemId="S67" Value="1"/>
</CovPrefix>
</CovList>
<AssgnmntList>
<AssgnmntPrefix RootTermCovItemPrefix="Value.java">
<AssgnmntListEntry Length="2" RootTermCovItemId="C17">
<MapEntry BoolAssgnmnt="12" Value="1"/>
</AssgnmntListEntry>
<AssgnmntListEntry Length="2" RootTermCovItemId="C9">
<MapEntry BoolAssgnmnt="12" Value="1"/>
</AssgnmntListEntry>
</AssgnmntPrefix>
</AssgnmntList>
<ObjMetaDataList/>
<MetaDataList/>
</TestCase>
<TestCase Comment="" Date="1367929510886" Name="ValueTest:testIsDouble">
<CovList>
<CovPrefix CovItemPrefix="Value.java">
<Cov CovItemId="B1" Value="1"/>
<Cov CovItemId="S2" Value="1"/>
<Cov CovItemId="S4" Value="1"/>
<Cov CovItemId="S5" Value="1"/>
<Cov CovItemId="S67" Value="1"/>
</CovPrefix>
</CovList>
<AssgnmntList>
<AssgnmntPrefix RootTermCovItemPrefix="Value.java">
<AssgnmntListEntry Length="1" RootTermCovItemId="C1">
<MapEntry BoolAssgnmnt="1" Value="1"/>
</AssgnmntListEntry>
</AssgnmntPrefix>
</AssgnmntList>
<ObjMetaDataList/>
<MetaDataList/>
</TestCase>
<TestCase Comment="" Date="1367929510887" Name="ValueTest:testIsInt">
<CovList>
<CovPrefix CovItemPrefix="Value.java">
<Cov CovItemId="B3" Value="1"/>
<Cov CovItemId="S2" Value="1"/>
<Cov CovItemId="S67" Value="1"/>
<Cov CovItemId="S7" Value="1"/>
<Cov CovItemId="S8" Value="1"/>
</CovPrefix>
</CovList>
<AssgnmntList>
<AssgnmntPrefix RootTermCovItemPrefix="Value.java">
<AssgnmntListEntry Length="1" RootTermCovItemId="C2">
<MapEntry BoolAssgnmnt="1" Value="1"/>
</AssgnmntListEntry>
</AssgnmntPrefix>
</AssgnmntList>
<ObjMetaDataList/>
<MetaDataList/>
</TestCase>
<TestCase Comment="" Date="1367929510888" Name="ValueTest:testValue">
<CovList/>
<AssgnmntList/>
<ObjMetaDataList/>
<MetaDataList/>
</TestCase>
<TestCase Comment="" Date="1367929510889" Name="ValueTest:testIsDrink">
<CovList>
<CovPrefix CovItemPrefix="Value.java">
<Cov CovItemId="B5" Value="1"/>
<Cov CovItemId="S10" Value="1"/>
<Cov CovItemId="S11" Value="1"/>
<Cov CovItemId="S2" Value="1"/>
<Cov CovItemId="S67" Value="1"/>
</CovPrefix>
</CovList>
<AssgnmntList>
<AssgnmntPrefix RootTermCovItemPrefix="Value.java">
<AssgnmntListEntry Length="1" RootTermCovItemId="C3">
<MapEntry BoolAssgnmnt="1" Value="1"/>
</AssgnmntListEntry>
</AssgnmntPrefix>
</AssgnmntList>
<ObjMetaDataList/>
<MetaDataList/>
</TestCase>
<TestCase Comment="Failure&#10;java.lang.AssertionError: c must be a char&#13;&#10;&#9;at org.junit.Assert.fail(Assert.java:93)&#13;&#10;&#9;at org.junit.Assert.assertTrue(Assert.java:43)&#13;&#10;&#9;at ValueTest.testIsChar(ValueTest.java:51)&#13;&#10;&#9;at sun.reflect.NativeMethodAccessorImpl.invoke0(Native Method)&#13;&#10;&#9;at sun.reflect.NativeMethodAccessorImpl.invoke(Unknown Source)&#13;&#10;&#9;at sun.reflect.DelegatingMethodAccessorImpl.invoke(Unknown Source)&#13;&#10;&#9;at java.lang.reflect.Method.invoke(Unknown Source)&#13;&#10;&#9;at org.junit.runners.model.FrameworkMethod$1.runReflectiveCall(FrameworkMethod.java:45)&#13;&#10;&#9;at org.junit.internal.runners.model.ReflectiveCallable.run(ReflectiveCallable.java:15)&#13;&#10;&#9;at org.junit.runners.model.FrameworkMethod.invokeExplosively(FrameworkMethod.java:42)&#13;&#10;&#9;at org.junit.internal.runners.statements.InvokeMethod.evaluate(InvokeMethod.java:20)&#13;&#10;&#9;at org.junit.runners.ParentRunner.runLeaf(ParentRunner.java:263)&#13;&#10;&#9;at org.junit.runners.BlockJUnit4ClassRunner.runChild(BlockJUnit4ClassRunner.java:68)&#13;&#10;&#9;at org.junit.runners.BlockJUnit4ClassRunner.runChild(BlockJUnit4ClassRunner.java:47)&#13;&#10;&#9;at org.junit.runners.ParentRunner$3.run(ParentRunner.java:231)&#13;&#10;&#9;at org.junit.runners.ParentRunner$1.schedule(ParentRunner.java:60)&#13;&#10;&#9;at org.junit.runners.ParentRunner.runChildren(ParentRunner.java:229)&#13;&#10;&#9;at org.junit.runners.ParentRunner.access$000(ParentRunner.java:50)&#13;&#10;&#9;at org.junit.runners.ParentRunner$2.evaluate(ParentRunner.java:222)&#13;&#10;&#9;at org.junit.runners.ParentRunner.run(ParentRunner.java:300)&#13;&#10;&#9;at org.eclipse.jdt.internal.junit4.runner.JUnit4TestReference.run(JUnit4TestReference.java:50)&#13;&#10;&#9;at org.eclipse.jdt.internal.junit.runner.TestExecution.run(TestExecution.java:38)&#13;&#10;&#9;at org.eclipse.jdt.internal.junit.runner.RemoteTestRunner.runTests(RemoteTestRunner.java:467)&#13;&#10;&#9;at org.eclipse.jdt.internal.junit.runner.RemoteTestRunner.runTests(RemoteTestRunner.java:683)&#13;&#10;&#9;at org.eclipse.jdt.internal.junit.runner.RemoteTestRunner.run(RemoteTestRunner.java:390)&#13;&#10;&#9;at org.codecover.juniteclipse.runner.EclipseTestRunner.main(EclipseTestRunner.java:40)" Date="1367929510890" Name="ValueTest:testIsChar">
<CovList>
<CovPrefix CovItemPrefix="Value.java">
<Cov CovItemId="B11" Value="1"/>
<Cov CovItemId="S19" Value="1"/>
<Cov CovItemId="S2" Value="1"/>
<Cov CovItemId="S20" Value="1"/>
<Cov CovItemId="S67" Value="1"/>
</CovPrefix>
</CovList>
<AssgnmntList>
<AssgnmntPrefix RootTermCovItemPrefix="Value.java">
<AssgnmntListEntry Length="3" RootTermCovItemId="C6">
<MapEntry BoolAssgnmnt="122" Value="1"/>
</AssgnmntListEntry>
</AssgnmntPrefix>
</AssgnmntList>
<ObjMetaDataList/>
<MetaDataList/>
</TestCase>
<TestCase Comment="" Date="1367929510893" Name="ValueTest:testIsNumericExpression">
<CovList>
<CovPrefix CovItemPrefix="Value.java">
<Cov CovItemId="B9" Value="1"/>
<Cov CovItemId="S16" Value="1"/>
<Cov CovItemId="S17" Value="1"/>
<Cov CovItemId="S2" Value="1"/>
<Cov CovItemId="S67" Value="1"/>
</CovPrefix>
</CovList>
<AssgnmntList>
<AssgnmntPrefix RootTermCovItemPrefix="Value.java">
<AssgnmntListEntry Length="1" RootTermCovItemId="C5">
<MapEntry BoolAssgnmnt="1" Value="1"/>
</AssgnmntListEntry>
</AssgnmntPrefix>
</AssgnmntList>
<ObjMetaDataList/>
<MetaDataList/>
</TestCase>
<TestCase Comment="" Date="1367929510895" Name="ValueTest:testIsSameType">
<CovList>
<CovPrefix CovItemPrefix="Value.java">
<Cov CovItemId="B18" Value="1"/>
<Cov CovItemId="B19" Value="2"/>
<Cov CovItemId="B22" Value="1"/>
<Cov CovItemId="B23" Value="1"/>
<Cov CovItemId="S2" Value="2"/>
<Cov CovItemId="S27" Value="1"/>
<Cov CovItemId="S29" Value="1"/>
<Cov CovItemId="S30" Value="2"/>
<Cov CovItemId="S31" Value="2"/>
<Cov CovItemId="S33" Value="1"/>
<Cov CovItemId="S35" Value="1"/>
<Cov CovItemId="S36" Value="1"/>
<Cov CovItemId="S67" Value="4"/>
</CovPrefix>
</CovList>
<AssgnmntList>
<AssgnmntPrefix RootTermCovItemPrefix="Value.java">
<AssgnmntListEntry Length="2" RootTermCovItemId="C10">
<MapEntry BoolAssgnmnt="12" Value="2"/>
</AssgnmntListEntry>
<AssgnmntListEntry Length="2" RootTermCovItemId="C11">
<MapEntry BoolAssgnmnt="02" Value="1"/>
</AssgnmntListEntry>
<AssgnmntListEntry Length="2" RootTermCovItemId="C12">
<MapEntry BoolAssgnmnt="11" Value="1"/>
</AssgnmntListEntry>
<AssgnmntListEntry Length="2" RootTermCovItemId="C9">
<MapEntry BoolAssgnmnt="00" Value="1"/>
</AssgnmntListEntry>
</AssgnmntPrefix>
</AssgnmntList>
<ObjMetaDataList/>
<MetaDataList/>
</TestCase>
<TestCase Comment="" Date="1367929510896" Name="ValueTest:testIsNumeric">
<CovList>
<CovPrefix CovItemPrefix="Value.java">
<Cov CovItemId="B3" Value="1"/>
<Cov CovItemId="B7" Value="1"/>
<Cov CovItemId="S13" Value="1"/>
<Cov CovItemId="S14" Value="1"/>
<Cov CovItemId="S2" Value="1"/>
<Cov CovItemId="S67" Value="1"/>
<Cov CovItemId="S7" Value="1"/>
<Cov CovItemId="S8" Value="1"/>
</CovPrefix>
</CovList>
<AssgnmntList>
<AssgnmntPrefix RootTermCovItemPrefix="Value.java">
<AssgnmntListEntry Length="1" RootTermCovItemId="C2">
<MapEntry BoolAssgnmnt="1" Value="1"/>
</AssgnmntListEntry>
<AssgnmntListEntry Length="4" RootTermCovItemId="C4">
<MapEntry BoolAssgnmnt="1222" Value="1"/>
</AssgnmntListEntry>
</AssgnmntPrefix>
</AssgnmntList>
<ObjMetaDataList/>
<MetaDataList/>
</TestCase>
<TestCase Comment="" Date="1367929510897" Name="ValueTest:testIsContainer">
<CovList>
<CovPrefix CovItemPrefix="Value.java">
<Cov CovItemId="B19" Value="1"/>
<Cov CovItemId="S2" Value="1"/>
<Cov CovItemId="S30" Value="1"/>
<Cov CovItemId="S31" Value="1"/>
<Cov CovItemId="S67" Value="1"/>
</CovPrefix>
</CovList>
<AssgnmntList>
<AssgnmntPrefix RootTermCovItemPrefix="Value.java">
<AssgnmntListEntry Length="2" RootTermCovItemId="C10">
<MapEntry BoolAssgnmnt="12" Value="1"/>
</AssgnmntListEntry>
</AssgnmntPrefix>
</AssgnmntList>
<ObjMetaDataList/>
<MetaDataList/>
</TestCase>
<TestCase Comment="" Date="1367929510898" Name="ValueTest:testValueObject">
<CovList/>
<AssgnmntList/>
<ObjMetaDataList/>
<MetaDataList/>
</TestCase>
<TestCase Comment="Failure&#10;java.lang.AssertionError: Not yet implemented&#13;&#10;&#9;at org.junit.Assert.fail(Assert.java:93)&#13;&#10;&#9;at ValueTest.testEqualsObject(ValueTest.java:86)&#13;&#10;&#9;at sun.reflect.NativeMethodAccessorImpl.invoke0(Native Method)&#13;&#10;&#9;at sun.reflect.NativeMethodAccessorImpl.invoke(Unknown Source)&#13;&#10;&#9;at sun.reflect.DelegatingMethodAccessorImpl.invoke(Unknown Source)&#13;&#10;&#9;at java.lang.reflect.Method.invoke(Unknown Source)&#13;&#10;&#9;at org.junit.runners.model.FrameworkMethod$1.runReflectiveCall(FrameworkMethod.java:45)&#13;&#10;&#9;at org.junit.internal.runners.model.ReflectiveCallable.run(ReflectiveCallable.java:15)&#13;&#10;&#9;at org.junit.runners.model.FrameworkMethod.invokeExplosively(FrameworkMethod.java:42)&#13;&#10;&#9;at org.junit.internal.runners.statements.InvokeMethod.evaluate(InvokeMethod.java:20)&#13;&#10;&#9;at org.junit.runners.ParentRunner.runLeaf(ParentRunner.java:263)&#13;&#10;&#9;at org.junit.runners.BlockJUnit4ClassRunner.runChild(BlockJUnit4ClassRunner.java:68)&#13;&#10;&#9;at org.junit.runners.BlockJUnit4ClassRunner.runChild(BlockJUnit4ClassRunner.java:47)&#13;&#10;&#9;at org.junit.runners.ParentRunner$3.run(ParentRunner.java:231)&#13;&#10;&#9;at org.junit.runners.ParentRunner$1.schedule(ParentRunner.java:60)&#13;&#10;&#9;at org.junit.runners.ParentRunner.runChildren(ParentRunner.java:229)&#13;&#10;&#9;at org.junit.runners.ParentRunner.access$000(ParentRunner.java:50)&#13;&#10;&#9;at org.junit.runners.ParentRunner$2.evaluate(ParentRunner.java:222)&#13;&#10;&#9;at org.junit.runners.ParentRunner.run(ParentRunner.java:300)&#13;&#10;&#9;at org.eclipse.jdt.internal.junit4.runner.JUnit4TestReference.run(JUnit4TestReference.java:50)&#13;&#10;&#9;at org.eclipse.jdt.internal.junit.runner.TestExecution.run(TestExecution.java:38)&#13;&#10;&#9;at org.eclipse.jdt.internal.junit.runner.RemoteTestRunner.runTests(RemoteTestRunner.java:467)&#13;&#10;&#9;at org.eclipse.jdt.internal.junit.runner.RemoteTestRunner.runTests(RemoteTestRunner.java:683)&#13;&#10;&#9;at org.eclipse.jdt.internal.junit.runner.RemoteTestRunner.run(RemoteTestRunner.java:390)&#13;&#10;&#9;at org.codecover.juniteclipse.runner.EclipseTestRunner.main(EclipseTestRunner.java:40)" Date="1367929510899" Name="ValueTest:testEqualsObject">
<CovList/>
<AssgnmntList/>
<ObjMetaDataList/>
<MetaDataList/>
</TestCase>
<MetaDataList/>
</TestSession>
<TestSession Comment="" Date="1367929518749" Name="May 7, 2013 2:25:18 PM">
<TestCase Comment="" Date="1367929518702" Name="ValueTest:testIsSameType">
<CovList>
<CovPrefix CovItemPrefix="Value.java">
<Cov CovItemId="B18" Value="1"/>
<Cov CovItemId="B19" Value="2"/>
<Cov CovItemId="B22" Value="1"/>
<Cov CovItemId="B23" Value="1"/>
<Cov CovItemId="S1" Value="1"/>
<Cov CovItemId="S2" Value="3"/>
<Cov CovItemId="S27" Value="1"/>
<Cov CovItemId="S29" Value="1"/>
<Cov CovItemId="S30" Value="2"/>
<Cov CovItemId="S31" Value="2"/>
<Cov CovItemId="S33" Value="1"/>
<Cov CovItemId="S35" Value="1"/>
<Cov CovItemId="S36" Value="1"/>
<Cov CovItemId="S67" Value="4"/>
</CovPrefix>
</CovList>
<AssgnmntList>
<AssgnmntPrefix RootTermCovItemPrefix="Value.java">
<AssgnmntListEntry Length="2" RootTermCovItemId="C10">
<MapEntry BoolAssgnmnt="12" Value="2"/>
</AssgnmntListEntry>
<AssgnmntListEntry Length="2" RootTermCovItemId="C11">
<MapEntry BoolAssgnmnt="02" Value="1"/>
</AssgnmntListEntry>
<AssgnmntListEntry Length="2" RootTermCovItemId="C12">
<MapEntry BoolAssgnmnt="11" Value="1"/>
</AssgnmntListEntry>
<AssgnmntListEntry Length="2" RootTermCovItemId="C9">
<MapEntry BoolAssgnmnt="00" Value="1"/>
</AssgnmntListEntry>
</AssgnmntPrefix>
</AssgnmntList>
<ObjMetaDataList/>
<MetaDataList/>
</TestCase>
<TestCase Comment="" Date="1367929518706" Name="ValueTest:testIsNumeric">
<CovList>
<CovPrefix CovItemPrefix="Value.java">
<Cov CovItemId="B3" Value="1"/>
<Cov CovItemId="B7" Value="1"/>
<Cov CovItemId="S13" Value="1"/>
<Cov CovItemId="S14" Value="1"/>
<Cov CovItemId="S2" Value="1"/>
<Cov CovItemId="S67" Value="1"/>
<Cov CovItemId="S7" Value="1"/>
<Cov CovItemId="S8" Value="1"/>
</CovPrefix>
</CovList>
<AssgnmntList>
<AssgnmntPrefix RootTermCovItemPrefix="Value.java">
<AssgnmntListEntry Length="1" RootTermCovItemId="C2">
<MapEntry BoolAssgnmnt="1" Value="1"/>
</AssgnmntListEntry>
<AssgnmntListEntry Length="4" RootTermCovItemId="C4">
<MapEntry BoolAssgnmnt="1222" Value="1"/>
</AssgnmntListEntry>
</AssgnmntPrefix>
</AssgnmntList>
<ObjMetaDataList/>
<MetaDataList/>
</TestCase>
<TestCase Comment="Failure&#10;java.lang.AssertionError: Not yet implemented&#13;&#10;&#9;at org.junit.Assert.fail(Assert.java:93)&#13;&#10;&#9;at ValueTest.testEqualsObject(ValueTest.java:86)&#13;&#10;&#9;at sun.reflect.NativeMethodAccessorImpl.invoke0(Native Method)&#13;&#10;&#9;at sun.reflect.NativeMethodAccessorImpl.invoke(Unknown Source)&#13;&#10;&#9;at sun.reflect.DelegatingMethodAccessorImpl.invoke(Unknown Source)&#13;&#10;&#9;at java.lang.reflect.Method.invoke(Unknown Source)&#13;&#10;&#9;at org.junit.runners.model.FrameworkMethod$1.runReflectiveCall(FrameworkMethod.java:45)&#13;&#10;&#9;at org.junit.internal.runners.model.ReflectiveCallable.run(ReflectiveCallable.java:15)&#13;&#10;&#9;at org.junit.runners.model.FrameworkMethod.invokeExplosively(FrameworkMethod.java:42)&#13;&#10;&#9;at org.junit.internal.runners.statements.InvokeMethod.evaluate(InvokeMethod.java:20)&#13;&#10;&#9;at org.junit.runners.ParentRunner.runLeaf(ParentRunner.java:263)&#13;&#10;&#9;at org.junit.runners.BlockJUnit4ClassRunner.runChild(BlockJUnit4ClassRunner.java:68)&#13;&#10;&#9;at org.junit.runners.BlockJUnit4ClassRunner.runChild(BlockJUnit4ClassRunner.java:47)&#13;&#10;&#9;at org.junit.runners.ParentRunner$3.run(ParentRunner.java:231)&#13;&#10;&#9;at org.junit.runners.ParentRunner$1.schedule(ParentRunner.java:60)&#13;&#10;&#9;at org.junit.runners.ParentRunner.runChildren(ParentRunner.java:229)&#13;&#10;&#9;at org.junit.runners.ParentRunner.access$000(ParentRunner.java:50)&#13;&#10;&#9;at org.junit.runners.ParentRunner$2.evaluate(ParentRunner.java:222)&#13;&#10;&#9;at org.junit.runners.ParentRunner.run(ParentRunner.java:300)&#13;&#10;&#9;at org.eclipse.jdt.internal.junit4.runner.JUnit4TestReference.run(JUnit4TestReference.java:50)&#13;&#10;&#9;at org.eclipse.jdt.internal.junit.runner.TestExecution.run(TestExecution.java:38)&#13;&#10;&#9;at org.eclipse.jdt.internal.junit.runner.RemoteTestRunner.runTests(RemoteTestRunner.java:467)&#13;&#10;&#9;at org.eclipse.jdt.internal.junit.runner.RemoteTestRunner.runTests(RemoteTestRunner.java:683)&#13;&#10;&#9;at org.eclipse.jdt.internal.junit.runner.RemoteTestRunner.run(RemoteTestRunner.java:390)&#13;&#10;&#9;at org.codecover.juniteclipse.runner.EclipseTestRunner.main(EclipseTestRunner.java:40)" Date="1367929518708" Name="ValueTest:testEqualsObject">
<CovList/>
<AssgnmntList/>
<ObjMetaDataList/>
<MetaDataList/>
</TestCase>
<TestCase Comment="" Date="1367929518716" Name="ValueTest:testValueObject">
<CovList/>
<AssgnmntList/>
<ObjMetaDataList/>
<MetaDataList/>
</TestCase>
<TestCase Comment="" Date="1367929518718" Name="ValueTest:testIsNumericExpression">
<CovList>
<CovPrefix CovItemPrefix="Value.java">
<Cov CovItemId="B9" Value="1"/>
<Cov CovItemId="S16" Value="1"/>
<Cov CovItemId="S17" Value="1"/>
<Cov CovItemId="S2" Value="1"/>
<Cov CovItemId="S67" Value="1"/>
</CovPrefix>
</CovList>
<AssgnmntList>
<AssgnmntPrefix RootTermCovItemPrefix="Value.java">
<AssgnmntListEntry Length="1" RootTermCovItemId="C5">
<MapEntry BoolAssgnmnt="1" Value="1"/>
</AssgnmntListEntry>
</AssgnmntPrefix>
</AssgnmntList>
<ObjMetaDataList/>
<MetaDataList/>
</TestCase>
<TestCase Comment="" Date="1367929518719" Name="ValueTest:testIsContainer">
<CovList>
<CovPrefix CovItemPrefix="Value.java">
<Cov CovItemId="B19" Value="1"/>
<Cov CovItemId="S2" Value="1"/>
<Cov CovItemId="S30" Value="1"/>
<Cov CovItemId="S31" Value="1"/>
<Cov CovItemId="S67" Value="1"/>
</CovPrefix>
</CovList>
<AssgnmntList>
<AssgnmntPrefix RootTermCovItemPrefix="Value.java">
<AssgnmntListEntry Length="2" RootTermCovItemId="C10">
<MapEntry BoolAssgnmnt="12" Value="1"/>
</AssgnmntListEntry>
</AssgnmntPrefix>
</AssgnmntList>
<ObjMetaDataList/>
<MetaDataList/>
</TestCase>
<TestCase Comment="" Date="1367929518720" Name="ValueTest:testIsInt">
<CovList>
<CovPrefix CovItemPrefix="Value.java">
<Cov CovItemId="B3" Value="1"/>
<Cov CovItemId="S2" Value="1"/>
<Cov CovItemId="S67" Value="1"/>
<Cov CovItemId="S7" Value="1"/>
<Cov CovItemId="S8" Value="1"/>
</CovPrefix>
</CovList>
<AssgnmntList>
<AssgnmntPrefix RootTermCovItemPrefix="Value.java">
<AssgnmntListEntry Length="1" RootTermCovItemId="C2">
<MapEntry BoolAssgnmnt="1" Value="1"/>
</AssgnmntListEntry>
</AssgnmntPrefix>
</AssgnmntList>
<ObjMetaDataList/>
<MetaDataList/>
</TestCase>
<TestCase Comment="Failure&#10;java.lang.AssertionError: test must be a string&#13;&#10;&#9;at org.junit.Assert.fail(Assert.java:93)&#13;&#10;&#9;at org.junit.Assert.assertTrue(Assert.java:43)&#13;&#10;&#9;at ValueTest.testIsString(ValueTest.java:57)&#13;&#10;&#9;at sun.reflect.NativeMethodAccessorImpl.invoke0(Native Method)&#13;&#10;&#9;at sun.reflect.NativeMethodAccessorImpl.invoke(Unknown Source)&#13;&#10;&#9;at sun.reflect.DelegatingMethodAccessorImpl.invoke(Unknown Source)&#13;&#10;&#9;at java.lang.reflect.Method.invoke(Unknown Source)&#13;&#10;&#9;at org.junit.runners.model.FrameworkMethod$1.runReflectiveCall(FrameworkMethod.java:45)&#13;&#10;&#9;at org.junit.internal.runners.model.ReflectiveCallable.run(ReflectiveCallable.java:15)&#13;&#10;&#9;at org.junit.runners.model.FrameworkMethod.invokeExplosively(FrameworkMethod.java:42)&#13;&#10;&#9;at org.junit.internal.runners.statements.InvokeMethod.evaluate(InvokeMethod.java:20)&#13;&#10;&#9;at org.junit.runners.ParentRunner.runLeaf(ParentRunner.java:263)&#13;&#10;&#9;at org.junit.runners.BlockJUnit4ClassRunner.runChild(BlockJUnit4ClassRunner.java:68)&#13;&#10;&#9;at org.junit.runners.BlockJUnit4ClassRunner.runChild(BlockJUnit4ClassRunner.java:47)&#13;&#10;&#9;at org.junit.runners.ParentRunner$3.run(ParentRunner.java:231)&#13;&#10;&#9;at org.junit.runners.ParentRunner$1.schedule(ParentRunner.java:60)&#13;&#10;&#9;at org.junit.runners.ParentRunner.runChildren(ParentRunner.java:229)&#13;&#10;&#9;at org.junit.runners.ParentRunner.access$000(ParentRunner.java:50)&#13;&#10;&#9;at org.junit.runners.ParentRunner$2.evaluate(ParentRunner.java:222)&#13;&#10;&#9;at org.junit.runners.ParentRunner.run(ParentRunner.java:300)&#13;&#10;&#9;at org.eclipse.jdt.internal.junit4.runner.JUnit4TestReference.run(JUnit4TestReference.java:50)&#13;&#10;&#9;at org.eclipse.jdt.internal.junit.runner.TestExecution.run(TestExecution.java:38)&#13;&#10;&#9;at org.eclipse.jdt.internal.junit.runner.RemoteTestRunner.runTests(RemoteTestRunner.java:467)&#13;&#10;&#9;at org.eclipse.jdt.internal.junit.runner.RemoteTestRunner.runTests(RemoteTestRunner.java:683)&#13;&#10;&#9;at org.eclipse.jdt.internal.junit.runner.RemoteTestRunner.run(RemoteTestRunner.java:390)&#13;&#10;&#9;at org.codecover.juniteclipse.runner.EclipseTestRunner.main(EclipseTestRunner.java:40)" Date="1367929518721" Name="ValueTest:testIsString">
<CovList>
<CovPrefix CovItemPrefix="Value.java">
<Cov CovItemId="B14" Value="1"/>
<Cov CovItemId="B15" Value="1"/>
<Cov CovItemId="S2" Value="1"/>
<Cov CovItemId="S22" Value="1"/>
<Cov CovItemId="S24" Value="1"/>
<Cov CovItemId="S25" Value="1"/>
<Cov CovItemId="S67" Value="2"/>
</CovPrefix>
</CovList>
<AssgnmntList>
<AssgnmntPrefix RootTermCovItemPrefix="Value.java">
<AssgnmntListEntry Length="1" RootTermCovItemId="C7">
<MapEntry BoolAssgnmnt="0" Value="1"/>
</AssgnmntListEntry>
<AssgnmntListEntry Length="2" RootTermCovItemId="C8">
<MapEntry BoolAssgnmnt="12" Value="1"/>
</AssgnmntListEntry>
</AssgnmntPrefix>
</AssgnmntList>
<ObjMetaDataList/>
<MetaDataList/>
</TestCase>
<TestCase Comment="" Date="1367929518725" Name="ValueTest:testIsBool">
<CovList>
<CovPrefix CovItemPrefix="Value.java">
<Cov CovItemId="B17" Value="1"/>
<Cov CovItemId="S2" Value="1"/>
<Cov CovItemId="S27" Value="1"/>
<Cov CovItemId="S28" Value="1"/>
<Cov CovItemId="S67" Value="1"/>
</CovPrefix>
</CovList>
<AssgnmntList>
<AssgnmntPrefix RootTermCovItemPrefix="Value.java">
<AssgnmntListEntry Length="2" RootTermCovItemId="C9">
<MapEntry BoolAssgnmnt="12" Value="1"/>
</AssgnmntListEntry>
</AssgnmntPrefix>
</AssgnmntList>
<ObjMetaDataList/>
<MetaDataList/>
</TestCase>
<TestCase Comment="" Date="1367929518727" Name="ValueTest:testIsDrink">
<CovList>
<CovPrefix CovItemPrefix="Value.java">
<Cov CovItemId="B5" Value="1"/>
<Cov CovItemId="S10" Value="1"/>
<Cov CovItemId="S11" Value="1"/>
<Cov CovItemId="S2" Value="1"/>
<Cov CovItemId="S67" Value="1"/>
</CovPrefix>
</CovList>
<AssgnmntList>
<AssgnmntPrefix RootTermCovItemPrefix="Value.java">
<AssgnmntListEntry Length="1" RootTermCovItemId="C3">
<MapEntry BoolAssgnmnt="1" Value="1"/>
</AssgnmntListEntry>
</AssgnmntPrefix>
</AssgnmntList>
<ObjMetaDataList/>
<MetaDataList/>
</TestCase>
<TestCase Comment="" Date="1367929518728" Name="ValueTest:testValue">
<CovList/>
<AssgnmntList/>
<ObjMetaDataList/>
<MetaDataList/>
</TestCase>
<TestCase Comment="" Date="1367929518729" Name="ValueTest:testIsChar">
<CovList>
<CovPrefix CovItemPrefix="Value.java">
<Cov CovItemId="B12" Value="1"/>
<Cov CovItemId="S19" Value="1"/>
<Cov CovItemId="S2" Value="1"/>
<Cov CovItemId="S21" Value="1"/>
<Cov CovItemId="S67" Value="4"/>
</CovPrefix>
</CovList>
<AssgnmntList>
<AssgnmntPrefix RootTermCovItemPrefix="Value.java">
<AssgnmntListEntry Length="3" RootTermCovItemId="C6">
<MapEntry BoolAssgnmnt="000" Value="1"/>
</AssgnmntListEntry>
</AssgnmntPrefix>
</AssgnmntList>
<ObjMetaDataList/>
<MetaDataList/>
</TestCase>
<TestCase Comment="" Date="1367929518730" Name="ValueTest:testIsDouble">
<CovList>
<CovPrefix CovItemPrefix="Value.java">
<Cov CovItemId="B1" Value="1"/>
<Cov CovItemId="S2" Value="1"/>
<Cov CovItemId="S4" Value="1"/>
<Cov CovItemId="S5" Value="1"/>
<Cov CovItemId="S67" Value="1"/>
</CovPrefix>
</CovList>
<AssgnmntList>
<AssgnmntPrefix RootTermCovItemPrefix="Value.java">
<AssgnmntListEntry Length="1" RootTermCovItemId="C1">
<MapEntry BoolAssgnmnt="1" Value="1"/>
</AssgnmntListEntry>
</AssgnmntPrefix>
</AssgnmntList>
<ObjMetaDataList/>
<MetaDataList/>
</TestCase>
<TestCase Comment="" Date="1367929518732" Name="ValueTest:testGetType">
<CovList>
<CovPrefix CovItemPrefix="Value.java">
<Cov CovItemId="B17" Value="1"/>
<Cov CovItemId="B33" Value="1"/>
<Cov CovItemId="S2" Value="1"/>
<Cov CovItemId="S27" Value="1"/>
<Cov CovItemId="S28" Value="1"/>
<Cov CovItemId="S46" Value="1"/>
<Cov CovItemId="S47" Value="1"/>
<Cov CovItemId="S67" Value="1"/>
</CovPrefix>
</CovList>
<AssgnmntList>
<AssgnmntPrefix RootTermCovItemPrefix="Value.java">
<AssgnmntListEntry Length="2" RootTermCovItemId="C17">
<MapEntry BoolAssgnmnt="12" Value="1"/>
</AssgnmntListEntry>
<AssgnmntListEntry Length="2" RootTermCovItemId="C9">
<MapEntry BoolAssgnmnt="12" Value="1"/>
</AssgnmntListEntry>
</AssgnmntPrefix>
</AssgnmntList>
<ObjMetaDataList/>
<MetaDataList/>
</TestCase>
<TestCase Comment="Failure&#10;java.lang.AssertionError: Not yet implemented&#13;&#10;&#9;at org.junit.Assert.fail(Assert.java:93)&#13;&#10;&#9;at ValueTest.testToString(ValueTest.java:91)&#13;&#10;&#9;at sun.reflect.NativeMethodAccessorImpl.invoke0(Native Method)&#13;&#10;&#9;at sun.reflect.NativeMethodAccessorImpl.invoke(Unknown Source)&#13;&#10;&#9;at sun.reflect.DelegatingMethodAccessorImpl.invoke(Unknown Source)&#13;&#10;&#9;at java.lang.reflect.Method.invoke(Unknown Source)&#13;&#10;&#9;at org.junit.runners.model.FrameworkMethod$1.runReflectiveCall(FrameworkMethod.java:45)&#13;&#10;&#9;at org.junit.internal.runners.model.ReflectiveCallable.run(ReflectiveCallable.java:15)&#13;&#10;&#9;at org.junit.runners.model.FrameworkMethod.invokeExplosively(FrameworkMethod.java:42)&#13;&#10;&#9;at org.junit.internal.runners.statements.InvokeMethod.evaluate(InvokeMethod.java:20)&#13;&#10;&#9;at org.junit.runners.ParentRunner.runLeaf(ParentRunner.java:263)&#13;&#10;&#9;at org.junit.runners.BlockJUnit4ClassRunner.runChild(BlockJUnit4ClassRunner.java:68)&#13;&#10;&#9;at org.junit.runners.BlockJUnit4ClassRunner.runChild(BlockJUnit4ClassRunner.java:47)&#13;&#10;&#9;at org.junit.runners.ParentRunner$3.run(ParentRunner.java:231)&#13;&#10;&#9;at org.junit.runners.ParentRunner$1.schedule(ParentRunner.java:60)&#13;&#10;&#9;at org.junit.runners.ParentRunner.runChildren(ParentRunner.java:229)&#13;&#10;&#9;at org.junit.runners.ParentRunner.access$000(ParentRunner.java:50)&#13;&#10;&#9;at org.junit.runners.ParentRunner$2.evaluate(ParentRunner.java:222)&#13;&#10;&#9;at org.junit.runners.ParentRunner.run(ParentRunner.java:300)&#13;&#10;&#9;at org.eclipse.jdt.internal.junit4.runner.JUnit4TestReference.run(JUnit4TestReference.java:50)&#13;&#10;&#9;at org.eclipse.jdt.internal.junit.runner.TestExecution.run(TestExecution.java:38)&#13;&#10;&#9;at org.eclipse.jdt.internal.junit.runner.RemoteTestRunner.runTests(RemoteTestRunner.java:467)&#13;&#10;&#9;at org.eclipse.jdt.internal.junit.runner.RemoteTestRunner.runTests(RemoteTestRunner.java:683)&#13;&#10;&#9;at org.eclipse.jdt.internal.junit.runner.RemoteTestRunner.run(RemoteTestRunner.java:390)&#13;&#10;&#9;at org.codecover.juniteclipse.runner.EclipseTestRunner.main(EclipseTestRunner.java:40)" Date="1367929518733" Name="ValueTest:testToString">
<CovList/>
<AssgnmntList/>
<ObjMetaDataList/>
<MetaDataList/>
</TestCase>
<MetaDataList/>
</TestSession>
<TestSession Comment="" Date="1367929558250" Name="May 7, 2013 2:25:58 PM">
<TestCase Comment="" Date="1367929557668" Name="ValueTest:testIsDouble">
<CovList>
<CovPrefix CovItemPrefix="Value.java">
<Cov CovItemId="B1" Value="1"/>
<Cov CovItemId="S1" Value="1"/>
<Cov CovItemId="S2" Value="2"/>
<Cov CovItemId="S4" Value="1"/>
<Cov CovItemId="S5" Value="1"/>
<Cov CovItemId="S67" Value="1"/>
</CovPrefix>
</CovList>
<AssgnmntList>
<AssgnmntPrefix RootTermCovItemPrefix="Value.java">
<AssgnmntListEntry Length="1" RootTermCovItemId="C1">
<MapEntry BoolAssgnmnt="1" Value="1"/>
</AssgnmntListEntry>
</AssgnmntPrefix>
</AssgnmntList>
<ObjMetaDataList/>
<MetaDataList/>
</TestCase>
<TestCase Comment="" Date="1367929557673" Name="ValueTest:testIsChar">
<CovList>
<CovPrefix CovItemPrefix="Value.java">
<Cov CovItemId="B12" Value="1"/>
<Cov CovItemId="S19" Value="1"/>
<Cov CovItemId="S2" Value="1"/>
<Cov CovItemId="S21" Value="1"/>
<Cov CovItemId="S67" Value="4"/>
</CovPrefix>
</CovList>
<AssgnmntList>
<AssgnmntPrefix RootTermCovItemPrefix="Value.java">
<AssgnmntListEntry Length="3" RootTermCovItemId="C6">
<MapEntry BoolAssgnmnt="000" Value="1"/>
</AssgnmntListEntry>
</AssgnmntPrefix>
</AssgnmntList>
<ObjMetaDataList/>
<MetaDataList/>
</TestCase>
<TestCase Comment="" Date="1367929557675" Name="ValueTest:testIsBool">
<CovList>
<CovPrefix CovItemPrefix="Value.java">
<Cov CovItemId="B17" Value="1"/>
<Cov CovItemId="S2" Value="1"/>
<Cov CovItemId="S27" Value="1"/>
<Cov CovItemId="S28" Value="1"/>
<Cov CovItemId="S67" Value="1"/>
</CovPrefix>
</CovList>
<AssgnmntList>
<AssgnmntPrefix RootTermCovItemPrefix="Value.java">
<AssgnmntListEntry Length="2" RootTermCovItemId="C9">
<MapEntry BoolAssgnmnt="12" Value="1"/>
</AssgnmntListEntry>
</AssgnmntPrefix>
</AssgnmntList>
<ObjMetaDataList/>
<MetaDataList/>
</TestCase>
<TestCase Comment="" Date="1367929557676" Name="ValueTest:testIsDrink">
<CovList>
<CovPrefix CovItemPrefix="Value.java">
<Cov CovItemId="B5" Value="1"/>
<Cov CovItemId="S10" Value="1"/>
<Cov CovItemId="S11" Value="1"/>
<Cov CovItemId="S2" Value="1"/>
<Cov CovItemId="S67" Value="1"/>
</CovPrefix>
</CovList>
<AssgnmntList>
<AssgnmntPrefix RootTermCovItemPrefix="Value.java">
<AssgnmntListEntry Length="1" RootTermCovItemId="C3">
<MapEntry BoolAssgnmnt="1" Value="1"/>
</AssgnmntListEntry>
</AssgnmntPrefix>
</AssgnmntList>
<ObjMetaDataList/>
<MetaDataList/>
</TestCase>
<TestCase Comment="Failure&#10;java.lang.AssertionError: test must be a string&#13;&#10;&#9;at org.junit.Assert.fail(Assert.java:93)&#13;&#10;&#9;at org.junit.Assert.assertTrue(Assert.java:43)&#13;&#10;&#9;at ValueTest.testIsString(ValueTest.java:57)&#13;&#10;&#9;at sun.reflect.NativeMethodAccessorImpl.invoke0(Native Method)&#13;&#10;&#9;at sun.reflect.NativeMethodAccessorImpl.invoke(Unknown Source)&#13;&#10;&#9;at sun.reflect.DelegatingMethodAccessorImpl.invoke(Unknown Source)&#13;&#10;&#9;at java.lang.reflect.Method.invoke(Unknown Source)&#13;&#10;&#9;at org.junit.runners.model.FrameworkMethod$1.runReflectiveCall(FrameworkMethod.java:45)&#13;&#10;&#9;at org.junit.internal.runners.model.ReflectiveCallable.run(ReflectiveCallable.java:15)&#13;&#10;&#9;at org.junit.runners.model.FrameworkMethod.invokeExplosively(FrameworkMethod.java:42)&#13;&#10;&#9;at org.junit.internal.runners.statements.InvokeMethod.evaluate(InvokeMethod.java:20)&#13;&#10;&#9;at org.junit.runners.ParentRunner.runLeaf(ParentRunner.java:263)&#13;&#10;&#9;at org.junit.runners.BlockJUnit4ClassRunner.runChild(BlockJUnit4ClassRunner.java:68)&#13;&#10;&#9;at org.junit.runners.BlockJUnit4ClassRunner.runChild(BlockJUnit4ClassRunner.java:47)&#13;&#10;&#9;at org.junit.runners.ParentRunner$3.run(ParentRunner.java:231)&#13;&#10;&#9;at org.junit.runners.ParentRunner$1.schedule(ParentRunner.java:60)&#13;&#10;&#9;at org.junit.runners.ParentRunner.runChildren(ParentRunner.java:229)&#13;&#10;&#9;at org.junit.runners.ParentRunner.access$000(ParentRunner.java:50)&#13;&#10;&#9;at org.junit.runners.ParentRunner$2.evaluate(ParentRunner.java:222)&#13;&#10;&#9;at org.junit.runners.ParentRunner.run(ParentRunner.java:300)&#13;&#10;&#9;at org.eclipse.jdt.internal.junit4.runner.JUnit4TestReference.run(JUnit4TestReference.java:50)&#13;&#10;&#9;at org.eclipse.jdt.internal.junit.runner.TestExecution.run(TestExecution.java:38)&#13;&#10;&#9;at org.eclipse.jdt.internal.junit.runner.RemoteTestRunner.runTests(RemoteTestRunner.java:467)&#13;&#10;&#9;at org.eclipse.jdt.internal.junit.runner.RemoteTestRunner.runTests(RemoteTestRunner.java:683)&#13;&#10;&#9;at org.eclipse.jdt.internal.junit.runner.RemoteTestRunner.run(RemoteTestRunner.java:390)&#13;&#10;&#9;at org.codecover.juniteclipse.runner.EclipseTestRunner.main(EclipseTestRunner.java:40)" Date="1367929557677" Name="ValueTest:testIsString">
<CovList>
<CovPrefix CovItemPrefix="Value.java">
<Cov CovItemId="B14" Value="1"/>
<Cov CovItemId="B15" Value="1"/>
<Cov CovItemId="S2" Value="1"/>
<Cov CovItemId="S22" Value="1"/>
<Cov CovItemId="S24" Value="1"/>
<Cov CovItemId="S25" Value="1"/>
<Cov CovItemId="S67" Value="2"/>
</CovPrefix>
</CovList>
<AssgnmntList>
<AssgnmntPrefix RootTermCovItemPrefix="Value.java">
<AssgnmntListEntry Length="1" RootTermCovItemId="C7">
<MapEntry BoolAssgnmnt="0" Value="1"/>
</AssgnmntListEntry>
<AssgnmntListEntry Length="2" RootTermCovItemId="C8">
<MapEntry BoolAssgnmnt="12" Value="1"/>
</AssgnmntListEntry>
</AssgnmntPrefix>
</AssgnmntList>
<ObjMetaDataList/>
<MetaDataList/>
</TestCase>
<TestCase Comment="" Date="1367929557686" Name="ValueTest:testIsInt">
<CovList>
<CovPrefix CovItemPrefix="Value.java">
<Cov CovItemId="B3" Value="1"/>
<Cov CovItemId="S2" Value="1"/>
<Cov CovItemId="S67" Value="1"/>
<Cov CovItemId="S7" Value="1"/>
<Cov CovItemId="S8" Value="1"/>
</CovPrefix>
</CovList>
<AssgnmntList>
<AssgnmntPrefix RootTermCovItemPrefix="Value.java">
<AssgnmntListEntry Length="1" RootTermCovItemId="C2">
<MapEntry BoolAssgnmnt="1" Value="1"/>
</AssgnmntListEntry>
</AssgnmntPrefix>
</AssgnmntList>
<ObjMetaDataList/>
<MetaDataList/>
</TestCase>
<TestCase Comment="" Date="1367929557687" Name="ValueTest:testToString">
<CovList/>
<AssgnmntList/>
<ObjMetaDataList/>
<MetaDataList/>
</TestCase>
<TestCase Comment="" Date="1367929557688" Name="ValueTest:testGetType">
<CovList>
<CovPrefix CovItemPrefix="Value.java">
<Cov CovItemId="B17" Value="1"/>
<Cov CovItemId="B33" Value="1"/>
<Cov CovItemId="S2" Value="1"/>
<Cov CovItemId="S27" Value="1"/>
<Cov CovItemId="S28" Value="1"/>
<Cov CovItemId="S46" Value="1"/>
<Cov CovItemId="S47" Value="1"/>
<Cov CovItemId="S67" Value="1"/>
</CovPrefix>
</CovList>
<AssgnmntList>
<AssgnmntPrefix RootTermCovItemPrefix="Value.java">
<AssgnmntListEntry Length="2" RootTermCovItemId="C17">
<MapEntry BoolAssgnmnt="12" Value="1"/>
</AssgnmntListEntry>
<AssgnmntListEntry Length="2" RootTermCovItemId="C9">
<MapEntry BoolAssgnmnt="12" Value="1"/>
</AssgnmntListEntry>
</AssgnmntPrefix>
</AssgnmntList>
<ObjMetaDataList/>
<MetaDataList/>
</TestCase>
<TestCase Comment="" Date="1367929557690" Name="ValueTest:testIsSameType">
<CovList>
<CovPrefix CovItemPrefix="Value.java">
<Cov CovItemId="B18" Value="1"/>
<Cov CovItemId="B19" Value="2"/>
<Cov CovItemId="B22" Value="1"/>
<Cov CovItemId="B23" Value="1"/>
<Cov CovItemId="S2" Value="2"/>
<Cov CovItemId="S27" Value="1"/>
<Cov CovItemId="S29" Value="1"/>
<Cov CovItemId="S30" Value="2"/>
<Cov CovItemId="S31" Value="2"/>
<Cov CovItemId="S33" Value="1"/>
<Cov CovItemId="S35" Value="1"/>
<Cov CovItemId="S36" Value="1"/>
<Cov CovItemId="S67" Value="4"/>
</CovPrefix>
</CovList>
<AssgnmntList>
<AssgnmntPrefix RootTermCovItemPrefix="Value.java">
<AssgnmntListEntry Length="2" RootTermCovItemId="C10">
<MapEntry BoolAssgnmnt="12" Value="2"/>
</AssgnmntListEntry>
<AssgnmntListEntry Length="2" RootTermCovItemId="C11">
<MapEntry BoolAssgnmnt="02" Value="1"/>
</AssgnmntListEntry>
<AssgnmntListEntry Length="2" RootTermCovItemId="C12">
<MapEntry BoolAssgnmnt="11" Value="1"/>
</AssgnmntListEntry>
<AssgnmntListEntry Length="2" RootTermCovItemId="C9">
<MapEntry BoolAssgnmnt="00" Value="1"/>
</AssgnmntListEntry>
</AssgnmntPrefix>
</AssgnmntList>
<ObjMetaDataList/>
<MetaDataList/>
</TestCase>
<TestCase Comment="" Date="1367929557691" Name="ValueTest:testIsNumericExpression">
<CovList>
<CovPrefix CovItemPrefix="Value.java">
<Cov CovItemId="B9" Value="1"/>
<Cov CovItemId="S16" Value="1"/>
<Cov CovItemId="S17" Value="1"/>
<Cov CovItemId="S2" Value="1"/>
<Cov CovItemId="S67" Value="1"/>
</CovPrefix>
</CovList>
<AssgnmntList>
<AssgnmntPrefix RootTermCovItemPrefix="Value.java">
<AssgnmntListEntry Length="1" RootTermCovItemId="C5">
<MapEntry BoolAssgnmnt="1" Value="1"/>
</AssgnmntListEntry>
</AssgnmntPrefix>
</AssgnmntList>
<ObjMetaDataList/>
<MetaDataList/>
</TestCase>
<TestCase Comment="" Date="1367929557693" Name="ValueTest:testEqualsObject">
<CovList/>
<AssgnmntList/>
<ObjMetaDataList/>
<MetaDataList/>
</TestCase>
<TestCase Comment="" Date="1367929557694" Name="ValueTest:testIsContainer">
<CovList>
<CovPrefix CovItemPrefix="Value.java">
<Cov CovItemId="B19" Value="1"/>
<Cov CovItemId="S2" Value="1"/>
<Cov CovItemId="S30" Value="1"/>
<Cov CovItemId="S31" Value="1"/>
<Cov CovItemId="S67" Value="1"/>
</CovPrefix>
</CovList>
<AssgnmntList>
<AssgnmntPrefix RootTermCovItemPrefix="Value.java">
<AssgnmntListEntry Length="2" RootTermCovItemId="C10">
<MapEntry BoolAssgnmnt="12" Value="1"/>
</AssgnmntListEntry>
</AssgnmntPrefix>
</AssgnmntList>
<ObjMetaDataList/>
<MetaDataList/>
</TestCase>
<TestCase Comment="" Date="1367929557695" Name="ValueTest:testIsNumeric">
<CovList>
<CovPrefix CovItemPrefix="Value.java">
<Cov CovItemId="B3" Value="1"/>
<Cov CovItemId="B7" Value="1"/>
<Cov CovItemId="S13" Value="1"/>
<Cov CovItemId="S14" Value="1"/>
<Cov CovItemId="S2" Value="1"/>
<Cov CovItemId="S67" Value="1"/>
<Cov CovItemId="S7" Value="1"/>
<Cov CovItemId="S8" Value="1"/>
</CovPrefix>
</CovList>
<AssgnmntList>
<AssgnmntPrefix RootTermCovItemPrefix="Value.java">
<AssgnmntListEntry Length="1" RootTermCovItemId="C2">
<MapEntry BoolAssgnmnt="1" Value="1"/>
</AssgnmntListEntry>
<AssgnmntListEntry Length="4" RootTermCovItemId="C4">
<MapEntry BoolAssgnmnt="1222" Value="1"/>
</AssgnmntListEntry>
</AssgnmntPrefix>
</AssgnmntList>
<ObjMetaDataList/>
<MetaDataList/>
</TestCase>
<TestCase Comment="" Date="1367929557696" Name="ValueTest:testValueObject">
<CovList/>
<AssgnmntList/>
<ObjMetaDataList/>
<MetaDataList/>
</TestCase>
<MetaDataList/>
</TestSession>
<TestSession Comment="" Date="1367929716152" Name="May 7, 2013 2:28:36 PM">
<TestCase Comment="" Date="1367929716125" Name="ValueTest:testIsDouble">
<CovList>
<CovPrefix CovItemPrefix="Value.java">
<Cov CovItemId="B1" Value="1"/>
<Cov CovItemId="S1" Value="1"/>
<Cov CovItemId="S2" Value="2"/>
<Cov CovItemId="S4" Value="1"/>
<Cov CovItemId="S5" Value="1"/>
<Cov CovItemId="S67" Value="1"/>
</CovPrefix>
</CovList>
<AssgnmntList>
<AssgnmntPrefix RootTermCovItemPrefix="Value.java">
<AssgnmntListEntry Length="1" RootTermCovItemId="C1">
<MapEntry BoolAssgnmnt="1" Value="1"/>
</AssgnmntListEntry>
</AssgnmntPrefix>
</AssgnmntList>
<ObjMetaDataList/>
<MetaDataList/>
</TestCase>
<TestCase Comment="" Date="1367929716128" Name="ValueTest:testIsInt">
<CovList>
<CovPrefix CovItemPrefix="Value.java">
<Cov CovItemId="B3" Value="1"/>
<Cov CovItemId="S2" Value="1"/>
<Cov CovItemId="S67" Value="1"/>
<Cov CovItemId="S7" Value="1"/>
<Cov CovItemId="S8" Value="1"/>
</CovPrefix>
</CovList>
<AssgnmntList>
<AssgnmntPrefix RootTermCovItemPrefix="Value.java">
<AssgnmntListEntry Length="1" RootTermCovItemId="C2">
<MapEntry BoolAssgnmnt="1" Value="1"/>
</AssgnmntListEntry>
</AssgnmntPrefix>
</AssgnmntList>
<ObjMetaDataList/>
<MetaDataList/>
</TestCase>
<TestCase Comment="" Date="1367929716129" Name="ValueTest:testIsDrink">
<CovList>
<CovPrefix CovItemPrefix="Value.java">
<Cov CovItemId="B5" Value="1"/>
<Cov CovItemId="S10" Value="1"/>
<Cov CovItemId="S11" Value="1"/>
<Cov CovItemId="S2" Value="1"/>
<Cov CovItemId="S67" Value="1"/>
</CovPrefix>
</CovList>
<AssgnmntList>
<AssgnmntPrefix RootTermCovItemPrefix="Value.java">
<AssgnmntListEntry Length="1" RootTermCovItemId="C3">
<MapEntry BoolAssgnmnt="1" Value="1"/>
</AssgnmntListEntry>
</AssgnmntPrefix>
</AssgnmntList>
<ObjMetaDataList/>
<MetaDataList/>
</TestCase>
<TestCase Comment="" Date="1367929716130" Name="ValueTest:testIsChar">
<CovList>
<CovPrefix CovItemPrefix="Value.java">
<Cov CovItemId="B12" Value="1"/>
<Cov CovItemId="S19" Value="1"/>
<Cov CovItemId="S2" Value="1"/>
<Cov CovItemId="S21" Value="1"/>
<Cov CovItemId="S67" Value="4"/>
</CovPrefix>
</CovList>
<AssgnmntList>
<AssgnmntPrefix RootTermCovItemPrefix="Value.java">
<AssgnmntListEntry Length="3" RootTermCovItemId="C6">
<MapEntry BoolAssgnmnt="000" Value="1"/>
</AssgnmntListEntry>
</AssgnmntPrefix>
</AssgnmntList>
<ObjMetaDataList/>
<MetaDataList/>
</TestCase>
<TestCase Comment="" Date="1367929716131" Name="ValueTest:testToString">
<CovList/>
<AssgnmntList/>
<ObjMetaDataList/>
<MetaDataList/>
</TestCase>
<TestCase Comment="" Date="1367929716132" Name="ValueTest:testIsString">
<CovList>
<CovPrefix CovItemPrefix="Value.java">
<Cov CovItemId="B14" Value="1"/>
<Cov CovItemId="B16" Value="1"/>
<Cov CovItemId="S2" Value="1"/>
<Cov CovItemId="S22" Value="1"/>
<Cov CovItemId="S24" Value="1"/>
<Cov CovItemId="S26" Value="1"/>
<Cov CovItemId="S67" Value="4"/>
</CovPrefix>
</CovList>
<AssgnmntList>
<AssgnmntPrefix RootTermCovItemPrefix="Value.java">
<AssgnmntListEntry Length="1" RootTermCovItemId="C7">
<MapEntry BoolAssgnmnt="0" Value="1"/>
</AssgnmntListEntry>
<AssgnmntListEntry Length="2" RootTermCovItemId="C8">
<MapEntry BoolAssgnmnt="00" Value="1"/>
</AssgnmntListEntry>
</AssgnmntPrefix>
</AssgnmntList>
<ObjMetaDataList/>
<MetaDataList/>
</TestCase>
<TestCase Comment="" Date="1367929716133" Name="ValueTest:testIsBool">
<CovList>
<CovPrefix CovItemPrefix="Value.java">
<Cov CovItemId="B17" Value="1"/>
<Cov CovItemId="S2" Value="1"/>
<Cov CovItemId="S27" Value="1"/>
<Cov CovItemId="S28" Value="1"/>
<Cov CovItemId="S67" Value="1"/>
</CovPrefix>
</CovList>
<AssgnmntList>
<AssgnmntPrefix RootTermCovItemPrefix="Value.java">
<AssgnmntListEntry Length="2" RootTermCovItemId="C9">
<MapEntry BoolAssgnmnt="12" Value="1"/>
</AssgnmntListEntry>
</AssgnmntPrefix>
</AssgnmntList>
<ObjMetaDataList/>
<MetaDataList/>
</TestCase>
<TestCase Comment="" Date="1367929716134" Name="ValueTest:testGetType">
<CovList>
<CovPrefix CovItemPrefix="Value.java">
<Cov CovItemId="B17" Value="1"/>
<Cov CovItemId="B33" Value="1"/>
<Cov CovItemId="S2" Value="1"/>
<Cov CovItemId="S27" Value="1"/>
<Cov CovItemId="S28" Value="1"/>
<Cov CovItemId="S46" Value="1"/>
<Cov CovItemId="S47" Value="1"/>
<Cov CovItemId="S67" Value="1"/>
</CovPrefix>
</CovList>
<AssgnmntList>
<AssgnmntPrefix RootTermCovItemPrefix="Value.java">
<AssgnmntListEntry Length="2" RootTermCovItemId="C17">
<MapEntry BoolAssgnmnt="12" Value="1"/>
</AssgnmntListEntry>
<AssgnmntListEntry Length="2" RootTermCovItemId="C9">
<MapEntry BoolAssgnmnt="12" Value="1"/>
</AssgnmntListEntry>
</AssgnmntPrefix>
</AssgnmntList>
<ObjMetaDataList/>
<MetaDataList/>
</TestCase>
<TestCase Comment="" Date="1367929716135" Name="ValueTest:testIsNumericExpression">
<CovList>
<CovPrefix CovItemPrefix="Value.java">
<Cov CovItemId="B9" Value="1"/>
<Cov CovItemId="S16" Value="1"/>
<Cov CovItemId="S17" Value="1"/>
<Cov CovItemId="S2" Value="1"/>
<Cov CovItemId="S67" Value="1"/>
</CovPrefix>
</CovList>
<AssgnmntList>
<AssgnmntPrefix RootTermCovItemPrefix="Value.java">
<AssgnmntListEntry Length="1" RootTermCovItemId="C5">
<MapEntry BoolAssgnmnt="1" Value="1"/>
</AssgnmntListEntry>
</AssgnmntPrefix>
</AssgnmntList>
<ObjMetaDataList/>
<MetaDataList/>
</TestCase>
<TestCase Comment="" Date="1367929716136" Name="ValueTest:testIsSameType">
<CovList>
<CovPrefix CovItemPrefix="Value.java">
<Cov CovItemId="B18" Value="1"/>
<Cov CovItemId="B19" Value="2"/>
<Cov CovItemId="B22" Value="1"/>
<Cov CovItemId="B23" Value="1"/>
<Cov CovItemId="S2" Value="2"/>
<Cov CovItemId="S27" Value="1"/>
<Cov CovItemId="S29" Value="1"/>
<Cov CovItemId="S30" Value="2"/>
<Cov CovItemId="S31" Value="2"/>
<Cov CovItemId="S33" Value="1"/>
<Cov CovItemId="S35" Value="1"/>
<Cov CovItemId="S36" Value="1"/>
<Cov CovItemId="S67" Value="4"/>
</CovPrefix>
</CovList>
<AssgnmntList>
<AssgnmntPrefix RootTermCovItemPrefix="Value.java">
<AssgnmntListEntry Length="2" RootTermCovItemId="C10">
<MapEntry BoolAssgnmnt="12" Value="2"/>
</AssgnmntListEntry>
<AssgnmntListEntry Length="2" RootTermCovItemId="C11">
<MapEntry BoolAssgnmnt="02" Value="1"/>
</AssgnmntListEntry>
<AssgnmntListEntry Length="2" RootTermCovItemId="C12">
<MapEntry BoolAssgnmnt="11" Value="1"/>
</AssgnmntListEntry>
<AssgnmntListEntry Length="2" RootTermCovItemId="C9">
<MapEntry BoolAssgnmnt="00" Value="1"/>
</AssgnmntListEntry>
</AssgnmntPrefix>
</AssgnmntList>
<ObjMetaDataList/>
<MetaDataList/>
</TestCase>
<TestCase Comment="" Date="1367929716137" Name="ValueTest:testEqualsObject">
<CovList/>
<AssgnmntList/>
<ObjMetaDataList/>
<MetaDataList/>
</TestCase>
<TestCase Comment="" Date="1367929716137" Name="ValueTest:testValueObject">
<CovList/>
<AssgnmntList/>
<ObjMetaDataList/>
<MetaDataList/>
</TestCase>
<TestCase Comment="" Date="1367929716138" Name="ValueTest:testIsNumeric">
<CovList>
<CovPrefix CovItemPrefix="Value.java">
<Cov CovItemId="B3" Value="1"/>
<Cov CovItemId="B7" Value="1"/>
<Cov CovItemId="S13" Value="1"/>
<Cov CovItemId="S14" Value="1"/>
<Cov CovItemId="S2" Value="1"/>
<Cov CovItemId="S67" Value="1"/>
<Cov CovItemId="S7" Value="1"/>
<Cov CovItemId="S8" Value="1"/>
</CovPrefix>
</CovList>
<AssgnmntList>
<AssgnmntPrefix RootTermCovItemPrefix="Value.java">
<AssgnmntListEntry Length="1" RootTermCovItemId="C2">
<MapEntry BoolAssgnmnt="1" Value="1"/>
</AssgnmntListEntry>
<AssgnmntListEntry Length="4" RootTermCovItemId="C4">
<MapEntry BoolAssgnmnt="1222" Value="1"/>
</AssgnmntListEntry>
</AssgnmntPrefix>
</AssgnmntList>
<ObjMetaDataList/>
<MetaDataList/>
</TestCase>
<TestCase Comment="" Date="1367929716139" Name="ValueTest:testIsContainer">
<CovList>
<CovPrefix CovItemPrefix="Value.java">
<Cov CovItemId="B19" Value="1"/>
<Cov CovItemId="S2" Value="1"/>
<Cov CovItemId="S30" Value="1"/>
<Cov CovItemId="S31" Value="1"/>
<Cov CovItemId="S67" Value="1"/>
</CovPrefix>
</CovList>
<AssgnmntList>
<AssgnmntPrefix RootTermCovItemPrefix="Value.java">
<AssgnmntListEntry Length="2" RootTermCovItemId="C10">
<MapEntry BoolAssgnmnt="12" Value="1"/>
</AssgnmntListEntry>
</AssgnmntPrefix>
</AssgnmntList>
<ObjMetaDataList/>
<MetaDataList/>
</TestCase>
<MetaDataList/>
</TestSession>
<TestSession Comment="" Date="1367929808505" Name="May 7, 2013 2:30:08 PM">
<TestCase Comment="Failure&#10;java.lang.AssertionError: 10.0 must be a double&#13;&#10;&#9;at org.junit.Assert.fail(Assert.java:93)&#13;&#10;&#9;at org.junit.Assert.assertTrue(Assert.java:43)&#13;&#10;&#9;at org.junit.Assert.assertFalse(Assert.java:68)&#13;&#10;&#9;at ValueTest.testIsDouble(ValueTest.java:22)&#13;&#10;&#9;at sun.reflect.NativeMethodAccessorImpl.invoke0(Native Method)&#13;&#10;&#9;at sun.reflect.NativeMethodAccessorImpl.invoke(Unknown Source)&#13;&#10;&#9;at sun.reflect.DelegatingMethodAccessorImpl.invoke(Unknown Source)&#13;&#10;&#9;at java.lang.reflect.Method.invoke(Unknown Source)&#13;&#10;&#9;at org.junit.runners.model.FrameworkMethod$1.runReflectiveCall(FrameworkMethod.java:45)&#13;&#10;&#9;at org.junit.internal.runners.model.ReflectiveCallable.run(ReflectiveCallable.java:15)&#13;&#10;&#9;at org.junit.runners.model.FrameworkMethod.invokeExplosively(FrameworkMethod.java:42)&#13;&#10;&#9;at org.junit.internal.runners.statements.InvokeMethod.evaluate(InvokeMethod.java:20)&#13;&#10;&#9;at org.junit.runners.ParentRunner.runLeaf(ParentRunner.java:263)&#13;&#10;&#9;at org.junit.runners.BlockJUnit4ClassRunner.runChild(BlockJUnit4ClassRunner.java:68)&#13;&#10;&#9;at org.junit.runners.BlockJUnit4ClassRunner.runChild(BlockJUnit4ClassRunner.java:47)&#13;&#10;&#9;at org.junit.runners.ParentRunner$3.run(ParentRunner.java:231)&#13;&#10;&#9;at org.junit.runners.ParentRunner$1.schedule(ParentRunner.java:60)&#13;&#10;&#9;at org.junit.runners.ParentRunner.runChildren(ParentRunner.java:229)&#13;&#10;&#9;at org.junit.runners.ParentRunner.access$000(ParentRunner.java:50)&#13;&#10;&#9;at org.junit.runners.ParentRunner$2.evaluate(ParentRunner.java:222)&#13;&#10;&#9;at org.junit.runners.ParentRunner.run(ParentRunner.java:300)&#13;&#10;&#9;at org.eclipse.jdt.internal.junit4.runner.JUnit4TestReference.run(JUnit4TestReference.java:50)&#13;&#10;&#9;at org.eclipse.jdt.internal.junit.runner.TestExecution.run(TestExecution.java:38)&#13;&#10;&#9;at org.eclipse.jdt.internal.junit.runner.RemoteTestRunner.runTests(RemoteTestRunner.java:467)&#13;&#10;&#9;at org.eclipse.jdt.internal.junit.runner.RemoteTestRunner.runTests(RemoteTestRunner.java:683)&#13;&#10;&#9;at org.eclipse.jdt.internal.junit.runner.RemoteTestRunner.run(RemoteTestRunner.java:390)&#13;&#10;&#9;at org.codecover.juniteclipse.runner.EclipseTestRunner.main(EclipseTestRunner.java:40)" Date="1367929808458" Name="ValueTest:testIsDouble">
<CovList>
<CovPrefix CovItemPrefix="Value.java">
<Cov CovItemId="B1" Value="2"/>
<Cov CovItemId="S1" Value="1"/>
<Cov CovItemId="S2" Value="2"/>
<Cov CovItemId="S4" Value="2"/>
<Cov CovItemId="S5" Value="2"/>
<Cov CovItemId="S67" Value="2"/>
</CovPrefix>
</CovList>
<AssgnmntList>
<AssgnmntPrefix RootTermCovItemPrefix="Value.java">
<AssgnmntListEntry Length="1" RootTermCovItemId="C1">
<MapEntry BoolAssgnmnt="1" Value="2"/>
</AssgnmntListEntry>
</AssgnmntPrefix>
</AssgnmntList>
<ObjMetaDataList/>
<MetaDataList/>
</TestCase>
<TestCase Comment="" Date="1367929808469" Name="ValueTest:testIsChar">
<CovList>
<CovPrefix CovItemPrefix="Value.java">
<Cov CovItemId="B12" Value="1"/>
<Cov CovItemId="S19" Value="1"/>
<Cov CovItemId="S2" Value="1"/>
<Cov CovItemId="S21" Value="1"/>
<Cov CovItemId="S67" Value="4"/>
</CovPrefix>
</CovList>
<AssgnmntList>
<AssgnmntPrefix RootTermCovItemPrefix="Value.java">
<AssgnmntListEntry Length="3" RootTermCovItemId="C6">
<MapEntry BoolAssgnmnt="000" Value="1"/>
</AssgnmntListEntry>
</AssgnmntPrefix>
</AssgnmntList>
<ObjMetaDataList/>
<MetaDataList/>
</TestCase>
<TestCase Comment="" Date="1367929808471" Name="ValueTest:testIsDrink">
<CovList>
<CovPrefix CovItemPrefix="Value.java">
<Cov CovItemId="B5" Value="1"/>
<Cov CovItemId="S10" Value="1"/>
<Cov CovItemId="S11" Value="1"/>
<Cov CovItemId="S2" Value="1"/>
<Cov CovItemId="S67" Value="1"/>
</CovPrefix>
</CovList>
<AssgnmntList>
<AssgnmntPrefix RootTermCovItemPrefix="Value.java">
<AssgnmntListEntry Length="1" RootTermCovItemId="C3">
<MapEntry BoolAssgnmnt="1" Value="1"/>
</AssgnmntListEntry>
</AssgnmntPrefix>
</AssgnmntList>
<ObjMetaDataList/>
<MetaDataList/>
</TestCase>
<TestCase Comment="" Date="1367929808472" Name="ValueTest:testIsInt">
<CovList>
<CovPrefix CovItemPrefix="Value.java">
<Cov CovItemId="B3" Value="1"/>
<Cov CovItemId="S2" Value="1"/>
<Cov CovItemId="S67" Value="1"/>
<Cov CovItemId="S7" Value="1"/>
<Cov CovItemId="S8" Value="1"/>
</CovPrefix>
</CovList>
<AssgnmntList>
<AssgnmntPrefix RootTermCovItemPrefix="Value.java">
<AssgnmntListEntry Length="1" RootTermCovItemId="C2">
<MapEntry BoolAssgnmnt="1" Value="1"/>
</AssgnmntListEntry>
</AssgnmntPrefix>
</AssgnmntList>
<ObjMetaDataList/>
<MetaDataList/>
</TestCase>
<TestCase Comment="" Date="1367929808473" Name="ValueTest:testToString">
<CovList/>
<AssgnmntList/>
<ObjMetaDataList/>
<MetaDataList/>
</TestCase>
<TestCase Comment="" Date="1367929808474" Name="ValueTest:testGetType">
<CovList>
<CovPrefix CovItemPrefix="Value.java">
<Cov CovItemId="B17" Value="1"/>
<Cov CovItemId="B33" Value="1"/>
<Cov CovItemId="S2" Value="1"/>
<Cov CovItemId="S27" Value="1"/>
<Cov CovItemId="S28" Value="1"/>
<Cov CovItemId="S46" Value="1"/>
<Cov CovItemId="S47" Value="1"/>
<Cov CovItemId="S67" Value="1"/>
</CovPrefix>
</CovList>
<AssgnmntList>
<AssgnmntPrefix RootTermCovItemPrefix="Value.java">
<AssgnmntListEntry Length="2" RootTermCovItemId="C17">
<MapEntry BoolAssgnmnt="12" Value="1"/>
</AssgnmntListEntry>
<AssgnmntListEntry Length="2" RootTermCovItemId="C9">
<MapEntry BoolAssgnmnt="12" Value="1"/>
</AssgnmntListEntry>
</AssgnmntPrefix>
</AssgnmntList>
<ObjMetaDataList/>
<MetaDataList/>
</TestCase>
<TestCase Comment="" Date="1367929808475" Name="ValueTest:testIsBool">
<CovList>
<CovPrefix CovItemPrefix="Value.java">
<Cov CovItemId="B17" Value="1"/>
<Cov CovItemId="S2" Value="1"/>
<Cov CovItemId="S27" Value="1"/>
<Cov CovItemId="S28" Value="1"/>
<Cov CovItemId="S67" Value="1"/>
</CovPrefix>
</CovList>
<AssgnmntList>
<AssgnmntPrefix RootTermCovItemPrefix="Value.java">
<AssgnmntListEntry Length="2" RootTermCovItemId="C9">
<MapEntry BoolAssgnmnt="12" Value="1"/>
</AssgnmntListEntry>
</AssgnmntPrefix>
</AssgnmntList>
<ObjMetaDataList/>
<MetaDataList/>
</TestCase>
<TestCase Comment="" Date="1367929808476" Name="ValueTest:testIsString">
<CovList>
<CovPrefix CovItemPrefix="Value.java">
<Cov CovItemId="B14" Value="1"/>
<Cov CovItemId="B16" Value="1"/>
<Cov CovItemId="S2" Value="1"/>
<Cov CovItemId="S22" Value="1"/>
<Cov CovItemId="S24" Value="1"/>
<Cov CovItemId="S26" Value="1"/>
<Cov CovItemId="S67" Value="4"/>
</CovPrefix>
</CovList>
<AssgnmntList>
<AssgnmntPrefix RootTermCovItemPrefix="Value.java">
<AssgnmntListEntry Length="1" RootTermCovItemId="C7">
<MapEntry BoolAssgnmnt="0" Value="1"/>
</AssgnmntListEntry>
<AssgnmntListEntry Length="2" RootTermCovItemId="C8">
<MapEntry BoolAssgnmnt="00" Value="1"/>
</AssgnmntListEntry>
</AssgnmntPrefix>
</AssgnmntList>
<ObjMetaDataList/>
<MetaDataList/>
</TestCase>
<TestCase Comment="" Date="1367929808478" Name="ValueTest:testIsContainer">
<CovList>
<CovPrefix CovItemPrefix="Value.java">
<Cov CovItemId="B19" Value="1"/>
<Cov CovItemId="S2" Value="1"/>
<Cov CovItemId="S30" Value="1"/>
<Cov CovItemId="S31" Value="1"/>
<Cov CovItemId="S67" Value="1"/>
</CovPrefix>
</CovList>
<AssgnmntList>
<AssgnmntPrefix RootTermCovItemPrefix="Value.java">
<AssgnmntListEntry Length="2" RootTermCovItemId="C10">
<MapEntry BoolAssgnmnt="12" Value="1"/>
</AssgnmntListEntry>
</AssgnmntPrefix>
</AssgnmntList>
<ObjMetaDataList/>
<MetaDataList/>
</TestCase>
<TestCase Comment="" Date="1367929808479" Name="ValueTest:testIsSameType">
<CovList>
<CovPrefix CovItemPrefix="Value.java">
<Cov CovItemId="B18" Value="1"/>
<Cov CovItemId="B19" Value="2"/>
<Cov CovItemId="B22" Value="1"/>
<Cov CovItemId="B23" Value="1"/>
<Cov CovItemId="S2" Value="2"/>
<Cov CovItemId="S27" Value="1"/>
<Cov CovItemId="S29" Value="1"/>
<Cov CovItemId="S30" Value="2"/>
<Cov CovItemId="S31" Value="2"/>
<Cov CovItemId="S33" Value="1"/>
<Cov CovItemId="S35" Value="1"/>
<Cov CovItemId="S36" Value="1"/>
<Cov CovItemId="S67" Value="4"/>
</CovPrefix>
</CovList>
<AssgnmntList>
<AssgnmntPrefix RootTermCovItemPrefix="Value.java">
<AssgnmntListEntry Length="2" RootTermCovItemId="C10">
<MapEntry BoolAssgnmnt="12" Value="2"/>
</AssgnmntListEntry>
<AssgnmntListEntry Length="2" RootTermCovItemId="C11">
<MapEntry BoolAssgnmnt="02" Value="1"/>
</AssgnmntListEntry>
<AssgnmntListEntry Length="2" RootTermCovItemId="C12">
<MapEntry BoolAssgnmnt="11" Value="1"/>
</AssgnmntListEntry>
<AssgnmntListEntry Length="2" RootTermCovItemId="C9">
<MapEntry BoolAssgnmnt="00" Value="1"/>
</AssgnmntListEntry>
</AssgnmntPrefix>
</AssgnmntList>
<ObjMetaDataList/>
<MetaDataList/>
</TestCase>
<TestCase Comment="" Date="1367929808481" Name="ValueTest:testIsNumericExpression">
<CovList>
<CovPrefix CovItemPrefix="Value.java">
<Cov CovItemId="B9" Value="1"/>
<Cov CovItemId="S16" Value="1"/>
<Cov CovItemId="S17" Value="1"/>
<Cov CovItemId="S2" Value="1"/>
<Cov CovItemId="S67" Value="1"/>
</CovPrefix>
</CovList>
<AssgnmntList>
<AssgnmntPrefix RootTermCovItemPrefix="Value.java">
<AssgnmntListEntry Length="1" RootTermCovItemId="C5">
<MapEntry BoolAssgnmnt="1" Value="1"/>
</AssgnmntListEntry>
</AssgnmntPrefix>
</AssgnmntList>
<ObjMetaDataList/>
<MetaDataList/>
</TestCase>
<TestCase Comment="" Date="1367929808483" Name="ValueTest:testValueObject">
<CovList/>
<AssgnmntList/>
<ObjMetaDataList/>
<MetaDataList/>
</TestCase>
<TestCase Comment="" Date="1367929808484" Name="ValueTest:testEqualsObject">
<CovList/>
<AssgnmntList/>
<ObjMetaDataList/>
<MetaDataList/>
</TestCase>
<TestCase Comment="" Date="1367929808485" Name="ValueTest:testIsNumeric">
<CovList>
<CovPrefix CovItemPrefix="Value.java">
<Cov CovItemId="B3" Value="1"/>
<Cov CovItemId="B7" Value="1"/>
<Cov CovItemId="S13" Value="1"/>
<Cov CovItemId="S14" Value="1"/>
<Cov CovItemId="S2" Value="1"/>
<Cov CovItemId="S67" Value="1"/>
<Cov CovItemId="S7" Value="1"/>
<Cov CovItemId="S8" Value="1"/>
</CovPrefix>
</CovList>
<AssgnmntList>
<AssgnmntPrefix RootTermCovItemPrefix="Value.java">
<AssgnmntListEntry Length="1" RootTermCovItemId="C2">
<MapEntry BoolAssgnmnt="1" Value="1"/>
</AssgnmntListEntry>
<AssgnmntListEntry Length="4" RootTermCovItemId="C4">
<MapEntry BoolAssgnmnt="1222" Value="1"/>
</AssgnmntListEntry>
</AssgnmntPrefix>
</AssgnmntList>
<ObjMetaDataList/>
<MetaDataList/>
</TestCase>
<MetaDataList/>
</TestSession>
<TestSession Comment="" Date="1367929847793" Name="May 7, 2013 2:30:47 PM">
<TestCase Comment="" Date="1367929847766" Name="ValueTest:testIsDouble">
<CovList>
<CovPrefix CovItemPrefix="Value.java">
<Cov CovItemId="B1" Value="1"/>
<Cov CovItemId="B2" Value="1"/>
<Cov CovItemId="S1" Value="1"/>
<Cov CovItemId="S2" Value="3"/>
<Cov CovItemId="S4" Value="2"/>
<Cov CovItemId="S5" Value="1"/>
<Cov CovItemId="S6" Value="1"/>
<Cov CovItemId="S67" Value="2"/>
</CovPrefix>
</CovList>
<AssgnmntList>
<AssgnmntPrefix RootTermCovItemPrefix="Value.java">
<AssgnmntListEntry Length="1" RootTermCovItemId="C1">
<MapEntry BoolAssgnmnt="0" Value="1"/>
<MapEntry BoolAssgnmnt="1" Value="1"/>
</AssgnmntListEntry>
</AssgnmntPrefix>
</AssgnmntList>
<ObjMetaDataList/>
<MetaDataList/>
</TestCase>
<TestCase Comment="" Date="1367929847769" Name="ValueTest:testIsInt">
<CovList>
<CovPrefix CovItemPrefix="Value.java">
<Cov CovItemId="B3" Value="1"/>
<Cov CovItemId="S2" Value="1"/>
<Cov CovItemId="S67" Value="1"/>
<Cov CovItemId="S7" Value="1"/>
<Cov CovItemId="S8" Value="1"/>
</CovPrefix>
</CovList>
<AssgnmntList>
<AssgnmntPrefix RootTermCovItemPrefix="Value.java">
<AssgnmntListEntry Length="1" RootTermCovItemId="C2">
<MapEntry BoolAssgnmnt="1" Value="1"/>
</AssgnmntListEntry>
</AssgnmntPrefix>
</AssgnmntList>
<ObjMetaDataList/>
<MetaDataList/>
</TestCase>
<TestCase Comment="" Date="1367929847770" Name="ValueTest:testIsChar">
<CovList>
<CovPrefix CovItemPrefix="Value.java">
<Cov CovItemId="B12" Value="1"/>
<Cov CovItemId="S19" Value="1"/>
<Cov CovItemId="S2" Value="1"/>
<Cov CovItemId="S21" Value="1"/>
<Cov CovItemId="S67" Value="4"/>
</CovPrefix>
</CovList>
<AssgnmntList>
<AssgnmntPrefix RootTermCovItemPrefix="Value.java">
<AssgnmntListEntry Length="3" RootTermCovItemId="C6">
<MapEntry BoolAssgnmnt="000" Value="1"/>
</AssgnmntListEntry>
</AssgnmntPrefix>
</AssgnmntList>
<ObjMetaDataList/>
<MetaDataList/>
</TestCase>
<TestCase Comment="" Date="1367929847772" Name="ValueTest:testIsDrink">
<CovList>
<CovPrefix CovItemPrefix="Value.java">
<Cov CovItemId="B5" Value="1"/>
<Cov CovItemId="S10" Value="1"/>
<Cov CovItemId="S11" Value="1"/>
<Cov CovItemId="S2" Value="1"/>
<Cov CovItemId="S67" Value="1"/>
</CovPrefix>
</CovList>
<AssgnmntList>
<AssgnmntPrefix RootTermCovItemPrefix="Value.java">
<AssgnmntListEntry Length="1" RootTermCovItemId="C3">
<MapEntry BoolAssgnmnt="1" Value="1"/>
</AssgnmntListEntry>
</AssgnmntPrefix>
</AssgnmntList>
<ObjMetaDataList/>
<MetaDataList/>
</TestCase>
<TestCase Comment="" Date="1367929847773" Name="ValueTest:testIsString">
<CovList>
<CovPrefix CovItemPrefix="Value.java">
<Cov CovItemId="B14" Value="1"/>
<Cov CovItemId="B16" Value="1"/>
<Cov CovItemId="S2" Value="1"/>
<Cov CovItemId="S22" Value="1"/>
<Cov CovItemId="S24" Value="1"/>
<Cov CovItemId="S26" Value="1"/>
<Cov CovItemId="S67" Value="4"/>
</CovPrefix>
</CovList>
<AssgnmntList>
<AssgnmntPrefix RootTermCovItemPrefix="Value.java">
<AssgnmntListEntry Length="1" RootTermCovItemId="C7">
<MapEntry BoolAssgnmnt="0" Value="1"/>
</AssgnmntListEntry>
<AssgnmntListEntry Length="2" RootTermCovItemId="C8">
<MapEntry BoolAssgnmnt="00" Value="1"/>
</AssgnmntListEntry>
</AssgnmntPrefix>
</AssgnmntList>
<ObjMetaDataList/>
<MetaDataList/>
</TestCase>
<TestCase Comment="" Date="1367929847773" Name="ValueTest:testToString">
<CovList/>
<AssgnmntList/>
<ObjMetaDataList/>
<MetaDataList/>
</TestCase>
<TestCase Comment="" Date="1367929847774" Name="ValueTest:testGetType">
<CovList>
<CovPrefix CovItemPrefix="Value.java">
<Cov CovItemId="B17" Value="1"/>
<Cov CovItemId="B33" Value="1"/>
<Cov CovItemId="S2" Value="1"/>
<Cov CovItemId="S27" Value="1"/>
<Cov CovItemId="S28" Value="1"/>
<Cov CovItemId="S46" Value="1"/>
<Cov CovItemId="S47" Value="1"/>
<Cov CovItemId="S67" Value="1"/>
</CovPrefix>
</CovList>
<AssgnmntList>
<AssgnmntPrefix RootTermCovItemPrefix="Value.java">
<AssgnmntListEntry Length="2" RootTermCovItemId="C17">
<MapEntry BoolAssgnmnt="12" Value="1"/>
</AssgnmntListEntry>
<AssgnmntListEntry Length="2" RootTermCovItemId="C9">
<MapEntry BoolAssgnmnt="12" Value="1"/>
</AssgnmntListEntry>
</AssgnmntPrefix>
</AssgnmntList>
<ObjMetaDataList/>
<MetaDataList/>
</TestCase>
<TestCase Comment="" Date="1367929847775" Name="ValueTest:testIsBool">
<CovList>
<CovPrefix CovItemPrefix="Value.java">
<Cov CovItemId="B17" Value="1"/>
<Cov CovItemId="S2" Value="1"/>
<Cov CovItemId="S27" Value="1"/>
<Cov CovItemId="S28" Value="1"/>
<Cov CovItemId="S67" Value="1"/>
</CovPrefix>
</CovList>
<AssgnmntList>
<AssgnmntPrefix RootTermCovItemPrefix="Value.java">
<AssgnmntListEntry Length="2" RootTermCovItemId="C9">
<MapEntry BoolAssgnmnt="12" Value="1"/>
</AssgnmntListEntry>
</AssgnmntPrefix>
</AssgnmntList>
<ObjMetaDataList/>
<MetaDataList/>
</TestCase>
<TestCase Comment="" Date="1367929847776" Name="ValueTest:testIsContainer">
<CovList>
<CovPrefix CovItemPrefix="Value.java">
<Cov CovItemId="B19" Value="1"/>
<Cov CovItemId="S2" Value="1"/>
<Cov CovItemId="S30" Value="1"/>
<Cov CovItemId="S31" Value="1"/>
<Cov CovItemId="S67" Value="1"/>
</CovPrefix>
</CovList>
<AssgnmntList>
<AssgnmntPrefix RootTermCovItemPrefix="Value.java">
<AssgnmntListEntry Length="2" RootTermCovItemId="C10">
<MapEntry BoolAssgnmnt="12" Value="1"/>
</AssgnmntListEntry>
</AssgnmntPrefix>
</AssgnmntList>
<ObjMetaDataList/>
<MetaDataList/>
</TestCase>
<TestCase Comment="" Date="1367929847776" Name="ValueTest:testEqualsObject">
<CovList/>
<AssgnmntList/>
<ObjMetaDataList/>
<MetaDataList/>
</TestCase>
<TestCase Comment="" Date="1367929847777" Name="ValueTest:testIsNumeric">
<CovList>
<CovPrefix CovItemPrefix="Value.java">
<Cov CovItemId="B3" Value="1"/>
<Cov CovItemId="B7" Value="1"/>
<Cov CovItemId="S13" Value="1"/>
<Cov CovItemId="S14" Value="1"/>
<Cov CovItemId="S2" Value="1"/>
<Cov CovItemId="S67" Value="1"/>
<Cov CovItemId="S7" Value="1"/>
<Cov CovItemId="S8" Value="1"/>
</CovPrefix>
</CovList>
<AssgnmntList>
<AssgnmntPrefix RootTermCovItemPrefix="Value.java">
<AssgnmntListEntry Length="1" RootTermCovItemId="C2">
<MapEntry BoolAssgnmnt="1" Value="1"/>
</AssgnmntListEntry>
<AssgnmntListEntry Length="4" RootTermCovItemId="C4">
<MapEntry BoolAssgnmnt="1222" Value="1"/>
</AssgnmntListEntry>
</AssgnmntPrefix>
</AssgnmntList>
<ObjMetaDataList/>
<MetaDataList/>
</TestCase>
<TestCase Comment="" Date="1367929847778" Name="ValueTest:testIsNumericExpression">
<CovList>
<CovPrefix CovItemPrefix="Value.java">
<Cov CovItemId="B9" Value="1"/>
<Cov CovItemId="S16" Value="1"/>
<Cov CovItemId="S17" Value="1"/>
<Cov CovItemId="S2" Value="1"/>
<Cov CovItemId="S67" Value="1"/>
</CovPrefix>
</CovList>
<AssgnmntList>
<AssgnmntPrefix RootTermCovItemPrefix="Value.java">
<AssgnmntListEntry Length="1" RootTermCovItemId="C5">
<MapEntry BoolAssgnmnt="1" Value="1"/>
</AssgnmntListEntry>
</AssgnmntPrefix>
</AssgnmntList>
<ObjMetaDataList/>
<MetaDataList/>
</TestCase>
<TestCase Comment="" Date="1367929847779" Name="ValueTest:testValueObject">
<CovList/>
<AssgnmntList/>
<ObjMetaDataList/>
<MetaDataList/>
</TestCase>
<TestCase Comment="" Date="1367929847780" Name="ValueTest:testIsSameType">
<CovList>
<CovPrefix CovItemPrefix="Value.java">
<Cov CovItemId="B18" Value="1"/>
<Cov CovItemId="B19" Value="2"/>
<Cov CovItemId="B22" Value="1"/>
<Cov CovItemId="B23" Value="1"/>
<Cov CovItemId="S2" Value="2"/>
<Cov CovItemId="S27" Value="1"/>
<Cov CovItemId="S29" Value="1"/>
<Cov CovItemId="S30" Value="2"/>
<Cov CovItemId="S31" Value="2"/>
<Cov CovItemId="S33" Value="1"/>
<Cov CovItemId="S35" Value="1"/>
<Cov CovItemId="S36" Value="1"/>
<Cov CovItemId="S67" Value="4"/>
</CovPrefix>
</CovList>
<AssgnmntList>
<AssgnmntPrefix RootTermCovItemPrefix="Value.java">
<AssgnmntListEntry Length="2" RootTermCovItemId="C10">
<MapEntry BoolAssgnmnt="12" Value="2"/>
</AssgnmntListEntry>
<AssgnmntListEntry Length="2" RootTermCovItemId="C11">
<MapEntry BoolAssgnmnt="02" Value="1"/>
</AssgnmntListEntry>
<AssgnmntListEntry Length="2" RootTermCovItemId="C12">
<MapEntry BoolAssgnmnt="11" Value="1"/>
</AssgnmntListEntry>
<AssgnmntListEntry Length="2" RootTermCovItemId="C9">
<MapEntry BoolAssgnmnt="00" Value="1"/>
</AssgnmntListEntry>
</AssgnmntPrefix>
</AssgnmntList>
<ObjMetaDataList/>
<MetaDataList/>
</TestCase>
<MetaDataList/>
</TestSession>
<TestSession Comment="" Date="1367929889668" Name="May 7, 2013 2:31:29 PM">
<TestCase Comment="" Date="1367929889641" Name="ValueTest:testIsChar">
<CovList>
<CovPrefix CovItemPrefix="Value.java">
<Cov CovItemId="B12" Value="1"/>
<Cov CovItemId="S1" Value="1"/>
<Cov CovItemId="S19" Value="1"/>
<Cov CovItemId="S2" Value="2"/>
<Cov CovItemId="S21" Value="1"/>
<Cov CovItemId="S67" Value="4"/>
</CovPrefix>
</CovList>
<AssgnmntList>
<AssgnmntPrefix RootTermCovItemPrefix="Value.java">
<AssgnmntListEntry Length="3" RootTermCovItemId="C6">
<MapEntry BoolAssgnmnt="000" Value="1"/>
</AssgnmntListEntry>
</AssgnmntPrefix>
</AssgnmntList>
<ObjMetaDataList/>
<MetaDataList/>
</TestCase>
<TestCase Comment="" Date="1367929889644" Name="ValueTest:testGetType">
<CovList>
<CovPrefix CovItemPrefix="Value.java">
<Cov CovItemId="B17" Value="1"/>
<Cov CovItemId="B33" Value="1"/>
<Cov CovItemId="S2" Value="1"/>
<Cov CovItemId="S27" Value="1"/>
<Cov CovItemId="S28" Value="1"/>
<Cov CovItemId="S46" Value="1"/>
<Cov CovItemId="S47" Value="1"/>
<Cov CovItemId="S67" Value="1"/>
</CovPrefix>
</CovList>
<AssgnmntList>
<AssgnmntPrefix RootTermCovItemPrefix="Value.java">
<AssgnmntListEntry Length="2" RootTermCovItemId="C17">
<MapEntry BoolAssgnmnt="12" Value="1"/>
</AssgnmntListEntry>
<AssgnmntListEntry Length="2" RootTermCovItemId="C9">
<MapEntry BoolAssgnmnt="12" Value="1"/>
</AssgnmntListEntry>
</AssgnmntPrefix>
</AssgnmntList>
<ObjMetaDataList/>
<MetaDataList/>
</TestCase>
<TestCase Comment="" Date="1367929889645" Name="ValueTest:testIsBool">
<CovList>
<CovPrefix CovItemPrefix="Value.java">
<Cov CovItemId="B17" Value="1"/>
<Cov CovItemId="S2" Value="1"/>
<Cov CovItemId="S27" Value="1"/>
<Cov CovItemId="S28" Value="1"/>
<Cov CovItemId="S67" Value="1"/>
</CovPrefix>
</CovList>
<AssgnmntList>
<AssgnmntPrefix RootTermCovItemPrefix="Value.java">
<AssgnmntListEntry Length="2" RootTermCovItemId="C9">
<MapEntry BoolAssgnmnt="12" Value="1"/>
</AssgnmntListEntry>
</AssgnmntPrefix>
</AssgnmntList>
<ObjMetaDataList/>
<MetaDataList/>
</TestCase>
<TestCase Comment="" Date="1367929889646" Name="ValueTest:testIsString">
<CovList>
<CovPrefix CovItemPrefix="Value.java">
<Cov CovItemId="B14" Value="1"/>
<Cov CovItemId="B16" Value="1"/>
<Cov CovItemId="S2" Value="1"/>
<Cov CovItemId="S22" Value="1"/>
<Cov CovItemId="S24" Value="1"/>
<Cov CovItemId="S26" Value="1"/>
<Cov CovItemId="S67" Value="4"/>
</CovPrefix>
</CovList>
<AssgnmntList>
<AssgnmntPrefix RootTermCovItemPrefix="Value.java">
<AssgnmntListEntry Length="1" RootTermCovItemId="C7">
<MapEntry BoolAssgnmnt="0" Value="1"/>
</AssgnmntListEntry>
<AssgnmntListEntry Length="2" RootTermCovItemId="C8">
<MapEntry BoolAssgnmnt="00" Value="1"/>
</AssgnmntListEntry>
</AssgnmntPrefix>
</AssgnmntList>
<ObjMetaDataList/>
<MetaDataList/>
</TestCase>
<TestCase Comment="" Date="1367929889647" Name="ValueTest:testValue">
<CovList/>
<AssgnmntList/>
<ObjMetaDataList/>
<MetaDataList/>
</TestCase>
<TestCase Comment="" Date="1367929889648" Name="ValueTest:testIsDouble">
<CovList>
<CovPrefix CovItemPrefix="Value.java">
<Cov CovItemId="B1" Value="1"/>
<Cov CovItemId="B2" Value="2"/>
<Cov CovItemId="S2" Value="3"/>
<Cov CovItemId="S4" Value="3"/>
<Cov CovItemId="S5" Value="1"/>
<Cov CovItemId="S6" Value="2"/>
<Cov CovItemId="S67" Value="3"/>
</CovPrefix>
</CovList>
<AssgnmntList>
<AssgnmntPrefix RootTermCovItemPrefix="Value.java">
<AssgnmntListEntry Length="1" RootTermCovItemId="C1">
<MapEntry BoolAssgnmnt="0" Value="2"/>
<MapEntry BoolAssgnmnt="1" Value="1"/>
</AssgnmntListEntry>
</AssgnmntPrefix>
</AssgnmntList>
<ObjMetaDataList/>
<MetaDataList/>
</TestCase>
<TestCase Comment="" Date="1367929889649" Name="ValueTest:testIsDrink">
<CovList>
<CovPrefix CovItemPrefix="Value.java">
<Cov CovItemId="B5" Value="1"/>
<Cov CovItemId="S10" Value="1"/>
<Cov CovItemId="S11" Value="1"/>
<Cov CovItemId="S2" Value="1"/>
<Cov CovItemId="S67" Value="1"/>
</CovPrefix>
</CovList>
<AssgnmntList>
<AssgnmntPrefix RootTermCovItemPrefix="Value.java">
<AssgnmntListEntry Length="1" RootTermCovItemId="C3">
<MapEntry BoolAssgnmnt="1" Value="1"/>
</AssgnmntListEntry>
</AssgnmntPrefix>
</AssgnmntList>
<ObjMetaDataList/>
<MetaDataList/>
</TestCase>
<TestCase Comment="" Date="1367929889650" Name="ValueTest:testIsInt">
<CovList>
<CovPrefix CovItemPrefix="Value.java">
<Cov CovItemId="B3" Value="1"/>
<Cov CovItemId="S2" Value="1"/>
<Cov CovItemId="S67" Value="1"/>
<Cov CovItemId="S7" Value="1"/>
<Cov CovItemId="S8" Value="1"/>
</CovPrefix>
</CovList>
<AssgnmntList>
<AssgnmntPrefix RootTermCovItemPrefix="Value.java">
<AssgnmntListEntry Length="1" RootTermCovItemId="C2">
<MapEntry BoolAssgnmnt="1" Value="1"/>
</AssgnmntListEntry>
</AssgnmntPrefix>
</AssgnmntList>
<ObjMetaDataList/>
<MetaDataList/>
</TestCase>
<TestCase Comment="" Date="1367929889650" Name="ValueTest:testIsNumeric">
<CovList>
<CovPrefix CovItemPrefix="Value.java">
<Cov CovItemId="B3" Value="1"/>
<Cov CovItemId="B7" Value="1"/>
<Cov CovItemId="S13" Value="1"/>
<Cov CovItemId="S14" Value="1"/>
<Cov CovItemId="S2" Value="1"/>
<Cov CovItemId="S67" Value="1"/>
<Cov CovItemId="S7" Value="1"/>
<Cov CovItemId="S8" Value="1"/>
</CovPrefix>
</CovList>
<AssgnmntList>
<AssgnmntPrefix RootTermCovItemPrefix="Value.java">
<AssgnmntListEntry Length="1" RootTermCovItemId="C2">
<MapEntry BoolAssgnmnt="1" Value="1"/>
</AssgnmntListEntry>
<AssgnmntListEntry Length="4" RootTermCovItemId="C4">
<MapEntry BoolAssgnmnt="1222" Value="1"/>
</AssgnmntListEntry>
</AssgnmntPrefix>
</AssgnmntList>
<ObjMetaDataList/>
<MetaDataList/>
</TestCase>
<TestCase Comment="" Date="1367929889651" Name="ValueTest:testEqualsObject">
<CovList/>
<AssgnmntList/>
<ObjMetaDataList/>
<MetaDataList/>
</TestCase>
<TestCase Comment="" Date="1367929889652" Name="ValueTest:testIsNumericExpression">
<CovList>
<CovPrefix CovItemPrefix="Value.java">
<Cov CovItemId="B9" Value="1"/>
<Cov CovItemId="S16" Value="1"/>
<Cov CovItemId="S17" Value="1"/>
<Cov CovItemId="S2" Value="1"/>
<Cov CovItemId="S67" Value="1"/>
</CovPrefix>
</CovList>
<AssgnmntList>
<AssgnmntPrefix RootTermCovItemPrefix="Value.java">
<AssgnmntListEntry Length="1" RootTermCovItemId="C5">
<MapEntry BoolAssgnmnt="1" Value="1"/>
</AssgnmntListEntry>
</AssgnmntPrefix>
</AssgnmntList>
<ObjMetaDataList/>
<MetaDataList/>
</TestCase>
<TestCase Comment="" Date="1367929889653" Name="ValueTest:testIsContainer">
<CovList>
<CovPrefix CovItemPrefix="Value.java">
<Cov CovItemId="B19" Value="1"/>
<Cov CovItemId="S2" Value="1"/>
<Cov CovItemId="S30" Value="1"/>
<Cov CovItemId="S31" Value="1"/>
<Cov CovItemId="S67" Value="1"/>
</CovPrefix>
</CovList>
<AssgnmntList>
<AssgnmntPrefix RootTermCovItemPrefix="Value.java">
<AssgnmntListEntry Length="2" RootTermCovItemId="C10">
<MapEntry BoolAssgnmnt="12" Value="1"/>
</AssgnmntListEntry>
</AssgnmntPrefix>
</AssgnmntList>
<ObjMetaDataList/>
<MetaDataList/>
</TestCase>
<TestCase Comment="" Date="1367929889655" Name="ValueTest:testValueObject">
<CovList/>
<AssgnmntList/>
<ObjMetaDataList/>
<MetaDataList/>
</TestCase>
<TestCase Comment="" Date="1367929889656" Name="ValueTest:testIsSameType">
<CovList>
<CovPrefix CovItemPrefix="Value.java">
<Cov CovItemId="B18" Value="1"/>
<Cov CovItemId="B19" Value="2"/>
<Cov CovItemId="B22" Value="1"/>
<Cov CovItemId="B23" Value="1"/>
<Cov CovItemId="S2" Value="2"/>
<Cov CovItemId="S27" Value="1"/>
<Cov CovItemId="S29" Value="1"/>
<Cov CovItemId="S30" Value="2"/>
<Cov CovItemId="S31" Value="2"/>
<Cov CovItemId="S33" Value="1"/>
<Cov CovItemId="S35" Value="1"/>
<Cov CovItemId="S36" Value="1"/>
<Cov CovItemId="S67" Value="4"/>
</CovPrefix>
</CovList>
<AssgnmntList>
<AssgnmntPrefix RootTermCovItemPrefix="Value.java">
<AssgnmntListEntry Length="2" RootTermCovItemId="C10">
<MapEntry BoolAssgnmnt="12" Value="2"/>
</AssgnmntListEntry>
<AssgnmntListEntry Length="2" RootTermCovItemId="C11">
<MapEntry BoolAssgnmnt="02" Value="1"/>
</AssgnmntListEntry>
<AssgnmntListEntry Length="2" RootTermCovItemId="C12">
<MapEntry BoolAssgnmnt="11" Value="1"/>
</AssgnmntListEntry>
<AssgnmntListEntry Length="2" RootTermCovItemId="C9">
<MapEntry BoolAssgnmnt="00" Value="1"/>
</AssgnmntListEntry>
</AssgnmntPrefix>
</AssgnmntList>
<ObjMetaDataList/>
<MetaDataList/>
</TestCase>
<MetaDataList/>
</TestSession>
<TestSession Comment="" Date="1367929891136" Name="May 7, 2013 2:31:31 PM">
<TestCase Comment="" Date="1367929891108" Name="ValueTest:testIsDouble">
<CovList>
<CovPrefix CovItemPrefix="Value.java">
<Cov CovItemId="B1" Value="1"/>
<Cov CovItemId="B2" Value="2"/>
<Cov CovItemId="S1" Value="1"/>
<Cov CovItemId="S2" Value="4"/>
<Cov CovItemId="S4" Value="3"/>
<Cov CovItemId="S5" Value="1"/>
<Cov CovItemId="S6" Value="2"/>
<Cov CovItemId="S67" Value="3"/>
</CovPrefix>
</CovList>
<AssgnmntList>
<AssgnmntPrefix RootTermCovItemPrefix="Value.java">
<AssgnmntListEntry Length="1" RootTermCovItemId="C1">
<MapEntry BoolAssgnmnt="0" Value="2"/>
<MapEntry BoolAssgnmnt="1" Value="1"/>
</AssgnmntListEntry>
</AssgnmntPrefix>
</AssgnmntList>
<ObjMetaDataList/>
<MetaDataList/>
</TestCase>
<TestCase Comment="" Date="1367929891112" Name="ValueTest:testIsDrink">
<CovList>
<CovPrefix CovItemPrefix="Value.java">
<Cov CovItemId="B5" Value="1"/>
<Cov CovItemId="S10" Value="1"/>
<Cov CovItemId="S11" Value="1"/>
<Cov CovItemId="S2" Value="1"/>
<Cov CovItemId="S67" Value="1"/>
</CovPrefix>
</CovList>
<AssgnmntList>
<AssgnmntPrefix RootTermCovItemPrefix="Value.java">
<AssgnmntListEntry Length="1" RootTermCovItemId="C3">
<MapEntry BoolAssgnmnt="1" Value="1"/>
</AssgnmntListEntry>
</AssgnmntPrefix>
</AssgnmntList>
<ObjMetaDataList/>
<MetaDataList/>
</TestCase>
<TestCase Comment="" Date="1367929891113" Name="ValueTest:testIsInt">
<CovList>
<CovPrefix CovItemPrefix="Value.java">
<Cov CovItemId="B3" Value="1"/>
<Cov CovItemId="S2" Value="1"/>
<Cov CovItemId="S67" Value="1"/>
<Cov CovItemId="S7" Value="1"/>
<Cov CovItemId="S8" Value="1"/>
</CovPrefix>
</CovList>
<AssgnmntList>
<AssgnmntPrefix RootTermCovItemPrefix="Value.java">
<AssgnmntListEntry Length="1" RootTermCovItemId="C2">
<MapEntry BoolAssgnmnt="1" Value="1"/>
</AssgnmntListEntry>
</AssgnmntPrefix>
</AssgnmntList>
<ObjMetaDataList/>
<MetaDataList/>
</TestCase>
<TestCase Comment="" Date="1367929891113" Name="ValueTest:testIsString">
<CovList>
<CovPrefix CovItemPrefix="Value.java">
<Cov CovItemId="B14" Value="1"/>
<Cov CovItemId="B16" Value="1"/>
<Cov CovItemId="S2" Value="1"/>
<Cov CovItemId="S22" Value="1"/>
<Cov CovItemId="S24" Value="1"/>
<Cov CovItemId="S26" Value="1"/>
<Cov CovItemId="S67" Value="4"/>
</CovPrefix>
</CovList>
<AssgnmntList>
<AssgnmntPrefix RootTermCovItemPrefix="Value.java">
<AssgnmntListEntry Length="1" RootTermCovItemId="C7">
<MapEntry BoolAssgnmnt="0" Value="1"/>
</AssgnmntListEntry>
<AssgnmntListEntry Length="2" RootTermCovItemId="C8">
<MapEntry BoolAssgnmnt="00" Value="1"/>
</AssgnmntListEntry>
</AssgnmntPrefix>
</AssgnmntList>
<ObjMetaDataList/>
<MetaDataList/>
</TestCase>
<TestCase Comment="" Date="1367929891114" Name="ValueTest:testGetType">
<CovList>
<CovPrefix CovItemPrefix="Value.java">
<Cov CovItemId="B17" Value="1"/>
<Cov CovItemId="B33" Value="1"/>
<Cov CovItemId="S2" Value="1"/>
<Cov CovItemId="S27" Value="1"/>
<Cov CovItemId="S28" Value="1"/>
<Cov CovItemId="S46" Value="1"/>
<Cov CovItemId="S47" Value="1"/>
<Cov CovItemId="S67" Value="1"/>
</CovPrefix>
</CovList>
<AssgnmntList>
<AssgnmntPrefix RootTermCovItemPrefix="Value.java">
<AssgnmntListEntry Length="2" RootTermCovItemId="C17">
<MapEntry BoolAssgnmnt="12" Value="1"/>
</AssgnmntListEntry>
<AssgnmntListEntry Length="2" RootTermCovItemId="C9">
<MapEntry BoolAssgnmnt="12" Value="1"/>
</AssgnmntListEntry>
</AssgnmntPrefix>
</AssgnmntList>
<ObjMetaDataList/>
<MetaDataList/>
</TestCase>
<TestCase Comment="" Date="1367929891115" Name="ValueTest:testIsBool">
<CovList>
<CovPrefix CovItemPrefix="Value.java">
<Cov CovItemId="B17" Value="1"/>
<Cov CovItemId="S2" Value="1"/>
<Cov CovItemId="S27" Value="1"/>
<Cov CovItemId="S28" Value="1"/>
<Cov CovItemId="S67" Value="1"/>
</CovPrefix>
</CovList>
<AssgnmntList>
<AssgnmntPrefix RootTermCovItemPrefix="Value.java">
<AssgnmntListEntry Length="2" RootTermCovItemId="C9">
<MapEntry BoolAssgnmnt="12" Value="1"/>
</AssgnmntListEntry>
</AssgnmntPrefix>
</AssgnmntList>
<ObjMetaDataList/>
<MetaDataList/>
</TestCase>
<TestCase Comment="" Date="1367929891116" Name="ValueTest:testIsChar">
<CovList>
<CovPrefix CovItemPrefix="Value.java">
<Cov CovItemId="B12" Value="1"/>
<Cov CovItemId="S19" Value="1"/>
<Cov CovItemId="S2" Value="1"/>
<Cov CovItemId="S21" Value="1"/>
<Cov CovItemId="S67" Value="4"/>
</CovPrefix>
</CovList>
<AssgnmntList>
<AssgnmntPrefix RootTermCovItemPrefix="Value.java">
<AssgnmntListEntry Length="3" RootTermCovItemId="C6">
<MapEntry BoolAssgnmnt="000" Value="1"/>
</AssgnmntListEntry>
</AssgnmntPrefix>
</AssgnmntList>
<ObjMetaDataList/>
<MetaDataList/>
</TestCase>
<TestCase Comment="" Date="1367929891117" Name="ValueTest:testToString">
<CovList/>
<AssgnmntList/>
<ObjMetaDataList/>
<MetaDataList/>
</TestCase>
<TestCase Comment="" Date="1367929891118" Name="ValueTest:testIsContainer">
<CovList>
<CovPrefix CovItemPrefix="Value.java">
<Cov CovItemId="B19" Value="1"/>
<Cov CovItemId="S2" Value="1"/>
<Cov CovItemId="S30" Value="1"/>
<Cov CovItemId="S31" Value="1"/>
<Cov CovItemId="S67" Value="1"/>
</CovPrefix>
</CovList>
<AssgnmntList>
<AssgnmntPrefix RootTermCovItemPrefix="Value.java">
<AssgnmntListEntry Length="2" RootTermCovItemId="C10">
<MapEntry BoolAssgnmnt="12" Value="1"/>
</AssgnmntListEntry>
</AssgnmntPrefix>
</AssgnmntList>
<ObjMetaDataList/>
<MetaDataList/>
</TestCase>
<TestCase Comment="" Date="1367929891119" Name="ValueTest:testIsNumericExpression">
<CovList>
<CovPrefix CovItemPrefix="Value.java">
<Cov CovItemId="B9" Value="1"/>
<Cov CovItemId="S16" Value="1"/>
<Cov CovItemId="S17" Value="1"/>
<Cov CovItemId="S2" Value="1"/>
<Cov CovItemId="S67" Value="1"/>
</CovPrefix>
</CovList>
<AssgnmntList>
<AssgnmntPrefix RootTermCovItemPrefix="Value.java">
<AssgnmntListEntry Length="1" RootTermCovItemId="C5">
<MapEntry BoolAssgnmnt="1" Value="1"/>
</AssgnmntListEntry>
</AssgnmntPrefix>
</AssgnmntList>
<ObjMetaDataList/>
<MetaDataList/>
</TestCase>
<TestCase Comment="" Date="1367929891120" Name="ValueTest:testEqualsObject">
<CovList/>
<AssgnmntList/>
<ObjMetaDataList/>
<MetaDataList/>
</TestCase>
<TestCase Comment="" Date="1367929891121" Name="ValueTest:testIsSameType">
<CovList>
<CovPrefix CovItemPrefix="Value.java">
<Cov CovItemId="B18" Value="1"/>
<Cov CovItemId="B19" Value="2"/>
<Cov CovItemId="B22" Value="1"/>
<Cov CovItemId="B23" Value="1"/>
<Cov CovItemId="S2" Value="2"/>
<Cov CovItemId="S27" Value="1"/>
<Cov CovItemId="S29" Value="1"/>
<Cov CovItemId="S30" Value="2"/>
<Cov CovItemId="S31" Value="2"/>
<Cov CovItemId="S33" Value="1"/>
<Cov CovItemId="S35" Value="1"/>
<Cov CovItemId="S36" Value="1"/>
<Cov CovItemId="S67" Value="4"/>
</CovPrefix>
</CovList>
<AssgnmntList>
<AssgnmntPrefix RootTermCovItemPrefix="Value.java">
<AssgnmntListEntry Length="2" RootTermCovItemId="C10">
<MapEntry BoolAssgnmnt="12" Value="2"/>
</AssgnmntListEntry>
<AssgnmntListEntry Length="2" RootTermCovItemId="C11">
<MapEntry BoolAssgnmnt="02" Value="1"/>
</AssgnmntListEntry>
<AssgnmntListEntry Length="2" RootTermCovItemId="C12">
<MapEntry BoolAssgnmnt="11" Value="1"/>
</AssgnmntListEntry>
<AssgnmntListEntry Length="2" RootTermCovItemId="C9">
<MapEntry BoolAssgnmnt="00" Value="1"/>
</AssgnmntListEntry>
</AssgnmntPrefix>
</AssgnmntList>
<ObjMetaDataList/>
<MetaDataList/>
</TestCase>
<TestCase Comment="" Date="1367929891122" Name="ValueTest:testIsNumeric">
<CovList>
<CovPrefix CovItemPrefix="Value.java">
<Cov CovItemId="B3" Value="1"/>
<Cov CovItemId="B7" Value="1"/>
<Cov CovItemId="S13" Value="1"/>
<Cov CovItemId="S14" Value="1"/>
<Cov CovItemId="S2" Value="1"/>
<Cov CovItemId="S67" Value="1"/>
<Cov CovItemId="S7" Value="1"/>
<Cov CovItemId="S8" Value="1"/>
</CovPrefix>
</CovList>
<AssgnmntList>
<AssgnmntPrefix RootTermCovItemPrefix="Value.java">
<AssgnmntListEntry Length="1" RootTermCovItemId="C2">
<MapEntry BoolAssgnmnt="1" Value="1"/>
</AssgnmntListEntry>
<AssgnmntListEntry Length="4" RootTermCovItemId="C4">
<MapEntry BoolAssgnmnt="1222" Value="1"/>
</AssgnmntListEntry>
</AssgnmntPrefix>
</AssgnmntList>
<ObjMetaDataList/>
<MetaDataList/>
</TestCase>
<TestCase Comment="" Date="1367929891124" Name="ValueTest:testValueObject">
<CovList/>
<AssgnmntList/>
<ObjMetaDataList/>
<MetaDataList/>
</TestCase>
<MetaDataList/>
</TestSession>
<TestSession Comment="" Date="1367930065270" Name="May 7, 2013 2:34:25 PM">
<TestCase Comment="" Date="1367930065244" Name="ValueTest:testIsInt">
<CovList>
<CovPrefix CovItemPrefix="Value.java">
<Cov CovItemId="B3" Value="1"/>
<Cov CovItemId="B4" Value="2"/>
<Cov CovItemId="S1" Value="1"/>
<Cov CovItemId="S2" Value="4"/>
<Cov CovItemId="S67" Value="3"/>
<Cov CovItemId="S7" Value="3"/>
<Cov CovItemId="S8" Value="1"/>
<Cov CovItemId="S9" Value="2"/>
</CovPrefix>
</CovList>
<AssgnmntList>
<AssgnmntPrefix RootTermCovItemPrefix="Value.java">
<AssgnmntListEntry Length="1" RootTermCovItemId="C2">
<MapEntry BoolAssgnmnt="0" Value="2"/>
<MapEntry BoolAssgnmnt="1" Value="1"/>
</AssgnmntListEntry>
</AssgnmntPrefix>
</AssgnmntList>
<ObjMetaDataList/>
<MetaDataList/>
</TestCase>
<TestCase Comment="" Date="1367930065247" Name="ValueTest:testIsDrink">
<CovList>
<CovPrefix CovItemPrefix="Value.java">
<Cov CovItemId="B5" Value="1"/>
<Cov CovItemId="S10" Value="1"/>
<Cov CovItemId="S11" Value="1"/>
<Cov CovItemId="S2" Value="1"/>
<Cov CovItemId="S67" Value="1"/>
</CovPrefix>
</CovList>
<AssgnmntList>
<AssgnmntPrefix RootTermCovItemPrefix="Value.java">
<AssgnmntListEntry Length="1" RootTermCovItemId="C3">
<MapEntry BoolAssgnmnt="1" Value="1"/>
</AssgnmntListEntry>
</AssgnmntPrefix>
</AssgnmntList>
<ObjMetaDataList/>
<MetaDataList/>
</TestCase>
<TestCase Comment="" Date="1367930065248" Name="ValueTest:testIsChar">
<CovList>
<CovPrefix CovItemPrefix="Value.java">
<Cov CovItemId="B12" Value="1"/>
<Cov CovItemId="S19" Value="1"/>
<Cov CovItemId="S2" Value="1"/>
<Cov CovItemId="S21" Value="1"/>
<Cov CovItemId="S67" Value="4"/>
</CovPrefix>
</CovList>
<AssgnmntList>
<AssgnmntPrefix RootTermCovItemPrefix="Value.java">
<AssgnmntListEntry Length="3" RootTermCovItemId="C6">
<MapEntry BoolAssgnmnt="000" Value="1"/>
</AssgnmntListEntry>
</AssgnmntPrefix>
</AssgnmntList>
<ObjMetaDataList/>
<MetaDataList/>
</TestCase>
<TestCase Comment="" Date="1367930065249" Name="ValueTest:testIsDouble">
<CovList>
<CovPrefix CovItemPrefix="Value.java">
<Cov CovItemId="B1" Value="1"/>
<Cov CovItemId="B2" Value="2"/>
<Cov CovItemId="S2" Value="3"/>
<Cov CovItemId="S4" Value="3"/>
<Cov CovItemId="S5" Value="1"/>
<Cov CovItemId="S6" Value="2"/>
<Cov CovItemId="S67" Value="3"/>
</CovPrefix>
</CovList>
<AssgnmntList>
<AssgnmntPrefix RootTermCovItemPrefix="Value.java">
<AssgnmntListEntry Length="1" RootTermCovItemId="C1">
<MapEntry BoolAssgnmnt="0" Value="2"/>
<MapEntry BoolAssgnmnt="1" Value="1"/>
</AssgnmntListEntry>
</AssgnmntPrefix>
</AssgnmntList>
<ObjMetaDataList/>
<MetaDataList/>
</TestCase>
<TestCase Comment="" Date="1367930065250" Name="ValueTest:testIsString">
<CovList>
<CovPrefix CovItemPrefix="Value.java">
<Cov CovItemId="B14" Value="1"/>
<Cov CovItemId="B16" Value="1"/>
<Cov CovItemId="S2" Value="1"/>
<Cov CovItemId="S22" Value="1"/>
<Cov CovItemId="S24" Value="1"/>
<Cov CovItemId="S26" Value="1"/>
<Cov CovItemId="S67" Value="4"/>
</CovPrefix>
</CovList>
<AssgnmntList>
<AssgnmntPrefix RootTermCovItemPrefix="Value.java">
<AssgnmntListEntry Length="1" RootTermCovItemId="C7">
<MapEntry BoolAssgnmnt="0" Value="1"/>
</AssgnmntListEntry>
<AssgnmntListEntry Length="2" RootTermCovItemId="C8">
<MapEntry BoolAssgnmnt="00" Value="1"/>
</AssgnmntListEntry>
</AssgnmntPrefix>
</AssgnmntList>
<ObjMetaDataList/>
<MetaDataList/>
</TestCase>
<TestCase Comment="" Date="1367930065251" Name="ValueTest:testIsBool">
<CovList>
<CovPrefix CovItemPrefix="Value.java">
<Cov CovItemId="B17" Value="1"/>
<Cov CovItemId="S2" Value="1"/>
<Cov CovItemId="S27" Value="1"/>
<Cov CovItemId="S28" Value="1"/>
<Cov CovItemId="S67" Value="1"/>
</CovPrefix>
</CovList>
<AssgnmntList>
<AssgnmntPrefix RootTermCovItemPrefix="Value.java">
<AssgnmntListEntry Length="2" RootTermCovItemId="C9">
<MapEntry BoolAssgnmnt="12" Value="1"/>
</AssgnmntListEntry>
</AssgnmntPrefix>
</AssgnmntList>
<ObjMetaDataList/>
<MetaDataList/>
</TestCase>
<TestCase Comment="" Date="1367930065252" Name="ValueTest:testToString">
<CovList/>
<AssgnmntList/>
<ObjMetaDataList/>
<MetaDataList/>
</TestCase>
<TestCase Comment="" Date="1367930065253" Name="ValueTest:testGetType">
<CovList>
<CovPrefix CovItemPrefix="Value.java">
<Cov CovItemId="B17" Value="1"/>
<Cov CovItemId="B33" Value="1"/>
<Cov CovItemId="S2" Value="1"/>
<Cov CovItemId="S27" Value="1"/>
<Cov CovItemId="S28" Value="1"/>
<Cov CovItemId="S46" Value="1"/>
<Cov CovItemId="S47" Value="1"/>
<Cov CovItemId="S67" Value="1"/>
</CovPrefix>
</CovList>
<AssgnmntList>
<AssgnmntPrefix RootTermCovItemPrefix="Value.java">
<AssgnmntListEntry Length="2" RootTermCovItemId="C17">
<MapEntry BoolAssgnmnt="12" Value="1"/>
</AssgnmntListEntry>
<AssgnmntListEntry Length="2" RootTermCovItemId="C9">
<MapEntry BoolAssgnmnt="12" Value="1"/>
</AssgnmntListEntry>
</AssgnmntPrefix>
</AssgnmntList>
<ObjMetaDataList/>
<MetaDataList/>
</TestCase>
<TestCase Comment="" Date="1367930065253" Name="ValueTest:testValueObject">
<CovList/>
<AssgnmntList/>
<ObjMetaDataList/>
<MetaDataList/>
</TestCase>
<TestCase Comment="" Date="1367930065254" Name="ValueTest:testIsNumericExpression">
<CovList>
<CovPrefix CovItemPrefix="Value.java">
<Cov CovItemId="B9" Value="1"/>
<Cov CovItemId="S16" Value="1"/>
<Cov CovItemId="S17" Value="1"/>
<Cov CovItemId="S2" Value="1"/>
<Cov CovItemId="S67" Value="1"/>
</CovPrefix>
</CovList>
<AssgnmntList>
<AssgnmntPrefix RootTermCovItemPrefix="Value.java">
<AssgnmntListEntry Length="1" RootTermCovItemId="C5">
<MapEntry BoolAssgnmnt="1" Value="1"/>
</AssgnmntListEntry>
</AssgnmntPrefix>
</AssgnmntList>
<ObjMetaDataList/>
<MetaDataList/>
</TestCase>
<TestCase Comment="" Date="1367930065255" Name="ValueTest:testEqualsObject">
<CovList/>
<AssgnmntList/>
<ObjMetaDataList/>
<MetaDataList/>
</TestCase>
<TestCase Comment="" Date="1367930065256" Name="ValueTest:testIsSameType">
<CovList>
<CovPrefix CovItemPrefix="Value.java">
<Cov CovItemId="B18" Value="1"/>
<Cov CovItemId="B19" Value="2"/>
<Cov CovItemId="B22" Value="1"/>
<Cov CovItemId="B23" Value="1"/>
<Cov CovItemId="S2" Value="2"/>
<Cov CovItemId="S27" Value="1"/>
<Cov CovItemId="S29" Value="1"/>
<Cov CovItemId="S30" Value="2"/>
<Cov CovItemId="S31" Value="2"/>
<Cov CovItemId="S33" Value="1"/>
<Cov CovItemId="S35" Value="1"/>
<Cov CovItemId="S36" Value="1"/>
<Cov CovItemId="S67" Value="4"/>
</CovPrefix>
</CovList>
<AssgnmntList>
<AssgnmntPrefix RootTermCovItemPrefix="Value.java">
<AssgnmntListEntry Length="2" RootTermCovItemId="C10">
<MapEntry BoolAssgnmnt="12" Value="2"/>
</AssgnmntListEntry>
<AssgnmntListEntry Length="2" RootTermCovItemId="C11">
<MapEntry BoolAssgnmnt="02" Value="1"/>
</AssgnmntListEntry>
<AssgnmntListEntry Length="2" RootTermCovItemId="C12">
<MapEntry BoolAssgnmnt="11" Value="1"/>
</AssgnmntListEntry>
<AssgnmntListEntry Length="2" RootTermCovItemId="C9">
<MapEntry BoolAssgnmnt="00" Value="1"/>
</AssgnmntListEntry>
</AssgnmntPrefix>
</AssgnmntList>
<ObjMetaDataList/>
<MetaDataList/>
</TestCase>
<TestCase Comment="" Date="1367930065257" Name="ValueTest:testIsContainer">
<CovList>
<CovPrefix CovItemPrefix="Value.java">
<Cov CovItemId="B19" Value="1"/>
<Cov CovItemId="S2" Value="1"/>
<Cov CovItemId="S30" Value="1"/>
<Cov CovItemId="S31" Value="1"/>
<Cov CovItemId="S67" Value="1"/>
</CovPrefix>
</CovList>
<AssgnmntList>
<AssgnmntPrefix RootTermCovItemPrefix="Value.java">
<AssgnmntListEntry Length="2" RootTermCovItemId="C10">
<MapEntry BoolAssgnmnt="12" Value="1"/>
</AssgnmntListEntry>
</AssgnmntPrefix>
</AssgnmntList>
<ObjMetaDataList/>
<MetaDataList/>
</TestCase>
<TestCase Comment="" Date="1367930065258" Name="ValueTest:testIsNumeric">
<CovList>
<CovPrefix CovItemPrefix="Value.java">
<Cov CovItemId="B3" Value="1"/>
<Cov CovItemId="B7" Value="1"/>
<Cov CovItemId="S13" Value="1"/>
<Cov CovItemId="S14" Value="1"/>
<Cov CovItemId="S2" Value="1"/>
<Cov CovItemId="S67" Value="1"/>
<Cov CovItemId="S7" Value="1"/>
<Cov CovItemId="S8" Value="1"/>
</CovPrefix>
</CovList>
<AssgnmntList>
<AssgnmntPrefix RootTermCovItemPrefix="Value.java">
<AssgnmntListEntry Length="1" RootTermCovItemId="C2">
<MapEntry BoolAssgnmnt="1" Value="1"/>
</AssgnmntListEntry>
<AssgnmntListEntry Length="4" RootTermCovItemId="C4">
<MapEntry BoolAssgnmnt="1222" Value="1"/>
</AssgnmntListEntry>
</AssgnmntPrefix>
</AssgnmntList>
<ObjMetaDataList/>
<MetaDataList/>
</TestCase>
<MetaDataList/>
</TestSession>
<TestSession Comment="" Date="1367930145555" Name="May 7, 2013 2:35:45 PM">
<TestCase Comment="" Date="1367930145525" Name="ValueTest:testIsDouble">
<CovList>
<CovPrefix CovItemPrefix="Value.java">
<Cov CovItemId="B1" Value="1"/>
<Cov CovItemId="B2" Value="2"/>
<Cov CovItemId="S1" Value="1"/>
<Cov CovItemId="S2" Value="4"/>
<Cov CovItemId="S4" Value="3"/>
<Cov CovItemId="S5" Value="1"/>
<Cov CovItemId="S6" Value="2"/>
<Cov CovItemId="S67" Value="3"/>
</CovPrefix>
</CovList>
<AssgnmntList>
<AssgnmntPrefix RootTermCovItemPrefix="Value.java">
<AssgnmntListEntry Length="1" RootTermCovItemId="C1">
<MapEntry BoolAssgnmnt="0" Value="2"/>
<MapEntry BoolAssgnmnt="1" Value="1"/>
</AssgnmntListEntry>
</AssgnmntPrefix>
</AssgnmntList>
<ObjMetaDataList/>
<MetaDataList/>
</TestCase>
<TestCase Comment="" Date="1367930145530" Name="ValueTest:testIsInt">
<CovList>
<CovPrefix CovItemPrefix="Value.java">
<Cov CovItemId="B3" Value="1"/>
<Cov CovItemId="B4" Value="2"/>
<Cov CovItemId="S2" Value="3"/>
<Cov CovItemId="S67" Value="3"/>
<Cov CovItemId="S7" Value="3"/>
<Cov CovItemId="S8" Value="1"/>
<Cov CovItemId="S9" Value="2"/>
</CovPrefix>
</CovList>
<AssgnmntList>
<AssgnmntPrefix RootTermCovItemPrefix="Value.java">
<AssgnmntListEntry Length="1" RootTermCovItemId="C2">
<MapEntry BoolAssgnmnt="0" Value="2"/>
<MapEntry BoolAssgnmnt="1" Value="1"/>
</AssgnmntListEntry>
</AssgnmntPrefix>
</AssgnmntList>
<ObjMetaDataList/>
<MetaDataList/>
</TestCase>
<TestCase Comment="" Date="1367930145531" Name="ValueTest:testValue">
<CovList/>
<AssgnmntList/>
<ObjMetaDataList/>
<MetaDataList/>
</TestCase>
<TestCase Comment="" Date="1367930145531" Name="ValueTest:testIsDrink">
<CovList>
<CovPrefix CovItemPrefix="Value.java">
<Cov CovItemId="B5" Value="1"/>
<Cov CovItemId="B6" Value="1"/>
<Cov CovItemId="S10" Value="2"/>
<Cov CovItemId="S11" Value="1"/>
<Cov CovItemId="S12" Value="1"/>
<Cov CovItemId="S2" Value="2"/>
<Cov CovItemId="S67" Value="2"/>
</CovPrefix>
</CovList>
<AssgnmntList>
<AssgnmntPrefix RootTermCovItemPrefix="Value.java">
<AssgnmntListEntry Length="1" RootTermCovItemId="C3">
<MapEntry BoolAssgnmnt="0" Value="1"/>
<MapEntry BoolAssgnmnt="1" Value="1"/>
</AssgnmntListEntry>
</AssgnmntPrefix>
</AssgnmntList>
<ObjMetaDataList/>
<MetaDataList/>
</TestCase>
<TestCase Comment="" Date="1367930145532" Name="ValueTest:testToString">
<CovList/>
<AssgnmntList/>
<ObjMetaDataList/>
<MetaDataList/>
</TestCase>
<TestCase Comment="" Date="1367930145533" Name="ValueTest:testIsString">
<CovList>
<CovPrefix CovItemPrefix="Value.java">
<Cov CovItemId="B14" Value="1"/>
<Cov CovItemId="B16" Value="1"/>
<Cov CovItemId="S2" Value="1"/>
<Cov CovItemId="S22" Value="1"/>
<Cov CovItemId="S24" Value="1"/>
<Cov CovItemId="S26" Value="1"/>
<Cov CovItemId="S67" Value="4"/>
</CovPrefix>
</CovList>
<AssgnmntList>
<AssgnmntPrefix RootTermCovItemPrefix="Value.java">
<AssgnmntListEntry Length="1" RootTermCovItemId="C7">
<MapEntry BoolAssgnmnt="0" Value="1"/>
</AssgnmntListEntry>
<AssgnmntListEntry Length="2" RootTermCovItemId="C8">
<MapEntry BoolAssgnmnt="00" Value="1"/>
</AssgnmntListEntry>
</AssgnmntPrefix>
</AssgnmntList>
<ObjMetaDataList/>
<MetaDataList/>
</TestCase>
<TestCase Comment="" Date="1367930145534" Name="ValueTest:testIsBool">
<CovList>
<CovPrefix CovItemPrefix="Value.java">
<Cov CovItemId="B17" Value="1"/>
<Cov CovItemId="S2" Value="1"/>
<Cov CovItemId="S27" Value="1"/>
<Cov CovItemId="S28" Value="1"/>
<Cov CovItemId="S67" Value="1"/>
</CovPrefix>
</CovList>
<AssgnmntList>
<AssgnmntPrefix RootTermCovItemPrefix="Value.java">
<AssgnmntListEntry Length="2" RootTermCovItemId="C9">
<MapEntry BoolAssgnmnt="12" Value="1"/>
</AssgnmntListEntry>
</AssgnmntPrefix>
</AssgnmntList>
<ObjMetaDataList/>
<MetaDataList/>
</TestCase>
<TestCase Comment="" Date="1367930145535" Name="ValueTest:testGetType">
<CovList>
<CovPrefix CovItemPrefix="Value.java">
<Cov CovItemId="B17" Value="1"/>
<Cov CovItemId="B33" Value="1"/>
<Cov CovItemId="S2" Value="1"/>
<Cov CovItemId="S27" Value="1"/>
<Cov CovItemId="S28" Value="1"/>
<Cov CovItemId="S46" Value="1"/>
<Cov CovItemId="S47" Value="1"/>
<Cov CovItemId="S67" Value="1"/>
</CovPrefix>
</CovList>
<AssgnmntList>
<AssgnmntPrefix RootTermCovItemPrefix="Value.java">
<AssgnmntListEntry Length="2" RootTermCovItemId="C17">
<MapEntry BoolAssgnmnt="12" Value="1"/>
</AssgnmntListEntry>
<AssgnmntListEntry Length="2" RootTermCovItemId="C9">
<MapEntry BoolAssgnmnt="12" Value="1"/>
</AssgnmntListEntry>
</AssgnmntPrefix>
</AssgnmntList>
<ObjMetaDataList/>
<MetaDataList/>
</TestCase>
<TestCase Comment="" Date="1367930145535" Name="ValueTest:testIsChar">
<CovList>
<CovPrefix CovItemPrefix="Value.java">
<Cov CovItemId="B12" Value="1"/>
<Cov CovItemId="S19" Value="1"/>
<Cov CovItemId="S2" Value="1"/>
<Cov CovItemId="S21" Value="1"/>
<Cov CovItemId="S67" Value="4"/>
</CovPrefix>
</CovList>
<AssgnmntList>
<AssgnmntPrefix RootTermCovItemPrefix="Value.java">
<AssgnmntListEntry Length="3" RootTermCovItemId="C6">
<MapEntry BoolAssgnmnt="000" Value="1"/>
</AssgnmntListEntry>
</AssgnmntPrefix>
</AssgnmntList>
<ObjMetaDataList/>
<MetaDataList/>
</TestCase>
<TestCase Comment="" Date="1367930145537" Name="ValueTest:testIsSameType">
<CovList>
<CovPrefix CovItemPrefix="Value.java">
<Cov CovItemId="B18" Value="1"/>
<Cov CovItemId="B19" Value="2"/>
<Cov CovItemId="B22" Value="1"/>
<Cov CovItemId="B23" Value="1"/>
<Cov CovItemId="S2" Value="2"/>
<Cov CovItemId="S27" Value="1"/>
<Cov CovItemId="S29" Value="1"/>
<Cov CovItemId="S30" Value="2"/>
<Cov CovItemId="S31" Value="2"/>
<Cov CovItemId="S33" Value="1"/>
<Cov CovItemId="S35" Value="1"/>
<Cov CovItemId="S36" Value="1"/>
<Cov CovItemId="S67" Value="4"/>
</CovPrefix>
</CovList>
<AssgnmntList>
<AssgnmntPrefix RootTermCovItemPrefix="Value.java">
<AssgnmntListEntry Length="2" RootTermCovItemId="C10">
<MapEntry BoolAssgnmnt="12" Value="2"/>
</AssgnmntListEntry>
<AssgnmntListEntry Length="2" RootTermCovItemId="C11">
<MapEntry BoolAssgnmnt="02" Value="1"/>
</AssgnmntListEntry>
<AssgnmntListEntry Length="2" RootTermCovItemId="C12">
<MapEntry BoolAssgnmnt="11" Value="1"/>
</AssgnmntListEntry>
<AssgnmntListEntry Length="2" RootTermCovItemId="C9">
<MapEntry BoolAssgnmnt="00" Value="1"/>
</AssgnmntListEntry>
</AssgnmntPrefix>
</AssgnmntList>
<ObjMetaDataList/>
<MetaDataList/>
</TestCase>
<TestCase Comment="" Date="1367930145538" Name="ValueTest:testIsNumeric">
<CovList>
<CovPrefix CovItemPrefix="Value.java">
<Cov CovItemId="B3" Value="1"/>
<Cov CovItemId="B7" Value="1"/>
<Cov CovItemId="S13" Value="1"/>
<Cov CovItemId="S14" Value="1"/>
<Cov CovItemId="S2" Value="1"/>
<Cov CovItemId="S67" Value="1"/>
<Cov CovItemId="S7" Value="1"/>
<Cov CovItemId="S8" Value="1"/>
</CovPrefix>
</CovList>
<AssgnmntList>
<AssgnmntPrefix RootTermCovItemPrefix="Value.java">
<AssgnmntListEntry Length="1" RootTermCovItemId="C2">
<MapEntry BoolAssgnmnt="1" Value="1"/>
</AssgnmntListEntry>
<AssgnmntListEntry Length="4" RootTermCovItemId="C4">
<MapEntry BoolAssgnmnt="1222" Value="1"/>
</AssgnmntListEntry>
</AssgnmntPrefix>
</AssgnmntList>
<ObjMetaDataList/>
<MetaDataList/>
</TestCase>
<TestCase Comment="" Date="1367930145539" Name="ValueTest:testValueObject">
<CovList/>
<AssgnmntList/>
<ObjMetaDataList/>
<MetaDataList/>
</TestCase>
<TestCase Comment="" Date="1367930145540" Name="ValueTest:testEqualsObject">
<CovList/>
<AssgnmntList/>
<ObjMetaDataList/>
<MetaDataList/>
</TestCase>
<TestCase Comment="" Date="1367930145541" Name="ValueTest:testIsContainer">
<CovList>
<CovPrefix CovItemPrefix="Value.java">
<Cov CovItemId="B19" Value="1"/>
<Cov CovItemId="S2" Value="1"/>
<Cov CovItemId="S30" Value="1"/>
<Cov CovItemId="S31" Value="1"/>
<Cov CovItemId="S67" Value="1"/>
</CovPrefix>
</CovList>
<AssgnmntList>
<AssgnmntPrefix RootTermCovItemPrefix="Value.java">
<AssgnmntListEntry Length="2" RootTermCovItemId="C10">
<MapEntry BoolAssgnmnt="12" Value="1"/>
</AssgnmntListEntry>
</AssgnmntPrefix>
</AssgnmntList>
<ObjMetaDataList/>
<MetaDataList/>
</TestCase>
<TestCase Comment="" Date="1367930145542" Name="ValueTest:testIsNumericExpression">
<CovList>
<CovPrefix CovItemPrefix="Value.java">
<Cov CovItemId="B9" Value="1"/>
<Cov CovItemId="S16" Value="1"/>
<Cov CovItemId="S17" Value="1"/>
<Cov CovItemId="S2" Value="1"/>
<Cov CovItemId="S67" Value="1"/>
</CovPrefix>
</CovList>
<AssgnmntList>
<AssgnmntPrefix RootTermCovItemPrefix="Value.java">
<AssgnmntListEntry Length="1" RootTermCovItemId="C5">
<MapEntry BoolAssgnmnt="1" Value="1"/>
</AssgnmntListEntry>
</AssgnmntPrefix>
</AssgnmntList>
<ObjMetaDataList/>
<MetaDataList/>
</TestCase>
<MetaDataList/>
</TestSession>
<TestSession Comment="" Date="1367930164859" Name="May 7, 2013 2:36:04 PM">
<TestCase Comment="" Date="1367930164830" Name="ValueTest:testIsBool">
<CovList>
<CovPrefix CovItemPrefix="Value.java">
<Cov CovItemId="B17" Value="1"/>
<Cov CovItemId="S1" Value="1"/>
<Cov CovItemId="S2" Value="2"/>
<Cov CovItemId="S27" Value="1"/>
<Cov CovItemId="S28" Value="1"/>
<Cov CovItemId="S67" Value="1"/>
</CovPrefix>
</CovList>
<AssgnmntList>
<AssgnmntPrefix RootTermCovItemPrefix="Value.java">
<AssgnmntListEntry Length="2" RootTermCovItemId="C9">
<MapEntry BoolAssgnmnt="12" Value="1"/>
</AssgnmntListEntry>
</AssgnmntPrefix>
</AssgnmntList>
<ObjMetaDataList/>
<MetaDataList/>
</TestCase>
<TestCase Comment="" Date="1367930164835" Name="ValueTest:testIsChar">
<CovList>
<CovPrefix CovItemPrefix="Value.java">
<Cov CovItemId="B12" Value="1"/>
<Cov CovItemId="S19" Value="1"/>
<Cov CovItemId="S2" Value="1"/>
<Cov CovItemId="S21" Value="1"/>
<Cov CovItemId="S67" Value="4"/>
</CovPrefix>
</CovList>
<AssgnmntList>
<AssgnmntPrefix RootTermCovItemPrefix="Value.java">
<AssgnmntListEntry Length="3" RootTermCovItemId="C6">
<MapEntry BoolAssgnmnt="000" Value="1"/>
</AssgnmntListEntry>
</AssgnmntPrefix>
</AssgnmntList>
<ObjMetaDataList/>
<MetaDataList/>
</TestCase>
<TestCase Comment="" Date="1367930164836" Name="ValueTest:testToString">
<CovList/>
<AssgnmntList/>
<ObjMetaDataList/>
<MetaDataList/>
</TestCase>
<TestCase Comment="" Date="1367930164837" Name="ValueTest:testGetType">
<CovList>
<CovPrefix CovItemPrefix="Value.java">
<Cov CovItemId="B17" Value="1"/>
<Cov CovItemId="B33" Value="1"/>
<Cov CovItemId="S2" Value="1"/>
<Cov CovItemId="S27" Value="1"/>
<Cov CovItemId="S28" Value="1"/>
<Cov CovItemId="S46" Value="1"/>
<Cov CovItemId="S47" Value="1"/>
<Cov CovItemId="S67" Value="1"/>
</CovPrefix>
</CovList>
<AssgnmntList>
<AssgnmntPrefix RootTermCovItemPrefix="Value.java">
<AssgnmntListEntry Length="2" RootTermCovItemId="C17">
<MapEntry BoolAssgnmnt="12" Value="1"/>
</AssgnmntListEntry>
<AssgnmntListEntry Length="2" RootTermCovItemId="C9">
<MapEntry BoolAssgnmnt="12" Value="1"/>
</AssgnmntListEntry>
</AssgnmntPrefix>
</AssgnmntList>
<ObjMetaDataList/>
<MetaDataList/>
</TestCase>
<TestCase Comment="" Date="1367930164838" Name="ValueTest:testIsString">
<CovList>
<CovPrefix CovItemPrefix="Value.java">
<Cov CovItemId="B14" Value="1"/>
<Cov CovItemId="B16" Value="1"/>
<Cov CovItemId="S2" Value="1"/>
<Cov CovItemId="S22" Value="1"/>
<Cov CovItemId="S24" Value="1"/>
<Cov CovItemId="S26" Value="1"/>
<Cov CovItemId="S67" Value="4"/>
</CovPrefix>
</CovList>
<AssgnmntList>
<AssgnmntPrefix RootTermCovItemPrefix="Value.java">
<AssgnmntListEntry Length="1" RootTermCovItemId="C7">
<MapEntry BoolAssgnmnt="0" Value="1"/>
</AssgnmntListEntry>
<AssgnmntListEntry Length="2" RootTermCovItemId="C8">
<MapEntry BoolAssgnmnt="00" Value="1"/>
</AssgnmntListEntry>
</AssgnmntPrefix>
</AssgnmntList>
<ObjMetaDataList/>
<MetaDataList/>
</TestCase>
<TestCase Comment="" Date="1367930164839" Name="ValueTest:testValue">
<CovList/>
<AssgnmntList/>
<ObjMetaDataList/>
<MetaDataList/>
</TestCase>
<TestCase Comment="" Date="1367930164839" Name="ValueTest:testIsDouble">
<CovList>
<CovPrefix CovItemPrefix="Value.java">
<Cov CovItemId="B1" Value="1"/>
<Cov CovItemId="B2" Value="2"/>
<Cov CovItemId="S2" Value="3"/>
<Cov CovItemId="S4" Value="3"/>
<Cov CovItemId="S5" Value="1"/>
<Cov CovItemId="S6" Value="2"/>
<Cov CovItemId="S67" Value="3"/>
</CovPrefix>
</CovList>
<AssgnmntList>
<AssgnmntPrefix RootTermCovItemPrefix="Value.java">
<AssgnmntListEntry Length="1" RootTermCovItemId="C1">
<MapEntry BoolAssgnmnt="0" Value="2"/>
<MapEntry BoolAssgnmnt="1" Value="1"/>
</AssgnmntListEntry>
</AssgnmntPrefix>
</AssgnmntList>
<ObjMetaDataList/>
<MetaDataList/>
</TestCase>
<TestCase Comment="" Date="1367930164841" Name="ValueTest:testIsDrink">
<CovList>
<CovPrefix CovItemPrefix="Value.java">
<Cov CovItemId="B5" Value="1"/>
<Cov CovItemId="B6" Value="2"/>
<Cov CovItemId="S10" Value="3"/>
<Cov CovItemId="S11" Value="1"/>
<Cov CovItemId="S12" Value="2"/>
<Cov CovItemId="S2" Value="3"/>
<Cov CovItemId="S67" Value="3"/>
</CovPrefix>
</CovList>
<AssgnmntList>
<AssgnmntPrefix RootTermCovItemPrefix="Value.java">
<AssgnmntListEntry Length="1" RootTermCovItemId="C3">
<MapEntry BoolAssgnmnt="0" Value="2"/>
<MapEntry BoolAssgnmnt="1" Value="1"/>
</AssgnmntListEntry>
</AssgnmntPrefix>
</AssgnmntList>
<ObjMetaDataList/>
<MetaDataList/>
</TestCase>
<TestCase Comment="" Date="1367930164841" Name="ValueTest:testIsInt">
<CovList>
<CovPrefix CovItemPrefix="Value.java">
<Cov CovItemId="B3" Value="1"/>
<Cov CovItemId="B4" Value="2"/>
<Cov CovItemId="S2" Value="3"/>
<Cov CovItemId="S67" Value="3"/>
<Cov CovItemId="S7" Value="3"/>
<Cov CovItemId="S8" Value="1"/>
<Cov CovItemId="S9" Value="2"/>
</CovPrefix>
</CovList>
<AssgnmntList>
<AssgnmntPrefix RootTermCovItemPrefix="Value.java">
<AssgnmntListEntry Length="1" RootTermCovItemId="C2">
<MapEntry BoolAssgnmnt="0" Value="2"/>
<MapEntry BoolAssgnmnt="1" Value="1"/>
</AssgnmntListEntry>
</AssgnmntPrefix>
</AssgnmntList>
<ObjMetaDataList/>
<MetaDataList/>
</TestCase>
<TestCase Comment="" Date="1367930164842" Name="ValueTest:testIsContainer">
<CovList>
<CovPrefix CovItemPrefix="Value.java">
<Cov CovItemId="B19" Value="1"/>
<Cov CovItemId="S2" Value="1"/>
<Cov CovItemId="S30" Value="1"/>
<Cov CovItemId="S31" Value="1"/>
<Cov CovItemId="S67" Value="1"/>
</CovPrefix>
</CovList>
<AssgnmntList>
<AssgnmntPrefix RootTermCovItemPrefix="Value.java">
<AssgnmntListEntry Length="2" RootTermCovItemId="C10">
<MapEntry BoolAssgnmnt="12" Value="1"/>
</AssgnmntListEntry>
</AssgnmntPrefix>
</AssgnmntList>
<ObjMetaDataList/>
<MetaDataList/>
</TestCase>
<TestCase Comment="" Date="1367930164843" Name="ValueTest:testEqualsObject">
<CovList/>
<AssgnmntList/>
<ObjMetaDataList/>
<MetaDataList/>
</TestCase>
<TestCase Comment="" Date="1367930164844" Name="ValueTest:testIsNumericExpression">
<CovList>
<CovPrefix CovItemPrefix="Value.java">
<Cov CovItemId="B9" Value="1"/>
<Cov CovItemId="S16" Value="1"/>
<Cov CovItemId="S17" Value="1"/>
<Cov CovItemId="S2" Value="1"/>
<Cov CovItemId="S67" Value="1"/>
</CovPrefix>
</CovList>
<AssgnmntList>
<AssgnmntPrefix RootTermCovItemPrefix="Value.java">
<AssgnmntListEntry Length="1" RootTermCovItemId="C5">
<MapEntry BoolAssgnmnt="1" Value="1"/>
</AssgnmntListEntry>
</AssgnmntPrefix>
</AssgnmntList>
<ObjMetaDataList/>
<MetaDataList/>
</TestCase>
<TestCase Comment="" Date="1367930164845" Name="ValueTest:testIsNumeric">
<CovList>
<CovPrefix CovItemPrefix="Value.java">
<Cov CovItemId="B3" Value="1"/>
<Cov CovItemId="B7" Value="1"/>
<Cov CovItemId="S13" Value="1"/>
<Cov CovItemId="S14" Value="1"/>
<Cov CovItemId="S2" Value="1"/>
<Cov CovItemId="S67" Value="1"/>
<Cov CovItemId="S7" Value="1"/>
<Cov CovItemId="S8" Value="1"/>
</CovPrefix>
</CovList>
<AssgnmntList>
<AssgnmntPrefix RootTermCovItemPrefix="Value.java">
<AssgnmntListEntry Length="1" RootTermCovItemId="C2">
<MapEntry BoolAssgnmnt="1" Value="1"/>
</AssgnmntListEntry>
<AssgnmntListEntry Length="4" RootTermCovItemId="C4">
<MapEntry BoolAssgnmnt="1222" Value="1"/>
</AssgnmntListEntry>
</AssgnmntPrefix>
</AssgnmntList>
<ObjMetaDataList/>
<MetaDataList/>
</TestCase>
<TestCase Comment="" Date="1367930164846" Name="ValueTest:testValueObject">
<CovList/>
<AssgnmntList/>
<ObjMetaDataList/>
<MetaDataList/>
</TestCase>
<TestCase Comment="" Date="1367930164846" Name="ValueTest:testIsSameType">
<CovList>
<CovPrefix CovItemPrefix="Value.java">
<Cov CovItemId="B18" Value="1"/>
<Cov CovItemId="B19" Value="2"/>
<Cov CovItemId="B22" Value="1"/>
<Cov CovItemId="B23" Value="1"/>
<Cov CovItemId="S2" Value="2"/>
<Cov CovItemId="S27" Value="1"/>
<Cov CovItemId="S29" Value="1"/>
<Cov CovItemId="S30" Value="2"/>
<Cov CovItemId="S31" Value="2"/>
<Cov CovItemId="S33" Value="1"/>
<Cov CovItemId="S35" Value="1"/>
<Cov CovItemId="S36" Value="1"/>
<Cov CovItemId="S67" Value="4"/>
</CovPrefix>
</CovList>
<AssgnmntList>
<AssgnmntPrefix RootTermCovItemPrefix="Value.java">
<AssgnmntListEntry Length="2" RootTermCovItemId="C10">
<MapEntry BoolAssgnmnt="12" Value="2"/>
</AssgnmntListEntry>
<AssgnmntListEntry Length="2" RootTermCovItemId="C11">
<MapEntry BoolAssgnmnt="02" Value="1"/>
</AssgnmntListEntry>
<AssgnmntListEntry Length="2" RootTermCovItemId="C12">
<MapEntry BoolAssgnmnt="11" Value="1"/>
</AssgnmntListEntry>
<AssgnmntListEntry Length="2" RootTermCovItemId="C9">
<MapEntry BoolAssgnmnt="00" Value="1"/>
</AssgnmntListEntry>
</AssgnmntPrefix>
</AssgnmntList>
<ObjMetaDataList/>
<MetaDataList/>
</TestCase>
<MetaDataList/>
</TestSession>
<TestSession Comment="" Date="1367930245640" Name="May 7, 2013 2:37:25 PM">
<TestCase Comment="" Date="1367930245610" Name="ValueTest:testIsDouble">
<CovList>
<CovPrefix CovItemPrefix="Value.java">
<Cov CovItemId="B1" Value="1"/>
<Cov CovItemId="B2" Value="2"/>
<Cov CovItemId="S1" Value="1"/>
<Cov CovItemId="S2" Value="4"/>
<Cov CovItemId="S4" Value="3"/>
<Cov CovItemId="S5" Value="1"/>
<Cov CovItemId="S6" Value="2"/>
<Cov CovItemId="S67" Value="3"/>
</CovPrefix>
</CovList>
<AssgnmntList>
<AssgnmntPrefix RootTermCovItemPrefix="Value.java">
<AssgnmntListEntry Length="1" RootTermCovItemId="C1">
<MapEntry BoolAssgnmnt="0" Value="2"/>
<MapEntry BoolAssgnmnt="1" Value="1"/>
</AssgnmntListEntry>
</AssgnmntPrefix>
</AssgnmntList>
<ObjMetaDataList/>
<MetaDataList/>
</TestCase>
<TestCase Comment="" Date="1367930245615" Name="ValueTest:testIsInt">
<CovList>
<CovPrefix CovItemPrefix="Value.java">
<Cov CovItemId="B3" Value="1"/>
<Cov CovItemId="B4" Value="2"/>
<Cov CovItemId="S2" Value="3"/>
<Cov CovItemId="S67" Value="3"/>
<Cov CovItemId="S7" Value="3"/>
<Cov CovItemId="S8" Value="1"/>
<Cov CovItemId="S9" Value="2"/>
</CovPrefix>
</CovList>
<AssgnmntList>
<AssgnmntPrefix RootTermCovItemPrefix="Value.java">
<AssgnmntListEntry Length="1" RootTermCovItemId="C2">
<MapEntry BoolAssgnmnt="0" Value="2"/>
<MapEntry BoolAssgnmnt="1" Value="1"/>
</AssgnmntListEntry>
</AssgnmntPrefix>
</AssgnmntList>
<ObjMetaDataList/>
<MetaDataList/>
</TestCase>
<TestCase Comment="" Date="1367930245616" Name="ValueTest:testValue">
<CovList/>
<AssgnmntList/>
<ObjMetaDataList/>
<MetaDataList/>
</TestCase>
<TestCase Comment="" Date="1367930245617" Name="ValueTest:testIsChar">
<CovList>
<CovPrefix CovItemPrefix="Value.java">
<Cov CovItemId="B12" Value="1"/>
<Cov CovItemId="S19" Value="1"/>
<Cov CovItemId="S2" Value="1"/>
<Cov CovItemId="S21" Value="1"/>
<Cov CovItemId="S67" Value="4"/>
</CovPrefix>
</CovList>
<AssgnmntList>
<AssgnmntPrefix RootTermCovItemPrefix="Value.java">
<AssgnmntListEntry Length="3" RootTermCovItemId="C6">
<MapEntry BoolAssgnmnt="000" Value="1"/>
</AssgnmntListEntry>
</AssgnmntPrefix>
</AssgnmntList>
<ObjMetaDataList/>
<MetaDataList/>
</TestCase>
<TestCase Comment="" Date="1367930245618" Name="ValueTest:testIsString">
<CovList>
<CovPrefix CovItemPrefix="Value.java">
<Cov CovItemId="B14" Value="1"/>
<Cov CovItemId="B16" Value="1"/>
<Cov CovItemId="S2" Value="1"/>
<Cov CovItemId="S22" Value="1"/>
<Cov CovItemId="S24" Value="1"/>
<Cov CovItemId="S26" Value="1"/>
<Cov CovItemId="S67" Value="4"/>
</CovPrefix>
</CovList>
<AssgnmntList>
<AssgnmntPrefix RootTermCovItemPrefix="Value.java">
<AssgnmntListEntry Length="1" RootTermCovItemId="C7">
<MapEntry BoolAssgnmnt="0" Value="1"/>
</AssgnmntListEntry>
<AssgnmntListEntry Length="2" RootTermCovItemId="C8">
<MapEntry BoolAssgnmnt="00" Value="1"/>
</AssgnmntListEntry>
</AssgnmntPrefix>
</AssgnmntList>
<ObjMetaDataList/>
<MetaDataList/>
</TestCase>
<TestCase Comment="" Date="1367930245619" Name="ValueTest:testIsDrink">
<CovList>
<CovPrefix CovItemPrefix="Value.java">
<Cov CovItemId="B5" Value="1"/>
<Cov CovItemId="B6" Value="2"/>
<Cov CovItemId="S10" Value="3"/>
<Cov CovItemId="S11" Value="1"/>
<Cov CovItemId="S12" Value="2"/>
<Cov CovItemId="S2" Value="3"/>
<Cov CovItemId="S67" Value="3"/>
</CovPrefix>
</CovList>
<AssgnmntList>
<AssgnmntPrefix RootTermCovItemPrefix="Value.java">
<AssgnmntListEntry Length="1" RootTermCovItemId="C3">
<MapEntry BoolAssgnmnt="0" Value="2"/>
<MapEntry BoolAssgnmnt="1" Value="1"/>
</AssgnmntListEntry>
</AssgnmntPrefix>
</AssgnmntList>
<ObjMetaDataList/>
<MetaDataList/>
</TestCase>
<TestCase Comment="" Date="1367930245620" Name="ValueTest:testIsBool">
<CovList>
<CovPrefix CovItemPrefix="Value.java">
<Cov CovItemId="B17" Value="1"/>
<Cov CovItemId="S2" Value="1"/>
<Cov CovItemId="S27" Value="1"/>
<Cov CovItemId="S28" Value="1"/>
<Cov CovItemId="S67" Value="1"/>
</CovPrefix>
</CovList>
<AssgnmntList>
<AssgnmntPrefix RootTermCovItemPrefix="Value.java">
<AssgnmntListEntry Length="2" RootTermCovItemId="C9">
<MapEntry BoolAssgnmnt="12" Value="1"/>
</AssgnmntListEntry>
</AssgnmntPrefix>
</AssgnmntList>
<ObjMetaDataList/>
<MetaDataList/>
</TestCase>
<TestCase Comment="" Date="1367930245621" Name="ValueTest:testToString">
<CovList/>
<AssgnmntList/>
<ObjMetaDataList/>
<MetaDataList/>
</TestCase>
<TestCase Comment="" Date="1367930245622" Name="ValueTest:testGetType">
<CovList>
<CovPrefix CovItemPrefix="Value.java">
<Cov CovItemId="B17" Value="1"/>
<Cov CovItemId="B33" Value="1"/>
<Cov CovItemId="S2" Value="1"/>
<Cov CovItemId="S27" Value="1"/>
<Cov CovItemId="S28" Value="1"/>
<Cov CovItemId="S46" Value="1"/>
<Cov CovItemId="S47" Value="1"/>
<Cov CovItemId="S67" Value="1"/>
</CovPrefix>
</CovList>
<AssgnmntList>
<AssgnmntPrefix RootTermCovItemPrefix="Value.java">
<AssgnmntListEntry Length="2" RootTermCovItemId="C17">
<MapEntry BoolAssgnmnt="12" Value="1"/>
</AssgnmntListEntry>
<AssgnmntListEntry Length="2" RootTermCovItemId="C9">
<MapEntry BoolAssgnmnt="12" Value="1"/>
</AssgnmntListEntry>
</AssgnmntPrefix>
</AssgnmntList>
<ObjMetaDataList/>
<MetaDataList/>
</TestCase>
<TestCase Comment="" Date="1367930245622" Name="ValueTest:testValueObject">
<CovList/>
<AssgnmntList/>
<ObjMetaDataList/>
<MetaDataList/>
</TestCase>
<TestCase Comment="" Date="1367930245623" Name="ValueTest:testIsSameType">
<CovList>
<CovPrefix CovItemPrefix="Value.java">
<Cov CovItemId="B18" Value="1"/>
<Cov CovItemId="B19" Value="2"/>
<Cov CovItemId="B22" Value="1"/>
<Cov CovItemId="B23" Value="1"/>
<Cov CovItemId="S2" Value="2"/>
<Cov CovItemId="S27" Value="1"/>
<Cov CovItemId="S29" Value="1"/>
<Cov CovItemId="S30" Value="2"/>
<Cov CovItemId="S31" Value="2"/>
<Cov CovItemId="S33" Value="1"/>
<Cov CovItemId="S35" Value="1"/>
<Cov CovItemId="S36" Value="1"/>
<Cov CovItemId="S67" Value="4"/>
</CovPrefix>
</CovList>
<AssgnmntList>
<AssgnmntPrefix RootTermCovItemPrefix="Value.java">
<AssgnmntListEntry Length="2" RootTermCovItemId="C10">
<MapEntry BoolAssgnmnt="12" Value="2"/>
</AssgnmntListEntry>
<AssgnmntListEntry Length="2" RootTermCovItemId="C11">
<MapEntry BoolAssgnmnt="02" Value="1"/>
</AssgnmntListEntry>
<AssgnmntListEntry Length="2" RootTermCovItemId="C12">
<MapEntry BoolAssgnmnt="11" Value="1"/>
</AssgnmntListEntry>
<AssgnmntListEntry Length="2" RootTermCovItemId="C9">
<MapEntry BoolAssgnmnt="00" Value="1"/>
</AssgnmntListEntry>
</AssgnmntPrefix>
</AssgnmntList>
<ObjMetaDataList/>
<MetaDataList/>
</TestCase>
<TestCase Comment="" Date="1367930245624" Name="ValueTest:testIsContainer">
<CovList>
<CovPrefix CovItemPrefix="Value.java">
<Cov CovItemId="B19" Value="1"/>
<Cov CovItemId="S2" Value="1"/>
<Cov CovItemId="S30" Value="1"/>
<Cov CovItemId="S31" Value="1"/>
<Cov CovItemId="S67" Value="1"/>
</CovPrefix>
</CovList>
<AssgnmntList>
<AssgnmntPrefix RootTermCovItemPrefix="Value.java">
<AssgnmntListEntry Length="2" RootTermCovItemId="C10">
<MapEntry BoolAssgnmnt="12" Value="1"/>
</AssgnmntListEntry>
</AssgnmntPrefix>
</AssgnmntList>
<ObjMetaDataList/>
<MetaDataList/>
</TestCase>
<TestCase Comment="" Date="1367930245625" Name="ValueTest:testEqualsObject">
<CovList/>
<AssgnmntList/>
<ObjMetaDataList/>
<MetaDataList/>
</TestCase>
<TestCase Comment="" Date="1367930245626" Name="ValueTest:testIsNumeric">
<CovList>
<CovPrefix CovItemPrefix="Value.java">
<Cov CovItemId="B1" Value="1"/>
<Cov CovItemId="B2" Value="1"/>
<Cov CovItemId="B3" Value="1"/>
<Cov CovItemId="B4" Value="2"/>
<Cov CovItemId="B7" Value="2"/>
<Cov CovItemId="B8" Value="1"/>
<Cov CovItemId="S13" Value="3"/>
<Cov CovItemId="S14" Value="2"/>
<Cov CovItemId="S15" Value="1"/>
<Cov CovItemId="S2" Value="3"/>
<Cov CovItemId="S4" Value="2"/>
<Cov CovItemId="S5" Value="1"/>
<Cov CovItemId="S6" Value="1"/>
<Cov CovItemId="S67" Value="7"/>
<Cov CovItemId="S7" Value="3"/>
<Cov CovItemId="S8" Value="1"/>
<Cov CovItemId="S9" Value="2"/>
</CovPrefix>
</CovList>
<AssgnmntList>
<AssgnmntPrefix RootTermCovItemPrefix="Value.java">
<AssgnmntListEntry Length="1" RootTermCovItemId="C1">
<MapEntry BoolAssgnmnt="0" Value="1"/>
<MapEntry BoolAssgnmnt="1" Value="1"/>
</AssgnmntListEntry>
<AssgnmntListEntry Length="1" RootTermCovItemId="C2">
<MapEntry BoolAssgnmnt="0" Value="2"/>
<MapEntry BoolAssgnmnt="1" Value="1"/>
</AssgnmntListEntry>
<AssgnmntListEntry Length="4" RootTermCovItemId="C4">
<MapEntry BoolAssgnmnt="0000" Value="1"/>
<MapEntry BoolAssgnmnt="0122" Value="1"/>
<MapEntry BoolAssgnmnt="1222" Value="1"/>
</AssgnmntListEntry>
</AssgnmntPrefix>
</AssgnmntList>
<ObjMetaDataList/>
<MetaDataList/>
</TestCase>
<TestCase Comment="" Date="1367930245627" Name="ValueTest:testIsNumericExpression">
<CovList>
<CovPrefix CovItemPrefix="Value.java">
<Cov CovItemId="B9" Value="1"/>
<Cov CovItemId="S16" Value="1"/>
<Cov CovItemId="S17" Value="1"/>
<Cov CovItemId="S2" Value="1"/>
<Cov CovItemId="S67" Value="1"/>
</CovPrefix>
</CovList>
<AssgnmntList>
<AssgnmntPrefix RootTermCovItemPrefix="Value.java">
<AssgnmntListEntry Length="1" RootTermCovItemId="C5">
<MapEntry BoolAssgnmnt="1" Value="1"/>
</AssgnmntListEntry>
</AssgnmntPrefix>
</AssgnmntList>
<ObjMetaDataList/>
<MetaDataList/>
</TestCase>
<MetaDataList/>
</TestSession>
<TestSession Comment="" Date="1367930301509" Name="May 7, 2013 2:38:21 PM">
<TestCase Comment="" Date="1367930301474" Name="ValueTest:testIsDouble">
<CovList>
<CovPrefix CovItemPrefix="Value.java">
<Cov CovItemId="B1" Value="1"/>
<Cov CovItemId="B2" Value="2"/>
<Cov CovItemId="S1" Value="1"/>
<Cov CovItemId="S2" Value="4"/>
<Cov CovItemId="S4" Value="3"/>
<Cov CovItemId="S5" Value="1"/>
<Cov CovItemId="S6" Value="2"/>
<Cov CovItemId="S67" Value="3"/>
</CovPrefix>
</CovList>
<AssgnmntList>
<AssgnmntPrefix RootTermCovItemPrefix="Value.java">
<AssgnmntListEntry Length="1" RootTermCovItemId="C1">
<MapEntry BoolAssgnmnt="0" Value="2"/>
<MapEntry BoolAssgnmnt="1" Value="1"/>
</AssgnmntListEntry>
</AssgnmntPrefix>
</AssgnmntList>
<ObjMetaDataList/>
<MetaDataList/>
</TestCase>
<TestCase Comment="" Date="1367930301478" Name="ValueTest:testIsDrink">
<CovList>
<CovPrefix CovItemPrefix="Value.java">
<Cov CovItemId="B5" Value="1"/>
<Cov CovItemId="B6" Value="2"/>
<Cov CovItemId="S10" Value="3"/>
<Cov CovItemId="S11" Value="1"/>
<Cov CovItemId="S12" Value="2"/>
<Cov CovItemId="S2" Value="3"/>
<Cov CovItemId="S67" Value="3"/>
</CovPrefix>
</CovList>
<AssgnmntList>
<AssgnmntPrefix RootTermCovItemPrefix="Value.java">
<AssgnmntListEntry Length="1" RootTermCovItemId="C3">
<MapEntry BoolAssgnmnt="0" Value="2"/>
<MapEntry BoolAssgnmnt="1" Value="1"/>
</AssgnmntListEntry>
</AssgnmntPrefix>
</AssgnmntList>
<ObjMetaDataList/>
<MetaDataList/>
</TestCase>
<TestCase Comment="" Date="1367930301479" Name="ValueTest:testIsChar">
<CovList>
<CovPrefix CovItemPrefix="Value.java">
<Cov CovItemId="B12" Value="1"/>
<Cov CovItemId="S19" Value="1"/>
<Cov CovItemId="S2" Value="1"/>
<Cov CovItemId="S21" Value="1"/>
<Cov CovItemId="S67" Value="4"/>
</CovPrefix>
</CovList>
<AssgnmntList>
<AssgnmntPrefix RootTermCovItemPrefix="Value.java">
<AssgnmntListEntry Length="3" RootTermCovItemId="C6">
<MapEntry BoolAssgnmnt="000" Value="1"/>
</AssgnmntListEntry>
</AssgnmntPrefix>
</AssgnmntList>
<ObjMetaDataList/>
<MetaDataList/>
</TestCase>
<TestCase Comment="" Date="1367930301481" Name="ValueTest:testIsString">
<CovList>
<CovPrefix CovItemPrefix="Value.java">
<Cov CovItemId="B14" Value="1"/>
<Cov CovItemId="B16" Value="1"/>
<Cov CovItemId="S2" Value="1"/>
<Cov CovItemId="S22" Value="1"/>
<Cov CovItemId="S24" Value="1"/>
<Cov CovItemId="S26" Value="1"/>
<Cov CovItemId="S67" Value="4"/>
</CovPrefix>
</CovList>
<AssgnmntList>
<AssgnmntPrefix RootTermCovItemPrefix="Value.java">
<AssgnmntListEntry Length="1" RootTermCovItemId="C7">
<MapEntry BoolAssgnmnt="0" Value="1"/>
</AssgnmntListEntry>
<AssgnmntListEntry Length="2" RootTermCovItemId="C8">
<MapEntry BoolAssgnmnt="00" Value="1"/>
</AssgnmntListEntry>
</AssgnmntPrefix>
</AssgnmntList>
<ObjMetaDataList/>
<MetaDataList/>
</TestCase>
<TestCase Comment="" Date="1367930301482" Name="ValueTest:testIsInt">
<CovList>
<CovPrefix CovItemPrefix="Value.java">
<Cov CovItemId="B3" Value="1"/>
<Cov CovItemId="B4" Value="2"/>
<Cov CovItemId="S2" Value="3"/>
<Cov CovItemId="S67" Value="3"/>
<Cov CovItemId="S7" Value="3"/>
<Cov CovItemId="S8" Value="1"/>
<Cov CovItemId="S9" Value="2"/>
</CovPrefix>
</CovList>
<AssgnmntList>
<AssgnmntPrefix RootTermCovItemPrefix="Value.java">
<AssgnmntListEntry Length="1" RootTermCovItemId="C2">
<MapEntry BoolAssgnmnt="0" Value="2"/>
<MapEntry BoolAssgnmnt="1" Value="1"/>
</AssgnmntListEntry>
</AssgnmntPrefix>
</AssgnmntList>
<ObjMetaDataList/>
<MetaDataList/>
</TestCase>
<TestCase Comment="" Date="1367930301483" Name="ValueTest:testGetType">
<CovList>
<CovPrefix CovItemPrefix="Value.java">
<Cov CovItemId="B17" Value="1"/>
<Cov CovItemId="B33" Value="1"/>
<Cov CovItemId="S2" Value="1"/>
<Cov CovItemId="S27" Value="1"/>
<Cov CovItemId="S28" Value="1"/>
<Cov CovItemId="S46" Value="1"/>
<Cov CovItemId="S47" Value="1"/>
<Cov CovItemId="S67" Value="1"/>
</CovPrefix>
</CovList>
<AssgnmntList>
<AssgnmntPrefix RootTermCovItemPrefix="Value.java">
<AssgnmntListEntry Length="2" RootTermCovItemId="C17">
<MapEntry BoolAssgnmnt="12" Value="1"/>
</AssgnmntListEntry>
<AssgnmntListEntry Length="2" RootTermCovItemId="C9">
<MapEntry BoolAssgnmnt="12" Value="1"/>
</AssgnmntListEntry>
</AssgnmntPrefix>
</AssgnmntList>
<ObjMetaDataList/>
<MetaDataList/>
</TestCase>
<TestCase Comment="" Date="1367930301485" Name="ValueTest:testToString">
<CovList/>
<AssgnmntList/>
<ObjMetaDataList/>
<MetaDataList/>
</TestCase>
<TestCase Comment="" Date="1367930301486" Name="ValueTest:testIsBool">
<CovList>
<CovPrefix CovItemPrefix="Value.java">
<Cov CovItemId="B17" Value="1"/>
<Cov CovItemId="S2" Value="1"/>
<Cov CovItemId="S27" Value="1"/>
<Cov CovItemId="S28" Value="1"/>
<Cov CovItemId="S67" Value="1"/>
</CovPrefix>
</CovList>
<AssgnmntList>
<AssgnmntPrefix RootTermCovItemPrefix="Value.java">
<AssgnmntListEntry Length="2" RootTermCovItemId="C9">
<MapEntry BoolAssgnmnt="12" Value="1"/>
</AssgnmntListEntry>
</AssgnmntPrefix>
</AssgnmntList>
<ObjMetaDataList/>
<MetaDataList/>
</TestCase>
<TestCase Comment="" Date="1367930301487" Name="ValueTest:testIsNumeric">
<CovList>
<CovPrefix CovItemPrefix="Value.java">
<Cov CovItemId="B1" Value="1"/>
<Cov CovItemId="B2" Value="1"/>
<Cov CovItemId="B3" Value="1"/>
<Cov CovItemId="B4" Value="2"/>
<Cov CovItemId="B7" Value="2"/>
<Cov CovItemId="B8" Value="1"/>
<Cov CovItemId="S13" Value="3"/>
<Cov CovItemId="S14" Value="2"/>
<Cov CovItemId="S15" Value="1"/>
<Cov CovItemId="S2" Value="3"/>
<Cov CovItemId="S4" Value="2"/>
<Cov CovItemId="S5" Value="1"/>
<Cov CovItemId="S6" Value="1"/>
<Cov CovItemId="S67" Value="7"/>
<Cov CovItemId="S7" Value="3"/>
<Cov CovItemId="S8" Value="1"/>
<Cov CovItemId="S9" Value="2"/>
</CovPrefix>
</CovList>
<AssgnmntList>
<AssgnmntPrefix RootTermCovItemPrefix="Value.java">
<AssgnmntListEntry Length="1" RootTermCovItemId="C1">
<MapEntry BoolAssgnmnt="0" Value="1"/>
<MapEntry BoolAssgnmnt="1" Value="1"/>
</AssgnmntListEntry>
<AssgnmntListEntry Length="1" RootTermCovItemId="C2">
<MapEntry BoolAssgnmnt="0" Value="2"/>
<MapEntry BoolAssgnmnt="1" Value="1"/>
</AssgnmntListEntry>
<AssgnmntListEntry Length="4" RootTermCovItemId="C4">
<MapEntry BoolAssgnmnt="0000" Value="1"/>
<MapEntry BoolAssgnmnt="0122" Value="1"/>
<MapEntry BoolAssgnmnt="1222" Value="1"/>
</AssgnmntListEntry>
</AssgnmntPrefix>
</AssgnmntList>
<ObjMetaDataList/>
<MetaDataList/>
</TestCase>
<TestCase Comment="" Date="1367930301488" Name="ValueTest:testIsSameType">
<CovList>
<CovPrefix CovItemPrefix="Value.java">
<Cov CovItemId="B18" Value="1"/>
<Cov CovItemId="B19" Value="2"/>
<Cov CovItemId="B22" Value="1"/>
<Cov CovItemId="B23" Value="1"/>
<Cov CovItemId="S2" Value="2"/>
<Cov CovItemId="S27" Value="1"/>
<Cov CovItemId="S29" Value="1"/>
<Cov CovItemId="S30" Value="2"/>
<Cov CovItemId="S31" Value="2"/>
<Cov CovItemId="S33" Value="1"/>
<Cov CovItemId="S35" Value="1"/>
<Cov CovItemId="S36" Value="1"/>
<Cov CovItemId="S67" Value="4"/>
</CovPrefix>
</CovList>
<AssgnmntList>
<AssgnmntPrefix RootTermCovItemPrefix="Value.java">
<AssgnmntListEntry Length="2" RootTermCovItemId="C10">
<MapEntry BoolAssgnmnt="12" Value="2"/>
</AssgnmntListEntry>
<AssgnmntListEntry Length="2" RootTermCovItemId="C11">
<MapEntry BoolAssgnmnt="02" Value="1"/>
</AssgnmntListEntry>
<AssgnmntListEntry Length="2" RootTermCovItemId="C12">
<MapEntry BoolAssgnmnt="11" Value="1"/>
</AssgnmntListEntry>
<AssgnmntListEntry Length="2" RootTermCovItemId="C9">
<MapEntry BoolAssgnmnt="00" Value="1"/>
</AssgnmntListEntry>
</AssgnmntPrefix>
</AssgnmntList>
<ObjMetaDataList/>
<MetaDataList/>
</TestCase>
<TestCase Comment="" Date="1367930301490" Name="ValueTest:testValueObject">
<CovList/>
<AssgnmntList/>
<ObjMetaDataList/>
<MetaDataList/>
</TestCase>
<TestCase Comment="" Date="1367930301491" Name="ValueTest:testIsNumericExpression">
<CovList>
<CovPrefix CovItemPrefix="Value.java">
<Cov CovItemId="B10" Value="1"/>
<Cov CovItemId="B9" Value="1"/>
<Cov CovItemId="S16" Value="2"/>
<Cov CovItemId="S17" Value="1"/>
<Cov CovItemId="S18" Value="1"/>
<Cov CovItemId="S2" Value="2"/>
<Cov CovItemId="S67" Value="2"/>
</CovPrefix>
</CovList>
<AssgnmntList>
<AssgnmntPrefix RootTermCovItemPrefix="Value.java">
<AssgnmntListEntry Length="1" RootTermCovItemId="C5">
<MapEntry BoolAssgnmnt="0" Value="1"/>
<MapEntry BoolAssgnmnt="1" Value="1"/>
</AssgnmntListEntry>
</AssgnmntPrefix>
</AssgnmntList>
<ObjMetaDataList/>
<MetaDataList/>
</TestCase>
<TestCase Comment="" Date="1367930301493" Name="ValueTest:testEqualsObject">
<CovList/>
<AssgnmntList/>
<ObjMetaDataList/>
<MetaDataList/>
</TestCase>
<TestCase Comment="" Date="1367930301494" Name="ValueTest:testIsContainer">
<CovList>
<CovPrefix CovItemPrefix="Value.java">
<Cov CovItemId="B19" Value="1"/>
<Cov CovItemId="S2" Value="1"/>
<Cov CovItemId="S30" Value="1"/>
<Cov CovItemId="S31" Value="1"/>
<Cov CovItemId="S67" Value="1"/>
</CovPrefix>
</CovList>
<AssgnmntList>
<AssgnmntPrefix RootTermCovItemPrefix="Value.java">
<AssgnmntListEntry Length="2" RootTermCovItemId="C10">
<MapEntry BoolAssgnmnt="12" Value="1"/>
</AssgnmntListEntry>
</AssgnmntPrefix>
</AssgnmntList>
<ObjMetaDataList/>
<MetaDataList/>
</TestCase>
<MetaDataList/>
</TestSession>
<TestSession Comment="" Date="1367930323560" Name="May 7, 2013 2:38:43 PM">
<TestCase Comment="" Date="1367930323530" Name="ValueTest:testIsInt">
<CovList>
<CovPrefix CovItemPrefix="Value.java">
<Cov CovItemId="B3" Value="1"/>
<Cov CovItemId="B4" Value="2"/>
<Cov CovItemId="S1" Value="1"/>
<Cov CovItemId="S2" Value="4"/>
<Cov CovItemId="S67" Value="3"/>
<Cov CovItemId="S7" Value="3"/>
<Cov CovItemId="S8" Value="1"/>
<Cov CovItemId="S9" Value="2"/>
</CovPrefix>
</CovList>
<AssgnmntList>
<AssgnmntPrefix RootTermCovItemPrefix="Value.java">
<AssgnmntListEntry Length="1" RootTermCovItemId="C2">
<MapEntry BoolAssgnmnt="0" Value="2"/>
<MapEntry BoolAssgnmnt="1" Value="1"/>
</AssgnmntListEntry>
</AssgnmntPrefix>
</AssgnmntList>
<ObjMetaDataList/>
<MetaDataList/>
</TestCase>
<TestCase Comment="" Date="1367930323534" Name="ValueTest:testIsDrink">
<CovList>
<CovPrefix CovItemPrefix="Value.java">
<Cov CovItemId="B5" Value="1"/>
<Cov CovItemId="B6" Value="2"/>
<Cov CovItemId="S10" Value="3"/>
<Cov CovItemId="S11" Value="1"/>
<Cov CovItemId="S12" Value="2"/>
<Cov CovItemId="S2" Value="3"/>
<Cov CovItemId="S67" Value="3"/>
</CovPrefix>
</CovList>
<AssgnmntList>
<AssgnmntPrefix RootTermCovItemPrefix="Value.java">
<AssgnmntListEntry Length="1" RootTermCovItemId="C3">
<MapEntry BoolAssgnmnt="0" Value="2"/>
<MapEntry BoolAssgnmnt="1" Value="1"/>
</AssgnmntListEntry>
</AssgnmntPrefix>
</AssgnmntList>
<ObjMetaDataList/>
<MetaDataList/>
</TestCase>
<TestCase Comment="" Date="1367930323535" Name="ValueTest:testIsChar">
<CovList>
<CovPrefix CovItemPrefix="Value.java">
<Cov CovItemId="B12" Value="1"/>
<Cov CovItemId="S19" Value="1"/>
<Cov CovItemId="S2" Value="1"/>
<Cov CovItemId="S21" Value="1"/>
<Cov CovItemId="S67" Value="4"/>
</CovPrefix>
</CovList>
<AssgnmntList>
<AssgnmntPrefix RootTermCovItemPrefix="Value.java">
<AssgnmntListEntry Length="3" RootTermCovItemId="C6">
<MapEntry BoolAssgnmnt="000" Value="1"/>
</AssgnmntListEntry>
</AssgnmntPrefix>
</AssgnmntList>
<ObjMetaDataList/>
<MetaDataList/>
</TestCase>
<TestCase Comment="" Date="1367930323537" Name="ValueTest:testValue">
<CovList/>
<AssgnmntList/>
<ObjMetaDataList/>
<MetaDataList/>
</TestCase>
<TestCase Comment="" Date="1367930323538" Name="ValueTest:testIsString">
<CovList>
<CovPrefix CovItemPrefix="Value.java">
<Cov CovItemId="B14" Value="1"/>
<Cov CovItemId="B16" Value="1"/>
<Cov CovItemId="S2" Value="1"/>
<Cov CovItemId="S22" Value="1"/>
<Cov CovItemId="S24" Value="1"/>
<Cov CovItemId="S26" Value="1"/>
<Cov CovItemId="S67" Value="4"/>
</CovPrefix>
</CovList>
<AssgnmntList>
<AssgnmntPrefix RootTermCovItemPrefix="Value.java">
<AssgnmntListEntry Length="1" RootTermCovItemId="C7">
<MapEntry BoolAssgnmnt="0" Value="1"/>
</AssgnmntListEntry>
<AssgnmntListEntry Length="2" RootTermCovItemId="C8">
<MapEntry BoolAssgnmnt="00" Value="1"/>
</AssgnmntListEntry>
</AssgnmntPrefix>
</AssgnmntList>
<ObjMetaDataList/>
<MetaDataList/>
</TestCase>
<TestCase Comment="" Date="1367930323539" Name="ValueTest:testIsDouble">
<CovList>
<CovPrefix CovItemPrefix="Value.java">
<Cov CovItemId="B1" Value="1"/>
<Cov CovItemId="B2" Value="2"/>
<Cov CovItemId="S2" Value="3"/>
<Cov CovItemId="S4" Value="3"/>
<Cov CovItemId="S5" Value="1"/>
<Cov CovItemId="S6" Value="2"/>
<Cov CovItemId="S67" Value="3"/>
</CovPrefix>
</CovList>
<AssgnmntList>
<AssgnmntPrefix RootTermCovItemPrefix="Value.java">
<AssgnmntListEntry Length="1" RootTermCovItemId="C1">
<MapEntry BoolAssgnmnt="0" Value="2"/>
<MapEntry BoolAssgnmnt="1" Value="1"/>
</AssgnmntListEntry>
</AssgnmntPrefix>
</AssgnmntList>
<ObjMetaDataList/>
<MetaDataList/>
</TestCase>
<TestCase Comment="" Date="1367930323540" Name="ValueTest:testGetType">
<CovList>
<CovPrefix CovItemPrefix="Value.java">
<Cov CovItemId="B17" Value="1"/>
<Cov CovItemId="B33" Value="1"/>
<Cov CovItemId="S2" Value="1"/>
<Cov CovItemId="S27" Value="1"/>
<Cov CovItemId="S28" Value="1"/>
<Cov CovItemId="S46" Value="1"/>
<Cov CovItemId="S47" Value="1"/>
<Cov CovItemId="S67" Value="1"/>
</CovPrefix>
</CovList>
<AssgnmntList>
<AssgnmntPrefix RootTermCovItemPrefix="Value.java">
<AssgnmntListEntry Length="2" RootTermCovItemId="C17">
<MapEntry BoolAssgnmnt="12" Value="1"/>
</AssgnmntListEntry>
<AssgnmntListEntry Length="2" RootTermCovItemId="C9">
<MapEntry BoolAssgnmnt="12" Value="1"/>
</AssgnmntListEntry>
</AssgnmntPrefix>
</AssgnmntList>
<ObjMetaDataList/>
<MetaDataList/>
</TestCase>
<TestCase Comment="" Date="1367930323541" Name="ValueTest:testIsBool">
<CovList>
<CovPrefix CovItemPrefix="Value.java">
<Cov CovItemId="B17" Value="1"/>
<Cov CovItemId="S2" Value="1"/>
<Cov CovItemId="S27" Value="1"/>
<Cov CovItemId="S28" Value="1"/>
<Cov CovItemId="S67" Value="1"/>
</CovPrefix>
</CovList>
<AssgnmntList>
<AssgnmntPrefix RootTermCovItemPrefix="Value.java">
<AssgnmntListEntry Length="2" RootTermCovItemId="C9">
<MapEntry BoolAssgnmnt="12" Value="1"/>
</AssgnmntListEntry>
</AssgnmntPrefix>
</AssgnmntList>
<ObjMetaDataList/>
<MetaDataList/>
</TestCase>
<TestCase Comment="" Date="1367930323541" Name="ValueTest:testToString">
<CovList/>
<AssgnmntList/>
<ObjMetaDataList/>
<MetaDataList/>
</TestCase>
<TestCase Comment="" Date="1367930323542" Name="ValueTest:testEqualsObject">
<CovList/>
<AssgnmntList/>
<ObjMetaDataList/>
<MetaDataList/>
</TestCase>
<TestCase Comment="" Date="1367930323543" Name="ValueTest:testValueObject">
<CovList/>
<AssgnmntList/>
<ObjMetaDataList/>
<MetaDataList/>
</TestCase>
<TestCase Comment="" Date="1367930323543" Name="ValueTest:testIsNumericExpression">
<CovList>
<CovPrefix CovItemPrefix="Value.java">
<Cov CovItemId="B10" Value="2"/>
<Cov CovItemId="B9" Value="1"/>
<Cov CovItemId="S16" Value="3"/>
<Cov CovItemId="S17" Value="1"/>
<Cov CovItemId="S18" Value="2"/>
<Cov CovItemId="S2" Value="3"/>
<Cov CovItemId="S67" Value="3"/>
</CovPrefix>
</CovList>
<AssgnmntList>
<AssgnmntPrefix RootTermCovItemPrefix="Value.java">
<AssgnmntListEntry Length="1" RootTermCovItemId="C5">
<MapEntry BoolAssgnmnt="0" Value="2"/>
<MapEntry BoolAssgnmnt="1" Value="1"/>
</AssgnmntListEntry>
</AssgnmntPrefix>
</AssgnmntList>
<ObjMetaDataList/>
<MetaDataList/>
</TestCase>
<TestCase Comment="" Date="1367930323545" Name="ValueTest:testIsSameType">
<CovList>
<CovPrefix CovItemPrefix="Value.java">
<Cov CovItemId="B18" Value="1"/>
<Cov CovItemId="B19" Value="2"/>
<Cov CovItemId="B22" Value="1"/>
<Cov CovItemId="B23" Value="1"/>
<Cov CovItemId="S2" Value="2"/>
<Cov CovItemId="S27" Value="1"/>
<Cov CovItemId="S29" Value="1"/>
<Cov CovItemId="S30" Value="2"/>
<Cov CovItemId="S31" Value="2"/>
<Cov CovItemId="S33" Value="1"/>
<Cov CovItemId="S35" Value="1"/>
<Cov CovItemId="S36" Value="1"/>
<Cov CovItemId="S67" Value="4"/>
</CovPrefix>
</CovList>
<AssgnmntList>
<AssgnmntPrefix RootTermCovItemPrefix="Value.java">
<AssgnmntListEntry Length="2" RootTermCovItemId="C10">
<MapEntry BoolAssgnmnt="12" Value="2"/>
</AssgnmntListEntry>
<AssgnmntListEntry Length="2" RootTermCovItemId="C11">
<MapEntry BoolAssgnmnt="02" Value="1"/>
</AssgnmntListEntry>
<AssgnmntListEntry Length="2" RootTermCovItemId="C12">
<MapEntry BoolAssgnmnt="11" Value="1"/>
</AssgnmntListEntry>
<AssgnmntListEntry Length="2" RootTermCovItemId="C9">
<MapEntry BoolAssgnmnt="00" Value="1"/>
</AssgnmntListEntry>
</AssgnmntPrefix>
</AssgnmntList>
<ObjMetaDataList/>
<MetaDataList/>
</TestCase>
<TestCase Comment="" Date="1367930323546" Name="ValueTest:testIsNumeric">
<CovList>
<CovPrefix CovItemPrefix="Value.java">
<Cov CovItemId="B1" Value="1"/>
<Cov CovItemId="B2" Value="1"/>
<Cov CovItemId="B3" Value="1"/>
<Cov CovItemId="B4" Value="2"/>
<Cov CovItemId="B7" Value="2"/>
<Cov CovItemId="B8" Value="1"/>
<Cov CovItemId="S13" Value="3"/>
<Cov CovItemId="S14" Value="2"/>
<Cov CovItemId="S15" Value="1"/>
<Cov CovItemId="S2" Value="3"/>
<Cov CovItemId="S4" Value="2"/>
<Cov CovItemId="S5" Value="1"/>
<Cov CovItemId="S6" Value="1"/>
<Cov CovItemId="S67" Value="7"/>
<Cov CovItemId="S7" Value="3"/>
<Cov CovItemId="S8" Value="1"/>
<Cov CovItemId="S9" Value="2"/>
</CovPrefix>
</CovList>
<AssgnmntList>
<AssgnmntPrefix RootTermCovItemPrefix="Value.java">
<AssgnmntListEntry Length="1" RootTermCovItemId="C1">
<MapEntry BoolAssgnmnt="0" Value="1"/>
<MapEntry BoolAssgnmnt="1" Value="1"/>
</AssgnmntListEntry>
<AssgnmntListEntry Length="1" RootTermCovItemId="C2">
<MapEntry BoolAssgnmnt="0" Value="2"/>
<MapEntry BoolAssgnmnt="1" Value="1"/>
</AssgnmntListEntry>
<AssgnmntListEntry Length="4" RootTermCovItemId="C4">
<MapEntry BoolAssgnmnt="0000" Value="1"/>
<MapEntry BoolAssgnmnt="0122" Value="1"/>
<MapEntry BoolAssgnmnt="1222" Value="1"/>
</AssgnmntListEntry>
</AssgnmntPrefix>
</AssgnmntList>
<ObjMetaDataList/>
<MetaDataList/>
</TestCase>
<TestCase Comment="" Date="1367930323547" Name="ValueTest:testIsContainer">
<CovList>
<CovPrefix CovItemPrefix="Value.java">
<Cov CovItemId="B19" Value="1"/>
<Cov CovItemId="S2" Value="1"/>
<Cov CovItemId="S30" Value="1"/>
<Cov CovItemId="S31" Value="1"/>
<Cov CovItemId="S67" Value="1"/>
</CovPrefix>
</CovList>
<AssgnmntList>
<AssgnmntPrefix RootTermCovItemPrefix="Value.java">
<AssgnmntListEntry Length="2" RootTermCovItemId="C10">
<MapEntry BoolAssgnmnt="12" Value="1"/>
</AssgnmntListEntry>
</AssgnmntPrefix>
</AssgnmntList>
<ObjMetaDataList/>
<MetaDataList/>
</TestCase>
<MetaDataList/>
</TestSession>
<TestSession Comment="" Date="1367930341572" Name="May 7, 2013 2:39:01 PM">
<TestCase Comment="" Date="1367930341541" Name="ValueTest:testIsChar">
<CovList>
<CovPrefix CovItemPrefix="Value.java">
<Cov CovItemId="B12" Value="1"/>
<Cov CovItemId="S1" Value="1"/>
<Cov CovItemId="S19" Value="1"/>
<Cov CovItemId="S2" Value="2"/>
<Cov CovItemId="S21" Value="1"/>
<Cov CovItemId="S67" Value="4"/>
</CovPrefix>
</CovList>
<AssgnmntList>
<AssgnmntPrefix RootTermCovItemPrefix="Value.java">
<AssgnmntListEntry Length="3" RootTermCovItemId="C6">
<MapEntry BoolAssgnmnt="000" Value="1"/>
</AssgnmntListEntry>
</AssgnmntPrefix>
</AssgnmntList>
<ObjMetaDataList/>
<MetaDataList/>
</TestCase>
<TestCase Comment="" Date="1367930341546" Name="ValueTest:testIsInt">
<CovList>
<CovPrefix CovItemPrefix="Value.java">
<Cov CovItemId="B3" Value="1"/>
<Cov CovItemId="B4" Value="2"/>
<Cov CovItemId="S2" Value="3"/>
<Cov CovItemId="S67" Value="3"/>
<Cov CovItemId="S7" Value="3"/>
<Cov CovItemId="S8" Value="1"/>
<Cov CovItemId="S9" Value="2"/>
</CovPrefix>
</CovList>
<AssgnmntList>
<AssgnmntPrefix RootTermCovItemPrefix="Value.java">
<AssgnmntListEntry Length="1" RootTermCovItemId="C2">
<MapEntry BoolAssgnmnt="0" Value="2"/>
<MapEntry BoolAssgnmnt="1" Value="1"/>
</AssgnmntListEntry>
</AssgnmntPrefix>
</AssgnmntList>
<ObjMetaDataList/>
<MetaDataList/>
</TestCase>
<TestCase Comment="" Date="1367930341547" Name="ValueTest:testIsDrink">
<CovList>
<CovPrefix CovItemPrefix="Value.java">
<Cov CovItemId="B5" Value="1"/>
<Cov CovItemId="B6" Value="2"/>
<Cov CovItemId="S10" Value="3"/>
<Cov CovItemId="S11" Value="1"/>
<Cov CovItemId="S12" Value="2"/>
<Cov CovItemId="S2" Value="3"/>
<Cov CovItemId="S67" Value="3"/>
</CovPrefix>
</CovList>
<AssgnmntList>
<AssgnmntPrefix RootTermCovItemPrefix="Value.java">
<AssgnmntListEntry Length="1" RootTermCovItemId="C3">
<MapEntry BoolAssgnmnt="0" Value="2"/>
<MapEntry BoolAssgnmnt="1" Value="1"/>
</AssgnmntListEntry>
</AssgnmntPrefix>
</AssgnmntList>
<ObjMetaDataList/>
<MetaDataList/>
</TestCase>
<TestCase Comment="" Date="1367930341548" Name="ValueTest:testIsDouble">
<CovList>
<CovPrefix CovItemPrefix="Value.java">
<Cov CovItemId="B1" Value="1"/>
<Cov CovItemId="B2" Value="2"/>
<Cov CovItemId="S2" Value="3"/>
<Cov CovItemId="S4" Value="3"/>
<Cov CovItemId="S5" Value="1"/>
<Cov CovItemId="S6" Value="2"/>
<Cov CovItemId="S67" Value="3"/>
</CovPrefix>
</CovList>
<AssgnmntList>
<AssgnmntPrefix RootTermCovItemPrefix="Value.java">
<AssgnmntListEntry Length="1" RootTermCovItemId="C1">
<MapEntry BoolAssgnmnt="0" Value="2"/>
<MapEntry BoolAssgnmnt="1" Value="1"/>
</AssgnmntListEntry>
</AssgnmntPrefix>
</AssgnmntList>
<ObjMetaDataList/>
<MetaDataList/>
</TestCase>
<TestCase Comment="" Date="1367930341550" Name="ValueTest:testIsString">
<CovList>
<CovPrefix CovItemPrefix="Value.java">
<Cov CovItemId="B14" Value="1"/>
<Cov CovItemId="B16" Value="1"/>
<Cov CovItemId="S2" Value="1"/>
<Cov CovItemId="S22" Value="1"/>
<Cov CovItemId="S24" Value="1"/>
<Cov CovItemId="S26" Value="1"/>
<Cov CovItemId="S67" Value="4"/>
</CovPrefix>
</CovList>
<AssgnmntList>
<AssgnmntPrefix RootTermCovItemPrefix="Value.java">
<AssgnmntListEntry Length="1" RootTermCovItemId="C7">
<MapEntry BoolAssgnmnt="0" Value="1"/>
</AssgnmntListEntry>
<AssgnmntListEntry Length="2" RootTermCovItemId="C8">
<MapEntry BoolAssgnmnt="00" Value="1"/>
</AssgnmntListEntry>
</AssgnmntPrefix>
</AssgnmntList>
<ObjMetaDataList/>
<MetaDataList/>
</TestCase>
<TestCase Comment="" Date="1367930341550" Name="ValueTest:testValue">
<CovList/>
<AssgnmntList/>
<ObjMetaDataList/>
<MetaDataList/>
</TestCase>
<TestCase Comment="" Date="1367930341551" Name="ValueTest:testGetType">
<CovList>
<CovPrefix CovItemPrefix="Value.java">
<Cov CovItemId="B17" Value="1"/>
<Cov CovItemId="B33" Value="1"/>
<Cov CovItemId="S2" Value="1"/>
<Cov CovItemId="S27" Value="1"/>
<Cov CovItemId="S28" Value="1"/>
<Cov CovItemId="S46" Value="1"/>
<Cov CovItemId="S47" Value="1"/>
<Cov CovItemId="S67" Value="1"/>
</CovPrefix>
</CovList>
<AssgnmntList>
<AssgnmntPrefix RootTermCovItemPrefix="Value.java">
<AssgnmntListEntry Length="2" RootTermCovItemId="C17">
<MapEntry BoolAssgnmnt="12" Value="1"/>
</AssgnmntListEntry>
<AssgnmntListEntry Length="2" RootTermCovItemId="C9">
<MapEntry BoolAssgnmnt="12" Value="1"/>
</AssgnmntListEntry>
</AssgnmntPrefix>
</AssgnmntList>
<ObjMetaDataList/>
<MetaDataList/>
</TestCase>
<TestCase Comment="" Date="1367930341552" Name="ValueTest:testIsBool">
<CovList>
<CovPrefix CovItemPrefix="Value.java">
<Cov CovItemId="B17" Value="1"/>
<Cov CovItemId="S2" Value="1"/>
<Cov CovItemId="S27" Value="1"/>
<Cov CovItemId="S28" Value="1"/>
<Cov CovItemId="S67" Value="1"/>
</CovPrefix>
</CovList>
<AssgnmntList>
<AssgnmntPrefix RootTermCovItemPrefix="Value.java">
<AssgnmntListEntry Length="2" RootTermCovItemId="C9">
<MapEntry BoolAssgnmnt="12" Value="1"/>
</AssgnmntListEntry>
</AssgnmntPrefix>
</AssgnmntList>
<ObjMetaDataList/>
<MetaDataList/>
</TestCase>
<TestCase Comment="" Date="1367930341553" Name="ValueTest:testToString">
<CovList/>
<AssgnmntList/>
<ObjMetaDataList/>
<MetaDataList/>
</TestCase>
<TestCase Comment="" Date="1367930341554" Name="ValueTest:testIsNumericExpression">
<CovList>
<CovPrefix CovItemPrefix="Value.java">
<Cov CovItemId="B10" Value="3"/>
<Cov CovItemId="B9" Value="1"/>
<Cov CovItemId="S16" Value="4"/>
<Cov CovItemId="S17" Value="1"/>
<Cov CovItemId="S18" Value="3"/>
<Cov CovItemId="S2" Value="4"/>
<Cov CovItemId="S67" Value="4"/>
</CovPrefix>
</CovList>
<AssgnmntList>
<AssgnmntPrefix RootTermCovItemPrefix="Value.java">
<AssgnmntListEntry Length="1" RootTermCovItemId="C5">
<MapEntry BoolAssgnmnt="0" Value="3"/>
<MapEntry BoolAssgnmnt="1" Value="1"/>
</AssgnmntListEntry>
</AssgnmntPrefix>
</AssgnmntList>
<ObjMetaDataList/>
<MetaDataList/>
</TestCase>
<TestCase Comment="" Date="1367930341555" Name="ValueTest:testIsContainer">
<CovList>
<CovPrefix CovItemPrefix="Value.java">
<Cov CovItemId="B19" Value="1"/>
<Cov CovItemId="S2" Value="1"/>
<Cov CovItemId="S30" Value="1"/>
<Cov CovItemId="S31" Value="1"/>
<Cov CovItemId="S67" Value="1"/>
</CovPrefix>
</CovList>
<AssgnmntList>
<AssgnmntPrefix RootTermCovItemPrefix="Value.java">
<AssgnmntListEntry Length="2" RootTermCovItemId="C10">
<MapEntry BoolAssgnmnt="12" Value="1"/>
</AssgnmntListEntry>
</AssgnmntPrefix>
</AssgnmntList>
<ObjMetaDataList/>
<MetaDataList/>
</TestCase>
<TestCase Comment="" Date="1367930341556" Name="ValueTest:testIsSameType">
<CovList>
<CovPrefix CovItemPrefix="Value.java">
<Cov CovItemId="B18" Value="1"/>
<Cov CovItemId="B19" Value="2"/>
<Cov CovItemId="B22" Value="1"/>
<Cov CovItemId="B23" Value="1"/>
<Cov CovItemId="S2" Value="2"/>
<Cov CovItemId="S27" Value="1"/>
<Cov CovItemId="S29" Value="1"/>
<Cov CovItemId="S30" Value="2"/>
<Cov CovItemId="S31" Value="2"/>
<Cov CovItemId="S33" Value="1"/>
<Cov CovItemId="S35" Value="1"/>
<Cov CovItemId="S36" Value="1"/>
<Cov CovItemId="S67" Value="4"/>
</CovPrefix>
</CovList>
<AssgnmntList>
<AssgnmntPrefix RootTermCovItemPrefix="Value.java">
<AssgnmntListEntry Length="2" RootTermCovItemId="C10">
<MapEntry BoolAssgnmnt="12" Value="2"/>
</AssgnmntListEntry>
<AssgnmntListEntry Length="2" RootTermCovItemId="C11">
<MapEntry BoolAssgnmnt="02" Value="1"/>
</AssgnmntListEntry>
<AssgnmntListEntry Length="2" RootTermCovItemId="C12">
<MapEntry BoolAssgnmnt="11" Value="1"/>
</AssgnmntListEntry>
<AssgnmntListEntry Length="2" RootTermCovItemId="C9">
<MapEntry BoolAssgnmnt="00" Value="1"/>
</AssgnmntListEntry>
</AssgnmntPrefix>
</AssgnmntList>
<ObjMetaDataList/>
<MetaDataList/>
</TestCase>
<TestCase Comment="" Date="1367930341557" Name="ValueTest:testEqualsObject">
<CovList/>
<AssgnmntList/>
<ObjMetaDataList/>
<MetaDataList/>
</TestCase>
<TestCase Comment="" Date="1367930341558" Name="ValueTest:testIsNumeric">
<CovList>
<CovPrefix CovItemPrefix="Value.java">
<Cov CovItemId="B1" Value="1"/>
<Cov CovItemId="B2" Value="1"/>
<Cov CovItemId="B3" Value="1"/>
<Cov CovItemId="B4" Value="2"/>
<Cov CovItemId="B7" Value="2"/>
<Cov CovItemId="B8" Value="1"/>
<Cov CovItemId="S13" Value="3"/>
<Cov CovItemId="S14" Value="2"/>
<Cov CovItemId="S15" Value="1"/>
<Cov CovItemId="S2" Value="3"/>
<Cov CovItemId="S4" Value="2"/>
<Cov CovItemId="S5" Value="1"/>
<Cov CovItemId="S6" Value="1"/>
<Cov CovItemId="S67" Value="7"/>
<Cov CovItemId="S7" Value="3"/>
<Cov CovItemId="S8" Value="1"/>
<Cov CovItemId="S9" Value="2"/>
</CovPrefix>
</CovList>
<AssgnmntList>
<AssgnmntPrefix RootTermCovItemPrefix="Value.java">
<AssgnmntListEntry Length="1" RootTermCovItemId="C1">
<MapEntry BoolAssgnmnt="0" Value="1"/>
<MapEntry BoolAssgnmnt="1" Value="1"/>
</AssgnmntListEntry>
<AssgnmntListEntry Length="1" RootTermCovItemId="C2">
<MapEntry BoolAssgnmnt="0" Value="2"/>
<MapEntry BoolAssgnmnt="1" Value="1"/>
</AssgnmntListEntry>
<AssgnmntListEntry Length="4" RootTermCovItemId="C4">
<MapEntry BoolAssgnmnt="0000" Value="1"/>
<MapEntry BoolAssgnmnt="0122" Value="1"/>
<MapEntry BoolAssgnmnt="1222" Value="1"/>
</AssgnmntListEntry>
</AssgnmntPrefix>
</AssgnmntList>
<ObjMetaDataList/>
<MetaDataList/>
</TestCase>
<TestCase Comment="" Date="1367930341559" Name="ValueTest:testValueObject">
<CovList/>
<AssgnmntList/>
<ObjMetaDataList/>
<MetaDataList/>
</TestCase>
<MetaDataList/>
</TestSession>
<TestSession Comment="" Date="1367930347999" Name="May 7, 2013 2:39:07 PM">
<TestCase Comment="" Date="1367930347966" Name="ValueTest:testIsDouble">
<CovList>
<CovPrefix CovItemPrefix="Value.java">
<Cov CovItemId="B1" Value="1"/>
<Cov CovItemId="B2" Value="2"/>
<Cov CovItemId="S1" Value="1"/>
<Cov CovItemId="S2" Value="4"/>
<Cov CovItemId="S4" Value="3"/>
<Cov CovItemId="S5" Value="1"/>
<Cov CovItemId="S6" Value="2"/>
<Cov CovItemId="S67" Value="3"/>
</CovPrefix>
</CovList>
<AssgnmntList>
<AssgnmntPrefix RootTermCovItemPrefix="Value.java">
<AssgnmntListEntry Length="1" RootTermCovItemId="C1">
<MapEntry BoolAssgnmnt="0" Value="2"/>
<MapEntry BoolAssgnmnt="1" Value="1"/>
</AssgnmntListEntry>
</AssgnmntPrefix>
</AssgnmntList>
<ObjMetaDataList/>
<MetaDataList/>
</TestCase>
<TestCase Comment="" Date="1367930347971" Name="ValueTest:testIsInt">
<CovList>
<CovPrefix CovItemPrefix="Value.java">
<Cov CovItemId="B3" Value="1"/>
<Cov CovItemId="B4" Value="2"/>
<Cov CovItemId="S2" Value="3"/>
<Cov CovItemId="S67" Value="3"/>
<Cov CovItemId="S7" Value="3"/>
<Cov CovItemId="S8" Value="1"/>
<Cov CovItemId="S9" Value="2"/>
</CovPrefix>
</CovList>
<AssgnmntList>
<AssgnmntPrefix RootTermCovItemPrefix="Value.java">
<AssgnmntListEntry Length="1" RootTermCovItemId="C2">
<MapEntry BoolAssgnmnt="0" Value="2"/>
<MapEntry BoolAssgnmnt="1" Value="1"/>
</AssgnmntListEntry>
</AssgnmntPrefix>
</AssgnmntList>
<ObjMetaDataList/>
<MetaDataList/>
</TestCase>
<TestCase Comment="" Date="1367930347972" Name="ValueTest:testValue">
<CovList/>
<AssgnmntList/>
<ObjMetaDataList/>
<MetaDataList/>
</TestCase>
<TestCase Comment="" Date="1367930347972" Name="ValueTest:testIsDrink">
<CovList>
<CovPrefix CovItemPrefix="Value.java">
<Cov CovItemId="B5" Value="1"/>
<Cov CovItemId="B6" Value="2"/>
<Cov CovItemId="S10" Value="3"/>
<Cov CovItemId="S11" Value="1"/>
<Cov CovItemId="S12" Value="2"/>
<Cov CovItemId="S2" Value="3"/>
<Cov CovItemId="S67" Value="3"/>
</CovPrefix>
</CovList>
<AssgnmntList>
<AssgnmntPrefix RootTermCovItemPrefix="Value.java">
<AssgnmntListEntry Length="1" RootTermCovItemId="C3">
<MapEntry BoolAssgnmnt="0" Value="2"/>
<MapEntry BoolAssgnmnt="1" Value="1"/>
</AssgnmntListEntry>
</AssgnmntPrefix>
</AssgnmntList>
<ObjMetaDataList/>
<MetaDataList/>
</TestCase>
<TestCase Comment="" Date="1367930347974" Name="ValueTest:testToString">
<CovList/>
<AssgnmntList/>
<ObjMetaDataList/>
<MetaDataList/>
</TestCase>
<TestCase Comment="" Date="1367930347975" Name="ValueTest:testGetType">
<CovList>
<CovPrefix CovItemPrefix="Value.java">
<Cov CovItemId="B17" Value="1"/>
<Cov CovItemId="B33" Value="1"/>
<Cov CovItemId="S2" Value="1"/>
<Cov CovItemId="S27" Value="1"/>
<Cov CovItemId="S28" Value="1"/>
<Cov CovItemId="S46" Value="1"/>
<Cov CovItemId="S47" Value="1"/>
<Cov CovItemId="S67" Value="1"/>
</CovPrefix>
</CovList>
<AssgnmntList>
<AssgnmntPrefix RootTermCovItemPrefix="Value.java">
<AssgnmntListEntry Length="2" RootTermCovItemId="C17">
<MapEntry BoolAssgnmnt="12" Value="1"/>
</AssgnmntListEntry>
<AssgnmntListEntry Length="2" RootTermCovItemId="C9">
<MapEntry BoolAssgnmnt="12" Value="1"/>
</AssgnmntListEntry>
</AssgnmntPrefix>
</AssgnmntList>
<ObjMetaDataList/>
<MetaDataList/>
</TestCase>
<TestCase Comment="" Date="1367930347976" Name="ValueTest:testIsBool">
<CovList>
<CovPrefix CovItemPrefix="Value.java">
<Cov CovItemId="B17" Value="1"/>
<Cov CovItemId="S2" Value="1"/>
<Cov CovItemId="S27" Value="1"/>
<Cov CovItemId="S28" Value="1"/>
<Cov CovItemId="S67" Value="1"/>
</CovPrefix>
</CovList>
<AssgnmntList>
<AssgnmntPrefix RootTermCovItemPrefix="Value.java">
<AssgnmntListEntry Length="2" RootTermCovItemId="C9">
<MapEntry BoolAssgnmnt="12" Value="1"/>
</AssgnmntListEntry>
</AssgnmntPrefix>
</AssgnmntList>
<ObjMetaDataList/>
<MetaDataList/>
</TestCase>
<TestCase Comment="" Date="1367930347978" Name="ValueTest:testIsChar">
<CovList>
<CovPrefix CovItemPrefix="Value.java">
<Cov CovItemId="B12" Value="1"/>
<Cov CovItemId="S19" Value="1"/>
<Cov CovItemId="S2" Value="1"/>
<Cov CovItemId="S21" Value="1"/>
<Cov CovItemId="S67" Value="4"/>
</CovPrefix>
</CovList>
<AssgnmntList>
<AssgnmntPrefix RootTermCovItemPrefix="Value.java">
<AssgnmntListEntry Length="3" RootTermCovItemId="C6">
<MapEntry BoolAssgnmnt="000" Value="1"/>
</AssgnmntListEntry>
</AssgnmntPrefix>
</AssgnmntList>
<ObjMetaDataList/>
<MetaDataList/>
</TestCase>
<TestCase Comment="" Date="1367930347979" Name="ValueTest:testIsString">
<CovList>
<CovPrefix CovItemPrefix="Value.java">
<Cov CovItemId="B14" Value="1"/>
<Cov CovItemId="B16" Value="1"/>
<Cov CovItemId="S2" Value="1"/>
<Cov CovItemId="S22" Value="1"/>
<Cov CovItemId="S24" Value="1"/>
<Cov CovItemId="S26" Value="1"/>
<Cov CovItemId="S67" Value="4"/>
</CovPrefix>
</CovList>
<AssgnmntList>
<AssgnmntPrefix RootTermCovItemPrefix="Value.java">
<AssgnmntListEntry Length="1" RootTermCovItemId="C7">
<MapEntry BoolAssgnmnt="0" Value="1"/>
</AssgnmntListEntry>
<AssgnmntListEntry Length="2" RootTermCovItemId="C8">
<MapEntry BoolAssgnmnt="00" Value="1"/>
</AssgnmntListEntry>
</AssgnmntPrefix>
</AssgnmntList>
<ObjMetaDataList/>
<MetaDataList/>
</TestCase>
<TestCase Comment="" Date="1367930347980" Name="ValueTest:testIsContainer">
<CovList>
<CovPrefix CovItemPrefix="Value.java">
<Cov CovItemId="B19" Value="1"/>
<Cov CovItemId="S2" Value="1"/>
<Cov CovItemId="S30" Value="1"/>
<Cov CovItemId="S31" Value="1"/>
<Cov CovItemId="S67" Value="1"/>
</CovPrefix>
</CovList>
<AssgnmntList>
<AssgnmntPrefix RootTermCovItemPrefix="Value.java">
<AssgnmntListEntry Length="2" RootTermCovItemId="C10">
<MapEntry BoolAssgnmnt="12" Value="1"/>
</AssgnmntListEntry>
</AssgnmntPrefix>
</AssgnmntList>
<ObjMetaDataList/>
<MetaDataList/>
</TestCase>
<TestCase Comment="" Date="1367930347981" Name="ValueTest:testEqualsObject">
<CovList/>
<AssgnmntList/>
<ObjMetaDataList/>
<MetaDataList/>
</TestCase>
<TestCase Comment="" Date="1367930347982" Name="ValueTest:testIsNumeric">
<CovList>
<CovPrefix CovItemPrefix="Value.java">
<Cov CovItemId="B1" Value="1"/>
<Cov CovItemId="B2" Value="1"/>
<Cov CovItemId="B3" Value="1"/>
<Cov CovItemId="B4" Value="2"/>
<Cov CovItemId="B7" Value="2"/>
<Cov CovItemId="B8" Value="1"/>
<Cov CovItemId="S13" Value="3"/>
<Cov CovItemId="S14" Value="2"/>
<Cov CovItemId="S15" Value="1"/>
<Cov CovItemId="S2" Value="3"/>
<Cov CovItemId="S4" Value="2"/>
<Cov CovItemId="S5" Value="1"/>
<Cov CovItemId="S6" Value="1"/>
<Cov CovItemId="S67" Value="7"/>
<Cov CovItemId="S7" Value="3"/>
<Cov CovItemId="S8" Value="1"/>
<Cov CovItemId="S9" Value="2"/>
</CovPrefix>
</CovList>
<AssgnmntList>
<AssgnmntPrefix RootTermCovItemPrefix="Value.java">
<AssgnmntListEntry Length="1" RootTermCovItemId="C1">
<MapEntry BoolAssgnmnt="0" Value="1"/>
<MapEntry BoolAssgnmnt="1" Value="1"/>
</AssgnmntListEntry>
<AssgnmntListEntry Length="1" RootTermCovItemId="C2">
<MapEntry BoolAssgnmnt="0" Value="2"/>
<MapEntry BoolAssgnmnt="1" Value="1"/>
</AssgnmntListEntry>
<AssgnmntListEntry Length="4" RootTermCovItemId="C4">
<MapEntry BoolAssgnmnt="0000" Value="1"/>
<MapEntry BoolAssgnmnt="0122" Value="1"/>
<MapEntry BoolAssgnmnt="1222" Value="1"/>
</AssgnmntListEntry>
</AssgnmntPrefix>
</AssgnmntList>
<ObjMetaDataList/>
<MetaDataList/>
</TestCase>
<TestCase Comment="" Date="1367930347984" Name="ValueTest:testValueObject">
<CovList/>
<AssgnmntList/>
<ObjMetaDataList/>
<MetaDataList/>
</TestCase>
<TestCase Comment="" Date="1367930347985" Name="ValueTest:testIsSameType">
<CovList>
<CovPrefix CovItemPrefix="Value.java">
<Cov CovItemId="B18" Value="1"/>
<Cov CovItemId="B19" Value="2"/>
<Cov CovItemId="B22" Value="1"/>
<Cov CovItemId="B23" Value="1"/>
<Cov CovItemId="S2" Value="2"/>
<Cov CovItemId="S27" Value="1"/>
<Cov CovItemId="S29" Value="1"/>
<Cov CovItemId="S30" Value="2"/>
<Cov CovItemId="S31" Value="2"/>
<Cov CovItemId="S33" Value="1"/>
<Cov CovItemId="S35" Value="1"/>
<Cov CovItemId="S36" Value="1"/>
<Cov CovItemId="S67" Value="4"/>
</CovPrefix>
</CovList>
<AssgnmntList>
<AssgnmntPrefix RootTermCovItemPrefix="Value.java">
<AssgnmntListEntry Length="2" RootTermCovItemId="C10">
<MapEntry BoolAssgnmnt="12" Value="2"/>
</AssgnmntListEntry>
<AssgnmntListEntry Length="2" RootTermCovItemId="C11">
<MapEntry BoolAssgnmnt="02" Value="1"/>
</AssgnmntListEntry>
<AssgnmntListEntry Length="2" RootTermCovItemId="C12">
<MapEntry BoolAssgnmnt="11" Value="1"/>
</AssgnmntListEntry>
<AssgnmntListEntry Length="2" RootTermCovItemId="C9">
<MapEntry BoolAssgnmnt="00" Value="1"/>
</AssgnmntListEntry>
</AssgnmntPrefix>
</AssgnmntList>
<ObjMetaDataList/>
<MetaDataList/>
</TestCase>
<TestCase Comment="" Date="1367930347986" Name="ValueTest:testIsNumericExpression">
<CovList>
<CovPrefix CovItemPrefix="Value.java">
<Cov CovItemId="B10" Value="3"/>
<Cov CovItemId="B9" Value="1"/>
<Cov CovItemId="S16" Value="4"/>
<Cov CovItemId="S17" Value="1"/>
<Cov CovItemId="S18" Value="3"/>
<Cov CovItemId="S2" Value="4"/>
<Cov CovItemId="S67" Value="4"/>
</CovPrefix>
</CovList>
<AssgnmntList>
<AssgnmntPrefix RootTermCovItemPrefix="Value.java">
<AssgnmntListEntry Length="1" RootTermCovItemId="C5">
<MapEntry BoolAssgnmnt="0" Value="3"/>
<MapEntry BoolAssgnmnt="1" Value="1"/>
</AssgnmntListEntry>
</AssgnmntPrefix>
</AssgnmntList>
<ObjMetaDataList/>
<MetaDataList/>
</TestCase>
<MetaDataList/>
</TestSession>
</TestSessionContainer>
