<?xml version="1.0" encoding="UTF-8"?><TestSessionContainer xmlns="http://www.codecover.org/xml/testsession-container" Date="1367931355821" TestSessionContainerId="6f0ab446-2f44-40bc-ac43-3b4268f04f78" version="1.0">
<SrcFileList>
<SrcFile Content="&#13;&#10;public class Value {&#13;&#10;&#9;public static Value VOID = new Value(new Object());&#13;&#10;&#13;&#10;    final Object value;&#13;&#10;&#13;&#10;    public Value(Object value) {&#13;&#10;        this.value = value;&#13;&#10;    }&#13;&#10;    &#13;&#10;    public Value()&#13;&#10;    {&#13;&#10;    &#9;this.value = &quot;&quot;;&#13;&#10;    }&#13;&#10;&#13;&#10;    public boolean isDouble() &#13;&#10;    {&#13;&#10;&#9;&#9;if(this.toString().matches(&quot;((-)?[0-9]+)\\.([0-9]){1,2}&quot;))&#13;&#10;&#9;&#9;{&#13;&#10;&#9;&#9;&#9;return true;&#13;&#10;&#9;&#9;}&#13;&#10;&#9;&#9;return false;&#13;&#10;    }&#13;&#10;    &#13;&#10;    public boolean isInt()&#13;&#10;    {&#13;&#10;&#9;&#9;if(this.toString().matches(&quot;(-)?[0-9]+&quot;))&#13;&#10;&#9;&#9;{&#13;&#10;&#9;&#9;&#9;return true;&#13;&#10;&#9;&#9;}&#13;&#10;&#9;&#9;return false;&#13;&#10;    }&#13;&#10;    &#13;&#10;    public boolean isDrink()&#13;&#10;    {&#13;&#10;&#9;&#9;if(this.toString().equals(&quot;drink&quot;))&#13;&#10;&#9;&#9;{&#13;&#10;&#9;&#9;&#9;return true;&#13;&#10;&#9;&#9;}&#13;&#10;&#9;&#9;return false;&#13;&#10;    }&#13;&#10;    &#13;&#10;    public boolean isNumeric()&#13;&#10;    {&#13;&#10;    &#9;if(this.isInt() || this.isDouble() || this.toString().equals(&quot;int&quot;) || this.toString().equals(&quot;double&quot;))&#13;&#10;    &#9;{&#13;&#10;    &#9;&#9;return true;&#13;&#10;    &#9;}&#13;&#10;    &#9;return false;&#13;&#10;    }&#13;&#10;    &#13;&#10;    public boolean isNumericExpression()&#13;&#10;    {&#13;&#10;    &#9;&#13;&#10;    &#9;if(this.toString().matches(&quot;(-)?[0-9]+(\\.[0-9]{1,2})?((\\+|\\-|\\*|\\/)[0-9]+(\\.[0-9]{1,2})?)*&quot;))&#13;&#10;    &#9;{&#13;&#10;    &#9;&#9;return true;&#13;&#10;    &#9;}&#13;&#10;    &#9;return false;&#13;&#10;    }&#13;&#10;    &#13;&#10;    public boolean isChar()&#13;&#10;    {&#13;&#10;&#9;&#9;if(this.toString().length() != 3 || &#13;&#10;&#9;&#9;   this.toString().charAt(0) != '\'' || &#13;&#10;&#9;&#9;   this.toString().charAt(this.toString().length()-1) != '\'')&#13;&#10;&#9;&#9;{&#13;&#10;&#9;&#9;&#9;return false;&#13;&#10;&#9;&#9;}&#13;&#10;&#9;&#9;return true;&#13;&#10;    }&#13;&#10;    &#13;&#10;    public boolean isString()&#13;&#10;    {&#13;&#10;    &#9;if(this.toString().length() &lt; 2)&#13;&#10;    &#9;{&#13;&#10;    &#9;&#9;return false;&#13;&#10;    &#9;}&#13;&#10;    &#9;else if(this.toString().charAt(0) != '&quot;'|| this.toString().charAt(this.toString().length()-1) != '&quot;')&#13;&#10;&#9;&#9;{&#13;&#10;&#9;&#9;&#9;return false;&#13;&#10;&#9;&#9;}&#13;&#10;&#9;&#9;return true;&#13;&#10;    }&#13;&#10;    &#13;&#10;    public boolean isBool()&#13;&#10;    {&#13;&#10;    &#9;if(this.toString().equals(&quot;true&quot;) || this.toString().equals(&quot;false&quot;))&#13;&#10;    &#9;{&#13;&#10;    &#9;&#9;return true;&#13;&#10;    &#9;}&#13;&#10;    &#9;return false;&#13;&#10;    }&#13;&#10;    &#13;&#10;    public boolean isContainer()&#13;&#10;    {&#13;&#10;    &#9;if(this.toString().matches(&quot;((1?[0-3])|([0-9]))|A[0-5]&quot;) || this.toString().equals(&quot;container&quot;))&#13;&#10;    &#9;{&#13;&#10;    &#9;&#9;return true;&#13;&#10;    &#9;}&#13;&#10;    &#9;return false;&#13;&#10;    }&#13;&#10;    &#13;&#10;    public boolean isSameType(Value val)&#13;&#10;    {&#13;&#10;    &#9;if(this.isBool() &amp;&amp; val.isBool())&#13;&#10;    &#9;{&#13;&#10;    &#9;&#9;return true;&#13;&#10;    &#9;}&#13;&#10;    &#9;if(this.isContainer() &amp;&amp; val.isContainer())&#13;&#10;    &#9;{&#13;&#10;    &#9;&#9;return true;&#13;&#10;    &#9;}&#13;&#10;    &#9;else if(this.isChar() &amp;&amp; val.isChar())&#13;&#10;    &#9;{&#13;&#10;    &#9;&#9;return true;&#13;&#10;    &#9;}&#13;&#10;    &#9;else if(this.isNumeric() &amp;&amp; val.isNumeric() || this.isNumeric() &amp;&amp; val.isNumericExpression())&#13;&#10;    &#9;{&#13;&#10;    &#9;&#9;return true;&#13;&#10;    &#9;}&#13;&#10;    &#9;else if(this.isString() &amp;&amp; val.isString())&#13;&#10;    &#9;{&#13;&#10;    &#9;&#9;return true;&#13;&#10;    &#9;}&#13;&#10;    &#9;else if(this.isDrink() &amp;&amp; val.isDrink())&#13;&#10;    &#9;{&#13;&#10;    &#9;&#9;return true;&#13;&#10;    &#9;}&#13;&#10;    &#9;&#13;&#10;    &#9;return false;&#13;&#10;    }&#13;&#10;    &#13;&#10;    public String GetType()&#13;&#10;    {&#13;&#10;    &#9;if(this.isBool() || this.toString().equals(&quot;bool&quot;))&#13;&#10;    &#9;{&#13;&#10;    &#9;&#9;return &quot;bool&quot;;&#13;&#10;    &#9;}&#13;&#10;    &#9;else if(this.toString().equals(&quot;container&quot;) || this.isContainer())&#13;&#10;    &#9;{&#13;&#10;    &#9;&#9;return &quot;container&quot;;&#13;&#10;    &#9;}&#13;&#10;    &#9;else if(this.isInt() || this.toString().equals(&quot;int&quot;))&#13;&#10;    &#9;{&#13;&#10;    &#9;&#9;return &quot;int&quot;;&#13;&#10;    &#9;}&#13;&#10;    &#9;else if(this.isDouble() || this.toString().equals(&quot;double&quot;))&#13;&#10;    &#9;{&#13;&#10;    &#9;&#9;return &quot;double&quot;;&#13;&#10;    &#9;}&#13;&#10;    &#9;else if(this.isChar() || this.toString().equals(&quot;char&quot;))&#13;&#10;    &#9;{&#13;&#10;    &#9;&#9;return &quot;char&quot;;&#13;&#10;    &#9;}&#13;&#10;    &#9;else if(this.isString() || this.toString().equals(&quot;string&quot;))&#13;&#10;    &#9;{&#13;&#10;    &#9;&#9;return &quot;string&quot;;&#13;&#10;    &#9;}&#13;&#10;    &#9;else if(this.toString().equals(&quot;drink&quot;))&#13;&#10;    &#9;{&#13;&#10;    &#9;&#9;return &quot;drink&quot;;&#13;&#10;    &#9;}&#13;&#10;    &#9;else&#13;&#10;    &#9;{&#13;&#10;    &#9;&#9;return null;&#13;&#10;    &#9;}&#13;&#10;    }&#13;&#10;&#13;&#10;    @Override&#13;&#10;    public boolean equals(Object o) {&#13;&#10;&#13;&#10;        if(value == o) {&#13;&#10;            return true;&#13;&#10;        }&#13;&#10;&#13;&#10;        if(value == null || o == null || o.getClass() != value.getClass()) {&#13;&#10;            return false;&#13;&#10;        }&#13;&#10;&#13;&#10;        Value that = (Value)o;&#13;&#10;&#13;&#10;        return this.value.equals(that.value);&#13;&#10;    }&#13;&#10;&#13;&#10;    @Override&#13;&#10;    public String toString() {&#13;&#10;        return String.valueOf(value);&#13;&#10;    }&#13;&#10;}&#13;&#10;" Filename="Value.java" Intrnl_Id="1"/>
</SrcFileList>
<CritList>
<CritListEntry Name="org.codecover.model.utils.criteria.LoopCoverage" PluginName="org.codecover"/>
<CritListEntry Name="org.codecover.model.utils.criteria.BranchCoverage" PluginName="org.codecover"/>
<CritListEntry Name="org.codecover.model.utils.criteria.ConditionCoverage" PluginName="org.codecover"/>
<CritListEntry Name="org.codecover.model.utils.criteria.StatementCoverage" PluginName="org.codecover"/>
</CritList>
<BoolOpList>
<BoolOp Arity="2" Intrnl_Id="2" Name="conditional and (&amp;&amp;)">
<BoolAssgnmntBoolMapList>
<MapEntry BoolAssgnmnt="10" Value="false"/>
<MapEntry BoolAssgnmnt="02" Value="false"/>
<MapEntry BoolAssgnmnt="11" Value="true"/>
</BoolAssgnmntBoolMapList>
</BoolOp>
<BoolOp Arity="2" Intrnl_Id="3" Name="conditional or (||)">
<BoolAssgnmntBoolMapList>
<MapEntry BoolAssgnmnt="01" Value="true"/>
<MapEntry BoolAssgnmnt="00" Value="false"/>
<MapEntry BoolAssgnmnt="12" Value="true"/>
</BoolAssgnmntBoolMapList>
</BoolOp>
</BoolOpList>
<HierarchyLvlTypeList>
<HierarchyLvlType EnglishName="class" IntrnlName="class" Intrnl_Id="4"/>
<HierarchyLvlType EnglishName="method" IntrnlName="method" Intrnl_Id="5"/>
<HierarchyLvlType EnglishName="default package" IntrnlName="default package" Intrnl_Id="6"/>
</HierarchyLvlTypeList>
<MASTRoot>
<HierarchyLvl HierarchyLvlId="732" HierarchyLvlTypeId="6" Intrnl_Id="7" Name="default package">
<Header/>
<LocList/>
<HierarchyLvl HierarchyLvlId="731" HierarchyLvlTypeId="4" Intrnl_Id="8" Name="Value">
<Header>
<Loc EndOffset="20" SrcFileId="1" StartOffset="2"/>
</Header>
<LocList>
<Loc EndOffset="3898" SrcFileId="1" StartOffset="2"/>
</LocList>
<StmntSeq Intrnl_Id="9">
<LocList>
<Loc EndOffset="76" SrcFileId="1" StartOffset="25"/>
</LocList>
<BasicStmnt CovItemId="S1" CovItemPrefix="Value.java" Intrnl_Id="10">
<LocList>
<Loc EndOffset="76" SrcFileId="1" StartOffset="25"/>
</LocList>
</BasicStmnt>
</StmntSeq>
<HierarchyLvl HierarchyLvlId="716" HierarchyLvlTypeId="5" Intrnl_Id="11" Name="Value">
<Header>
<Loc EndOffset="137" SrcFileId="1" StartOffset="111"/>
</Header>
<LocList>
<Loc EndOffset="175" SrcFileId="1" StartOffset="111"/>
</LocList>
<StmntSeq Intrnl_Id="12">
<LocList>
<Loc EndOffset="168" SrcFileId="1" StartOffset="149"/>
</LocList>
<BasicStmnt CovItemId="S2" CovItemPrefix="Value.java" Intrnl_Id="13">
<LocList>
<Loc EndOffset="168" SrcFileId="1" StartOffset="149"/>
</LocList>
</BasicStmnt>
</StmntSeq>
</HierarchyLvl>
<HierarchyLvl HierarchyLvlId="717" HierarchyLvlTypeId="5" Intrnl_Id="14" Name="Value">
<Header>
<Loc EndOffset="201" SrcFileId="1" StartOffset="187"/>
</Header>
<LocList>
<Loc EndOffset="238" SrcFileId="1" StartOffset="187"/>
</LocList>
<StmntSeq Intrnl_Id="15">
<LocList>
<Loc EndOffset="231" SrcFileId="1" StartOffset="215"/>
</LocList>
<BasicStmnt CovItemId="S3" CovItemPrefix="Value.java" Intrnl_Id="16">
<LocList>
<Loc EndOffset="231" SrcFileId="1" StartOffset="215"/>
</LocList>
</BasicStmnt>
</StmntSeq>
</HierarchyLvl>
<HierarchyLvl HierarchyLvlId="718" HierarchyLvlTypeId="5" Intrnl_Id="17" Name="isDouble">
<Header>
<Loc EndOffset="271" SrcFileId="1" StartOffset="246"/>
</Header>
<LocList>
<Loc EndOffset="392" SrcFileId="1" StartOffset="246"/>
</LocList>
<StmntSeq Intrnl_Id="18">
<LocList>
<Loc EndOffset="368" SrcFileId="1" StartOffset="283"/>
<Loc EndOffset="385" SrcFileId="1" StartOffset="372"/>
</LocList>
<CondStmnt CovItemId="S4" CovItemPrefix="Value.java" Intrnl_Id="19">
<Branch CovItemId="B1" CovItemPrefix="Value.java" Implct="false" Intrnl_Id="20">
<Cond/>
<LocList>
<Loc EndOffset="368" SrcFileId="1" StartOffset="345"/>
</LocList>
<StmntSeq Intrnl_Id="21">
<LocList>
<Loc EndOffset="363" SrcFileId="1" StartOffset="351"/>
</LocList>
<BasicStmnt CovItemId="S5" CovItemPrefix="Value.java" Intrnl_Id="22">
<LocList>
<Loc EndOffset="363" SrcFileId="1" StartOffset="351"/>
</LocList>
</BasicStmnt>
</StmntSeq>
</Branch>
<Branch CovItemId="B2" CovItemPrefix="Value.java" Implct="true" Intrnl_Id="23">
<Cond/>
<LocList/>
<StmntSeq Intrnl_Id="24">
<LocList/>
</StmntSeq>
</Branch>
<Keyword EndOffset="285" SrcFileId="1" StartOffset="283"/>
<LocList>
<Loc EndOffset="368" SrcFileId="1" StartOffset="283"/>
</LocList>
<RootTerm CovItemId="C1" CovItemPrefix="Value.java" Intrnl_Id="25">
<BasicBoolTerm Intrnl_Id="26">
<LocList>
<Loc EndOffset="340" SrcFileId="1" StartOffset="286"/>
</LocList>
</BasicBoolTerm>
</RootTerm>
</CondStmnt>
<BasicStmnt CovItemId="S6" CovItemPrefix="Value.java" Intrnl_Id="27">
<LocList>
<Loc EndOffset="385" SrcFileId="1" StartOffset="372"/>
</LocList>
</BasicStmnt>
</StmntSeq>
</HierarchyLvl>
<HierarchyLvl HierarchyLvlId="719" HierarchyLvlTypeId="5" Intrnl_Id="28" Name="isInt">
<Header>
<Loc EndOffset="426" SrcFileId="1" StartOffset="404"/>
</Header>
<LocList>
<Loc EndOffset="529" SrcFileId="1" StartOffset="404"/>
</LocList>
<StmntSeq Intrnl_Id="29">
<LocList>
<Loc EndOffset="505" SrcFileId="1" StartOffset="437"/>
<Loc EndOffset="522" SrcFileId="1" StartOffset="509"/>
</LocList>
<CondStmnt CovItemId="S7" CovItemPrefix="Value.java" Intrnl_Id="30">
<Branch CovItemId="B3" CovItemPrefix="Value.java" Implct="false" Intrnl_Id="31">
<Cond/>
<LocList>
<Loc EndOffset="505" SrcFileId="1" StartOffset="482"/>
</LocList>
<StmntSeq Intrnl_Id="32">
<LocList>
<Loc EndOffset="500" SrcFileId="1" StartOffset="488"/>
</LocList>
<BasicStmnt CovItemId="S8" CovItemPrefix="Value.java" Intrnl_Id="33">
<LocList>
<Loc EndOffset="500" SrcFileId="1" StartOffset="488"/>
</LocList>
</BasicStmnt>
</StmntSeq>
</Branch>
<Branch CovItemId="B4" CovItemPrefix="Value.java" Implct="true" Intrnl_Id="34">
<Cond/>
<LocList/>
<StmntSeq Intrnl_Id="35">
<LocList/>
</StmntSeq>
</Branch>
<Keyword EndOffset="439" SrcFileId="1" StartOffset="437"/>
<LocList>
<Loc EndOffset="505" SrcFileId="1" StartOffset="437"/>
</LocList>
<RootTerm CovItemId="C2" CovItemPrefix="Value.java" Intrnl_Id="36">
<BasicBoolTerm Intrnl_Id="37">
<LocList>
<Loc EndOffset="477" SrcFileId="1" StartOffset="440"/>
</LocList>
</BasicBoolTerm>
</RootTerm>
</CondStmnt>
<BasicStmnt CovItemId="S9" CovItemPrefix="Value.java" Intrnl_Id="38">
<LocList>
<Loc EndOffset="522" SrcFileId="1" StartOffset="509"/>
</LocList>
</BasicStmnt>
</StmntSeq>
</HierarchyLvl>
<HierarchyLvl HierarchyLvlId="720" HierarchyLvlTypeId="5" Intrnl_Id="39" Name="isDrink">
<Header>
<Loc EndOffset="565" SrcFileId="1" StartOffset="541"/>
</Header>
<LocList>
<Loc EndOffset="662" SrcFileId="1" StartOffset="541"/>
</LocList>
<StmntSeq Intrnl_Id="40">
<LocList>
<Loc EndOffset="638" SrcFileId="1" StartOffset="576"/>
<Loc EndOffset="655" SrcFileId="1" StartOffset="642"/>
</LocList>
<CondStmnt CovItemId="S10" CovItemPrefix="Value.java" Intrnl_Id="41">
<Branch CovItemId="B5" CovItemPrefix="Value.java" Implct="false" Intrnl_Id="42">
<Cond/>
<LocList>
<Loc EndOffset="638" SrcFileId="1" StartOffset="615"/>
</LocList>
<StmntSeq Intrnl_Id="43">
<LocList>
<Loc EndOffset="633" SrcFileId="1" StartOffset="621"/>
</LocList>
<BasicStmnt CovItemId="S11" CovItemPrefix="Value.java" Intrnl_Id="44">
<LocList>
<Loc EndOffset="633" SrcFileId="1" StartOffset="621"/>
</LocList>
</BasicStmnt>
</StmntSeq>
</Branch>
<Branch CovItemId="B6" CovItemPrefix="Value.java" Implct="true" Intrnl_Id="45">
<Cond/>
<LocList/>
<StmntSeq Intrnl_Id="46">
<LocList/>
</StmntSeq>
</Branch>
<Keyword EndOffset="578" SrcFileId="1" StartOffset="576"/>
<LocList>
<Loc EndOffset="638" SrcFileId="1" StartOffset="576"/>
</LocList>
<RootTerm CovItemId="C3" CovItemPrefix="Value.java" Intrnl_Id="47">
<BasicBoolTerm Intrnl_Id="48">
<LocList>
<Loc EndOffset="610" SrcFileId="1" StartOffset="579"/>
</LocList>
</BasicBoolTerm>
</RootTerm>
</CondStmnt>
<BasicStmnt CovItemId="S12" CovItemPrefix="Value.java" Intrnl_Id="49">
<LocList>
<Loc EndOffset="655" SrcFileId="1" StartOffset="642"/>
</LocList>
</BasicStmnt>
</StmntSeq>
</HierarchyLvl>
<HierarchyLvl HierarchyLvlId="721" HierarchyLvlTypeId="5" Intrnl_Id="50" Name="isNumeric">
<Header>
<Loc EndOffset="700" SrcFileId="1" StartOffset="674"/>
</Header>
<LocList>
<Loc EndOffset="881" SrcFileId="1" StartOffset="674"/>
</LocList>
<StmntSeq Intrnl_Id="51">
<LocList>
<Loc EndOffset="854" SrcFileId="1" StartOffset="714"/>
<Loc EndOffset="874" SrcFileId="1" StartOffset="861"/>
</LocList>
<CondStmnt CovItemId="S13" CovItemPrefix="Value.java" Intrnl_Id="52">
<Branch CovItemId="B7" CovItemPrefix="Value.java" Implct="false" Intrnl_Id="53">
<Cond/>
<LocList>
<Loc EndOffset="854" SrcFileId="1" StartOffset="825"/>
</LocList>
<StmntSeq Intrnl_Id="54">
<LocList>
<Loc EndOffset="846" SrcFileId="1" StartOffset="834"/>
</LocList>
<BasicStmnt CovItemId="S14" CovItemPrefix="Value.java" Intrnl_Id="55">
<LocList>
<Loc EndOffset="846" SrcFileId="1" StartOffset="834"/>
</LocList>
</BasicStmnt>
</StmntSeq>
</Branch>
<Branch CovItemId="B8" CovItemPrefix="Value.java" Implct="true" Intrnl_Id="56">
<Cond/>
<LocList/>
<StmntSeq Intrnl_Id="57">
<LocList/>
</StmntSeq>
</Branch>
<Keyword EndOffset="716" SrcFileId="1" StartOffset="714"/>
<LocList>
<Loc EndOffset="854" SrcFileId="1" StartOffset="714"/>
</LocList>
<RootTerm CovItemId="C4" CovItemPrefix="Value.java" Intrnl_Id="58">
<OpTerm BooleanOpId="3" Intrnl_Id="59">
<OpTerm BooleanOpId="3" Intrnl_Id="60">
<OpTerm BooleanOpId="3" Intrnl_Id="61">
<BasicBoolTerm Intrnl_Id="62">
<LocList>
<Loc EndOffset="729" SrcFileId="1" StartOffset="717"/>
</LocList>
</BasicBoolTerm>
<BasicBoolTerm Intrnl_Id="63">
<LocList>
<Loc EndOffset="748" SrcFileId="1" StartOffset="733"/>
</LocList>
</BasicBoolTerm>
<LocList>
<Loc EndOffset="732" SrcFileId="1" StartOffset="730"/>
</LocList>
</OpTerm>
<BasicBoolTerm Intrnl_Id="64">
<LocList>
<Loc EndOffset="781" SrcFileId="1" StartOffset="752"/>
</LocList>
</BasicBoolTerm>
<LocList>
<Loc EndOffset="751" SrcFileId="1" StartOffset="749"/>
</LocList>
</OpTerm>
<BasicBoolTerm Intrnl_Id="65">
<LocList>
<Loc EndOffset="817" SrcFileId="1" StartOffset="785"/>
</LocList>
</BasicBoolTerm>
<LocList>
<Loc EndOffset="784" SrcFileId="1" StartOffset="782"/>
</LocList>
</OpTerm>
</RootTerm>
</CondStmnt>
<BasicStmnt CovItemId="S15" CovItemPrefix="Value.java" Intrnl_Id="66">
<LocList>
<Loc EndOffset="874" SrcFileId="1" StartOffset="861"/>
</LocList>
</BasicStmnt>
</StmntSeq>
</HierarchyLvl>
<HierarchyLvl HierarchyLvlId="722" HierarchyLvlTypeId="5" Intrnl_Id="67" Name="isNumericExpression">
<Header>
<Loc EndOffset="929" SrcFileId="1" StartOffset="893"/>
</Header>
<LocList>
<Loc EndOffset="1112" SrcFileId="1" StartOffset="893"/>
</LocList>
<StmntSeq Intrnl_Id="68">
<LocList>
<Loc EndOffset="1085" SrcFileId="1" StartOffset="950"/>
<Loc EndOffset="1105" SrcFileId="1" StartOffset="1092"/>
</LocList>
<CondStmnt CovItemId="S16" CovItemPrefix="Value.java" Intrnl_Id="69">
<Branch CovItemId="B9" CovItemPrefix="Value.java" Implct="false" Intrnl_Id="70">
<Cond/>
<LocList>
<Loc EndOffset="1085" SrcFileId="1" StartOffset="1056"/>
</LocList>
<StmntSeq Intrnl_Id="71">
<LocList>
<Loc EndOffset="1077" SrcFileId="1" StartOffset="1065"/>
</LocList>
<BasicStmnt CovItemId="S17" CovItemPrefix="Value.java" Intrnl_Id="72">
<LocList>
<Loc EndOffset="1077" SrcFileId="1" StartOffset="1065"/>
</LocList>
</BasicStmnt>
</StmntSeq>
</Branch>
<Branch CovItemId="B10" CovItemPrefix="Value.java" Implct="true" Intrnl_Id="73">
<Cond/>
<LocList/>
<StmntSeq Intrnl_Id="74">
<LocList/>
</StmntSeq>
</Branch>
<Keyword EndOffset="952" SrcFileId="1" StartOffset="950"/>
<LocList>
<Loc EndOffset="1085" SrcFileId="1" StartOffset="950"/>
</LocList>
<RootTerm CovItemId="C5" CovItemPrefix="Value.java" Intrnl_Id="75">
<BasicBoolTerm Intrnl_Id="76">
<LocList>
<Loc EndOffset="1048" SrcFileId="1" StartOffset="953"/>
</LocList>
</BasicBoolTerm>
</RootTerm>
</CondStmnt>
<BasicStmnt CovItemId="S18" CovItemPrefix="Value.java" Intrnl_Id="77">
<LocList>
<Loc EndOffset="1105" SrcFileId="1" StartOffset="1092"/>
</LocList>
</BasicStmnt>
</StmntSeq>
</HierarchyLvl>
<HierarchyLvl HierarchyLvlId="723" HierarchyLvlTypeId="5" Intrnl_Id="78" Name="isChar">
<Header>
<Loc EndOffset="1147" SrcFileId="1" StartOffset="1124"/>
</Header>
<LocList>
<Loc EndOffset="1355" SrcFileId="1" StartOffset="1124"/>
</LocList>
<StmntSeq Intrnl_Id="79">
<LocList>
<Loc EndOffset="1332" SrcFileId="1" StartOffset="1158"/>
<Loc EndOffset="1348" SrcFileId="1" StartOffset="1336"/>
</LocList>
<CondStmnt CovItemId="S19" CovItemPrefix="Value.java" Intrnl_Id="80">
<Branch CovItemId="B11" CovItemPrefix="Value.java" Implct="false" Intrnl_Id="81">
<Cond/>
<LocList>
<Loc EndOffset="1332" SrcFileId="1" StartOffset="1308"/>
</LocList>
<StmntSeq Intrnl_Id="82">
<LocList>
<Loc EndOffset="1327" SrcFileId="1" StartOffset="1314"/>
</LocList>
<BasicStmnt CovItemId="S20" CovItemPrefix="Value.java" Intrnl_Id="83">
<LocList>
<Loc EndOffset="1327" SrcFileId="1" StartOffset="1314"/>
</LocList>
</BasicStmnt>
</StmntSeq>
</Branch>
<Branch CovItemId="B12" CovItemPrefix="Value.java" Implct="true" Intrnl_Id="84">
<Cond/>
<LocList/>
<StmntSeq Intrnl_Id="85">
<LocList/>
</StmntSeq>
</Branch>
<Keyword EndOffset="1160" SrcFileId="1" StartOffset="1158"/>
<LocList>
<Loc EndOffset="1332" SrcFileId="1" StartOffset="1158"/>
</LocList>
<RootTerm CovItemId="C6" CovItemPrefix="Value.java" Intrnl_Id="86">
<OpTerm BooleanOpId="3" Intrnl_Id="87">
<OpTerm BooleanOpId="3" Intrnl_Id="88">
<BasicBoolTerm Intrnl_Id="89">
<LocList>
<Loc EndOffset="1190" SrcFileId="1" StartOffset="1161"/>
</LocList>
</BasicBoolTerm>
<BasicBoolTerm Intrnl_Id="90">
<LocList>
<Loc EndOffset="1234" SrcFileId="1" StartOffset="1201"/>
</LocList>
</BasicBoolTerm>
<LocList>
<Loc EndOffset="1193" SrcFileId="1" StartOffset="1191"/>
</LocList>
</OpTerm>
<BasicBoolTerm Intrnl_Id="91">
<LocList>
<Loc EndOffset="1303" SrcFileId="1" StartOffset="1245"/>
</LocList>
</BasicBoolTerm>
<LocList>
<Loc EndOffset="1237" SrcFileId="1" StartOffset="1235"/>
</LocList>
</OpTerm>
</RootTerm>
</CondStmnt>
<BasicStmnt CovItemId="S21" CovItemPrefix="Value.java" Intrnl_Id="92">
<LocList>
<Loc EndOffset="1348" SrcFileId="1" StartOffset="1336"/>
</LocList>
</BasicStmnt>
</StmntSeq>
</HierarchyLvl>
<HierarchyLvl HierarchyLvlId="724" HierarchyLvlTypeId="5" Intrnl_Id="93" Name="isString">
<Header>
<Loc EndOffset="1392" SrcFileId="1" StartOffset="1367"/>
</Header>
<LocList>
<Loc EndOffset="1634" SrcFileId="1" StartOffset="1367"/>
</LocList>
<StmntSeq Intrnl_Id="94">
<LocList>
<Loc EndOffset="1611" SrcFileId="1" StartOffset="1406"/>
<Loc EndOffset="1627" SrcFileId="1" StartOffset="1615"/>
</LocList>
<CondStmnt CovItemId="S22" CovItemPrefix="Value.java" Intrnl_Id="95">
<Branch CovItemId="B13" CovItemPrefix="Value.java" Implct="false" Intrnl_Id="96">
<Cond/>
<LocList>
<Loc EndOffset="1475" SrcFileId="1" StartOffset="1445"/>
</LocList>
<StmntSeq Intrnl_Id="97">
<LocList>
<Loc EndOffset="1467" SrcFileId="1" StartOffset="1454"/>
</LocList>
<BasicStmnt CovItemId="S23" CovItemPrefix="Value.java" Intrnl_Id="98">
<LocList>
<Loc EndOffset="1467" SrcFileId="1" StartOffset="1454"/>
</LocList>
</BasicStmnt>
</StmntSeq>
</Branch>
<Branch CovItemId="B14" CovItemPrefix="Value.java" Implct="false" Intrnl_Id="99">
<Cond>
<Loc EndOffset="1486" SrcFileId="1" StartOffset="1482"/>
</Cond>
<LocList>
<Loc EndOffset="1611" SrcFileId="1" StartOffset="1487"/>
</LocList>
<StmntSeq Intrnl_Id="100">
<LocList>
<Loc EndOffset="1611" SrcFileId="1" StartOffset="1487"/>
</LocList>
<CondStmnt CovItemId="S24" CovItemPrefix="Value.java" Intrnl_Id="101">
<Branch CovItemId="B15" CovItemPrefix="Value.java" Implct="false" Intrnl_Id="102">
<Cond/>
<LocList>
<Loc EndOffset="1611" SrcFileId="1" StartOffset="1587"/>
</LocList>
<StmntSeq Intrnl_Id="103">
<LocList>
<Loc EndOffset="1606" SrcFileId="1" StartOffset="1593"/>
</LocList>
<BasicStmnt CovItemId="S25" CovItemPrefix="Value.java" Intrnl_Id="104">
<LocList>
<Loc EndOffset="1606" SrcFileId="1" StartOffset="1593"/>
</LocList>
</BasicStmnt>
</StmntSeq>
</Branch>
<Branch CovItemId="B16" CovItemPrefix="Value.java" Implct="true" Intrnl_Id="105">
<Cond/>
<LocList/>
<StmntSeq Intrnl_Id="106">
<LocList/>
</StmntSeq>
</Branch>
<Keyword EndOffset="1489" SrcFileId="1" StartOffset="1487"/>
<LocList>
<Loc EndOffset="1611" SrcFileId="1" StartOffset="1487"/>
</LocList>
<RootTerm CovItemId="C8" CovItemPrefix="Value.java" Intrnl_Id="107">
<OpTerm BooleanOpId="3" Intrnl_Id="108">
<BasicBoolTerm Intrnl_Id="109">
<LocList>
<Loc EndOffset="1522" SrcFileId="1" StartOffset="1490"/>
</LocList>
</BasicBoolTerm>
<BasicBoolTerm Intrnl_Id="110">
<LocList>
<Loc EndOffset="1582" SrcFileId="1" StartOffset="1525"/>
</LocList>
</BasicBoolTerm>
<LocList>
<Loc EndOffset="1524" SrcFileId="1" StartOffset="1522"/>
</LocList>
</OpTerm>
</RootTerm>
</CondStmnt>
</StmntSeq>
</Branch>
<Keyword EndOffset="1408" SrcFileId="1" StartOffset="1406"/>
<LocList>
<Loc EndOffset="1611" SrcFileId="1" StartOffset="1406"/>
</LocList>
<RootTerm CovItemId="C7" CovItemPrefix="Value.java" Intrnl_Id="111">
<BasicBoolTerm Intrnl_Id="112">
<LocList>
<Loc EndOffset="1437" SrcFileId="1" StartOffset="1409"/>
</LocList>
</BasicBoolTerm>
</RootTerm>
</CondStmnt>
<BasicStmnt CovItemId="S26" CovItemPrefix="Value.java" Intrnl_Id="113">
<LocList>
<Loc EndOffset="1627" SrcFileId="1" StartOffset="1615"/>
</LocList>
</BasicStmnt>
</StmntSeq>
</HierarchyLvl>
<HierarchyLvl HierarchyLvlId="725" HierarchyLvlTypeId="5" Intrnl_Id="114" Name="isBool">
<Header>
<Loc EndOffset="1669" SrcFileId="1" StartOffset="1646"/>
</Header>
<LocList>
<Loc EndOffset="1815" SrcFileId="1" StartOffset="1646"/>
</LocList>
<StmntSeq Intrnl_Id="115">
<LocList>
<Loc EndOffset="1788" SrcFileId="1" StartOffset="1683"/>
<Loc EndOffset="1808" SrcFileId="1" StartOffset="1795"/>
</LocList>
<CondStmnt CovItemId="S27" CovItemPrefix="Value.java" Intrnl_Id="116">
<Branch CovItemId="B17" CovItemPrefix="Value.java" Implct="false" Intrnl_Id="117">
<Cond/>
<LocList>
<Loc EndOffset="1788" SrcFileId="1" StartOffset="1759"/>
</LocList>
<StmntSeq Intrnl_Id="118">
<LocList>
<Loc EndOffset="1780" SrcFileId="1" StartOffset="1768"/>
</LocList>
<BasicStmnt CovItemId="S28" CovItemPrefix="Value.java" Intrnl_Id="119">
<LocList>
<Loc EndOffset="1780" SrcFileId="1" StartOffset="1768"/>
</LocList>
</BasicStmnt>
</StmntSeq>
</Branch>
<Branch CovItemId="B18" CovItemPrefix="Value.java" Implct="true" Intrnl_Id="120">
<Cond/>
<LocList/>
<StmntSeq Intrnl_Id="121">
<LocList/>
</StmntSeq>
</Branch>
<Keyword EndOffset="1685" SrcFileId="1" StartOffset="1683"/>
<LocList>
<Loc EndOffset="1788" SrcFileId="1" StartOffset="1683"/>
</LocList>
<RootTerm CovItemId="C9" CovItemPrefix="Value.java" Intrnl_Id="122">
<OpTerm BooleanOpId="3" Intrnl_Id="123">
<BasicBoolTerm Intrnl_Id="124">
<LocList>
<Loc EndOffset="1716" SrcFileId="1" StartOffset="1686"/>
</LocList>
</BasicBoolTerm>
<BasicBoolTerm Intrnl_Id="125">
<LocList>
<Loc EndOffset="1751" SrcFileId="1" StartOffset="1720"/>
</LocList>
</BasicBoolTerm>
<LocList>
<Loc EndOffset="1719" SrcFileId="1" StartOffset="1717"/>
</LocList>
</OpTerm>
</RootTerm>
</CondStmnt>
<BasicStmnt CovItemId="S29" CovItemPrefix="Value.java" Intrnl_Id="126">
<LocList>
<Loc EndOffset="1808" SrcFileId="1" StartOffset="1795"/>
</LocList>
</BasicStmnt>
</StmntSeq>
</HierarchyLvl>
<HierarchyLvl HierarchyLvlId="726" HierarchyLvlTypeId="5" Intrnl_Id="127" Name="isContainer">
<Header>
<Loc EndOffset="1855" SrcFileId="1" StartOffset="1827"/>
</Header>
<LocList>
<Loc EndOffset="2028" SrcFileId="1" StartOffset="1827"/>
</LocList>
<StmntSeq Intrnl_Id="128">
<LocList>
<Loc EndOffset="2001" SrcFileId="1" StartOffset="1869"/>
<Loc EndOffset="2021" SrcFileId="1" StartOffset="2008"/>
</LocList>
<CondStmnt CovItemId="S30" CovItemPrefix="Value.java" Intrnl_Id="129">
<Branch CovItemId="B19" CovItemPrefix="Value.java" Implct="false" Intrnl_Id="130">
<Cond/>
<LocList>
<Loc EndOffset="2001" SrcFileId="1" StartOffset="1972"/>
</LocList>
<StmntSeq Intrnl_Id="131">
<LocList>
<Loc EndOffset="1993" SrcFileId="1" StartOffset="1981"/>
</LocList>
<BasicStmnt CovItemId="S31" CovItemPrefix="Value.java" Intrnl_Id="132">
<LocList>
<Loc EndOffset="1993" SrcFileId="1" StartOffset="1981"/>
</LocList>
</BasicStmnt>
</StmntSeq>
</Branch>
<Branch CovItemId="B20" CovItemPrefix="Value.java" Implct="true" Intrnl_Id="133">
<Cond/>
<LocList/>
<StmntSeq Intrnl_Id="134">
<LocList/>
</StmntSeq>
</Branch>
<Keyword EndOffset="1871" SrcFileId="1" StartOffset="1869"/>
<LocList>
<Loc EndOffset="2001" SrcFileId="1" StartOffset="1869"/>
</LocList>
<RootTerm CovItemId="C10" CovItemPrefix="Value.java" Intrnl_Id="135">
<OpTerm BooleanOpId="3" Intrnl_Id="136">
<BasicBoolTerm Intrnl_Id="137">
<LocList>
<Loc EndOffset="1925" SrcFileId="1" StartOffset="1872"/>
</LocList>
</BasicBoolTerm>
<BasicBoolTerm Intrnl_Id="138">
<LocList>
<Loc EndOffset="1964" SrcFileId="1" StartOffset="1929"/>
</LocList>
</BasicBoolTerm>
<LocList>
<Loc EndOffset="1928" SrcFileId="1" StartOffset="1926"/>
</LocList>
</OpTerm>
</RootTerm>
</CondStmnt>
<BasicStmnt CovItemId="S32" CovItemPrefix="Value.java" Intrnl_Id="139">
<LocList>
<Loc EndOffset="2021" SrcFileId="1" StartOffset="2008"/>
</LocList>
</BasicStmnt>
</StmntSeq>
</HierarchyLvl>
<HierarchyLvl HierarchyLvlId="727" HierarchyLvlTypeId="5" Intrnl_Id="140" Name="isSameType">
<Header>
<Loc EndOffset="2076" SrcFileId="1" StartOffset="2040"/>
</Header>
<LocList>
<Loc EndOffset="2664" SrcFileId="1" StartOffset="2040"/>
</LocList>
<StmntSeq Intrnl_Id="141">
<LocList>
<Loc EndOffset="2159" SrcFileId="1" StartOffset="2090"/>
<Loc EndOffset="2630" SrcFileId="1" StartOffset="2166"/>
<Loc EndOffset="2657" SrcFileId="1" StartOffset="2644"/>
</LocList>
<CondStmnt CovItemId="S33" CovItemPrefix="Value.java" Intrnl_Id="142">
<Branch CovItemId="B21" CovItemPrefix="Value.java" Implct="false" Intrnl_Id="143">
<Cond/>
<LocList>
<Loc EndOffset="2159" SrcFileId="1" StartOffset="2130"/>
</LocList>
<StmntSeq Intrnl_Id="144">
<LocList>
<Loc EndOffset="2151" SrcFileId="1" StartOffset="2139"/>
</LocList>
<BasicStmnt CovItemId="S34" CovItemPrefix="Value.java" Intrnl_Id="145">
<LocList>
<Loc EndOffset="2151" SrcFileId="1" StartOffset="2139"/>
</LocList>
</BasicStmnt>
</StmntSeq>
</Branch>
<Branch CovItemId="B22" CovItemPrefix="Value.java" Implct="true" Intrnl_Id="146">
<Cond/>
<LocList/>
<StmntSeq Intrnl_Id="147">
<LocList/>
</StmntSeq>
</Branch>
<Keyword EndOffset="2092" SrcFileId="1" StartOffset="2090"/>
<LocList>
<Loc EndOffset="2159" SrcFileId="1" StartOffset="2090"/>
</LocList>
<RootTerm CovItemId="C11" CovItemPrefix="Value.java" Intrnl_Id="148">
<OpTerm BooleanOpId="2" Intrnl_Id="149">
<BasicBoolTerm Intrnl_Id="150">
<LocList>
<Loc EndOffset="2106" SrcFileId="1" StartOffset="2093"/>
</LocList>
</BasicBoolTerm>
<BasicBoolTerm Intrnl_Id="151">
<LocList>
<Loc EndOffset="2122" SrcFileId="1" StartOffset="2110"/>
</LocList>
</BasicBoolTerm>
<LocList>
<Loc EndOffset="2109" SrcFileId="1" StartOffset="2107"/>
</LocList>
</OpTerm>
</RootTerm>
</CondStmnt>
<CondStmnt CovItemId="S35" CovItemPrefix="Value.java" Intrnl_Id="152">
<Branch CovItemId="B23" CovItemPrefix="Value.java" Implct="false" Intrnl_Id="153">
<Cond/>
<LocList>
<Loc EndOffset="2245" SrcFileId="1" StartOffset="2216"/>
</LocList>
<StmntSeq Intrnl_Id="154">
<LocList>
<Loc EndOffset="2237" SrcFileId="1" StartOffset="2225"/>
</LocList>
<BasicStmnt CovItemId="S36" CovItemPrefix="Value.java" Intrnl_Id="155">
<LocList>
<Loc EndOffset="2237" SrcFileId="1" StartOffset="2225"/>
</LocList>
</BasicStmnt>
</StmntSeq>
</Branch>
<Branch CovItemId="B24" CovItemPrefix="Value.java" Implct="false" Intrnl_Id="156">
<Cond>
<Loc EndOffset="2256" SrcFileId="1" StartOffset="2252"/>
</Cond>
<LocList>
<Loc EndOffset="2630" SrcFileId="1" StartOffset="2257"/>
</LocList>
<StmntSeq Intrnl_Id="157">
<LocList>
<Loc EndOffset="2630" SrcFileId="1" StartOffset="2257"/>
</LocList>
<CondStmnt CovItemId="S37" CovItemPrefix="Value.java" Intrnl_Id="158">
<Branch CovItemId="B25" CovItemPrefix="Value.java" Implct="false" Intrnl_Id="159">
<Cond/>
<LocList>
<Loc EndOffset="2326" SrcFileId="1" StartOffset="2297"/>
</LocList>
<StmntSeq Intrnl_Id="160">
<LocList>
<Loc EndOffset="2318" SrcFileId="1" StartOffset="2306"/>
</LocList>
<BasicStmnt CovItemId="S38" CovItemPrefix="Value.java" Intrnl_Id="161">
<LocList>
<Loc EndOffset="2318" SrcFileId="1" StartOffset="2306"/>
</LocList>
</BasicStmnt>
</StmntSeq>
</Branch>
<Branch CovItemId="B26" CovItemPrefix="Value.java" Implct="false" Intrnl_Id="162">
<Cond>
<Loc EndOffset="2337" SrcFileId="1" StartOffset="2333"/>
</Cond>
<LocList>
<Loc EndOffset="2630" SrcFileId="1" StartOffset="2338"/>
</LocList>
<StmntSeq Intrnl_Id="163">
<LocList>
<Loc EndOffset="2630" SrcFileId="1" StartOffset="2338"/>
</LocList>
<CondStmnt CovItemId="S39" CovItemPrefix="Value.java" Intrnl_Id="164">
<Branch CovItemId="B27" CovItemPrefix="Value.java" Implct="false" Intrnl_Id="165">
<Cond/>
<LocList>
<Loc EndOffset="2462" SrcFileId="1" StartOffset="2433"/>
</LocList>
<StmntSeq Intrnl_Id="166">
<LocList>
<Loc EndOffset="2454" SrcFileId="1" StartOffset="2442"/>
</LocList>
<BasicStmnt CovItemId="S40" CovItemPrefix="Value.java" Intrnl_Id="167">
<LocList>
<Loc EndOffset="2454" SrcFileId="1" StartOffset="2442"/>
</LocList>
</BasicStmnt>
</StmntSeq>
</Branch>
<Branch CovItemId="B28" CovItemPrefix="Value.java" Implct="false" Intrnl_Id="168">
<Cond>
<Loc EndOffset="2473" SrcFileId="1" StartOffset="2469"/>
</Cond>
<LocList>
<Loc EndOffset="2630" SrcFileId="1" StartOffset="2474"/>
</LocList>
<StmntSeq Intrnl_Id="169">
<LocList>
<Loc EndOffset="2630" SrcFileId="1" StartOffset="2474"/>
</LocList>
<CondStmnt CovItemId="S41" CovItemPrefix="Value.java" Intrnl_Id="170">
<Branch CovItemId="B29" CovItemPrefix="Value.java" Implct="false" Intrnl_Id="171">
<Cond/>
<LocList>
<Loc EndOffset="2547" SrcFileId="1" StartOffset="2518"/>
</LocList>
<StmntSeq Intrnl_Id="172">
<LocList>
<Loc EndOffset="2539" SrcFileId="1" StartOffset="2527"/>
</LocList>
<BasicStmnt CovItemId="S42" CovItemPrefix="Value.java" Intrnl_Id="173">
<LocList>
<Loc EndOffset="2539" SrcFileId="1" StartOffset="2527"/>
</LocList>
</BasicStmnt>
</StmntSeq>
</Branch>
<Branch CovItemId="B30" CovItemPrefix="Value.java" Implct="false" Intrnl_Id="174">
<Cond>
<Loc EndOffset="2558" SrcFileId="1" StartOffset="2554"/>
</Cond>
<LocList>
<Loc EndOffset="2630" SrcFileId="1" StartOffset="2559"/>
</LocList>
<StmntSeq Intrnl_Id="175">
<LocList>
<Loc EndOffset="2630" SrcFileId="1" StartOffset="2559"/>
</LocList>
<CondStmnt CovItemId="S43" CovItemPrefix="Value.java" Intrnl_Id="176">
<Branch CovItemId="B31" CovItemPrefix="Value.java" Implct="false" Intrnl_Id="177">
<Cond/>
<LocList>
<Loc EndOffset="2630" SrcFileId="1" StartOffset="2601"/>
</LocList>
<StmntSeq Intrnl_Id="178">
<LocList>
<Loc EndOffset="2622" SrcFileId="1" StartOffset="2610"/>
</LocList>
<BasicStmnt CovItemId="S44" CovItemPrefix="Value.java" Intrnl_Id="179">
<LocList>
<Loc EndOffset="2622" SrcFileId="1" StartOffset="2610"/>
</LocList>
</BasicStmnt>
</StmntSeq>
</Branch>
<Branch CovItemId="B32" CovItemPrefix="Value.java" Implct="true" Intrnl_Id="180">
<Cond/>
<LocList/>
<StmntSeq Intrnl_Id="181">
<LocList/>
</StmntSeq>
</Branch>
<Keyword EndOffset="2561" SrcFileId="1" StartOffset="2559"/>
<LocList>
<Loc EndOffset="2630" SrcFileId="1" StartOffset="2559"/>
</LocList>
<RootTerm CovItemId="C16" CovItemPrefix="Value.java" Intrnl_Id="182">
<OpTerm BooleanOpId="2" Intrnl_Id="183">
<BasicBoolTerm Intrnl_Id="184">
<LocList>
<Loc EndOffset="2576" SrcFileId="1" StartOffset="2562"/>
</LocList>
</BasicBoolTerm>
<BasicBoolTerm Intrnl_Id="185">
<LocList>
<Loc EndOffset="2593" SrcFileId="1" StartOffset="2580"/>
</LocList>
</BasicBoolTerm>
<LocList>
<Loc EndOffset="2579" SrcFileId="1" StartOffset="2577"/>
</LocList>
</OpTerm>
</RootTerm>
</CondStmnt>
</StmntSeq>
</Branch>
<Keyword EndOffset="2476" SrcFileId="1" StartOffset="2474"/>
<LocList>
<Loc EndOffset="2630" SrcFileId="1" StartOffset="2474"/>
</LocList>
<RootTerm CovItemId="C15" CovItemPrefix="Value.java" Intrnl_Id="186">
<OpTerm BooleanOpId="2" Intrnl_Id="187">
<BasicBoolTerm Intrnl_Id="188">
<LocList>
<Loc EndOffset="2492" SrcFileId="1" StartOffset="2477"/>
</LocList>
</BasicBoolTerm>
<BasicBoolTerm Intrnl_Id="189">
<LocList>
<Loc EndOffset="2510" SrcFileId="1" StartOffset="2496"/>
</LocList>
</BasicBoolTerm>
<LocList>
<Loc EndOffset="2495" SrcFileId="1" StartOffset="2493"/>
</LocList>
</OpTerm>
</RootTerm>
</CondStmnt>
</StmntSeq>
</Branch>
<Keyword EndOffset="2340" SrcFileId="1" StartOffset="2338"/>
<LocList>
<Loc EndOffset="2630" SrcFileId="1" StartOffset="2338"/>
</LocList>
<RootTerm CovItemId="C14" CovItemPrefix="Value.java" Intrnl_Id="190">
<OpTerm BooleanOpId="3" Intrnl_Id="191">
<OpTerm BooleanOpId="2" Intrnl_Id="192">
<BasicBoolTerm Intrnl_Id="193">
<LocList>
<Loc EndOffset="2357" SrcFileId="1" StartOffset="2341"/>
</LocList>
</BasicBoolTerm>
<BasicBoolTerm Intrnl_Id="194">
<LocList>
<Loc EndOffset="2376" SrcFileId="1" StartOffset="2361"/>
</LocList>
</BasicBoolTerm>
<LocList>
<Loc EndOffset="2360" SrcFileId="1" StartOffset="2358"/>
</LocList>
</OpTerm>
<OpTerm BooleanOpId="2" Intrnl_Id="195">
<BasicBoolTerm Intrnl_Id="196">
<LocList>
<Loc EndOffset="2396" SrcFileId="1" StartOffset="2380"/>
</LocList>
</BasicBoolTerm>
<BasicBoolTerm Intrnl_Id="197">
<LocList>
<Loc EndOffset="2425" SrcFileId="1" StartOffset="2400"/>
</LocList>
</BasicBoolTerm>
<LocList>
<Loc EndOffset="2399" SrcFileId="1" StartOffset="2397"/>
</LocList>
</OpTerm>
<LocList>
<Loc EndOffset="2379" SrcFileId="1" StartOffset="2377"/>
</LocList>
</OpTerm>
</RootTerm>
</CondStmnt>
</StmntSeq>
</Branch>
<Keyword EndOffset="2259" SrcFileId="1" StartOffset="2257"/>
<LocList>
<Loc EndOffset="2630" SrcFileId="1" StartOffset="2257"/>
</LocList>
<RootTerm CovItemId="C13" CovItemPrefix="Value.java" Intrnl_Id="198">
<OpTerm BooleanOpId="2" Intrnl_Id="199">
<BasicBoolTerm Intrnl_Id="200">
<LocList>
<Loc EndOffset="2273" SrcFileId="1" StartOffset="2260"/>
</LocList>
</BasicBoolTerm>
<BasicBoolTerm Intrnl_Id="201">
<LocList>
<Loc EndOffset="2289" SrcFileId="1" StartOffset="2277"/>
</LocList>
</BasicBoolTerm>
<LocList>
<Loc EndOffset="2276" SrcFileId="1" StartOffset="2274"/>
</LocList>
</OpTerm>
</RootTerm>
</CondStmnt>
</StmntSeq>
</Branch>
<Keyword EndOffset="2168" SrcFileId="1" StartOffset="2166"/>
<LocList>
<Loc EndOffset="2630" SrcFileId="1" StartOffset="2166"/>
</LocList>
<RootTerm CovItemId="C12" CovItemPrefix="Value.java" Intrnl_Id="202">
<OpTerm BooleanOpId="2" Intrnl_Id="203">
<BasicBoolTerm Intrnl_Id="204">
<LocList>
<Loc EndOffset="2187" SrcFileId="1" StartOffset="2169"/>
</LocList>
</BasicBoolTerm>
<BasicBoolTerm Intrnl_Id="205">
<LocList>
<Loc EndOffset="2208" SrcFileId="1" StartOffset="2191"/>
</LocList>
</BasicBoolTerm>
<LocList>
<Loc EndOffset="2190" SrcFileId="1" StartOffset="2188"/>
</LocList>
</OpTerm>
</RootTerm>
</CondStmnt>
<BasicStmnt CovItemId="S45" CovItemPrefix="Value.java" Intrnl_Id="206">
<LocList>
<Loc EndOffset="2657" SrcFileId="1" StartOffset="2644"/>
</LocList>
</BasicStmnt>
</StmntSeq>
</HierarchyLvl>
<HierarchyLvl HierarchyLvlId="728" HierarchyLvlTypeId="5" Intrnl_Id="207" Name="GetType">
<Header>
<Loc EndOffset="2699" SrcFileId="1" StartOffset="2676"/>
</Header>
<LocList>
<Loc EndOffset="3471" SrcFileId="1" StartOffset="2676"/>
</LocList>
<StmntSeq Intrnl_Id="208">
<LocList>
<Loc EndOffset="3464" SrcFileId="1" StartOffset="2713"/>
</LocList>
<CondStmnt CovItemId="S46" CovItemPrefix="Value.java" Intrnl_Id="209">
<Branch CovItemId="B33" CovItemPrefix="Value.java" Implct="false" Intrnl_Id="210">
<Cond/>
<LocList>
<Loc EndOffset="2802" SrcFileId="1" StartOffset="2771"/>
</LocList>
<StmntSeq Intrnl_Id="211">
<LocList>
<Loc EndOffset="2794" SrcFileId="1" StartOffset="2780"/>
</LocList>
<BasicStmnt CovItemId="S47" CovItemPrefix="Value.java" Intrnl_Id="212">
<LocList>
<Loc EndOffset="2794" SrcFileId="1" StartOffset="2780"/>
</LocList>
</BasicStmnt>
</StmntSeq>
</Branch>
<Branch CovItemId="B34" CovItemPrefix="Value.java" Implct="false" Intrnl_Id="213">
<Cond>
<Loc EndOffset="2813" SrcFileId="1" StartOffset="2809"/>
</Cond>
<LocList>
<Loc EndOffset="3464" SrcFileId="1" StartOffset="2814"/>
</LocList>
<StmntSeq Intrnl_Id="214">
<LocList>
<Loc EndOffset="3464" SrcFileId="1" StartOffset="2814"/>
</LocList>
<CondStmnt CovItemId="S48" CovItemPrefix="Value.java" Intrnl_Id="215">
<Branch CovItemId="B35" CovItemPrefix="Value.java" Implct="false" Intrnl_Id="216">
<Cond/>
<LocList>
<Loc EndOffset="2918" SrcFileId="1" StartOffset="2882"/>
</LocList>
<StmntSeq Intrnl_Id="217">
<LocList>
<Loc EndOffset="2910" SrcFileId="1" StartOffset="2891"/>
</LocList>
<BasicStmnt CovItemId="S49" CovItemPrefix="Value.java" Intrnl_Id="218">
<LocList>
<Loc EndOffset="2910" SrcFileId="1" StartOffset="2891"/>
</LocList>
</BasicStmnt>
</StmntSeq>
</Branch>
<Branch CovItemId="B36" CovItemPrefix="Value.java" Implct="false" Intrnl_Id="219">
<Cond>
<Loc EndOffset="2929" SrcFileId="1" StartOffset="2925"/>
</Cond>
<LocList>
<Loc EndOffset="3464" SrcFileId="1" StartOffset="2930"/>
</LocList>
<StmntSeq Intrnl_Id="220">
<LocList>
<Loc EndOffset="3464" SrcFileId="1" StartOffset="2930"/>
</LocList>
<CondStmnt CovItemId="S50" CovItemPrefix="Value.java" Intrnl_Id="221">
<Branch CovItemId="B37" CovItemPrefix="Value.java" Implct="false" Intrnl_Id="222">
<Cond/>
<LocList>
<Loc EndOffset="3016" SrcFileId="1" StartOffset="2986"/>
</LocList>
<StmntSeq Intrnl_Id="223">
<LocList>
<Loc EndOffset="3008" SrcFileId="1" StartOffset="2995"/>
</LocList>
<BasicStmnt CovItemId="S51" CovItemPrefix="Value.java" Intrnl_Id="224">
<LocList>
<Loc EndOffset="3008" SrcFileId="1" StartOffset="2995"/>
</LocList>
</BasicStmnt>
</StmntSeq>
</Branch>
<Branch CovItemId="B38" CovItemPrefix="Value.java" Implct="false" Intrnl_Id="225">
<Cond>
<Loc EndOffset="3027" SrcFileId="1" StartOffset="3023"/>
</Cond>
<LocList>
<Loc EndOffset="3464" SrcFileId="1" StartOffset="3028"/>
</LocList>
<StmntSeq Intrnl_Id="226">
<LocList>
<Loc EndOffset="3464" SrcFileId="1" StartOffset="3028"/>
</LocList>
<CondStmnt CovItemId="S52" CovItemPrefix="Value.java" Intrnl_Id="227">
<Branch CovItemId="B39" CovItemPrefix="Value.java" Implct="false" Intrnl_Id="228">
<Cond/>
<LocList>
<Loc EndOffset="3123" SrcFileId="1" StartOffset="3090"/>
</LocList>
<StmntSeq Intrnl_Id="229">
<LocList>
<Loc EndOffset="3115" SrcFileId="1" StartOffset="3099"/>
</LocList>
<BasicStmnt CovItemId="S53" CovItemPrefix="Value.java" Intrnl_Id="230">
<LocList>
<Loc EndOffset="3115" SrcFileId="1" StartOffset="3099"/>
</LocList>
</BasicStmnt>
</StmntSeq>
</Branch>
<Branch CovItemId="B40" CovItemPrefix="Value.java" Implct="false" Intrnl_Id="231">
<Cond>
<Loc EndOffset="3134" SrcFileId="1" StartOffset="3130"/>
</Cond>
<LocList>
<Loc EndOffset="3464" SrcFileId="1" StartOffset="3135"/>
</LocList>
<StmntSeq Intrnl_Id="232">
<LocList>
<Loc EndOffset="3464" SrcFileId="1" StartOffset="3135"/>
</LocList>
<CondStmnt CovItemId="S54" CovItemPrefix="Value.java" Intrnl_Id="233">
<Branch CovItemId="B41" CovItemPrefix="Value.java" Implct="false" Intrnl_Id="234">
<Cond/>
<LocList>
<Loc EndOffset="3224" SrcFileId="1" StartOffset="3193"/>
</LocList>
<StmntSeq Intrnl_Id="235">
<LocList>
<Loc EndOffset="3216" SrcFileId="1" StartOffset="3202"/>
</LocList>
<BasicStmnt CovItemId="S55" CovItemPrefix="Value.java" Intrnl_Id="236">
<LocList>
<Loc EndOffset="3216" SrcFileId="1" StartOffset="3202"/>
</LocList>
</BasicStmnt>
</StmntSeq>
</Branch>
<Branch CovItemId="B42" CovItemPrefix="Value.java" Implct="false" Intrnl_Id="237">
<Cond>
<Loc EndOffset="3235" SrcFileId="1" StartOffset="3231"/>
</Cond>
<LocList>
<Loc EndOffset="3464" SrcFileId="1" StartOffset="3236"/>
</LocList>
<StmntSeq Intrnl_Id="238">
<LocList>
<Loc EndOffset="3464" SrcFileId="1" StartOffset="3236"/>
</LocList>
<CondStmnt CovItemId="S56" CovItemPrefix="Value.java" Intrnl_Id="239">
<Branch CovItemId="B43" CovItemPrefix="Value.java" Implct="false" Intrnl_Id="240">
<Cond/>
<LocList>
<Loc EndOffset="3331" SrcFileId="1" StartOffset="3298"/>
</LocList>
<StmntSeq Intrnl_Id="241">
<LocList>
<Loc EndOffset="3323" SrcFileId="1" StartOffset="3307"/>
</LocList>
<BasicStmnt CovItemId="S57" CovItemPrefix="Value.java" Intrnl_Id="242">
<LocList>
<Loc EndOffset="3323" SrcFileId="1" StartOffset="3307"/>
</LocList>
</BasicStmnt>
</StmntSeq>
</Branch>
<Branch CovItemId="B44" CovItemPrefix="Value.java" Implct="false" Intrnl_Id="243">
<Cond>
<Loc EndOffset="3342" SrcFileId="1" StartOffset="3338"/>
</Cond>
<LocList>
<Loc EndOffset="3464" SrcFileId="1" StartOffset="3343"/>
</LocList>
<StmntSeq Intrnl_Id="244">
<LocList>
<Loc EndOffset="3464" SrcFileId="1" StartOffset="3343"/>
</LocList>
<CondStmnt CovItemId="S58" CovItemPrefix="Value.java" Intrnl_Id="245">
<Branch CovItemId="B45" CovItemPrefix="Value.java" Implct="false" Intrnl_Id="246">
<Cond/>
<LocList>
<Loc EndOffset="3417" SrcFileId="1" StartOffset="3385"/>
</LocList>
<StmntSeq Intrnl_Id="247">
<LocList>
<Loc EndOffset="3409" SrcFileId="1" StartOffset="3394"/>
</LocList>
<BasicStmnt CovItemId="S59" CovItemPrefix="Value.java" Intrnl_Id="248">
<LocList>
<Loc EndOffset="3409" SrcFileId="1" StartOffset="3394"/>
</LocList>
</BasicStmnt>
</StmntSeq>
</Branch>
<Branch CovItemId="B46" CovItemPrefix="Value.java" Implct="false" Intrnl_Id="249">
<Cond>
<Loc EndOffset="3428" SrcFileId="1" StartOffset="3424"/>
</Cond>
<LocList>
<Loc EndOffset="3464" SrcFileId="1" StartOffset="3435"/>
</LocList>
<StmntSeq Intrnl_Id="250">
<LocList>
<Loc EndOffset="3456" SrcFileId="1" StartOffset="3444"/>
</LocList>
<BasicStmnt CovItemId="S60" CovItemPrefix="Value.java" Intrnl_Id="251">
<LocList>
<Loc EndOffset="3456" SrcFileId="1" StartOffset="3444"/>
</LocList>
</BasicStmnt>
</StmntSeq>
</Branch>
<Keyword EndOffset="3345" SrcFileId="1" StartOffset="3343"/>
<LocList>
<Loc EndOffset="3464" SrcFileId="1" StartOffset="3343"/>
</LocList>
<RootTerm CovItemId="C23" CovItemPrefix="Value.java" Intrnl_Id="252">
<BasicBoolTerm Intrnl_Id="253">
<LocList>
<Loc EndOffset="3377" SrcFileId="1" StartOffset="3346"/>
</LocList>
</BasicBoolTerm>
</RootTerm>
</CondStmnt>
</StmntSeq>
</Branch>
<Keyword EndOffset="3238" SrcFileId="1" StartOffset="3236"/>
<LocList>
<Loc EndOffset="3464" SrcFileId="1" StartOffset="3236"/>
</LocList>
<RootTerm CovItemId="C22" CovItemPrefix="Value.java" Intrnl_Id="254">
<OpTerm BooleanOpId="3" Intrnl_Id="255">
<BasicBoolTerm Intrnl_Id="256">
<LocList>
<Loc EndOffset="3254" SrcFileId="1" StartOffset="3239"/>
</LocList>
</BasicBoolTerm>
<BasicBoolTerm Intrnl_Id="257">
<LocList>
<Loc EndOffset="3290" SrcFileId="1" StartOffset="3258"/>
</LocList>
</BasicBoolTerm>
<LocList>
<Loc EndOffset="3257" SrcFileId="1" StartOffset="3255"/>
</LocList>
</OpTerm>
</RootTerm>
</CondStmnt>
</StmntSeq>
</Branch>
<Keyword EndOffset="3137" SrcFileId="1" StartOffset="3135"/>
<LocList>
<Loc EndOffset="3464" SrcFileId="1" StartOffset="3135"/>
</LocList>
<RootTerm CovItemId="C21" CovItemPrefix="Value.java" Intrnl_Id="258">
<OpTerm BooleanOpId="3" Intrnl_Id="259">
<BasicBoolTerm Intrnl_Id="260">
<LocList>
<Loc EndOffset="3151" SrcFileId="1" StartOffset="3138"/>
</LocList>
</BasicBoolTerm>
<BasicBoolTerm Intrnl_Id="261">
<LocList>
<Loc EndOffset="3185" SrcFileId="1" StartOffset="3155"/>
</LocList>
</BasicBoolTerm>
<LocList>
<Loc EndOffset="3154" SrcFileId="1" StartOffset="3152"/>
</LocList>
</OpTerm>
</RootTerm>
</CondStmnt>
</StmntSeq>
</Branch>
<Keyword EndOffset="3030" SrcFileId="1" StartOffset="3028"/>
<LocList>
<Loc EndOffset="3464" SrcFileId="1" StartOffset="3028"/>
</LocList>
<RootTerm CovItemId="C20" CovItemPrefix="Value.java" Intrnl_Id="262">
<OpTerm BooleanOpId="3" Intrnl_Id="263">
<BasicBoolTerm Intrnl_Id="264">
<LocList>
<Loc EndOffset="3046" SrcFileId="1" StartOffset="3031"/>
</LocList>
</BasicBoolTerm>
<BasicBoolTerm Intrnl_Id="265">
<LocList>
<Loc EndOffset="3082" SrcFileId="1" StartOffset="3050"/>
</LocList>
</BasicBoolTerm>
<LocList>
<Loc EndOffset="3049" SrcFileId="1" StartOffset="3047"/>
</LocList>
</OpTerm>
</RootTerm>
</CondStmnt>
</StmntSeq>
</Branch>
<Keyword EndOffset="2932" SrcFileId="1" StartOffset="2930"/>
<LocList>
<Loc EndOffset="3464" SrcFileId="1" StartOffset="2930"/>
</LocList>
<RootTerm CovItemId="C19" CovItemPrefix="Value.java" Intrnl_Id="266">
<OpTerm BooleanOpId="3" Intrnl_Id="267">
<BasicBoolTerm Intrnl_Id="268">
<LocList>
<Loc EndOffset="2945" SrcFileId="1" StartOffset="2933"/>
</LocList>
</BasicBoolTerm>
<BasicBoolTerm Intrnl_Id="269">
<LocList>
<Loc EndOffset="2978" SrcFileId="1" StartOffset="2949"/>
</LocList>
</BasicBoolTerm>
<LocList>
<Loc EndOffset="2948" SrcFileId="1" StartOffset="2946"/>
</LocList>
</OpTerm>
</RootTerm>
</CondStmnt>
</StmntSeq>
</Branch>
<Keyword EndOffset="2816" SrcFileId="1" StartOffset="2814"/>
<LocList>
<Loc EndOffset="3464" SrcFileId="1" StartOffset="2814"/>
</LocList>
<RootTerm CovItemId="C18" CovItemPrefix="Value.java" Intrnl_Id="270">
<OpTerm BooleanOpId="3" Intrnl_Id="271">
<BasicBoolTerm Intrnl_Id="272">
<LocList>
<Loc EndOffset="2852" SrcFileId="1" StartOffset="2817"/>
</LocList>
</BasicBoolTerm>
<BasicBoolTerm Intrnl_Id="273">
<LocList>
<Loc EndOffset="2874" SrcFileId="1" StartOffset="2856"/>
</LocList>
</BasicBoolTerm>
<LocList>
<Loc EndOffset="2855" SrcFileId="1" StartOffset="2853"/>
</LocList>
</OpTerm>
</RootTerm>
</CondStmnt>
</StmntSeq>
</Branch>
<Keyword EndOffset="2715" SrcFileId="1" StartOffset="2713"/>
<LocList>
<Loc EndOffset="3464" SrcFileId="1" StartOffset="2713"/>
</LocList>
<RootTerm CovItemId="C17" CovItemPrefix="Value.java" Intrnl_Id="274">
<OpTerm BooleanOpId="3" Intrnl_Id="275">
<BasicBoolTerm Intrnl_Id="276">
<LocList>
<Loc EndOffset="2729" SrcFileId="1" StartOffset="2716"/>
</LocList>
</BasicBoolTerm>
<BasicBoolTerm Intrnl_Id="277">
<LocList>
<Loc EndOffset="2763" SrcFileId="1" StartOffset="2733"/>
</LocList>
</BasicBoolTerm>
<LocList>
<Loc EndOffset="2732" SrcFileId="1" StartOffset="2730"/>
</LocList>
</OpTerm>
</RootTerm>
</CondStmnt>
</StmntSeq>
</HierarchyLvl>
<HierarchyLvl HierarchyLvlId="729" HierarchyLvlTypeId="5" Intrnl_Id="278" Name="equals">
<Header>
<Loc EndOffset="3525" SrcFileId="1" StartOffset="3479"/>
</Header>
<LocList>
<Loc EndOffset="3800" SrcFileId="1" StartOffset="3479"/>
</LocList>
<StmntSeq Intrnl_Id="279">
<LocList>
<Loc EndOffset="3592" SrcFileId="1" StartOffset="3539"/>
<Loc EndOffset="3710" SrcFileId="1" StartOffset="3604"/>
<Loc EndOffset="3744" SrcFileId="1" StartOffset="3722"/>
<Loc EndOffset="3793" SrcFileId="1" StartOffset="3756"/>
</LocList>
<CondStmnt CovItemId="S61" CovItemPrefix="Value.java" Intrnl_Id="280">
<Branch CovItemId="B47" CovItemPrefix="Value.java" Implct="false" Intrnl_Id="281">
<Cond/>
<LocList>
<Loc EndOffset="3592" SrcFileId="1" StartOffset="3554"/>
</LocList>
<StmntSeq Intrnl_Id="282">
<LocList>
<Loc EndOffset="3581" SrcFileId="1" StartOffset="3569"/>
</LocList>
<BasicStmnt CovItemId="S62" CovItemPrefix="Value.java" Intrnl_Id="283">
<LocList>
<Loc EndOffset="3581" SrcFileId="1" StartOffset="3569"/>
</LocList>
</BasicStmnt>
</StmntSeq>
</Branch>
<Branch CovItemId="B48" CovItemPrefix="Value.java" Implct="true" Intrnl_Id="284">
<Cond/>
<LocList/>
<StmntSeq Intrnl_Id="285">
<LocList/>
</StmntSeq>
</Branch>
<Keyword EndOffset="3541" SrcFileId="1" StartOffset="3539"/>
<LocList>
<Loc EndOffset="3592" SrcFileId="1" StartOffset="3539"/>
</LocList>
<RootTerm CovItemId="C24" CovItemPrefix="Value.java" Intrnl_Id="286">
<BasicBoolTerm Intrnl_Id="287">
<LocList>
<Loc EndOffset="3552" SrcFileId="1" StartOffset="3542"/>
</LocList>
</BasicBoolTerm>
</RootTerm>
</CondStmnt>
<CondStmnt CovItemId="S63" CovItemPrefix="Value.java" Intrnl_Id="288">
<Branch CovItemId="B49" CovItemPrefix="Value.java" Implct="false" Intrnl_Id="289">
<Cond/>
<LocList>
<Loc EndOffset="3710" SrcFileId="1" StartOffset="3671"/>
</LocList>
<StmntSeq Intrnl_Id="290">
<LocList>
<Loc EndOffset="3699" SrcFileId="1" StartOffset="3686"/>
</LocList>
<BasicStmnt CovItemId="S64" CovItemPrefix="Value.java" Intrnl_Id="291">
<LocList>
<Loc EndOffset="3699" SrcFileId="1" StartOffset="3686"/>
</LocList>
</BasicStmnt>
</StmntSeq>
</Branch>
<Branch CovItemId="B50" CovItemPrefix="Value.java" Implct="true" Intrnl_Id="292">
<Cond/>
<LocList/>
<StmntSeq Intrnl_Id="293">
<LocList/>
</StmntSeq>
</Branch>
<Keyword EndOffset="3606" SrcFileId="1" StartOffset="3604"/>
<LocList>
<Loc EndOffset="3710" SrcFileId="1" StartOffset="3604"/>
</LocList>
<RootTerm CovItemId="C25" CovItemPrefix="Value.java" Intrnl_Id="294">
<OpTerm BooleanOpId="3" Intrnl_Id="295">
<OpTerm BooleanOpId="3" Intrnl_Id="296">
<BasicBoolTerm Intrnl_Id="297">
<LocList>
<Loc EndOffset="3620" SrcFileId="1" StartOffset="3607"/>
</LocList>
</BasicBoolTerm>
<BasicBoolTerm Intrnl_Id="298">
<LocList>
<Loc EndOffset="3633" SrcFileId="1" StartOffset="3624"/>
</LocList>
</BasicBoolTerm>
<LocList>
<Loc EndOffset="3623" SrcFileId="1" StartOffset="3621"/>
</LocList>
</OpTerm>
<BasicBoolTerm Intrnl_Id="299">
<LocList>
<Loc EndOffset="3669" SrcFileId="1" StartOffset="3637"/>
</LocList>
</BasicBoolTerm>
<LocList>
<Loc EndOffset="3636" SrcFileId="1" StartOffset="3634"/>
</LocList>
</OpTerm>
</RootTerm>
</CondStmnt>
<BasicStmnt CovItemId="S65" CovItemPrefix="Value.java" Intrnl_Id="300">
<LocList>
<Loc EndOffset="3744" SrcFileId="1" StartOffset="3722"/>
</LocList>
</BasicStmnt>
<BasicStmnt CovItemId="S66" CovItemPrefix="Value.java" Intrnl_Id="301">
<LocList>
<Loc EndOffset="3793" SrcFileId="1" StartOffset="3756"/>
</LocList>
</BasicStmnt>
</StmntSeq>
</HierarchyLvl>
<HierarchyLvl HierarchyLvlId="730" HierarchyLvlTypeId="5" Intrnl_Id="302" Name="toString">
<Header>
<Loc EndOffset="3847" SrcFileId="1" StartOffset="3808"/>
</Header>
<LocList>
<Loc EndOffset="3895" SrcFileId="1" StartOffset="3808"/>
</LocList>
<StmntSeq Intrnl_Id="303">
<LocList>
<Loc EndOffset="3888" SrcFileId="1" StartOffset="3859"/>
</LocList>
<BasicStmnt CovItemId="S67" CovItemPrefix="Value.java" Intrnl_Id="304">
<LocList>
<Loc EndOffset="3888" SrcFileId="1" StartOffset="3859"/>
</LocList>
</BasicStmnt>
</StmntSeq>
</HierarchyLvl>
</HierarchyLvl>
</HierarchyLvl>
</MASTRoot>
</TestSessionContainer>
