<?xml version="1.0" encoding="UTF-8"?><TestSessionContainer xmlns="http://www.codecover.org/xml/testsession-container" Date="1369139539373" TestSessionContainerId="c9ea2fba-d59d-4991-97da-4f2c3c0cdf25" version="1.0">
<SrcFileList>
<SrcFile Content="//latex start Value&#13;&#10;public class Value {&#13;&#10;&#9;public static Value VOID = new Value(new Object());&#13;&#10;&#13;&#10;    final Object value;&#13;&#10;&#13;&#10;    public Value(Object value) {&#13;&#10;        this.value = value;&#13;&#10;    }&#13;&#10;    &#13;&#10;    //Default constructor returns empty but not null value object&#13;&#10;    public Value()&#13;&#10;    {&#13;&#10;    &#9;this.value = &quot;&quot;;&#13;&#10;    }&#13;&#10;//latex end&#13;&#10;&#13;&#10;//latex start isType&#13;&#10;    //Check if value is double&#13;&#10;    public boolean isDouble() &#13;&#10;    {&#13;&#10;    &#9;//If value matches the regular expressions, it must a double&#13;&#10;&#9;&#9;if(this.toString().matches(&quot;((-)?[0-9]+)\\.([0-9]){1,2}&quot;))&#13;&#10;&#9;&#9;{&#13;&#10;&#9;&#9;&#9;return true;&#13;&#10;&#9;&#9;}&#13;&#10;&#9;&#9;return false;&#13;&#10;    }&#13;&#10;    &#13;&#10;    //Check if value is type int&#13;&#10;    public boolean isInt()&#13;&#10;    {&#13;&#10;    &#9;//The vale must match the regular expression, or be HIGH, LOW, OUTPUT or INPUT&#13;&#10;&#9;&#9;if(this.toString().matches(&quot;(-)?[0-9]+&quot;) || this.toString().equals(&quot;HIGH&quot;) || this.toString().equals(&quot;LOW&quot;) || this.toString().equals(&quot;INPUT&quot;) || this.toString().equals(&quot;OUTPUT&quot;))&#13;&#10;&#9;&#9;{&#13;&#10;&#9;&#9;&#9;return true;&#13;&#10;&#9;&#9;}&#13;&#10;&#9;&#9;return false;&#13;&#10;    }&#13;&#10;//latex end    &#13;&#10;    public boolean isDrink()&#13;&#10;    {&#13;&#10;&#9;&#9;if(this.toString().equals(&quot;drink&quot;))&#13;&#10;&#9;&#9;{&#13;&#10;&#9;&#9;&#9;return true;&#13;&#10;&#9;&#9;}&#13;&#10;&#9;&#9;return false;&#13;&#10;    }&#13;&#10;    &#13;&#10;    //A value is numeric if it is either a double or int&#13;&#10;    public boolean isNumeric()&#13;&#10;    {&#13;&#10;    &#9;if(this.isInt() || this.isDouble() || this.toString().equals(&quot;int&quot;) || this.toString().equals(&quot;double&quot;))&#13;&#10;    &#9;{&#13;&#10;    &#9;&#9;return true;&#13;&#10;    &#9;}&#13;&#10;    &#9;return false;&#13;&#10;    }&#13;&#10;    &#13;&#10;    //Returns ture if the value is a numeric expression&#13;&#10;    public boolean isNumericExpression()&#13;&#10;    {    &#9;&#13;&#10;    &#9;String StringToVerify = this.toString();&#13;&#10;    &#9;&#13;&#10;    &#9;if(StringToVerify.contains(&quot;(&quot;))&#13;&#10;    &#9;{&#13;&#10;    &#9;&#9;StringToVerify = StringToVerify.replace(&quot;(&quot;, &quot;&quot;);&#13;&#10;    &#9;}&#13;&#10;    &#9;&#13;&#10;    &#9;if(StringToVerify.contains(&quot;)&quot;))&#13;&#10;    &#9;{&#13;&#10;    &#9;&#9;StringToVerify = StringToVerify.replace(&quot;)&quot;, &quot;&quot;);&#13;&#10;    &#9;}&#13;&#10;    &#9;&#13;&#10;    &#9;if(StringToVerify.matches(&quot;(-)?[0-9]+(\\.[0-9]{1,2})?((\\+|\\-|\\*|\\/)[0-9]+(\\.[0-9]{1,2})?)*&quot;))&#13;&#10;    &#9;{&#13;&#10;    &#9;&#9;return true;&#13;&#10;    &#9;}&#13;&#10;    &#9;return false;&#13;&#10;    }&#13;&#10;    &#13;&#10;    public boolean isChar()&#13;&#10;    {&#13;&#10;&#9;&#9;if(this.toString().length() != 3 || &#13;&#10;&#9;&#9;   this.toString().charAt(0) != '\'' || &#13;&#10;&#9;&#9;   this.toString().charAt(this.toString().length()-1) != '\'')&#13;&#10;&#9;&#9;{&#13;&#10;&#9;&#9;&#9;return false;&#13;&#10;&#9;&#9;}&#13;&#10;&#9;&#9;return true;&#13;&#10;    }&#13;&#10;    &#13;&#10;    public boolean isString()&#13;&#10;    {&#13;&#10;    &#9;if(this.toString().length() &lt; 2)&#13;&#10;    &#9;{&#13;&#10;    &#9;&#9;return false;&#13;&#10;    &#9;}&#13;&#10;    &#9;else if(this.toString().charAt(0) != '&quot;'|| this.toString().charAt(this.toString().length()-1) != '&quot;')&#13;&#10;&#9;&#9;{&#13;&#10;&#9;&#9;&#9;return false;&#13;&#10;&#9;&#9;}&#13;&#10;&#9;&#9;return true;&#13;&#10;    }&#13;&#10;    &#13;&#10;    public boolean isBool()&#13;&#10;    {&#13;&#10;    &#9;if(this.toString().equals(&quot;true&quot;) || this.toString().equals(&quot;false&quot;))&#13;&#10;    &#9;{&#13;&#10;    &#9;&#9;return true;&#13;&#10;    &#9;}&#13;&#10;    &#9;return false;&#13;&#10;    }&#13;&#10;    &#13;&#10;    public boolean isContainer()&#13;&#10;    {&#13;&#10;    &#9;if(this.toString().matches(&quot;((1?[0-3])|([0-9]))|A[0-5]&quot;) || this.toString().equals(&quot;container&quot;))&#13;&#10;    &#9;{&#13;&#10;    &#9;&#9;return true;&#13;&#10;    &#9;}&#13;&#10;    &#9;return false;&#13;&#10;    }&#13;&#10;    &#13;&#10;    //Checks two value if they are the same type, else returns false&#13;&#10;    public boolean isSameType(Value val)&#13;&#10;    {&#13;&#10;    &#9;if(this.isBool() &amp;&amp; val.isBool())&#13;&#10;    &#9;{&#13;&#10;    &#9;&#9;return true;&#13;&#10;    &#9;}&#13;&#10;    &#9;if(this.isContainer() &amp;&amp; val.isContainer())&#13;&#10;    &#9;{&#13;&#10;    &#9;&#9;return true;&#13;&#10;    &#9;}&#13;&#10;    &#9;else if(this.isChar() &amp;&amp; val.isChar())&#13;&#10;    &#9;{&#13;&#10;    &#9;&#9;return true;&#13;&#10;    &#9;}&#13;&#10;    &#9;else if(this.isNumeric() &amp;&amp; val.isNumeric() || this.isNumeric() &amp;&amp; val.isNumericExpression())&#13;&#10;    &#9;{&#13;&#10;    &#9;&#9;return true;&#13;&#10;    &#9;}&#13;&#10;    &#9;else if(this.isString() &amp;&amp; val.isString())&#13;&#10;    &#9;{&#13;&#10;    &#9;&#9;return true;&#13;&#10;    &#9;}&#13;&#10;    &#9;else if(this.isDrink() &amp;&amp; val.isDrink())&#13;&#10;    &#9;{&#13;&#10;    &#9;&#9;return true;&#13;&#10;    &#9;}&#13;&#10;    &#9;&#13;&#10;    &#9;return false;&#13;&#10;    }&#13;&#10;    &#13;&#10;    //Returns the type of the value represented as string&#13;&#10;    public String GetType()&#13;&#10;    {&#13;&#10;    &#9;if(this.isBool() || this.toString().equals(&quot;bool&quot;))&#13;&#10;    &#9;{&#13;&#10;    &#9;&#9;return &quot;bool&quot;;&#13;&#10;    &#9;}&#13;&#10;    &#9;else if(this.toString().equals(&quot;container&quot;) || this.isContainer())&#13;&#10;    &#9;{&#13;&#10;    &#9;&#9;return &quot;container&quot;;&#13;&#10;    &#9;}&#13;&#10;    &#9;else if(this.isInt() || this.toString().equals(&quot;int&quot;))&#13;&#10;    &#9;{&#13;&#10;    &#9;&#9;return &quot;int&quot;;&#13;&#10;    &#9;}&#13;&#10;    &#9;else if(this.isDouble() || this.toString().equals(&quot;double&quot;))&#13;&#10;    &#9;{&#13;&#10;    &#9;&#9;return &quot;double&quot;;&#13;&#10;    &#9;}&#13;&#10;    &#9;else if(this.isChar() || this.toString().equals(&quot;char&quot;))&#13;&#10;    &#9;{&#13;&#10;    &#9;&#9;return &quot;char&quot;;&#13;&#10;    &#9;}&#13;&#10;    &#9;else if(this.isString() || this.toString().equals(&quot;string&quot;))&#13;&#10;    &#9;{&#13;&#10;    &#9;&#9;return &quot;string&quot;;&#13;&#10;    &#9;}&#13;&#10;    &#9;else if(this.toString().equals(&quot;drink&quot;))&#13;&#10;    &#9;{&#13;&#10;    &#9;&#9;return &quot;drink&quot;;&#13;&#10;    &#9;}&#13;&#10;    &#9;else&#13;&#10;    &#9;{&#13;&#10;    &#9;&#9;return null;&#13;&#10;    &#9;}&#13;&#10;    }&#13;&#10;&#13;&#10;    @Override&#13;&#10;    public String toString() {&#13;&#10;        return String.valueOf(value);&#13;&#10;    }&#13;&#10;}&#13;&#10;" Filename="Value.java" Intrnl_Id="1"/>
</SrcFileList>
<CritList>
<CritListEntry Name="org.codecover.model.utils.criteria.BranchCoverage" PluginName="org.codecover"/>
<CritListEntry Name="org.codecover.model.utils.criteria.ConditionCoverage" PluginName="org.codecover"/>
<CritListEntry Name="org.codecover.model.utils.criteria.StatementCoverage" PluginName="org.codecover"/>
</CritList>
<BoolOpList>
<BoolOp Arity="2" Intrnl_Id="2" Name="conditional and (&amp;&amp;)">
<BoolAssgnmntBoolMapList>
<MapEntry BoolAssgnmnt="10" Value="false"/>
<MapEntry BoolAssgnmnt="02" Value="false"/>
<MapEntry BoolAssgnmnt="11" Value="true"/>
</BoolAssgnmntBoolMapList>
</BoolOp>
<BoolOp Arity="2" Intrnl_Id="3" Name="conditional or (||)">
<BoolAssgnmntBoolMapList>
<MapEntry BoolAssgnmnt="01" Value="true"/>
<MapEntry BoolAssgnmnt="00" Value="false"/>
<MapEntry BoolAssgnmnt="12" Value="true"/>
</BoolAssgnmntBoolMapList>
</BoolOp>
</BoolOpList>
<HierarchyLvlTypeList>
<HierarchyLvlType EnglishName="class" IntrnlName="class" Intrnl_Id="4"/>
<HierarchyLvlType EnglishName="method" IntrnlName="method" Intrnl_Id="5"/>
<HierarchyLvlType EnglishName="default package" IntrnlName="default package" Intrnl_Id="6"/>
</HierarchyLvlTypeList>
<MASTRoot>
<HierarchyLvl HierarchyLvlId="129" HierarchyLvlTypeId="6" Intrnl_Id="7" Name="default package">
<Header/>
<LocList/>
<HierarchyLvl HierarchyLvlId="128" HierarchyLvlTypeId="4" Intrnl_Id="8" Name="Value">
<Header>
<Loc EndOffset="39" SrcFileId="1" StartOffset="21"/>
</Header>
<LocList>
<Loc EndOffset="4590" SrcFileId="1" StartOffset="21"/>
</LocList>
<StmntSeq Intrnl_Id="9">
<LocList>
<Loc EndOffset="95" SrcFileId="1" StartOffset="44"/>
</LocList>
<BasicStmnt CovItemId="S1" CovItemPrefix="Value.java" Intrnl_Id="10">
<LocList>
<Loc EndOffset="95" SrcFileId="1" StartOffset="44"/>
</LocList>
</BasicStmnt>
</StmntSeq>
<HierarchyLvl HierarchyLvlId="114" HierarchyLvlTypeId="5" Intrnl_Id="11" Name="Value">
<Header>
<Loc EndOffset="156" SrcFileId="1" StartOffset="130"/>
</Header>
<LocList>
<Loc EndOffset="194" SrcFileId="1" StartOffset="130"/>
</LocList>
<StmntSeq Intrnl_Id="12">
<LocList>
<Loc EndOffset="187" SrcFileId="1" StartOffset="168"/>
</LocList>
<BasicStmnt CovItemId="S2" CovItemPrefix="Value.java" Intrnl_Id="13">
<LocList>
<Loc EndOffset="187" SrcFileId="1" StartOffset="168"/>
</LocList>
</BasicStmnt>
</StmntSeq>
</HierarchyLvl>
<HierarchyLvl HierarchyLvlId="115" HierarchyLvlTypeId="5" Intrnl_Id="14" Name="Value">
<Header>
<Loc EndOffset="287" SrcFileId="1" StartOffset="273"/>
</Header>
<LocList>
<Loc EndOffset="324" SrcFileId="1" StartOffset="273"/>
</LocList>
<StmntSeq Intrnl_Id="15">
<LocList>
<Loc EndOffset="317" SrcFileId="1" StartOffset="301"/>
</LocList>
<BasicStmnt CovItemId="S3" CovItemPrefix="Value.java" Intrnl_Id="16">
<LocList>
<Loc EndOffset="317" SrcFileId="1" StartOffset="301"/>
</LocList>
</BasicStmnt>
</StmntSeq>
</HierarchyLvl>
<HierarchyLvl HierarchyLvlId="116" HierarchyLvlTypeId="5" Intrnl_Id="17" Name="isDouble">
<Header>
<Loc EndOffset="424" SrcFileId="1" StartOffset="399"/>
</Header>
<LocList>
<Loc EndOffset="612" SrcFileId="1" StartOffset="399"/>
</LocList>
<StmntSeq Intrnl_Id="18">
<LocList>
<Loc EndOffset="588" SrcFileId="1" StartOffset="503"/>
<Loc EndOffset="605" SrcFileId="1" StartOffset="592"/>
</LocList>
<CondStmnt CovItemId="S4" CovItemPrefix="Value.java" Intrnl_Id="19">
<Branch CovItemId="B1" CovItemPrefix="Value.java" Implct="false" Intrnl_Id="20">
<Cond/>
<LocList>
<Loc EndOffset="588" SrcFileId="1" StartOffset="565"/>
</LocList>
<StmntSeq Intrnl_Id="21">
<LocList>
<Loc EndOffset="583" SrcFileId="1" StartOffset="571"/>
</LocList>
<BasicStmnt CovItemId="S5" CovItemPrefix="Value.java" Intrnl_Id="22">
<LocList>
<Loc EndOffset="583" SrcFileId="1" StartOffset="571"/>
</LocList>
</BasicStmnt>
</StmntSeq>
</Branch>
<Branch CovItemId="B2" CovItemPrefix="Value.java" Implct="true" Intrnl_Id="23">
<Cond/>
<LocList/>
<StmntSeq Intrnl_Id="24">
<LocList/>
</StmntSeq>
</Branch>
<Keyword EndOffset="505" SrcFileId="1" StartOffset="503"/>
<LocList>
<Loc EndOffset="588" SrcFileId="1" StartOffset="503"/>
</LocList>
<RootTerm CovItemId="C1" CovItemPrefix="Value.java" Intrnl_Id="25">
<BasicBoolTerm Intrnl_Id="26">
<LocList>
<Loc EndOffset="560" SrcFileId="1" StartOffset="506"/>
</LocList>
</BasicBoolTerm>
</RootTerm>
</CondStmnt>
<BasicStmnt CovItemId="S6" CovItemPrefix="Value.java" Intrnl_Id="27">
<LocList>
<Loc EndOffset="605" SrcFileId="1" StartOffset="592"/>
</LocList>
</BasicStmnt>
</StmntSeq>
</HierarchyLvl>
<HierarchyLvl HierarchyLvlId="117" HierarchyLvlTypeId="5" Intrnl_Id="28" Name="isInt">
<Header>
<Loc EndOffset="680" SrcFileId="1" StartOffset="658"/>
</Header>
<LocList>
<Loc EndOffset="1006" SrcFileId="1" StartOffset="658"/>
</LocList>
<StmntSeq Intrnl_Id="29">
<LocList>
<Loc EndOffset="982" SrcFileId="1" StartOffset="776"/>
<Loc EndOffset="999" SrcFileId="1" StartOffset="986"/>
</LocList>
<CondStmnt CovItemId="S7" CovItemPrefix="Value.java" Intrnl_Id="30">
<Branch CovItemId="B3" CovItemPrefix="Value.java" Implct="false" Intrnl_Id="31">
<Cond/>
<LocList>
<Loc EndOffset="982" SrcFileId="1" StartOffset="959"/>
</LocList>
<StmntSeq Intrnl_Id="32">
<LocList>
<Loc EndOffset="977" SrcFileId="1" StartOffset="965"/>
</LocList>
<BasicStmnt CovItemId="S8" CovItemPrefix="Value.java" Intrnl_Id="33">
<LocList>
<Loc EndOffset="977" SrcFileId="1" StartOffset="965"/>
</LocList>
</BasicStmnt>
</StmntSeq>
</Branch>
<Branch CovItemId="B4" CovItemPrefix="Value.java" Implct="true" Intrnl_Id="34">
<Cond/>
<LocList/>
<StmntSeq Intrnl_Id="35">
<LocList/>
</StmntSeq>
</Branch>
<Keyword EndOffset="778" SrcFileId="1" StartOffset="776"/>
<LocList>
<Loc EndOffset="982" SrcFileId="1" StartOffset="776"/>
</LocList>
<RootTerm CovItemId="C2" CovItemPrefix="Value.java" Intrnl_Id="36">
<OpTerm BooleanOpId="3" Intrnl_Id="37">
<OpTerm BooleanOpId="3" Intrnl_Id="38">
<OpTerm BooleanOpId="3" Intrnl_Id="39">
<OpTerm BooleanOpId="3" Intrnl_Id="40">
<BasicBoolTerm Intrnl_Id="41">
<LocList>
<Loc EndOffset="816" SrcFileId="1" StartOffset="779"/>
</LocList>
</BasicBoolTerm>
<BasicBoolTerm Intrnl_Id="42">
<LocList>
<Loc EndOffset="850" SrcFileId="1" StartOffset="820"/>
</LocList>
</BasicBoolTerm>
<LocList>
<Loc EndOffset="819" SrcFileId="1" StartOffset="817"/>
</LocList>
</OpTerm>
<BasicBoolTerm Intrnl_Id="43">
<LocList>
<Loc EndOffset="883" SrcFileId="1" StartOffset="854"/>
</LocList>
</BasicBoolTerm>
<LocList>
<Loc EndOffset="853" SrcFileId="1" StartOffset="851"/>
</LocList>
</OpTerm>
<BasicBoolTerm Intrnl_Id="44">
<LocList>
<Loc EndOffset="918" SrcFileId="1" StartOffset="887"/>
</LocList>
</BasicBoolTerm>
<LocList>
<Loc EndOffset="886" SrcFileId="1" StartOffset="884"/>
</LocList>
</OpTerm>
<BasicBoolTerm Intrnl_Id="45">
<LocList>
<Loc EndOffset="954" SrcFileId="1" StartOffset="922"/>
</LocList>
</BasicBoolTerm>
<LocList>
<Loc EndOffset="921" SrcFileId="1" StartOffset="919"/>
</LocList>
</OpTerm>
</RootTerm>
</CondStmnt>
<BasicStmnt CovItemId="S9" CovItemPrefix="Value.java" Intrnl_Id="46">
<LocList>
<Loc EndOffset="999" SrcFileId="1" StartOffset="986"/>
</LocList>
</BasicStmnt>
</StmntSeq>
</HierarchyLvl>
<HierarchyLvl HierarchyLvlId="118" HierarchyLvlTypeId="5" Intrnl_Id="47" Name="isDrink">
<Header>
<Loc EndOffset="1053" SrcFileId="1" StartOffset="1029"/>
</Header>
<LocList>
<Loc EndOffset="1150" SrcFileId="1" StartOffset="1029"/>
</LocList>
<StmntSeq Intrnl_Id="48">
<LocList>
<Loc EndOffset="1126" SrcFileId="1" StartOffset="1064"/>
<Loc EndOffset="1143" SrcFileId="1" StartOffset="1130"/>
</LocList>
<CondStmnt CovItemId="S10" CovItemPrefix="Value.java" Intrnl_Id="49">
<Branch CovItemId="B5" CovItemPrefix="Value.java" Implct="false" Intrnl_Id="50">
<Cond/>
<LocList>
<Loc EndOffset="1126" SrcFileId="1" StartOffset="1103"/>
</LocList>
<StmntSeq Intrnl_Id="51">
<LocList>
<Loc EndOffset="1121" SrcFileId="1" StartOffset="1109"/>
</LocList>
<BasicStmnt CovItemId="S11" CovItemPrefix="Value.java" Intrnl_Id="52">
<LocList>
<Loc EndOffset="1121" SrcFileId="1" StartOffset="1109"/>
</LocList>
</BasicStmnt>
</StmntSeq>
</Branch>
<Branch CovItemId="B6" CovItemPrefix="Value.java" Implct="true" Intrnl_Id="53">
<Cond/>
<LocList/>
<StmntSeq Intrnl_Id="54">
<LocList/>
</StmntSeq>
</Branch>
<Keyword EndOffset="1066" SrcFileId="1" StartOffset="1064"/>
<LocList>
<Loc EndOffset="1126" SrcFileId="1" StartOffset="1064"/>
</LocList>
<RootTerm CovItemId="C3" CovItemPrefix="Value.java" Intrnl_Id="55">
<BasicBoolTerm Intrnl_Id="56">
<LocList>
<Loc EndOffset="1098" SrcFileId="1" StartOffset="1067"/>
</LocList>
</BasicBoolTerm>
</RootTerm>
</CondStmnt>
<BasicStmnt CovItemId="S12" CovItemPrefix="Value.java" Intrnl_Id="57">
<LocList>
<Loc EndOffset="1143" SrcFileId="1" StartOffset="1130"/>
</LocList>
</BasicStmnt>
</StmntSeq>
</HierarchyLvl>
<HierarchyLvl HierarchyLvlId="119" HierarchyLvlTypeId="5" Intrnl_Id="58" Name="isNumeric">
<Header>
<Loc EndOffset="1246" SrcFileId="1" StartOffset="1220"/>
</Header>
<LocList>
<Loc EndOffset="1427" SrcFileId="1" StartOffset="1220"/>
</LocList>
<StmntSeq Intrnl_Id="59">
<LocList>
<Loc EndOffset="1400" SrcFileId="1" StartOffset="1260"/>
<Loc EndOffset="1420" SrcFileId="1" StartOffset="1407"/>
</LocList>
<CondStmnt CovItemId="S13" CovItemPrefix="Value.java" Intrnl_Id="60">
<Branch CovItemId="B7" CovItemPrefix="Value.java" Implct="false" Intrnl_Id="61">
<Cond/>
<LocList>
<Loc EndOffset="1400" SrcFileId="1" StartOffset="1371"/>
</LocList>
<StmntSeq Intrnl_Id="62">
<LocList>
<Loc EndOffset="1392" SrcFileId="1" StartOffset="1380"/>
</LocList>
<BasicStmnt CovItemId="S14" CovItemPrefix="Value.java" Intrnl_Id="63">
<LocList>
<Loc EndOffset="1392" SrcFileId="1" StartOffset="1380"/>
</LocList>
</BasicStmnt>
</StmntSeq>
</Branch>
<Branch CovItemId="B8" CovItemPrefix="Value.java" Implct="true" Intrnl_Id="64">
<Cond/>
<LocList/>
<StmntSeq Intrnl_Id="65">
<LocList/>
</StmntSeq>
</Branch>
<Keyword EndOffset="1262" SrcFileId="1" StartOffset="1260"/>
<LocList>
<Loc EndOffset="1400" SrcFileId="1" StartOffset="1260"/>
</LocList>
<RootTerm CovItemId="C4" CovItemPrefix="Value.java" Intrnl_Id="66">
<OpTerm BooleanOpId="3" Intrnl_Id="67">
<OpTerm BooleanOpId="3" Intrnl_Id="68">
<OpTerm BooleanOpId="3" Intrnl_Id="69">
<BasicBoolTerm Intrnl_Id="70">
<LocList>
<Loc EndOffset="1275" SrcFileId="1" StartOffset="1263"/>
</LocList>
</BasicBoolTerm>
<BasicBoolTerm Intrnl_Id="71">
<LocList>
<Loc EndOffset="1294" SrcFileId="1" StartOffset="1279"/>
</LocList>
</BasicBoolTerm>
<LocList>
<Loc EndOffset="1278" SrcFileId="1" StartOffset="1276"/>
</LocList>
</OpTerm>
<BasicBoolTerm Intrnl_Id="72">
<LocList>
<Loc EndOffset="1327" SrcFileId="1" StartOffset="1298"/>
</LocList>
</BasicBoolTerm>
<LocList>
<Loc EndOffset="1297" SrcFileId="1" StartOffset="1295"/>
</LocList>
</OpTerm>
<BasicBoolTerm Intrnl_Id="73">
<LocList>
<Loc EndOffset="1363" SrcFileId="1" StartOffset="1331"/>
</LocList>
</BasicBoolTerm>
<LocList>
<Loc EndOffset="1330" SrcFileId="1" StartOffset="1328"/>
</LocList>
</OpTerm>
</RootTerm>
</CondStmnt>
<BasicStmnt CovItemId="S15" CovItemPrefix="Value.java" Intrnl_Id="74">
<LocList>
<Loc EndOffset="1420" SrcFileId="1" StartOffset="1407"/>
</LocList>
</BasicStmnt>
</StmntSeq>
</HierarchyLvl>
<HierarchyLvl HierarchyLvlId="120" HierarchyLvlTypeId="5" Intrnl_Id="75" Name="isNumericExpression">
<Header>
<Loc EndOffset="1532" SrcFileId="1" StartOffset="1496"/>
</Header>
<LocList>
<Loc EndOffset="2004" SrcFileId="1" StartOffset="1496"/>
</LocList>
<StmntSeq Intrnl_Id="76">
<LocList>
<Loc EndOffset="1591" SrcFileId="1" StartOffset="1551"/>
<Loc EndOffset="1710" SrcFileId="1" StartOffset="1605"/>
<Loc EndOffset="1829" SrcFileId="1" StartOffset="1724"/>
<Loc EndOffset="1977" SrcFileId="1" StartOffset="1843"/>
<Loc EndOffset="1997" SrcFileId="1" StartOffset="1984"/>
</LocList>
<BasicStmnt CovItemId="S16" CovItemPrefix="Value.java" Intrnl_Id="77">
<LocList>
<Loc EndOffset="1591" SrcFileId="1" StartOffset="1551"/>
</LocList>
</BasicStmnt>
<CondStmnt CovItemId="S17" CovItemPrefix="Value.java" Intrnl_Id="78">
<Branch CovItemId="B9" CovItemPrefix="Value.java" Implct="false" Intrnl_Id="79">
<Cond/>
<LocList>
<Loc EndOffset="1710" SrcFileId="1" StartOffset="1644"/>
</LocList>
<StmntSeq Intrnl_Id="80">
<LocList>
<Loc EndOffset="1702" SrcFileId="1" StartOffset="1653"/>
</LocList>
<BasicStmnt CovItemId="S18" CovItemPrefix="Value.java" Intrnl_Id="81">
<LocList>
<Loc EndOffset="1702" SrcFileId="1" StartOffset="1653"/>
</LocList>
</BasicStmnt>
</StmntSeq>
</Branch>
<Branch CovItemId="B10" CovItemPrefix="Value.java" Implct="true" Intrnl_Id="82">
<Cond/>
<LocList/>
<StmntSeq Intrnl_Id="83">
<LocList/>
</StmntSeq>
</Branch>
<Keyword EndOffset="1607" SrcFileId="1" StartOffset="1605"/>
<LocList>
<Loc EndOffset="1710" SrcFileId="1" StartOffset="1605"/>
</LocList>
<RootTerm CovItemId="C5" CovItemPrefix="Value.java" Intrnl_Id="84">
<BasicBoolTerm Intrnl_Id="85">
<LocList>
<Loc EndOffset="1636" SrcFileId="1" StartOffset="1608"/>
</LocList>
</BasicBoolTerm>
</RootTerm>
</CondStmnt>
<CondStmnt CovItemId="S19" CovItemPrefix="Value.java" Intrnl_Id="86">
<Branch CovItemId="B11" CovItemPrefix="Value.java" Implct="false" Intrnl_Id="87">
<Cond/>
<LocList>
<Loc EndOffset="1829" SrcFileId="1" StartOffset="1763"/>
</LocList>
<StmntSeq Intrnl_Id="88">
<LocList>
<Loc EndOffset="1821" SrcFileId="1" StartOffset="1772"/>
</LocList>
<BasicStmnt CovItemId="S20" CovItemPrefix="Value.java" Intrnl_Id="89">
<LocList>
<Loc EndOffset="1821" SrcFileId="1" StartOffset="1772"/>
</LocList>
</BasicStmnt>
</StmntSeq>
</Branch>
<Branch CovItemId="B12" CovItemPrefix="Value.java" Implct="true" Intrnl_Id="90">
<Cond/>
<LocList/>
<StmntSeq Intrnl_Id="91">
<LocList/>
</StmntSeq>
</Branch>
<Keyword EndOffset="1726" SrcFileId="1" StartOffset="1724"/>
<LocList>
<Loc EndOffset="1829" SrcFileId="1" StartOffset="1724"/>
</LocList>
<RootTerm CovItemId="C6" CovItemPrefix="Value.java" Intrnl_Id="92">
<BasicBoolTerm Intrnl_Id="93">
<LocList>
<Loc EndOffset="1755" SrcFileId="1" StartOffset="1727"/>
</LocList>
</BasicBoolTerm>
</RootTerm>
</CondStmnt>
<CondStmnt CovItemId="S21" CovItemPrefix="Value.java" Intrnl_Id="94">
<Branch CovItemId="B13" CovItemPrefix="Value.java" Implct="false" Intrnl_Id="95">
<Cond/>
<LocList>
<Loc EndOffset="1977" SrcFileId="1" StartOffset="1948"/>
</LocList>
<StmntSeq Intrnl_Id="96">
<LocList>
<Loc EndOffset="1969" SrcFileId="1" StartOffset="1957"/>
</LocList>
<BasicStmnt CovItemId="S22" CovItemPrefix="Value.java" Intrnl_Id="97">
<LocList>
<Loc EndOffset="1969" SrcFileId="1" StartOffset="1957"/>
</LocList>
</BasicStmnt>
</StmntSeq>
</Branch>
<Branch CovItemId="B14" CovItemPrefix="Value.java" Implct="true" Intrnl_Id="98">
<Cond/>
<LocList/>
<StmntSeq Intrnl_Id="99">
<LocList/>
</StmntSeq>
</Branch>
<Keyword EndOffset="1845" SrcFileId="1" StartOffset="1843"/>
<LocList>
<Loc EndOffset="1977" SrcFileId="1" StartOffset="1843"/>
</LocList>
<RootTerm CovItemId="C7" CovItemPrefix="Value.java" Intrnl_Id="100">
<BasicBoolTerm Intrnl_Id="101">
<LocList>
<Loc EndOffset="1940" SrcFileId="1" StartOffset="1846"/>
</LocList>
</BasicBoolTerm>
</RootTerm>
</CondStmnt>
<BasicStmnt CovItemId="S23" CovItemPrefix="Value.java" Intrnl_Id="102">
<LocList>
<Loc EndOffset="1997" SrcFileId="1" StartOffset="1984"/>
</LocList>
</BasicStmnt>
</StmntSeq>
</HierarchyLvl>
<HierarchyLvl HierarchyLvlId="121" HierarchyLvlTypeId="5" Intrnl_Id="103" Name="isChar">
<Header>
<Loc EndOffset="2039" SrcFileId="1" StartOffset="2016"/>
</Header>
<LocList>
<Loc EndOffset="2247" SrcFileId="1" StartOffset="2016"/>
</LocList>
<StmntSeq Intrnl_Id="104">
<LocList>
<Loc EndOffset="2224" SrcFileId="1" StartOffset="2050"/>
<Loc EndOffset="2240" SrcFileId="1" StartOffset="2228"/>
</LocList>
<CondStmnt CovItemId="S24" CovItemPrefix="Value.java" Intrnl_Id="105">
<Branch CovItemId="B15" CovItemPrefix="Value.java" Implct="false" Intrnl_Id="106">
<Cond/>
<LocList>
<Loc EndOffset="2224" SrcFileId="1" StartOffset="2200"/>
</LocList>
<StmntSeq Intrnl_Id="107">
<LocList>
<Loc EndOffset="2219" SrcFileId="1" StartOffset="2206"/>
</LocList>
<BasicStmnt CovItemId="S25" CovItemPrefix="Value.java" Intrnl_Id="108">
<LocList>
<Loc EndOffset="2219" SrcFileId="1" StartOffset="2206"/>
</LocList>
</BasicStmnt>
</StmntSeq>
</Branch>
<Branch CovItemId="B16" CovItemPrefix="Value.java" Implct="true" Intrnl_Id="109">
<Cond/>
<LocList/>
<StmntSeq Intrnl_Id="110">
<LocList/>
</StmntSeq>
</Branch>
<Keyword EndOffset="2052" SrcFileId="1" StartOffset="2050"/>
<LocList>
<Loc EndOffset="2224" SrcFileId="1" StartOffset="2050"/>
</LocList>
<RootTerm CovItemId="C8" CovItemPrefix="Value.java" Intrnl_Id="111">
<OpTerm BooleanOpId="3" Intrnl_Id="112">
<OpTerm BooleanOpId="3" Intrnl_Id="113">
<BasicBoolTerm Intrnl_Id="114">
<LocList>
<Loc EndOffset="2082" SrcFileId="1" StartOffset="2053"/>
</LocList>
</BasicBoolTerm>
<BasicBoolTerm Intrnl_Id="115">
<LocList>
<Loc EndOffset="2126" SrcFileId="1" StartOffset="2093"/>
</LocList>
</BasicBoolTerm>
<LocList>
<Loc EndOffset="2085" SrcFileId="1" StartOffset="2083"/>
</LocList>
</OpTerm>
<BasicBoolTerm Intrnl_Id="116">
<LocList>
<Loc EndOffset="2195" SrcFileId="1" StartOffset="2137"/>
</LocList>
</BasicBoolTerm>
<LocList>
<Loc EndOffset="2129" SrcFileId="1" StartOffset="2127"/>
</LocList>
</OpTerm>
</RootTerm>
</CondStmnt>
<BasicStmnt CovItemId="S26" CovItemPrefix="Value.java" Intrnl_Id="117">
<LocList>
<Loc EndOffset="2240" SrcFileId="1" StartOffset="2228"/>
</LocList>
</BasicStmnt>
</StmntSeq>
</HierarchyLvl>
<HierarchyLvl HierarchyLvlId="122" HierarchyLvlTypeId="5" Intrnl_Id="118" Name="isString">
<Header>
<Loc EndOffset="2284" SrcFileId="1" StartOffset="2259"/>
</Header>
<LocList>
<Loc EndOffset="2526" SrcFileId="1" StartOffset="2259"/>
</LocList>
<StmntSeq Intrnl_Id="119">
<LocList>
<Loc EndOffset="2503" SrcFileId="1" StartOffset="2298"/>
<Loc EndOffset="2519" SrcFileId="1" StartOffset="2507"/>
</LocList>
<CondStmnt CovItemId="S27" CovItemPrefix="Value.java" Intrnl_Id="120">
<Branch CovItemId="B17" CovItemPrefix="Value.java" Implct="false" Intrnl_Id="121">
<Cond/>
<LocList>
<Loc EndOffset="2367" SrcFileId="1" StartOffset="2337"/>
</LocList>
<StmntSeq Intrnl_Id="122">
<LocList>
<Loc EndOffset="2359" SrcFileId="1" StartOffset="2346"/>
</LocList>
<BasicStmnt CovItemId="S28" CovItemPrefix="Value.java" Intrnl_Id="123">
<LocList>
<Loc EndOffset="2359" SrcFileId="1" StartOffset="2346"/>
</LocList>
</BasicStmnt>
</StmntSeq>
</Branch>
<Branch CovItemId="B18" CovItemPrefix="Value.java" Implct="false" Intrnl_Id="124">
<Cond>
<Loc EndOffset="2378" SrcFileId="1" StartOffset="2374"/>
</Cond>
<LocList>
<Loc EndOffset="2503" SrcFileId="1" StartOffset="2379"/>
</LocList>
<StmntSeq Intrnl_Id="125">
<LocList>
<Loc EndOffset="2503" SrcFileId="1" StartOffset="2379"/>
</LocList>
<CondStmnt CovItemId="S29" CovItemPrefix="Value.java" Intrnl_Id="126">
<Branch CovItemId="B19" CovItemPrefix="Value.java" Implct="false" Intrnl_Id="127">
<Cond/>
<LocList>
<Loc EndOffset="2503" SrcFileId="1" StartOffset="2479"/>
</LocList>
<StmntSeq Intrnl_Id="128">
<LocList>
<Loc EndOffset="2498" SrcFileId="1" StartOffset="2485"/>
</LocList>
<BasicStmnt CovItemId="S30" CovItemPrefix="Value.java" Intrnl_Id="129">
<LocList>
<Loc EndOffset="2498" SrcFileId="1" StartOffset="2485"/>
</LocList>
</BasicStmnt>
</StmntSeq>
</Branch>
<Branch CovItemId="B20" CovItemPrefix="Value.java" Implct="true" Intrnl_Id="130">
<Cond/>
<LocList/>
<StmntSeq Intrnl_Id="131">
<LocList/>
</StmntSeq>
</Branch>
<Keyword EndOffset="2381" SrcFileId="1" StartOffset="2379"/>
<LocList>
<Loc EndOffset="2503" SrcFileId="1" StartOffset="2379"/>
</LocList>
<RootTerm CovItemId="C10" CovItemPrefix="Value.java" Intrnl_Id="132">
<OpTerm BooleanOpId="3" Intrnl_Id="133">
<BasicBoolTerm Intrnl_Id="134">
<LocList>
<Loc EndOffset="2414" SrcFileId="1" StartOffset="2382"/>
</LocList>
</BasicBoolTerm>
<BasicBoolTerm Intrnl_Id="135">
<LocList>
<Loc EndOffset="2474" SrcFileId="1" StartOffset="2417"/>
</LocList>
</BasicBoolTerm>
<LocList>
<Loc EndOffset="2416" SrcFileId="1" StartOffset="2414"/>
</LocList>
</OpTerm>
</RootTerm>
</CondStmnt>
</StmntSeq>
</Branch>
<Keyword EndOffset="2300" SrcFileId="1" StartOffset="2298"/>
<LocList>
<Loc EndOffset="2503" SrcFileId="1" StartOffset="2298"/>
</LocList>
<RootTerm CovItemId="C9" CovItemPrefix="Value.java" Intrnl_Id="136">
<BasicBoolTerm Intrnl_Id="137">
<LocList>
<Loc EndOffset="2329" SrcFileId="1" StartOffset="2301"/>
</LocList>
</BasicBoolTerm>
</RootTerm>
</CondStmnt>
<BasicStmnt CovItemId="S31" CovItemPrefix="Value.java" Intrnl_Id="138">
<LocList>
<Loc EndOffset="2519" SrcFileId="1" StartOffset="2507"/>
</LocList>
</BasicStmnt>
</StmntSeq>
</HierarchyLvl>
<HierarchyLvl HierarchyLvlId="123" HierarchyLvlTypeId="5" Intrnl_Id="139" Name="isBool">
<Header>
<Loc EndOffset="2561" SrcFileId="1" StartOffset="2538"/>
</Header>
<LocList>
<Loc EndOffset="2707" SrcFileId="1" StartOffset="2538"/>
</LocList>
<StmntSeq Intrnl_Id="140">
<LocList>
<Loc EndOffset="2680" SrcFileId="1" StartOffset="2575"/>
<Loc EndOffset="2700" SrcFileId="1" StartOffset="2687"/>
</LocList>
<CondStmnt CovItemId="S32" CovItemPrefix="Value.java" Intrnl_Id="141">
<Branch CovItemId="B21" CovItemPrefix="Value.java" Implct="false" Intrnl_Id="142">
<Cond/>
<LocList>
<Loc EndOffset="2680" SrcFileId="1" StartOffset="2651"/>
</LocList>
<StmntSeq Intrnl_Id="143">
<LocList>
<Loc EndOffset="2672" SrcFileId="1" StartOffset="2660"/>
</LocList>
<BasicStmnt CovItemId="S33" CovItemPrefix="Value.java" Intrnl_Id="144">
<LocList>
<Loc EndOffset="2672" SrcFileId="1" StartOffset="2660"/>
</LocList>
</BasicStmnt>
</StmntSeq>
</Branch>
<Branch CovItemId="B22" CovItemPrefix="Value.java" Implct="true" Intrnl_Id="145">
<Cond/>
<LocList/>
<StmntSeq Intrnl_Id="146">
<LocList/>
</StmntSeq>
</Branch>
<Keyword EndOffset="2577" SrcFileId="1" StartOffset="2575"/>
<LocList>
<Loc EndOffset="2680" SrcFileId="1" StartOffset="2575"/>
</LocList>
<RootTerm CovItemId="C11" CovItemPrefix="Value.java" Intrnl_Id="147">
<OpTerm BooleanOpId="3" Intrnl_Id="148">
<BasicBoolTerm Intrnl_Id="149">
<LocList>
<Loc EndOffset="2608" SrcFileId="1" StartOffset="2578"/>
</LocList>
</BasicBoolTerm>
<BasicBoolTerm Intrnl_Id="150">
<LocList>
<Loc EndOffset="2643" SrcFileId="1" StartOffset="2612"/>
</LocList>
</BasicBoolTerm>
<LocList>
<Loc EndOffset="2611" SrcFileId="1" StartOffset="2609"/>
</LocList>
</OpTerm>
</RootTerm>
</CondStmnt>
<BasicStmnt CovItemId="S34" CovItemPrefix="Value.java" Intrnl_Id="151">
<LocList>
<Loc EndOffset="2700" SrcFileId="1" StartOffset="2687"/>
</LocList>
</BasicStmnt>
</StmntSeq>
</HierarchyLvl>
<HierarchyLvl HierarchyLvlId="124" HierarchyLvlTypeId="5" Intrnl_Id="152" Name="isContainer">
<Header>
<Loc EndOffset="2747" SrcFileId="1" StartOffset="2719"/>
</Header>
<LocList>
<Loc EndOffset="2920" SrcFileId="1" StartOffset="2719"/>
</LocList>
<StmntSeq Intrnl_Id="153">
<LocList>
<Loc EndOffset="2893" SrcFileId="1" StartOffset="2761"/>
<Loc EndOffset="2913" SrcFileId="1" StartOffset="2900"/>
</LocList>
<CondStmnt CovItemId="S35" CovItemPrefix="Value.java" Intrnl_Id="154">
<Branch CovItemId="B23" CovItemPrefix="Value.java" Implct="false" Intrnl_Id="155">
<Cond/>
<LocList>
<Loc EndOffset="2893" SrcFileId="1" StartOffset="2864"/>
</LocList>
<StmntSeq Intrnl_Id="156">
<LocList>
<Loc EndOffset="2885" SrcFileId="1" StartOffset="2873"/>
</LocList>
<BasicStmnt CovItemId="S36" CovItemPrefix="Value.java" Intrnl_Id="157">
<LocList>
<Loc EndOffset="2885" SrcFileId="1" StartOffset="2873"/>
</LocList>
</BasicStmnt>
</StmntSeq>
</Branch>
<Branch CovItemId="B24" CovItemPrefix="Value.java" Implct="true" Intrnl_Id="158">
<Cond/>
<LocList/>
<StmntSeq Intrnl_Id="159">
<LocList/>
</StmntSeq>
</Branch>
<Keyword EndOffset="2763" SrcFileId="1" StartOffset="2761"/>
<LocList>
<Loc EndOffset="2893" SrcFileId="1" StartOffset="2761"/>
</LocList>
<RootTerm CovItemId="C12" CovItemPrefix="Value.java" Intrnl_Id="160">
<OpTerm BooleanOpId="3" Intrnl_Id="161">
<BasicBoolTerm Intrnl_Id="162">
<LocList>
<Loc EndOffset="2817" SrcFileId="1" StartOffset="2764"/>
</LocList>
</BasicBoolTerm>
<BasicBoolTerm Intrnl_Id="163">
<LocList>
<Loc EndOffset="2856" SrcFileId="1" StartOffset="2821"/>
</LocList>
</BasicBoolTerm>
<LocList>
<Loc EndOffset="2820" SrcFileId="1" StartOffset="2818"/>
</LocList>
</OpTerm>
</RootTerm>
</CondStmnt>
<BasicStmnt CovItemId="S37" CovItemPrefix="Value.java" Intrnl_Id="164">
<LocList>
<Loc EndOffset="2913" SrcFileId="1" StartOffset="2900"/>
</LocList>
</BasicStmnt>
</StmntSeq>
</HierarchyLvl>
<HierarchyLvl HierarchyLvlId="125" HierarchyLvlTypeId="5" Intrnl_Id="165" Name="isSameType">
<Header>
<Loc EndOffset="3038" SrcFileId="1" StartOffset="3002"/>
</Header>
<LocList>
<Loc EndOffset="3626" SrcFileId="1" StartOffset="3002"/>
</LocList>
<StmntSeq Intrnl_Id="166">
<LocList>
<Loc EndOffset="3121" SrcFileId="1" StartOffset="3052"/>
<Loc EndOffset="3592" SrcFileId="1" StartOffset="3128"/>
<Loc EndOffset="3619" SrcFileId="1" StartOffset="3606"/>
</LocList>
<CondStmnt CovItemId="S38" CovItemPrefix="Value.java" Intrnl_Id="167">
<Branch CovItemId="B25" CovItemPrefix="Value.java" Implct="false" Intrnl_Id="168">
<Cond/>
<LocList>
<Loc EndOffset="3121" SrcFileId="1" StartOffset="3092"/>
</LocList>
<StmntSeq Intrnl_Id="169">
<LocList>
<Loc EndOffset="3113" SrcFileId="1" StartOffset="3101"/>
</LocList>
<BasicStmnt CovItemId="S39" CovItemPrefix="Value.java" Intrnl_Id="170">
<LocList>
<Loc EndOffset="3113" SrcFileId="1" StartOffset="3101"/>
</LocList>
</BasicStmnt>
</StmntSeq>
</Branch>
<Branch CovItemId="B26" CovItemPrefix="Value.java" Implct="true" Intrnl_Id="171">
<Cond/>
<LocList/>
<StmntSeq Intrnl_Id="172">
<LocList/>
</StmntSeq>
</Branch>
<Keyword EndOffset="3054" SrcFileId="1" StartOffset="3052"/>
<LocList>
<Loc EndOffset="3121" SrcFileId="1" StartOffset="3052"/>
</LocList>
<RootTerm CovItemId="C13" CovItemPrefix="Value.java" Intrnl_Id="173">
<OpTerm BooleanOpId="2" Intrnl_Id="174">
<BasicBoolTerm Intrnl_Id="175">
<LocList>
<Loc EndOffset="3068" SrcFileId="1" StartOffset="3055"/>
</LocList>
</BasicBoolTerm>
<BasicBoolTerm Intrnl_Id="176">
<LocList>
<Loc EndOffset="3084" SrcFileId="1" StartOffset="3072"/>
</LocList>
</BasicBoolTerm>
<LocList>
<Loc EndOffset="3071" SrcFileId="1" StartOffset="3069"/>
</LocList>
</OpTerm>
</RootTerm>
</CondStmnt>
<CondStmnt CovItemId="S40" CovItemPrefix="Value.java" Intrnl_Id="177">
<Branch CovItemId="B27" CovItemPrefix="Value.java" Implct="false" Intrnl_Id="178">
<Cond/>
<LocList>
<Loc EndOffset="3207" SrcFileId="1" StartOffset="3178"/>
</LocList>
<StmntSeq Intrnl_Id="179">
<LocList>
<Loc EndOffset="3199" SrcFileId="1" StartOffset="3187"/>
</LocList>
<BasicStmnt CovItemId="S41" CovItemPrefix="Value.java" Intrnl_Id="180">
<LocList>
<Loc EndOffset="3199" SrcFileId="1" StartOffset="3187"/>
</LocList>
</BasicStmnt>
</StmntSeq>
</Branch>
<Branch CovItemId="B28" CovItemPrefix="Value.java" Implct="false" Intrnl_Id="181">
<Cond>
<Loc EndOffset="3218" SrcFileId="1" StartOffset="3214"/>
</Cond>
<LocList>
<Loc EndOffset="3592" SrcFileId="1" StartOffset="3219"/>
</LocList>
<StmntSeq Intrnl_Id="182">
<LocList>
<Loc EndOffset="3592" SrcFileId="1" StartOffset="3219"/>
</LocList>
<CondStmnt CovItemId="S42" CovItemPrefix="Value.java" Intrnl_Id="183">
<Branch CovItemId="B29" CovItemPrefix="Value.java" Implct="false" Intrnl_Id="184">
<Cond/>
<LocList>
<Loc EndOffset="3288" SrcFileId="1" StartOffset="3259"/>
</LocList>
<StmntSeq Intrnl_Id="185">
<LocList>
<Loc EndOffset="3280" SrcFileId="1" StartOffset="3268"/>
</LocList>
<BasicStmnt CovItemId="S43" CovItemPrefix="Value.java" Intrnl_Id="186">
<LocList>
<Loc EndOffset="3280" SrcFileId="1" StartOffset="3268"/>
</LocList>
</BasicStmnt>
</StmntSeq>
</Branch>
<Branch CovItemId="B30" CovItemPrefix="Value.java" Implct="false" Intrnl_Id="187">
<Cond>
<Loc EndOffset="3299" SrcFileId="1" StartOffset="3295"/>
</Cond>
<LocList>
<Loc EndOffset="3592" SrcFileId="1" StartOffset="3300"/>
</LocList>
<StmntSeq Intrnl_Id="188">
<LocList>
<Loc EndOffset="3592" SrcFileId="1" StartOffset="3300"/>
</LocList>
<CondStmnt CovItemId="S44" CovItemPrefix="Value.java" Intrnl_Id="189">
<Branch CovItemId="B31" CovItemPrefix="Value.java" Implct="false" Intrnl_Id="190">
<Cond/>
<LocList>
<Loc EndOffset="3424" SrcFileId="1" StartOffset="3395"/>
</LocList>
<StmntSeq Intrnl_Id="191">
<LocList>
<Loc EndOffset="3416" SrcFileId="1" StartOffset="3404"/>
</LocList>
<BasicStmnt CovItemId="S45" CovItemPrefix="Value.java" Intrnl_Id="192">
<LocList>
<Loc EndOffset="3416" SrcFileId="1" StartOffset="3404"/>
</LocList>
</BasicStmnt>
</StmntSeq>
</Branch>
<Branch CovItemId="B32" CovItemPrefix="Value.java" Implct="false" Intrnl_Id="193">
<Cond>
<Loc EndOffset="3435" SrcFileId="1" StartOffset="3431"/>
</Cond>
<LocList>
<Loc EndOffset="3592" SrcFileId="1" StartOffset="3436"/>
</LocList>
<StmntSeq Intrnl_Id="194">
<LocList>
<Loc EndOffset="3592" SrcFileId="1" StartOffset="3436"/>
</LocList>
<CondStmnt CovItemId="S46" CovItemPrefix="Value.java" Intrnl_Id="195">
<Branch CovItemId="B33" CovItemPrefix="Value.java" Implct="false" Intrnl_Id="196">
<Cond/>
<LocList>
<Loc EndOffset="3509" SrcFileId="1" StartOffset="3480"/>
</LocList>
<StmntSeq Intrnl_Id="197">
<LocList>
<Loc EndOffset="3501" SrcFileId="1" StartOffset="3489"/>
</LocList>
<BasicStmnt CovItemId="S47" CovItemPrefix="Value.java" Intrnl_Id="198">
<LocList>
<Loc EndOffset="3501" SrcFileId="1" StartOffset="3489"/>
</LocList>
</BasicStmnt>
</StmntSeq>
</Branch>
<Branch CovItemId="B34" CovItemPrefix="Value.java" Implct="false" Intrnl_Id="199">
<Cond>
<Loc EndOffset="3520" SrcFileId="1" StartOffset="3516"/>
</Cond>
<LocList>
<Loc EndOffset="3592" SrcFileId="1" StartOffset="3521"/>
</LocList>
<StmntSeq Intrnl_Id="200">
<LocList>
<Loc EndOffset="3592" SrcFileId="1" StartOffset="3521"/>
</LocList>
<CondStmnt CovItemId="S48" CovItemPrefix="Value.java" Intrnl_Id="201">
<Branch CovItemId="B35" CovItemPrefix="Value.java" Implct="false" Intrnl_Id="202">
<Cond/>
<LocList>
<Loc EndOffset="3592" SrcFileId="1" StartOffset="3563"/>
</LocList>
<StmntSeq Intrnl_Id="203">
<LocList>
<Loc EndOffset="3584" SrcFileId="1" StartOffset="3572"/>
</LocList>
<BasicStmnt CovItemId="S49" CovItemPrefix="Value.java" Intrnl_Id="204">
<LocList>
<Loc EndOffset="3584" SrcFileId="1" StartOffset="3572"/>
</LocList>
</BasicStmnt>
</StmntSeq>
</Branch>
<Branch CovItemId="B36" CovItemPrefix="Value.java" Implct="true" Intrnl_Id="205">
<Cond/>
<LocList/>
<StmntSeq Intrnl_Id="206">
<LocList/>
</StmntSeq>
</Branch>
<Keyword EndOffset="3523" SrcFileId="1" StartOffset="3521"/>
<LocList>
<Loc EndOffset="3592" SrcFileId="1" StartOffset="3521"/>
</LocList>
<RootTerm CovItemId="C18" CovItemPrefix="Value.java" Intrnl_Id="207">
<OpTerm BooleanOpId="2" Intrnl_Id="208">
<BasicBoolTerm Intrnl_Id="209">
<LocList>
<Loc EndOffset="3538" SrcFileId="1" StartOffset="3524"/>
</LocList>
</BasicBoolTerm>
<BasicBoolTerm Intrnl_Id="210">
<LocList>
<Loc EndOffset="3555" SrcFileId="1" StartOffset="3542"/>
</LocList>
</BasicBoolTerm>
<LocList>
<Loc EndOffset="3541" SrcFileId="1" StartOffset="3539"/>
</LocList>
</OpTerm>
</RootTerm>
</CondStmnt>
</StmntSeq>
</Branch>
<Keyword EndOffset="3438" SrcFileId="1" StartOffset="3436"/>
<LocList>
<Loc EndOffset="3592" SrcFileId="1" StartOffset="3436"/>
</LocList>
<RootTerm CovItemId="C17" CovItemPrefix="Value.java" Intrnl_Id="211">
<OpTerm BooleanOpId="2" Intrnl_Id="212">
<BasicBoolTerm Intrnl_Id="213">
<LocList>
<Loc EndOffset="3454" SrcFileId="1" StartOffset="3439"/>
</LocList>
</BasicBoolTerm>
<BasicBoolTerm Intrnl_Id="214">
<LocList>
<Loc EndOffset="3472" SrcFileId="1" StartOffset="3458"/>
</LocList>
</BasicBoolTerm>
<LocList>
<Loc EndOffset="3457" SrcFileId="1" StartOffset="3455"/>
</LocList>
</OpTerm>
</RootTerm>
</CondStmnt>
</StmntSeq>
</Branch>
<Keyword EndOffset="3302" SrcFileId="1" StartOffset="3300"/>
<LocList>
<Loc EndOffset="3592" SrcFileId="1" StartOffset="3300"/>
</LocList>
<RootTerm CovItemId="C16" CovItemPrefix="Value.java" Intrnl_Id="215">
<OpTerm BooleanOpId="3" Intrnl_Id="216">
<OpTerm BooleanOpId="2" Intrnl_Id="217">
<BasicBoolTerm Intrnl_Id="218">
<LocList>
<Loc EndOffset="3319" SrcFileId="1" StartOffset="3303"/>
</LocList>
</BasicBoolTerm>
<BasicBoolTerm Intrnl_Id="219">
<LocList>
<Loc EndOffset="3338" SrcFileId="1" StartOffset="3323"/>
</LocList>
</BasicBoolTerm>
<LocList>
<Loc EndOffset="3322" SrcFileId="1" StartOffset="3320"/>
</LocList>
</OpTerm>
<OpTerm BooleanOpId="2" Intrnl_Id="220">
<BasicBoolTerm Intrnl_Id="221">
<LocList>
<Loc EndOffset="3358" SrcFileId="1" StartOffset="3342"/>
</LocList>
</BasicBoolTerm>
<BasicBoolTerm Intrnl_Id="222">
<LocList>
<Loc EndOffset="3387" SrcFileId="1" StartOffset="3362"/>
</LocList>
</BasicBoolTerm>
<LocList>
<Loc EndOffset="3361" SrcFileId="1" StartOffset="3359"/>
</LocList>
</OpTerm>
<LocList>
<Loc EndOffset="3341" SrcFileId="1" StartOffset="3339"/>
</LocList>
</OpTerm>
</RootTerm>
</CondStmnt>
</StmntSeq>
</Branch>
<Keyword EndOffset="3221" SrcFileId="1" StartOffset="3219"/>
<LocList>
<Loc EndOffset="3592" SrcFileId="1" StartOffset="3219"/>
</LocList>
<RootTerm CovItemId="C15" CovItemPrefix="Value.java" Intrnl_Id="223">
<OpTerm BooleanOpId="2" Intrnl_Id="224">
<BasicBoolTerm Intrnl_Id="225">
<LocList>
<Loc EndOffset="3235" SrcFileId="1" StartOffset="3222"/>
</LocList>
</BasicBoolTerm>
<BasicBoolTerm Intrnl_Id="226">
<LocList>
<Loc EndOffset="3251" SrcFileId="1" StartOffset="3239"/>
</LocList>
</BasicBoolTerm>
<LocList>
<Loc EndOffset="3238" SrcFileId="1" StartOffset="3236"/>
</LocList>
</OpTerm>
</RootTerm>
</CondStmnt>
</StmntSeq>
</Branch>
<Keyword EndOffset="3130" SrcFileId="1" StartOffset="3128"/>
<LocList>
<Loc EndOffset="3592" SrcFileId="1" StartOffset="3128"/>
</LocList>
<RootTerm CovItemId="C14" CovItemPrefix="Value.java" Intrnl_Id="227">
<OpTerm BooleanOpId="2" Intrnl_Id="228">
<BasicBoolTerm Intrnl_Id="229">
<LocList>
<Loc EndOffset="3149" SrcFileId="1" StartOffset="3131"/>
</LocList>
</BasicBoolTerm>
<BasicBoolTerm Intrnl_Id="230">
<LocList>
<Loc EndOffset="3170" SrcFileId="1" StartOffset="3153"/>
</LocList>
</BasicBoolTerm>
<LocList>
<Loc EndOffset="3152" SrcFileId="1" StartOffset="3150"/>
</LocList>
</OpTerm>
</RootTerm>
</CondStmnt>
<BasicStmnt CovItemId="S50" CovItemPrefix="Value.java" Intrnl_Id="231">
<LocList>
<Loc EndOffset="3619" SrcFileId="1" StartOffset="3606"/>
</LocList>
</BasicStmnt>
</StmntSeq>
</HierarchyLvl>
<HierarchyLvl HierarchyLvlId="126" HierarchyLvlTypeId="5" Intrnl_Id="232" Name="GetType">
<Header>
<Loc EndOffset="3720" SrcFileId="1" StartOffset="3697"/>
</Header>
<LocList>
<Loc EndOffset="4492" SrcFileId="1" StartOffset="3697"/>
</LocList>
<StmntSeq Intrnl_Id="233">
<LocList>
<Loc EndOffset="4485" SrcFileId="1" StartOffset="3734"/>
</LocList>
<CondStmnt CovItemId="S51" CovItemPrefix="Value.java" Intrnl_Id="234">
<Branch CovItemId="B37" CovItemPrefix="Value.java" Implct="false" Intrnl_Id="235">
<Cond/>
<LocList>
<Loc EndOffset="3823" SrcFileId="1" StartOffset="3792"/>
</LocList>
<StmntSeq Intrnl_Id="236">
<LocList>
<Loc EndOffset="3815" SrcFileId="1" StartOffset="3801"/>
</LocList>
<BasicStmnt CovItemId="S52" CovItemPrefix="Value.java" Intrnl_Id="237">
<LocList>
<Loc EndOffset="3815" SrcFileId="1" StartOffset="3801"/>
</LocList>
</BasicStmnt>
</StmntSeq>
</Branch>
<Branch CovItemId="B38" CovItemPrefix="Value.java" Implct="false" Intrnl_Id="238">
<Cond>
<Loc EndOffset="3834" SrcFileId="1" StartOffset="3830"/>
</Cond>
<LocList>
<Loc EndOffset="4485" SrcFileId="1" StartOffset="3835"/>
</LocList>
<StmntSeq Intrnl_Id="239">
<LocList>
<Loc EndOffset="4485" SrcFileId="1" StartOffset="3835"/>
</LocList>
<CondStmnt CovItemId="S53" CovItemPrefix="Value.java" Intrnl_Id="240">
<Branch CovItemId="B39" CovItemPrefix="Value.java" Implct="false" Intrnl_Id="241">
<Cond/>
<LocList>
<Loc EndOffset="3939" SrcFileId="1" StartOffset="3903"/>
</LocList>
<StmntSeq Intrnl_Id="242">
<LocList>
<Loc EndOffset="3931" SrcFileId="1" StartOffset="3912"/>
</LocList>
<BasicStmnt CovItemId="S54" CovItemPrefix="Value.java" Intrnl_Id="243">
<LocList>
<Loc EndOffset="3931" SrcFileId="1" StartOffset="3912"/>
</LocList>
</BasicStmnt>
</StmntSeq>
</Branch>
<Branch CovItemId="B40" CovItemPrefix="Value.java" Implct="false" Intrnl_Id="244">
<Cond>
<Loc EndOffset="3950" SrcFileId="1" StartOffset="3946"/>
</Cond>
<LocList>
<Loc EndOffset="4485" SrcFileId="1" StartOffset="3951"/>
</LocList>
<StmntSeq Intrnl_Id="245">
<LocList>
<Loc EndOffset="4485" SrcFileId="1" StartOffset="3951"/>
</LocList>
<CondStmnt CovItemId="S55" CovItemPrefix="Value.java" Intrnl_Id="246">
<Branch CovItemId="B41" CovItemPrefix="Value.java" Implct="false" Intrnl_Id="247">
<Cond/>
<LocList>
<Loc EndOffset="4037" SrcFileId="1" StartOffset="4007"/>
</LocList>
<StmntSeq Intrnl_Id="248">
<LocList>
<Loc EndOffset="4029" SrcFileId="1" StartOffset="4016"/>
</LocList>
<BasicStmnt CovItemId="S56" CovItemPrefix="Value.java" Intrnl_Id="249">
<LocList>
<Loc EndOffset="4029" SrcFileId="1" StartOffset="4016"/>
</LocList>
</BasicStmnt>
</StmntSeq>
</Branch>
<Branch CovItemId="B42" CovItemPrefix="Value.java" Implct="false" Intrnl_Id="250">
<Cond>
<Loc EndOffset="4048" SrcFileId="1" StartOffset="4044"/>
</Cond>
<LocList>
<Loc EndOffset="4485" SrcFileId="1" StartOffset="4049"/>
</LocList>
<StmntSeq Intrnl_Id="251">
<LocList>
<Loc EndOffset="4485" SrcFileId="1" StartOffset="4049"/>
</LocList>
<CondStmnt CovItemId="S57" CovItemPrefix="Value.java" Intrnl_Id="252">
<Branch CovItemId="B43" CovItemPrefix="Value.java" Implct="false" Intrnl_Id="253">
<Cond/>
<LocList>
<Loc EndOffset="4144" SrcFileId="1" StartOffset="4111"/>
</LocList>
<StmntSeq Intrnl_Id="254">
<LocList>
<Loc EndOffset="4136" SrcFileId="1" StartOffset="4120"/>
</LocList>
<BasicStmnt CovItemId="S58" CovItemPrefix="Value.java" Intrnl_Id="255">
<LocList>
<Loc EndOffset="4136" SrcFileId="1" StartOffset="4120"/>
</LocList>
</BasicStmnt>
</StmntSeq>
</Branch>
<Branch CovItemId="B44" CovItemPrefix="Value.java" Implct="false" Intrnl_Id="256">
<Cond>
<Loc EndOffset="4155" SrcFileId="1" StartOffset="4151"/>
</Cond>
<LocList>
<Loc EndOffset="4485" SrcFileId="1" StartOffset="4156"/>
</LocList>
<StmntSeq Intrnl_Id="257">
<LocList>
<Loc EndOffset="4485" SrcFileId="1" StartOffset="4156"/>
</LocList>
<CondStmnt CovItemId="S59" CovItemPrefix="Value.java" Intrnl_Id="258">
<Branch CovItemId="B45" CovItemPrefix="Value.java" Implct="false" Intrnl_Id="259">
<Cond/>
<LocList>
<Loc EndOffset="4245" SrcFileId="1" StartOffset="4214"/>
</LocList>
<StmntSeq Intrnl_Id="260">
<LocList>
<Loc EndOffset="4237" SrcFileId="1" StartOffset="4223"/>
</LocList>
<BasicStmnt CovItemId="S60" CovItemPrefix="Value.java" Intrnl_Id="261">
<LocList>
<Loc EndOffset="4237" SrcFileId="1" StartOffset="4223"/>
</LocList>
</BasicStmnt>
</StmntSeq>
</Branch>
<Branch CovItemId="B46" CovItemPrefix="Value.java" Implct="false" Intrnl_Id="262">
<Cond>
<Loc EndOffset="4256" SrcFileId="1" StartOffset="4252"/>
</Cond>
<LocList>
<Loc EndOffset="4485" SrcFileId="1" StartOffset="4257"/>
</LocList>
<StmntSeq Intrnl_Id="263">
<LocList>
<Loc EndOffset="4485" SrcFileId="1" StartOffset="4257"/>
</LocList>
<CondStmnt CovItemId="S61" CovItemPrefix="Value.java" Intrnl_Id="264">
<Branch CovItemId="B47" CovItemPrefix="Value.java" Implct="false" Intrnl_Id="265">
<Cond/>
<LocList>
<Loc EndOffset="4352" SrcFileId="1" StartOffset="4319"/>
</LocList>
<StmntSeq Intrnl_Id="266">
<LocList>
<Loc EndOffset="4344" SrcFileId="1" StartOffset="4328"/>
</LocList>
<BasicStmnt CovItemId="S62" CovItemPrefix="Value.java" Intrnl_Id="267">
<LocList>
<Loc EndOffset="4344" SrcFileId="1" StartOffset="4328"/>
</LocList>
</BasicStmnt>
</StmntSeq>
</Branch>
<Branch CovItemId="B48" CovItemPrefix="Value.java" Implct="false" Intrnl_Id="268">
<Cond>
<Loc EndOffset="4363" SrcFileId="1" StartOffset="4359"/>
</Cond>
<LocList>
<Loc EndOffset="4485" SrcFileId="1" StartOffset="4364"/>
</LocList>
<StmntSeq Intrnl_Id="269">
<LocList>
<Loc EndOffset="4485" SrcFileId="1" StartOffset="4364"/>
</LocList>
<CondStmnt CovItemId="S63" CovItemPrefix="Value.java" Intrnl_Id="270">
<Branch CovItemId="B49" CovItemPrefix="Value.java" Implct="false" Intrnl_Id="271">
<Cond/>
<LocList>
<Loc EndOffset="4438" SrcFileId="1" StartOffset="4406"/>
</LocList>
<StmntSeq Intrnl_Id="272">
<LocList>
<Loc EndOffset="4430" SrcFileId="1" StartOffset="4415"/>
</LocList>
<BasicStmnt CovItemId="S64" CovItemPrefix="Value.java" Intrnl_Id="273">
<LocList>
<Loc EndOffset="4430" SrcFileId="1" StartOffset="4415"/>
</LocList>
</BasicStmnt>
</StmntSeq>
</Branch>
<Branch CovItemId="B50" CovItemPrefix="Value.java" Implct="false" Intrnl_Id="274">
<Cond>
<Loc EndOffset="4449" SrcFileId="1" StartOffset="4445"/>
</Cond>
<LocList>
<Loc EndOffset="4485" SrcFileId="1" StartOffset="4456"/>
</LocList>
<StmntSeq Intrnl_Id="275">
<LocList>
<Loc EndOffset="4477" SrcFileId="1" StartOffset="4465"/>
</LocList>
<BasicStmnt CovItemId="S65" CovItemPrefix="Value.java" Intrnl_Id="276">
<LocList>
<Loc EndOffset="4477" SrcFileId="1" StartOffset="4465"/>
</LocList>
</BasicStmnt>
</StmntSeq>
</Branch>
<Keyword EndOffset="4366" SrcFileId="1" StartOffset="4364"/>
<LocList>
<Loc EndOffset="4485" SrcFileId="1" StartOffset="4364"/>
</LocList>
<RootTerm CovItemId="C25" CovItemPrefix="Value.java" Intrnl_Id="277">
<BasicBoolTerm Intrnl_Id="278">
<LocList>
<Loc EndOffset="4398" SrcFileId="1" StartOffset="4367"/>
</LocList>
</BasicBoolTerm>
</RootTerm>
</CondStmnt>
</StmntSeq>
</Branch>
<Keyword EndOffset="4259" SrcFileId="1" StartOffset="4257"/>
<LocList>
<Loc EndOffset="4485" SrcFileId="1" StartOffset="4257"/>
</LocList>
<RootTerm CovItemId="C24" CovItemPrefix="Value.java" Intrnl_Id="279">
<OpTerm BooleanOpId="3" Intrnl_Id="280">
<BasicBoolTerm Intrnl_Id="281">
<LocList>
<Loc EndOffset="4275" SrcFileId="1" StartOffset="4260"/>
</LocList>
</BasicBoolTerm>
<BasicBoolTerm Intrnl_Id="282">
<LocList>
<Loc EndOffset="4311" SrcFileId="1" StartOffset="4279"/>
</LocList>
</BasicBoolTerm>
<LocList>
<Loc EndOffset="4278" SrcFileId="1" StartOffset="4276"/>
</LocList>
</OpTerm>
</RootTerm>
</CondStmnt>
</StmntSeq>
</Branch>
<Keyword EndOffset="4158" SrcFileId="1" StartOffset="4156"/>
<LocList>
<Loc EndOffset="4485" SrcFileId="1" StartOffset="4156"/>
</LocList>
<RootTerm CovItemId="C23" CovItemPrefix="Value.java" Intrnl_Id="283">
<OpTerm BooleanOpId="3" Intrnl_Id="284">
<BasicBoolTerm Intrnl_Id="285">
<LocList>
<Loc EndOffset="4172" SrcFileId="1" StartOffset="4159"/>
</LocList>
</BasicBoolTerm>
<BasicBoolTerm Intrnl_Id="286">
<LocList>
<Loc EndOffset="4206" SrcFileId="1" StartOffset="4176"/>
</LocList>
</BasicBoolTerm>
<LocList>
<Loc EndOffset="4175" SrcFileId="1" StartOffset="4173"/>
</LocList>
</OpTerm>
</RootTerm>
</CondStmnt>
</StmntSeq>
</Branch>
<Keyword EndOffset="4051" SrcFileId="1" StartOffset="4049"/>
<LocList>
<Loc EndOffset="4485" SrcFileId="1" StartOffset="4049"/>
</LocList>
<RootTerm CovItemId="C22" CovItemPrefix="Value.java" Intrnl_Id="287">
<OpTerm BooleanOpId="3" Intrnl_Id="288">
<BasicBoolTerm Intrnl_Id="289">
<LocList>
<Loc EndOffset="4067" SrcFileId="1" StartOffset="4052"/>
</LocList>
</BasicBoolTerm>
<BasicBoolTerm Intrnl_Id="290">
<LocList>
<Loc EndOffset="4103" SrcFileId="1" StartOffset="4071"/>
</LocList>
</BasicBoolTerm>
<LocList>
<Loc EndOffset="4070" SrcFileId="1" StartOffset="4068"/>
</LocList>
</OpTerm>
</RootTerm>
</CondStmnt>
</StmntSeq>
</Branch>
<Keyword EndOffset="3953" SrcFileId="1" StartOffset="3951"/>
<LocList>
<Loc EndOffset="4485" SrcFileId="1" StartOffset="3951"/>
</LocList>
<RootTerm CovItemId="C21" CovItemPrefix="Value.java" Intrnl_Id="291">
<OpTerm BooleanOpId="3" Intrnl_Id="292">
<BasicBoolTerm Intrnl_Id="293">
<LocList>
<Loc EndOffset="3966" SrcFileId="1" StartOffset="3954"/>
</LocList>
</BasicBoolTerm>
<BasicBoolTerm Intrnl_Id="294">
<LocList>
<Loc EndOffset="3999" SrcFileId="1" StartOffset="3970"/>
</LocList>
</BasicBoolTerm>
<LocList>
<Loc EndOffset="3969" SrcFileId="1" StartOffset="3967"/>
</LocList>
</OpTerm>
</RootTerm>
</CondStmnt>
</StmntSeq>
</Branch>
<Keyword EndOffset="3837" SrcFileId="1" StartOffset="3835"/>
<LocList>
<Loc EndOffset="4485" SrcFileId="1" StartOffset="3835"/>
</LocList>
<RootTerm CovItemId="C20" CovItemPrefix="Value.java" Intrnl_Id="295">
<OpTerm BooleanOpId="3" Intrnl_Id="296">
<BasicBoolTerm Intrnl_Id="297">
<LocList>
<Loc EndOffset="3873" SrcFileId="1" StartOffset="3838"/>
</LocList>
</BasicBoolTerm>
<BasicBoolTerm Intrnl_Id="298">
<LocList>
<Loc EndOffset="3895" SrcFileId="1" StartOffset="3877"/>
</LocList>
</BasicBoolTerm>
<LocList>
<Loc EndOffset="3876" SrcFileId="1" StartOffset="3874"/>
</LocList>
</OpTerm>
</RootTerm>
</CondStmnt>
</StmntSeq>
</Branch>
<Keyword EndOffset="3736" SrcFileId="1" StartOffset="3734"/>
<LocList>
<Loc EndOffset="4485" SrcFileId="1" StartOffset="3734"/>
</LocList>
<RootTerm CovItemId="C19" CovItemPrefix="Value.java" Intrnl_Id="299">
<OpTerm BooleanOpId="3" Intrnl_Id="300">
<BasicBoolTerm Intrnl_Id="301">
<LocList>
<Loc EndOffset="3750" SrcFileId="1" StartOffset="3737"/>
</LocList>
</BasicBoolTerm>
<BasicBoolTerm Intrnl_Id="302">
<LocList>
<Loc EndOffset="3784" SrcFileId="1" StartOffset="3754"/>
</LocList>
</BasicBoolTerm>
<LocList>
<Loc EndOffset="3753" SrcFileId="1" StartOffset="3751"/>
</LocList>
</OpTerm>
</RootTerm>
</CondStmnt>
</StmntSeq>
</HierarchyLvl>
<HierarchyLvl HierarchyLvlId="127" HierarchyLvlTypeId="5" Intrnl_Id="303" Name="toString">
<Header>
<Loc EndOffset="4539" SrcFileId="1" StartOffset="4500"/>
</Header>
<LocList>
<Loc EndOffset="4587" SrcFileId="1" StartOffset="4500"/>
</LocList>
<StmntSeq Intrnl_Id="304">
<LocList>
<Loc EndOffset="4580" SrcFileId="1" StartOffset="4551"/>
</LocList>
<BasicStmnt CovItemId="S66" CovItemPrefix="Value.java" Intrnl_Id="305">
<LocList>
<Loc EndOffset="4580" SrcFileId="1" StartOffset="4551"/>
</LocList>
</BasicStmnt>
</StmntSeq>
</HierarchyLvl>
</HierarchyLvl>
</HierarchyLvl>
</MASTRoot>
</TestSessionContainer>
