<?xml version="1.0" encoding="UTF-8"?><TestSessionContainer xmlns="http://www.codecover.org/xml/testsession-container" Date="1368543027211" TestSessionContainerId="1109fe0d-24be-4997-926f-a26397f6284f" version="1.0">
<SrcFileList>
<SrcFile Content="//latex start Value&#13;&#10;public class Value {&#13;&#10;&#9;public static Value VOID = new Value(new Object());&#13;&#10;&#13;&#10;    final Object value;&#13;&#10;&#13;&#10;    public Value(Object value) {&#13;&#10;        this.value = value;&#13;&#10;    }&#13;&#10;    &#13;&#10;    public Value()&#13;&#10;    {&#13;&#10;    &#9;this.value = &quot;&quot;;&#13;&#10;    }&#13;&#10;//latex end&#13;&#10;&#13;&#10;//latex start isType&#13;&#10;    public boolean isDouble() &#13;&#10;    {&#13;&#10;&#9;&#9;if(this.toString().matches(&quot;((-)?[0-9]+)\\.([0-9]){1,2}&quot;))&#13;&#10;&#9;&#9;{&#13;&#10;&#9;&#9;&#9;return true;&#13;&#10;&#9;&#9;}&#13;&#10;&#9;&#9;return false;&#13;&#10;    }&#13;&#10;    &#13;&#10;    public boolean isInt()&#13;&#10;    {&#13;&#10;&#9;&#9;if(this.toString().matches(&quot;(-)?[0-9]+&quot;) || this.toString().equals(&quot;HIGH&quot;) || this.toString().equals(&quot;LOW&quot;) || this.toString().equals(&quot;INPUT&quot;) || this.toString().equals(&quot;OUTPUT&quot;))&#13;&#10;&#9;&#9;{&#13;&#10;&#9;&#9;&#9;return true;&#13;&#10;&#9;&#9;}&#13;&#10;&#9;&#9;return false;&#13;&#10;    }&#13;&#10;//latex end    &#13;&#10;    public boolean isDrink()&#13;&#10;    {&#13;&#10;&#9;&#9;if(this.toString().equals(&quot;drink&quot;))&#13;&#10;&#9;&#9;{&#13;&#10;&#9;&#9;&#9;return true;&#13;&#10;&#9;&#9;}&#13;&#10;&#9;&#9;return false;&#13;&#10;    }&#13;&#10;    &#13;&#10;    public boolean isNumeric()&#13;&#10;    {&#13;&#10;    &#9;if(this.isInt() || this.isDouble() || this.toString().equals(&quot;int&quot;) || this.toString().equals(&quot;double&quot;))&#13;&#10;    &#9;{&#13;&#10;    &#9;&#9;return true;&#13;&#10;    &#9;}&#13;&#10;    &#9;return false;&#13;&#10;    }&#13;&#10;    &#13;&#10;    public boolean isNumericExpression()&#13;&#10;    {    &#9;&#13;&#10;    &#9;String StringToVerify = this.toString();&#13;&#10;    &#9;&#13;&#10;    &#9;if(StringToVerify.contains(&quot;(&quot;))&#13;&#10;    &#9;{&#13;&#10;    &#9;&#9;StringToVerify = StringToVerify.replace(&quot;(&quot;, &quot;&quot;);&#13;&#10;    &#9;}&#13;&#10;    &#9;&#13;&#10;    &#9;if(StringToVerify.contains(&quot;)&quot;))&#13;&#10;    &#9;{&#13;&#10;    &#9;&#9;StringToVerify = StringToVerify.replace(&quot;)&quot;, &quot;&quot;);&#13;&#10;    &#9;}&#13;&#10;    &#9;&#13;&#10;    &#9;if(StringToVerify.matches(&quot;(-)?[0-9]+(\\.[0-9]{1,2})?((\\+|\\-|\\*|\\/)[0-9]+(\\.[0-9]{1,2})?)*&quot;))&#13;&#10;    &#9;{&#13;&#10;    &#9;&#9;return true;&#13;&#10;    &#9;}&#13;&#10;    &#9;return false;&#13;&#10;    }&#13;&#10;    &#13;&#10;    public boolean isChar()&#13;&#10;    {&#13;&#10;&#9;&#9;if(this.toString().length() != 3 || &#13;&#10;&#9;&#9;   this.toString().charAt(0) != '\'' || &#13;&#10;&#9;&#9;   this.toString().charAt(this.toString().length()-1) != '\'')&#13;&#10;&#9;&#9;{&#13;&#10;&#9;&#9;&#9;return false;&#13;&#10;&#9;&#9;}&#13;&#10;&#9;&#9;return true;&#13;&#10;    }&#13;&#10;    &#13;&#10;    public boolean isString()&#13;&#10;    {&#13;&#10;    &#9;if(this.toString().length() &lt; 2)&#13;&#10;    &#9;{&#13;&#10;    &#9;&#9;return false;&#13;&#10;    &#9;}&#13;&#10;    &#9;else if(this.toString().charAt(0) != '&quot;'|| this.toString().charAt(this.toString().length()-1) != '&quot;')&#13;&#10;&#9;&#9;{&#13;&#10;&#9;&#9;&#9;return false;&#13;&#10;&#9;&#9;}&#13;&#10;&#9;&#9;return true;&#13;&#10;    }&#13;&#10;    &#13;&#10;    public boolean isBool()&#13;&#10;    {&#13;&#10;    &#9;if(this.toString().equals(&quot;true&quot;) || this.toString().equals(&quot;false&quot;))&#13;&#10;    &#9;{&#13;&#10;    &#9;&#9;return true;&#13;&#10;    &#9;}&#13;&#10;    &#9;return false;&#13;&#10;    }&#13;&#10;    &#13;&#10;    public boolean isContainer()&#13;&#10;    {&#13;&#10;    &#9;if(this.toString().matches(&quot;((1?[0-3])|([0-9]))|A[0-5]&quot;) || this.toString().equals(&quot;container&quot;))&#13;&#10;    &#9;{&#13;&#10;    &#9;&#9;return true;&#13;&#10;    &#9;}&#13;&#10;    &#9;return false;&#13;&#10;    }&#13;&#10;    &#13;&#10;    public boolean isSameType(Value val)&#13;&#10;    {&#13;&#10;    &#9;if(this.isBool() &amp;&amp; val.isBool())&#13;&#10;    &#9;{&#13;&#10;    &#9;&#9;return true;&#13;&#10;    &#9;}&#13;&#10;    &#9;if(this.isContainer() &amp;&amp; val.isContainer())&#13;&#10;    &#9;{&#13;&#10;    &#9;&#9;return true;&#13;&#10;    &#9;}&#13;&#10;    &#9;else if(this.isChar() &amp;&amp; val.isChar())&#13;&#10;    &#9;{&#13;&#10;    &#9;&#9;return true;&#13;&#10;    &#9;}&#13;&#10;    &#9;else if(this.isNumeric() &amp;&amp; val.isNumeric() || this.isNumeric() &amp;&amp; val.isNumericExpression())&#13;&#10;    &#9;{&#13;&#10;    &#9;&#9;return true;&#13;&#10;    &#9;}&#13;&#10;    &#9;else if(this.isString() &amp;&amp; val.isString())&#13;&#10;    &#9;{&#13;&#10;    &#9;&#9;return true;&#13;&#10;    &#9;}&#13;&#10;    &#9;else if(this.isDrink() &amp;&amp; val.isDrink())&#13;&#10;    &#9;{&#13;&#10;    &#9;&#9;return true;&#13;&#10;    &#9;}&#13;&#10;    &#9;&#13;&#10;    &#9;return false;&#13;&#10;    }&#13;&#10;    &#13;&#10;    public String GetType()&#13;&#10;    {&#13;&#10;    &#9;if(this.isBool() || this.toString().equals(&quot;bool&quot;))&#13;&#10;    &#9;{&#13;&#10;    &#9;&#9;return &quot;bool&quot;;&#13;&#10;    &#9;}&#13;&#10;    &#9;else if(this.toString().equals(&quot;container&quot;) || this.isContainer())&#13;&#10;    &#9;{&#13;&#10;    &#9;&#9;return &quot;container&quot;;&#13;&#10;    &#9;}&#13;&#10;    &#9;else if(this.isInt() || this.toString().equals(&quot;int&quot;))&#13;&#10;    &#9;{&#13;&#10;    &#9;&#9;return &quot;int&quot;;&#13;&#10;    &#9;}&#13;&#10;    &#9;else if(this.isDouble() || this.toString().equals(&quot;double&quot;))&#13;&#10;    &#9;{&#13;&#10;    &#9;&#9;return &quot;double&quot;;&#13;&#10;    &#9;}&#13;&#10;    &#9;else if(this.isChar() || this.toString().equals(&quot;char&quot;))&#13;&#10;    &#9;{&#13;&#10;    &#9;&#9;return &quot;char&quot;;&#13;&#10;    &#9;}&#13;&#10;    &#9;else if(this.isString() || this.toString().equals(&quot;string&quot;))&#13;&#10;    &#9;{&#13;&#10;    &#9;&#9;return &quot;string&quot;;&#13;&#10;    &#9;}&#13;&#10;    &#9;else if(this.toString().equals(&quot;drink&quot;))&#13;&#10;    &#9;{&#13;&#10;    &#9;&#9;return &quot;drink&quot;;&#13;&#10;    &#9;}&#13;&#10;    &#9;else&#13;&#10;    &#9;{&#13;&#10;    &#9;&#9;return null;&#13;&#10;    &#9;}&#13;&#10;    }&#13;&#10;&#13;&#10;    @Override&#13;&#10;    public String toString() {&#13;&#10;        return String.valueOf(value);&#13;&#10;    }&#13;&#10;}&#13;&#10;" Filename="Value.java" Intrnl_Id="1"/>
</SrcFileList>
<CritList>
<CritListEntry Name="org.codecover.model.utils.criteria.BranchCoverage" PluginName="org.codecover"/>
<CritListEntry Name="org.codecover.model.utils.criteria.ConditionCoverage" PluginName="org.codecover"/>
<CritListEntry Name="org.codecover.model.utils.criteria.StatementCoverage" PluginName="org.codecover"/>
</CritList>
<BoolOpList>
<BoolOp Arity="2" Intrnl_Id="2" Name="conditional and (&amp;&amp;)">
<BoolAssgnmntBoolMapList>
<MapEntry BoolAssgnmnt="10" Value="false"/>
<MapEntry BoolAssgnmnt="02" Value="false"/>
<MapEntry BoolAssgnmnt="11" Value="true"/>
</BoolAssgnmntBoolMapList>
</BoolOp>
<BoolOp Arity="2" Intrnl_Id="3" Name="conditional or (||)">
<BoolAssgnmntBoolMapList>
<MapEntry BoolAssgnmnt="01" Value="true"/>
<MapEntry BoolAssgnmnt="00" Value="false"/>
<MapEntry BoolAssgnmnt="12" Value="true"/>
</BoolAssgnmntBoolMapList>
</BoolOp>
</BoolOpList>
<HierarchyLvlTypeList>
<HierarchyLvlType EnglishName="class" IntrnlName="class" Intrnl_Id="4"/>
<HierarchyLvlType EnglishName="method" IntrnlName="method" Intrnl_Id="5"/>
<HierarchyLvlType EnglishName="default package" IntrnlName="default package" Intrnl_Id="6"/>
</HierarchyLvlTypeList>
<MASTRoot>
<HierarchyLvl HierarchyLvlId="178" HierarchyLvlTypeId="6" Intrnl_Id="7" Name="default package">
<Header/>
<LocList/>
<HierarchyLvl HierarchyLvlId="177" HierarchyLvlTypeId="4" Intrnl_Id="8" Name="Value">
<Header>
<Loc EndOffset="39" SrcFileId="1" StartOffset="21"/>
</Header>
<LocList>
<Loc EndOffset="4061" SrcFileId="1" StartOffset="21"/>
</LocList>
<StmntSeq Intrnl_Id="9">
<LocList>
<Loc EndOffset="95" SrcFileId="1" StartOffset="44"/>
</LocList>
<BasicStmnt CovItemId="S1" CovItemPrefix="Value.java" Intrnl_Id="10">
<LocList>
<Loc EndOffset="95" SrcFileId="1" StartOffset="44"/>
</LocList>
</BasicStmnt>
</StmntSeq>
<HierarchyLvl HierarchyLvlId="163" HierarchyLvlTypeId="5" Intrnl_Id="11" Name="Value">
<Header>
<Loc EndOffset="156" SrcFileId="1" StartOffset="130"/>
</Header>
<LocList>
<Loc EndOffset="194" SrcFileId="1" StartOffset="130"/>
</LocList>
<StmntSeq Intrnl_Id="12">
<LocList>
<Loc EndOffset="187" SrcFileId="1" StartOffset="168"/>
</LocList>
<BasicStmnt CovItemId="S2" CovItemPrefix="Value.java" Intrnl_Id="13">
<LocList>
<Loc EndOffset="187" SrcFileId="1" StartOffset="168"/>
</LocList>
</BasicStmnt>
</StmntSeq>
</HierarchyLvl>
<HierarchyLvl HierarchyLvlId="164" HierarchyLvlTypeId="5" Intrnl_Id="14" Name="Value">
<Header>
<Loc EndOffset="220" SrcFileId="1" StartOffset="206"/>
</Header>
<LocList>
<Loc EndOffset="257" SrcFileId="1" StartOffset="206"/>
</LocList>
<StmntSeq Intrnl_Id="15">
<LocList>
<Loc EndOffset="250" SrcFileId="1" StartOffset="234"/>
</LocList>
<BasicStmnt CovItemId="S3" CovItemPrefix="Value.java" Intrnl_Id="16">
<LocList>
<Loc EndOffset="250" SrcFileId="1" StartOffset="234"/>
</LocList>
</BasicStmnt>
</StmntSeq>
</HierarchyLvl>
<HierarchyLvl HierarchyLvlId="165" HierarchyLvlTypeId="5" Intrnl_Id="17" Name="isDouble">
<Header>
<Loc EndOffset="325" SrcFileId="1" StartOffset="300"/>
</Header>
<LocList>
<Loc EndOffset="446" SrcFileId="1" StartOffset="300"/>
</LocList>
<StmntSeq Intrnl_Id="18">
<LocList>
<Loc EndOffset="422" SrcFileId="1" StartOffset="337"/>
<Loc EndOffset="439" SrcFileId="1" StartOffset="426"/>
</LocList>
<CondStmnt CovItemId="S4" CovItemPrefix="Value.java" Intrnl_Id="19">
<Branch CovItemId="B1" CovItemPrefix="Value.java" Implct="false" Intrnl_Id="20">
<Cond/>
<LocList>
<Loc EndOffset="422" SrcFileId="1" StartOffset="399"/>
</LocList>
<StmntSeq Intrnl_Id="21">
<LocList>
<Loc EndOffset="417" SrcFileId="1" StartOffset="405"/>
</LocList>
<BasicStmnt CovItemId="S5" CovItemPrefix="Value.java" Intrnl_Id="22">
<LocList>
<Loc EndOffset="417" SrcFileId="1" StartOffset="405"/>
</LocList>
</BasicStmnt>
</StmntSeq>
</Branch>
<Branch CovItemId="B2" CovItemPrefix="Value.java" Implct="true" Intrnl_Id="23">
<Cond/>
<LocList/>
<StmntSeq Intrnl_Id="24">
<LocList/>
</StmntSeq>
</Branch>
<Keyword EndOffset="339" SrcFileId="1" StartOffset="337"/>
<LocList>
<Loc EndOffset="422" SrcFileId="1" StartOffset="337"/>
</LocList>
<RootTerm CovItemId="C1" CovItemPrefix="Value.java" Intrnl_Id="25">
<BasicBoolTerm Intrnl_Id="26">
<LocList>
<Loc EndOffset="394" SrcFileId="1" StartOffset="340"/>
</LocList>
</BasicBoolTerm>
</RootTerm>
</CondStmnt>
<BasicStmnt CovItemId="S6" CovItemPrefix="Value.java" Intrnl_Id="27">
<LocList>
<Loc EndOffset="439" SrcFileId="1" StartOffset="426"/>
</LocList>
</BasicStmnt>
</StmntSeq>
</HierarchyLvl>
<HierarchyLvl HierarchyLvlId="166" HierarchyLvlTypeId="5" Intrnl_Id="28" Name="isInt">
<Header>
<Loc EndOffset="480" SrcFileId="1" StartOffset="458"/>
</Header>
<LocList>
<Loc EndOffset="721" SrcFileId="1" StartOffset="458"/>
</LocList>
<StmntSeq Intrnl_Id="29">
<LocList>
<Loc EndOffset="697" SrcFileId="1" StartOffset="491"/>
<Loc EndOffset="714" SrcFileId="1" StartOffset="701"/>
</LocList>
<CondStmnt CovItemId="S7" CovItemPrefix="Value.java" Intrnl_Id="30">
<Branch CovItemId="B3" CovItemPrefix="Value.java" Implct="false" Intrnl_Id="31">
<Cond/>
<LocList>
<Loc EndOffset="697" SrcFileId="1" StartOffset="674"/>
</LocList>
<StmntSeq Intrnl_Id="32">
<LocList>
<Loc EndOffset="692" SrcFileId="1" StartOffset="680"/>
</LocList>
<BasicStmnt CovItemId="S8" CovItemPrefix="Value.java" Intrnl_Id="33">
<LocList>
<Loc EndOffset="692" SrcFileId="1" StartOffset="680"/>
</LocList>
</BasicStmnt>
</StmntSeq>
</Branch>
<Branch CovItemId="B4" CovItemPrefix="Value.java" Implct="true" Intrnl_Id="34">
<Cond/>
<LocList/>
<StmntSeq Intrnl_Id="35">
<LocList/>
</StmntSeq>
</Branch>
<Keyword EndOffset="493" SrcFileId="1" StartOffset="491"/>
<LocList>
<Loc EndOffset="697" SrcFileId="1" StartOffset="491"/>
</LocList>
<RootTerm CovItemId="C2" CovItemPrefix="Value.java" Intrnl_Id="36">
<OpTerm BooleanOpId="3" Intrnl_Id="37">
<OpTerm BooleanOpId="3" Intrnl_Id="38">
<OpTerm BooleanOpId="3" Intrnl_Id="39">
<OpTerm BooleanOpId="3" Intrnl_Id="40">
<BasicBoolTerm Intrnl_Id="41">
<LocList>
<Loc EndOffset="531" SrcFileId="1" StartOffset="494"/>
</LocList>
</BasicBoolTerm>
<BasicBoolTerm Intrnl_Id="42">
<LocList>
<Loc EndOffset="565" SrcFileId="1" StartOffset="535"/>
</LocList>
</BasicBoolTerm>
<LocList>
<Loc EndOffset="534" SrcFileId="1" StartOffset="532"/>
</LocList>
</OpTerm>
<BasicBoolTerm Intrnl_Id="43">
<LocList>
<Loc EndOffset="598" SrcFileId="1" StartOffset="569"/>
</LocList>
</BasicBoolTerm>
<LocList>
<Loc EndOffset="568" SrcFileId="1" StartOffset="566"/>
</LocList>
</OpTerm>
<BasicBoolTerm Intrnl_Id="44">
<LocList>
<Loc EndOffset="633" SrcFileId="1" StartOffset="602"/>
</LocList>
</BasicBoolTerm>
<LocList>
<Loc EndOffset="601" SrcFileId="1" StartOffset="599"/>
</LocList>
</OpTerm>
<BasicBoolTerm Intrnl_Id="45">
<LocList>
<Loc EndOffset="669" SrcFileId="1" StartOffset="637"/>
</LocList>
</BasicBoolTerm>
<LocList>
<Loc EndOffset="636" SrcFileId="1" StartOffset="634"/>
</LocList>
</OpTerm>
</RootTerm>
</CondStmnt>
<BasicStmnt CovItemId="S9" CovItemPrefix="Value.java" Intrnl_Id="46">
<LocList>
<Loc EndOffset="714" SrcFileId="1" StartOffset="701"/>
</LocList>
</BasicStmnt>
</StmntSeq>
</HierarchyLvl>
<HierarchyLvl HierarchyLvlId="167" HierarchyLvlTypeId="5" Intrnl_Id="47" Name="isDrink">
<Header>
<Loc EndOffset="768" SrcFileId="1" StartOffset="744"/>
</Header>
<LocList>
<Loc EndOffset="865" SrcFileId="1" StartOffset="744"/>
</LocList>
<StmntSeq Intrnl_Id="48">
<LocList>
<Loc EndOffset="841" SrcFileId="1" StartOffset="779"/>
<Loc EndOffset="858" SrcFileId="1" StartOffset="845"/>
</LocList>
<CondStmnt CovItemId="S10" CovItemPrefix="Value.java" Intrnl_Id="49">
<Branch CovItemId="B5" CovItemPrefix="Value.java" Implct="false" Intrnl_Id="50">
<Cond/>
<LocList>
<Loc EndOffset="841" SrcFileId="1" StartOffset="818"/>
</LocList>
<StmntSeq Intrnl_Id="51">
<LocList>
<Loc EndOffset="836" SrcFileId="1" StartOffset="824"/>
</LocList>
<BasicStmnt CovItemId="S11" CovItemPrefix="Value.java" Intrnl_Id="52">
<LocList>
<Loc EndOffset="836" SrcFileId="1" StartOffset="824"/>
</LocList>
</BasicStmnt>
</StmntSeq>
</Branch>
<Branch CovItemId="B6" CovItemPrefix="Value.java" Implct="true" Intrnl_Id="53">
<Cond/>
<LocList/>
<StmntSeq Intrnl_Id="54">
<LocList/>
</StmntSeq>
</Branch>
<Keyword EndOffset="781" SrcFileId="1" StartOffset="779"/>
<LocList>
<Loc EndOffset="841" SrcFileId="1" StartOffset="779"/>
</LocList>
<RootTerm CovItemId="C3" CovItemPrefix="Value.java" Intrnl_Id="55">
<BasicBoolTerm Intrnl_Id="56">
<LocList>
<Loc EndOffset="813" SrcFileId="1" StartOffset="782"/>
</LocList>
</BasicBoolTerm>
</RootTerm>
</CondStmnt>
<BasicStmnt CovItemId="S12" CovItemPrefix="Value.java" Intrnl_Id="57">
<LocList>
<Loc EndOffset="858" SrcFileId="1" StartOffset="845"/>
</LocList>
</BasicStmnt>
</StmntSeq>
</HierarchyLvl>
<HierarchyLvl HierarchyLvlId="168" HierarchyLvlTypeId="5" Intrnl_Id="58" Name="isNumeric">
<Header>
<Loc EndOffset="903" SrcFileId="1" StartOffset="877"/>
</Header>
<LocList>
<Loc EndOffset="1084" SrcFileId="1" StartOffset="877"/>
</LocList>
<StmntSeq Intrnl_Id="59">
<LocList>
<Loc EndOffset="1057" SrcFileId="1" StartOffset="917"/>
<Loc EndOffset="1077" SrcFileId="1" StartOffset="1064"/>
</LocList>
<CondStmnt CovItemId="S13" CovItemPrefix="Value.java" Intrnl_Id="60">
<Branch CovItemId="B7" CovItemPrefix="Value.java" Implct="false" Intrnl_Id="61">
<Cond/>
<LocList>
<Loc EndOffset="1057" SrcFileId="1" StartOffset="1028"/>
</LocList>
<StmntSeq Intrnl_Id="62">
<LocList>
<Loc EndOffset="1049" SrcFileId="1" StartOffset="1037"/>
</LocList>
<BasicStmnt CovItemId="S14" CovItemPrefix="Value.java" Intrnl_Id="63">
<LocList>
<Loc EndOffset="1049" SrcFileId="1" StartOffset="1037"/>
</LocList>
</BasicStmnt>
</StmntSeq>
</Branch>
<Branch CovItemId="B8" CovItemPrefix="Value.java" Implct="true" Intrnl_Id="64">
<Cond/>
<LocList/>
<StmntSeq Intrnl_Id="65">
<LocList/>
</StmntSeq>
</Branch>
<Keyword EndOffset="919" SrcFileId="1" StartOffset="917"/>
<LocList>
<Loc EndOffset="1057" SrcFileId="1" StartOffset="917"/>
</LocList>
<RootTerm CovItemId="C4" CovItemPrefix="Value.java" Intrnl_Id="66">
<OpTerm BooleanOpId="3" Intrnl_Id="67">
<OpTerm BooleanOpId="3" Intrnl_Id="68">
<OpTerm BooleanOpId="3" Intrnl_Id="69">
<BasicBoolTerm Intrnl_Id="70">
<LocList>
<Loc EndOffset="932" SrcFileId="1" StartOffset="920"/>
</LocList>
</BasicBoolTerm>
<BasicBoolTerm Intrnl_Id="71">
<LocList>
<Loc EndOffset="951" SrcFileId="1" StartOffset="936"/>
</LocList>
</BasicBoolTerm>
<LocList>
<Loc EndOffset="935" SrcFileId="1" StartOffset="933"/>
</LocList>
</OpTerm>
<BasicBoolTerm Intrnl_Id="72">
<LocList>
<Loc EndOffset="984" SrcFileId="1" StartOffset="955"/>
</LocList>
</BasicBoolTerm>
<LocList>
<Loc EndOffset="954" SrcFileId="1" StartOffset="952"/>
</LocList>
</OpTerm>
<BasicBoolTerm Intrnl_Id="73">
<LocList>
<Loc EndOffset="1020" SrcFileId="1" StartOffset="988"/>
</LocList>
</BasicBoolTerm>
<LocList>
<Loc EndOffset="987" SrcFileId="1" StartOffset="985"/>
</LocList>
</OpTerm>
</RootTerm>
</CondStmnt>
<BasicStmnt CovItemId="S15" CovItemPrefix="Value.java" Intrnl_Id="74">
<LocList>
<Loc EndOffset="1077" SrcFileId="1" StartOffset="1064"/>
</LocList>
</BasicStmnt>
</StmntSeq>
</HierarchyLvl>
<HierarchyLvl HierarchyLvlId="169" HierarchyLvlTypeId="5" Intrnl_Id="75" Name="isNumericExpression">
<Header>
<Loc EndOffset="1132" SrcFileId="1" StartOffset="1096"/>
</Header>
<LocList>
<Loc EndOffset="1604" SrcFileId="1" StartOffset="1096"/>
</LocList>
<StmntSeq Intrnl_Id="76">
<LocList>
<Loc EndOffset="1191" SrcFileId="1" StartOffset="1151"/>
<Loc EndOffset="1310" SrcFileId="1" StartOffset="1205"/>
<Loc EndOffset="1429" SrcFileId="1" StartOffset="1324"/>
<Loc EndOffset="1577" SrcFileId="1" StartOffset="1443"/>
<Loc EndOffset="1597" SrcFileId="1" StartOffset="1584"/>
</LocList>
<BasicStmnt CovItemId="S16" CovItemPrefix="Value.java" Intrnl_Id="77">
<LocList>
<Loc EndOffset="1191" SrcFileId="1" StartOffset="1151"/>
</LocList>
</BasicStmnt>
<CondStmnt CovItemId="S17" CovItemPrefix="Value.java" Intrnl_Id="78">
<Branch CovItemId="B9" CovItemPrefix="Value.java" Implct="false" Intrnl_Id="79">
<Cond/>
<LocList>
<Loc EndOffset="1310" SrcFileId="1" StartOffset="1244"/>
</LocList>
<StmntSeq Intrnl_Id="80">
<LocList>
<Loc EndOffset="1302" SrcFileId="1" StartOffset="1253"/>
</LocList>
<BasicStmnt CovItemId="S18" CovItemPrefix="Value.java" Intrnl_Id="81">
<LocList>
<Loc EndOffset="1302" SrcFileId="1" StartOffset="1253"/>
</LocList>
</BasicStmnt>
</StmntSeq>
</Branch>
<Branch CovItemId="B10" CovItemPrefix="Value.java" Implct="true" Intrnl_Id="82">
<Cond/>
<LocList/>
<StmntSeq Intrnl_Id="83">
<LocList/>
</StmntSeq>
</Branch>
<Keyword EndOffset="1207" SrcFileId="1" StartOffset="1205"/>
<LocList>
<Loc EndOffset="1310" SrcFileId="1" StartOffset="1205"/>
</LocList>
<RootTerm CovItemId="C5" CovItemPrefix="Value.java" Intrnl_Id="84">
<BasicBoolTerm Intrnl_Id="85">
<LocList>
<Loc EndOffset="1236" SrcFileId="1" StartOffset="1208"/>
</LocList>
</BasicBoolTerm>
</RootTerm>
</CondStmnt>
<CondStmnt CovItemId="S19" CovItemPrefix="Value.java" Intrnl_Id="86">
<Branch CovItemId="B11" CovItemPrefix="Value.java" Implct="false" Intrnl_Id="87">
<Cond/>
<LocList>
<Loc EndOffset="1429" SrcFileId="1" StartOffset="1363"/>
</LocList>
<StmntSeq Intrnl_Id="88">
<LocList>
<Loc EndOffset="1421" SrcFileId="1" StartOffset="1372"/>
</LocList>
<BasicStmnt CovItemId="S20" CovItemPrefix="Value.java" Intrnl_Id="89">
<LocList>
<Loc EndOffset="1421" SrcFileId="1" StartOffset="1372"/>
</LocList>
</BasicStmnt>
</StmntSeq>
</Branch>
<Branch CovItemId="B12" CovItemPrefix="Value.java" Implct="true" Intrnl_Id="90">
<Cond/>
<LocList/>
<StmntSeq Intrnl_Id="91">
<LocList/>
</StmntSeq>
</Branch>
<Keyword EndOffset="1326" SrcFileId="1" StartOffset="1324"/>
<LocList>
<Loc EndOffset="1429" SrcFileId="1" StartOffset="1324"/>
</LocList>
<RootTerm CovItemId="C6" CovItemPrefix="Value.java" Intrnl_Id="92">
<BasicBoolTerm Intrnl_Id="93">
<LocList>
<Loc EndOffset="1355" SrcFileId="1" StartOffset="1327"/>
</LocList>
</BasicBoolTerm>
</RootTerm>
</CondStmnt>
<CondStmnt CovItemId="S21" CovItemPrefix="Value.java" Intrnl_Id="94">
<Branch CovItemId="B13" CovItemPrefix="Value.java" Implct="false" Intrnl_Id="95">
<Cond/>
<LocList>
<Loc EndOffset="1577" SrcFileId="1" StartOffset="1548"/>
</LocList>
<StmntSeq Intrnl_Id="96">
<LocList>
<Loc EndOffset="1569" SrcFileId="1" StartOffset="1557"/>
</LocList>
<BasicStmnt CovItemId="S22" CovItemPrefix="Value.java" Intrnl_Id="97">
<LocList>
<Loc EndOffset="1569" SrcFileId="1" StartOffset="1557"/>
</LocList>
</BasicStmnt>
</StmntSeq>
</Branch>
<Branch CovItemId="B14" CovItemPrefix="Value.java" Implct="true" Intrnl_Id="98">
<Cond/>
<LocList/>
<StmntSeq Intrnl_Id="99">
<LocList/>
</StmntSeq>
</Branch>
<Keyword EndOffset="1445" SrcFileId="1" StartOffset="1443"/>
<LocList>
<Loc EndOffset="1577" SrcFileId="1" StartOffset="1443"/>
</LocList>
<RootTerm CovItemId="C7" CovItemPrefix="Value.java" Intrnl_Id="100">
<BasicBoolTerm Intrnl_Id="101">
<LocList>
<Loc EndOffset="1540" SrcFileId="1" StartOffset="1446"/>
</LocList>
</BasicBoolTerm>
</RootTerm>
</CondStmnt>
<BasicStmnt CovItemId="S23" CovItemPrefix="Value.java" Intrnl_Id="102">
<LocList>
<Loc EndOffset="1597" SrcFileId="1" StartOffset="1584"/>
</LocList>
</BasicStmnt>
</StmntSeq>
</HierarchyLvl>
<HierarchyLvl HierarchyLvlId="170" HierarchyLvlTypeId="5" Intrnl_Id="103" Name="isChar">
<Header>
<Loc EndOffset="1639" SrcFileId="1" StartOffset="1616"/>
</Header>
<LocList>
<Loc EndOffset="1847" SrcFileId="1" StartOffset="1616"/>
</LocList>
<StmntSeq Intrnl_Id="104">
<LocList>
<Loc EndOffset="1824" SrcFileId="1" StartOffset="1650"/>
<Loc EndOffset="1840" SrcFileId="1" StartOffset="1828"/>
</LocList>
<CondStmnt CovItemId="S24" CovItemPrefix="Value.java" Intrnl_Id="105">
<Branch CovItemId="B15" CovItemPrefix="Value.java" Implct="false" Intrnl_Id="106">
<Cond/>
<LocList>
<Loc EndOffset="1824" SrcFileId="1" StartOffset="1800"/>
</LocList>
<StmntSeq Intrnl_Id="107">
<LocList>
<Loc EndOffset="1819" SrcFileId="1" StartOffset="1806"/>
</LocList>
<BasicStmnt CovItemId="S25" CovItemPrefix="Value.java" Intrnl_Id="108">
<LocList>
<Loc EndOffset="1819" SrcFileId="1" StartOffset="1806"/>
</LocList>
</BasicStmnt>
</StmntSeq>
</Branch>
<Branch CovItemId="B16" CovItemPrefix="Value.java" Implct="true" Intrnl_Id="109">
<Cond/>
<LocList/>
<StmntSeq Intrnl_Id="110">
<LocList/>
</StmntSeq>
</Branch>
<Keyword EndOffset="1652" SrcFileId="1" StartOffset="1650"/>
<LocList>
<Loc EndOffset="1824" SrcFileId="1" StartOffset="1650"/>
</LocList>
<RootTerm CovItemId="C8" CovItemPrefix="Value.java" Intrnl_Id="111">
<OpTerm BooleanOpId="3" Intrnl_Id="112">
<OpTerm BooleanOpId="3" Intrnl_Id="113">
<BasicBoolTerm Intrnl_Id="114">
<LocList>
<Loc EndOffset="1682" SrcFileId="1" StartOffset="1653"/>
</LocList>
</BasicBoolTerm>
<BasicBoolTerm Intrnl_Id="115">
<LocList>
<Loc EndOffset="1726" SrcFileId="1" StartOffset="1693"/>
</LocList>
</BasicBoolTerm>
<LocList>
<Loc EndOffset="1685" SrcFileId="1" StartOffset="1683"/>
</LocList>
</OpTerm>
<BasicBoolTerm Intrnl_Id="116">
<LocList>
<Loc EndOffset="1795" SrcFileId="1" StartOffset="1737"/>
</LocList>
</BasicBoolTerm>
<LocList>
<Loc EndOffset="1729" SrcFileId="1" StartOffset="1727"/>
</LocList>
</OpTerm>
</RootTerm>
</CondStmnt>
<BasicStmnt CovItemId="S26" CovItemPrefix="Value.java" Intrnl_Id="117">
<LocList>
<Loc EndOffset="1840" SrcFileId="1" StartOffset="1828"/>
</LocList>
</BasicStmnt>
</StmntSeq>
</HierarchyLvl>
<HierarchyLvl HierarchyLvlId="171" HierarchyLvlTypeId="5" Intrnl_Id="118" Name="isString">
<Header>
<Loc EndOffset="1884" SrcFileId="1" StartOffset="1859"/>
</Header>
<LocList>
<Loc EndOffset="2126" SrcFileId="1" StartOffset="1859"/>
</LocList>
<StmntSeq Intrnl_Id="119">
<LocList>
<Loc EndOffset="2103" SrcFileId="1" StartOffset="1898"/>
<Loc EndOffset="2119" SrcFileId="1" StartOffset="2107"/>
</LocList>
<CondStmnt CovItemId="S27" CovItemPrefix="Value.java" Intrnl_Id="120">
<Branch CovItemId="B17" CovItemPrefix="Value.java" Implct="false" Intrnl_Id="121">
<Cond/>
<LocList>
<Loc EndOffset="1967" SrcFileId="1" StartOffset="1937"/>
</LocList>
<StmntSeq Intrnl_Id="122">
<LocList>
<Loc EndOffset="1959" SrcFileId="1" StartOffset="1946"/>
</LocList>
<BasicStmnt CovItemId="S28" CovItemPrefix="Value.java" Intrnl_Id="123">
<LocList>
<Loc EndOffset="1959" SrcFileId="1" StartOffset="1946"/>
</LocList>
</BasicStmnt>
</StmntSeq>
</Branch>
<Branch CovItemId="B18" CovItemPrefix="Value.java" Implct="false" Intrnl_Id="124">
<Cond>
<Loc EndOffset="1978" SrcFileId="1" StartOffset="1974"/>
</Cond>
<LocList>
<Loc EndOffset="2103" SrcFileId="1" StartOffset="1979"/>
</LocList>
<StmntSeq Intrnl_Id="125">
<LocList>
<Loc EndOffset="2103" SrcFileId="1" StartOffset="1979"/>
</LocList>
<CondStmnt CovItemId="S29" CovItemPrefix="Value.java" Intrnl_Id="126">
<Branch CovItemId="B19" CovItemPrefix="Value.java" Implct="false" Intrnl_Id="127">
<Cond/>
<LocList>
<Loc EndOffset="2103" SrcFileId="1" StartOffset="2079"/>
</LocList>
<StmntSeq Intrnl_Id="128">
<LocList>
<Loc EndOffset="2098" SrcFileId="1" StartOffset="2085"/>
</LocList>
<BasicStmnt CovItemId="S30" CovItemPrefix="Value.java" Intrnl_Id="129">
<LocList>
<Loc EndOffset="2098" SrcFileId="1" StartOffset="2085"/>
</LocList>
</BasicStmnt>
</StmntSeq>
</Branch>
<Branch CovItemId="B20" CovItemPrefix="Value.java" Implct="true" Intrnl_Id="130">
<Cond/>
<LocList/>
<StmntSeq Intrnl_Id="131">
<LocList/>
</StmntSeq>
</Branch>
<Keyword EndOffset="1981" SrcFileId="1" StartOffset="1979"/>
<LocList>
<Loc EndOffset="2103" SrcFileId="1" StartOffset="1979"/>
</LocList>
<RootTerm CovItemId="C10" CovItemPrefix="Value.java" Intrnl_Id="132">
<OpTerm BooleanOpId="3" Intrnl_Id="133">
<BasicBoolTerm Intrnl_Id="134">
<LocList>
<Loc EndOffset="2014" SrcFileId="1" StartOffset="1982"/>
</LocList>
</BasicBoolTerm>
<BasicBoolTerm Intrnl_Id="135">
<LocList>
<Loc EndOffset="2074" SrcFileId="1" StartOffset="2017"/>
</LocList>
</BasicBoolTerm>
<LocList>
<Loc EndOffset="2016" SrcFileId="1" StartOffset="2014"/>
</LocList>
</OpTerm>
</RootTerm>
</CondStmnt>
</StmntSeq>
</Branch>
<Keyword EndOffset="1900" SrcFileId="1" StartOffset="1898"/>
<LocList>
<Loc EndOffset="2103" SrcFileId="1" StartOffset="1898"/>
</LocList>
<RootTerm CovItemId="C9" CovItemPrefix="Value.java" Intrnl_Id="136">
<BasicBoolTerm Intrnl_Id="137">
<LocList>
<Loc EndOffset="1929" SrcFileId="1" StartOffset="1901"/>
</LocList>
</BasicBoolTerm>
</RootTerm>
</CondStmnt>
<BasicStmnt CovItemId="S31" CovItemPrefix="Value.java" Intrnl_Id="138">
<LocList>
<Loc EndOffset="2119" SrcFileId="1" StartOffset="2107"/>
</LocList>
</BasicStmnt>
</StmntSeq>
</HierarchyLvl>
<HierarchyLvl HierarchyLvlId="172" HierarchyLvlTypeId="5" Intrnl_Id="139" Name="isBool">
<Header>
<Loc EndOffset="2161" SrcFileId="1" StartOffset="2138"/>
</Header>
<LocList>
<Loc EndOffset="2307" SrcFileId="1" StartOffset="2138"/>
</LocList>
<StmntSeq Intrnl_Id="140">
<LocList>
<Loc EndOffset="2280" SrcFileId="1" StartOffset="2175"/>
<Loc EndOffset="2300" SrcFileId="1" StartOffset="2287"/>
</LocList>
<CondStmnt CovItemId="S32" CovItemPrefix="Value.java" Intrnl_Id="141">
<Branch CovItemId="B21" CovItemPrefix="Value.java" Implct="false" Intrnl_Id="142">
<Cond/>
<LocList>
<Loc EndOffset="2280" SrcFileId="1" StartOffset="2251"/>
</LocList>
<StmntSeq Intrnl_Id="143">
<LocList>
<Loc EndOffset="2272" SrcFileId="1" StartOffset="2260"/>
</LocList>
<BasicStmnt CovItemId="S33" CovItemPrefix="Value.java" Intrnl_Id="144">
<LocList>
<Loc EndOffset="2272" SrcFileId="1" StartOffset="2260"/>
</LocList>
</BasicStmnt>
</StmntSeq>
</Branch>
<Branch CovItemId="B22" CovItemPrefix="Value.java" Implct="true" Intrnl_Id="145">
<Cond/>
<LocList/>
<StmntSeq Intrnl_Id="146">
<LocList/>
</StmntSeq>
</Branch>
<Keyword EndOffset="2177" SrcFileId="1" StartOffset="2175"/>
<LocList>
<Loc EndOffset="2280" SrcFileId="1" StartOffset="2175"/>
</LocList>
<RootTerm CovItemId="C11" CovItemPrefix="Value.java" Intrnl_Id="147">
<OpTerm BooleanOpId="3" Intrnl_Id="148">
<BasicBoolTerm Intrnl_Id="149">
<LocList>
<Loc EndOffset="2208" SrcFileId="1" StartOffset="2178"/>
</LocList>
</BasicBoolTerm>
<BasicBoolTerm Intrnl_Id="150">
<LocList>
<Loc EndOffset="2243" SrcFileId="1" StartOffset="2212"/>
</LocList>
</BasicBoolTerm>
<LocList>
<Loc EndOffset="2211" SrcFileId="1" StartOffset="2209"/>
</LocList>
</OpTerm>
</RootTerm>
</CondStmnt>
<BasicStmnt CovItemId="S34" CovItemPrefix="Value.java" Intrnl_Id="151">
<LocList>
<Loc EndOffset="2300" SrcFileId="1" StartOffset="2287"/>
</LocList>
</BasicStmnt>
</StmntSeq>
</HierarchyLvl>
<HierarchyLvl HierarchyLvlId="173" HierarchyLvlTypeId="5" Intrnl_Id="152" Name="isContainer">
<Header>
<Loc EndOffset="2347" SrcFileId="1" StartOffset="2319"/>
</Header>
<LocList>
<Loc EndOffset="2520" SrcFileId="1" StartOffset="2319"/>
</LocList>
<StmntSeq Intrnl_Id="153">
<LocList>
<Loc EndOffset="2493" SrcFileId="1" StartOffset="2361"/>
<Loc EndOffset="2513" SrcFileId="1" StartOffset="2500"/>
</LocList>
<CondStmnt CovItemId="S35" CovItemPrefix="Value.java" Intrnl_Id="154">
<Branch CovItemId="B23" CovItemPrefix="Value.java" Implct="false" Intrnl_Id="155">
<Cond/>
<LocList>
<Loc EndOffset="2493" SrcFileId="1" StartOffset="2464"/>
</LocList>
<StmntSeq Intrnl_Id="156">
<LocList>
<Loc EndOffset="2485" SrcFileId="1" StartOffset="2473"/>
</LocList>
<BasicStmnt CovItemId="S36" CovItemPrefix="Value.java" Intrnl_Id="157">
<LocList>
<Loc EndOffset="2485" SrcFileId="1" StartOffset="2473"/>
</LocList>
</BasicStmnt>
</StmntSeq>
</Branch>
<Branch CovItemId="B24" CovItemPrefix="Value.java" Implct="true" Intrnl_Id="158">
<Cond/>
<LocList/>
<StmntSeq Intrnl_Id="159">
<LocList/>
</StmntSeq>
</Branch>
<Keyword EndOffset="2363" SrcFileId="1" StartOffset="2361"/>
<LocList>
<Loc EndOffset="2493" SrcFileId="1" StartOffset="2361"/>
</LocList>
<RootTerm CovItemId="C12" CovItemPrefix="Value.java" Intrnl_Id="160">
<OpTerm BooleanOpId="3" Intrnl_Id="161">
<BasicBoolTerm Intrnl_Id="162">
<LocList>
<Loc EndOffset="2417" SrcFileId="1" StartOffset="2364"/>
</LocList>
</BasicBoolTerm>
<BasicBoolTerm Intrnl_Id="163">
<LocList>
<Loc EndOffset="2456" SrcFileId="1" StartOffset="2421"/>
</LocList>
</BasicBoolTerm>
<LocList>
<Loc EndOffset="2420" SrcFileId="1" StartOffset="2418"/>
</LocList>
</OpTerm>
</RootTerm>
</CondStmnt>
<BasicStmnt CovItemId="S37" CovItemPrefix="Value.java" Intrnl_Id="164">
<LocList>
<Loc EndOffset="2513" SrcFileId="1" StartOffset="2500"/>
</LocList>
</BasicStmnt>
</StmntSeq>
</HierarchyLvl>
<HierarchyLvl HierarchyLvlId="174" HierarchyLvlTypeId="5" Intrnl_Id="165" Name="isSameType">
<Header>
<Loc EndOffset="2568" SrcFileId="1" StartOffset="2532"/>
</Header>
<LocList>
<Loc EndOffset="3156" SrcFileId="1" StartOffset="2532"/>
</LocList>
<StmntSeq Intrnl_Id="166">
<LocList>
<Loc EndOffset="2651" SrcFileId="1" StartOffset="2582"/>
<Loc EndOffset="3122" SrcFileId="1" StartOffset="2658"/>
<Loc EndOffset="3149" SrcFileId="1" StartOffset="3136"/>
</LocList>
<CondStmnt CovItemId="S38" CovItemPrefix="Value.java" Intrnl_Id="167">
<Branch CovItemId="B25" CovItemPrefix="Value.java" Implct="false" Intrnl_Id="168">
<Cond/>
<LocList>
<Loc EndOffset="2651" SrcFileId="1" StartOffset="2622"/>
</LocList>
<StmntSeq Intrnl_Id="169">
<LocList>
<Loc EndOffset="2643" SrcFileId="1" StartOffset="2631"/>
</LocList>
<BasicStmnt CovItemId="S39" CovItemPrefix="Value.java" Intrnl_Id="170">
<LocList>
<Loc EndOffset="2643" SrcFileId="1" StartOffset="2631"/>
</LocList>
</BasicStmnt>
</StmntSeq>
</Branch>
<Branch CovItemId="B26" CovItemPrefix="Value.java" Implct="true" Intrnl_Id="171">
<Cond/>
<LocList/>
<StmntSeq Intrnl_Id="172">
<LocList/>
</StmntSeq>
</Branch>
<Keyword EndOffset="2584" SrcFileId="1" StartOffset="2582"/>
<LocList>
<Loc EndOffset="2651" SrcFileId="1" StartOffset="2582"/>
</LocList>
<RootTerm CovItemId="C13" CovItemPrefix="Value.java" Intrnl_Id="173">
<OpTerm BooleanOpId="2" Intrnl_Id="174">
<BasicBoolTerm Intrnl_Id="175">
<LocList>
<Loc EndOffset="2598" SrcFileId="1" StartOffset="2585"/>
</LocList>
</BasicBoolTerm>
<BasicBoolTerm Intrnl_Id="176">
<LocList>
<Loc EndOffset="2614" SrcFileId="1" StartOffset="2602"/>
</LocList>
</BasicBoolTerm>
<LocList>
<Loc EndOffset="2601" SrcFileId="1" StartOffset="2599"/>
</LocList>
</OpTerm>
</RootTerm>
</CondStmnt>
<CondStmnt CovItemId="S40" CovItemPrefix="Value.java" Intrnl_Id="177">
<Branch CovItemId="B27" CovItemPrefix="Value.java" Implct="false" Intrnl_Id="178">
<Cond/>
<LocList>
<Loc EndOffset="2737" SrcFileId="1" StartOffset="2708"/>
</LocList>
<StmntSeq Intrnl_Id="179">
<LocList>
<Loc EndOffset="2729" SrcFileId="1" StartOffset="2717"/>
</LocList>
<BasicStmnt CovItemId="S41" CovItemPrefix="Value.java" Intrnl_Id="180">
<LocList>
<Loc EndOffset="2729" SrcFileId="1" StartOffset="2717"/>
</LocList>
</BasicStmnt>
</StmntSeq>
</Branch>
<Branch CovItemId="B28" CovItemPrefix="Value.java" Implct="false" Intrnl_Id="181">
<Cond>
<Loc EndOffset="2748" SrcFileId="1" StartOffset="2744"/>
</Cond>
<LocList>
<Loc EndOffset="3122" SrcFileId="1" StartOffset="2749"/>
</LocList>
<StmntSeq Intrnl_Id="182">
<LocList>
<Loc EndOffset="3122" SrcFileId="1" StartOffset="2749"/>
</LocList>
<CondStmnt CovItemId="S42" CovItemPrefix="Value.java" Intrnl_Id="183">
<Branch CovItemId="B29" CovItemPrefix="Value.java" Implct="false" Intrnl_Id="184">
<Cond/>
<LocList>
<Loc EndOffset="2818" SrcFileId="1" StartOffset="2789"/>
</LocList>
<StmntSeq Intrnl_Id="185">
<LocList>
<Loc EndOffset="2810" SrcFileId="1" StartOffset="2798"/>
</LocList>
<BasicStmnt CovItemId="S43" CovItemPrefix="Value.java" Intrnl_Id="186">
<LocList>
<Loc EndOffset="2810" SrcFileId="1" StartOffset="2798"/>
</LocList>
</BasicStmnt>
</StmntSeq>
</Branch>
<Branch CovItemId="B30" CovItemPrefix="Value.java" Implct="false" Intrnl_Id="187">
<Cond>
<Loc EndOffset="2829" SrcFileId="1" StartOffset="2825"/>
</Cond>
<LocList>
<Loc EndOffset="3122" SrcFileId="1" StartOffset="2830"/>
</LocList>
<StmntSeq Intrnl_Id="188">
<LocList>
<Loc EndOffset="3122" SrcFileId="1" StartOffset="2830"/>
</LocList>
<CondStmnt CovItemId="S44" CovItemPrefix="Value.java" Intrnl_Id="189">
<Branch CovItemId="B31" CovItemPrefix="Value.java" Implct="false" Intrnl_Id="190">
<Cond/>
<LocList>
<Loc EndOffset="2954" SrcFileId="1" StartOffset="2925"/>
</LocList>
<StmntSeq Intrnl_Id="191">
<LocList>
<Loc EndOffset="2946" SrcFileId="1" StartOffset="2934"/>
</LocList>
<BasicStmnt CovItemId="S45" CovItemPrefix="Value.java" Intrnl_Id="192">
<LocList>
<Loc EndOffset="2946" SrcFileId="1" StartOffset="2934"/>
</LocList>
</BasicStmnt>
</StmntSeq>
</Branch>
<Branch CovItemId="B32" CovItemPrefix="Value.java" Implct="false" Intrnl_Id="193">
<Cond>
<Loc EndOffset="2965" SrcFileId="1" StartOffset="2961"/>
</Cond>
<LocList>
<Loc EndOffset="3122" SrcFileId="1" StartOffset="2966"/>
</LocList>
<StmntSeq Intrnl_Id="194">
<LocList>
<Loc EndOffset="3122" SrcFileId="1" StartOffset="2966"/>
</LocList>
<CondStmnt CovItemId="S46" CovItemPrefix="Value.java" Intrnl_Id="195">
<Branch CovItemId="B33" CovItemPrefix="Value.java" Implct="false" Intrnl_Id="196">
<Cond/>
<LocList>
<Loc EndOffset="3039" SrcFileId="1" StartOffset="3010"/>
</LocList>
<StmntSeq Intrnl_Id="197">
<LocList>
<Loc EndOffset="3031" SrcFileId="1" StartOffset="3019"/>
</LocList>
<BasicStmnt CovItemId="S47" CovItemPrefix="Value.java" Intrnl_Id="198">
<LocList>
<Loc EndOffset="3031" SrcFileId="1" StartOffset="3019"/>
</LocList>
</BasicStmnt>
</StmntSeq>
</Branch>
<Branch CovItemId="B34" CovItemPrefix="Value.java" Implct="false" Intrnl_Id="199">
<Cond>
<Loc EndOffset="3050" SrcFileId="1" StartOffset="3046"/>
</Cond>
<LocList>
<Loc EndOffset="3122" SrcFileId="1" StartOffset="3051"/>
</LocList>
<StmntSeq Intrnl_Id="200">
<LocList>
<Loc EndOffset="3122" SrcFileId="1" StartOffset="3051"/>
</LocList>
<CondStmnt CovItemId="S48" CovItemPrefix="Value.java" Intrnl_Id="201">
<Branch CovItemId="B35" CovItemPrefix="Value.java" Implct="false" Intrnl_Id="202">
<Cond/>
<LocList>
<Loc EndOffset="3122" SrcFileId="1" StartOffset="3093"/>
</LocList>
<StmntSeq Intrnl_Id="203">
<LocList>
<Loc EndOffset="3114" SrcFileId="1" StartOffset="3102"/>
</LocList>
<BasicStmnt CovItemId="S49" CovItemPrefix="Value.java" Intrnl_Id="204">
<LocList>
<Loc EndOffset="3114" SrcFileId="1" StartOffset="3102"/>
</LocList>
</BasicStmnt>
</StmntSeq>
</Branch>
<Branch CovItemId="B36" CovItemPrefix="Value.java" Implct="true" Intrnl_Id="205">
<Cond/>
<LocList/>
<StmntSeq Intrnl_Id="206">
<LocList/>
</StmntSeq>
</Branch>
<Keyword EndOffset="3053" SrcFileId="1" StartOffset="3051"/>
<LocList>
<Loc EndOffset="3122" SrcFileId="1" StartOffset="3051"/>
</LocList>
<RootTerm CovItemId="C18" CovItemPrefix="Value.java" Intrnl_Id="207">
<OpTerm BooleanOpId="2" Intrnl_Id="208">
<BasicBoolTerm Intrnl_Id="209">
<LocList>
<Loc EndOffset="3068" SrcFileId="1" StartOffset="3054"/>
</LocList>
</BasicBoolTerm>
<BasicBoolTerm Intrnl_Id="210">
<LocList>
<Loc EndOffset="3085" SrcFileId="1" StartOffset="3072"/>
</LocList>
</BasicBoolTerm>
<LocList>
<Loc EndOffset="3071" SrcFileId="1" StartOffset="3069"/>
</LocList>
</OpTerm>
</RootTerm>
</CondStmnt>
</StmntSeq>
</Branch>
<Keyword EndOffset="2968" SrcFileId="1" StartOffset="2966"/>
<LocList>
<Loc EndOffset="3122" SrcFileId="1" StartOffset="2966"/>
</LocList>
<RootTerm CovItemId="C17" CovItemPrefix="Value.java" Intrnl_Id="211">
<OpTerm BooleanOpId="2" Intrnl_Id="212">
<BasicBoolTerm Intrnl_Id="213">
<LocList>
<Loc EndOffset="2984" SrcFileId="1" StartOffset="2969"/>
</LocList>
</BasicBoolTerm>
<BasicBoolTerm Intrnl_Id="214">
<LocList>
<Loc EndOffset="3002" SrcFileId="1" StartOffset="2988"/>
</LocList>
</BasicBoolTerm>
<LocList>
<Loc EndOffset="2987" SrcFileId="1" StartOffset="2985"/>
</LocList>
</OpTerm>
</RootTerm>
</CondStmnt>
</StmntSeq>
</Branch>
<Keyword EndOffset="2832" SrcFileId="1" StartOffset="2830"/>
<LocList>
<Loc EndOffset="3122" SrcFileId="1" StartOffset="2830"/>
</LocList>
<RootTerm CovItemId="C16" CovItemPrefix="Value.java" Intrnl_Id="215">
<OpTerm BooleanOpId="3" Intrnl_Id="216">
<OpTerm BooleanOpId="2" Intrnl_Id="217">
<BasicBoolTerm Intrnl_Id="218">
<LocList>
<Loc EndOffset="2849" SrcFileId="1" StartOffset="2833"/>
</LocList>
</BasicBoolTerm>
<BasicBoolTerm Intrnl_Id="219">
<LocList>
<Loc EndOffset="2868" SrcFileId="1" StartOffset="2853"/>
</LocList>
</BasicBoolTerm>
<LocList>
<Loc EndOffset="2852" SrcFileId="1" StartOffset="2850"/>
</LocList>
</OpTerm>
<OpTerm BooleanOpId="2" Intrnl_Id="220">
<BasicBoolTerm Intrnl_Id="221">
<LocList>
<Loc EndOffset="2888" SrcFileId="1" StartOffset="2872"/>
</LocList>
</BasicBoolTerm>
<BasicBoolTerm Intrnl_Id="222">
<LocList>
<Loc EndOffset="2917" SrcFileId="1" StartOffset="2892"/>
</LocList>
</BasicBoolTerm>
<LocList>
<Loc EndOffset="2891" SrcFileId="1" StartOffset="2889"/>
</LocList>
</OpTerm>
<LocList>
<Loc EndOffset="2871" SrcFileId="1" StartOffset="2869"/>
</LocList>
</OpTerm>
</RootTerm>
</CondStmnt>
</StmntSeq>
</Branch>
<Keyword EndOffset="2751" SrcFileId="1" StartOffset="2749"/>
<LocList>
<Loc EndOffset="3122" SrcFileId="1" StartOffset="2749"/>
</LocList>
<RootTerm CovItemId="C15" CovItemPrefix="Value.java" Intrnl_Id="223">
<OpTerm BooleanOpId="2" Intrnl_Id="224">
<BasicBoolTerm Intrnl_Id="225">
<LocList>
<Loc EndOffset="2765" SrcFileId="1" StartOffset="2752"/>
</LocList>
</BasicBoolTerm>
<BasicBoolTerm Intrnl_Id="226">
<LocList>
<Loc EndOffset="2781" SrcFileId="1" StartOffset="2769"/>
</LocList>
</BasicBoolTerm>
<LocList>
<Loc EndOffset="2768" SrcFileId="1" StartOffset="2766"/>
</LocList>
</OpTerm>
</RootTerm>
</CondStmnt>
</StmntSeq>
</Branch>
<Keyword EndOffset="2660" SrcFileId="1" StartOffset="2658"/>
<LocList>
<Loc EndOffset="3122" SrcFileId="1" StartOffset="2658"/>
</LocList>
<RootTerm CovItemId="C14" CovItemPrefix="Value.java" Intrnl_Id="227">
<OpTerm BooleanOpId="2" Intrnl_Id="228">
<BasicBoolTerm Intrnl_Id="229">
<LocList>
<Loc EndOffset="2679" SrcFileId="1" StartOffset="2661"/>
</LocList>
</BasicBoolTerm>
<BasicBoolTerm Intrnl_Id="230">
<LocList>
<Loc EndOffset="2700" SrcFileId="1" StartOffset="2683"/>
</LocList>
</BasicBoolTerm>
<LocList>
<Loc EndOffset="2682" SrcFileId="1" StartOffset="2680"/>
</LocList>
</OpTerm>
</RootTerm>
</CondStmnt>
<BasicStmnt CovItemId="S50" CovItemPrefix="Value.java" Intrnl_Id="231">
<LocList>
<Loc EndOffset="3149" SrcFileId="1" StartOffset="3136"/>
</LocList>
</BasicStmnt>
</StmntSeq>
</HierarchyLvl>
<HierarchyLvl HierarchyLvlId="175" HierarchyLvlTypeId="5" Intrnl_Id="232" Name="GetType">
<Header>
<Loc EndOffset="3191" SrcFileId="1" StartOffset="3168"/>
</Header>
<LocList>
<Loc EndOffset="3963" SrcFileId="1" StartOffset="3168"/>
</LocList>
<StmntSeq Intrnl_Id="233">
<LocList>
<Loc EndOffset="3956" SrcFileId="1" StartOffset="3205"/>
</LocList>
<CondStmnt CovItemId="S51" CovItemPrefix="Value.java" Intrnl_Id="234">
<Branch CovItemId="B37" CovItemPrefix="Value.java" Implct="false" Intrnl_Id="235">
<Cond/>
<LocList>
<Loc EndOffset="3294" SrcFileId="1" StartOffset="3263"/>
</LocList>
<StmntSeq Intrnl_Id="236">
<LocList>
<Loc EndOffset="3286" SrcFileId="1" StartOffset="3272"/>
</LocList>
<BasicStmnt CovItemId="S52" CovItemPrefix="Value.java" Intrnl_Id="237">
<LocList>
<Loc EndOffset="3286" SrcFileId="1" StartOffset="3272"/>
</LocList>
</BasicStmnt>
</StmntSeq>
</Branch>
<Branch CovItemId="B38" CovItemPrefix="Value.java" Implct="false" Intrnl_Id="238">
<Cond>
<Loc EndOffset="3305" SrcFileId="1" StartOffset="3301"/>
</Cond>
<LocList>
<Loc EndOffset="3956" SrcFileId="1" StartOffset="3306"/>
</LocList>
<StmntSeq Intrnl_Id="239">
<LocList>
<Loc EndOffset="3956" SrcFileId="1" StartOffset="3306"/>
</LocList>
<CondStmnt CovItemId="S53" CovItemPrefix="Value.java" Intrnl_Id="240">
<Branch CovItemId="B39" CovItemPrefix="Value.java" Implct="false" Intrnl_Id="241">
<Cond/>
<LocList>
<Loc EndOffset="3410" SrcFileId="1" StartOffset="3374"/>
</LocList>
<StmntSeq Intrnl_Id="242">
<LocList>
<Loc EndOffset="3402" SrcFileId="1" StartOffset="3383"/>
</LocList>
<BasicStmnt CovItemId="S54" CovItemPrefix="Value.java" Intrnl_Id="243">
<LocList>
<Loc EndOffset="3402" SrcFileId="1" StartOffset="3383"/>
</LocList>
</BasicStmnt>
</StmntSeq>
</Branch>
<Branch CovItemId="B40" CovItemPrefix="Value.java" Implct="false" Intrnl_Id="244">
<Cond>
<Loc EndOffset="3421" SrcFileId="1" StartOffset="3417"/>
</Cond>
<LocList>
<Loc EndOffset="3956" SrcFileId="1" StartOffset="3422"/>
</LocList>
<StmntSeq Intrnl_Id="245">
<LocList>
<Loc EndOffset="3956" SrcFileId="1" StartOffset="3422"/>
</LocList>
<CondStmnt CovItemId="S55" CovItemPrefix="Value.java" Intrnl_Id="246">
<Branch CovItemId="B41" CovItemPrefix="Value.java" Implct="false" Intrnl_Id="247">
<Cond/>
<LocList>
<Loc EndOffset="3508" SrcFileId="1" StartOffset="3478"/>
</LocList>
<StmntSeq Intrnl_Id="248">
<LocList>
<Loc EndOffset="3500" SrcFileId="1" StartOffset="3487"/>
</LocList>
<BasicStmnt CovItemId="S56" CovItemPrefix="Value.java" Intrnl_Id="249">
<LocList>
<Loc EndOffset="3500" SrcFileId="1" StartOffset="3487"/>
</LocList>
</BasicStmnt>
</StmntSeq>
</Branch>
<Branch CovItemId="B42" CovItemPrefix="Value.java" Implct="false" Intrnl_Id="250">
<Cond>
<Loc EndOffset="3519" SrcFileId="1" StartOffset="3515"/>
</Cond>
<LocList>
<Loc EndOffset="3956" SrcFileId="1" StartOffset="3520"/>
</LocList>
<StmntSeq Intrnl_Id="251">
<LocList>
<Loc EndOffset="3956" SrcFileId="1" StartOffset="3520"/>
</LocList>
<CondStmnt CovItemId="S57" CovItemPrefix="Value.java" Intrnl_Id="252">
<Branch CovItemId="B43" CovItemPrefix="Value.java" Implct="false" Intrnl_Id="253">
<Cond/>
<LocList>
<Loc EndOffset="3615" SrcFileId="1" StartOffset="3582"/>
</LocList>
<StmntSeq Intrnl_Id="254">
<LocList>
<Loc EndOffset="3607" SrcFileId="1" StartOffset="3591"/>
</LocList>
<BasicStmnt CovItemId="S58" CovItemPrefix="Value.java" Intrnl_Id="255">
<LocList>
<Loc EndOffset="3607" SrcFileId="1" StartOffset="3591"/>
</LocList>
</BasicStmnt>
</StmntSeq>
</Branch>
<Branch CovItemId="B44" CovItemPrefix="Value.java" Implct="false" Intrnl_Id="256">
<Cond>
<Loc EndOffset="3626" SrcFileId="1" StartOffset="3622"/>
</Cond>
<LocList>
<Loc EndOffset="3956" SrcFileId="1" StartOffset="3627"/>
</LocList>
<StmntSeq Intrnl_Id="257">
<LocList>
<Loc EndOffset="3956" SrcFileId="1" StartOffset="3627"/>
</LocList>
<CondStmnt CovItemId="S59" CovItemPrefix="Value.java" Intrnl_Id="258">
<Branch CovItemId="B45" CovItemPrefix="Value.java" Implct="false" Intrnl_Id="259">
<Cond/>
<LocList>
<Loc EndOffset="3716" SrcFileId="1" StartOffset="3685"/>
</LocList>
<StmntSeq Intrnl_Id="260">
<LocList>
<Loc EndOffset="3708" SrcFileId="1" StartOffset="3694"/>
</LocList>
<BasicStmnt CovItemId="S60" CovItemPrefix="Value.java" Intrnl_Id="261">
<LocList>
<Loc EndOffset="3708" SrcFileId="1" StartOffset="3694"/>
</LocList>
</BasicStmnt>
</StmntSeq>
</Branch>
<Branch CovItemId="B46" CovItemPrefix="Value.java" Implct="false" Intrnl_Id="262">
<Cond>
<Loc EndOffset="3727" SrcFileId="1" StartOffset="3723"/>
</Cond>
<LocList>
<Loc EndOffset="3956" SrcFileId="1" StartOffset="3728"/>
</LocList>
<StmntSeq Intrnl_Id="263">
<LocList>
<Loc EndOffset="3956" SrcFileId="1" StartOffset="3728"/>
</LocList>
<CondStmnt CovItemId="S61" CovItemPrefix="Value.java" Intrnl_Id="264">
<Branch CovItemId="B47" CovItemPrefix="Value.java" Implct="false" Intrnl_Id="265">
<Cond/>
<LocList>
<Loc EndOffset="3823" SrcFileId="1" StartOffset="3790"/>
</LocList>
<StmntSeq Intrnl_Id="266">
<LocList>
<Loc EndOffset="3815" SrcFileId="1" StartOffset="3799"/>
</LocList>
<BasicStmnt CovItemId="S62" CovItemPrefix="Value.java" Intrnl_Id="267">
<LocList>
<Loc EndOffset="3815" SrcFileId="1" StartOffset="3799"/>
</LocList>
</BasicStmnt>
</StmntSeq>
</Branch>
<Branch CovItemId="B48" CovItemPrefix="Value.java" Implct="false" Intrnl_Id="268">
<Cond>
<Loc EndOffset="3834" SrcFileId="1" StartOffset="3830"/>
</Cond>
<LocList>
<Loc EndOffset="3956" SrcFileId="1" StartOffset="3835"/>
</LocList>
<StmntSeq Intrnl_Id="269">
<LocList>
<Loc EndOffset="3956" SrcFileId="1" StartOffset="3835"/>
</LocList>
<CondStmnt CovItemId="S63" CovItemPrefix="Value.java" Intrnl_Id="270">
<Branch CovItemId="B49" CovItemPrefix="Value.java" Implct="false" Intrnl_Id="271">
<Cond/>
<LocList>
<Loc EndOffset="3909" SrcFileId="1" StartOffset="3877"/>
</LocList>
<StmntSeq Intrnl_Id="272">
<LocList>
<Loc EndOffset="3901" SrcFileId="1" StartOffset="3886"/>
</LocList>
<BasicStmnt CovItemId="S64" CovItemPrefix="Value.java" Intrnl_Id="273">
<LocList>
<Loc EndOffset="3901" SrcFileId="1" StartOffset="3886"/>
</LocList>
</BasicStmnt>
</StmntSeq>
</Branch>
<Branch CovItemId="B50" CovItemPrefix="Value.java" Implct="false" Intrnl_Id="274">
<Cond>
<Loc EndOffset="3920" SrcFileId="1" StartOffset="3916"/>
</Cond>
<LocList>
<Loc EndOffset="3956" SrcFileId="1" StartOffset="3927"/>
</LocList>
<StmntSeq Intrnl_Id="275">
<LocList>
<Loc EndOffset="3948" SrcFileId="1" StartOffset="3936"/>
</LocList>
<BasicStmnt CovItemId="S65" CovItemPrefix="Value.java" Intrnl_Id="276">
<LocList>
<Loc EndOffset="3948" SrcFileId="1" StartOffset="3936"/>
</LocList>
</BasicStmnt>
</StmntSeq>
</Branch>
<Keyword EndOffset="3837" SrcFileId="1" StartOffset="3835"/>
<LocList>
<Loc EndOffset="3956" SrcFileId="1" StartOffset="3835"/>
</LocList>
<RootTerm CovItemId="C25" CovItemPrefix="Value.java" Intrnl_Id="277">
<BasicBoolTerm Intrnl_Id="278">
<LocList>
<Loc EndOffset="3869" SrcFileId="1" StartOffset="3838"/>
</LocList>
</BasicBoolTerm>
</RootTerm>
</CondStmnt>
</StmntSeq>
</Branch>
<Keyword EndOffset="3730" SrcFileId="1" StartOffset="3728"/>
<LocList>
<Loc EndOffset="3956" SrcFileId="1" StartOffset="3728"/>
</LocList>
<RootTerm CovItemId="C24" CovItemPrefix="Value.java" Intrnl_Id="279">
<OpTerm BooleanOpId="3" Intrnl_Id="280">
<BasicBoolTerm Intrnl_Id="281">
<LocList>
<Loc EndOffset="3746" SrcFileId="1" StartOffset="3731"/>
</LocList>
</BasicBoolTerm>
<BasicBoolTerm Intrnl_Id="282">
<LocList>
<Loc EndOffset="3782" SrcFileId="1" StartOffset="3750"/>
</LocList>
</BasicBoolTerm>
<LocList>
<Loc EndOffset="3749" SrcFileId="1" StartOffset="3747"/>
</LocList>
</OpTerm>
</RootTerm>
</CondStmnt>
</StmntSeq>
</Branch>
<Keyword EndOffset="3629" SrcFileId="1" StartOffset="3627"/>
<LocList>
<Loc EndOffset="3956" SrcFileId="1" StartOffset="3627"/>
</LocList>
<RootTerm CovItemId="C23" CovItemPrefix="Value.java" Intrnl_Id="283">
<OpTerm BooleanOpId="3" Intrnl_Id="284">
<BasicBoolTerm Intrnl_Id="285">
<LocList>
<Loc EndOffset="3643" SrcFileId="1" StartOffset="3630"/>
</LocList>
</BasicBoolTerm>
<BasicBoolTerm Intrnl_Id="286">
<LocList>
<Loc EndOffset="3677" SrcFileId="1" StartOffset="3647"/>
</LocList>
</BasicBoolTerm>
<LocList>
<Loc EndOffset="3646" SrcFileId="1" StartOffset="3644"/>
</LocList>
</OpTerm>
</RootTerm>
</CondStmnt>
</StmntSeq>
</Branch>
<Keyword EndOffset="3522" SrcFileId="1" StartOffset="3520"/>
<LocList>
<Loc EndOffset="3956" SrcFileId="1" StartOffset="3520"/>
</LocList>
<RootTerm CovItemId="C22" CovItemPrefix="Value.java" Intrnl_Id="287">
<OpTerm BooleanOpId="3" Intrnl_Id="288">
<BasicBoolTerm Intrnl_Id="289">
<LocList>
<Loc EndOffset="3538" SrcFileId="1" StartOffset="3523"/>
</LocList>
</BasicBoolTerm>
<BasicBoolTerm Intrnl_Id="290">
<LocList>
<Loc EndOffset="3574" SrcFileId="1" StartOffset="3542"/>
</LocList>
</BasicBoolTerm>
<LocList>
<Loc EndOffset="3541" SrcFileId="1" StartOffset="3539"/>
</LocList>
</OpTerm>
</RootTerm>
</CondStmnt>
</StmntSeq>
</Branch>
<Keyword EndOffset="3424" SrcFileId="1" StartOffset="3422"/>
<LocList>
<Loc EndOffset="3956" SrcFileId="1" StartOffset="3422"/>
</LocList>
<RootTerm CovItemId="C21" CovItemPrefix="Value.java" Intrnl_Id="291">
<OpTerm BooleanOpId="3" Intrnl_Id="292">
<BasicBoolTerm Intrnl_Id="293">
<LocList>
<Loc EndOffset="3437" SrcFileId="1" StartOffset="3425"/>
</LocList>
</BasicBoolTerm>
<BasicBoolTerm Intrnl_Id="294">
<LocList>
<Loc EndOffset="3470" SrcFileId="1" StartOffset="3441"/>
</LocList>
</BasicBoolTerm>
<LocList>
<Loc EndOffset="3440" SrcFileId="1" StartOffset="3438"/>
</LocList>
</OpTerm>
</RootTerm>
</CondStmnt>
</StmntSeq>
</Branch>
<Keyword EndOffset="3308" SrcFileId="1" StartOffset="3306"/>
<LocList>
<Loc EndOffset="3956" SrcFileId="1" StartOffset="3306"/>
</LocList>
<RootTerm CovItemId="C20" CovItemPrefix="Value.java" Intrnl_Id="295">
<OpTerm BooleanOpId="3" Intrnl_Id="296">
<BasicBoolTerm Intrnl_Id="297">
<LocList>
<Loc EndOffset="3344" SrcFileId="1" StartOffset="3309"/>
</LocList>
</BasicBoolTerm>
<BasicBoolTerm Intrnl_Id="298">
<LocList>
<Loc EndOffset="3366" SrcFileId="1" StartOffset="3348"/>
</LocList>
</BasicBoolTerm>
<LocList>
<Loc EndOffset="3347" SrcFileId="1" StartOffset="3345"/>
</LocList>
</OpTerm>
</RootTerm>
</CondStmnt>
</StmntSeq>
</Branch>
<Keyword EndOffset="3207" SrcFileId="1" StartOffset="3205"/>
<LocList>
<Loc EndOffset="3956" SrcFileId="1" StartOffset="3205"/>
</LocList>
<RootTerm CovItemId="C19" CovItemPrefix="Value.java" Intrnl_Id="299">
<OpTerm BooleanOpId="3" Intrnl_Id="300">
<BasicBoolTerm Intrnl_Id="301">
<LocList>
<Loc EndOffset="3221" SrcFileId="1" StartOffset="3208"/>
</LocList>
</BasicBoolTerm>
<BasicBoolTerm Intrnl_Id="302">
<LocList>
<Loc EndOffset="3255" SrcFileId="1" StartOffset="3225"/>
</LocList>
</BasicBoolTerm>
<LocList>
<Loc EndOffset="3224" SrcFileId="1" StartOffset="3222"/>
</LocList>
</OpTerm>
</RootTerm>
</CondStmnt>
</StmntSeq>
</HierarchyLvl>
<HierarchyLvl HierarchyLvlId="176" HierarchyLvlTypeId="5" Intrnl_Id="303" Name="toString">
<Header>
<Loc EndOffset="4010" SrcFileId="1" StartOffset="3971"/>
</Header>
<LocList>
<Loc EndOffset="4058" SrcFileId="1" StartOffset="3971"/>
</LocList>
<StmntSeq Intrnl_Id="304">
<LocList>
<Loc EndOffset="4051" SrcFileId="1" StartOffset="4022"/>
</LocList>
<BasicStmnt CovItemId="S66" CovItemPrefix="Value.java" Intrnl_Id="305">
<LocList>
<Loc EndOffset="4051" SrcFileId="1" StartOffset="4022"/>
</LocList>
</BasicStmnt>
</StmntSeq>
</HierarchyLvl>
</HierarchyLvl>
</HierarchyLvl>
</MASTRoot>
<TestSession Comment="" Date="1368543043741" Name="May 14, 2013 4:50:43 PM">
<TestCase Comment="" Date="1368543043456" Name="ValueTest:testValue">
<CovList>
<CovPrefix CovItemPrefix="Value.java">
<Cov CovItemId="B15" Value="1"/>
<Cov CovItemId="B17" Value="1"/>
<Cov CovItemId="B2" Value="1"/>
<Cov CovItemId="B22" Value="1"/>
<Cov CovItemId="B24" Value="1"/>
<Cov CovItemId="B38" Value="1"/>
<Cov CovItemId="B4" Value="1"/>
<Cov CovItemId="B40" Value="1"/>
<Cov CovItemId="B42" Value="1"/>
<Cov CovItemId="B44" Value="1"/>
<Cov CovItemId="B46" Value="1"/>
<Cov CovItemId="B48" Value="1"/>
<Cov CovItemId="B50" Value="1"/>
<Cov CovItemId="S1" Value="1"/>
<Cov CovItemId="S2" Value="1"/>
<Cov CovItemId="S24" Value="1"/>
<Cov CovItemId="S25" Value="1"/>
<Cov CovItemId="S27" Value="1"/>
<Cov CovItemId="S28" Value="1"/>
<Cov CovItemId="S3" Value="3"/>
<Cov CovItemId="S32" Value="1"/>
<Cov CovItemId="S34" Value="1"/>
<Cov CovItemId="S35" Value="1"/>
<Cov CovItemId="S37" Value="1"/>
<Cov CovItemId="S4" Value="1"/>
<Cov CovItemId="S51" Value="1"/>
<Cov CovItemId="S53" Value="1"/>
<Cov CovItemId="S55" Value="1"/>
<Cov CovItemId="S57" Value="1"/>
<Cov CovItemId="S59" Value="1"/>
<Cov CovItemId="S6" Value="1"/>
<Cov CovItemId="S61" Value="1"/>
<Cov CovItemId="S63" Value="1"/>
<Cov CovItemId="S65" Value="1"/>
<Cov CovItemId="S66" Value="20"/>
<Cov CovItemId="S7" Value="1"/>
<Cov CovItemId="S9" Value="1"/>
</CovPrefix>
</CovList>
<AssgnmntList>
<AssgnmntPrefix RootTermCovItemPrefix="Value.java">
<AssgnmntListEntry Length="1" RootTermCovItemId="C1">
<MapEntry BoolAssgnmnt="0" Value="1"/>
</AssgnmntListEntry>
<AssgnmntListEntry Length="2" RootTermCovItemId="C11">
<MapEntry BoolAssgnmnt="00" Value="1"/>
</AssgnmntListEntry>
<AssgnmntListEntry Length="2" RootTermCovItemId="C12">
<MapEntry BoolAssgnmnt="00" Value="1"/>
</AssgnmntListEntry>
<AssgnmntListEntry Length="2" RootTermCovItemId="C19">
<MapEntry BoolAssgnmnt="00" Value="1"/>
</AssgnmntListEntry>
<AssgnmntListEntry Length="5" RootTermCovItemId="C2">
<MapEntry BoolAssgnmnt="00000" Value="1"/>
</AssgnmntListEntry>
<AssgnmntListEntry Length="2" RootTermCovItemId="C20">
<MapEntry BoolAssgnmnt="00" Value="1"/>
</AssgnmntListEntry>
<AssgnmntListEntry Length="2" RootTermCovItemId="C21">
<MapEntry BoolAssgnmnt="00" Value="1"/>
</AssgnmntListEntry>
<AssgnmntListEntry Length="2" RootTermCovItemId="C22">
<MapEntry BoolAssgnmnt="00" Value="1"/>
</AssgnmntListEntry>
<AssgnmntListEntry Length="2" RootTermCovItemId="C23">
<MapEntry BoolAssgnmnt="00" Value="1"/>
</AssgnmntListEntry>
<AssgnmntListEntry Length="2" RootTermCovItemId="C24">
<MapEntry BoolAssgnmnt="00" Value="1"/>
</AssgnmntListEntry>
<AssgnmntListEntry Length="1" RootTermCovItemId="C25">
<MapEntry BoolAssgnmnt="0" Value="1"/>
</AssgnmntListEntry>
<AssgnmntListEntry Length="3" RootTermCovItemId="C8">
<MapEntry BoolAssgnmnt="122" Value="1"/>
</AssgnmntListEntry>
<AssgnmntListEntry Length="1" RootTermCovItemId="C9">
<MapEntry BoolAssgnmnt="1" Value="1"/>
</AssgnmntListEntry>
</AssgnmntPrefix>
</AssgnmntList>
<ObjMetaDataList/>
<MetaDataList/>
</TestCase>
<TestCase Comment="" Date="1368543043462" Name="ValueTest:testIsDouble">
<CovList>
<CovPrefix CovItemPrefix="Value.java">
<Cov CovItemId="B1" Value="1"/>
<Cov CovItemId="B2" Value="2"/>
<Cov CovItemId="S2" Value="3"/>
<Cov CovItemId="S4" Value="3"/>
<Cov CovItemId="S5" Value="1"/>
<Cov CovItemId="S6" Value="2"/>
<Cov CovItemId="S66" Value="3"/>
</CovPrefix>
</CovList>
<AssgnmntList>
<AssgnmntPrefix RootTermCovItemPrefix="Value.java">
<AssgnmntListEntry Length="1" RootTermCovItemId="C1">
<MapEntry BoolAssgnmnt="0" Value="2"/>
<MapEntry BoolAssgnmnt="1" Value="1"/>
</AssgnmntListEntry>
</AssgnmntPrefix>
</AssgnmntList>
<ObjMetaDataList/>
<MetaDataList/>
</TestCase>
<TestCase Comment="" Date="1368543043463" Name="ValueTest:testIsInt">
<CovList>
<CovPrefix CovItemPrefix="Value.java">
<Cov CovItemId="B3" Value="1"/>
<Cov CovItemId="B4" Value="2"/>
<Cov CovItemId="S2" Value="3"/>
<Cov CovItemId="S66" Value="11"/>
<Cov CovItemId="S7" Value="3"/>
<Cov CovItemId="S8" Value="1"/>
<Cov CovItemId="S9" Value="2"/>
</CovPrefix>
</CovList>
<AssgnmntList>
<AssgnmntPrefix RootTermCovItemPrefix="Value.java">
<AssgnmntListEntry Length="5" RootTermCovItemId="C2">
<MapEntry BoolAssgnmnt="12222" Value="1"/>
<MapEntry BoolAssgnmnt="00000" Value="2"/>
</AssgnmntListEntry>
</AssgnmntPrefix>
</AssgnmntList>
<ObjMetaDataList/>
<MetaDataList/>
</TestCase>
<TestCase Comment="" Date="1368543043464" Name="ValueTest:testIsChar">
<CovList>
<CovPrefix CovItemPrefix="Value.java">
<Cov CovItemId="B15" Value="5"/>
<Cov CovItemId="B16" Value="1"/>
<Cov CovItemId="S2" Value="6"/>
<Cov CovItemId="S24" Value="6"/>
<Cov CovItemId="S25" Value="5"/>
<Cov CovItemId="S26" Value="1"/>
<Cov CovItemId="S66" Value="13"/>
</CovPrefix>
</CovList>
<AssgnmntList>
<AssgnmntPrefix RootTermCovItemPrefix="Value.java">
<AssgnmntListEntry Length="3" RootTermCovItemId="C8">
<MapEntry BoolAssgnmnt="012" Value="1"/>
<MapEntry BoolAssgnmnt="000" Value="1"/>
<MapEntry BoolAssgnmnt="122" Value="3"/>
<MapEntry BoolAssgnmnt="001" Value="1"/>
</AssgnmntListEntry>
</AssgnmntPrefix>
</AssgnmntList>
<ObjMetaDataList/>
<MetaDataList/>
</TestCase>
<TestCase Comment="" Date="1368543043465" Name="ValueTest:testIsDrink">
<CovList>
<CovPrefix CovItemPrefix="Value.java">
<Cov CovItemId="B5" Value="1"/>
<Cov CovItemId="B6" Value="2"/>
<Cov CovItemId="S10" Value="3"/>
<Cov CovItemId="S11" Value="1"/>
<Cov CovItemId="S12" Value="2"/>
<Cov CovItemId="S2" Value="3"/>
<Cov CovItemId="S66" Value="3"/>
</CovPrefix>
</CovList>
<AssgnmntList>
<AssgnmntPrefix RootTermCovItemPrefix="Value.java">
<AssgnmntListEntry Length="1" RootTermCovItemId="C3">
<MapEntry BoolAssgnmnt="0" Value="2"/>
<MapEntry BoolAssgnmnt="1" Value="1"/>
</AssgnmntListEntry>
</AssgnmntPrefix>
</AssgnmntList>
<ObjMetaDataList/>
<MetaDataList/>
</TestCase>
<TestCase Comment="" Date="1368543043466" Name="ValueTest:testIsString">
<CovList>
<CovPrefix CovItemPrefix="Value.java">
<Cov CovItemId="B18" Value="4"/>
<Cov CovItemId="B19" Value="2"/>
<Cov CovItemId="B20" Value="2"/>
<Cov CovItemId="S2" Value="4"/>
<Cov CovItemId="S27" Value="4"/>
<Cov CovItemId="S29" Value="4"/>
<Cov CovItemId="S30" Value="2"/>
<Cov CovItemId="S31" Value="2"/>
<Cov CovItemId="S66" Value="14"/>
</CovPrefix>
</CovList>
<AssgnmntList>
<AssgnmntPrefix RootTermCovItemPrefix="Value.java">
<AssgnmntListEntry Length="2" RootTermCovItemId="C10">
<MapEntry BoolAssgnmnt="01" Value="1"/>
<MapEntry BoolAssgnmnt="00" Value="2"/>
<MapEntry BoolAssgnmnt="12" Value="1"/>
</AssgnmntListEntry>
<AssgnmntListEntry Length="1" RootTermCovItemId="C9">
<MapEntry BoolAssgnmnt="0" Value="4"/>
</AssgnmntListEntry>
</AssgnmntPrefix>
</AssgnmntList>
<ObjMetaDataList/>
<MetaDataList/>
</TestCase>
<TestCase Comment="" Date="1368543043467" Name="ValueTest:testIsBool">
<CovList>
<CovPrefix CovItemPrefix="Value.java">
<Cov CovItemId="B21" Value="2"/>
<Cov CovItemId="B22" Value="1"/>
<Cov CovItemId="S2" Value="3"/>
<Cov CovItemId="S32" Value="3"/>
<Cov CovItemId="S33" Value="2"/>
<Cov CovItemId="S34" Value="1"/>
<Cov CovItemId="S66" Value="4"/>
</CovPrefix>
</CovList>
<AssgnmntList>
<AssgnmntPrefix RootTermCovItemPrefix="Value.java">
<AssgnmntListEntry Length="2" RootTermCovItemId="C11">
<MapEntry BoolAssgnmnt="00" Value="1"/>
<MapEntry BoolAssgnmnt="12" Value="2"/>
</AssgnmntListEntry>
</AssgnmntPrefix>
</AssgnmntList>
<ObjMetaDataList/>
<MetaDataList/>
</TestCase>
<TestCase Comment="" Date="1368543043468" Name="ValueTest:testToString">
<CovList>
<CovPrefix CovItemPrefix="Value.java">
<Cov CovItemId="S2" Value="2"/>
<Cov CovItemId="S66" Value="2"/>
</CovPrefix>
</CovList>
<AssgnmntList/>
<ObjMetaDataList/>
<MetaDataList/>
</TestCase>
<TestCase Comment="" Date="1368543043469" Name="ValueTest:testGetType">
<CovList>
<CovPrefix CovItemPrefix="Value.java">
<Cov CovItemId="B1" Value="1"/>
<Cov CovItemId="B15" Value="4"/>
<Cov CovItemId="B16" Value="1"/>
<Cov CovItemId="B18" Value="3"/>
<Cov CovItemId="B19" Value="2"/>
<Cov CovItemId="B2" Value="6"/>
<Cov CovItemId="B20" Value="1"/>
<Cov CovItemId="B21" Value="1"/>
<Cov CovItemId="B22" Value="12"/>
<Cov CovItemId="B23" Value="1"/>
<Cov CovItemId="B24" Value="9"/>
<Cov CovItemId="B3" Value="1"/>
<Cov CovItemId="B37" Value="2"/>
<Cov CovItemId="B38" Value="11"/>
<Cov CovItemId="B39" Value="2"/>
<Cov CovItemId="B4" Value="8"/>
<Cov CovItemId="B40" Value="9"/>
<Cov CovItemId="B41" Value="2"/>
<Cov CovItemId="B42" Value="7"/>
<Cov CovItemId="B43" Value="2"/>
<Cov CovItemId="B44" Value="5"/>
<Cov CovItemId="B45" Value="2"/>
<Cov CovItemId="B46" Value="3"/>
<Cov CovItemId="B47" Value="2"/>
<Cov CovItemId="B48" Value="1"/>
<Cov CovItemId="B49" Value="1"/>
<Cov CovItemId="S2" Value="13"/>
<Cov CovItemId="S24" Value="5"/>
<Cov CovItemId="S25" Value="4"/>
<Cov CovItemId="S26" Value="1"/>
<Cov CovItemId="S27" Value="3"/>
<Cov CovItemId="S29" Value="3"/>
<Cov CovItemId="S30" Value="2"/>
<Cov CovItemId="S31" Value="1"/>
<Cov CovItemId="S32" Value="13"/>
<Cov CovItemId="S33" Value="1"/>
<Cov CovItemId="S34" Value="12"/>
<Cov CovItemId="S35" Value="10"/>
<Cov CovItemId="S36" Value="1"/>
<Cov CovItemId="S37" Value="9"/>
<Cov CovItemId="S4" Value="7"/>
<Cov CovItemId="S5" Value="1"/>
<Cov CovItemId="S51" Value="13"/>
<Cov CovItemId="S52" Value="2"/>
<Cov CovItemId="S53" Value="11"/>
<Cov CovItemId="S54" Value="2"/>
<Cov CovItemId="S55" Value="9"/>
<Cov CovItemId="S56" Value="2"/>
<Cov CovItemId="S57" Value="7"/>
<Cov CovItemId="S58" Value="2"/>
<Cov CovItemId="S59" Value="5"/>
<Cov CovItemId="S6" Value="6"/>
<Cov CovItemId="S60" Value="2"/>
<Cov CovItemId="S61" Value="3"/>
<Cov CovItemId="S62" Value="2"/>
<Cov CovItemId="S63" Value="1"/>
<Cov CovItemId="S64" Value="1"/>
<Cov CovItemId="S66" Value="152"/>
<Cov CovItemId="S7" Value="9"/>
<Cov CovItemId="S8" Value="1"/>
<Cov CovItemId="S9" Value="8"/>
</CovPrefix>
</CovList>
<AssgnmntList>
<AssgnmntPrefix RootTermCovItemPrefix="Value.java">
<AssgnmntListEntry Length="1" RootTermCovItemId="C1">
<MapEntry BoolAssgnmnt="0" Value="6"/>
<MapEntry BoolAssgnmnt="1" Value="1"/>
</AssgnmntListEntry>
<AssgnmntListEntry Length="2" RootTermCovItemId="C10">
<MapEntry BoolAssgnmnt="00" Value="1"/>
<MapEntry BoolAssgnmnt="12" Value="2"/>
</AssgnmntListEntry>
<AssgnmntListEntry Length="2" RootTermCovItemId="C11">
<MapEntry BoolAssgnmnt="00" Value="12"/>
<MapEntry BoolAssgnmnt="12" Value="1"/>
</AssgnmntListEntry>
<AssgnmntListEntry Length="2" RootTermCovItemId="C12">
<MapEntry BoolAssgnmnt="00" Value="9"/>
<MapEntry BoolAssgnmnt="12" Value="1"/>
</AssgnmntListEntry>
<AssgnmntListEntry Length="2" RootTermCovItemId="C19">
<MapEntry BoolAssgnmnt="01" Value="1"/>
<MapEntry BoolAssgnmnt="00" Value="11"/>
<MapEntry BoolAssgnmnt="12" Value="1"/>
</AssgnmntListEntry>
<AssgnmntListEntry Length="5" RootTermCovItemId="C2">
<MapEntry BoolAssgnmnt="12222" Value="1"/>
<MapEntry BoolAssgnmnt="00000" Value="8"/>
</AssgnmntListEntry>
<AssgnmntListEntry Length="2" RootTermCovItemId="C20">
<MapEntry BoolAssgnmnt="01" Value="1"/>
<MapEntry BoolAssgnmnt="00" Value="9"/>
<MapEntry BoolAssgnmnt="12" Value="1"/>
</AssgnmntListEntry>
<AssgnmntListEntry Length="2" RootTermCovItemId="C21">
<MapEntry BoolAssgnmnt="01" Value="1"/>
<MapEntry BoolAssgnmnt="00" Value="7"/>
<MapEntry BoolAssgnmnt="12" Value="1"/>
</AssgnmntListEntry>
<AssgnmntListEntry Length="2" RootTermCovItemId="C22">
<MapEntry BoolAssgnmnt="01" Value="1"/>
<MapEntry BoolAssgnmnt="00" Value="5"/>
<MapEntry BoolAssgnmnt="12" Value="1"/>
</AssgnmntListEntry>
<AssgnmntListEntry Length="2" RootTermCovItemId="C23">
<MapEntry BoolAssgnmnt="01" Value="1"/>
<MapEntry BoolAssgnmnt="00" Value="3"/>
<MapEntry BoolAssgnmnt="12" Value="1"/>
</AssgnmntListEntry>
<AssgnmntListEntry Length="2" RootTermCovItemId="C24">
<MapEntry BoolAssgnmnt="01" Value="1"/>
<MapEntry BoolAssgnmnt="00" Value="1"/>
<MapEntry BoolAssgnmnt="12" Value="1"/>
</AssgnmntListEntry>
<AssgnmntListEntry Length="1" RootTermCovItemId="C25">
<MapEntry BoolAssgnmnt="1" Value="1"/>
</AssgnmntListEntry>
<AssgnmntListEntry Length="3" RootTermCovItemId="C8">
<MapEntry BoolAssgnmnt="000" Value="1"/>
<MapEntry BoolAssgnmnt="122" Value="4"/>
</AssgnmntListEntry>
<AssgnmntListEntry Length="1" RootTermCovItemId="C9">
<MapEntry BoolAssgnmnt="0" Value="3"/>
</AssgnmntListEntry>
</AssgnmntPrefix>
</AssgnmntList>
<ObjMetaDataList/>
<MetaDataList/>
</TestCase>
<TestCase Comment="" Date="1368543043471" Name="ValueTest:testIsNumericExpression">
<CovList>
<CovPrefix CovItemPrefix="Value.java">
<Cov CovItemId="B10" Value="3"/>
<Cov CovItemId="B11" Value="2"/>
<Cov CovItemId="B12" Value="3"/>
<Cov CovItemId="B13" Value="3"/>
<Cov CovItemId="B14" Value="2"/>
<Cov CovItemId="B9" Value="2"/>
<Cov CovItemId="S16" Value="5"/>
<Cov CovItemId="S17" Value="5"/>
<Cov CovItemId="S18" Value="2"/>
<Cov CovItemId="S19" Value="5"/>
<Cov CovItemId="S2" Value="5"/>
<Cov CovItemId="S20" Value="2"/>
<Cov CovItemId="S21" Value="5"/>
<Cov CovItemId="S22" Value="3"/>
<Cov CovItemId="S23" Value="2"/>
<Cov CovItemId="S66" Value="5"/>
</CovPrefix>
</CovList>
<AssgnmntList>
<AssgnmntPrefix RootTermCovItemPrefix="Value.java">
<AssgnmntListEntry Length="1" RootTermCovItemId="C5">
<MapEntry BoolAssgnmnt="0" Value="3"/>
<MapEntry BoolAssgnmnt="1" Value="2"/>
</AssgnmntListEntry>
<AssgnmntListEntry Length="1" RootTermCovItemId="C6">
<MapEntry BoolAssgnmnt="0" Value="3"/>
<MapEntry BoolAssgnmnt="1" Value="2"/>
</AssgnmntListEntry>
<AssgnmntListEntry Length="1" RootTermCovItemId="C7">
<MapEntry BoolAssgnmnt="0" Value="2"/>
<MapEntry BoolAssgnmnt="1" Value="3"/>
</AssgnmntListEntry>
</AssgnmntPrefix>
</AssgnmntList>
<ObjMetaDataList/>
<MetaDataList/>
</TestCase>
<TestCase Comment="" Date="1368543043473" Name="ValueTest:testIsNumeric">
<CovList>
<CovPrefix CovItemPrefix="Value.java">
<Cov CovItemId="B1" Value="1"/>
<Cov CovItemId="B2" Value="3"/>
<Cov CovItemId="B3" Value="1"/>
<Cov CovItemId="B4" Value="4"/>
<Cov CovItemId="B7" Value="4"/>
<Cov CovItemId="B8" Value="1"/>
<Cov CovItemId="S13" Value="5"/>
<Cov CovItemId="S14" Value="4"/>
<Cov CovItemId="S15" Value="1"/>
<Cov CovItemId="S2" Value="5"/>
<Cov CovItemId="S4" Value="4"/>
<Cov CovItemId="S5" Value="1"/>
<Cov CovItemId="S6" Value="3"/>
<Cov CovItemId="S66" Value="30"/>
<Cov CovItemId="S7" Value="5"/>
<Cov CovItemId="S8" Value="1"/>
<Cov CovItemId="S9" Value="4"/>
</CovPrefix>
</CovList>
<AssgnmntList>
<AssgnmntPrefix RootTermCovItemPrefix="Value.java">
<AssgnmntListEntry Length="1" RootTermCovItemId="C1">
<MapEntry BoolAssgnmnt="0" Value="3"/>
<MapEntry BoolAssgnmnt="1" Value="1"/>
</AssgnmntListEntry>
<AssgnmntListEntry Length="5" RootTermCovItemId="C2">
<MapEntry BoolAssgnmnt="12222" Value="1"/>
<MapEntry BoolAssgnmnt="00000" Value="4"/>
</AssgnmntListEntry>
<AssgnmntListEntry Length="4" RootTermCovItemId="C4">
<MapEntry BoolAssgnmnt="0000" Value="1"/>
<MapEntry BoolAssgnmnt="0122" Value="1"/>
<MapEntry BoolAssgnmnt="0001" Value="1"/>
<MapEntry BoolAssgnmnt="1222" Value="1"/>
<MapEntry BoolAssgnmnt="0012" Value="1"/>
</AssgnmntListEntry>
</AssgnmntPrefix>
</AssgnmntList>
<ObjMetaDataList/>
<MetaDataList/>
</TestCase>
<TestCase Comment="" Date="1368543043475" Name="ValueTest:testValueObject">
<CovList>
<CovPrefix CovItemPrefix="Value.java">
<Cov CovItemId="S2" Value="3"/>
</CovPrefix>
</CovList>
<AssgnmntList/>
<ObjMetaDataList/>
<MetaDataList/>
</TestCase>
<TestCase Comment="" Date="1368543043476" Name="ValueTest:testIsSameType">
<CovList>
<CovPrefix CovItemPrefix="Value.java">
<Cov CovItemId="B1" Value="1"/>
<Cov CovItemId="B10" Value="2"/>
<Cov CovItemId="B12" Value="2"/>
<Cov CovItemId="B13" Value="1"/>
<Cov CovItemId="B14" Value="1"/>
<Cov CovItemId="B15" Value="10"/>
<Cov CovItemId="B16" Value="3"/>
<Cov CovItemId="B18" Value="9"/>
<Cov CovItemId="B19" Value="6"/>
<Cov CovItemId="B2" Value="14"/>
<Cov CovItemId="B20" Value="3"/>
<Cov CovItemId="B21" Value="3"/>
<Cov CovItemId="B22" Value="12"/>
<Cov CovItemId="B23" Value="4"/>
<Cov CovItemId="B24" Value="11"/>
<Cov CovItemId="B25" Value="1"/>
<Cov CovItemId="B26" Value="12"/>
<Cov CovItemId="B27" Value="1"/>
<Cov CovItemId="B28" Value="11"/>
<Cov CovItemId="B29" Value="1"/>
<Cov CovItemId="B3" Value="7"/>
<Cov CovItemId="B30" Value="10"/>
<Cov CovItemId="B31" Value="3"/>
<Cov CovItemId="B32" Value="7"/>
<Cov CovItemId="B33" Value="1"/>
<Cov CovItemId="B34" Value="6"/>
<Cov CovItemId="B35" Value="1"/>
<Cov CovItemId="B36" Value="5"/>
<Cov CovItemId="B4" Value="15"/>
<Cov CovItemId="B5" Value="3"/>
<Cov CovItemId="B6" Value="5"/>
<Cov CovItemId="B7" Value="8"/>
<Cov CovItemId="B8" Value="14"/>
<Cov CovItemId="S10" Value="8"/>
<Cov CovItemId="S11" Value="3"/>
<Cov CovItemId="S12" Value="5"/>
<Cov CovItemId="S13" Value="22"/>
<Cov CovItemId="S14" Value="8"/>
<Cov CovItemId="S15" Value="14"/>
<Cov CovItemId="S16" Value="2"/>
<Cov CovItemId="S17" Value="2"/>
<Cov CovItemId="S19" Value="2"/>
<Cov CovItemId="S2" Value="26"/>
<Cov CovItemId="S21" Value="2"/>
<Cov CovItemId="S22" Value="1"/>
<Cov CovItemId="S23" Value="1"/>
<Cov CovItemId="S24" Value="13"/>
<Cov CovItemId="S25" Value="10"/>
<Cov CovItemId="S26" Value="3"/>
<Cov CovItemId="S27" Value="9"/>
<Cov CovItemId="S29" Value="9"/>
<Cov CovItemId="S30" Value="6"/>
<Cov CovItemId="S31" Value="3"/>
<Cov CovItemId="S32" Value="15"/>
<Cov CovItemId="S33" Value="3"/>
<Cov CovItemId="S34" Value="12"/>
<Cov CovItemId="S35" Value="15"/>
<Cov CovItemId="S36" Value="4"/>
<Cov CovItemId="S37" Value="11"/>
<Cov CovItemId="S38" Value="13"/>
<Cov CovItemId="S39" Value="1"/>
<Cov CovItemId="S4" Value="15"/>
<Cov CovItemId="S40" Value="12"/>
<Cov CovItemId="S41" Value="1"/>
<Cov CovItemId="S42" Value="11"/>
<Cov CovItemId="S43" Value="1"/>
<Cov CovItemId="S44" Value="10"/>
<Cov CovItemId="S45" Value="3"/>
<Cov CovItemId="S46" Value="7"/>
<Cov CovItemId="S47" Value="1"/>
<Cov CovItemId="S48" Value="6"/>
<Cov CovItemId="S49" Value="1"/>
<Cov CovItemId="S5" Value="1"/>
<Cov CovItemId="S50" Value="5"/>
<Cov CovItemId="S6" Value="14"/>
<Cov CovItemId="S66" Value="235"/>
<Cov CovItemId="S7" Value="22"/>
<Cov CovItemId="S8" Value="7"/>
<Cov CovItemId="S9" Value="15"/>
</CovPrefix>
</CovList>
<AssgnmntList>
<AssgnmntPrefix RootTermCovItemPrefix="Value.java">
<AssgnmntListEntry Length="1" RootTermCovItemId="C1">
<MapEntry BoolAssgnmnt="0" Value="14"/>
<MapEntry BoolAssgnmnt="1" Value="1"/>
</AssgnmntListEntry>
<AssgnmntListEntry Length="2" RootTermCovItemId="C10">
<MapEntry BoolAssgnmnt="00" Value="3"/>
<MapEntry BoolAssgnmnt="12" Value="6"/>
</AssgnmntListEntry>
<AssgnmntListEntry Length="2" RootTermCovItemId="C11">
<MapEntry BoolAssgnmnt="01" Value="1"/>
<MapEntry BoolAssgnmnt="00" Value="12"/>
<MapEntry BoolAssgnmnt="12" Value="2"/>
</AssgnmntListEntry>
<AssgnmntListEntry Length="2" RootTermCovItemId="C12">
<MapEntry BoolAssgnmnt="00" Value="11"/>
<MapEntry BoolAssgnmnt="12" Value="4"/>
</AssgnmntListEntry>
<AssgnmntListEntry Length="2" RootTermCovItemId="C13">
<MapEntry BoolAssgnmnt="10" Value="1"/>
<MapEntry BoolAssgnmnt="02" Value="11"/>
<MapEntry BoolAssgnmnt="11" Value="1"/>
</AssgnmntListEntry>
<AssgnmntListEntry Length="2" RootTermCovItemId="C14">
<MapEntry BoolAssgnmnt="10" Value="2"/>
<MapEntry BoolAssgnmnt="02" Value="9"/>
<MapEntry BoolAssgnmnt="11" Value="1"/>
</AssgnmntListEntry>
<AssgnmntListEntry Length="2" RootTermCovItemId="C15">
<MapEntry BoolAssgnmnt="10" Value="1"/>
<MapEntry BoolAssgnmnt="02" Value="9"/>
<MapEntry BoolAssgnmnt="11" Value="1"/>
</AssgnmntListEntry>
<AssgnmntListEntry Length="4" RootTermCovItemId="C16">
<MapEntry BoolAssgnmnt="1122" Value="2"/>
<MapEntry BoolAssgnmnt="1010" Value="1"/>
<MapEntry BoolAssgnmnt="1011" Value="1"/>
<MapEntry BoolAssgnmnt="0202" Value="6"/>
</AssgnmntListEntry>
<AssgnmntListEntry Length="2" RootTermCovItemId="C17">
<MapEntry BoolAssgnmnt="10" Value="1"/>
<MapEntry BoolAssgnmnt="02" Value="5"/>
<MapEntry BoolAssgnmnt="11" Value="1"/>
</AssgnmntListEntry>
<AssgnmntListEntry Length="2" RootTermCovItemId="C18">
<MapEntry BoolAssgnmnt="10" Value="1"/>
<MapEntry BoolAssgnmnt="02" Value="4"/>
<MapEntry BoolAssgnmnt="11" Value="1"/>
</AssgnmntListEntry>
<AssgnmntListEntry Length="5" RootTermCovItemId="C2">
<MapEntry BoolAssgnmnt="12222" Value="7"/>
<MapEntry BoolAssgnmnt="00000" Value="15"/>
</AssgnmntListEntry>
<AssgnmntListEntry Length="1" RootTermCovItemId="C3">
<MapEntry BoolAssgnmnt="0" Value="5"/>
<MapEntry BoolAssgnmnt="1" Value="3"/>
</AssgnmntListEntry>
<AssgnmntListEntry Length="4" RootTermCovItemId="C4">
<MapEntry BoolAssgnmnt="0000" Value="14"/>
<MapEntry BoolAssgnmnt="0122" Value="1"/>
<MapEntry BoolAssgnmnt="1222" Value="7"/>
</AssgnmntListEntry>
<AssgnmntListEntry Length="1" RootTermCovItemId="C5">
<MapEntry BoolAssgnmnt="0" Value="2"/>
</AssgnmntListEntry>
<AssgnmntListEntry Length="1" RootTermCovItemId="C6">
<MapEntry BoolAssgnmnt="0" Value="2"/>
</AssgnmntListEntry>
<AssgnmntListEntry Length="1" RootTermCovItemId="C7">
<MapEntry BoolAssgnmnt="0" Value="1"/>
<MapEntry BoolAssgnmnt="1" Value="1"/>
</AssgnmntListEntry>
<AssgnmntListEntry Length="3" RootTermCovItemId="C8">
<MapEntry BoolAssgnmnt="000" Value="3"/>
<MapEntry BoolAssgnmnt="122" Value="10"/>
</AssgnmntListEntry>
<AssgnmntListEntry Length="1" RootTermCovItemId="C9">
<MapEntry BoolAssgnmnt="0" Value="9"/>
</AssgnmntListEntry>
</AssgnmntPrefix>
</AssgnmntList>
<ObjMetaDataList/>
<MetaDataList/>
</TestCase>
<TestCase Comment="" Date="1368543043480" Name="ValueTest:testIsContainer">
<CovList>
<CovPrefix CovItemPrefix="Value.java">
<Cov CovItemId="B23" Value="3"/>
<Cov CovItemId="B24" Value="2"/>
<Cov CovItemId="S2" Value="5"/>
<Cov CovItemId="S35" Value="5"/>
<Cov CovItemId="S36" Value="3"/>
<Cov CovItemId="S37" Value="2"/>
<Cov CovItemId="S66" Value="8"/>
</CovPrefix>
</CovList>
<AssgnmntList>
<AssgnmntPrefix RootTermCovItemPrefix="Value.java">
<AssgnmntListEntry Length="2" RootTermCovItemId="C12">
<MapEntry BoolAssgnmnt="01" Value="1"/>
<MapEntry BoolAssgnmnt="00" Value="2"/>
<MapEntry BoolAssgnmnt="12" Value="2"/>
</AssgnmntListEntry>
</AssgnmntPrefix>
</AssgnmntList>
<ObjMetaDataList/>
<MetaDataList/>
</TestCase>
<MetaDataList/>
</TestSession>
<TestSession Comment="" Date="1368543136409" Name="May 14, 2013 4:52:16 PM">
<TestCase Comment="" Date="1368543136368" Name="ValueTest:testIsDouble">
<CovList>
<CovPrefix CovItemPrefix="Value.java">
<Cov CovItemId="B1" Value="1"/>
<Cov CovItemId="B2" Value="2"/>
<Cov CovItemId="S1" Value="1"/>
<Cov CovItemId="S2" Value="4"/>
<Cov CovItemId="S4" Value="3"/>
<Cov CovItemId="S5" Value="1"/>
<Cov CovItemId="S6" Value="2"/>
<Cov CovItemId="S66" Value="3"/>
</CovPrefix>
</CovList>
<AssgnmntList>
<AssgnmntPrefix RootTermCovItemPrefix="Value.java">
<AssgnmntListEntry Length="1" RootTermCovItemId="C1">
<MapEntry BoolAssgnmnt="0" Value="2"/>
<MapEntry BoolAssgnmnt="1" Value="1"/>
</AssgnmntListEntry>
</AssgnmntPrefix>
</AssgnmntList>
<ObjMetaDataList/>
<MetaDataList/>
</TestCase>
<TestCase Comment="" Date="1368543136374" Name="ValueTest:testIsInt">
<CovList>
<CovPrefix CovItemPrefix="Value.java">
<Cov CovItemId="B3" Value="5"/>
<Cov CovItemId="B4" Value="2"/>
<Cov CovItemId="S2" Value="7"/>
<Cov CovItemId="S66" Value="25"/>
<Cov CovItemId="S7" Value="7"/>
<Cov CovItemId="S8" Value="5"/>
<Cov CovItemId="S9" Value="2"/>
</CovPrefix>
</CovList>
<AssgnmntList>
<AssgnmntPrefix RootTermCovItemPrefix="Value.java">
<AssgnmntListEntry Length="5" RootTermCovItemId="C2">
<MapEntry BoolAssgnmnt="00012" Value="1"/>
<MapEntry BoolAssgnmnt="01222" Value="1"/>
<MapEntry BoolAssgnmnt="00122" Value="1"/>
<MapEntry BoolAssgnmnt="00001" Value="1"/>
<MapEntry BoolAssgnmnt="12222" Value="1"/>
<MapEntry BoolAssgnmnt="00000" Value="2"/>
</AssgnmntListEntry>
</AssgnmntPrefix>
</AssgnmntList>
<ObjMetaDataList/>
<MetaDataList/>
</TestCase>
<TestCase Comment="" Date="1368543136376" Name="ValueTest:testValue">
<CovList>
<CovPrefix CovItemPrefix="Value.java">
<Cov CovItemId="B15" Value="1"/>
<Cov CovItemId="B17" Value="1"/>
<Cov CovItemId="B2" Value="1"/>
<Cov CovItemId="B22" Value="1"/>
<Cov CovItemId="B24" Value="1"/>
<Cov CovItemId="B38" Value="1"/>
<Cov CovItemId="B4" Value="1"/>
<Cov CovItemId="B40" Value="1"/>
<Cov CovItemId="B42" Value="1"/>
<Cov CovItemId="B44" Value="1"/>
<Cov CovItemId="B46" Value="1"/>
<Cov CovItemId="B48" Value="1"/>
<Cov CovItemId="B50" Value="1"/>
<Cov CovItemId="S24" Value="1"/>
<Cov CovItemId="S25" Value="1"/>
<Cov CovItemId="S27" Value="1"/>
<Cov CovItemId="S28" Value="1"/>
<Cov CovItemId="S3" Value="3"/>
<Cov CovItemId="S32" Value="1"/>
<Cov CovItemId="S34" Value="1"/>
<Cov CovItemId="S35" Value="1"/>
<Cov CovItemId="S37" Value="1"/>
<Cov CovItemId="S4" Value="1"/>
<Cov CovItemId="S51" Value="1"/>
<Cov CovItemId="S53" Value="1"/>
<Cov CovItemId="S55" Value="1"/>
<Cov CovItemId="S57" Value="1"/>
<Cov CovItemId="S59" Value="1"/>
<Cov CovItemId="S6" Value="1"/>
<Cov CovItemId="S61" Value="1"/>
<Cov CovItemId="S63" Value="1"/>
<Cov CovItemId="S65" Value="1"/>
<Cov CovItemId="S66" Value="20"/>
<Cov CovItemId="S7" Value="1"/>
<Cov CovItemId="S9" Value="1"/>
</CovPrefix>
</CovList>
<AssgnmntList>
<AssgnmntPrefix RootTermCovItemPrefix="Value.java">
<AssgnmntListEntry Length="1" RootTermCovItemId="C1">
<MapEntry BoolAssgnmnt="0" Value="1"/>
</AssgnmntListEntry>
<AssgnmntListEntry Length="2" RootTermCovItemId="C11">
<MapEntry BoolAssgnmnt="00" Value="1"/>
</AssgnmntListEntry>
<AssgnmntListEntry Length="2" RootTermCovItemId="C12">
<MapEntry BoolAssgnmnt="00" Value="1"/>
</AssgnmntListEntry>
<AssgnmntListEntry Length="2" RootTermCovItemId="C19">
<MapEntry BoolAssgnmnt="00" Value="1"/>
</AssgnmntListEntry>
<AssgnmntListEntry Length="5" RootTermCovItemId="C2">
<MapEntry BoolAssgnmnt="00000" Value="1"/>
</AssgnmntListEntry>
<AssgnmntListEntry Length="2" RootTermCovItemId="C20">
<MapEntry BoolAssgnmnt="00" Value="1"/>
</AssgnmntListEntry>
<AssgnmntListEntry Length="2" RootTermCovItemId="C21">
<MapEntry BoolAssgnmnt="00" Value="1"/>
</AssgnmntListEntry>
<AssgnmntListEntry Length="2" RootTermCovItemId="C22">
<MapEntry BoolAssgnmnt="00" Value="1"/>
</AssgnmntListEntry>
<AssgnmntListEntry Length="2" RootTermCovItemId="C23">
<MapEntry BoolAssgnmnt="00" Value="1"/>
</AssgnmntListEntry>
<AssgnmntListEntry Length="2" RootTermCovItemId="C24">
<MapEntry BoolAssgnmnt="00" Value="1"/>
</AssgnmntListEntry>
<AssgnmntListEntry Length="1" RootTermCovItemId="C25">
<MapEntry BoolAssgnmnt="0" Value="1"/>
</AssgnmntListEntry>
<AssgnmntListEntry Length="3" RootTermCovItemId="C8">
<MapEntry BoolAssgnmnt="122" Value="1"/>
</AssgnmntListEntry>
<AssgnmntListEntry Length="1" RootTermCovItemId="C9">
<MapEntry BoolAssgnmnt="1" Value="1"/>
</AssgnmntListEntry>
</AssgnmntPrefix>
</AssgnmntList>
<ObjMetaDataList/>
<MetaDataList/>
</TestCase>
<TestCase Comment="" Date="1368543136378" Name="ValueTest:testGetType">
<CovList>
<CovPrefix CovItemPrefix="Value.java">
<Cov CovItemId="B1" Value="1"/>
<Cov CovItemId="B15" Value="4"/>
<Cov CovItemId="B16" Value="1"/>
<Cov CovItemId="B18" Value="3"/>
<Cov CovItemId="B19" Value="2"/>
<Cov CovItemId="B2" Value="6"/>
<Cov CovItemId="B20" Value="1"/>
<Cov CovItemId="B21" Value="1"/>
<Cov CovItemId="B22" Value="12"/>
<Cov CovItemId="B23" Value="1"/>
<Cov CovItemId="B24" Value="9"/>
<Cov CovItemId="B3" Value="1"/>
<Cov CovItemId="B37" Value="2"/>
<Cov CovItemId="B38" Value="11"/>
<Cov CovItemId="B39" Value="2"/>
<Cov CovItemId="B4" Value="8"/>
<Cov CovItemId="B40" Value="9"/>
<Cov CovItemId="B41" Value="2"/>
<Cov CovItemId="B42" Value="7"/>
<Cov CovItemId="B43" Value="2"/>
<Cov CovItemId="B44" Value="5"/>
<Cov CovItemId="B45" Value="2"/>
<Cov CovItemId="B46" Value="3"/>
<Cov CovItemId="B47" Value="2"/>
<Cov CovItemId="B48" Value="1"/>
<Cov CovItemId="B49" Value="1"/>
<Cov CovItemId="S2" Value="13"/>
<Cov CovItemId="S24" Value="5"/>
<Cov CovItemId="S25" Value="4"/>
<Cov CovItemId="S26" Value="1"/>
<Cov CovItemId="S27" Value="3"/>
<Cov CovItemId="S29" Value="3"/>
<Cov CovItemId="S30" Value="2"/>
<Cov CovItemId="S31" Value="1"/>
<Cov CovItemId="S32" Value="13"/>
<Cov CovItemId="S33" Value="1"/>
<Cov CovItemId="S34" Value="12"/>
<Cov CovItemId="S35" Value="10"/>
<Cov CovItemId="S36" Value="1"/>
<Cov CovItemId="S37" Value="9"/>
<Cov CovItemId="S4" Value="7"/>
<Cov CovItemId="S5" Value="1"/>
<Cov CovItemId="S51" Value="13"/>
<Cov CovItemId="S52" Value="2"/>
<Cov CovItemId="S53" Value="11"/>
<Cov CovItemId="S54" Value="2"/>
<Cov CovItemId="S55" Value="9"/>
<Cov CovItemId="S56" Value="2"/>
<Cov CovItemId="S57" Value="7"/>
<Cov CovItemId="S58" Value="2"/>
<Cov CovItemId="S59" Value="5"/>
<Cov CovItemId="S6" Value="6"/>
<Cov CovItemId="S60" Value="2"/>
<Cov CovItemId="S61" Value="3"/>
<Cov CovItemId="S62" Value="2"/>
<Cov CovItemId="S63" Value="1"/>
<Cov CovItemId="S64" Value="1"/>
<Cov CovItemId="S66" Value="152"/>
<Cov CovItemId="S7" Value="9"/>
<Cov CovItemId="S8" Value="1"/>
<Cov CovItemId="S9" Value="8"/>
</CovPrefix>
</CovList>
<AssgnmntList>
<AssgnmntPrefix RootTermCovItemPrefix="Value.java">
<AssgnmntListEntry Length="1" RootTermCovItemId="C1">
<MapEntry BoolAssgnmnt="0" Value="6"/>
<MapEntry BoolAssgnmnt="1" Value="1"/>
</AssgnmntListEntry>
<AssgnmntListEntry Length="2" RootTermCovItemId="C10">
<MapEntry BoolAssgnmnt="00" Value="1"/>
<MapEntry BoolAssgnmnt="12" Value="2"/>
</AssgnmntListEntry>
<AssgnmntListEntry Length="2" RootTermCovItemId="C11">
<MapEntry BoolAssgnmnt="00" Value="12"/>
<MapEntry BoolAssgnmnt="12" Value="1"/>
</AssgnmntListEntry>
<AssgnmntListEntry Length="2" RootTermCovItemId="C12">
<MapEntry BoolAssgnmnt="00" Value="9"/>
<MapEntry BoolAssgnmnt="12" Value="1"/>
</AssgnmntListEntry>
<AssgnmntListEntry Length="2" RootTermCovItemId="C19">
<MapEntry BoolAssgnmnt="01" Value="1"/>
<MapEntry BoolAssgnmnt="00" Value="11"/>
<MapEntry BoolAssgnmnt="12" Value="1"/>
</AssgnmntListEntry>
<AssgnmntListEntry Length="5" RootTermCovItemId="C2">
<MapEntry BoolAssgnmnt="12222" Value="1"/>
<MapEntry BoolAssgnmnt="00000" Value="8"/>
</AssgnmntListEntry>
<AssgnmntListEntry Length="2" RootTermCovItemId="C20">
<MapEntry BoolAssgnmnt="01" Value="1"/>
<MapEntry BoolAssgnmnt="00" Value="9"/>
<MapEntry BoolAssgnmnt="12" Value="1"/>
</AssgnmntListEntry>
<AssgnmntListEntry Length="2" RootTermCovItemId="C21">
<MapEntry BoolAssgnmnt="01" Value="1"/>
<MapEntry BoolAssgnmnt="00" Value="7"/>
<MapEntry BoolAssgnmnt="12" Value="1"/>
</AssgnmntListEntry>
<AssgnmntListEntry Length="2" RootTermCovItemId="C22">
<MapEntry BoolAssgnmnt="01" Value="1"/>
<MapEntry BoolAssgnmnt="00" Value="5"/>
<MapEntry BoolAssgnmnt="12" Value="1"/>
</AssgnmntListEntry>
<AssgnmntListEntry Length="2" RootTermCovItemId="C23">
<MapEntry BoolAssgnmnt="01" Value="1"/>
<MapEntry BoolAssgnmnt="00" Value="3"/>
<MapEntry BoolAssgnmnt="12" Value="1"/>
</AssgnmntListEntry>
<AssgnmntListEntry Length="2" RootTermCovItemId="C24">
<MapEntry BoolAssgnmnt="01" Value="1"/>
<MapEntry BoolAssgnmnt="00" Value="1"/>
<MapEntry BoolAssgnmnt="12" Value="1"/>
</AssgnmntListEntry>
<AssgnmntListEntry Length="1" RootTermCovItemId="C25">
<MapEntry BoolAssgnmnt="1" Value="1"/>
</AssgnmntListEntry>
<AssgnmntListEntry Length="3" RootTermCovItemId="C8">
<MapEntry BoolAssgnmnt="000" Value="1"/>
<MapEntry BoolAssgnmnt="122" Value="4"/>
</AssgnmntListEntry>
<AssgnmntListEntry Length="1" RootTermCovItemId="C9">
<MapEntry BoolAssgnmnt="0" Value="3"/>
</AssgnmntListEntry>
</AssgnmntPrefix>
</AssgnmntList>
<ObjMetaDataList/>
<MetaDataList/>
</TestCase>
<TestCase Comment="" Date="1368543136381" Name="ValueTest:testIsChar">
<CovList>
<CovPrefix CovItemPrefix="Value.java">
<Cov CovItemId="B15" Value="5"/>
<Cov CovItemId="B16" Value="1"/>
<Cov CovItemId="S2" Value="6"/>
<Cov CovItemId="S24" Value="6"/>
<Cov CovItemId="S25" Value="5"/>
<Cov CovItemId="S26" Value="1"/>
<Cov CovItemId="S66" Value="13"/>
</CovPrefix>
</CovList>
<AssgnmntList>
<AssgnmntPrefix RootTermCovItemPrefix="Value.java">
<AssgnmntListEntry Length="3" RootTermCovItemId="C8">
<MapEntry BoolAssgnmnt="012" Value="1"/>
<MapEntry BoolAssgnmnt="000" Value="1"/>
<MapEntry BoolAssgnmnt="122" Value="3"/>
<MapEntry BoolAssgnmnt="001" Value="1"/>
</AssgnmntListEntry>
</AssgnmntPrefix>
</AssgnmntList>
<ObjMetaDataList/>
<MetaDataList/>
</TestCase>
<TestCase Comment="" Date="1368543136382" Name="ValueTest:testIsDrink">
<CovList>
<CovPrefix CovItemPrefix="Value.java">
<Cov CovItemId="B5" Value="1"/>
<Cov CovItemId="B6" Value="2"/>
<Cov CovItemId="S10" Value="3"/>
<Cov CovItemId="S11" Value="1"/>
<Cov CovItemId="S12" Value="2"/>
<Cov CovItemId="S2" Value="3"/>
<Cov CovItemId="S66" Value="3"/>
</CovPrefix>
</CovList>
<AssgnmntList>
<AssgnmntPrefix RootTermCovItemPrefix="Value.java">
<AssgnmntListEntry Length="1" RootTermCovItemId="C3">
<MapEntry BoolAssgnmnt="0" Value="2"/>
<MapEntry BoolAssgnmnt="1" Value="1"/>
</AssgnmntListEntry>
</AssgnmntPrefix>
</AssgnmntList>
<ObjMetaDataList/>
<MetaDataList/>
</TestCase>
<TestCase Comment="" Date="1368543136383" Name="ValueTest:testIsString">
<CovList>
<CovPrefix CovItemPrefix="Value.java">
<Cov CovItemId="B18" Value="4"/>
<Cov CovItemId="B19" Value="2"/>
<Cov CovItemId="B20" Value="2"/>
<Cov CovItemId="S2" Value="4"/>
<Cov CovItemId="S27" Value="4"/>
<Cov CovItemId="S29" Value="4"/>
<Cov CovItemId="S30" Value="2"/>
<Cov CovItemId="S31" Value="2"/>
<Cov CovItemId="S66" Value="14"/>
</CovPrefix>
</CovList>
<AssgnmntList>
<AssgnmntPrefix RootTermCovItemPrefix="Value.java">
<AssgnmntListEntry Length="2" RootTermCovItemId="C10">
<MapEntry BoolAssgnmnt="01" Value="1"/>
<MapEntry BoolAssgnmnt="00" Value="2"/>
<MapEntry BoolAssgnmnt="12" Value="1"/>
</AssgnmntListEntry>
<AssgnmntListEntry Length="1" RootTermCovItemId="C9">
<MapEntry BoolAssgnmnt="0" Value="4"/>
</AssgnmntListEntry>
</AssgnmntPrefix>
</AssgnmntList>
<ObjMetaDataList/>
<MetaDataList/>
</TestCase>
<TestCase Comment="" Date="1368543136384" Name="ValueTest:testIsBool">
<CovList>
<CovPrefix CovItemPrefix="Value.java">
<Cov CovItemId="B21" Value="2"/>
<Cov CovItemId="B22" Value="1"/>
<Cov CovItemId="S2" Value="3"/>
<Cov CovItemId="S32" Value="3"/>
<Cov CovItemId="S33" Value="2"/>
<Cov CovItemId="S34" Value="1"/>
<Cov CovItemId="S66" Value="4"/>
</CovPrefix>
</CovList>
<AssgnmntList>
<AssgnmntPrefix RootTermCovItemPrefix="Value.java">
<AssgnmntListEntry Length="2" RootTermCovItemId="C11">
<MapEntry BoolAssgnmnt="00" Value="1"/>
<MapEntry BoolAssgnmnt="12" Value="2"/>
</AssgnmntListEntry>
</AssgnmntPrefix>
</AssgnmntList>
<ObjMetaDataList/>
<MetaDataList/>
</TestCase>
<TestCase Comment="" Date="1368543136385" Name="ValueTest:testToString">
<CovList>
<CovPrefix CovItemPrefix="Value.java">
<Cov CovItemId="S2" Value="2"/>
<Cov CovItemId="S66" Value="2"/>
</CovPrefix>
</CovList>
<AssgnmntList/>
<ObjMetaDataList/>
<MetaDataList/>
</TestCase>
<TestCase Comment="" Date="1368543136386" Name="ValueTest:testValueObject">
<CovList>
<CovPrefix CovItemPrefix="Value.java">
<Cov CovItemId="S2" Value="3"/>
</CovPrefix>
</CovList>
<AssgnmntList/>
<ObjMetaDataList/>
<MetaDataList/>
</TestCase>
<TestCase Comment="" Date="1368543136387" Name="ValueTest:testIsNumericExpression">
<CovList>
<CovPrefix CovItemPrefix="Value.java">
<Cov CovItemId="B10" Value="3"/>
<Cov CovItemId="B11" Value="2"/>
<Cov CovItemId="B12" Value="3"/>
<Cov CovItemId="B13" Value="3"/>
<Cov CovItemId="B14" Value="2"/>
<Cov CovItemId="B9" Value="2"/>
<Cov CovItemId="S16" Value="5"/>
<Cov CovItemId="S17" Value="5"/>
<Cov CovItemId="S18" Value="2"/>
<Cov CovItemId="S19" Value="5"/>
<Cov CovItemId="S2" Value="5"/>
<Cov CovItemId="S20" Value="2"/>
<Cov CovItemId="S21" Value="5"/>
<Cov CovItemId="S22" Value="3"/>
<Cov CovItemId="S23" Value="2"/>
<Cov CovItemId="S66" Value="5"/>
</CovPrefix>
</CovList>
<AssgnmntList>
<AssgnmntPrefix RootTermCovItemPrefix="Value.java">
<AssgnmntListEntry Length="1" RootTermCovItemId="C5">
<MapEntry BoolAssgnmnt="0" Value="3"/>
<MapEntry BoolAssgnmnt="1" Value="2"/>
</AssgnmntListEntry>
<AssgnmntListEntry Length="1" RootTermCovItemId="C6">
<MapEntry BoolAssgnmnt="0" Value="3"/>
<MapEntry BoolAssgnmnt="1" Value="2"/>
</AssgnmntListEntry>
<AssgnmntListEntry Length="1" RootTermCovItemId="C7">
<MapEntry BoolAssgnmnt="0" Value="2"/>
<MapEntry BoolAssgnmnt="1" Value="3"/>
</AssgnmntListEntry>
</AssgnmntPrefix>
</AssgnmntList>
<ObjMetaDataList/>
<MetaDataList/>
</TestCase>
<TestCase Comment="" Date="1368543136390" Name="ValueTest:testIsNumeric">
<CovList>
<CovPrefix CovItemPrefix="Value.java">
<Cov CovItemId="B1" Value="1"/>
<Cov CovItemId="B2" Value="3"/>
<Cov CovItemId="B3" Value="1"/>
<Cov CovItemId="B4" Value="4"/>
<Cov CovItemId="B7" Value="4"/>
<Cov CovItemId="B8" Value="1"/>
<Cov CovItemId="S13" Value="5"/>
<Cov CovItemId="S14" Value="4"/>
<Cov CovItemId="S15" Value="1"/>
<Cov CovItemId="S2" Value="5"/>
<Cov CovItemId="S4" Value="4"/>
<Cov CovItemId="S5" Value="1"/>
<Cov CovItemId="S6" Value="3"/>
<Cov CovItemId="S66" Value="30"/>
<Cov CovItemId="S7" Value="5"/>
<Cov CovItemId="S8" Value="1"/>
<Cov CovItemId="S9" Value="4"/>
</CovPrefix>
</CovList>
<AssgnmntList>
<AssgnmntPrefix RootTermCovItemPrefix="Value.java">
<AssgnmntListEntry Length="1" RootTermCovItemId="C1">
<MapEntry BoolAssgnmnt="0" Value="3"/>
<MapEntry BoolAssgnmnt="1" Value="1"/>
</AssgnmntListEntry>
<AssgnmntListEntry Length="5" RootTermCovItemId="C2">
<MapEntry BoolAssgnmnt="12222" Value="1"/>
<MapEntry BoolAssgnmnt="00000" Value="4"/>
</AssgnmntListEntry>
<AssgnmntListEntry Length="4" RootTermCovItemId="C4">
<MapEntry BoolAssgnmnt="0000" Value="1"/>
<MapEntry BoolAssgnmnt="0122" Value="1"/>
<MapEntry BoolAssgnmnt="0001" Value="1"/>
<MapEntry BoolAssgnmnt="1222" Value="1"/>
<MapEntry BoolAssgnmnt="0012" Value="1"/>
</AssgnmntListEntry>
</AssgnmntPrefix>
</AssgnmntList>
<ObjMetaDataList/>
<MetaDataList/>
</TestCase>
<TestCase Comment="" Date="1368543136392" Name="ValueTest:testIsSameType">
<CovList>
<CovPrefix CovItemPrefix="Value.java">
<Cov CovItemId="B1" Value="1"/>
<Cov CovItemId="B10" Value="2"/>
<Cov CovItemId="B12" Value="2"/>
<Cov CovItemId="B13" Value="1"/>
<Cov CovItemId="B14" Value="1"/>
<Cov CovItemId="B15" Value="10"/>
<Cov CovItemId="B16" Value="3"/>
<Cov CovItemId="B18" Value="9"/>
<Cov CovItemId="B19" Value="6"/>
<Cov CovItemId="B2" Value="14"/>
<Cov CovItemId="B20" Value="3"/>
<Cov CovItemId="B21" Value="3"/>
<Cov CovItemId="B22" Value="12"/>
<Cov CovItemId="B23" Value="4"/>
<Cov CovItemId="B24" Value="11"/>
<Cov CovItemId="B25" Value="1"/>
<Cov CovItemId="B26" Value="12"/>
<Cov CovItemId="B27" Value="1"/>
<Cov CovItemId="B28" Value="11"/>
<Cov CovItemId="B29" Value="1"/>
<Cov CovItemId="B3" Value="7"/>
<Cov CovItemId="B30" Value="10"/>
<Cov CovItemId="B31" Value="3"/>
<Cov CovItemId="B32" Value="7"/>
<Cov CovItemId="B33" Value="1"/>
<Cov CovItemId="B34" Value="6"/>
<Cov CovItemId="B35" Value="1"/>
<Cov CovItemId="B36" Value="5"/>
<Cov CovItemId="B4" Value="15"/>
<Cov CovItemId="B5" Value="3"/>
<Cov CovItemId="B6" Value="5"/>
<Cov CovItemId="B7" Value="8"/>
<Cov CovItemId="B8" Value="14"/>
<Cov CovItemId="S10" Value="8"/>
<Cov CovItemId="S11" Value="3"/>
<Cov CovItemId="S12" Value="5"/>
<Cov CovItemId="S13" Value="22"/>
<Cov CovItemId="S14" Value="8"/>
<Cov CovItemId="S15" Value="14"/>
<Cov CovItemId="S16" Value="2"/>
<Cov CovItemId="S17" Value="2"/>
<Cov CovItemId="S19" Value="2"/>
<Cov CovItemId="S2" Value="26"/>
<Cov CovItemId="S21" Value="2"/>
<Cov CovItemId="S22" Value="1"/>
<Cov CovItemId="S23" Value="1"/>
<Cov CovItemId="S24" Value="13"/>
<Cov CovItemId="S25" Value="10"/>
<Cov CovItemId="S26" Value="3"/>
<Cov CovItemId="S27" Value="9"/>
<Cov CovItemId="S29" Value="9"/>
<Cov CovItemId="S30" Value="6"/>
<Cov CovItemId="S31" Value="3"/>
<Cov CovItemId="S32" Value="15"/>
<Cov CovItemId="S33" Value="3"/>
<Cov CovItemId="S34" Value="12"/>
<Cov CovItemId="S35" Value="15"/>
<Cov CovItemId="S36" Value="4"/>
<Cov CovItemId="S37" Value="11"/>
<Cov CovItemId="S38" Value="13"/>
<Cov CovItemId="S39" Value="1"/>
<Cov CovItemId="S4" Value="15"/>
<Cov CovItemId="S40" Value="12"/>
<Cov CovItemId="S41" Value="1"/>
<Cov CovItemId="S42" Value="11"/>
<Cov CovItemId="S43" Value="1"/>
<Cov CovItemId="S44" Value="10"/>
<Cov CovItemId="S45" Value="3"/>
<Cov CovItemId="S46" Value="7"/>
<Cov CovItemId="S47" Value="1"/>
<Cov CovItemId="S48" Value="6"/>
<Cov CovItemId="S49" Value="1"/>
<Cov CovItemId="S5" Value="1"/>
<Cov CovItemId="S50" Value="5"/>
<Cov CovItemId="S6" Value="14"/>
<Cov CovItemId="S66" Value="235"/>
<Cov CovItemId="S7" Value="22"/>
<Cov CovItemId="S8" Value="7"/>
<Cov CovItemId="S9" Value="15"/>
</CovPrefix>
</CovList>
<AssgnmntList>
<AssgnmntPrefix RootTermCovItemPrefix="Value.java">
<AssgnmntListEntry Length="1" RootTermCovItemId="C1">
<MapEntry BoolAssgnmnt="0" Value="14"/>
<MapEntry BoolAssgnmnt="1" Value="1"/>
</AssgnmntListEntry>
<AssgnmntListEntry Length="2" RootTermCovItemId="C10">
<MapEntry BoolAssgnmnt="00" Value="3"/>
<MapEntry BoolAssgnmnt="12" Value="6"/>
</AssgnmntListEntry>
<AssgnmntListEntry Length="2" RootTermCovItemId="C11">
<MapEntry BoolAssgnmnt="01" Value="1"/>
<MapEntry BoolAssgnmnt="00" Value="12"/>
<MapEntry BoolAssgnmnt="12" Value="2"/>
</AssgnmntListEntry>
<AssgnmntListEntry Length="2" RootTermCovItemId="C12">
<MapEntry BoolAssgnmnt="00" Value="11"/>
<MapEntry BoolAssgnmnt="12" Value="4"/>
</AssgnmntListEntry>
<AssgnmntListEntry Length="2" RootTermCovItemId="C13">
<MapEntry BoolAssgnmnt="10" Value="1"/>
<MapEntry BoolAssgnmnt="02" Value="11"/>
<MapEntry BoolAssgnmnt="11" Value="1"/>
</AssgnmntListEntry>
<AssgnmntListEntry Length="2" RootTermCovItemId="C14">
<MapEntry BoolAssgnmnt="10" Value="2"/>
<MapEntry BoolAssgnmnt="02" Value="9"/>
<MapEntry BoolAssgnmnt="11" Value="1"/>
</AssgnmntListEntry>
<AssgnmntListEntry Length="2" RootTermCovItemId="C15">
<MapEntry BoolAssgnmnt="10" Value="1"/>
<MapEntry BoolAssgnmnt="02" Value="9"/>
<MapEntry BoolAssgnmnt="11" Value="1"/>
</AssgnmntListEntry>
<AssgnmntListEntry Length="4" RootTermCovItemId="C16">
<MapEntry BoolAssgnmnt="1122" Value="2"/>
<MapEntry BoolAssgnmnt="1010" Value="1"/>
<MapEntry BoolAssgnmnt="1011" Value="1"/>
<MapEntry BoolAssgnmnt="0202" Value="6"/>
</AssgnmntListEntry>
<AssgnmntListEntry Length="2" RootTermCovItemId="C17">
<MapEntry BoolAssgnmnt="10" Value="1"/>
<MapEntry BoolAssgnmnt="02" Value="5"/>
<MapEntry BoolAssgnmnt="11" Value="1"/>
</AssgnmntListEntry>
<AssgnmntListEntry Length="2" RootTermCovItemId="C18">
<MapEntry BoolAssgnmnt="10" Value="1"/>
<MapEntry BoolAssgnmnt="02" Value="4"/>
<MapEntry BoolAssgnmnt="11" Value="1"/>
</AssgnmntListEntry>
<AssgnmntListEntry Length="5" RootTermCovItemId="C2">
<MapEntry BoolAssgnmnt="12222" Value="7"/>
<MapEntry BoolAssgnmnt="00000" Value="15"/>
</AssgnmntListEntry>
<AssgnmntListEntry Length="1" RootTermCovItemId="C3">
<MapEntry BoolAssgnmnt="0" Value="5"/>
<MapEntry BoolAssgnmnt="1" Value="3"/>
</AssgnmntListEntry>
<AssgnmntListEntry Length="4" RootTermCovItemId="C4">
<MapEntry BoolAssgnmnt="0000" Value="14"/>
<MapEntry BoolAssgnmnt="0122" Value="1"/>
<MapEntry BoolAssgnmnt="1222" Value="7"/>
</AssgnmntListEntry>
<AssgnmntListEntry Length="1" RootTermCovItemId="C5">
<MapEntry BoolAssgnmnt="0" Value="2"/>
</AssgnmntListEntry>
<AssgnmntListEntry Length="1" RootTermCovItemId="C6">
<MapEntry BoolAssgnmnt="0" Value="2"/>
</AssgnmntListEntry>
<AssgnmntListEntry Length="1" RootTermCovItemId="C7">
<MapEntry BoolAssgnmnt="0" Value="1"/>
<MapEntry BoolAssgnmnt="1" Value="1"/>
</AssgnmntListEntry>
<AssgnmntListEntry Length="3" RootTermCovItemId="C8">
<MapEntry BoolAssgnmnt="000" Value="3"/>
<MapEntry BoolAssgnmnt="122" Value="10"/>
</AssgnmntListEntry>
<AssgnmntListEntry Length="1" RootTermCovItemId="C9">
<MapEntry BoolAssgnmnt="0" Value="9"/>
</AssgnmntListEntry>
</AssgnmntPrefix>
</AssgnmntList>
<ObjMetaDataList/>
<MetaDataList/>
</TestCase>
<TestCase Comment="" Date="1368543136396" Name="ValueTest:testIsContainer">
<CovList>
<CovPrefix CovItemPrefix="Value.java">
<Cov CovItemId="B23" Value="3"/>
<Cov CovItemId="B24" Value="2"/>
<Cov CovItemId="S2" Value="5"/>
<Cov CovItemId="S35" Value="5"/>
<Cov CovItemId="S36" Value="3"/>
<Cov CovItemId="S37" Value="2"/>
<Cov CovItemId="S66" Value="8"/>
</CovPrefix>
</CovList>
<AssgnmntList>
<AssgnmntPrefix RootTermCovItemPrefix="Value.java">
<AssgnmntListEntry Length="2" RootTermCovItemId="C12">
<MapEntry BoolAssgnmnt="01" Value="1"/>
<MapEntry BoolAssgnmnt="00" Value="2"/>
<MapEntry BoolAssgnmnt="12" Value="2"/>
</AssgnmntListEntry>
</AssgnmntPrefix>
</AssgnmntList>
<ObjMetaDataList/>
<MetaDataList/>
</TestCase>
<MetaDataList/>
</TestSession>
</TestSessionContainer>
