<?xml version="1.0" encoding="UTF-8"?><TestSessionContainer xmlns="http://www.codecover.org/xml/testsession-container" Date="1368543343084" TestSessionContainerId="84321ce7-44ab-4494-9e1d-ad9ec7799b07" version="1.0">
<SrcFileList>
<SrcFile Content="//latex start Value&#13;&#10;public class Value {&#13;&#10;&#9;public static Value VOID = new Value(new Object());&#13;&#10;&#13;&#10;    final Object value;&#13;&#10;&#13;&#10;    public Value(Object value) {&#13;&#10;        this.value = value;&#13;&#10;    }&#13;&#10;    &#13;&#10;    //Default constructor returns empty but not null value object&#13;&#10;    public Value()&#13;&#10;    {&#13;&#10;    &#9;this.value = &quot;&quot;;&#13;&#10;    }&#13;&#10;//latex end&#13;&#10;&#13;&#10;//latex start isType&#13;&#10;    //Check if value is double&#13;&#10;    public boolean isDouble() &#13;&#10;    {&#13;&#10;    &#9;//If value matches the regular expressions, it must a double&#13;&#10;&#9;&#9;if(this.toString().matches(&quot;((-)?[0-9]+)\\.([0-9]){1,2}&quot;))&#13;&#10;&#9;&#9;{&#13;&#10;&#9;&#9;&#9;return true;&#13;&#10;&#9;&#9;}&#13;&#10;&#9;&#9;return false;&#13;&#10;    }&#13;&#10;    &#13;&#10;    //&#13;&#10;    public boolean isInt()&#13;&#10;    {&#13;&#10;&#9;&#9;if(this.toString().matches(&quot;(-)?[0-9]+&quot;) || this.toString().equals(&quot;HIGH&quot;) || this.toString().equals(&quot;LOW&quot;) || this.toString().equals(&quot;INPUT&quot;) || this.toString().equals(&quot;OUTPUT&quot;))&#13;&#10;&#9;&#9;{&#13;&#10;&#9;&#9;&#9;return true;&#13;&#10;&#9;&#9;}&#13;&#10;&#9;&#9;return false;&#13;&#10;    }&#13;&#10;//latex end    &#13;&#10;    public boolean isDrink()&#13;&#10;    {&#13;&#10;&#9;&#9;if(this.toString().equals(&quot;drink&quot;))&#13;&#10;&#9;&#9;{&#13;&#10;&#9;&#9;&#9;return true;&#13;&#10;&#9;&#9;}&#13;&#10;&#9;&#9;return false;&#13;&#10;    }&#13;&#10;    &#13;&#10;    public boolean isNumeric()&#13;&#10;    {&#13;&#10;    &#9;if(this.isInt() || this.isDouble() || this.toString().equals(&quot;int&quot;) || this.toString().equals(&quot;double&quot;))&#13;&#10;    &#9;{&#13;&#10;    &#9;&#9;return true;&#13;&#10;    &#9;}&#13;&#10;    &#9;return false;&#13;&#10;    }&#13;&#10;    &#13;&#10;    public boolean isNumericExpression()&#13;&#10;    {    &#9;&#13;&#10;    &#9;String StringToVerify = this.toString();&#13;&#10;    &#9;&#13;&#10;    &#9;if(StringToVerify.contains(&quot;(&quot;))&#13;&#10;    &#9;{&#13;&#10;    &#9;&#9;StringToVerify = StringToVerify.replace(&quot;(&quot;, &quot;&quot;);&#13;&#10;    &#9;}&#13;&#10;    &#9;&#13;&#10;    &#9;if(StringToVerify.contains(&quot;)&quot;))&#13;&#10;    &#9;{&#13;&#10;    &#9;&#9;StringToVerify = StringToVerify.replace(&quot;)&quot;, &quot;&quot;);&#13;&#10;    &#9;}&#13;&#10;    &#9;&#13;&#10;    &#9;if(StringToVerify.matches(&quot;(-)?[0-9]+(\\.[0-9]{1,2})?((\\+|\\-|\\*|\\/)[0-9]+(\\.[0-9]{1,2})?)*&quot;))&#13;&#10;    &#9;{&#13;&#10;    &#9;&#9;return true;&#13;&#10;    &#9;}&#13;&#10;    &#9;return false;&#13;&#10;    }&#13;&#10;    &#13;&#10;    public boolean isChar()&#13;&#10;    {&#13;&#10;&#9;&#9;if(this.toString().length() != 3 || &#13;&#10;&#9;&#9;   this.toString().charAt(0) != '\'' || &#13;&#10;&#9;&#9;   this.toString().charAt(this.toString().length()-1) != '\'')&#13;&#10;&#9;&#9;{&#13;&#10;&#9;&#9;&#9;return false;&#13;&#10;&#9;&#9;}&#13;&#10;&#9;&#9;return true;&#13;&#10;    }&#13;&#10;    &#13;&#10;    public boolean isString()&#13;&#10;    {&#13;&#10;    &#9;if(this.toString().length() &lt; 2)&#13;&#10;    &#9;{&#13;&#10;    &#9;&#9;return false;&#13;&#10;    &#9;}&#13;&#10;    &#9;else if(this.toString().charAt(0) != '&quot;'|| this.toString().charAt(this.toString().length()-1) != '&quot;')&#13;&#10;&#9;&#9;{&#13;&#10;&#9;&#9;&#9;return false;&#13;&#10;&#9;&#9;}&#13;&#10;&#9;&#9;return true;&#13;&#10;    }&#13;&#10;    &#13;&#10;    public boolean isBool()&#13;&#10;    {&#13;&#10;    &#9;if(this.toString().equals(&quot;true&quot;) || this.toString().equals(&quot;false&quot;))&#13;&#10;    &#9;{&#13;&#10;    &#9;&#9;return true;&#13;&#10;    &#9;}&#13;&#10;    &#9;return false;&#13;&#10;    }&#13;&#10;    &#13;&#10;    public boolean isContainer()&#13;&#10;    {&#13;&#10;    &#9;if(this.toString().matches(&quot;((1?[0-3])|([0-9]))|A[0-5]&quot;) || this.toString().equals(&quot;container&quot;))&#13;&#10;    &#9;{&#13;&#10;    &#9;&#9;return true;&#13;&#10;    &#9;}&#13;&#10;    &#9;return false;&#13;&#10;    }&#13;&#10;    &#13;&#10;    public boolean isSameType(Value val)&#13;&#10;    {&#13;&#10;    &#9;if(this.isBool() &amp;&amp; val.isBool())&#13;&#10;    &#9;{&#13;&#10;    &#9;&#9;return true;&#13;&#10;    &#9;}&#13;&#10;    &#9;if(this.isContainer() &amp;&amp; val.isContainer())&#13;&#10;    &#9;{&#13;&#10;    &#9;&#9;return true;&#13;&#10;    &#9;}&#13;&#10;    &#9;else if(this.isChar() &amp;&amp; val.isChar())&#13;&#10;    &#9;{&#13;&#10;    &#9;&#9;return true;&#13;&#10;    &#9;}&#13;&#10;    &#9;else if(this.isNumeric() &amp;&amp; val.isNumeric() || this.isNumeric() &amp;&amp; val.isNumericExpression())&#13;&#10;    &#9;{&#13;&#10;    &#9;&#9;return true;&#13;&#10;    &#9;}&#13;&#10;    &#9;else if(this.isString() &amp;&amp; val.isString())&#13;&#10;    &#9;{&#13;&#10;    &#9;&#9;return true;&#13;&#10;    &#9;}&#13;&#10;    &#9;else if(this.isDrink() &amp;&amp; val.isDrink())&#13;&#10;    &#9;{&#13;&#10;    &#9;&#9;return true;&#13;&#10;    &#9;}&#13;&#10;    &#9;&#13;&#10;    &#9;return false;&#13;&#10;    }&#13;&#10;    &#13;&#10;    public String GetType()&#13;&#10;    {&#13;&#10;    &#9;if(this.isBool() || this.toString().equals(&quot;bool&quot;))&#13;&#10;    &#9;{&#13;&#10;    &#9;&#9;return &quot;bool&quot;;&#13;&#10;    &#9;}&#13;&#10;    &#9;else if(this.toString().equals(&quot;container&quot;) || this.isContainer())&#13;&#10;    &#9;{&#13;&#10;    &#9;&#9;return &quot;container&quot;;&#13;&#10;    &#9;}&#13;&#10;    &#9;else if(this.isInt() || this.toString().equals(&quot;int&quot;))&#13;&#10;    &#9;{&#13;&#10;    &#9;&#9;return &quot;int&quot;;&#13;&#10;    &#9;}&#13;&#10;    &#9;else if(this.isDouble() || this.toString().equals(&quot;double&quot;))&#13;&#10;    &#9;{&#13;&#10;    &#9;&#9;return &quot;double&quot;;&#13;&#10;    &#9;}&#13;&#10;    &#9;else if(this.isChar() || this.toString().equals(&quot;char&quot;))&#13;&#10;    &#9;{&#13;&#10;    &#9;&#9;return &quot;char&quot;;&#13;&#10;    &#9;}&#13;&#10;    &#9;else if(this.isString() || this.toString().equals(&quot;string&quot;))&#13;&#10;    &#9;{&#13;&#10;    &#9;&#9;return &quot;string&quot;;&#13;&#10;    &#9;}&#13;&#10;    &#9;else if(this.toString().equals(&quot;drink&quot;))&#13;&#10;    &#9;{&#13;&#10;    &#9;&#9;return &quot;drink&quot;;&#13;&#10;    &#9;}&#13;&#10;    &#9;else&#13;&#10;    &#9;{&#13;&#10;    &#9;&#9;return null;&#13;&#10;    &#9;}&#13;&#10;    }&#13;&#10;&#13;&#10;    @Override&#13;&#10;    public String toString() {&#13;&#10;        return String.valueOf(value);&#13;&#10;    }&#13;&#10;}&#13;&#10;" Filename="Value.java" Intrnl_Id="1"/>
</SrcFileList>
<CritList>
<CritListEntry Name="org.codecover.model.utils.criteria.BranchCoverage" PluginName="org.codecover"/>
<CritListEntry Name="org.codecover.model.utils.criteria.ConditionCoverage" PluginName="org.codecover"/>
<CritListEntry Name="org.codecover.model.utils.criteria.StatementCoverage" PluginName="org.codecover"/>
</CritList>
<BoolOpList>
<BoolOp Arity="2" Intrnl_Id="2" Name="conditional and (&amp;&amp;)">
<BoolAssgnmntBoolMapList>
<MapEntry BoolAssgnmnt="10" Value="false"/>
<MapEntry BoolAssgnmnt="02" Value="false"/>
<MapEntry BoolAssgnmnt="11" Value="true"/>
</BoolAssgnmntBoolMapList>
</BoolOp>
<BoolOp Arity="2" Intrnl_Id="3" Name="conditional or (||)">
<BoolAssgnmntBoolMapList>
<MapEntry BoolAssgnmnt="01" Value="true"/>
<MapEntry BoolAssgnmnt="00" Value="false"/>
<MapEntry BoolAssgnmnt="12" Value="true"/>
</BoolAssgnmntBoolMapList>
</BoolOp>
</BoolOpList>
<HierarchyLvlTypeList>
<HierarchyLvlType EnglishName="class" IntrnlName="class" Intrnl_Id="4"/>
<HierarchyLvlType EnglishName="method" IntrnlName="method" Intrnl_Id="5"/>
<HierarchyLvlType EnglishName="default package" IntrnlName="default package" Intrnl_Id="6"/>
</HierarchyLvlTypeList>
<MASTRoot>
<HierarchyLvl HierarchyLvlId="500" HierarchyLvlTypeId="6" Intrnl_Id="7" Name="default package">
<Header/>
<LocList/>
<HierarchyLvl HierarchyLvlId="499" HierarchyLvlTypeId="4" Intrnl_Id="8" Name="Value">
<Header>
<Loc EndOffset="39" SrcFileId="1" StartOffset="21"/>
</Header>
<LocList>
<Loc EndOffset="4235" SrcFileId="1" StartOffset="21"/>
</LocList>
<StmntSeq Intrnl_Id="9">
<LocList>
<Loc EndOffset="95" SrcFileId="1" StartOffset="44"/>
</LocList>
<BasicStmnt CovItemId="S1" CovItemPrefix="Value.java" Intrnl_Id="10">
<LocList>
<Loc EndOffset="95" SrcFileId="1" StartOffset="44"/>
</LocList>
</BasicStmnt>
</StmntSeq>
<HierarchyLvl HierarchyLvlId="485" HierarchyLvlTypeId="5" Intrnl_Id="11" Name="Value">
<Header>
<Loc EndOffset="156" SrcFileId="1" StartOffset="130"/>
</Header>
<LocList>
<Loc EndOffset="194" SrcFileId="1" StartOffset="130"/>
</LocList>
<StmntSeq Intrnl_Id="12">
<LocList>
<Loc EndOffset="187" SrcFileId="1" StartOffset="168"/>
</LocList>
<BasicStmnt CovItemId="S2" CovItemPrefix="Value.java" Intrnl_Id="13">
<LocList>
<Loc EndOffset="187" SrcFileId="1" StartOffset="168"/>
</LocList>
</BasicStmnt>
</StmntSeq>
</HierarchyLvl>
<HierarchyLvl HierarchyLvlId="486" HierarchyLvlTypeId="5" Intrnl_Id="14" Name="Value">
<Header>
<Loc EndOffset="287" SrcFileId="1" StartOffset="273"/>
</Header>
<LocList>
<Loc EndOffset="324" SrcFileId="1" StartOffset="273"/>
</LocList>
<StmntSeq Intrnl_Id="15">
<LocList>
<Loc EndOffset="317" SrcFileId="1" StartOffset="301"/>
</LocList>
<BasicStmnt CovItemId="S3" CovItemPrefix="Value.java" Intrnl_Id="16">
<LocList>
<Loc EndOffset="317" SrcFileId="1" StartOffset="301"/>
</LocList>
</BasicStmnt>
</StmntSeq>
</HierarchyLvl>
<HierarchyLvl HierarchyLvlId="487" HierarchyLvlTypeId="5" Intrnl_Id="17" Name="isDouble">
<Header>
<Loc EndOffset="424" SrcFileId="1" StartOffset="399"/>
</Header>
<LocList>
<Loc EndOffset="612" SrcFileId="1" StartOffset="399"/>
</LocList>
<StmntSeq Intrnl_Id="18">
<LocList>
<Loc EndOffset="588" SrcFileId="1" StartOffset="503"/>
<Loc EndOffset="605" SrcFileId="1" StartOffset="592"/>
</LocList>
<CondStmnt CovItemId="S4" CovItemPrefix="Value.java" Intrnl_Id="19">
<Branch CovItemId="B1" CovItemPrefix="Value.java" Implct="false" Intrnl_Id="20">
<Cond/>
<LocList>
<Loc EndOffset="588" SrcFileId="1" StartOffset="565"/>
</LocList>
<StmntSeq Intrnl_Id="21">
<LocList>
<Loc EndOffset="583" SrcFileId="1" StartOffset="571"/>
</LocList>
<BasicStmnt CovItemId="S5" CovItemPrefix="Value.java" Intrnl_Id="22">
<LocList>
<Loc EndOffset="583" SrcFileId="1" StartOffset="571"/>
</LocList>
</BasicStmnt>
</StmntSeq>
</Branch>
<Branch CovItemId="B2" CovItemPrefix="Value.java" Implct="true" Intrnl_Id="23">
<Cond/>
<LocList/>
<StmntSeq Intrnl_Id="24">
<LocList/>
</StmntSeq>
</Branch>
<Keyword EndOffset="505" SrcFileId="1" StartOffset="503"/>
<LocList>
<Loc EndOffset="588" SrcFileId="1" StartOffset="503"/>
</LocList>
<RootTerm CovItemId="C1" CovItemPrefix="Value.java" Intrnl_Id="25">
<BasicBoolTerm Intrnl_Id="26">
<LocList>
<Loc EndOffset="560" SrcFileId="1" StartOffset="506"/>
</LocList>
</BasicBoolTerm>
</RootTerm>
</CondStmnt>
<BasicStmnt CovItemId="S6" CovItemPrefix="Value.java" Intrnl_Id="27">
<LocList>
<Loc EndOffset="605" SrcFileId="1" StartOffset="592"/>
</LocList>
</BasicStmnt>
</StmntSeq>
</HierarchyLvl>
<HierarchyLvl HierarchyLvlId="488" HierarchyLvlTypeId="5" Intrnl_Id="28" Name="isInt">
<Header>
<Loc EndOffset="654" SrcFileId="1" StartOffset="632"/>
</Header>
<LocList>
<Loc EndOffset="895" SrcFileId="1" StartOffset="632"/>
</LocList>
<StmntSeq Intrnl_Id="29">
<LocList>
<Loc EndOffset="871" SrcFileId="1" StartOffset="665"/>
<Loc EndOffset="888" SrcFileId="1" StartOffset="875"/>
</LocList>
<CondStmnt CovItemId="S7" CovItemPrefix="Value.java" Intrnl_Id="30">
<Branch CovItemId="B3" CovItemPrefix="Value.java" Implct="false" Intrnl_Id="31">
<Cond/>
<LocList>
<Loc EndOffset="871" SrcFileId="1" StartOffset="848"/>
</LocList>
<StmntSeq Intrnl_Id="32">
<LocList>
<Loc EndOffset="866" SrcFileId="1" StartOffset="854"/>
</LocList>
<BasicStmnt CovItemId="S8" CovItemPrefix="Value.java" Intrnl_Id="33">
<LocList>
<Loc EndOffset="866" SrcFileId="1" StartOffset="854"/>
</LocList>
</BasicStmnt>
</StmntSeq>
</Branch>
<Branch CovItemId="B4" CovItemPrefix="Value.java" Implct="true" Intrnl_Id="34">
<Cond/>
<LocList/>
<StmntSeq Intrnl_Id="35">
<LocList/>
</StmntSeq>
</Branch>
<Keyword EndOffset="667" SrcFileId="1" StartOffset="665"/>
<LocList>
<Loc EndOffset="871" SrcFileId="1" StartOffset="665"/>
</LocList>
<RootTerm CovItemId="C2" CovItemPrefix="Value.java" Intrnl_Id="36">
<OpTerm BooleanOpId="3" Intrnl_Id="37">
<OpTerm BooleanOpId="3" Intrnl_Id="38">
<OpTerm BooleanOpId="3" Intrnl_Id="39">
<OpTerm BooleanOpId="3" Intrnl_Id="40">
<BasicBoolTerm Intrnl_Id="41">
<LocList>
<Loc EndOffset="705" SrcFileId="1" StartOffset="668"/>
</LocList>
</BasicBoolTerm>
<BasicBoolTerm Intrnl_Id="42">
<LocList>
<Loc EndOffset="739" SrcFileId="1" StartOffset="709"/>
</LocList>
</BasicBoolTerm>
<LocList>
<Loc EndOffset="708" SrcFileId="1" StartOffset="706"/>
</LocList>
</OpTerm>
<BasicBoolTerm Intrnl_Id="43">
<LocList>
<Loc EndOffset="772" SrcFileId="1" StartOffset="743"/>
</LocList>
</BasicBoolTerm>
<LocList>
<Loc EndOffset="742" SrcFileId="1" StartOffset="740"/>
</LocList>
</OpTerm>
<BasicBoolTerm Intrnl_Id="44">
<LocList>
<Loc EndOffset="807" SrcFileId="1" StartOffset="776"/>
</LocList>
</BasicBoolTerm>
<LocList>
<Loc EndOffset="775" SrcFileId="1" StartOffset="773"/>
</LocList>
</OpTerm>
<BasicBoolTerm Intrnl_Id="45">
<LocList>
<Loc EndOffset="843" SrcFileId="1" StartOffset="811"/>
</LocList>
</BasicBoolTerm>
<LocList>
<Loc EndOffset="810" SrcFileId="1" StartOffset="808"/>
</LocList>
</OpTerm>
</RootTerm>
</CondStmnt>
<BasicStmnt CovItemId="S9" CovItemPrefix="Value.java" Intrnl_Id="46">
<LocList>
<Loc EndOffset="888" SrcFileId="1" StartOffset="875"/>
</LocList>
</BasicStmnt>
</StmntSeq>
</HierarchyLvl>
<HierarchyLvl HierarchyLvlId="489" HierarchyLvlTypeId="5" Intrnl_Id="47" Name="isDrink">
<Header>
<Loc EndOffset="942" SrcFileId="1" StartOffset="918"/>
</Header>
<LocList>
<Loc EndOffset="1039" SrcFileId="1" StartOffset="918"/>
</LocList>
<StmntSeq Intrnl_Id="48">
<LocList>
<Loc EndOffset="1015" SrcFileId="1" StartOffset="953"/>
<Loc EndOffset="1032" SrcFileId="1" StartOffset="1019"/>
</LocList>
<CondStmnt CovItemId="S10" CovItemPrefix="Value.java" Intrnl_Id="49">
<Branch CovItemId="B5" CovItemPrefix="Value.java" Implct="false" Intrnl_Id="50">
<Cond/>
<LocList>
<Loc EndOffset="1015" SrcFileId="1" StartOffset="992"/>
</LocList>
<StmntSeq Intrnl_Id="51">
<LocList>
<Loc EndOffset="1010" SrcFileId="1" StartOffset="998"/>
</LocList>
<BasicStmnt CovItemId="S11" CovItemPrefix="Value.java" Intrnl_Id="52">
<LocList>
<Loc EndOffset="1010" SrcFileId="1" StartOffset="998"/>
</LocList>
</BasicStmnt>
</StmntSeq>
</Branch>
<Branch CovItemId="B6" CovItemPrefix="Value.java" Implct="true" Intrnl_Id="53">
<Cond/>
<LocList/>
<StmntSeq Intrnl_Id="54">
<LocList/>
</StmntSeq>
</Branch>
<Keyword EndOffset="955" SrcFileId="1" StartOffset="953"/>
<LocList>
<Loc EndOffset="1015" SrcFileId="1" StartOffset="953"/>
</LocList>
<RootTerm CovItemId="C3" CovItemPrefix="Value.java" Intrnl_Id="55">
<BasicBoolTerm Intrnl_Id="56">
<LocList>
<Loc EndOffset="987" SrcFileId="1" StartOffset="956"/>
</LocList>
</BasicBoolTerm>
</RootTerm>
</CondStmnt>
<BasicStmnt CovItemId="S12" CovItemPrefix="Value.java" Intrnl_Id="57">
<LocList>
<Loc EndOffset="1032" SrcFileId="1" StartOffset="1019"/>
</LocList>
</BasicStmnt>
</StmntSeq>
</HierarchyLvl>
<HierarchyLvl HierarchyLvlId="490" HierarchyLvlTypeId="5" Intrnl_Id="58" Name="isNumeric">
<Header>
<Loc EndOffset="1077" SrcFileId="1" StartOffset="1051"/>
</Header>
<LocList>
<Loc EndOffset="1258" SrcFileId="1" StartOffset="1051"/>
</LocList>
<StmntSeq Intrnl_Id="59">
<LocList>
<Loc EndOffset="1231" SrcFileId="1" StartOffset="1091"/>
<Loc EndOffset="1251" SrcFileId="1" StartOffset="1238"/>
</LocList>
<CondStmnt CovItemId="S13" CovItemPrefix="Value.java" Intrnl_Id="60">
<Branch CovItemId="B7" CovItemPrefix="Value.java" Implct="false" Intrnl_Id="61">
<Cond/>
<LocList>
<Loc EndOffset="1231" SrcFileId="1" StartOffset="1202"/>
</LocList>
<StmntSeq Intrnl_Id="62">
<LocList>
<Loc EndOffset="1223" SrcFileId="1" StartOffset="1211"/>
</LocList>
<BasicStmnt CovItemId="S14" CovItemPrefix="Value.java" Intrnl_Id="63">
<LocList>
<Loc EndOffset="1223" SrcFileId="1" StartOffset="1211"/>
</LocList>
</BasicStmnt>
</StmntSeq>
</Branch>
<Branch CovItemId="B8" CovItemPrefix="Value.java" Implct="true" Intrnl_Id="64">
<Cond/>
<LocList/>
<StmntSeq Intrnl_Id="65">
<LocList/>
</StmntSeq>
</Branch>
<Keyword EndOffset="1093" SrcFileId="1" StartOffset="1091"/>
<LocList>
<Loc EndOffset="1231" SrcFileId="1" StartOffset="1091"/>
</LocList>
<RootTerm CovItemId="C4" CovItemPrefix="Value.java" Intrnl_Id="66">
<OpTerm BooleanOpId="3" Intrnl_Id="67">
<OpTerm BooleanOpId="3" Intrnl_Id="68">
<OpTerm BooleanOpId="3" Intrnl_Id="69">
<BasicBoolTerm Intrnl_Id="70">
<LocList>
<Loc EndOffset="1106" SrcFileId="1" StartOffset="1094"/>
</LocList>
</BasicBoolTerm>
<BasicBoolTerm Intrnl_Id="71">
<LocList>
<Loc EndOffset="1125" SrcFileId="1" StartOffset="1110"/>
</LocList>
</BasicBoolTerm>
<LocList>
<Loc EndOffset="1109" SrcFileId="1" StartOffset="1107"/>
</LocList>
</OpTerm>
<BasicBoolTerm Intrnl_Id="72">
<LocList>
<Loc EndOffset="1158" SrcFileId="1" StartOffset="1129"/>
</LocList>
</BasicBoolTerm>
<LocList>
<Loc EndOffset="1128" SrcFileId="1" StartOffset="1126"/>
</LocList>
</OpTerm>
<BasicBoolTerm Intrnl_Id="73">
<LocList>
<Loc EndOffset="1194" SrcFileId="1" StartOffset="1162"/>
</LocList>
</BasicBoolTerm>
<LocList>
<Loc EndOffset="1161" SrcFileId="1" StartOffset="1159"/>
</LocList>
</OpTerm>
</RootTerm>
</CondStmnt>
<BasicStmnt CovItemId="S15" CovItemPrefix="Value.java" Intrnl_Id="74">
<LocList>
<Loc EndOffset="1251" SrcFileId="1" StartOffset="1238"/>
</LocList>
</BasicStmnt>
</StmntSeq>
</HierarchyLvl>
<HierarchyLvl HierarchyLvlId="491" HierarchyLvlTypeId="5" Intrnl_Id="75" Name="isNumericExpression">
<Header>
<Loc EndOffset="1306" SrcFileId="1" StartOffset="1270"/>
</Header>
<LocList>
<Loc EndOffset="1778" SrcFileId="1" StartOffset="1270"/>
</LocList>
<StmntSeq Intrnl_Id="76">
<LocList>
<Loc EndOffset="1365" SrcFileId="1" StartOffset="1325"/>
<Loc EndOffset="1484" SrcFileId="1" StartOffset="1379"/>
<Loc EndOffset="1603" SrcFileId="1" StartOffset="1498"/>
<Loc EndOffset="1751" SrcFileId="1" StartOffset="1617"/>
<Loc EndOffset="1771" SrcFileId="1" StartOffset="1758"/>
</LocList>
<BasicStmnt CovItemId="S16" CovItemPrefix="Value.java" Intrnl_Id="77">
<LocList>
<Loc EndOffset="1365" SrcFileId="1" StartOffset="1325"/>
</LocList>
</BasicStmnt>
<CondStmnt CovItemId="S17" CovItemPrefix="Value.java" Intrnl_Id="78">
<Branch CovItemId="B9" CovItemPrefix="Value.java" Implct="false" Intrnl_Id="79">
<Cond/>
<LocList>
<Loc EndOffset="1484" SrcFileId="1" StartOffset="1418"/>
</LocList>
<StmntSeq Intrnl_Id="80">
<LocList>
<Loc EndOffset="1476" SrcFileId="1" StartOffset="1427"/>
</LocList>
<BasicStmnt CovItemId="S18" CovItemPrefix="Value.java" Intrnl_Id="81">
<LocList>
<Loc EndOffset="1476" SrcFileId="1" StartOffset="1427"/>
</LocList>
</BasicStmnt>
</StmntSeq>
</Branch>
<Branch CovItemId="B10" CovItemPrefix="Value.java" Implct="true" Intrnl_Id="82">
<Cond/>
<LocList/>
<StmntSeq Intrnl_Id="83">
<LocList/>
</StmntSeq>
</Branch>
<Keyword EndOffset="1381" SrcFileId="1" StartOffset="1379"/>
<LocList>
<Loc EndOffset="1484" SrcFileId="1" StartOffset="1379"/>
</LocList>
<RootTerm CovItemId="C5" CovItemPrefix="Value.java" Intrnl_Id="84">
<BasicBoolTerm Intrnl_Id="85">
<LocList>
<Loc EndOffset="1410" SrcFileId="1" StartOffset="1382"/>
</LocList>
</BasicBoolTerm>
</RootTerm>
</CondStmnt>
<CondStmnt CovItemId="S19" CovItemPrefix="Value.java" Intrnl_Id="86">
<Branch CovItemId="B11" CovItemPrefix="Value.java" Implct="false" Intrnl_Id="87">
<Cond/>
<LocList>
<Loc EndOffset="1603" SrcFileId="1" StartOffset="1537"/>
</LocList>
<StmntSeq Intrnl_Id="88">
<LocList>
<Loc EndOffset="1595" SrcFileId="1" StartOffset="1546"/>
</LocList>
<BasicStmnt CovItemId="S20" CovItemPrefix="Value.java" Intrnl_Id="89">
<LocList>
<Loc EndOffset="1595" SrcFileId="1" StartOffset="1546"/>
</LocList>
</BasicStmnt>
</StmntSeq>
</Branch>
<Branch CovItemId="B12" CovItemPrefix="Value.java" Implct="true" Intrnl_Id="90">
<Cond/>
<LocList/>
<StmntSeq Intrnl_Id="91">
<LocList/>
</StmntSeq>
</Branch>
<Keyword EndOffset="1500" SrcFileId="1" StartOffset="1498"/>
<LocList>
<Loc EndOffset="1603" SrcFileId="1" StartOffset="1498"/>
</LocList>
<RootTerm CovItemId="C6" CovItemPrefix="Value.java" Intrnl_Id="92">
<BasicBoolTerm Intrnl_Id="93">
<LocList>
<Loc EndOffset="1529" SrcFileId="1" StartOffset="1501"/>
</LocList>
</BasicBoolTerm>
</RootTerm>
</CondStmnt>
<CondStmnt CovItemId="S21" CovItemPrefix="Value.java" Intrnl_Id="94">
<Branch CovItemId="B13" CovItemPrefix="Value.java" Implct="false" Intrnl_Id="95">
<Cond/>
<LocList>
<Loc EndOffset="1751" SrcFileId="1" StartOffset="1722"/>
</LocList>
<StmntSeq Intrnl_Id="96">
<LocList>
<Loc EndOffset="1743" SrcFileId="1" StartOffset="1731"/>
</LocList>
<BasicStmnt CovItemId="S22" CovItemPrefix="Value.java" Intrnl_Id="97">
<LocList>
<Loc EndOffset="1743" SrcFileId="1" StartOffset="1731"/>
</LocList>
</BasicStmnt>
</StmntSeq>
</Branch>
<Branch CovItemId="B14" CovItemPrefix="Value.java" Implct="true" Intrnl_Id="98">
<Cond/>
<LocList/>
<StmntSeq Intrnl_Id="99">
<LocList/>
</StmntSeq>
</Branch>
<Keyword EndOffset="1619" SrcFileId="1" StartOffset="1617"/>
<LocList>
<Loc EndOffset="1751" SrcFileId="1" StartOffset="1617"/>
</LocList>
<RootTerm CovItemId="C7" CovItemPrefix="Value.java" Intrnl_Id="100">
<BasicBoolTerm Intrnl_Id="101">
<LocList>
<Loc EndOffset="1714" SrcFileId="1" StartOffset="1620"/>
</LocList>
</BasicBoolTerm>
</RootTerm>
</CondStmnt>
<BasicStmnt CovItemId="S23" CovItemPrefix="Value.java" Intrnl_Id="102">
<LocList>
<Loc EndOffset="1771" SrcFileId="1" StartOffset="1758"/>
</LocList>
</BasicStmnt>
</StmntSeq>
</HierarchyLvl>
<HierarchyLvl HierarchyLvlId="492" HierarchyLvlTypeId="5" Intrnl_Id="103" Name="isChar">
<Header>
<Loc EndOffset="1813" SrcFileId="1" StartOffset="1790"/>
</Header>
<LocList>
<Loc EndOffset="2021" SrcFileId="1" StartOffset="1790"/>
</LocList>
<StmntSeq Intrnl_Id="104">
<LocList>
<Loc EndOffset="1998" SrcFileId="1" StartOffset="1824"/>
<Loc EndOffset="2014" SrcFileId="1" StartOffset="2002"/>
</LocList>
<CondStmnt CovItemId="S24" CovItemPrefix="Value.java" Intrnl_Id="105">
<Branch CovItemId="B15" CovItemPrefix="Value.java" Implct="false" Intrnl_Id="106">
<Cond/>
<LocList>
<Loc EndOffset="1998" SrcFileId="1" StartOffset="1974"/>
</LocList>
<StmntSeq Intrnl_Id="107">
<LocList>
<Loc EndOffset="1993" SrcFileId="1" StartOffset="1980"/>
</LocList>
<BasicStmnt CovItemId="S25" CovItemPrefix="Value.java" Intrnl_Id="108">
<LocList>
<Loc EndOffset="1993" SrcFileId="1" StartOffset="1980"/>
</LocList>
</BasicStmnt>
</StmntSeq>
</Branch>
<Branch CovItemId="B16" CovItemPrefix="Value.java" Implct="true" Intrnl_Id="109">
<Cond/>
<LocList/>
<StmntSeq Intrnl_Id="110">
<LocList/>
</StmntSeq>
</Branch>
<Keyword EndOffset="1826" SrcFileId="1" StartOffset="1824"/>
<LocList>
<Loc EndOffset="1998" SrcFileId="1" StartOffset="1824"/>
</LocList>
<RootTerm CovItemId="C8" CovItemPrefix="Value.java" Intrnl_Id="111">
<OpTerm BooleanOpId="3" Intrnl_Id="112">
<OpTerm BooleanOpId="3" Intrnl_Id="113">
<BasicBoolTerm Intrnl_Id="114">
<LocList>
<Loc EndOffset="1856" SrcFileId="1" StartOffset="1827"/>
</LocList>
</BasicBoolTerm>
<BasicBoolTerm Intrnl_Id="115">
<LocList>
<Loc EndOffset="1900" SrcFileId="1" StartOffset="1867"/>
</LocList>
</BasicBoolTerm>
<LocList>
<Loc EndOffset="1859" SrcFileId="1" StartOffset="1857"/>
</LocList>
</OpTerm>
<BasicBoolTerm Intrnl_Id="116">
<LocList>
<Loc EndOffset="1969" SrcFileId="1" StartOffset="1911"/>
</LocList>
</BasicBoolTerm>
<LocList>
<Loc EndOffset="1903" SrcFileId="1" StartOffset="1901"/>
</LocList>
</OpTerm>
</RootTerm>
</CondStmnt>
<BasicStmnt CovItemId="S26" CovItemPrefix="Value.java" Intrnl_Id="117">
<LocList>
<Loc EndOffset="2014" SrcFileId="1" StartOffset="2002"/>
</LocList>
</BasicStmnt>
</StmntSeq>
</HierarchyLvl>
<HierarchyLvl HierarchyLvlId="493" HierarchyLvlTypeId="5" Intrnl_Id="118" Name="isString">
<Header>
<Loc EndOffset="2058" SrcFileId="1" StartOffset="2033"/>
</Header>
<LocList>
<Loc EndOffset="2300" SrcFileId="1" StartOffset="2033"/>
</LocList>
<StmntSeq Intrnl_Id="119">
<LocList>
<Loc EndOffset="2277" SrcFileId="1" StartOffset="2072"/>
<Loc EndOffset="2293" SrcFileId="1" StartOffset="2281"/>
</LocList>
<CondStmnt CovItemId="S27" CovItemPrefix="Value.java" Intrnl_Id="120">
<Branch CovItemId="B17" CovItemPrefix="Value.java" Implct="false" Intrnl_Id="121">
<Cond/>
<LocList>
<Loc EndOffset="2141" SrcFileId="1" StartOffset="2111"/>
</LocList>
<StmntSeq Intrnl_Id="122">
<LocList>
<Loc EndOffset="2133" SrcFileId="1" StartOffset="2120"/>
</LocList>
<BasicStmnt CovItemId="S28" CovItemPrefix="Value.java" Intrnl_Id="123">
<LocList>
<Loc EndOffset="2133" SrcFileId="1" StartOffset="2120"/>
</LocList>
</BasicStmnt>
</StmntSeq>
</Branch>
<Branch CovItemId="B18" CovItemPrefix="Value.java" Implct="false" Intrnl_Id="124">
<Cond>
<Loc EndOffset="2152" SrcFileId="1" StartOffset="2148"/>
</Cond>
<LocList>
<Loc EndOffset="2277" SrcFileId="1" StartOffset="2153"/>
</LocList>
<StmntSeq Intrnl_Id="125">
<LocList>
<Loc EndOffset="2277" SrcFileId="1" StartOffset="2153"/>
</LocList>
<CondStmnt CovItemId="S29" CovItemPrefix="Value.java" Intrnl_Id="126">
<Branch CovItemId="B19" CovItemPrefix="Value.java" Implct="false" Intrnl_Id="127">
<Cond/>
<LocList>
<Loc EndOffset="2277" SrcFileId="1" StartOffset="2253"/>
</LocList>
<StmntSeq Intrnl_Id="128">
<LocList>
<Loc EndOffset="2272" SrcFileId="1" StartOffset="2259"/>
</LocList>
<BasicStmnt CovItemId="S30" CovItemPrefix="Value.java" Intrnl_Id="129">
<LocList>
<Loc EndOffset="2272" SrcFileId="1" StartOffset="2259"/>
</LocList>
</BasicStmnt>
</StmntSeq>
</Branch>
<Branch CovItemId="B20" CovItemPrefix="Value.java" Implct="true" Intrnl_Id="130">
<Cond/>
<LocList/>
<StmntSeq Intrnl_Id="131">
<LocList/>
</StmntSeq>
</Branch>
<Keyword EndOffset="2155" SrcFileId="1" StartOffset="2153"/>
<LocList>
<Loc EndOffset="2277" SrcFileId="1" StartOffset="2153"/>
</LocList>
<RootTerm CovItemId="C10" CovItemPrefix="Value.java" Intrnl_Id="132">
<OpTerm BooleanOpId="3" Intrnl_Id="133">
<BasicBoolTerm Intrnl_Id="134">
<LocList>
<Loc EndOffset="2188" SrcFileId="1" StartOffset="2156"/>
</LocList>
</BasicBoolTerm>
<BasicBoolTerm Intrnl_Id="135">
<LocList>
<Loc EndOffset="2248" SrcFileId="1" StartOffset="2191"/>
</LocList>
</BasicBoolTerm>
<LocList>
<Loc EndOffset="2190" SrcFileId="1" StartOffset="2188"/>
</LocList>
</OpTerm>
</RootTerm>
</CondStmnt>
</StmntSeq>
</Branch>
<Keyword EndOffset="2074" SrcFileId="1" StartOffset="2072"/>
<LocList>
<Loc EndOffset="2277" SrcFileId="1" StartOffset="2072"/>
</LocList>
<RootTerm CovItemId="C9" CovItemPrefix="Value.java" Intrnl_Id="136">
<BasicBoolTerm Intrnl_Id="137">
<LocList>
<Loc EndOffset="2103" SrcFileId="1" StartOffset="2075"/>
</LocList>
</BasicBoolTerm>
</RootTerm>
</CondStmnt>
<BasicStmnt CovItemId="S31" CovItemPrefix="Value.java" Intrnl_Id="138">
<LocList>
<Loc EndOffset="2293" SrcFileId="1" StartOffset="2281"/>
</LocList>
</BasicStmnt>
</StmntSeq>
</HierarchyLvl>
<HierarchyLvl HierarchyLvlId="494" HierarchyLvlTypeId="5" Intrnl_Id="139" Name="isBool">
<Header>
<Loc EndOffset="2335" SrcFileId="1" StartOffset="2312"/>
</Header>
<LocList>
<Loc EndOffset="2481" SrcFileId="1" StartOffset="2312"/>
</LocList>
<StmntSeq Intrnl_Id="140">
<LocList>
<Loc EndOffset="2454" SrcFileId="1" StartOffset="2349"/>
<Loc EndOffset="2474" SrcFileId="1" StartOffset="2461"/>
</LocList>
<CondStmnt CovItemId="S32" CovItemPrefix="Value.java" Intrnl_Id="141">
<Branch CovItemId="B21" CovItemPrefix="Value.java" Implct="false" Intrnl_Id="142">
<Cond/>
<LocList>
<Loc EndOffset="2454" SrcFileId="1" StartOffset="2425"/>
</LocList>
<StmntSeq Intrnl_Id="143">
<LocList>
<Loc EndOffset="2446" SrcFileId="1" StartOffset="2434"/>
</LocList>
<BasicStmnt CovItemId="S33" CovItemPrefix="Value.java" Intrnl_Id="144">
<LocList>
<Loc EndOffset="2446" SrcFileId="1" StartOffset="2434"/>
</LocList>
</BasicStmnt>
</StmntSeq>
</Branch>
<Branch CovItemId="B22" CovItemPrefix="Value.java" Implct="true" Intrnl_Id="145">
<Cond/>
<LocList/>
<StmntSeq Intrnl_Id="146">
<LocList/>
</StmntSeq>
</Branch>
<Keyword EndOffset="2351" SrcFileId="1" StartOffset="2349"/>
<LocList>
<Loc EndOffset="2454" SrcFileId="1" StartOffset="2349"/>
</LocList>
<RootTerm CovItemId="C11" CovItemPrefix="Value.java" Intrnl_Id="147">
<OpTerm BooleanOpId="3" Intrnl_Id="148">
<BasicBoolTerm Intrnl_Id="149">
<LocList>
<Loc EndOffset="2382" SrcFileId="1" StartOffset="2352"/>
</LocList>
</BasicBoolTerm>
<BasicBoolTerm Intrnl_Id="150">
<LocList>
<Loc EndOffset="2417" SrcFileId="1" StartOffset="2386"/>
</LocList>
</BasicBoolTerm>
<LocList>
<Loc EndOffset="2385" SrcFileId="1" StartOffset="2383"/>
</LocList>
</OpTerm>
</RootTerm>
</CondStmnt>
<BasicStmnt CovItemId="S34" CovItemPrefix="Value.java" Intrnl_Id="151">
<LocList>
<Loc EndOffset="2474" SrcFileId="1" StartOffset="2461"/>
</LocList>
</BasicStmnt>
</StmntSeq>
</HierarchyLvl>
<HierarchyLvl HierarchyLvlId="495" HierarchyLvlTypeId="5" Intrnl_Id="152" Name="isContainer">
<Header>
<Loc EndOffset="2521" SrcFileId="1" StartOffset="2493"/>
</Header>
<LocList>
<Loc EndOffset="2694" SrcFileId="1" StartOffset="2493"/>
</LocList>
<StmntSeq Intrnl_Id="153">
<LocList>
<Loc EndOffset="2667" SrcFileId="1" StartOffset="2535"/>
<Loc EndOffset="2687" SrcFileId="1" StartOffset="2674"/>
</LocList>
<CondStmnt CovItemId="S35" CovItemPrefix="Value.java" Intrnl_Id="154">
<Branch CovItemId="B23" CovItemPrefix="Value.java" Implct="false" Intrnl_Id="155">
<Cond/>
<LocList>
<Loc EndOffset="2667" SrcFileId="1" StartOffset="2638"/>
</LocList>
<StmntSeq Intrnl_Id="156">
<LocList>
<Loc EndOffset="2659" SrcFileId="1" StartOffset="2647"/>
</LocList>
<BasicStmnt CovItemId="S36" CovItemPrefix="Value.java" Intrnl_Id="157">
<LocList>
<Loc EndOffset="2659" SrcFileId="1" StartOffset="2647"/>
</LocList>
</BasicStmnt>
</StmntSeq>
</Branch>
<Branch CovItemId="B24" CovItemPrefix="Value.java" Implct="true" Intrnl_Id="158">
<Cond/>
<LocList/>
<StmntSeq Intrnl_Id="159">
<LocList/>
</StmntSeq>
</Branch>
<Keyword EndOffset="2537" SrcFileId="1" StartOffset="2535"/>
<LocList>
<Loc EndOffset="2667" SrcFileId="1" StartOffset="2535"/>
</LocList>
<RootTerm CovItemId="C12" CovItemPrefix="Value.java" Intrnl_Id="160">
<OpTerm BooleanOpId="3" Intrnl_Id="161">
<BasicBoolTerm Intrnl_Id="162">
<LocList>
<Loc EndOffset="2591" SrcFileId="1" StartOffset="2538"/>
</LocList>
</BasicBoolTerm>
<BasicBoolTerm Intrnl_Id="163">
<LocList>
<Loc EndOffset="2630" SrcFileId="1" StartOffset="2595"/>
</LocList>
</BasicBoolTerm>
<LocList>
<Loc EndOffset="2594" SrcFileId="1" StartOffset="2592"/>
</LocList>
</OpTerm>
</RootTerm>
</CondStmnt>
<BasicStmnt CovItemId="S37" CovItemPrefix="Value.java" Intrnl_Id="164">
<LocList>
<Loc EndOffset="2687" SrcFileId="1" StartOffset="2674"/>
</LocList>
</BasicStmnt>
</StmntSeq>
</HierarchyLvl>
<HierarchyLvl HierarchyLvlId="496" HierarchyLvlTypeId="5" Intrnl_Id="165" Name="isSameType">
<Header>
<Loc EndOffset="2742" SrcFileId="1" StartOffset="2706"/>
</Header>
<LocList>
<Loc EndOffset="3330" SrcFileId="1" StartOffset="2706"/>
</LocList>
<StmntSeq Intrnl_Id="166">
<LocList>
<Loc EndOffset="2825" SrcFileId="1" StartOffset="2756"/>
<Loc EndOffset="3296" SrcFileId="1" StartOffset="2832"/>
<Loc EndOffset="3323" SrcFileId="1" StartOffset="3310"/>
</LocList>
<CondStmnt CovItemId="S38" CovItemPrefix="Value.java" Intrnl_Id="167">
<Branch CovItemId="B25" CovItemPrefix="Value.java" Implct="false" Intrnl_Id="168">
<Cond/>
<LocList>
<Loc EndOffset="2825" SrcFileId="1" StartOffset="2796"/>
</LocList>
<StmntSeq Intrnl_Id="169">
<LocList>
<Loc EndOffset="2817" SrcFileId="1" StartOffset="2805"/>
</LocList>
<BasicStmnt CovItemId="S39" CovItemPrefix="Value.java" Intrnl_Id="170">
<LocList>
<Loc EndOffset="2817" SrcFileId="1" StartOffset="2805"/>
</LocList>
</BasicStmnt>
</StmntSeq>
</Branch>
<Branch CovItemId="B26" CovItemPrefix="Value.java" Implct="true" Intrnl_Id="171">
<Cond/>
<LocList/>
<StmntSeq Intrnl_Id="172">
<LocList/>
</StmntSeq>
</Branch>
<Keyword EndOffset="2758" SrcFileId="1" StartOffset="2756"/>
<LocList>
<Loc EndOffset="2825" SrcFileId="1" StartOffset="2756"/>
</LocList>
<RootTerm CovItemId="C13" CovItemPrefix="Value.java" Intrnl_Id="173">
<OpTerm BooleanOpId="2" Intrnl_Id="174">
<BasicBoolTerm Intrnl_Id="175">
<LocList>
<Loc EndOffset="2772" SrcFileId="1" StartOffset="2759"/>
</LocList>
</BasicBoolTerm>
<BasicBoolTerm Intrnl_Id="176">
<LocList>
<Loc EndOffset="2788" SrcFileId="1" StartOffset="2776"/>
</LocList>
</BasicBoolTerm>
<LocList>
<Loc EndOffset="2775" SrcFileId="1" StartOffset="2773"/>
</LocList>
</OpTerm>
</RootTerm>
</CondStmnt>
<CondStmnt CovItemId="S40" CovItemPrefix="Value.java" Intrnl_Id="177">
<Branch CovItemId="B27" CovItemPrefix="Value.java" Implct="false" Intrnl_Id="178">
<Cond/>
<LocList>
<Loc EndOffset="2911" SrcFileId="1" StartOffset="2882"/>
</LocList>
<StmntSeq Intrnl_Id="179">
<LocList>
<Loc EndOffset="2903" SrcFileId="1" StartOffset="2891"/>
</LocList>
<BasicStmnt CovItemId="S41" CovItemPrefix="Value.java" Intrnl_Id="180">
<LocList>
<Loc EndOffset="2903" SrcFileId="1" StartOffset="2891"/>
</LocList>
</BasicStmnt>
</StmntSeq>
</Branch>
<Branch CovItemId="B28" CovItemPrefix="Value.java" Implct="false" Intrnl_Id="181">
<Cond>
<Loc EndOffset="2922" SrcFileId="1" StartOffset="2918"/>
</Cond>
<LocList>
<Loc EndOffset="3296" SrcFileId="1" StartOffset="2923"/>
</LocList>
<StmntSeq Intrnl_Id="182">
<LocList>
<Loc EndOffset="3296" SrcFileId="1" StartOffset="2923"/>
</LocList>
<CondStmnt CovItemId="S42" CovItemPrefix="Value.java" Intrnl_Id="183">
<Branch CovItemId="B29" CovItemPrefix="Value.java" Implct="false" Intrnl_Id="184">
<Cond/>
<LocList>
<Loc EndOffset="2992" SrcFileId="1" StartOffset="2963"/>
</LocList>
<StmntSeq Intrnl_Id="185">
<LocList>
<Loc EndOffset="2984" SrcFileId="1" StartOffset="2972"/>
</LocList>
<BasicStmnt CovItemId="S43" CovItemPrefix="Value.java" Intrnl_Id="186">
<LocList>
<Loc EndOffset="2984" SrcFileId="1" StartOffset="2972"/>
</LocList>
</BasicStmnt>
</StmntSeq>
</Branch>
<Branch CovItemId="B30" CovItemPrefix="Value.java" Implct="false" Intrnl_Id="187">
<Cond>
<Loc EndOffset="3003" SrcFileId="1" StartOffset="2999"/>
</Cond>
<LocList>
<Loc EndOffset="3296" SrcFileId="1" StartOffset="3004"/>
</LocList>
<StmntSeq Intrnl_Id="188">
<LocList>
<Loc EndOffset="3296" SrcFileId="1" StartOffset="3004"/>
</LocList>
<CondStmnt CovItemId="S44" CovItemPrefix="Value.java" Intrnl_Id="189">
<Branch CovItemId="B31" CovItemPrefix="Value.java" Implct="false" Intrnl_Id="190">
<Cond/>
<LocList>
<Loc EndOffset="3128" SrcFileId="1" StartOffset="3099"/>
</LocList>
<StmntSeq Intrnl_Id="191">
<LocList>
<Loc EndOffset="3120" SrcFileId="1" StartOffset="3108"/>
</LocList>
<BasicStmnt CovItemId="S45" CovItemPrefix="Value.java" Intrnl_Id="192">
<LocList>
<Loc EndOffset="3120" SrcFileId="1" StartOffset="3108"/>
</LocList>
</BasicStmnt>
</StmntSeq>
</Branch>
<Branch CovItemId="B32" CovItemPrefix="Value.java" Implct="false" Intrnl_Id="193">
<Cond>
<Loc EndOffset="3139" SrcFileId="1" StartOffset="3135"/>
</Cond>
<LocList>
<Loc EndOffset="3296" SrcFileId="1" StartOffset="3140"/>
</LocList>
<StmntSeq Intrnl_Id="194">
<LocList>
<Loc EndOffset="3296" SrcFileId="1" StartOffset="3140"/>
</LocList>
<CondStmnt CovItemId="S46" CovItemPrefix="Value.java" Intrnl_Id="195">
<Branch CovItemId="B33" CovItemPrefix="Value.java" Implct="false" Intrnl_Id="196">
<Cond/>
<LocList>
<Loc EndOffset="3213" SrcFileId="1" StartOffset="3184"/>
</LocList>
<StmntSeq Intrnl_Id="197">
<LocList>
<Loc EndOffset="3205" SrcFileId="1" StartOffset="3193"/>
</LocList>
<BasicStmnt CovItemId="S47" CovItemPrefix="Value.java" Intrnl_Id="198">
<LocList>
<Loc EndOffset="3205" SrcFileId="1" StartOffset="3193"/>
</LocList>
</BasicStmnt>
</StmntSeq>
</Branch>
<Branch CovItemId="B34" CovItemPrefix="Value.java" Implct="false" Intrnl_Id="199">
<Cond>
<Loc EndOffset="3224" SrcFileId="1" StartOffset="3220"/>
</Cond>
<LocList>
<Loc EndOffset="3296" SrcFileId="1" StartOffset="3225"/>
</LocList>
<StmntSeq Intrnl_Id="200">
<LocList>
<Loc EndOffset="3296" SrcFileId="1" StartOffset="3225"/>
</LocList>
<CondStmnt CovItemId="S48" CovItemPrefix="Value.java" Intrnl_Id="201">
<Branch CovItemId="B35" CovItemPrefix="Value.java" Implct="false" Intrnl_Id="202">
<Cond/>
<LocList>
<Loc EndOffset="3296" SrcFileId="1" StartOffset="3267"/>
</LocList>
<StmntSeq Intrnl_Id="203">
<LocList>
<Loc EndOffset="3288" SrcFileId="1" StartOffset="3276"/>
</LocList>
<BasicStmnt CovItemId="S49" CovItemPrefix="Value.java" Intrnl_Id="204">
<LocList>
<Loc EndOffset="3288" SrcFileId="1" StartOffset="3276"/>
</LocList>
</BasicStmnt>
</StmntSeq>
</Branch>
<Branch CovItemId="B36" CovItemPrefix="Value.java" Implct="true" Intrnl_Id="205">
<Cond/>
<LocList/>
<StmntSeq Intrnl_Id="206">
<LocList/>
</StmntSeq>
</Branch>
<Keyword EndOffset="3227" SrcFileId="1" StartOffset="3225"/>
<LocList>
<Loc EndOffset="3296" SrcFileId="1" StartOffset="3225"/>
</LocList>
<RootTerm CovItemId="C18" CovItemPrefix="Value.java" Intrnl_Id="207">
<OpTerm BooleanOpId="2" Intrnl_Id="208">
<BasicBoolTerm Intrnl_Id="209">
<LocList>
<Loc EndOffset="3242" SrcFileId="1" StartOffset="3228"/>
</LocList>
</BasicBoolTerm>
<BasicBoolTerm Intrnl_Id="210">
<LocList>
<Loc EndOffset="3259" SrcFileId="1" StartOffset="3246"/>
</LocList>
</BasicBoolTerm>
<LocList>
<Loc EndOffset="3245" SrcFileId="1" StartOffset="3243"/>
</LocList>
</OpTerm>
</RootTerm>
</CondStmnt>
</StmntSeq>
</Branch>
<Keyword EndOffset="3142" SrcFileId="1" StartOffset="3140"/>
<LocList>
<Loc EndOffset="3296" SrcFileId="1" StartOffset="3140"/>
</LocList>
<RootTerm CovItemId="C17" CovItemPrefix="Value.java" Intrnl_Id="211">
<OpTerm BooleanOpId="2" Intrnl_Id="212">
<BasicBoolTerm Intrnl_Id="213">
<LocList>
<Loc EndOffset="3158" SrcFileId="1" StartOffset="3143"/>
</LocList>
</BasicBoolTerm>
<BasicBoolTerm Intrnl_Id="214">
<LocList>
<Loc EndOffset="3176" SrcFileId="1" StartOffset="3162"/>
</LocList>
</BasicBoolTerm>
<LocList>
<Loc EndOffset="3161" SrcFileId="1" StartOffset="3159"/>
</LocList>
</OpTerm>
</RootTerm>
</CondStmnt>
</StmntSeq>
</Branch>
<Keyword EndOffset="3006" SrcFileId="1" StartOffset="3004"/>
<LocList>
<Loc EndOffset="3296" SrcFileId="1" StartOffset="3004"/>
</LocList>
<RootTerm CovItemId="C16" CovItemPrefix="Value.java" Intrnl_Id="215">
<OpTerm BooleanOpId="3" Intrnl_Id="216">
<OpTerm BooleanOpId="2" Intrnl_Id="217">
<BasicBoolTerm Intrnl_Id="218">
<LocList>
<Loc EndOffset="3023" SrcFileId="1" StartOffset="3007"/>
</LocList>
</BasicBoolTerm>
<BasicBoolTerm Intrnl_Id="219">
<LocList>
<Loc EndOffset="3042" SrcFileId="1" StartOffset="3027"/>
</LocList>
</BasicBoolTerm>
<LocList>
<Loc EndOffset="3026" SrcFileId="1" StartOffset="3024"/>
</LocList>
</OpTerm>
<OpTerm BooleanOpId="2" Intrnl_Id="220">
<BasicBoolTerm Intrnl_Id="221">
<LocList>
<Loc EndOffset="3062" SrcFileId="1" StartOffset="3046"/>
</LocList>
</BasicBoolTerm>
<BasicBoolTerm Intrnl_Id="222">
<LocList>
<Loc EndOffset="3091" SrcFileId="1" StartOffset="3066"/>
</LocList>
</BasicBoolTerm>
<LocList>
<Loc EndOffset="3065" SrcFileId="1" StartOffset="3063"/>
</LocList>
</OpTerm>
<LocList>
<Loc EndOffset="3045" SrcFileId="1" StartOffset="3043"/>
</LocList>
</OpTerm>
</RootTerm>
</CondStmnt>
</StmntSeq>
</Branch>
<Keyword EndOffset="2925" SrcFileId="1" StartOffset="2923"/>
<LocList>
<Loc EndOffset="3296" SrcFileId="1" StartOffset="2923"/>
</LocList>
<RootTerm CovItemId="C15" CovItemPrefix="Value.java" Intrnl_Id="223">
<OpTerm BooleanOpId="2" Intrnl_Id="224">
<BasicBoolTerm Intrnl_Id="225">
<LocList>
<Loc EndOffset="2939" SrcFileId="1" StartOffset="2926"/>
</LocList>
</BasicBoolTerm>
<BasicBoolTerm Intrnl_Id="226">
<LocList>
<Loc EndOffset="2955" SrcFileId="1" StartOffset="2943"/>
</LocList>
</BasicBoolTerm>
<LocList>
<Loc EndOffset="2942" SrcFileId="1" StartOffset="2940"/>
</LocList>
</OpTerm>
</RootTerm>
</CondStmnt>
</StmntSeq>
</Branch>
<Keyword EndOffset="2834" SrcFileId="1" StartOffset="2832"/>
<LocList>
<Loc EndOffset="3296" SrcFileId="1" StartOffset="2832"/>
</LocList>
<RootTerm CovItemId="C14" CovItemPrefix="Value.java" Intrnl_Id="227">
<OpTerm BooleanOpId="2" Intrnl_Id="228">
<BasicBoolTerm Intrnl_Id="229">
<LocList>
<Loc EndOffset="2853" SrcFileId="1" StartOffset="2835"/>
</LocList>
</BasicBoolTerm>
<BasicBoolTerm Intrnl_Id="230">
<LocList>
<Loc EndOffset="2874" SrcFileId="1" StartOffset="2857"/>
</LocList>
</BasicBoolTerm>
<LocList>
<Loc EndOffset="2856" SrcFileId="1" StartOffset="2854"/>
</LocList>
</OpTerm>
</RootTerm>
</CondStmnt>
<BasicStmnt CovItemId="S50" CovItemPrefix="Value.java" Intrnl_Id="231">
<LocList>
<Loc EndOffset="3323" SrcFileId="1" StartOffset="3310"/>
</LocList>
</BasicStmnt>
</StmntSeq>
</HierarchyLvl>
<HierarchyLvl HierarchyLvlId="497" HierarchyLvlTypeId="5" Intrnl_Id="232" Name="GetType">
<Header>
<Loc EndOffset="3365" SrcFileId="1" StartOffset="3342"/>
</Header>
<LocList>
<Loc EndOffset="4137" SrcFileId="1" StartOffset="3342"/>
</LocList>
<StmntSeq Intrnl_Id="233">
<LocList>
<Loc EndOffset="4130" SrcFileId="1" StartOffset="3379"/>
</LocList>
<CondStmnt CovItemId="S51" CovItemPrefix="Value.java" Intrnl_Id="234">
<Branch CovItemId="B37" CovItemPrefix="Value.java" Implct="false" Intrnl_Id="235">
<Cond/>
<LocList>
<Loc EndOffset="3468" SrcFileId="1" StartOffset="3437"/>
</LocList>
<StmntSeq Intrnl_Id="236">
<LocList>
<Loc EndOffset="3460" SrcFileId="1" StartOffset="3446"/>
</LocList>
<BasicStmnt CovItemId="S52" CovItemPrefix="Value.java" Intrnl_Id="237">
<LocList>
<Loc EndOffset="3460" SrcFileId="1" StartOffset="3446"/>
</LocList>
</BasicStmnt>
</StmntSeq>
</Branch>
<Branch CovItemId="B38" CovItemPrefix="Value.java" Implct="false" Intrnl_Id="238">
<Cond>
<Loc EndOffset="3479" SrcFileId="1" StartOffset="3475"/>
</Cond>
<LocList>
<Loc EndOffset="4130" SrcFileId="1" StartOffset="3480"/>
</LocList>
<StmntSeq Intrnl_Id="239">
<LocList>
<Loc EndOffset="4130" SrcFileId="1" StartOffset="3480"/>
</LocList>
<CondStmnt CovItemId="S53" CovItemPrefix="Value.java" Intrnl_Id="240">
<Branch CovItemId="B39" CovItemPrefix="Value.java" Implct="false" Intrnl_Id="241">
<Cond/>
<LocList>
<Loc EndOffset="3584" SrcFileId="1" StartOffset="3548"/>
</LocList>
<StmntSeq Intrnl_Id="242">
<LocList>
<Loc EndOffset="3576" SrcFileId="1" StartOffset="3557"/>
</LocList>
<BasicStmnt CovItemId="S54" CovItemPrefix="Value.java" Intrnl_Id="243">
<LocList>
<Loc EndOffset="3576" SrcFileId="1" StartOffset="3557"/>
</LocList>
</BasicStmnt>
</StmntSeq>
</Branch>
<Branch CovItemId="B40" CovItemPrefix="Value.java" Implct="false" Intrnl_Id="244">
<Cond>
<Loc EndOffset="3595" SrcFileId="1" StartOffset="3591"/>
</Cond>
<LocList>
<Loc EndOffset="4130" SrcFileId="1" StartOffset="3596"/>
</LocList>
<StmntSeq Intrnl_Id="245">
<LocList>
<Loc EndOffset="4130" SrcFileId="1" StartOffset="3596"/>
</LocList>
<CondStmnt CovItemId="S55" CovItemPrefix="Value.java" Intrnl_Id="246">
<Branch CovItemId="B41" CovItemPrefix="Value.java" Implct="false" Intrnl_Id="247">
<Cond/>
<LocList>
<Loc EndOffset="3682" SrcFileId="1" StartOffset="3652"/>
</LocList>
<StmntSeq Intrnl_Id="248">
<LocList>
<Loc EndOffset="3674" SrcFileId="1" StartOffset="3661"/>
</LocList>
<BasicStmnt CovItemId="S56" CovItemPrefix="Value.java" Intrnl_Id="249">
<LocList>
<Loc EndOffset="3674" SrcFileId="1" StartOffset="3661"/>
</LocList>
</BasicStmnt>
</StmntSeq>
</Branch>
<Branch CovItemId="B42" CovItemPrefix="Value.java" Implct="false" Intrnl_Id="250">
<Cond>
<Loc EndOffset="3693" SrcFileId="1" StartOffset="3689"/>
</Cond>
<LocList>
<Loc EndOffset="4130" SrcFileId="1" StartOffset="3694"/>
</LocList>
<StmntSeq Intrnl_Id="251">
<LocList>
<Loc EndOffset="4130" SrcFileId="1" StartOffset="3694"/>
</LocList>
<CondStmnt CovItemId="S57" CovItemPrefix="Value.java" Intrnl_Id="252">
<Branch CovItemId="B43" CovItemPrefix="Value.java" Implct="false" Intrnl_Id="253">
<Cond/>
<LocList>
<Loc EndOffset="3789" SrcFileId="1" StartOffset="3756"/>
</LocList>
<StmntSeq Intrnl_Id="254">
<LocList>
<Loc EndOffset="3781" SrcFileId="1" StartOffset="3765"/>
</LocList>
<BasicStmnt CovItemId="S58" CovItemPrefix="Value.java" Intrnl_Id="255">
<LocList>
<Loc EndOffset="3781" SrcFileId="1" StartOffset="3765"/>
</LocList>
</BasicStmnt>
</StmntSeq>
</Branch>
<Branch CovItemId="B44" CovItemPrefix="Value.java" Implct="false" Intrnl_Id="256">
<Cond>
<Loc EndOffset="3800" SrcFileId="1" StartOffset="3796"/>
</Cond>
<LocList>
<Loc EndOffset="4130" SrcFileId="1" StartOffset="3801"/>
</LocList>
<StmntSeq Intrnl_Id="257">
<LocList>
<Loc EndOffset="4130" SrcFileId="1" StartOffset="3801"/>
</LocList>
<CondStmnt CovItemId="S59" CovItemPrefix="Value.java" Intrnl_Id="258">
<Branch CovItemId="B45" CovItemPrefix="Value.java" Implct="false" Intrnl_Id="259">
<Cond/>
<LocList>
<Loc EndOffset="3890" SrcFileId="1" StartOffset="3859"/>
</LocList>
<StmntSeq Intrnl_Id="260">
<LocList>
<Loc EndOffset="3882" SrcFileId="1" StartOffset="3868"/>
</LocList>
<BasicStmnt CovItemId="S60" CovItemPrefix="Value.java" Intrnl_Id="261">
<LocList>
<Loc EndOffset="3882" SrcFileId="1" StartOffset="3868"/>
</LocList>
</BasicStmnt>
</StmntSeq>
</Branch>
<Branch CovItemId="B46" CovItemPrefix="Value.java" Implct="false" Intrnl_Id="262">
<Cond>
<Loc EndOffset="3901" SrcFileId="1" StartOffset="3897"/>
</Cond>
<LocList>
<Loc EndOffset="4130" SrcFileId="1" StartOffset="3902"/>
</LocList>
<StmntSeq Intrnl_Id="263">
<LocList>
<Loc EndOffset="4130" SrcFileId="1" StartOffset="3902"/>
</LocList>
<CondStmnt CovItemId="S61" CovItemPrefix="Value.java" Intrnl_Id="264">
<Branch CovItemId="B47" CovItemPrefix="Value.java" Implct="false" Intrnl_Id="265">
<Cond/>
<LocList>
<Loc EndOffset="3997" SrcFileId="1" StartOffset="3964"/>
</LocList>
<StmntSeq Intrnl_Id="266">
<LocList>
<Loc EndOffset="3989" SrcFileId="1" StartOffset="3973"/>
</LocList>
<BasicStmnt CovItemId="S62" CovItemPrefix="Value.java" Intrnl_Id="267">
<LocList>
<Loc EndOffset="3989" SrcFileId="1" StartOffset="3973"/>
</LocList>
</BasicStmnt>
</StmntSeq>
</Branch>
<Branch CovItemId="B48" CovItemPrefix="Value.java" Implct="false" Intrnl_Id="268">
<Cond>
<Loc EndOffset="4008" SrcFileId="1" StartOffset="4004"/>
</Cond>
<LocList>
<Loc EndOffset="4130" SrcFileId="1" StartOffset="4009"/>
</LocList>
<StmntSeq Intrnl_Id="269">
<LocList>
<Loc EndOffset="4130" SrcFileId="1" StartOffset="4009"/>
</LocList>
<CondStmnt CovItemId="S63" CovItemPrefix="Value.java" Intrnl_Id="270">
<Branch CovItemId="B49" CovItemPrefix="Value.java" Implct="false" Intrnl_Id="271">
<Cond/>
<LocList>
<Loc EndOffset="4083" SrcFileId="1" StartOffset="4051"/>
</LocList>
<StmntSeq Intrnl_Id="272">
<LocList>
<Loc EndOffset="4075" SrcFileId="1" StartOffset="4060"/>
</LocList>
<BasicStmnt CovItemId="S64" CovItemPrefix="Value.java" Intrnl_Id="273">
<LocList>
<Loc EndOffset="4075" SrcFileId="1" StartOffset="4060"/>
</LocList>
</BasicStmnt>
</StmntSeq>
</Branch>
<Branch CovItemId="B50" CovItemPrefix="Value.java" Implct="false" Intrnl_Id="274">
<Cond>
<Loc EndOffset="4094" SrcFileId="1" StartOffset="4090"/>
</Cond>
<LocList>
<Loc EndOffset="4130" SrcFileId="1" StartOffset="4101"/>
</LocList>
<StmntSeq Intrnl_Id="275">
<LocList>
<Loc EndOffset="4122" SrcFileId="1" StartOffset="4110"/>
</LocList>
<BasicStmnt CovItemId="S65" CovItemPrefix="Value.java" Intrnl_Id="276">
<LocList>
<Loc EndOffset="4122" SrcFileId="1" StartOffset="4110"/>
</LocList>
</BasicStmnt>
</StmntSeq>
</Branch>
<Keyword EndOffset="4011" SrcFileId="1" StartOffset="4009"/>
<LocList>
<Loc EndOffset="4130" SrcFileId="1" StartOffset="4009"/>
</LocList>
<RootTerm CovItemId="C25" CovItemPrefix="Value.java" Intrnl_Id="277">
<BasicBoolTerm Intrnl_Id="278">
<LocList>
<Loc EndOffset="4043" SrcFileId="1" StartOffset="4012"/>
</LocList>
</BasicBoolTerm>
</RootTerm>
</CondStmnt>
</StmntSeq>
</Branch>
<Keyword EndOffset="3904" SrcFileId="1" StartOffset="3902"/>
<LocList>
<Loc EndOffset="4130" SrcFileId="1" StartOffset="3902"/>
</LocList>
<RootTerm CovItemId="C24" CovItemPrefix="Value.java" Intrnl_Id="279">
<OpTerm BooleanOpId="3" Intrnl_Id="280">
<BasicBoolTerm Intrnl_Id="281">
<LocList>
<Loc EndOffset="3920" SrcFileId="1" StartOffset="3905"/>
</LocList>
</BasicBoolTerm>
<BasicBoolTerm Intrnl_Id="282">
<LocList>
<Loc EndOffset="3956" SrcFileId="1" StartOffset="3924"/>
</LocList>
</BasicBoolTerm>
<LocList>
<Loc EndOffset="3923" SrcFileId="1" StartOffset="3921"/>
</LocList>
</OpTerm>
</RootTerm>
</CondStmnt>
</StmntSeq>
</Branch>
<Keyword EndOffset="3803" SrcFileId="1" StartOffset="3801"/>
<LocList>
<Loc EndOffset="4130" SrcFileId="1" StartOffset="3801"/>
</LocList>
<RootTerm CovItemId="C23" CovItemPrefix="Value.java" Intrnl_Id="283">
<OpTerm BooleanOpId="3" Intrnl_Id="284">
<BasicBoolTerm Intrnl_Id="285">
<LocList>
<Loc EndOffset="3817" SrcFileId="1" StartOffset="3804"/>
</LocList>
</BasicBoolTerm>
<BasicBoolTerm Intrnl_Id="286">
<LocList>
<Loc EndOffset="3851" SrcFileId="1" StartOffset="3821"/>
</LocList>
</BasicBoolTerm>
<LocList>
<Loc EndOffset="3820" SrcFileId="1" StartOffset="3818"/>
</LocList>
</OpTerm>
</RootTerm>
</CondStmnt>
</StmntSeq>
</Branch>
<Keyword EndOffset="3696" SrcFileId="1" StartOffset="3694"/>
<LocList>
<Loc EndOffset="4130" SrcFileId="1" StartOffset="3694"/>
</LocList>
<RootTerm CovItemId="C22" CovItemPrefix="Value.java" Intrnl_Id="287">
<OpTerm BooleanOpId="3" Intrnl_Id="288">
<BasicBoolTerm Intrnl_Id="289">
<LocList>
<Loc EndOffset="3712" SrcFileId="1" StartOffset="3697"/>
</LocList>
</BasicBoolTerm>
<BasicBoolTerm Intrnl_Id="290">
<LocList>
<Loc EndOffset="3748" SrcFileId="1" StartOffset="3716"/>
</LocList>
</BasicBoolTerm>
<LocList>
<Loc EndOffset="3715" SrcFileId="1" StartOffset="3713"/>
</LocList>
</OpTerm>
</RootTerm>
</CondStmnt>
</StmntSeq>
</Branch>
<Keyword EndOffset="3598" SrcFileId="1" StartOffset="3596"/>
<LocList>
<Loc EndOffset="4130" SrcFileId="1" StartOffset="3596"/>
</LocList>
<RootTerm CovItemId="C21" CovItemPrefix="Value.java" Intrnl_Id="291">
<OpTerm BooleanOpId="3" Intrnl_Id="292">
<BasicBoolTerm Intrnl_Id="293">
<LocList>
<Loc EndOffset="3611" SrcFileId="1" StartOffset="3599"/>
</LocList>
</BasicBoolTerm>
<BasicBoolTerm Intrnl_Id="294">
<LocList>
<Loc EndOffset="3644" SrcFileId="1" StartOffset="3615"/>
</LocList>
</BasicBoolTerm>
<LocList>
<Loc EndOffset="3614" SrcFileId="1" StartOffset="3612"/>
</LocList>
</OpTerm>
</RootTerm>
</CondStmnt>
</StmntSeq>
</Branch>
<Keyword EndOffset="3482" SrcFileId="1" StartOffset="3480"/>
<LocList>
<Loc EndOffset="4130" SrcFileId="1" StartOffset="3480"/>
</LocList>
<RootTerm CovItemId="C20" CovItemPrefix="Value.java" Intrnl_Id="295">
<OpTerm BooleanOpId="3" Intrnl_Id="296">
<BasicBoolTerm Intrnl_Id="297">
<LocList>
<Loc EndOffset="3518" SrcFileId="1" StartOffset="3483"/>
</LocList>
</BasicBoolTerm>
<BasicBoolTerm Intrnl_Id="298">
<LocList>
<Loc EndOffset="3540" SrcFileId="1" StartOffset="3522"/>
</LocList>
</BasicBoolTerm>
<LocList>
<Loc EndOffset="3521" SrcFileId="1" StartOffset="3519"/>
</LocList>
</OpTerm>
</RootTerm>
</CondStmnt>
</StmntSeq>
</Branch>
<Keyword EndOffset="3381" SrcFileId="1" StartOffset="3379"/>
<LocList>
<Loc EndOffset="4130" SrcFileId="1" StartOffset="3379"/>
</LocList>
<RootTerm CovItemId="C19" CovItemPrefix="Value.java" Intrnl_Id="299">
<OpTerm BooleanOpId="3" Intrnl_Id="300">
<BasicBoolTerm Intrnl_Id="301">
<LocList>
<Loc EndOffset="3395" SrcFileId="1" StartOffset="3382"/>
</LocList>
</BasicBoolTerm>
<BasicBoolTerm Intrnl_Id="302">
<LocList>
<Loc EndOffset="3429" SrcFileId="1" StartOffset="3399"/>
</LocList>
</BasicBoolTerm>
<LocList>
<Loc EndOffset="3398" SrcFileId="1" StartOffset="3396"/>
</LocList>
</OpTerm>
</RootTerm>
</CondStmnt>
</StmntSeq>
</HierarchyLvl>
<HierarchyLvl HierarchyLvlId="498" HierarchyLvlTypeId="5" Intrnl_Id="303" Name="toString">
<Header>
<Loc EndOffset="4184" SrcFileId="1" StartOffset="4145"/>
</Header>
<LocList>
<Loc EndOffset="4232" SrcFileId="1" StartOffset="4145"/>
</LocList>
<StmntSeq Intrnl_Id="304">
<LocList>
<Loc EndOffset="4225" SrcFileId="1" StartOffset="4196"/>
</LocList>
<BasicStmnt CovItemId="S66" CovItemPrefix="Value.java" Intrnl_Id="305">
<LocList>
<Loc EndOffset="4225" SrcFileId="1" StartOffset="4196"/>
</LocList>
</BasicStmnt>
</StmntSeq>
</HierarchyLvl>
</HierarchyLvl>
</HierarchyLvl>
</MASTRoot>
</TestSessionContainer>
