<?xml version="1.0" encoding="UTF-8"?><TestSessionContainer xmlns="http://www.codecover.org/xml/testsession-container" Date="1368543392504" TestSessionContainerId="8172ab33-c17e-4bcc-aae1-b8838ab019b3" version="1.0">
<SrcFileList>
<SrcFile Content="//latex start Value&#13;&#10;public class Value {&#13;&#10;&#9;public static Value VOID = new Value(new Object());&#13;&#10;&#13;&#10;    final Object value;&#13;&#10;&#13;&#10;    public Value(Object value) {&#13;&#10;        this.value = value;&#13;&#10;    }&#13;&#10;    &#13;&#10;    //Default constructor returns empty but not null value object&#13;&#10;    public Value()&#13;&#10;    {&#13;&#10;    &#9;this.value = &quot;&quot;;&#13;&#10;    }&#13;&#10;//latex end&#13;&#10;&#13;&#10;//latex start isType&#13;&#10;    //Check if value is double&#13;&#10;    public boolean isDouble() &#13;&#10;    {&#13;&#10;    &#9;//If value matches the regular expressions, it must a double&#13;&#10;&#9;&#9;if(this.toString().matches(&quot;((-)?[0-9]+)\\.([0-9]){1,2}&quot;))&#13;&#10;&#9;&#9;{&#13;&#10;&#9;&#9;&#9;return true;&#13;&#10;&#9;&#9;}&#13;&#10;&#9;&#9;return false;&#13;&#10;    }&#13;&#10;    &#13;&#10;    //Check if value is type int&#13;&#10;    public boolean isInt()&#13;&#10;    {&#13;&#10;    &#9;//The vale must match the regular expression, or be HIGH, LOW, OUTPUT or INPUT&#13;&#10;&#9;&#9;if(this.toString().matches(&quot;(-)?[0-9]+&quot;) || this.toString().equals(&quot;HIGH&quot;) || this.toString().equals(&quot;LOW&quot;) || this.toString().equals(&quot;INPUT&quot;) || this.toString().equals(&quot;OUTPUT&quot;))&#13;&#10;&#9;&#9;{&#13;&#10;&#9;&#9;&#9;return true;&#13;&#10;&#9;&#9;}&#13;&#10;&#9;&#9;return false;&#13;&#10;    }&#13;&#10;//latex end    &#13;&#10;    public boolean isDrink()&#13;&#10;    {&#13;&#10;&#9;&#9;if(this.toString().equals(&quot;drink&quot;))&#13;&#10;&#9;&#9;{&#13;&#10;&#9;&#9;&#9;return true;&#13;&#10;&#9;&#9;}&#13;&#10;&#9;&#9;return false;&#13;&#10;    }&#13;&#10;    &#13;&#10;    public boolean isNumeric()&#13;&#10;    {&#13;&#10;    &#9;if(this.isInt() || this.isDouble() || this.toString().equals(&quot;int&quot;) || this.toString().equals(&quot;double&quot;))&#13;&#10;    &#9;{&#13;&#10;    &#9;&#9;return true;&#13;&#10;    &#9;}&#13;&#10;    &#9;return false;&#13;&#10;    }&#13;&#10;    &#13;&#10;    public boolean isNumericExpression()&#13;&#10;    {    &#9;&#13;&#10;    &#9;String StringToVerify = this.toString();&#13;&#10;    &#9;&#13;&#10;    &#9;if(StringToVerify.contains(&quot;(&quot;))&#13;&#10;    &#9;{&#13;&#10;    &#9;&#9;StringToVerify = StringToVerify.replace(&quot;(&quot;, &quot;&quot;);&#13;&#10;    &#9;}&#13;&#10;    &#9;&#13;&#10;    &#9;if(StringToVerify.contains(&quot;)&quot;))&#13;&#10;    &#9;{&#13;&#10;    &#9;&#9;StringToVerify = StringToVerify.replace(&quot;)&quot;, &quot;&quot;);&#13;&#10;    &#9;}&#13;&#10;    &#9;&#13;&#10;    &#9;if(StringToVerify.matches(&quot;(-)?[0-9]+(\\.[0-9]{1,2})?((\\+|\\-|\\*|\\/)[0-9]+(\\.[0-9]{1,2})?)*&quot;))&#13;&#10;    &#9;{&#13;&#10;    &#9;&#9;return true;&#13;&#10;    &#9;}&#13;&#10;    &#9;return false;&#13;&#10;    }&#13;&#10;    &#13;&#10;    public boolean isChar()&#13;&#10;    {&#13;&#10;&#9;&#9;if(this.toString().length() != 3 || &#13;&#10;&#9;&#9;   this.toString().charAt(0) != '\'' || &#13;&#10;&#9;&#9;   this.toString().charAt(this.toString().length()-1) != '\'')&#13;&#10;&#9;&#9;{&#13;&#10;&#9;&#9;&#9;return false;&#13;&#10;&#9;&#9;}&#13;&#10;&#9;&#9;return true;&#13;&#10;    }&#13;&#10;    &#13;&#10;    public boolean isString()&#13;&#10;    {&#13;&#10;    &#9;if(this.toString().length() &lt; 2)&#13;&#10;    &#9;{&#13;&#10;    &#9;&#9;return false;&#13;&#10;    &#9;}&#13;&#10;    &#9;else if(this.toString().charAt(0) != '&quot;'|| this.toString().charAt(this.toString().length()-1) != '&quot;')&#13;&#10;&#9;&#9;{&#13;&#10;&#9;&#9;&#9;return false;&#13;&#10;&#9;&#9;}&#13;&#10;&#9;&#9;return true;&#13;&#10;    }&#13;&#10;    &#13;&#10;    public boolean isBool()&#13;&#10;    {&#13;&#10;    &#9;if(this.toString().equals(&quot;true&quot;) || this.toString().equals(&quot;false&quot;))&#13;&#10;    &#9;{&#13;&#10;    &#9;&#9;return true;&#13;&#10;    &#9;}&#13;&#10;    &#9;return false;&#13;&#10;    }&#13;&#10;    &#13;&#10;    public boolean isContainer()&#13;&#10;    {&#13;&#10;    &#9;if(this.toString().matches(&quot;((1?[0-3])|([0-9]))|A[0-5]&quot;) || this.toString().equals(&quot;container&quot;))&#13;&#10;    &#9;{&#13;&#10;    &#9;&#9;return true;&#13;&#10;    &#9;}&#13;&#10;    &#9;return false;&#13;&#10;    }&#13;&#10;    &#13;&#10;    public boolean isSameType(Value val)&#13;&#10;    {&#13;&#10;    &#9;if(this.isBool() &amp;&amp; val.isBool())&#13;&#10;    &#9;{&#13;&#10;    &#9;&#9;return true;&#13;&#10;    &#9;}&#13;&#10;    &#9;if(this.isContainer() &amp;&amp; val.isContainer())&#13;&#10;    &#9;{&#13;&#10;    &#9;&#9;return true;&#13;&#10;    &#9;}&#13;&#10;    &#9;else if(this.isChar() &amp;&amp; val.isChar())&#13;&#10;    &#9;{&#13;&#10;    &#9;&#9;return true;&#13;&#10;    &#9;}&#13;&#10;    &#9;else if(this.isNumeric() &amp;&amp; val.isNumeric() || this.isNumeric() &amp;&amp; val.isNumericExpression())&#13;&#10;    &#9;{&#13;&#10;    &#9;&#9;return true;&#13;&#10;    &#9;}&#13;&#10;    &#9;else if(this.isString() &amp;&amp; val.isString())&#13;&#10;    &#9;{&#13;&#10;    &#9;&#9;return true;&#13;&#10;    &#9;}&#13;&#10;    &#9;else if(this.isDrink() &amp;&amp; val.isDrink())&#13;&#10;    &#9;{&#13;&#10;    &#9;&#9;return true;&#13;&#10;    &#9;}&#13;&#10;    &#9;&#13;&#10;    &#9;return false;&#13;&#10;    }&#13;&#10;    &#13;&#10;    public String GetType()&#13;&#10;    {&#13;&#10;    &#9;if(this.isBool() || this.toString().equals(&quot;bool&quot;))&#13;&#10;    &#9;{&#13;&#10;    &#9;&#9;return &quot;bool&quot;;&#13;&#10;    &#9;}&#13;&#10;    &#9;else if(this.toString().equals(&quot;container&quot;) || this.isContainer())&#13;&#10;    &#9;{&#13;&#10;    &#9;&#9;return &quot;container&quot;;&#13;&#10;    &#9;}&#13;&#10;    &#9;else if(this.isInt() || this.toString().equals(&quot;int&quot;))&#13;&#10;    &#9;{&#13;&#10;    &#9;&#9;return &quot;int&quot;;&#13;&#10;    &#9;}&#13;&#10;    &#9;else if(this.isDouble() || this.toString().equals(&quot;double&quot;))&#13;&#10;    &#9;{&#13;&#10;    &#9;&#9;return &quot;double&quot;;&#13;&#10;    &#9;}&#13;&#10;    &#9;else if(this.isChar() || this.toString().equals(&quot;char&quot;))&#13;&#10;    &#9;{&#13;&#10;    &#9;&#9;return &quot;char&quot;;&#13;&#10;    &#9;}&#13;&#10;    &#9;else if(this.isString() || this.toString().equals(&quot;string&quot;))&#13;&#10;    &#9;{&#13;&#10;    &#9;&#9;return &quot;string&quot;;&#13;&#10;    &#9;}&#13;&#10;    &#9;else if(this.toString().equals(&quot;drink&quot;))&#13;&#10;    &#9;{&#13;&#10;    &#9;&#9;return &quot;drink&quot;;&#13;&#10;    &#9;}&#13;&#10;    &#9;else&#13;&#10;    &#9;{&#13;&#10;    &#9;&#9;return null;&#13;&#10;    &#9;}&#13;&#10;    }&#13;&#10;&#13;&#10;    @Override&#13;&#10;    public String toString() {&#13;&#10;        return String.valueOf(value);&#13;&#10;    }&#13;&#10;}&#13;&#10;" Filename="Value.java" Intrnl_Id="1"/>
</SrcFileList>
<CritList>
<CritListEntry Name="org.codecover.model.utils.criteria.BranchCoverage" PluginName="org.codecover"/>
<CritListEntry Name="org.codecover.model.utils.criteria.ConditionCoverage" PluginName="org.codecover"/>
<CritListEntry Name="org.codecover.model.utils.criteria.StatementCoverage" PluginName="org.codecover"/>
</CritList>
<BoolOpList>
<BoolOp Arity="2" Intrnl_Id="2" Name="conditional and (&amp;&amp;)">
<BoolAssgnmntBoolMapList>
<MapEntry BoolAssgnmnt="10" Value="false"/>
<MapEntry BoolAssgnmnt="02" Value="false"/>
<MapEntry BoolAssgnmnt="11" Value="true"/>
</BoolAssgnmntBoolMapList>
</BoolOp>
<BoolOp Arity="2" Intrnl_Id="3" Name="conditional or (||)">
<BoolAssgnmntBoolMapList>
<MapEntry BoolAssgnmnt="01" Value="true"/>
<MapEntry BoolAssgnmnt="00" Value="false"/>
<MapEntry BoolAssgnmnt="12" Value="true"/>
</BoolAssgnmntBoolMapList>
</BoolOp>
</BoolOpList>
<HierarchyLvlTypeList>
<HierarchyLvlType EnglishName="class" IntrnlName="class" Intrnl_Id="4"/>
<HierarchyLvlType EnglishName="method" IntrnlName="method" Intrnl_Id="5"/>
<HierarchyLvlType EnglishName="default package" IntrnlName="default package" Intrnl_Id="6"/>
</HierarchyLvlTypeList>
<MASTRoot>
<HierarchyLvl HierarchyLvlId="532" HierarchyLvlTypeId="6" Intrnl_Id="7" Name="default package">
<Header/>
<LocList/>
<HierarchyLvl HierarchyLvlId="531" HierarchyLvlTypeId="4" Intrnl_Id="8" Name="Value">
<Header>
<Loc EndOffset="39" SrcFileId="1" StartOffset="21"/>
</Header>
<LocList>
<Loc EndOffset="4346" SrcFileId="1" StartOffset="21"/>
</LocList>
<StmntSeq Intrnl_Id="9">
<LocList>
<Loc EndOffset="95" SrcFileId="1" StartOffset="44"/>
</LocList>
<BasicStmnt CovItemId="S1" CovItemPrefix="Value.java" Intrnl_Id="10">
<LocList>
<Loc EndOffset="95" SrcFileId="1" StartOffset="44"/>
</LocList>
</BasicStmnt>
</StmntSeq>
<HierarchyLvl HierarchyLvlId="517" HierarchyLvlTypeId="5" Intrnl_Id="11" Name="Value">
<Header>
<Loc EndOffset="156" SrcFileId="1" StartOffset="130"/>
</Header>
<LocList>
<Loc EndOffset="194" SrcFileId="1" StartOffset="130"/>
</LocList>
<StmntSeq Intrnl_Id="12">
<LocList>
<Loc EndOffset="187" SrcFileId="1" StartOffset="168"/>
</LocList>
<BasicStmnt CovItemId="S2" CovItemPrefix="Value.java" Intrnl_Id="13">
<LocList>
<Loc EndOffset="187" SrcFileId="1" StartOffset="168"/>
</LocList>
</BasicStmnt>
</StmntSeq>
</HierarchyLvl>
<HierarchyLvl HierarchyLvlId="518" HierarchyLvlTypeId="5" Intrnl_Id="14" Name="Value">
<Header>
<Loc EndOffset="287" SrcFileId="1" StartOffset="273"/>
</Header>
<LocList>
<Loc EndOffset="324" SrcFileId="1" StartOffset="273"/>
</LocList>
<StmntSeq Intrnl_Id="15">
<LocList>
<Loc EndOffset="317" SrcFileId="1" StartOffset="301"/>
</LocList>
<BasicStmnt CovItemId="S3" CovItemPrefix="Value.java" Intrnl_Id="16">
<LocList>
<Loc EndOffset="317" SrcFileId="1" StartOffset="301"/>
</LocList>
</BasicStmnt>
</StmntSeq>
</HierarchyLvl>
<HierarchyLvl HierarchyLvlId="519" HierarchyLvlTypeId="5" Intrnl_Id="17" Name="isDouble">
<Header>
<Loc EndOffset="424" SrcFileId="1" StartOffset="399"/>
</Header>
<LocList>
<Loc EndOffset="612" SrcFileId="1" StartOffset="399"/>
</LocList>
<StmntSeq Intrnl_Id="18">
<LocList>
<Loc EndOffset="588" SrcFileId="1" StartOffset="503"/>
<Loc EndOffset="605" SrcFileId="1" StartOffset="592"/>
</LocList>
<CondStmnt CovItemId="S4" CovItemPrefix="Value.java" Intrnl_Id="19">
<Branch CovItemId="B1" CovItemPrefix="Value.java" Implct="false" Intrnl_Id="20">
<Cond/>
<LocList>
<Loc EndOffset="588" SrcFileId="1" StartOffset="565"/>
</LocList>
<StmntSeq Intrnl_Id="21">
<LocList>
<Loc EndOffset="583" SrcFileId="1" StartOffset="571"/>
</LocList>
<BasicStmnt CovItemId="S5" CovItemPrefix="Value.java" Intrnl_Id="22">
<LocList>
<Loc EndOffset="583" SrcFileId="1" StartOffset="571"/>
</LocList>
</BasicStmnt>
</StmntSeq>
</Branch>
<Branch CovItemId="B2" CovItemPrefix="Value.java" Implct="true" Intrnl_Id="23">
<Cond/>
<LocList/>
<StmntSeq Intrnl_Id="24">
<LocList/>
</StmntSeq>
</Branch>
<Keyword EndOffset="505" SrcFileId="1" StartOffset="503"/>
<LocList>
<Loc EndOffset="588" SrcFileId="1" StartOffset="503"/>
</LocList>
<RootTerm CovItemId="C1" CovItemPrefix="Value.java" Intrnl_Id="25">
<BasicBoolTerm Intrnl_Id="26">
<LocList>
<Loc EndOffset="560" SrcFileId="1" StartOffset="506"/>
</LocList>
</BasicBoolTerm>
</RootTerm>
</CondStmnt>
<BasicStmnt CovItemId="S6" CovItemPrefix="Value.java" Intrnl_Id="27">
<LocList>
<Loc EndOffset="605" SrcFileId="1" StartOffset="592"/>
</LocList>
</BasicStmnt>
</StmntSeq>
</HierarchyLvl>
<HierarchyLvl HierarchyLvlId="520" HierarchyLvlTypeId="5" Intrnl_Id="28" Name="isInt">
<Header>
<Loc EndOffset="680" SrcFileId="1" StartOffset="658"/>
</Header>
<LocList>
<Loc EndOffset="1006" SrcFileId="1" StartOffset="658"/>
</LocList>
<StmntSeq Intrnl_Id="29">
<LocList>
<Loc EndOffset="982" SrcFileId="1" StartOffset="776"/>
<Loc EndOffset="999" SrcFileId="1" StartOffset="986"/>
</LocList>
<CondStmnt CovItemId="S7" CovItemPrefix="Value.java" Intrnl_Id="30">
<Branch CovItemId="B3" CovItemPrefix="Value.java" Implct="false" Intrnl_Id="31">
<Cond/>
<LocList>
<Loc EndOffset="982" SrcFileId="1" StartOffset="959"/>
</LocList>
<StmntSeq Intrnl_Id="32">
<LocList>
<Loc EndOffset="977" SrcFileId="1" StartOffset="965"/>
</LocList>
<BasicStmnt CovItemId="S8" CovItemPrefix="Value.java" Intrnl_Id="33">
<LocList>
<Loc EndOffset="977" SrcFileId="1" StartOffset="965"/>
</LocList>
</BasicStmnt>
</StmntSeq>
</Branch>
<Branch CovItemId="B4" CovItemPrefix="Value.java" Implct="true" Intrnl_Id="34">
<Cond/>
<LocList/>
<StmntSeq Intrnl_Id="35">
<LocList/>
</StmntSeq>
</Branch>
<Keyword EndOffset="778" SrcFileId="1" StartOffset="776"/>
<LocList>
<Loc EndOffset="982" SrcFileId="1" StartOffset="776"/>
</LocList>
<RootTerm CovItemId="C2" CovItemPrefix="Value.java" Intrnl_Id="36">
<OpTerm BooleanOpId="3" Intrnl_Id="37">
<OpTerm BooleanOpId="3" Intrnl_Id="38">
<OpTerm BooleanOpId="3" Intrnl_Id="39">
<OpTerm BooleanOpId="3" Intrnl_Id="40">
<BasicBoolTerm Intrnl_Id="41">
<LocList>
<Loc EndOffset="816" SrcFileId="1" StartOffset="779"/>
</LocList>
</BasicBoolTerm>
<BasicBoolTerm Intrnl_Id="42">
<LocList>
<Loc EndOffset="850" SrcFileId="1" StartOffset="820"/>
</LocList>
</BasicBoolTerm>
<LocList>
<Loc EndOffset="819" SrcFileId="1" StartOffset="817"/>
</LocList>
</OpTerm>
<BasicBoolTerm Intrnl_Id="43">
<LocList>
<Loc EndOffset="883" SrcFileId="1" StartOffset="854"/>
</LocList>
</BasicBoolTerm>
<LocList>
<Loc EndOffset="853" SrcFileId="1" StartOffset="851"/>
</LocList>
</OpTerm>
<BasicBoolTerm Intrnl_Id="44">
<LocList>
<Loc EndOffset="918" SrcFileId="1" StartOffset="887"/>
</LocList>
</BasicBoolTerm>
<LocList>
<Loc EndOffset="886" SrcFileId="1" StartOffset="884"/>
</LocList>
</OpTerm>
<BasicBoolTerm Intrnl_Id="45">
<LocList>
<Loc EndOffset="954" SrcFileId="1" StartOffset="922"/>
</LocList>
</BasicBoolTerm>
<LocList>
<Loc EndOffset="921" SrcFileId="1" StartOffset="919"/>
</LocList>
</OpTerm>
</RootTerm>
</CondStmnt>
<BasicStmnt CovItemId="S9" CovItemPrefix="Value.java" Intrnl_Id="46">
<LocList>
<Loc EndOffset="999" SrcFileId="1" StartOffset="986"/>
</LocList>
</BasicStmnt>
</StmntSeq>
</HierarchyLvl>
<HierarchyLvl HierarchyLvlId="521" HierarchyLvlTypeId="5" Intrnl_Id="47" Name="isDrink">
<Header>
<Loc EndOffset="1053" SrcFileId="1" StartOffset="1029"/>
</Header>
<LocList>
<Loc EndOffset="1150" SrcFileId="1" StartOffset="1029"/>
</LocList>
<StmntSeq Intrnl_Id="48">
<LocList>
<Loc EndOffset="1126" SrcFileId="1" StartOffset="1064"/>
<Loc EndOffset="1143" SrcFileId="1" StartOffset="1130"/>
</LocList>
<CondStmnt CovItemId="S10" CovItemPrefix="Value.java" Intrnl_Id="49">
<Branch CovItemId="B5" CovItemPrefix="Value.java" Implct="false" Intrnl_Id="50">
<Cond/>
<LocList>
<Loc EndOffset="1126" SrcFileId="1" StartOffset="1103"/>
</LocList>
<StmntSeq Intrnl_Id="51">
<LocList>
<Loc EndOffset="1121" SrcFileId="1" StartOffset="1109"/>
</LocList>
<BasicStmnt CovItemId="S11" CovItemPrefix="Value.java" Intrnl_Id="52">
<LocList>
<Loc EndOffset="1121" SrcFileId="1" StartOffset="1109"/>
</LocList>
</BasicStmnt>
</StmntSeq>
</Branch>
<Branch CovItemId="B6" CovItemPrefix="Value.java" Implct="true" Intrnl_Id="53">
<Cond/>
<LocList/>
<StmntSeq Intrnl_Id="54">
<LocList/>
</StmntSeq>
</Branch>
<Keyword EndOffset="1066" SrcFileId="1" StartOffset="1064"/>
<LocList>
<Loc EndOffset="1126" SrcFileId="1" StartOffset="1064"/>
</LocList>
<RootTerm CovItemId="C3" CovItemPrefix="Value.java" Intrnl_Id="55">
<BasicBoolTerm Intrnl_Id="56">
<LocList>
<Loc EndOffset="1098" SrcFileId="1" StartOffset="1067"/>
</LocList>
</BasicBoolTerm>
</RootTerm>
</CondStmnt>
<BasicStmnt CovItemId="S12" CovItemPrefix="Value.java" Intrnl_Id="57">
<LocList>
<Loc EndOffset="1143" SrcFileId="1" StartOffset="1130"/>
</LocList>
</BasicStmnt>
</StmntSeq>
</HierarchyLvl>
<HierarchyLvl HierarchyLvlId="522" HierarchyLvlTypeId="5" Intrnl_Id="58" Name="isNumeric">
<Header>
<Loc EndOffset="1188" SrcFileId="1" StartOffset="1162"/>
</Header>
<LocList>
<Loc EndOffset="1369" SrcFileId="1" StartOffset="1162"/>
</LocList>
<StmntSeq Intrnl_Id="59">
<LocList>
<Loc EndOffset="1342" SrcFileId="1" StartOffset="1202"/>
<Loc EndOffset="1362" SrcFileId="1" StartOffset="1349"/>
</LocList>
<CondStmnt CovItemId="S13" CovItemPrefix="Value.java" Intrnl_Id="60">
<Branch CovItemId="B7" CovItemPrefix="Value.java" Implct="false" Intrnl_Id="61">
<Cond/>
<LocList>
<Loc EndOffset="1342" SrcFileId="1" StartOffset="1313"/>
</LocList>
<StmntSeq Intrnl_Id="62">
<LocList>
<Loc EndOffset="1334" SrcFileId="1" StartOffset="1322"/>
</LocList>
<BasicStmnt CovItemId="S14" CovItemPrefix="Value.java" Intrnl_Id="63">
<LocList>
<Loc EndOffset="1334" SrcFileId="1" StartOffset="1322"/>
</LocList>
</BasicStmnt>
</StmntSeq>
</Branch>
<Branch CovItemId="B8" CovItemPrefix="Value.java" Implct="true" Intrnl_Id="64">
<Cond/>
<LocList/>
<StmntSeq Intrnl_Id="65">
<LocList/>
</StmntSeq>
</Branch>
<Keyword EndOffset="1204" SrcFileId="1" StartOffset="1202"/>
<LocList>
<Loc EndOffset="1342" SrcFileId="1" StartOffset="1202"/>
</LocList>
<RootTerm CovItemId="C4" CovItemPrefix="Value.java" Intrnl_Id="66">
<OpTerm BooleanOpId="3" Intrnl_Id="67">
<OpTerm BooleanOpId="3" Intrnl_Id="68">
<OpTerm BooleanOpId="3" Intrnl_Id="69">
<BasicBoolTerm Intrnl_Id="70">
<LocList>
<Loc EndOffset="1217" SrcFileId="1" StartOffset="1205"/>
</LocList>
</BasicBoolTerm>
<BasicBoolTerm Intrnl_Id="71">
<LocList>
<Loc EndOffset="1236" SrcFileId="1" StartOffset="1221"/>
</LocList>
</BasicBoolTerm>
<LocList>
<Loc EndOffset="1220" SrcFileId="1" StartOffset="1218"/>
</LocList>
</OpTerm>
<BasicBoolTerm Intrnl_Id="72">
<LocList>
<Loc EndOffset="1269" SrcFileId="1" StartOffset="1240"/>
</LocList>
</BasicBoolTerm>
<LocList>
<Loc EndOffset="1239" SrcFileId="1" StartOffset="1237"/>
</LocList>
</OpTerm>
<BasicBoolTerm Intrnl_Id="73">
<LocList>
<Loc EndOffset="1305" SrcFileId="1" StartOffset="1273"/>
</LocList>
</BasicBoolTerm>
<LocList>
<Loc EndOffset="1272" SrcFileId="1" StartOffset="1270"/>
</LocList>
</OpTerm>
</RootTerm>
</CondStmnt>
<BasicStmnt CovItemId="S15" CovItemPrefix="Value.java" Intrnl_Id="74">
<LocList>
<Loc EndOffset="1362" SrcFileId="1" StartOffset="1349"/>
</LocList>
</BasicStmnt>
</StmntSeq>
</HierarchyLvl>
<HierarchyLvl HierarchyLvlId="523" HierarchyLvlTypeId="5" Intrnl_Id="75" Name="isNumericExpression">
<Header>
<Loc EndOffset="1417" SrcFileId="1" StartOffset="1381"/>
</Header>
<LocList>
<Loc EndOffset="1889" SrcFileId="1" StartOffset="1381"/>
</LocList>
<StmntSeq Intrnl_Id="76">
<LocList>
<Loc EndOffset="1476" SrcFileId="1" StartOffset="1436"/>
<Loc EndOffset="1595" SrcFileId="1" StartOffset="1490"/>
<Loc EndOffset="1714" SrcFileId="1" StartOffset="1609"/>
<Loc EndOffset="1862" SrcFileId="1" StartOffset="1728"/>
<Loc EndOffset="1882" SrcFileId="1" StartOffset="1869"/>
</LocList>
<BasicStmnt CovItemId="S16" CovItemPrefix="Value.java" Intrnl_Id="77">
<LocList>
<Loc EndOffset="1476" SrcFileId="1" StartOffset="1436"/>
</LocList>
</BasicStmnt>
<CondStmnt CovItemId="S17" CovItemPrefix="Value.java" Intrnl_Id="78">
<Branch CovItemId="B9" CovItemPrefix="Value.java" Implct="false" Intrnl_Id="79">
<Cond/>
<LocList>
<Loc EndOffset="1595" SrcFileId="1" StartOffset="1529"/>
</LocList>
<StmntSeq Intrnl_Id="80">
<LocList>
<Loc EndOffset="1587" SrcFileId="1" StartOffset="1538"/>
</LocList>
<BasicStmnt CovItemId="S18" CovItemPrefix="Value.java" Intrnl_Id="81">
<LocList>
<Loc EndOffset="1587" SrcFileId="1" StartOffset="1538"/>
</LocList>
</BasicStmnt>
</StmntSeq>
</Branch>
<Branch CovItemId="B10" CovItemPrefix="Value.java" Implct="true" Intrnl_Id="82">
<Cond/>
<LocList/>
<StmntSeq Intrnl_Id="83">
<LocList/>
</StmntSeq>
</Branch>
<Keyword EndOffset="1492" SrcFileId="1" StartOffset="1490"/>
<LocList>
<Loc EndOffset="1595" SrcFileId="1" StartOffset="1490"/>
</LocList>
<RootTerm CovItemId="C5" CovItemPrefix="Value.java" Intrnl_Id="84">
<BasicBoolTerm Intrnl_Id="85">
<LocList>
<Loc EndOffset="1521" SrcFileId="1" StartOffset="1493"/>
</LocList>
</BasicBoolTerm>
</RootTerm>
</CondStmnt>
<CondStmnt CovItemId="S19" CovItemPrefix="Value.java" Intrnl_Id="86">
<Branch CovItemId="B11" CovItemPrefix="Value.java" Implct="false" Intrnl_Id="87">
<Cond/>
<LocList>
<Loc EndOffset="1714" SrcFileId="1" StartOffset="1648"/>
</LocList>
<StmntSeq Intrnl_Id="88">
<LocList>
<Loc EndOffset="1706" SrcFileId="1" StartOffset="1657"/>
</LocList>
<BasicStmnt CovItemId="S20" CovItemPrefix="Value.java" Intrnl_Id="89">
<LocList>
<Loc EndOffset="1706" SrcFileId="1" StartOffset="1657"/>
</LocList>
</BasicStmnt>
</StmntSeq>
</Branch>
<Branch CovItemId="B12" CovItemPrefix="Value.java" Implct="true" Intrnl_Id="90">
<Cond/>
<LocList/>
<StmntSeq Intrnl_Id="91">
<LocList/>
</StmntSeq>
</Branch>
<Keyword EndOffset="1611" SrcFileId="1" StartOffset="1609"/>
<LocList>
<Loc EndOffset="1714" SrcFileId="1" StartOffset="1609"/>
</LocList>
<RootTerm CovItemId="C6" CovItemPrefix="Value.java" Intrnl_Id="92">
<BasicBoolTerm Intrnl_Id="93">
<LocList>
<Loc EndOffset="1640" SrcFileId="1" StartOffset="1612"/>
</LocList>
</BasicBoolTerm>
</RootTerm>
</CondStmnt>
<CondStmnt CovItemId="S21" CovItemPrefix="Value.java" Intrnl_Id="94">
<Branch CovItemId="B13" CovItemPrefix="Value.java" Implct="false" Intrnl_Id="95">
<Cond/>
<LocList>
<Loc EndOffset="1862" SrcFileId="1" StartOffset="1833"/>
</LocList>
<StmntSeq Intrnl_Id="96">
<LocList>
<Loc EndOffset="1854" SrcFileId="1" StartOffset="1842"/>
</LocList>
<BasicStmnt CovItemId="S22" CovItemPrefix="Value.java" Intrnl_Id="97">
<LocList>
<Loc EndOffset="1854" SrcFileId="1" StartOffset="1842"/>
</LocList>
</BasicStmnt>
</StmntSeq>
</Branch>
<Branch CovItemId="B14" CovItemPrefix="Value.java" Implct="true" Intrnl_Id="98">
<Cond/>
<LocList/>
<StmntSeq Intrnl_Id="99">
<LocList/>
</StmntSeq>
</Branch>
<Keyword EndOffset="1730" SrcFileId="1" StartOffset="1728"/>
<LocList>
<Loc EndOffset="1862" SrcFileId="1" StartOffset="1728"/>
</LocList>
<RootTerm CovItemId="C7" CovItemPrefix="Value.java" Intrnl_Id="100">
<BasicBoolTerm Intrnl_Id="101">
<LocList>
<Loc EndOffset="1825" SrcFileId="1" StartOffset="1731"/>
</LocList>
</BasicBoolTerm>
</RootTerm>
</CondStmnt>
<BasicStmnt CovItemId="S23" CovItemPrefix="Value.java" Intrnl_Id="102">
<LocList>
<Loc EndOffset="1882" SrcFileId="1" StartOffset="1869"/>
</LocList>
</BasicStmnt>
</StmntSeq>
</HierarchyLvl>
<HierarchyLvl HierarchyLvlId="524" HierarchyLvlTypeId="5" Intrnl_Id="103" Name="isChar">
<Header>
<Loc EndOffset="1924" SrcFileId="1" StartOffset="1901"/>
</Header>
<LocList>
<Loc EndOffset="2132" SrcFileId="1" StartOffset="1901"/>
</LocList>
<StmntSeq Intrnl_Id="104">
<LocList>
<Loc EndOffset="2109" SrcFileId="1" StartOffset="1935"/>
<Loc EndOffset="2125" SrcFileId="1" StartOffset="2113"/>
</LocList>
<CondStmnt CovItemId="S24" CovItemPrefix="Value.java" Intrnl_Id="105">
<Branch CovItemId="B15" CovItemPrefix="Value.java" Implct="false" Intrnl_Id="106">
<Cond/>
<LocList>
<Loc EndOffset="2109" SrcFileId="1" StartOffset="2085"/>
</LocList>
<StmntSeq Intrnl_Id="107">
<LocList>
<Loc EndOffset="2104" SrcFileId="1" StartOffset="2091"/>
</LocList>
<BasicStmnt CovItemId="S25" CovItemPrefix="Value.java" Intrnl_Id="108">
<LocList>
<Loc EndOffset="2104" SrcFileId="1" StartOffset="2091"/>
</LocList>
</BasicStmnt>
</StmntSeq>
</Branch>
<Branch CovItemId="B16" CovItemPrefix="Value.java" Implct="true" Intrnl_Id="109">
<Cond/>
<LocList/>
<StmntSeq Intrnl_Id="110">
<LocList/>
</StmntSeq>
</Branch>
<Keyword EndOffset="1937" SrcFileId="1" StartOffset="1935"/>
<LocList>
<Loc EndOffset="2109" SrcFileId="1" StartOffset="1935"/>
</LocList>
<RootTerm CovItemId="C8" CovItemPrefix="Value.java" Intrnl_Id="111">
<OpTerm BooleanOpId="3" Intrnl_Id="112">
<OpTerm BooleanOpId="3" Intrnl_Id="113">
<BasicBoolTerm Intrnl_Id="114">
<LocList>
<Loc EndOffset="1967" SrcFileId="1" StartOffset="1938"/>
</LocList>
</BasicBoolTerm>
<BasicBoolTerm Intrnl_Id="115">
<LocList>
<Loc EndOffset="2011" SrcFileId="1" StartOffset="1978"/>
</LocList>
</BasicBoolTerm>
<LocList>
<Loc EndOffset="1970" SrcFileId="1" StartOffset="1968"/>
</LocList>
</OpTerm>
<BasicBoolTerm Intrnl_Id="116">
<LocList>
<Loc EndOffset="2080" SrcFileId="1" StartOffset="2022"/>
</LocList>
</BasicBoolTerm>
<LocList>
<Loc EndOffset="2014" SrcFileId="1" StartOffset="2012"/>
</LocList>
</OpTerm>
</RootTerm>
</CondStmnt>
<BasicStmnt CovItemId="S26" CovItemPrefix="Value.java" Intrnl_Id="117">
<LocList>
<Loc EndOffset="2125" SrcFileId="1" StartOffset="2113"/>
</LocList>
</BasicStmnt>
</StmntSeq>
</HierarchyLvl>
<HierarchyLvl HierarchyLvlId="525" HierarchyLvlTypeId="5" Intrnl_Id="118" Name="isString">
<Header>
<Loc EndOffset="2169" SrcFileId="1" StartOffset="2144"/>
</Header>
<LocList>
<Loc EndOffset="2411" SrcFileId="1" StartOffset="2144"/>
</LocList>
<StmntSeq Intrnl_Id="119">
<LocList>
<Loc EndOffset="2388" SrcFileId="1" StartOffset="2183"/>
<Loc EndOffset="2404" SrcFileId="1" StartOffset="2392"/>
</LocList>
<CondStmnt CovItemId="S27" CovItemPrefix="Value.java" Intrnl_Id="120">
<Branch CovItemId="B17" CovItemPrefix="Value.java" Implct="false" Intrnl_Id="121">
<Cond/>
<LocList>
<Loc EndOffset="2252" SrcFileId="1" StartOffset="2222"/>
</LocList>
<StmntSeq Intrnl_Id="122">
<LocList>
<Loc EndOffset="2244" SrcFileId="1" StartOffset="2231"/>
</LocList>
<BasicStmnt CovItemId="S28" CovItemPrefix="Value.java" Intrnl_Id="123">
<LocList>
<Loc EndOffset="2244" SrcFileId="1" StartOffset="2231"/>
</LocList>
</BasicStmnt>
</StmntSeq>
</Branch>
<Branch CovItemId="B18" CovItemPrefix="Value.java" Implct="false" Intrnl_Id="124">
<Cond>
<Loc EndOffset="2263" SrcFileId="1" StartOffset="2259"/>
</Cond>
<LocList>
<Loc EndOffset="2388" SrcFileId="1" StartOffset="2264"/>
</LocList>
<StmntSeq Intrnl_Id="125">
<LocList>
<Loc EndOffset="2388" SrcFileId="1" StartOffset="2264"/>
</LocList>
<CondStmnt CovItemId="S29" CovItemPrefix="Value.java" Intrnl_Id="126">
<Branch CovItemId="B19" CovItemPrefix="Value.java" Implct="false" Intrnl_Id="127">
<Cond/>
<LocList>
<Loc EndOffset="2388" SrcFileId="1" StartOffset="2364"/>
</LocList>
<StmntSeq Intrnl_Id="128">
<LocList>
<Loc EndOffset="2383" SrcFileId="1" StartOffset="2370"/>
</LocList>
<BasicStmnt CovItemId="S30" CovItemPrefix="Value.java" Intrnl_Id="129">
<LocList>
<Loc EndOffset="2383" SrcFileId="1" StartOffset="2370"/>
</LocList>
</BasicStmnt>
</StmntSeq>
</Branch>
<Branch CovItemId="B20" CovItemPrefix="Value.java" Implct="true" Intrnl_Id="130">
<Cond/>
<LocList/>
<StmntSeq Intrnl_Id="131">
<LocList/>
</StmntSeq>
</Branch>
<Keyword EndOffset="2266" SrcFileId="1" StartOffset="2264"/>
<LocList>
<Loc EndOffset="2388" SrcFileId="1" StartOffset="2264"/>
</LocList>
<RootTerm CovItemId="C10" CovItemPrefix="Value.java" Intrnl_Id="132">
<OpTerm BooleanOpId="3" Intrnl_Id="133">
<BasicBoolTerm Intrnl_Id="134">
<LocList>
<Loc EndOffset="2299" SrcFileId="1" StartOffset="2267"/>
</LocList>
</BasicBoolTerm>
<BasicBoolTerm Intrnl_Id="135">
<LocList>
<Loc EndOffset="2359" SrcFileId="1" StartOffset="2302"/>
</LocList>
</BasicBoolTerm>
<LocList>
<Loc EndOffset="2301" SrcFileId="1" StartOffset="2299"/>
</LocList>
</OpTerm>
</RootTerm>
</CondStmnt>
</StmntSeq>
</Branch>
<Keyword EndOffset="2185" SrcFileId="1" StartOffset="2183"/>
<LocList>
<Loc EndOffset="2388" SrcFileId="1" StartOffset="2183"/>
</LocList>
<RootTerm CovItemId="C9" CovItemPrefix="Value.java" Intrnl_Id="136">
<BasicBoolTerm Intrnl_Id="137">
<LocList>
<Loc EndOffset="2214" SrcFileId="1" StartOffset="2186"/>
</LocList>
</BasicBoolTerm>
</RootTerm>
</CondStmnt>
<BasicStmnt CovItemId="S31" CovItemPrefix="Value.java" Intrnl_Id="138">
<LocList>
<Loc EndOffset="2404" SrcFileId="1" StartOffset="2392"/>
</LocList>
</BasicStmnt>
</StmntSeq>
</HierarchyLvl>
<HierarchyLvl HierarchyLvlId="526" HierarchyLvlTypeId="5" Intrnl_Id="139" Name="isBool">
<Header>
<Loc EndOffset="2446" SrcFileId="1" StartOffset="2423"/>
</Header>
<LocList>
<Loc EndOffset="2592" SrcFileId="1" StartOffset="2423"/>
</LocList>
<StmntSeq Intrnl_Id="140">
<LocList>
<Loc EndOffset="2565" SrcFileId="1" StartOffset="2460"/>
<Loc EndOffset="2585" SrcFileId="1" StartOffset="2572"/>
</LocList>
<CondStmnt CovItemId="S32" CovItemPrefix="Value.java" Intrnl_Id="141">
<Branch CovItemId="B21" CovItemPrefix="Value.java" Implct="false" Intrnl_Id="142">
<Cond/>
<LocList>
<Loc EndOffset="2565" SrcFileId="1" StartOffset="2536"/>
</LocList>
<StmntSeq Intrnl_Id="143">
<LocList>
<Loc EndOffset="2557" SrcFileId="1" StartOffset="2545"/>
</LocList>
<BasicStmnt CovItemId="S33" CovItemPrefix="Value.java" Intrnl_Id="144">
<LocList>
<Loc EndOffset="2557" SrcFileId="1" StartOffset="2545"/>
</LocList>
</BasicStmnt>
</StmntSeq>
</Branch>
<Branch CovItemId="B22" CovItemPrefix="Value.java" Implct="true" Intrnl_Id="145">
<Cond/>
<LocList/>
<StmntSeq Intrnl_Id="146">
<LocList/>
</StmntSeq>
</Branch>
<Keyword EndOffset="2462" SrcFileId="1" StartOffset="2460"/>
<LocList>
<Loc EndOffset="2565" SrcFileId="1" StartOffset="2460"/>
</LocList>
<RootTerm CovItemId="C11" CovItemPrefix="Value.java" Intrnl_Id="147">
<OpTerm BooleanOpId="3" Intrnl_Id="148">
<BasicBoolTerm Intrnl_Id="149">
<LocList>
<Loc EndOffset="2493" SrcFileId="1" StartOffset="2463"/>
</LocList>
</BasicBoolTerm>
<BasicBoolTerm Intrnl_Id="150">
<LocList>
<Loc EndOffset="2528" SrcFileId="1" StartOffset="2497"/>
</LocList>
</BasicBoolTerm>
<LocList>
<Loc EndOffset="2496" SrcFileId="1" StartOffset="2494"/>
</LocList>
</OpTerm>
</RootTerm>
</CondStmnt>
<BasicStmnt CovItemId="S34" CovItemPrefix="Value.java" Intrnl_Id="151">
<LocList>
<Loc EndOffset="2585" SrcFileId="1" StartOffset="2572"/>
</LocList>
</BasicStmnt>
</StmntSeq>
</HierarchyLvl>
<HierarchyLvl HierarchyLvlId="527" HierarchyLvlTypeId="5" Intrnl_Id="152" Name="isContainer">
<Header>
<Loc EndOffset="2632" SrcFileId="1" StartOffset="2604"/>
</Header>
<LocList>
<Loc EndOffset="2805" SrcFileId="1" StartOffset="2604"/>
</LocList>
<StmntSeq Intrnl_Id="153">
<LocList>
<Loc EndOffset="2778" SrcFileId="1" StartOffset="2646"/>
<Loc EndOffset="2798" SrcFileId="1" StartOffset="2785"/>
</LocList>
<CondStmnt CovItemId="S35" CovItemPrefix="Value.java" Intrnl_Id="154">
<Branch CovItemId="B23" CovItemPrefix="Value.java" Implct="false" Intrnl_Id="155">
<Cond/>
<LocList>
<Loc EndOffset="2778" SrcFileId="1" StartOffset="2749"/>
</LocList>
<StmntSeq Intrnl_Id="156">
<LocList>
<Loc EndOffset="2770" SrcFileId="1" StartOffset="2758"/>
</LocList>
<BasicStmnt CovItemId="S36" CovItemPrefix="Value.java" Intrnl_Id="157">
<LocList>
<Loc EndOffset="2770" SrcFileId="1" StartOffset="2758"/>
</LocList>
</BasicStmnt>
</StmntSeq>
</Branch>
<Branch CovItemId="B24" CovItemPrefix="Value.java" Implct="true" Intrnl_Id="158">
<Cond/>
<LocList/>
<StmntSeq Intrnl_Id="159">
<LocList/>
</StmntSeq>
</Branch>
<Keyword EndOffset="2648" SrcFileId="1" StartOffset="2646"/>
<LocList>
<Loc EndOffset="2778" SrcFileId="1" StartOffset="2646"/>
</LocList>
<RootTerm CovItemId="C12" CovItemPrefix="Value.java" Intrnl_Id="160">
<OpTerm BooleanOpId="3" Intrnl_Id="161">
<BasicBoolTerm Intrnl_Id="162">
<LocList>
<Loc EndOffset="2702" SrcFileId="1" StartOffset="2649"/>
</LocList>
</BasicBoolTerm>
<BasicBoolTerm Intrnl_Id="163">
<LocList>
<Loc EndOffset="2741" SrcFileId="1" StartOffset="2706"/>
</LocList>
</BasicBoolTerm>
<LocList>
<Loc EndOffset="2705" SrcFileId="1" StartOffset="2703"/>
</LocList>
</OpTerm>
</RootTerm>
</CondStmnt>
<BasicStmnt CovItemId="S37" CovItemPrefix="Value.java" Intrnl_Id="164">
<LocList>
<Loc EndOffset="2798" SrcFileId="1" StartOffset="2785"/>
</LocList>
</BasicStmnt>
</StmntSeq>
</HierarchyLvl>
<HierarchyLvl HierarchyLvlId="528" HierarchyLvlTypeId="5" Intrnl_Id="165" Name="isSameType">
<Header>
<Loc EndOffset="2853" SrcFileId="1" StartOffset="2817"/>
</Header>
<LocList>
<Loc EndOffset="3441" SrcFileId="1" StartOffset="2817"/>
</LocList>
<StmntSeq Intrnl_Id="166">
<LocList>
<Loc EndOffset="2936" SrcFileId="1" StartOffset="2867"/>
<Loc EndOffset="3407" SrcFileId="1" StartOffset="2943"/>
<Loc EndOffset="3434" SrcFileId="1" StartOffset="3421"/>
</LocList>
<CondStmnt CovItemId="S38" CovItemPrefix="Value.java" Intrnl_Id="167">
<Branch CovItemId="B25" CovItemPrefix="Value.java" Implct="false" Intrnl_Id="168">
<Cond/>
<LocList>
<Loc EndOffset="2936" SrcFileId="1" StartOffset="2907"/>
</LocList>
<StmntSeq Intrnl_Id="169">
<LocList>
<Loc EndOffset="2928" SrcFileId="1" StartOffset="2916"/>
</LocList>
<BasicStmnt CovItemId="S39" CovItemPrefix="Value.java" Intrnl_Id="170">
<LocList>
<Loc EndOffset="2928" SrcFileId="1" StartOffset="2916"/>
</LocList>
</BasicStmnt>
</StmntSeq>
</Branch>
<Branch CovItemId="B26" CovItemPrefix="Value.java" Implct="true" Intrnl_Id="171">
<Cond/>
<LocList/>
<StmntSeq Intrnl_Id="172">
<LocList/>
</StmntSeq>
</Branch>
<Keyword EndOffset="2869" SrcFileId="1" StartOffset="2867"/>
<LocList>
<Loc EndOffset="2936" SrcFileId="1" StartOffset="2867"/>
</LocList>
<RootTerm CovItemId="C13" CovItemPrefix="Value.java" Intrnl_Id="173">
<OpTerm BooleanOpId="2" Intrnl_Id="174">
<BasicBoolTerm Intrnl_Id="175">
<LocList>
<Loc EndOffset="2883" SrcFileId="1" StartOffset="2870"/>
</LocList>
</BasicBoolTerm>
<BasicBoolTerm Intrnl_Id="176">
<LocList>
<Loc EndOffset="2899" SrcFileId="1" StartOffset="2887"/>
</LocList>
</BasicBoolTerm>
<LocList>
<Loc EndOffset="2886" SrcFileId="1" StartOffset="2884"/>
</LocList>
</OpTerm>
</RootTerm>
</CondStmnt>
<CondStmnt CovItemId="S40" CovItemPrefix="Value.java" Intrnl_Id="177">
<Branch CovItemId="B27" CovItemPrefix="Value.java" Implct="false" Intrnl_Id="178">
<Cond/>
<LocList>
<Loc EndOffset="3022" SrcFileId="1" StartOffset="2993"/>
</LocList>
<StmntSeq Intrnl_Id="179">
<LocList>
<Loc EndOffset="3014" SrcFileId="1" StartOffset="3002"/>
</LocList>
<BasicStmnt CovItemId="S41" CovItemPrefix="Value.java" Intrnl_Id="180">
<LocList>
<Loc EndOffset="3014" SrcFileId="1" StartOffset="3002"/>
</LocList>
</BasicStmnt>
</StmntSeq>
</Branch>
<Branch CovItemId="B28" CovItemPrefix="Value.java" Implct="false" Intrnl_Id="181">
<Cond>
<Loc EndOffset="3033" SrcFileId="1" StartOffset="3029"/>
</Cond>
<LocList>
<Loc EndOffset="3407" SrcFileId="1" StartOffset="3034"/>
</LocList>
<StmntSeq Intrnl_Id="182">
<LocList>
<Loc EndOffset="3407" SrcFileId="1" StartOffset="3034"/>
</LocList>
<CondStmnt CovItemId="S42" CovItemPrefix="Value.java" Intrnl_Id="183">
<Branch CovItemId="B29" CovItemPrefix="Value.java" Implct="false" Intrnl_Id="184">
<Cond/>
<LocList>
<Loc EndOffset="3103" SrcFileId="1" StartOffset="3074"/>
</LocList>
<StmntSeq Intrnl_Id="185">
<LocList>
<Loc EndOffset="3095" SrcFileId="1" StartOffset="3083"/>
</LocList>
<BasicStmnt CovItemId="S43" CovItemPrefix="Value.java" Intrnl_Id="186">
<LocList>
<Loc EndOffset="3095" SrcFileId="1" StartOffset="3083"/>
</LocList>
</BasicStmnt>
</StmntSeq>
</Branch>
<Branch CovItemId="B30" CovItemPrefix="Value.java" Implct="false" Intrnl_Id="187">
<Cond>
<Loc EndOffset="3114" SrcFileId="1" StartOffset="3110"/>
</Cond>
<LocList>
<Loc EndOffset="3407" SrcFileId="1" StartOffset="3115"/>
</LocList>
<StmntSeq Intrnl_Id="188">
<LocList>
<Loc EndOffset="3407" SrcFileId="1" StartOffset="3115"/>
</LocList>
<CondStmnt CovItemId="S44" CovItemPrefix="Value.java" Intrnl_Id="189">
<Branch CovItemId="B31" CovItemPrefix="Value.java" Implct="false" Intrnl_Id="190">
<Cond/>
<LocList>
<Loc EndOffset="3239" SrcFileId="1" StartOffset="3210"/>
</LocList>
<StmntSeq Intrnl_Id="191">
<LocList>
<Loc EndOffset="3231" SrcFileId="1" StartOffset="3219"/>
</LocList>
<BasicStmnt CovItemId="S45" CovItemPrefix="Value.java" Intrnl_Id="192">
<LocList>
<Loc EndOffset="3231" SrcFileId="1" StartOffset="3219"/>
</LocList>
</BasicStmnt>
</StmntSeq>
</Branch>
<Branch CovItemId="B32" CovItemPrefix="Value.java" Implct="false" Intrnl_Id="193">
<Cond>
<Loc EndOffset="3250" SrcFileId="1" StartOffset="3246"/>
</Cond>
<LocList>
<Loc EndOffset="3407" SrcFileId="1" StartOffset="3251"/>
</LocList>
<StmntSeq Intrnl_Id="194">
<LocList>
<Loc EndOffset="3407" SrcFileId="1" StartOffset="3251"/>
</LocList>
<CondStmnt CovItemId="S46" CovItemPrefix="Value.java" Intrnl_Id="195">
<Branch CovItemId="B33" CovItemPrefix="Value.java" Implct="false" Intrnl_Id="196">
<Cond/>
<LocList>
<Loc EndOffset="3324" SrcFileId="1" StartOffset="3295"/>
</LocList>
<StmntSeq Intrnl_Id="197">
<LocList>
<Loc EndOffset="3316" SrcFileId="1" StartOffset="3304"/>
</LocList>
<BasicStmnt CovItemId="S47" CovItemPrefix="Value.java" Intrnl_Id="198">
<LocList>
<Loc EndOffset="3316" SrcFileId="1" StartOffset="3304"/>
</LocList>
</BasicStmnt>
</StmntSeq>
</Branch>
<Branch CovItemId="B34" CovItemPrefix="Value.java" Implct="false" Intrnl_Id="199">
<Cond>
<Loc EndOffset="3335" SrcFileId="1" StartOffset="3331"/>
</Cond>
<LocList>
<Loc EndOffset="3407" SrcFileId="1" StartOffset="3336"/>
</LocList>
<StmntSeq Intrnl_Id="200">
<LocList>
<Loc EndOffset="3407" SrcFileId="1" StartOffset="3336"/>
</LocList>
<CondStmnt CovItemId="S48" CovItemPrefix="Value.java" Intrnl_Id="201">
<Branch CovItemId="B35" CovItemPrefix="Value.java" Implct="false" Intrnl_Id="202">
<Cond/>
<LocList>
<Loc EndOffset="3407" SrcFileId="1" StartOffset="3378"/>
</LocList>
<StmntSeq Intrnl_Id="203">
<LocList>
<Loc EndOffset="3399" SrcFileId="1" StartOffset="3387"/>
</LocList>
<BasicStmnt CovItemId="S49" CovItemPrefix="Value.java" Intrnl_Id="204">
<LocList>
<Loc EndOffset="3399" SrcFileId="1" StartOffset="3387"/>
</LocList>
</BasicStmnt>
</StmntSeq>
</Branch>
<Branch CovItemId="B36" CovItemPrefix="Value.java" Implct="true" Intrnl_Id="205">
<Cond/>
<LocList/>
<StmntSeq Intrnl_Id="206">
<LocList/>
</StmntSeq>
</Branch>
<Keyword EndOffset="3338" SrcFileId="1" StartOffset="3336"/>
<LocList>
<Loc EndOffset="3407" SrcFileId="1" StartOffset="3336"/>
</LocList>
<RootTerm CovItemId="C18" CovItemPrefix="Value.java" Intrnl_Id="207">
<OpTerm BooleanOpId="2" Intrnl_Id="208">
<BasicBoolTerm Intrnl_Id="209">
<LocList>
<Loc EndOffset="3353" SrcFileId="1" StartOffset="3339"/>
</LocList>
</BasicBoolTerm>
<BasicBoolTerm Intrnl_Id="210">
<LocList>
<Loc EndOffset="3370" SrcFileId="1" StartOffset="3357"/>
</LocList>
</BasicBoolTerm>
<LocList>
<Loc EndOffset="3356" SrcFileId="1" StartOffset="3354"/>
</LocList>
</OpTerm>
</RootTerm>
</CondStmnt>
</StmntSeq>
</Branch>
<Keyword EndOffset="3253" SrcFileId="1" StartOffset="3251"/>
<LocList>
<Loc EndOffset="3407" SrcFileId="1" StartOffset="3251"/>
</LocList>
<RootTerm CovItemId="C17" CovItemPrefix="Value.java" Intrnl_Id="211">
<OpTerm BooleanOpId="2" Intrnl_Id="212">
<BasicBoolTerm Intrnl_Id="213">
<LocList>
<Loc EndOffset="3269" SrcFileId="1" StartOffset="3254"/>
</LocList>
</BasicBoolTerm>
<BasicBoolTerm Intrnl_Id="214">
<LocList>
<Loc EndOffset="3287" SrcFileId="1" StartOffset="3273"/>
</LocList>
</BasicBoolTerm>
<LocList>
<Loc EndOffset="3272" SrcFileId="1" StartOffset="3270"/>
</LocList>
</OpTerm>
</RootTerm>
</CondStmnt>
</StmntSeq>
</Branch>
<Keyword EndOffset="3117" SrcFileId="1" StartOffset="3115"/>
<LocList>
<Loc EndOffset="3407" SrcFileId="1" StartOffset="3115"/>
</LocList>
<RootTerm CovItemId="C16" CovItemPrefix="Value.java" Intrnl_Id="215">
<OpTerm BooleanOpId="3" Intrnl_Id="216">
<OpTerm BooleanOpId="2" Intrnl_Id="217">
<BasicBoolTerm Intrnl_Id="218">
<LocList>
<Loc EndOffset="3134" SrcFileId="1" StartOffset="3118"/>
</LocList>
</BasicBoolTerm>
<BasicBoolTerm Intrnl_Id="219">
<LocList>
<Loc EndOffset="3153" SrcFileId="1" StartOffset="3138"/>
</LocList>
</BasicBoolTerm>
<LocList>
<Loc EndOffset="3137" SrcFileId="1" StartOffset="3135"/>
</LocList>
</OpTerm>
<OpTerm BooleanOpId="2" Intrnl_Id="220">
<BasicBoolTerm Intrnl_Id="221">
<LocList>
<Loc EndOffset="3173" SrcFileId="1" StartOffset="3157"/>
</LocList>
</BasicBoolTerm>
<BasicBoolTerm Intrnl_Id="222">
<LocList>
<Loc EndOffset="3202" SrcFileId="1" StartOffset="3177"/>
</LocList>
</BasicBoolTerm>
<LocList>
<Loc EndOffset="3176" SrcFileId="1" StartOffset="3174"/>
</LocList>
</OpTerm>
<LocList>
<Loc EndOffset="3156" SrcFileId="1" StartOffset="3154"/>
</LocList>
</OpTerm>
</RootTerm>
</CondStmnt>
</StmntSeq>
</Branch>
<Keyword EndOffset="3036" SrcFileId="1" StartOffset="3034"/>
<LocList>
<Loc EndOffset="3407" SrcFileId="1" StartOffset="3034"/>
</LocList>
<RootTerm CovItemId="C15" CovItemPrefix="Value.java" Intrnl_Id="223">
<OpTerm BooleanOpId="2" Intrnl_Id="224">
<BasicBoolTerm Intrnl_Id="225">
<LocList>
<Loc EndOffset="3050" SrcFileId="1" StartOffset="3037"/>
</LocList>
</BasicBoolTerm>
<BasicBoolTerm Intrnl_Id="226">
<LocList>
<Loc EndOffset="3066" SrcFileId="1" StartOffset="3054"/>
</LocList>
</BasicBoolTerm>
<LocList>
<Loc EndOffset="3053" SrcFileId="1" StartOffset="3051"/>
</LocList>
</OpTerm>
</RootTerm>
</CondStmnt>
</StmntSeq>
</Branch>
<Keyword EndOffset="2945" SrcFileId="1" StartOffset="2943"/>
<LocList>
<Loc EndOffset="3407" SrcFileId="1" StartOffset="2943"/>
</LocList>
<RootTerm CovItemId="C14" CovItemPrefix="Value.java" Intrnl_Id="227">
<OpTerm BooleanOpId="2" Intrnl_Id="228">
<BasicBoolTerm Intrnl_Id="229">
<LocList>
<Loc EndOffset="2964" SrcFileId="1" StartOffset="2946"/>
</LocList>
</BasicBoolTerm>
<BasicBoolTerm Intrnl_Id="230">
<LocList>
<Loc EndOffset="2985" SrcFileId="1" StartOffset="2968"/>
</LocList>
</BasicBoolTerm>
<LocList>
<Loc EndOffset="2967" SrcFileId="1" StartOffset="2965"/>
</LocList>
</OpTerm>
</RootTerm>
</CondStmnt>
<BasicStmnt CovItemId="S50" CovItemPrefix="Value.java" Intrnl_Id="231">
<LocList>
<Loc EndOffset="3434" SrcFileId="1" StartOffset="3421"/>
</LocList>
</BasicStmnt>
</StmntSeq>
</HierarchyLvl>
<HierarchyLvl HierarchyLvlId="529" HierarchyLvlTypeId="5" Intrnl_Id="232" Name="GetType">
<Header>
<Loc EndOffset="3476" SrcFileId="1" StartOffset="3453"/>
</Header>
<LocList>
<Loc EndOffset="4248" SrcFileId="1" StartOffset="3453"/>
</LocList>
<StmntSeq Intrnl_Id="233">
<LocList>
<Loc EndOffset="4241" SrcFileId="1" StartOffset="3490"/>
</LocList>
<CondStmnt CovItemId="S51" CovItemPrefix="Value.java" Intrnl_Id="234">
<Branch CovItemId="B37" CovItemPrefix="Value.java" Implct="false" Intrnl_Id="235">
<Cond/>
<LocList>
<Loc EndOffset="3579" SrcFileId="1" StartOffset="3548"/>
</LocList>
<StmntSeq Intrnl_Id="236">
<LocList>
<Loc EndOffset="3571" SrcFileId="1" StartOffset="3557"/>
</LocList>
<BasicStmnt CovItemId="S52" CovItemPrefix="Value.java" Intrnl_Id="237">
<LocList>
<Loc EndOffset="3571" SrcFileId="1" StartOffset="3557"/>
</LocList>
</BasicStmnt>
</StmntSeq>
</Branch>
<Branch CovItemId="B38" CovItemPrefix="Value.java" Implct="false" Intrnl_Id="238">
<Cond>
<Loc EndOffset="3590" SrcFileId="1" StartOffset="3586"/>
</Cond>
<LocList>
<Loc EndOffset="4241" SrcFileId="1" StartOffset="3591"/>
</LocList>
<StmntSeq Intrnl_Id="239">
<LocList>
<Loc EndOffset="4241" SrcFileId="1" StartOffset="3591"/>
</LocList>
<CondStmnt CovItemId="S53" CovItemPrefix="Value.java" Intrnl_Id="240">
<Branch CovItemId="B39" CovItemPrefix="Value.java" Implct="false" Intrnl_Id="241">
<Cond/>
<LocList>
<Loc EndOffset="3695" SrcFileId="1" StartOffset="3659"/>
</LocList>
<StmntSeq Intrnl_Id="242">
<LocList>
<Loc EndOffset="3687" SrcFileId="1" StartOffset="3668"/>
</LocList>
<BasicStmnt CovItemId="S54" CovItemPrefix="Value.java" Intrnl_Id="243">
<LocList>
<Loc EndOffset="3687" SrcFileId="1" StartOffset="3668"/>
</LocList>
</BasicStmnt>
</StmntSeq>
</Branch>
<Branch CovItemId="B40" CovItemPrefix="Value.java" Implct="false" Intrnl_Id="244">
<Cond>
<Loc EndOffset="3706" SrcFileId="1" StartOffset="3702"/>
</Cond>
<LocList>
<Loc EndOffset="4241" SrcFileId="1" StartOffset="3707"/>
</LocList>
<StmntSeq Intrnl_Id="245">
<LocList>
<Loc EndOffset="4241" SrcFileId="1" StartOffset="3707"/>
</LocList>
<CondStmnt CovItemId="S55" CovItemPrefix="Value.java" Intrnl_Id="246">
<Branch CovItemId="B41" CovItemPrefix="Value.java" Implct="false" Intrnl_Id="247">
<Cond/>
<LocList>
<Loc EndOffset="3793" SrcFileId="1" StartOffset="3763"/>
</LocList>
<StmntSeq Intrnl_Id="248">
<LocList>
<Loc EndOffset="3785" SrcFileId="1" StartOffset="3772"/>
</LocList>
<BasicStmnt CovItemId="S56" CovItemPrefix="Value.java" Intrnl_Id="249">
<LocList>
<Loc EndOffset="3785" SrcFileId="1" StartOffset="3772"/>
</LocList>
</BasicStmnt>
</StmntSeq>
</Branch>
<Branch CovItemId="B42" CovItemPrefix="Value.java" Implct="false" Intrnl_Id="250">
<Cond>
<Loc EndOffset="3804" SrcFileId="1" StartOffset="3800"/>
</Cond>
<LocList>
<Loc EndOffset="4241" SrcFileId="1" StartOffset="3805"/>
</LocList>
<StmntSeq Intrnl_Id="251">
<LocList>
<Loc EndOffset="4241" SrcFileId="1" StartOffset="3805"/>
</LocList>
<CondStmnt CovItemId="S57" CovItemPrefix="Value.java" Intrnl_Id="252">
<Branch CovItemId="B43" CovItemPrefix="Value.java" Implct="false" Intrnl_Id="253">
<Cond/>
<LocList>
<Loc EndOffset="3900" SrcFileId="1" StartOffset="3867"/>
</LocList>
<StmntSeq Intrnl_Id="254">
<LocList>
<Loc EndOffset="3892" SrcFileId="1" StartOffset="3876"/>
</LocList>
<BasicStmnt CovItemId="S58" CovItemPrefix="Value.java" Intrnl_Id="255">
<LocList>
<Loc EndOffset="3892" SrcFileId="1" StartOffset="3876"/>
</LocList>
</BasicStmnt>
</StmntSeq>
</Branch>
<Branch CovItemId="B44" CovItemPrefix="Value.java" Implct="false" Intrnl_Id="256">
<Cond>
<Loc EndOffset="3911" SrcFileId="1" StartOffset="3907"/>
</Cond>
<LocList>
<Loc EndOffset="4241" SrcFileId="1" StartOffset="3912"/>
</LocList>
<StmntSeq Intrnl_Id="257">
<LocList>
<Loc EndOffset="4241" SrcFileId="1" StartOffset="3912"/>
</LocList>
<CondStmnt CovItemId="S59" CovItemPrefix="Value.java" Intrnl_Id="258">
<Branch CovItemId="B45" CovItemPrefix="Value.java" Implct="false" Intrnl_Id="259">
<Cond/>
<LocList>
<Loc EndOffset="4001" SrcFileId="1" StartOffset="3970"/>
</LocList>
<StmntSeq Intrnl_Id="260">
<LocList>
<Loc EndOffset="3993" SrcFileId="1" StartOffset="3979"/>
</LocList>
<BasicStmnt CovItemId="S60" CovItemPrefix="Value.java" Intrnl_Id="261">
<LocList>
<Loc EndOffset="3993" SrcFileId="1" StartOffset="3979"/>
</LocList>
</BasicStmnt>
</StmntSeq>
</Branch>
<Branch CovItemId="B46" CovItemPrefix="Value.java" Implct="false" Intrnl_Id="262">
<Cond>
<Loc EndOffset="4012" SrcFileId="1" StartOffset="4008"/>
</Cond>
<LocList>
<Loc EndOffset="4241" SrcFileId="1" StartOffset="4013"/>
</LocList>
<StmntSeq Intrnl_Id="263">
<LocList>
<Loc EndOffset="4241" SrcFileId="1" StartOffset="4013"/>
</LocList>
<CondStmnt CovItemId="S61" CovItemPrefix="Value.java" Intrnl_Id="264">
<Branch CovItemId="B47" CovItemPrefix="Value.java" Implct="false" Intrnl_Id="265">
<Cond/>
<LocList>
<Loc EndOffset="4108" SrcFileId="1" StartOffset="4075"/>
</LocList>
<StmntSeq Intrnl_Id="266">
<LocList>
<Loc EndOffset="4100" SrcFileId="1" StartOffset="4084"/>
</LocList>
<BasicStmnt CovItemId="S62" CovItemPrefix="Value.java" Intrnl_Id="267">
<LocList>
<Loc EndOffset="4100" SrcFileId="1" StartOffset="4084"/>
</LocList>
</BasicStmnt>
</StmntSeq>
</Branch>
<Branch CovItemId="B48" CovItemPrefix="Value.java" Implct="false" Intrnl_Id="268">
<Cond>
<Loc EndOffset="4119" SrcFileId="1" StartOffset="4115"/>
</Cond>
<LocList>
<Loc EndOffset="4241" SrcFileId="1" StartOffset="4120"/>
</LocList>
<StmntSeq Intrnl_Id="269">
<LocList>
<Loc EndOffset="4241" SrcFileId="1" StartOffset="4120"/>
</LocList>
<CondStmnt CovItemId="S63" CovItemPrefix="Value.java" Intrnl_Id="270">
<Branch CovItemId="B49" CovItemPrefix="Value.java" Implct="false" Intrnl_Id="271">
<Cond/>
<LocList>
<Loc EndOffset="4194" SrcFileId="1" StartOffset="4162"/>
</LocList>
<StmntSeq Intrnl_Id="272">
<LocList>
<Loc EndOffset="4186" SrcFileId="1" StartOffset="4171"/>
</LocList>
<BasicStmnt CovItemId="S64" CovItemPrefix="Value.java" Intrnl_Id="273">
<LocList>
<Loc EndOffset="4186" SrcFileId="1" StartOffset="4171"/>
</LocList>
</BasicStmnt>
</StmntSeq>
</Branch>
<Branch CovItemId="B50" CovItemPrefix="Value.java" Implct="false" Intrnl_Id="274">
<Cond>
<Loc EndOffset="4205" SrcFileId="1" StartOffset="4201"/>
</Cond>
<LocList>
<Loc EndOffset="4241" SrcFileId="1" StartOffset="4212"/>
</LocList>
<StmntSeq Intrnl_Id="275">
<LocList>
<Loc EndOffset="4233" SrcFileId="1" StartOffset="4221"/>
</LocList>
<BasicStmnt CovItemId="S65" CovItemPrefix="Value.java" Intrnl_Id="276">
<LocList>
<Loc EndOffset="4233" SrcFileId="1" StartOffset="4221"/>
</LocList>
</BasicStmnt>
</StmntSeq>
</Branch>
<Keyword EndOffset="4122" SrcFileId="1" StartOffset="4120"/>
<LocList>
<Loc EndOffset="4241" SrcFileId="1" StartOffset="4120"/>
</LocList>
<RootTerm CovItemId="C25" CovItemPrefix="Value.java" Intrnl_Id="277">
<BasicBoolTerm Intrnl_Id="278">
<LocList>
<Loc EndOffset="4154" SrcFileId="1" StartOffset="4123"/>
</LocList>
</BasicBoolTerm>
</RootTerm>
</CondStmnt>
</StmntSeq>
</Branch>
<Keyword EndOffset="4015" SrcFileId="1" StartOffset="4013"/>
<LocList>
<Loc EndOffset="4241" SrcFileId="1" StartOffset="4013"/>
</LocList>
<RootTerm CovItemId="C24" CovItemPrefix="Value.java" Intrnl_Id="279">
<OpTerm BooleanOpId="3" Intrnl_Id="280">
<BasicBoolTerm Intrnl_Id="281">
<LocList>
<Loc EndOffset="4031" SrcFileId="1" StartOffset="4016"/>
</LocList>
</BasicBoolTerm>
<BasicBoolTerm Intrnl_Id="282">
<LocList>
<Loc EndOffset="4067" SrcFileId="1" StartOffset="4035"/>
</LocList>
</BasicBoolTerm>
<LocList>
<Loc EndOffset="4034" SrcFileId="1" StartOffset="4032"/>
</LocList>
</OpTerm>
</RootTerm>
</CondStmnt>
</StmntSeq>
</Branch>
<Keyword EndOffset="3914" SrcFileId="1" StartOffset="3912"/>
<LocList>
<Loc EndOffset="4241" SrcFileId="1" StartOffset="3912"/>
</LocList>
<RootTerm CovItemId="C23" CovItemPrefix="Value.java" Intrnl_Id="283">
<OpTerm BooleanOpId="3" Intrnl_Id="284">
<BasicBoolTerm Intrnl_Id="285">
<LocList>
<Loc EndOffset="3928" SrcFileId="1" StartOffset="3915"/>
</LocList>
</BasicBoolTerm>
<BasicBoolTerm Intrnl_Id="286">
<LocList>
<Loc EndOffset="3962" SrcFileId="1" StartOffset="3932"/>
</LocList>
</BasicBoolTerm>
<LocList>
<Loc EndOffset="3931" SrcFileId="1" StartOffset="3929"/>
</LocList>
</OpTerm>
</RootTerm>
</CondStmnt>
</StmntSeq>
</Branch>
<Keyword EndOffset="3807" SrcFileId="1" StartOffset="3805"/>
<LocList>
<Loc EndOffset="4241" SrcFileId="1" StartOffset="3805"/>
</LocList>
<RootTerm CovItemId="C22" CovItemPrefix="Value.java" Intrnl_Id="287">
<OpTerm BooleanOpId="3" Intrnl_Id="288">
<BasicBoolTerm Intrnl_Id="289">
<LocList>
<Loc EndOffset="3823" SrcFileId="1" StartOffset="3808"/>
</LocList>
</BasicBoolTerm>
<BasicBoolTerm Intrnl_Id="290">
<LocList>
<Loc EndOffset="3859" SrcFileId="1" StartOffset="3827"/>
</LocList>
</BasicBoolTerm>
<LocList>
<Loc EndOffset="3826" SrcFileId="1" StartOffset="3824"/>
</LocList>
</OpTerm>
</RootTerm>
</CondStmnt>
</StmntSeq>
</Branch>
<Keyword EndOffset="3709" SrcFileId="1" StartOffset="3707"/>
<LocList>
<Loc EndOffset="4241" SrcFileId="1" StartOffset="3707"/>
</LocList>
<RootTerm CovItemId="C21" CovItemPrefix="Value.java" Intrnl_Id="291">
<OpTerm BooleanOpId="3" Intrnl_Id="292">
<BasicBoolTerm Intrnl_Id="293">
<LocList>
<Loc EndOffset="3722" SrcFileId="1" StartOffset="3710"/>
</LocList>
</BasicBoolTerm>
<BasicBoolTerm Intrnl_Id="294">
<LocList>
<Loc EndOffset="3755" SrcFileId="1" StartOffset="3726"/>
</LocList>
</BasicBoolTerm>
<LocList>
<Loc EndOffset="3725" SrcFileId="1" StartOffset="3723"/>
</LocList>
</OpTerm>
</RootTerm>
</CondStmnt>
</StmntSeq>
</Branch>
<Keyword EndOffset="3593" SrcFileId="1" StartOffset="3591"/>
<LocList>
<Loc EndOffset="4241" SrcFileId="1" StartOffset="3591"/>
</LocList>
<RootTerm CovItemId="C20" CovItemPrefix="Value.java" Intrnl_Id="295">
<OpTerm BooleanOpId="3" Intrnl_Id="296">
<BasicBoolTerm Intrnl_Id="297">
<LocList>
<Loc EndOffset="3629" SrcFileId="1" StartOffset="3594"/>
</LocList>
</BasicBoolTerm>
<BasicBoolTerm Intrnl_Id="298">
<LocList>
<Loc EndOffset="3651" SrcFileId="1" StartOffset="3633"/>
</LocList>
</BasicBoolTerm>
<LocList>
<Loc EndOffset="3632" SrcFileId="1" StartOffset="3630"/>
</LocList>
</OpTerm>
</RootTerm>
</CondStmnt>
</StmntSeq>
</Branch>
<Keyword EndOffset="3492" SrcFileId="1" StartOffset="3490"/>
<LocList>
<Loc EndOffset="4241" SrcFileId="1" StartOffset="3490"/>
</LocList>
<RootTerm CovItemId="C19" CovItemPrefix="Value.java" Intrnl_Id="299">
<OpTerm BooleanOpId="3" Intrnl_Id="300">
<BasicBoolTerm Intrnl_Id="301">
<LocList>
<Loc EndOffset="3506" SrcFileId="1" StartOffset="3493"/>
</LocList>
</BasicBoolTerm>
<BasicBoolTerm Intrnl_Id="302">
<LocList>
<Loc EndOffset="3540" SrcFileId="1" StartOffset="3510"/>
</LocList>
</BasicBoolTerm>
<LocList>
<Loc EndOffset="3509" SrcFileId="1" StartOffset="3507"/>
</LocList>
</OpTerm>
</RootTerm>
</CondStmnt>
</StmntSeq>
</HierarchyLvl>
<HierarchyLvl HierarchyLvlId="530" HierarchyLvlTypeId="5" Intrnl_Id="303" Name="toString">
<Header>
<Loc EndOffset="4295" SrcFileId="1" StartOffset="4256"/>
</Header>
<LocList>
<Loc EndOffset="4343" SrcFileId="1" StartOffset="4256"/>
</LocList>
<StmntSeq Intrnl_Id="304">
<LocList>
<Loc EndOffset="4336" SrcFileId="1" StartOffset="4307"/>
</LocList>
<BasicStmnt CovItemId="S66" CovItemPrefix="Value.java" Intrnl_Id="305">
<LocList>
<Loc EndOffset="4336" SrcFileId="1" StartOffset="4307"/>
</LocList>
</BasicStmnt>
</StmntSeq>
</HierarchyLvl>
</HierarchyLvl>
</HierarchyLvl>
</MASTRoot>
</TestSessionContainer>
