<?xml version="1.0" encoding="UTF-8"?><TestSessionContainer xmlns="http://www.codecover.org/xml/testsession-container" Date="1368543307646" TestSessionContainerId="be01a223-d316-40cd-92c8-86632da1731a" version="1.0">
<SrcFileList>
<SrcFile Content="//latex start Value&#13;&#10;public class Value {&#13;&#10;&#9;public static Value VOID = new Value(new Object());&#13;&#10;&#13;&#10;    final Object value;&#13;&#10;&#13;&#10;    public Value(Object value) {&#13;&#10;        this.value = value;&#13;&#10;    }&#13;&#10;    &#13;&#10;    //Default constructor returns empty but not null value object&#13;&#10;    public Value()&#13;&#10;    {&#13;&#10;    &#9;this.value = &quot;&quot;;&#13;&#10;    }&#13;&#10;//latex end&#13;&#10;&#13;&#10;//latex start isType&#13;&#10;    //Check if value is double&#13;&#10;    public boolean isDouble() &#13;&#10;    {&#13;&#10;    &#9;//If value matches the regular expressions, it must a double&#13;&#10;&#9;&#9;if(this.toString().matches(&quot;((-)?[0-9]+)\\.([0-9]){1,2}&quot;))&#13;&#10;&#9;&#9;{&#13;&#10;&#9;&#9;&#9;return true;&#13;&#10;&#9;&#9;}&#13;&#10;&#9;&#9;return false;&#13;&#10;    }&#13;&#10;    &#13;&#10;    &#13;&#10;    public boolean isInt()&#13;&#10;    {&#13;&#10;&#9;&#9;if(this.toString().matches(&quot;(-)?[0-9]+&quot;) || this.toString().equals(&quot;HIGH&quot;) || this.toString().equals(&quot;LOW&quot;) || this.toString().equals(&quot;INPUT&quot;) || this.toString().equals(&quot;OUTPUT&quot;))&#13;&#10;&#9;&#9;{&#13;&#10;&#9;&#9;&#9;return true;&#13;&#10;&#9;&#9;}&#13;&#10;&#9;&#9;return false;&#13;&#10;    }&#13;&#10;//latex end    &#13;&#10;    public boolean isDrink()&#13;&#10;    {&#13;&#10;&#9;&#9;if(this.toString().equals(&quot;drink&quot;))&#13;&#10;&#9;&#9;{&#13;&#10;&#9;&#9;&#9;return true;&#13;&#10;&#9;&#9;}&#13;&#10;&#9;&#9;return false;&#13;&#10;    }&#13;&#10;    &#13;&#10;    public boolean isNumeric()&#13;&#10;    {&#13;&#10;    &#9;if(this.isInt() || this.isDouble() || this.toString().equals(&quot;int&quot;) || this.toString().equals(&quot;double&quot;))&#13;&#10;    &#9;{&#13;&#10;    &#9;&#9;return true;&#13;&#10;    &#9;}&#13;&#10;    &#9;return false;&#13;&#10;    }&#13;&#10;    &#13;&#10;    public boolean isNumericExpression()&#13;&#10;    {    &#9;&#13;&#10;    &#9;String StringToVerify = this.toString();&#13;&#10;    &#9;&#13;&#10;    &#9;if(StringToVerify.contains(&quot;(&quot;))&#13;&#10;    &#9;{&#13;&#10;    &#9;&#9;StringToVerify = StringToVerify.replace(&quot;(&quot;, &quot;&quot;);&#13;&#10;    &#9;}&#13;&#10;    &#9;&#13;&#10;    &#9;if(StringToVerify.contains(&quot;)&quot;))&#13;&#10;    &#9;{&#13;&#10;    &#9;&#9;StringToVerify = StringToVerify.replace(&quot;)&quot;, &quot;&quot;);&#13;&#10;    &#9;}&#13;&#10;    &#9;&#13;&#10;    &#9;if(StringToVerify.matches(&quot;(-)?[0-9]+(\\.[0-9]{1,2})?((\\+|\\-|\\*|\\/)[0-9]+(\\.[0-9]{1,2})?)*&quot;))&#13;&#10;    &#9;{&#13;&#10;    &#9;&#9;return true;&#13;&#10;    &#9;}&#13;&#10;    &#9;return false;&#13;&#10;    }&#13;&#10;    &#13;&#10;    public boolean isChar()&#13;&#10;    {&#13;&#10;&#9;&#9;if(this.toString().length() != 3 || &#13;&#10;&#9;&#9;   this.toString().charAt(0) != '\'' || &#13;&#10;&#9;&#9;   this.toString().charAt(this.toString().length()-1) != '\'')&#13;&#10;&#9;&#9;{&#13;&#10;&#9;&#9;&#9;return false;&#13;&#10;&#9;&#9;}&#13;&#10;&#9;&#9;return true;&#13;&#10;    }&#13;&#10;    &#13;&#10;    public boolean isString()&#13;&#10;    {&#13;&#10;    &#9;if(this.toString().length() &lt; 2)&#13;&#10;    &#9;{&#13;&#10;    &#9;&#9;return false;&#13;&#10;    &#9;}&#13;&#10;    &#9;else if(this.toString().charAt(0) != '&quot;'|| this.toString().charAt(this.toString().length()-1) != '&quot;')&#13;&#10;&#9;&#9;{&#13;&#10;&#9;&#9;&#9;return false;&#13;&#10;&#9;&#9;}&#13;&#10;&#9;&#9;return true;&#13;&#10;    }&#13;&#10;    &#13;&#10;    public boolean isBool()&#13;&#10;    {&#13;&#10;    &#9;if(this.toString().equals(&quot;true&quot;) || this.toString().equals(&quot;false&quot;))&#13;&#10;    &#9;{&#13;&#10;    &#9;&#9;return true;&#13;&#10;    &#9;}&#13;&#10;    &#9;return false;&#13;&#10;    }&#13;&#10;    &#13;&#10;    public boolean isContainer()&#13;&#10;    {&#13;&#10;    &#9;if(this.toString().matches(&quot;((1?[0-3])|([0-9]))|A[0-5]&quot;) || this.toString().equals(&quot;container&quot;))&#13;&#10;    &#9;{&#13;&#10;    &#9;&#9;return true;&#13;&#10;    &#9;}&#13;&#10;    &#9;return false;&#13;&#10;    }&#13;&#10;    &#13;&#10;    public boolean isSameType(Value val)&#13;&#10;    {&#13;&#10;    &#9;if(this.isBool() &amp;&amp; val.isBool())&#13;&#10;    &#9;{&#13;&#10;    &#9;&#9;return true;&#13;&#10;    &#9;}&#13;&#10;    &#9;if(this.isContainer() &amp;&amp; val.isContainer())&#13;&#10;    &#9;{&#13;&#10;    &#9;&#9;return true;&#13;&#10;    &#9;}&#13;&#10;    &#9;else if(this.isChar() &amp;&amp; val.isChar())&#13;&#10;    &#9;{&#13;&#10;    &#9;&#9;return true;&#13;&#10;    &#9;}&#13;&#10;    &#9;else if(this.isNumeric() &amp;&amp; val.isNumeric() || this.isNumeric() &amp;&amp; val.isNumericExpression())&#13;&#10;    &#9;{&#13;&#10;    &#9;&#9;return true;&#13;&#10;    &#9;}&#13;&#10;    &#9;else if(this.isString() &amp;&amp; val.isString())&#13;&#10;    &#9;{&#13;&#10;    &#9;&#9;return true;&#13;&#10;    &#9;}&#13;&#10;    &#9;else if(this.isDrink() &amp;&amp; val.isDrink())&#13;&#10;    &#9;{&#13;&#10;    &#9;&#9;return true;&#13;&#10;    &#9;}&#13;&#10;    &#9;&#13;&#10;    &#9;return false;&#13;&#10;    }&#13;&#10;    &#13;&#10;    public String GetType()&#13;&#10;    {&#13;&#10;    &#9;if(this.isBool() || this.toString().equals(&quot;bool&quot;))&#13;&#10;    &#9;{&#13;&#10;    &#9;&#9;return &quot;bool&quot;;&#13;&#10;    &#9;}&#13;&#10;    &#9;else if(this.toString().equals(&quot;container&quot;) || this.isContainer())&#13;&#10;    &#9;{&#13;&#10;    &#9;&#9;return &quot;container&quot;;&#13;&#10;    &#9;}&#13;&#10;    &#9;else if(this.isInt() || this.toString().equals(&quot;int&quot;))&#13;&#10;    &#9;{&#13;&#10;    &#9;&#9;return &quot;int&quot;;&#13;&#10;    &#9;}&#13;&#10;    &#9;else if(this.isDouble() || this.toString().equals(&quot;double&quot;))&#13;&#10;    &#9;{&#13;&#10;    &#9;&#9;return &quot;double&quot;;&#13;&#10;    &#9;}&#13;&#10;    &#9;else if(this.isChar() || this.toString().equals(&quot;char&quot;))&#13;&#10;    &#9;{&#13;&#10;    &#9;&#9;return &quot;char&quot;;&#13;&#10;    &#9;}&#13;&#10;    &#9;else if(this.isString() || this.toString().equals(&quot;string&quot;))&#13;&#10;    &#9;{&#13;&#10;    &#9;&#9;return &quot;string&quot;;&#13;&#10;    &#9;}&#13;&#10;    &#9;else if(this.toString().equals(&quot;drink&quot;))&#13;&#10;    &#9;{&#13;&#10;    &#9;&#9;return &quot;drink&quot;;&#13;&#10;    &#9;}&#13;&#10;    &#9;else&#13;&#10;    &#9;{&#13;&#10;    &#9;&#9;return null;&#13;&#10;    &#9;}&#13;&#10;    }&#13;&#10;&#13;&#10;    @Override&#13;&#10;    public String toString() {&#13;&#10;        return String.valueOf(value);&#13;&#10;    }&#13;&#10;}&#13;&#10;" Filename="Value.java" Intrnl_Id="1"/>
</SrcFileList>
<CritList>
<CritListEntry Name="org.codecover.model.utils.criteria.BranchCoverage" PluginName="org.codecover"/>
<CritListEntry Name="org.codecover.model.utils.criteria.ConditionCoverage" PluginName="org.codecover"/>
<CritListEntry Name="org.codecover.model.utils.criteria.StatementCoverage" PluginName="org.codecover"/>
</CritList>
<BoolOpList>
<BoolOp Arity="2" Intrnl_Id="2" Name="conditional and (&amp;&amp;)">
<BoolAssgnmntBoolMapList>
<MapEntry BoolAssgnmnt="10" Value="false"/>
<MapEntry BoolAssgnmnt="02" Value="false"/>
<MapEntry BoolAssgnmnt="11" Value="true"/>
</BoolAssgnmntBoolMapList>
</BoolOp>
<BoolOp Arity="2" Intrnl_Id="3" Name="conditional or (||)">
<BoolAssgnmntBoolMapList>
<MapEntry BoolAssgnmnt="01" Value="true"/>
<MapEntry BoolAssgnmnt="00" Value="false"/>
<MapEntry BoolAssgnmnt="12" Value="true"/>
</BoolAssgnmntBoolMapList>
</BoolOp>
</BoolOpList>
<HierarchyLvlTypeList>
<HierarchyLvlType EnglishName="class" IntrnlName="class" Intrnl_Id="4"/>
<HierarchyLvlType EnglishName="method" IntrnlName="method" Intrnl_Id="5"/>
<HierarchyLvlType EnglishName="default package" IntrnlName="default package" Intrnl_Id="6"/>
</HierarchyLvlTypeList>
<MASTRoot>
<HierarchyLvl HierarchyLvlId="484" HierarchyLvlTypeId="6" Intrnl_Id="7" Name="default package">
<Header/>
<LocList/>
<HierarchyLvl HierarchyLvlId="483" HierarchyLvlTypeId="4" Intrnl_Id="8" Name="Value">
<Header>
<Loc EndOffset="39" SrcFileId="1" StartOffset="21"/>
</Header>
<LocList>
<Loc EndOffset="4233" SrcFileId="1" StartOffset="21"/>
</LocList>
<StmntSeq Intrnl_Id="9">
<LocList>
<Loc EndOffset="95" SrcFileId="1" StartOffset="44"/>
</LocList>
<BasicStmnt CovItemId="S1" CovItemPrefix="Value.java" Intrnl_Id="10">
<LocList>
<Loc EndOffset="95" SrcFileId="1" StartOffset="44"/>
</LocList>
</BasicStmnt>
</StmntSeq>
<HierarchyLvl HierarchyLvlId="469" HierarchyLvlTypeId="5" Intrnl_Id="11" Name="Value">
<Header>
<Loc EndOffset="156" SrcFileId="1" StartOffset="130"/>
</Header>
<LocList>
<Loc EndOffset="194" SrcFileId="1" StartOffset="130"/>
</LocList>
<StmntSeq Intrnl_Id="12">
<LocList>
<Loc EndOffset="187" SrcFileId="1" StartOffset="168"/>
</LocList>
<BasicStmnt CovItemId="S2" CovItemPrefix="Value.java" Intrnl_Id="13">
<LocList>
<Loc EndOffset="187" SrcFileId="1" StartOffset="168"/>
</LocList>
</BasicStmnt>
</StmntSeq>
</HierarchyLvl>
<HierarchyLvl HierarchyLvlId="470" HierarchyLvlTypeId="5" Intrnl_Id="14" Name="Value">
<Header>
<Loc EndOffset="287" SrcFileId="1" StartOffset="273"/>
</Header>
<LocList>
<Loc EndOffset="324" SrcFileId="1" StartOffset="273"/>
</LocList>
<StmntSeq Intrnl_Id="15">
<LocList>
<Loc EndOffset="317" SrcFileId="1" StartOffset="301"/>
</LocList>
<BasicStmnt CovItemId="S3" CovItemPrefix="Value.java" Intrnl_Id="16">
<LocList>
<Loc EndOffset="317" SrcFileId="1" StartOffset="301"/>
</LocList>
</BasicStmnt>
</StmntSeq>
</HierarchyLvl>
<HierarchyLvl HierarchyLvlId="471" HierarchyLvlTypeId="5" Intrnl_Id="17" Name="isDouble">
<Header>
<Loc EndOffset="424" SrcFileId="1" StartOffset="399"/>
</Header>
<LocList>
<Loc EndOffset="612" SrcFileId="1" StartOffset="399"/>
</LocList>
<StmntSeq Intrnl_Id="18">
<LocList>
<Loc EndOffset="588" SrcFileId="1" StartOffset="503"/>
<Loc EndOffset="605" SrcFileId="1" StartOffset="592"/>
</LocList>
<CondStmnt CovItemId="S4" CovItemPrefix="Value.java" Intrnl_Id="19">
<Branch CovItemId="B1" CovItemPrefix="Value.java" Implct="false" Intrnl_Id="20">
<Cond/>
<LocList>
<Loc EndOffset="588" SrcFileId="1" StartOffset="565"/>
</LocList>
<StmntSeq Intrnl_Id="21">
<LocList>
<Loc EndOffset="583" SrcFileId="1" StartOffset="571"/>
</LocList>
<BasicStmnt CovItemId="S5" CovItemPrefix="Value.java" Intrnl_Id="22">
<LocList>
<Loc EndOffset="583" SrcFileId="1" StartOffset="571"/>
</LocList>
</BasicStmnt>
</StmntSeq>
</Branch>
<Branch CovItemId="B2" CovItemPrefix="Value.java" Implct="true" Intrnl_Id="23">
<Cond/>
<LocList/>
<StmntSeq Intrnl_Id="24">
<LocList/>
</StmntSeq>
</Branch>
<Keyword EndOffset="505" SrcFileId="1" StartOffset="503"/>
<LocList>
<Loc EndOffset="588" SrcFileId="1" StartOffset="503"/>
</LocList>
<RootTerm CovItemId="C1" CovItemPrefix="Value.java" Intrnl_Id="25">
<BasicBoolTerm Intrnl_Id="26">
<LocList>
<Loc EndOffset="560" SrcFileId="1" StartOffset="506"/>
</LocList>
</BasicBoolTerm>
</RootTerm>
</CondStmnt>
<BasicStmnt CovItemId="S6" CovItemPrefix="Value.java" Intrnl_Id="27">
<LocList>
<Loc EndOffset="605" SrcFileId="1" StartOffset="592"/>
</LocList>
</BasicStmnt>
</StmntSeq>
</HierarchyLvl>
<HierarchyLvl HierarchyLvlId="472" HierarchyLvlTypeId="5" Intrnl_Id="28" Name="isInt">
<Header>
<Loc EndOffset="652" SrcFileId="1" StartOffset="630"/>
</Header>
<LocList>
<Loc EndOffset="893" SrcFileId="1" StartOffset="630"/>
</LocList>
<StmntSeq Intrnl_Id="29">
<LocList>
<Loc EndOffset="869" SrcFileId="1" StartOffset="663"/>
<Loc EndOffset="886" SrcFileId="1" StartOffset="873"/>
</LocList>
<CondStmnt CovItemId="S7" CovItemPrefix="Value.java" Intrnl_Id="30">
<Branch CovItemId="B3" CovItemPrefix="Value.java" Implct="false" Intrnl_Id="31">
<Cond/>
<LocList>
<Loc EndOffset="869" SrcFileId="1" StartOffset="846"/>
</LocList>
<StmntSeq Intrnl_Id="32">
<LocList>
<Loc EndOffset="864" SrcFileId="1" StartOffset="852"/>
</LocList>
<BasicStmnt CovItemId="S8" CovItemPrefix="Value.java" Intrnl_Id="33">
<LocList>
<Loc EndOffset="864" SrcFileId="1" StartOffset="852"/>
</LocList>
</BasicStmnt>
</StmntSeq>
</Branch>
<Branch CovItemId="B4" CovItemPrefix="Value.java" Implct="true" Intrnl_Id="34">
<Cond/>
<LocList/>
<StmntSeq Intrnl_Id="35">
<LocList/>
</StmntSeq>
</Branch>
<Keyword EndOffset="665" SrcFileId="1" StartOffset="663"/>
<LocList>
<Loc EndOffset="869" SrcFileId="1" StartOffset="663"/>
</LocList>
<RootTerm CovItemId="C2" CovItemPrefix="Value.java" Intrnl_Id="36">
<OpTerm BooleanOpId="3" Intrnl_Id="37">
<OpTerm BooleanOpId="3" Intrnl_Id="38">
<OpTerm BooleanOpId="3" Intrnl_Id="39">
<OpTerm BooleanOpId="3" Intrnl_Id="40">
<BasicBoolTerm Intrnl_Id="41">
<LocList>
<Loc EndOffset="703" SrcFileId="1" StartOffset="666"/>
</LocList>
</BasicBoolTerm>
<BasicBoolTerm Intrnl_Id="42">
<LocList>
<Loc EndOffset="737" SrcFileId="1" StartOffset="707"/>
</LocList>
</BasicBoolTerm>
<LocList>
<Loc EndOffset="706" SrcFileId="1" StartOffset="704"/>
</LocList>
</OpTerm>
<BasicBoolTerm Intrnl_Id="43">
<LocList>
<Loc EndOffset="770" SrcFileId="1" StartOffset="741"/>
</LocList>
</BasicBoolTerm>
<LocList>
<Loc EndOffset="740" SrcFileId="1" StartOffset="738"/>
</LocList>
</OpTerm>
<BasicBoolTerm Intrnl_Id="44">
<LocList>
<Loc EndOffset="805" SrcFileId="1" StartOffset="774"/>
</LocList>
</BasicBoolTerm>
<LocList>
<Loc EndOffset="773" SrcFileId="1" StartOffset="771"/>
</LocList>
</OpTerm>
<BasicBoolTerm Intrnl_Id="45">
<LocList>
<Loc EndOffset="841" SrcFileId="1" StartOffset="809"/>
</LocList>
</BasicBoolTerm>
<LocList>
<Loc EndOffset="808" SrcFileId="1" StartOffset="806"/>
</LocList>
</OpTerm>
</RootTerm>
</CondStmnt>
<BasicStmnt CovItemId="S9" CovItemPrefix="Value.java" Intrnl_Id="46">
<LocList>
<Loc EndOffset="886" SrcFileId="1" StartOffset="873"/>
</LocList>
</BasicStmnt>
</StmntSeq>
</HierarchyLvl>
<HierarchyLvl HierarchyLvlId="473" HierarchyLvlTypeId="5" Intrnl_Id="47" Name="isDrink">
<Header>
<Loc EndOffset="940" SrcFileId="1" StartOffset="916"/>
</Header>
<LocList>
<Loc EndOffset="1037" SrcFileId="1" StartOffset="916"/>
</LocList>
<StmntSeq Intrnl_Id="48">
<LocList>
<Loc EndOffset="1013" SrcFileId="1" StartOffset="951"/>
<Loc EndOffset="1030" SrcFileId="1" StartOffset="1017"/>
</LocList>
<CondStmnt CovItemId="S10" CovItemPrefix="Value.java" Intrnl_Id="49">
<Branch CovItemId="B5" CovItemPrefix="Value.java" Implct="false" Intrnl_Id="50">
<Cond/>
<LocList>
<Loc EndOffset="1013" SrcFileId="1" StartOffset="990"/>
</LocList>
<StmntSeq Intrnl_Id="51">
<LocList>
<Loc EndOffset="1008" SrcFileId="1" StartOffset="996"/>
</LocList>
<BasicStmnt CovItemId="S11" CovItemPrefix="Value.java" Intrnl_Id="52">
<LocList>
<Loc EndOffset="1008" SrcFileId="1" StartOffset="996"/>
</LocList>
</BasicStmnt>
</StmntSeq>
</Branch>
<Branch CovItemId="B6" CovItemPrefix="Value.java" Implct="true" Intrnl_Id="53">
<Cond/>
<LocList/>
<StmntSeq Intrnl_Id="54">
<LocList/>
</StmntSeq>
</Branch>
<Keyword EndOffset="953" SrcFileId="1" StartOffset="951"/>
<LocList>
<Loc EndOffset="1013" SrcFileId="1" StartOffset="951"/>
</LocList>
<RootTerm CovItemId="C3" CovItemPrefix="Value.java" Intrnl_Id="55">
<BasicBoolTerm Intrnl_Id="56">
<LocList>
<Loc EndOffset="985" SrcFileId="1" StartOffset="954"/>
</LocList>
</BasicBoolTerm>
</RootTerm>
</CondStmnt>
<BasicStmnt CovItemId="S12" CovItemPrefix="Value.java" Intrnl_Id="57">
<LocList>
<Loc EndOffset="1030" SrcFileId="1" StartOffset="1017"/>
</LocList>
</BasicStmnt>
</StmntSeq>
</HierarchyLvl>
<HierarchyLvl HierarchyLvlId="474" HierarchyLvlTypeId="5" Intrnl_Id="58" Name="isNumeric">
<Header>
<Loc EndOffset="1075" SrcFileId="1" StartOffset="1049"/>
</Header>
<LocList>
<Loc EndOffset="1256" SrcFileId="1" StartOffset="1049"/>
</LocList>
<StmntSeq Intrnl_Id="59">
<LocList>
<Loc EndOffset="1229" SrcFileId="1" StartOffset="1089"/>
<Loc EndOffset="1249" SrcFileId="1" StartOffset="1236"/>
</LocList>
<CondStmnt CovItemId="S13" CovItemPrefix="Value.java" Intrnl_Id="60">
<Branch CovItemId="B7" CovItemPrefix="Value.java" Implct="false" Intrnl_Id="61">
<Cond/>
<LocList>
<Loc EndOffset="1229" SrcFileId="1" StartOffset="1200"/>
</LocList>
<StmntSeq Intrnl_Id="62">
<LocList>
<Loc EndOffset="1221" SrcFileId="1" StartOffset="1209"/>
</LocList>
<BasicStmnt CovItemId="S14" CovItemPrefix="Value.java" Intrnl_Id="63">
<LocList>
<Loc EndOffset="1221" SrcFileId="1" StartOffset="1209"/>
</LocList>
</BasicStmnt>
</StmntSeq>
</Branch>
<Branch CovItemId="B8" CovItemPrefix="Value.java" Implct="true" Intrnl_Id="64">
<Cond/>
<LocList/>
<StmntSeq Intrnl_Id="65">
<LocList/>
</StmntSeq>
</Branch>
<Keyword EndOffset="1091" SrcFileId="1" StartOffset="1089"/>
<LocList>
<Loc EndOffset="1229" SrcFileId="1" StartOffset="1089"/>
</LocList>
<RootTerm CovItemId="C4" CovItemPrefix="Value.java" Intrnl_Id="66">
<OpTerm BooleanOpId="3" Intrnl_Id="67">
<OpTerm BooleanOpId="3" Intrnl_Id="68">
<OpTerm BooleanOpId="3" Intrnl_Id="69">
<BasicBoolTerm Intrnl_Id="70">
<LocList>
<Loc EndOffset="1104" SrcFileId="1" StartOffset="1092"/>
</LocList>
</BasicBoolTerm>
<BasicBoolTerm Intrnl_Id="71">
<LocList>
<Loc EndOffset="1123" SrcFileId="1" StartOffset="1108"/>
</LocList>
</BasicBoolTerm>
<LocList>
<Loc EndOffset="1107" SrcFileId="1" StartOffset="1105"/>
</LocList>
</OpTerm>
<BasicBoolTerm Intrnl_Id="72">
<LocList>
<Loc EndOffset="1156" SrcFileId="1" StartOffset="1127"/>
</LocList>
</BasicBoolTerm>
<LocList>
<Loc EndOffset="1126" SrcFileId="1" StartOffset="1124"/>
</LocList>
</OpTerm>
<BasicBoolTerm Intrnl_Id="73">
<LocList>
<Loc EndOffset="1192" SrcFileId="1" StartOffset="1160"/>
</LocList>
</BasicBoolTerm>
<LocList>
<Loc EndOffset="1159" SrcFileId="1" StartOffset="1157"/>
</LocList>
</OpTerm>
</RootTerm>
</CondStmnt>
<BasicStmnt CovItemId="S15" CovItemPrefix="Value.java" Intrnl_Id="74">
<LocList>
<Loc EndOffset="1249" SrcFileId="1" StartOffset="1236"/>
</LocList>
</BasicStmnt>
</StmntSeq>
</HierarchyLvl>
<HierarchyLvl HierarchyLvlId="475" HierarchyLvlTypeId="5" Intrnl_Id="75" Name="isNumericExpression">
<Header>
<Loc EndOffset="1304" SrcFileId="1" StartOffset="1268"/>
</Header>
<LocList>
<Loc EndOffset="1776" SrcFileId="1" StartOffset="1268"/>
</LocList>
<StmntSeq Intrnl_Id="76">
<LocList>
<Loc EndOffset="1363" SrcFileId="1" StartOffset="1323"/>
<Loc EndOffset="1482" SrcFileId="1" StartOffset="1377"/>
<Loc EndOffset="1601" SrcFileId="1" StartOffset="1496"/>
<Loc EndOffset="1749" SrcFileId="1" StartOffset="1615"/>
<Loc EndOffset="1769" SrcFileId="1" StartOffset="1756"/>
</LocList>
<BasicStmnt CovItemId="S16" CovItemPrefix="Value.java" Intrnl_Id="77">
<LocList>
<Loc EndOffset="1363" SrcFileId="1" StartOffset="1323"/>
</LocList>
</BasicStmnt>
<CondStmnt CovItemId="S17" CovItemPrefix="Value.java" Intrnl_Id="78">
<Branch CovItemId="B9" CovItemPrefix="Value.java" Implct="false" Intrnl_Id="79">
<Cond/>
<LocList>
<Loc EndOffset="1482" SrcFileId="1" StartOffset="1416"/>
</LocList>
<StmntSeq Intrnl_Id="80">
<LocList>
<Loc EndOffset="1474" SrcFileId="1" StartOffset="1425"/>
</LocList>
<BasicStmnt CovItemId="S18" CovItemPrefix="Value.java" Intrnl_Id="81">
<LocList>
<Loc EndOffset="1474" SrcFileId="1" StartOffset="1425"/>
</LocList>
</BasicStmnt>
</StmntSeq>
</Branch>
<Branch CovItemId="B10" CovItemPrefix="Value.java" Implct="true" Intrnl_Id="82">
<Cond/>
<LocList/>
<StmntSeq Intrnl_Id="83">
<LocList/>
</StmntSeq>
</Branch>
<Keyword EndOffset="1379" SrcFileId="1" StartOffset="1377"/>
<LocList>
<Loc EndOffset="1482" SrcFileId="1" StartOffset="1377"/>
</LocList>
<RootTerm CovItemId="C5" CovItemPrefix="Value.java" Intrnl_Id="84">
<BasicBoolTerm Intrnl_Id="85">
<LocList>
<Loc EndOffset="1408" SrcFileId="1" StartOffset="1380"/>
</LocList>
</BasicBoolTerm>
</RootTerm>
</CondStmnt>
<CondStmnt CovItemId="S19" CovItemPrefix="Value.java" Intrnl_Id="86">
<Branch CovItemId="B11" CovItemPrefix="Value.java" Implct="false" Intrnl_Id="87">
<Cond/>
<LocList>
<Loc EndOffset="1601" SrcFileId="1" StartOffset="1535"/>
</LocList>
<StmntSeq Intrnl_Id="88">
<LocList>
<Loc EndOffset="1593" SrcFileId="1" StartOffset="1544"/>
</LocList>
<BasicStmnt CovItemId="S20" CovItemPrefix="Value.java" Intrnl_Id="89">
<LocList>
<Loc EndOffset="1593" SrcFileId="1" StartOffset="1544"/>
</LocList>
</BasicStmnt>
</StmntSeq>
</Branch>
<Branch CovItemId="B12" CovItemPrefix="Value.java" Implct="true" Intrnl_Id="90">
<Cond/>
<LocList/>
<StmntSeq Intrnl_Id="91">
<LocList/>
</StmntSeq>
</Branch>
<Keyword EndOffset="1498" SrcFileId="1" StartOffset="1496"/>
<LocList>
<Loc EndOffset="1601" SrcFileId="1" StartOffset="1496"/>
</LocList>
<RootTerm CovItemId="C6" CovItemPrefix="Value.java" Intrnl_Id="92">
<BasicBoolTerm Intrnl_Id="93">
<LocList>
<Loc EndOffset="1527" SrcFileId="1" StartOffset="1499"/>
</LocList>
</BasicBoolTerm>
</RootTerm>
</CondStmnt>
<CondStmnt CovItemId="S21" CovItemPrefix="Value.java" Intrnl_Id="94">
<Branch CovItemId="B13" CovItemPrefix="Value.java" Implct="false" Intrnl_Id="95">
<Cond/>
<LocList>
<Loc EndOffset="1749" SrcFileId="1" StartOffset="1720"/>
</LocList>
<StmntSeq Intrnl_Id="96">
<LocList>
<Loc EndOffset="1741" SrcFileId="1" StartOffset="1729"/>
</LocList>
<BasicStmnt CovItemId="S22" CovItemPrefix="Value.java" Intrnl_Id="97">
<LocList>
<Loc EndOffset="1741" SrcFileId="1" StartOffset="1729"/>
</LocList>
</BasicStmnt>
</StmntSeq>
</Branch>
<Branch CovItemId="B14" CovItemPrefix="Value.java" Implct="true" Intrnl_Id="98">
<Cond/>
<LocList/>
<StmntSeq Intrnl_Id="99">
<LocList/>
</StmntSeq>
</Branch>
<Keyword EndOffset="1617" SrcFileId="1" StartOffset="1615"/>
<LocList>
<Loc EndOffset="1749" SrcFileId="1" StartOffset="1615"/>
</LocList>
<RootTerm CovItemId="C7" CovItemPrefix="Value.java" Intrnl_Id="100">
<BasicBoolTerm Intrnl_Id="101">
<LocList>
<Loc EndOffset="1712" SrcFileId="1" StartOffset="1618"/>
</LocList>
</BasicBoolTerm>
</RootTerm>
</CondStmnt>
<BasicStmnt CovItemId="S23" CovItemPrefix="Value.java" Intrnl_Id="102">
<LocList>
<Loc EndOffset="1769" SrcFileId="1" StartOffset="1756"/>
</LocList>
</BasicStmnt>
</StmntSeq>
</HierarchyLvl>
<HierarchyLvl HierarchyLvlId="476" HierarchyLvlTypeId="5" Intrnl_Id="103" Name="isChar">
<Header>
<Loc EndOffset="1811" SrcFileId="1" StartOffset="1788"/>
</Header>
<LocList>
<Loc EndOffset="2019" SrcFileId="1" StartOffset="1788"/>
</LocList>
<StmntSeq Intrnl_Id="104">
<LocList>
<Loc EndOffset="1996" SrcFileId="1" StartOffset="1822"/>
<Loc EndOffset="2012" SrcFileId="1" StartOffset="2000"/>
</LocList>
<CondStmnt CovItemId="S24" CovItemPrefix="Value.java" Intrnl_Id="105">
<Branch CovItemId="B15" CovItemPrefix="Value.java" Implct="false" Intrnl_Id="106">
<Cond/>
<LocList>
<Loc EndOffset="1996" SrcFileId="1" StartOffset="1972"/>
</LocList>
<StmntSeq Intrnl_Id="107">
<LocList>
<Loc EndOffset="1991" SrcFileId="1" StartOffset="1978"/>
</LocList>
<BasicStmnt CovItemId="S25" CovItemPrefix="Value.java" Intrnl_Id="108">
<LocList>
<Loc EndOffset="1991" SrcFileId="1" StartOffset="1978"/>
</LocList>
</BasicStmnt>
</StmntSeq>
</Branch>
<Branch CovItemId="B16" CovItemPrefix="Value.java" Implct="true" Intrnl_Id="109">
<Cond/>
<LocList/>
<StmntSeq Intrnl_Id="110">
<LocList/>
</StmntSeq>
</Branch>
<Keyword EndOffset="1824" SrcFileId="1" StartOffset="1822"/>
<LocList>
<Loc EndOffset="1996" SrcFileId="1" StartOffset="1822"/>
</LocList>
<RootTerm CovItemId="C8" CovItemPrefix="Value.java" Intrnl_Id="111">
<OpTerm BooleanOpId="3" Intrnl_Id="112">
<OpTerm BooleanOpId="3" Intrnl_Id="113">
<BasicBoolTerm Intrnl_Id="114">
<LocList>
<Loc EndOffset="1854" SrcFileId="1" StartOffset="1825"/>
</LocList>
</BasicBoolTerm>
<BasicBoolTerm Intrnl_Id="115">
<LocList>
<Loc EndOffset="1898" SrcFileId="1" StartOffset="1865"/>
</LocList>
</BasicBoolTerm>
<LocList>
<Loc EndOffset="1857" SrcFileId="1" StartOffset="1855"/>
</LocList>
</OpTerm>
<BasicBoolTerm Intrnl_Id="116">
<LocList>
<Loc EndOffset="1967" SrcFileId="1" StartOffset="1909"/>
</LocList>
</BasicBoolTerm>
<LocList>
<Loc EndOffset="1901" SrcFileId="1" StartOffset="1899"/>
</LocList>
</OpTerm>
</RootTerm>
</CondStmnt>
<BasicStmnt CovItemId="S26" CovItemPrefix="Value.java" Intrnl_Id="117">
<LocList>
<Loc EndOffset="2012" SrcFileId="1" StartOffset="2000"/>
</LocList>
</BasicStmnt>
</StmntSeq>
</HierarchyLvl>
<HierarchyLvl HierarchyLvlId="477" HierarchyLvlTypeId="5" Intrnl_Id="118" Name="isString">
<Header>
<Loc EndOffset="2056" SrcFileId="1" StartOffset="2031"/>
</Header>
<LocList>
<Loc EndOffset="2298" SrcFileId="1" StartOffset="2031"/>
</LocList>
<StmntSeq Intrnl_Id="119">
<LocList>
<Loc EndOffset="2275" SrcFileId="1" StartOffset="2070"/>
<Loc EndOffset="2291" SrcFileId="1" StartOffset="2279"/>
</LocList>
<CondStmnt CovItemId="S27" CovItemPrefix="Value.java" Intrnl_Id="120">
<Branch CovItemId="B17" CovItemPrefix="Value.java" Implct="false" Intrnl_Id="121">
<Cond/>
<LocList>
<Loc EndOffset="2139" SrcFileId="1" StartOffset="2109"/>
</LocList>
<StmntSeq Intrnl_Id="122">
<LocList>
<Loc EndOffset="2131" SrcFileId="1" StartOffset="2118"/>
</LocList>
<BasicStmnt CovItemId="S28" CovItemPrefix="Value.java" Intrnl_Id="123">
<LocList>
<Loc EndOffset="2131" SrcFileId="1" StartOffset="2118"/>
</LocList>
</BasicStmnt>
</StmntSeq>
</Branch>
<Branch CovItemId="B18" CovItemPrefix="Value.java" Implct="false" Intrnl_Id="124">
<Cond>
<Loc EndOffset="2150" SrcFileId="1" StartOffset="2146"/>
</Cond>
<LocList>
<Loc EndOffset="2275" SrcFileId="1" StartOffset="2151"/>
</LocList>
<StmntSeq Intrnl_Id="125">
<LocList>
<Loc EndOffset="2275" SrcFileId="1" StartOffset="2151"/>
</LocList>
<CondStmnt CovItemId="S29" CovItemPrefix="Value.java" Intrnl_Id="126">
<Branch CovItemId="B19" CovItemPrefix="Value.java" Implct="false" Intrnl_Id="127">
<Cond/>
<LocList>
<Loc EndOffset="2275" SrcFileId="1" StartOffset="2251"/>
</LocList>
<StmntSeq Intrnl_Id="128">
<LocList>
<Loc EndOffset="2270" SrcFileId="1" StartOffset="2257"/>
</LocList>
<BasicStmnt CovItemId="S30" CovItemPrefix="Value.java" Intrnl_Id="129">
<LocList>
<Loc EndOffset="2270" SrcFileId="1" StartOffset="2257"/>
</LocList>
</BasicStmnt>
</StmntSeq>
</Branch>
<Branch CovItemId="B20" CovItemPrefix="Value.java" Implct="true" Intrnl_Id="130">
<Cond/>
<LocList/>
<StmntSeq Intrnl_Id="131">
<LocList/>
</StmntSeq>
</Branch>
<Keyword EndOffset="2153" SrcFileId="1" StartOffset="2151"/>
<LocList>
<Loc EndOffset="2275" SrcFileId="1" StartOffset="2151"/>
</LocList>
<RootTerm CovItemId="C10" CovItemPrefix="Value.java" Intrnl_Id="132">
<OpTerm BooleanOpId="3" Intrnl_Id="133">
<BasicBoolTerm Intrnl_Id="134">
<LocList>
<Loc EndOffset="2186" SrcFileId="1" StartOffset="2154"/>
</LocList>
</BasicBoolTerm>
<BasicBoolTerm Intrnl_Id="135">
<LocList>
<Loc EndOffset="2246" SrcFileId="1" StartOffset="2189"/>
</LocList>
</BasicBoolTerm>
<LocList>
<Loc EndOffset="2188" SrcFileId="1" StartOffset="2186"/>
</LocList>
</OpTerm>
</RootTerm>
</CondStmnt>
</StmntSeq>
</Branch>
<Keyword EndOffset="2072" SrcFileId="1" StartOffset="2070"/>
<LocList>
<Loc EndOffset="2275" SrcFileId="1" StartOffset="2070"/>
</LocList>
<RootTerm CovItemId="C9" CovItemPrefix="Value.java" Intrnl_Id="136">
<BasicBoolTerm Intrnl_Id="137">
<LocList>
<Loc EndOffset="2101" SrcFileId="1" StartOffset="2073"/>
</LocList>
</BasicBoolTerm>
</RootTerm>
</CondStmnt>
<BasicStmnt CovItemId="S31" CovItemPrefix="Value.java" Intrnl_Id="138">
<LocList>
<Loc EndOffset="2291" SrcFileId="1" StartOffset="2279"/>
</LocList>
</BasicStmnt>
</StmntSeq>
</HierarchyLvl>
<HierarchyLvl HierarchyLvlId="478" HierarchyLvlTypeId="5" Intrnl_Id="139" Name="isBool">
<Header>
<Loc EndOffset="2333" SrcFileId="1" StartOffset="2310"/>
</Header>
<LocList>
<Loc EndOffset="2479" SrcFileId="1" StartOffset="2310"/>
</LocList>
<StmntSeq Intrnl_Id="140">
<LocList>
<Loc EndOffset="2452" SrcFileId="1" StartOffset="2347"/>
<Loc EndOffset="2472" SrcFileId="1" StartOffset="2459"/>
</LocList>
<CondStmnt CovItemId="S32" CovItemPrefix="Value.java" Intrnl_Id="141">
<Branch CovItemId="B21" CovItemPrefix="Value.java" Implct="false" Intrnl_Id="142">
<Cond/>
<LocList>
<Loc EndOffset="2452" SrcFileId="1" StartOffset="2423"/>
</LocList>
<StmntSeq Intrnl_Id="143">
<LocList>
<Loc EndOffset="2444" SrcFileId="1" StartOffset="2432"/>
</LocList>
<BasicStmnt CovItemId="S33" CovItemPrefix="Value.java" Intrnl_Id="144">
<LocList>
<Loc EndOffset="2444" SrcFileId="1" StartOffset="2432"/>
</LocList>
</BasicStmnt>
</StmntSeq>
</Branch>
<Branch CovItemId="B22" CovItemPrefix="Value.java" Implct="true" Intrnl_Id="145">
<Cond/>
<LocList/>
<StmntSeq Intrnl_Id="146">
<LocList/>
</StmntSeq>
</Branch>
<Keyword EndOffset="2349" SrcFileId="1" StartOffset="2347"/>
<LocList>
<Loc EndOffset="2452" SrcFileId="1" StartOffset="2347"/>
</LocList>
<RootTerm CovItemId="C11" CovItemPrefix="Value.java" Intrnl_Id="147">
<OpTerm BooleanOpId="3" Intrnl_Id="148">
<BasicBoolTerm Intrnl_Id="149">
<LocList>
<Loc EndOffset="2380" SrcFileId="1" StartOffset="2350"/>
</LocList>
</BasicBoolTerm>
<BasicBoolTerm Intrnl_Id="150">
<LocList>
<Loc EndOffset="2415" SrcFileId="1" StartOffset="2384"/>
</LocList>
</BasicBoolTerm>
<LocList>
<Loc EndOffset="2383" SrcFileId="1" StartOffset="2381"/>
</LocList>
</OpTerm>
</RootTerm>
</CondStmnt>
<BasicStmnt CovItemId="S34" CovItemPrefix="Value.java" Intrnl_Id="151">
<LocList>
<Loc EndOffset="2472" SrcFileId="1" StartOffset="2459"/>
</LocList>
</BasicStmnt>
</StmntSeq>
</HierarchyLvl>
<HierarchyLvl HierarchyLvlId="479" HierarchyLvlTypeId="5" Intrnl_Id="152" Name="isContainer">
<Header>
<Loc EndOffset="2519" SrcFileId="1" StartOffset="2491"/>
</Header>
<LocList>
<Loc EndOffset="2692" SrcFileId="1" StartOffset="2491"/>
</LocList>
<StmntSeq Intrnl_Id="153">
<LocList>
<Loc EndOffset="2665" SrcFileId="1" StartOffset="2533"/>
<Loc EndOffset="2685" SrcFileId="1" StartOffset="2672"/>
</LocList>
<CondStmnt CovItemId="S35" CovItemPrefix="Value.java" Intrnl_Id="154">
<Branch CovItemId="B23" CovItemPrefix="Value.java" Implct="false" Intrnl_Id="155">
<Cond/>
<LocList>
<Loc EndOffset="2665" SrcFileId="1" StartOffset="2636"/>
</LocList>
<StmntSeq Intrnl_Id="156">
<LocList>
<Loc EndOffset="2657" SrcFileId="1" StartOffset="2645"/>
</LocList>
<BasicStmnt CovItemId="S36" CovItemPrefix="Value.java" Intrnl_Id="157">
<LocList>
<Loc EndOffset="2657" SrcFileId="1" StartOffset="2645"/>
</LocList>
</BasicStmnt>
</StmntSeq>
</Branch>
<Branch CovItemId="B24" CovItemPrefix="Value.java" Implct="true" Intrnl_Id="158">
<Cond/>
<LocList/>
<StmntSeq Intrnl_Id="159">
<LocList/>
</StmntSeq>
</Branch>
<Keyword EndOffset="2535" SrcFileId="1" StartOffset="2533"/>
<LocList>
<Loc EndOffset="2665" SrcFileId="1" StartOffset="2533"/>
</LocList>
<RootTerm CovItemId="C12" CovItemPrefix="Value.java" Intrnl_Id="160">
<OpTerm BooleanOpId="3" Intrnl_Id="161">
<BasicBoolTerm Intrnl_Id="162">
<LocList>
<Loc EndOffset="2589" SrcFileId="1" StartOffset="2536"/>
</LocList>
</BasicBoolTerm>
<BasicBoolTerm Intrnl_Id="163">
<LocList>
<Loc EndOffset="2628" SrcFileId="1" StartOffset="2593"/>
</LocList>
</BasicBoolTerm>
<LocList>
<Loc EndOffset="2592" SrcFileId="1" StartOffset="2590"/>
</LocList>
</OpTerm>
</RootTerm>
</CondStmnt>
<BasicStmnt CovItemId="S37" CovItemPrefix="Value.java" Intrnl_Id="164">
<LocList>
<Loc EndOffset="2685" SrcFileId="1" StartOffset="2672"/>
</LocList>
</BasicStmnt>
</StmntSeq>
</HierarchyLvl>
<HierarchyLvl HierarchyLvlId="480" HierarchyLvlTypeId="5" Intrnl_Id="165" Name="isSameType">
<Header>
<Loc EndOffset="2740" SrcFileId="1" StartOffset="2704"/>
</Header>
<LocList>
<Loc EndOffset="3328" SrcFileId="1" StartOffset="2704"/>
</LocList>
<StmntSeq Intrnl_Id="166">
<LocList>
<Loc EndOffset="2823" SrcFileId="1" StartOffset="2754"/>
<Loc EndOffset="3294" SrcFileId="1" StartOffset="2830"/>
<Loc EndOffset="3321" SrcFileId="1" StartOffset="3308"/>
</LocList>
<CondStmnt CovItemId="S38" CovItemPrefix="Value.java" Intrnl_Id="167">
<Branch CovItemId="B25" CovItemPrefix="Value.java" Implct="false" Intrnl_Id="168">
<Cond/>
<LocList>
<Loc EndOffset="2823" SrcFileId="1" StartOffset="2794"/>
</LocList>
<StmntSeq Intrnl_Id="169">
<LocList>
<Loc EndOffset="2815" SrcFileId="1" StartOffset="2803"/>
</LocList>
<BasicStmnt CovItemId="S39" CovItemPrefix="Value.java" Intrnl_Id="170">
<LocList>
<Loc EndOffset="2815" SrcFileId="1" StartOffset="2803"/>
</LocList>
</BasicStmnt>
</StmntSeq>
</Branch>
<Branch CovItemId="B26" CovItemPrefix="Value.java" Implct="true" Intrnl_Id="171">
<Cond/>
<LocList/>
<StmntSeq Intrnl_Id="172">
<LocList/>
</StmntSeq>
</Branch>
<Keyword EndOffset="2756" SrcFileId="1" StartOffset="2754"/>
<LocList>
<Loc EndOffset="2823" SrcFileId="1" StartOffset="2754"/>
</LocList>
<RootTerm CovItemId="C13" CovItemPrefix="Value.java" Intrnl_Id="173">
<OpTerm BooleanOpId="2" Intrnl_Id="174">
<BasicBoolTerm Intrnl_Id="175">
<LocList>
<Loc EndOffset="2770" SrcFileId="1" StartOffset="2757"/>
</LocList>
</BasicBoolTerm>
<BasicBoolTerm Intrnl_Id="176">
<LocList>
<Loc EndOffset="2786" SrcFileId="1" StartOffset="2774"/>
</LocList>
</BasicBoolTerm>
<LocList>
<Loc EndOffset="2773" SrcFileId="1" StartOffset="2771"/>
</LocList>
</OpTerm>
</RootTerm>
</CondStmnt>
<CondStmnt CovItemId="S40" CovItemPrefix="Value.java" Intrnl_Id="177">
<Branch CovItemId="B27" CovItemPrefix="Value.java" Implct="false" Intrnl_Id="178">
<Cond/>
<LocList>
<Loc EndOffset="2909" SrcFileId="1" StartOffset="2880"/>
</LocList>
<StmntSeq Intrnl_Id="179">
<LocList>
<Loc EndOffset="2901" SrcFileId="1" StartOffset="2889"/>
</LocList>
<BasicStmnt CovItemId="S41" CovItemPrefix="Value.java" Intrnl_Id="180">
<LocList>
<Loc EndOffset="2901" SrcFileId="1" StartOffset="2889"/>
</LocList>
</BasicStmnt>
</StmntSeq>
</Branch>
<Branch CovItemId="B28" CovItemPrefix="Value.java" Implct="false" Intrnl_Id="181">
<Cond>
<Loc EndOffset="2920" SrcFileId="1" StartOffset="2916"/>
</Cond>
<LocList>
<Loc EndOffset="3294" SrcFileId="1" StartOffset="2921"/>
</LocList>
<StmntSeq Intrnl_Id="182">
<LocList>
<Loc EndOffset="3294" SrcFileId="1" StartOffset="2921"/>
</LocList>
<CondStmnt CovItemId="S42" CovItemPrefix="Value.java" Intrnl_Id="183">
<Branch CovItemId="B29" CovItemPrefix="Value.java" Implct="false" Intrnl_Id="184">
<Cond/>
<LocList>
<Loc EndOffset="2990" SrcFileId="1" StartOffset="2961"/>
</LocList>
<StmntSeq Intrnl_Id="185">
<LocList>
<Loc EndOffset="2982" SrcFileId="1" StartOffset="2970"/>
</LocList>
<BasicStmnt CovItemId="S43" CovItemPrefix="Value.java" Intrnl_Id="186">
<LocList>
<Loc EndOffset="2982" SrcFileId="1" StartOffset="2970"/>
</LocList>
</BasicStmnt>
</StmntSeq>
</Branch>
<Branch CovItemId="B30" CovItemPrefix="Value.java" Implct="false" Intrnl_Id="187">
<Cond>
<Loc EndOffset="3001" SrcFileId="1" StartOffset="2997"/>
</Cond>
<LocList>
<Loc EndOffset="3294" SrcFileId="1" StartOffset="3002"/>
</LocList>
<StmntSeq Intrnl_Id="188">
<LocList>
<Loc EndOffset="3294" SrcFileId="1" StartOffset="3002"/>
</LocList>
<CondStmnt CovItemId="S44" CovItemPrefix="Value.java" Intrnl_Id="189">
<Branch CovItemId="B31" CovItemPrefix="Value.java" Implct="false" Intrnl_Id="190">
<Cond/>
<LocList>
<Loc EndOffset="3126" SrcFileId="1" StartOffset="3097"/>
</LocList>
<StmntSeq Intrnl_Id="191">
<LocList>
<Loc EndOffset="3118" SrcFileId="1" StartOffset="3106"/>
</LocList>
<BasicStmnt CovItemId="S45" CovItemPrefix="Value.java" Intrnl_Id="192">
<LocList>
<Loc EndOffset="3118" SrcFileId="1" StartOffset="3106"/>
</LocList>
</BasicStmnt>
</StmntSeq>
</Branch>
<Branch CovItemId="B32" CovItemPrefix="Value.java" Implct="false" Intrnl_Id="193">
<Cond>
<Loc EndOffset="3137" SrcFileId="1" StartOffset="3133"/>
</Cond>
<LocList>
<Loc EndOffset="3294" SrcFileId="1" StartOffset="3138"/>
</LocList>
<StmntSeq Intrnl_Id="194">
<LocList>
<Loc EndOffset="3294" SrcFileId="1" StartOffset="3138"/>
</LocList>
<CondStmnt CovItemId="S46" CovItemPrefix="Value.java" Intrnl_Id="195">
<Branch CovItemId="B33" CovItemPrefix="Value.java" Implct="false" Intrnl_Id="196">
<Cond/>
<LocList>
<Loc EndOffset="3211" SrcFileId="1" StartOffset="3182"/>
</LocList>
<StmntSeq Intrnl_Id="197">
<LocList>
<Loc EndOffset="3203" SrcFileId="1" StartOffset="3191"/>
</LocList>
<BasicStmnt CovItemId="S47" CovItemPrefix="Value.java" Intrnl_Id="198">
<LocList>
<Loc EndOffset="3203" SrcFileId="1" StartOffset="3191"/>
</LocList>
</BasicStmnt>
</StmntSeq>
</Branch>
<Branch CovItemId="B34" CovItemPrefix="Value.java" Implct="false" Intrnl_Id="199">
<Cond>
<Loc EndOffset="3222" SrcFileId="1" StartOffset="3218"/>
</Cond>
<LocList>
<Loc EndOffset="3294" SrcFileId="1" StartOffset="3223"/>
</LocList>
<StmntSeq Intrnl_Id="200">
<LocList>
<Loc EndOffset="3294" SrcFileId="1" StartOffset="3223"/>
</LocList>
<CondStmnt CovItemId="S48" CovItemPrefix="Value.java" Intrnl_Id="201">
<Branch CovItemId="B35" CovItemPrefix="Value.java" Implct="false" Intrnl_Id="202">
<Cond/>
<LocList>
<Loc EndOffset="3294" SrcFileId="1" StartOffset="3265"/>
</LocList>
<StmntSeq Intrnl_Id="203">
<LocList>
<Loc EndOffset="3286" SrcFileId="1" StartOffset="3274"/>
</LocList>
<BasicStmnt CovItemId="S49" CovItemPrefix="Value.java" Intrnl_Id="204">
<LocList>
<Loc EndOffset="3286" SrcFileId="1" StartOffset="3274"/>
</LocList>
</BasicStmnt>
</StmntSeq>
</Branch>
<Branch CovItemId="B36" CovItemPrefix="Value.java" Implct="true" Intrnl_Id="205">
<Cond/>
<LocList/>
<StmntSeq Intrnl_Id="206">
<LocList/>
</StmntSeq>
</Branch>
<Keyword EndOffset="3225" SrcFileId="1" StartOffset="3223"/>
<LocList>
<Loc EndOffset="3294" SrcFileId="1" StartOffset="3223"/>
</LocList>
<RootTerm CovItemId="C18" CovItemPrefix="Value.java" Intrnl_Id="207">
<OpTerm BooleanOpId="2" Intrnl_Id="208">
<BasicBoolTerm Intrnl_Id="209">
<LocList>
<Loc EndOffset="3240" SrcFileId="1" StartOffset="3226"/>
</LocList>
</BasicBoolTerm>
<BasicBoolTerm Intrnl_Id="210">
<LocList>
<Loc EndOffset="3257" SrcFileId="1" StartOffset="3244"/>
</LocList>
</BasicBoolTerm>
<LocList>
<Loc EndOffset="3243" SrcFileId="1" StartOffset="3241"/>
</LocList>
</OpTerm>
</RootTerm>
</CondStmnt>
</StmntSeq>
</Branch>
<Keyword EndOffset="3140" SrcFileId="1" StartOffset="3138"/>
<LocList>
<Loc EndOffset="3294" SrcFileId="1" StartOffset="3138"/>
</LocList>
<RootTerm CovItemId="C17" CovItemPrefix="Value.java" Intrnl_Id="211">
<OpTerm BooleanOpId="2" Intrnl_Id="212">
<BasicBoolTerm Intrnl_Id="213">
<LocList>
<Loc EndOffset="3156" SrcFileId="1" StartOffset="3141"/>
</LocList>
</BasicBoolTerm>
<BasicBoolTerm Intrnl_Id="214">
<LocList>
<Loc EndOffset="3174" SrcFileId="1" StartOffset="3160"/>
</LocList>
</BasicBoolTerm>
<LocList>
<Loc EndOffset="3159" SrcFileId="1" StartOffset="3157"/>
</LocList>
</OpTerm>
</RootTerm>
</CondStmnt>
</StmntSeq>
</Branch>
<Keyword EndOffset="3004" SrcFileId="1" StartOffset="3002"/>
<LocList>
<Loc EndOffset="3294" SrcFileId="1" StartOffset="3002"/>
</LocList>
<RootTerm CovItemId="C16" CovItemPrefix="Value.java" Intrnl_Id="215">
<OpTerm BooleanOpId="3" Intrnl_Id="216">
<OpTerm BooleanOpId="2" Intrnl_Id="217">
<BasicBoolTerm Intrnl_Id="218">
<LocList>
<Loc EndOffset="3021" SrcFileId="1" StartOffset="3005"/>
</LocList>
</BasicBoolTerm>
<BasicBoolTerm Intrnl_Id="219">
<LocList>
<Loc EndOffset="3040" SrcFileId="1" StartOffset="3025"/>
</LocList>
</BasicBoolTerm>
<LocList>
<Loc EndOffset="3024" SrcFileId="1" StartOffset="3022"/>
</LocList>
</OpTerm>
<OpTerm BooleanOpId="2" Intrnl_Id="220">
<BasicBoolTerm Intrnl_Id="221">
<LocList>
<Loc EndOffset="3060" SrcFileId="1" StartOffset="3044"/>
</LocList>
</BasicBoolTerm>
<BasicBoolTerm Intrnl_Id="222">
<LocList>
<Loc EndOffset="3089" SrcFileId="1" StartOffset="3064"/>
</LocList>
</BasicBoolTerm>
<LocList>
<Loc EndOffset="3063" SrcFileId="1" StartOffset="3061"/>
</LocList>
</OpTerm>
<LocList>
<Loc EndOffset="3043" SrcFileId="1" StartOffset="3041"/>
</LocList>
</OpTerm>
</RootTerm>
</CondStmnt>
</StmntSeq>
</Branch>
<Keyword EndOffset="2923" SrcFileId="1" StartOffset="2921"/>
<LocList>
<Loc EndOffset="3294" SrcFileId="1" StartOffset="2921"/>
</LocList>
<RootTerm CovItemId="C15" CovItemPrefix="Value.java" Intrnl_Id="223">
<OpTerm BooleanOpId="2" Intrnl_Id="224">
<BasicBoolTerm Intrnl_Id="225">
<LocList>
<Loc EndOffset="2937" SrcFileId="1" StartOffset="2924"/>
</LocList>
</BasicBoolTerm>
<BasicBoolTerm Intrnl_Id="226">
<LocList>
<Loc EndOffset="2953" SrcFileId="1" StartOffset="2941"/>
</LocList>
</BasicBoolTerm>
<LocList>
<Loc EndOffset="2940" SrcFileId="1" StartOffset="2938"/>
</LocList>
</OpTerm>
</RootTerm>
</CondStmnt>
</StmntSeq>
</Branch>
<Keyword EndOffset="2832" SrcFileId="1" StartOffset="2830"/>
<LocList>
<Loc EndOffset="3294" SrcFileId="1" StartOffset="2830"/>
</LocList>
<RootTerm CovItemId="C14" CovItemPrefix="Value.java" Intrnl_Id="227">
<OpTerm BooleanOpId="2" Intrnl_Id="228">
<BasicBoolTerm Intrnl_Id="229">
<LocList>
<Loc EndOffset="2851" SrcFileId="1" StartOffset="2833"/>
</LocList>
</BasicBoolTerm>
<BasicBoolTerm Intrnl_Id="230">
<LocList>
<Loc EndOffset="2872" SrcFileId="1" StartOffset="2855"/>
</LocList>
</BasicBoolTerm>
<LocList>
<Loc EndOffset="2854" SrcFileId="1" StartOffset="2852"/>
</LocList>
</OpTerm>
</RootTerm>
</CondStmnt>
<BasicStmnt CovItemId="S50" CovItemPrefix="Value.java" Intrnl_Id="231">
<LocList>
<Loc EndOffset="3321" SrcFileId="1" StartOffset="3308"/>
</LocList>
</BasicStmnt>
</StmntSeq>
</HierarchyLvl>
<HierarchyLvl HierarchyLvlId="481" HierarchyLvlTypeId="5" Intrnl_Id="232" Name="GetType">
<Header>
<Loc EndOffset="3363" SrcFileId="1" StartOffset="3340"/>
</Header>
<LocList>
<Loc EndOffset="4135" SrcFileId="1" StartOffset="3340"/>
</LocList>
<StmntSeq Intrnl_Id="233">
<LocList>
<Loc EndOffset="4128" SrcFileId="1" StartOffset="3377"/>
</LocList>
<CondStmnt CovItemId="S51" CovItemPrefix="Value.java" Intrnl_Id="234">
<Branch CovItemId="B37" CovItemPrefix="Value.java" Implct="false" Intrnl_Id="235">
<Cond/>
<LocList>
<Loc EndOffset="3466" SrcFileId="1" StartOffset="3435"/>
</LocList>
<StmntSeq Intrnl_Id="236">
<LocList>
<Loc EndOffset="3458" SrcFileId="1" StartOffset="3444"/>
</LocList>
<BasicStmnt CovItemId="S52" CovItemPrefix="Value.java" Intrnl_Id="237">
<LocList>
<Loc EndOffset="3458" SrcFileId="1" StartOffset="3444"/>
</LocList>
</BasicStmnt>
</StmntSeq>
</Branch>
<Branch CovItemId="B38" CovItemPrefix="Value.java" Implct="false" Intrnl_Id="238">
<Cond>
<Loc EndOffset="3477" SrcFileId="1" StartOffset="3473"/>
</Cond>
<LocList>
<Loc EndOffset="4128" SrcFileId="1" StartOffset="3478"/>
</LocList>
<StmntSeq Intrnl_Id="239">
<LocList>
<Loc EndOffset="4128" SrcFileId="1" StartOffset="3478"/>
</LocList>
<CondStmnt CovItemId="S53" CovItemPrefix="Value.java" Intrnl_Id="240">
<Branch CovItemId="B39" CovItemPrefix="Value.java" Implct="false" Intrnl_Id="241">
<Cond/>
<LocList>
<Loc EndOffset="3582" SrcFileId="1" StartOffset="3546"/>
</LocList>
<StmntSeq Intrnl_Id="242">
<LocList>
<Loc EndOffset="3574" SrcFileId="1" StartOffset="3555"/>
</LocList>
<BasicStmnt CovItemId="S54" CovItemPrefix="Value.java" Intrnl_Id="243">
<LocList>
<Loc EndOffset="3574" SrcFileId="1" StartOffset="3555"/>
</LocList>
</BasicStmnt>
</StmntSeq>
</Branch>
<Branch CovItemId="B40" CovItemPrefix="Value.java" Implct="false" Intrnl_Id="244">
<Cond>
<Loc EndOffset="3593" SrcFileId="1" StartOffset="3589"/>
</Cond>
<LocList>
<Loc EndOffset="4128" SrcFileId="1" StartOffset="3594"/>
</LocList>
<StmntSeq Intrnl_Id="245">
<LocList>
<Loc EndOffset="4128" SrcFileId="1" StartOffset="3594"/>
</LocList>
<CondStmnt CovItemId="S55" CovItemPrefix="Value.java" Intrnl_Id="246">
<Branch CovItemId="B41" CovItemPrefix="Value.java" Implct="false" Intrnl_Id="247">
<Cond/>
<LocList>
<Loc EndOffset="3680" SrcFileId="1" StartOffset="3650"/>
</LocList>
<StmntSeq Intrnl_Id="248">
<LocList>
<Loc EndOffset="3672" SrcFileId="1" StartOffset="3659"/>
</LocList>
<BasicStmnt CovItemId="S56" CovItemPrefix="Value.java" Intrnl_Id="249">
<LocList>
<Loc EndOffset="3672" SrcFileId="1" StartOffset="3659"/>
</LocList>
</BasicStmnt>
</StmntSeq>
</Branch>
<Branch CovItemId="B42" CovItemPrefix="Value.java" Implct="false" Intrnl_Id="250">
<Cond>
<Loc EndOffset="3691" SrcFileId="1" StartOffset="3687"/>
</Cond>
<LocList>
<Loc EndOffset="4128" SrcFileId="1" StartOffset="3692"/>
</LocList>
<StmntSeq Intrnl_Id="251">
<LocList>
<Loc EndOffset="4128" SrcFileId="1" StartOffset="3692"/>
</LocList>
<CondStmnt CovItemId="S57" CovItemPrefix="Value.java" Intrnl_Id="252">
<Branch CovItemId="B43" CovItemPrefix="Value.java" Implct="false" Intrnl_Id="253">
<Cond/>
<LocList>
<Loc EndOffset="3787" SrcFileId="1" StartOffset="3754"/>
</LocList>
<StmntSeq Intrnl_Id="254">
<LocList>
<Loc EndOffset="3779" SrcFileId="1" StartOffset="3763"/>
</LocList>
<BasicStmnt CovItemId="S58" CovItemPrefix="Value.java" Intrnl_Id="255">
<LocList>
<Loc EndOffset="3779" SrcFileId="1" StartOffset="3763"/>
</LocList>
</BasicStmnt>
</StmntSeq>
</Branch>
<Branch CovItemId="B44" CovItemPrefix="Value.java" Implct="false" Intrnl_Id="256">
<Cond>
<Loc EndOffset="3798" SrcFileId="1" StartOffset="3794"/>
</Cond>
<LocList>
<Loc EndOffset="4128" SrcFileId="1" StartOffset="3799"/>
</LocList>
<StmntSeq Intrnl_Id="257">
<LocList>
<Loc EndOffset="4128" SrcFileId="1" StartOffset="3799"/>
</LocList>
<CondStmnt CovItemId="S59" CovItemPrefix="Value.java" Intrnl_Id="258">
<Branch CovItemId="B45" CovItemPrefix="Value.java" Implct="false" Intrnl_Id="259">
<Cond/>
<LocList>
<Loc EndOffset="3888" SrcFileId="1" StartOffset="3857"/>
</LocList>
<StmntSeq Intrnl_Id="260">
<LocList>
<Loc EndOffset="3880" SrcFileId="1" StartOffset="3866"/>
</LocList>
<BasicStmnt CovItemId="S60" CovItemPrefix="Value.java" Intrnl_Id="261">
<LocList>
<Loc EndOffset="3880" SrcFileId="1" StartOffset="3866"/>
</LocList>
</BasicStmnt>
</StmntSeq>
</Branch>
<Branch CovItemId="B46" CovItemPrefix="Value.java" Implct="false" Intrnl_Id="262">
<Cond>
<Loc EndOffset="3899" SrcFileId="1" StartOffset="3895"/>
</Cond>
<LocList>
<Loc EndOffset="4128" SrcFileId="1" StartOffset="3900"/>
</LocList>
<StmntSeq Intrnl_Id="263">
<LocList>
<Loc EndOffset="4128" SrcFileId="1" StartOffset="3900"/>
</LocList>
<CondStmnt CovItemId="S61" CovItemPrefix="Value.java" Intrnl_Id="264">
<Branch CovItemId="B47" CovItemPrefix="Value.java" Implct="false" Intrnl_Id="265">
<Cond/>
<LocList>
<Loc EndOffset="3995" SrcFileId="1" StartOffset="3962"/>
</LocList>
<StmntSeq Intrnl_Id="266">
<LocList>
<Loc EndOffset="3987" SrcFileId="1" StartOffset="3971"/>
</LocList>
<BasicStmnt CovItemId="S62" CovItemPrefix="Value.java" Intrnl_Id="267">
<LocList>
<Loc EndOffset="3987" SrcFileId="1" StartOffset="3971"/>
</LocList>
</BasicStmnt>
</StmntSeq>
</Branch>
<Branch CovItemId="B48" CovItemPrefix="Value.java" Implct="false" Intrnl_Id="268">
<Cond>
<Loc EndOffset="4006" SrcFileId="1" StartOffset="4002"/>
</Cond>
<LocList>
<Loc EndOffset="4128" SrcFileId="1" StartOffset="4007"/>
</LocList>
<StmntSeq Intrnl_Id="269">
<LocList>
<Loc EndOffset="4128" SrcFileId="1" StartOffset="4007"/>
</LocList>
<CondStmnt CovItemId="S63" CovItemPrefix="Value.java" Intrnl_Id="270">
<Branch CovItemId="B49" CovItemPrefix="Value.java" Implct="false" Intrnl_Id="271">
<Cond/>
<LocList>
<Loc EndOffset="4081" SrcFileId="1" StartOffset="4049"/>
</LocList>
<StmntSeq Intrnl_Id="272">
<LocList>
<Loc EndOffset="4073" SrcFileId="1" StartOffset="4058"/>
</LocList>
<BasicStmnt CovItemId="S64" CovItemPrefix="Value.java" Intrnl_Id="273">
<LocList>
<Loc EndOffset="4073" SrcFileId="1" StartOffset="4058"/>
</LocList>
</BasicStmnt>
</StmntSeq>
</Branch>
<Branch CovItemId="B50" CovItemPrefix="Value.java" Implct="false" Intrnl_Id="274">
<Cond>
<Loc EndOffset="4092" SrcFileId="1" StartOffset="4088"/>
</Cond>
<LocList>
<Loc EndOffset="4128" SrcFileId="1" StartOffset="4099"/>
</LocList>
<StmntSeq Intrnl_Id="275">
<LocList>
<Loc EndOffset="4120" SrcFileId="1" StartOffset="4108"/>
</LocList>
<BasicStmnt CovItemId="S65" CovItemPrefix="Value.java" Intrnl_Id="276">
<LocList>
<Loc EndOffset="4120" SrcFileId="1" StartOffset="4108"/>
</LocList>
</BasicStmnt>
</StmntSeq>
</Branch>
<Keyword EndOffset="4009" SrcFileId="1" StartOffset="4007"/>
<LocList>
<Loc EndOffset="4128" SrcFileId="1" StartOffset="4007"/>
</LocList>
<RootTerm CovItemId="C25" CovItemPrefix="Value.java" Intrnl_Id="277">
<BasicBoolTerm Intrnl_Id="278">
<LocList>
<Loc EndOffset="4041" SrcFileId="1" StartOffset="4010"/>
</LocList>
</BasicBoolTerm>
</RootTerm>
</CondStmnt>
</StmntSeq>
</Branch>
<Keyword EndOffset="3902" SrcFileId="1" StartOffset="3900"/>
<LocList>
<Loc EndOffset="4128" SrcFileId="1" StartOffset="3900"/>
</LocList>
<RootTerm CovItemId="C24" CovItemPrefix="Value.java" Intrnl_Id="279">
<OpTerm BooleanOpId="3" Intrnl_Id="280">
<BasicBoolTerm Intrnl_Id="281">
<LocList>
<Loc EndOffset="3918" SrcFileId="1" StartOffset="3903"/>
</LocList>
</BasicBoolTerm>
<BasicBoolTerm Intrnl_Id="282">
<LocList>
<Loc EndOffset="3954" SrcFileId="1" StartOffset="3922"/>
</LocList>
</BasicBoolTerm>
<LocList>
<Loc EndOffset="3921" SrcFileId="1" StartOffset="3919"/>
</LocList>
</OpTerm>
</RootTerm>
</CondStmnt>
</StmntSeq>
</Branch>
<Keyword EndOffset="3801" SrcFileId="1" StartOffset="3799"/>
<LocList>
<Loc EndOffset="4128" SrcFileId="1" StartOffset="3799"/>
</LocList>
<RootTerm CovItemId="C23" CovItemPrefix="Value.java" Intrnl_Id="283">
<OpTerm BooleanOpId="3" Intrnl_Id="284">
<BasicBoolTerm Intrnl_Id="285">
<LocList>
<Loc EndOffset="3815" SrcFileId="1" StartOffset="3802"/>
</LocList>
</BasicBoolTerm>
<BasicBoolTerm Intrnl_Id="286">
<LocList>
<Loc EndOffset="3849" SrcFileId="1" StartOffset="3819"/>
</LocList>
</BasicBoolTerm>
<LocList>
<Loc EndOffset="3818" SrcFileId="1" StartOffset="3816"/>
</LocList>
</OpTerm>
</RootTerm>
</CondStmnt>
</StmntSeq>
</Branch>
<Keyword EndOffset="3694" SrcFileId="1" StartOffset="3692"/>
<LocList>
<Loc EndOffset="4128" SrcFileId="1" StartOffset="3692"/>
</LocList>
<RootTerm CovItemId="C22" CovItemPrefix="Value.java" Intrnl_Id="287">
<OpTerm BooleanOpId="3" Intrnl_Id="288">
<BasicBoolTerm Intrnl_Id="289">
<LocList>
<Loc EndOffset="3710" SrcFileId="1" StartOffset="3695"/>
</LocList>
</BasicBoolTerm>
<BasicBoolTerm Intrnl_Id="290">
<LocList>
<Loc EndOffset="3746" SrcFileId="1" StartOffset="3714"/>
</LocList>
</BasicBoolTerm>
<LocList>
<Loc EndOffset="3713" SrcFileId="1" StartOffset="3711"/>
</LocList>
</OpTerm>
</RootTerm>
</CondStmnt>
</StmntSeq>
</Branch>
<Keyword EndOffset="3596" SrcFileId="1" StartOffset="3594"/>
<LocList>
<Loc EndOffset="4128" SrcFileId="1" StartOffset="3594"/>
</LocList>
<RootTerm CovItemId="C21" CovItemPrefix="Value.java" Intrnl_Id="291">
<OpTerm BooleanOpId="3" Intrnl_Id="292">
<BasicBoolTerm Intrnl_Id="293">
<LocList>
<Loc EndOffset="3609" SrcFileId="1" StartOffset="3597"/>
</LocList>
</BasicBoolTerm>
<BasicBoolTerm Intrnl_Id="294">
<LocList>
<Loc EndOffset="3642" SrcFileId="1" StartOffset="3613"/>
</LocList>
</BasicBoolTerm>
<LocList>
<Loc EndOffset="3612" SrcFileId="1" StartOffset="3610"/>
</LocList>
</OpTerm>
</RootTerm>
</CondStmnt>
</StmntSeq>
</Branch>
<Keyword EndOffset="3480" SrcFileId="1" StartOffset="3478"/>
<LocList>
<Loc EndOffset="4128" SrcFileId="1" StartOffset="3478"/>
</LocList>
<RootTerm CovItemId="C20" CovItemPrefix="Value.java" Intrnl_Id="295">
<OpTerm BooleanOpId="3" Intrnl_Id="296">
<BasicBoolTerm Intrnl_Id="297">
<LocList>
<Loc EndOffset="3516" SrcFileId="1" StartOffset="3481"/>
</LocList>
</BasicBoolTerm>
<BasicBoolTerm Intrnl_Id="298">
<LocList>
<Loc EndOffset="3538" SrcFileId="1" StartOffset="3520"/>
</LocList>
</BasicBoolTerm>
<LocList>
<Loc EndOffset="3519" SrcFileId="1" StartOffset="3517"/>
</LocList>
</OpTerm>
</RootTerm>
</CondStmnt>
</StmntSeq>
</Branch>
<Keyword EndOffset="3379" SrcFileId="1" StartOffset="3377"/>
<LocList>
<Loc EndOffset="4128" SrcFileId="1" StartOffset="3377"/>
</LocList>
<RootTerm CovItemId="C19" CovItemPrefix="Value.java" Intrnl_Id="299">
<OpTerm BooleanOpId="3" Intrnl_Id="300">
<BasicBoolTerm Intrnl_Id="301">
<LocList>
<Loc EndOffset="3393" SrcFileId="1" StartOffset="3380"/>
</LocList>
</BasicBoolTerm>
<BasicBoolTerm Intrnl_Id="302">
<LocList>
<Loc EndOffset="3427" SrcFileId="1" StartOffset="3397"/>
</LocList>
</BasicBoolTerm>
<LocList>
<Loc EndOffset="3396" SrcFileId="1" StartOffset="3394"/>
</LocList>
</OpTerm>
</RootTerm>
</CondStmnt>
</StmntSeq>
</HierarchyLvl>
<HierarchyLvl HierarchyLvlId="482" HierarchyLvlTypeId="5" Intrnl_Id="303" Name="toString">
<Header>
<Loc EndOffset="4182" SrcFileId="1" StartOffset="4143"/>
</Header>
<LocList>
<Loc EndOffset="4230" SrcFileId="1" StartOffset="4143"/>
</LocList>
<StmntSeq Intrnl_Id="304">
<LocList>
<Loc EndOffset="4223" SrcFileId="1" StartOffset="4194"/>
</LocList>
<BasicStmnt CovItemId="S66" CovItemPrefix="Value.java" Intrnl_Id="305">
<LocList>
<Loc EndOffset="4223" SrcFileId="1" StartOffset="4194"/>
</LocList>
</BasicStmnt>
</StmntSeq>
</HierarchyLvl>
</HierarchyLvl>
</HierarchyLvl>
</MASTRoot>
</TestSessionContainer>
