<?xml version="1.0" encoding="UTF-8"?><TestSessionContainer xmlns="http://www.codecover.org/xml/testsession-container" Date="1368543261193" TestSessionContainerId="a66ed859-ef38-407c-9258-d570b44fe622" version="1.0">
<SrcFileList>
<SrcFile Content="//latex start Value&#13;&#10;public class Value {&#13;&#10;&#9;public static Value VOID = new Value(new Object());&#13;&#10;&#13;&#10;    final Object value;&#13;&#10;&#13;&#10;    public Value(Object value) {&#13;&#10;        this.value = value;&#13;&#10;    }&#13;&#10;    &#13;&#10;    //Default constructer returns empty but not null value object&#13;&#10;    public Value()&#13;&#10;    {&#13;&#10;    &#9;this.value = &quot;&quot;;&#13;&#10;    }&#13;&#10;//latex end&#13;&#10;&#13;&#10;//latex start isType&#13;&#10;    public boolean isDouble() &#13;&#10;    {&#13;&#10;&#9;&#9;if(this.toString().matches(&quot;((-)?[0-9]+)\\.([0-9]){1,2}&quot;))&#13;&#10;&#9;&#9;{&#13;&#10;&#9;&#9;&#9;return true;&#13;&#10;&#9;&#9;}&#13;&#10;&#9;&#9;return false;&#13;&#10;    }&#13;&#10;    &#13;&#10;    public boolean isInt()&#13;&#10;    {&#13;&#10;&#9;&#9;if(this.toString().matches(&quot;(-)?[0-9]+&quot;) || this.toString().equals(&quot;HIGH&quot;) || this.toString().equals(&quot;LOW&quot;) || this.toString().equals(&quot;INPUT&quot;) || this.toString().equals(&quot;OUTPUT&quot;))&#13;&#10;&#9;&#9;{&#13;&#10;&#9;&#9;&#9;return true;&#13;&#10;&#9;&#9;}&#13;&#10;&#9;&#9;return false;&#13;&#10;    }&#13;&#10;//latex end    &#13;&#10;    public boolean isDrink()&#13;&#10;    {&#13;&#10;&#9;&#9;if(this.toString().equals(&quot;drink&quot;))&#13;&#10;&#9;&#9;{&#13;&#10;&#9;&#9;&#9;return true;&#13;&#10;&#9;&#9;}&#13;&#10;&#9;&#9;return false;&#13;&#10;    }&#13;&#10;    &#13;&#10;    public boolean isNumeric()&#13;&#10;    {&#13;&#10;    &#9;if(this.isInt() || this.isDouble() || this.toString().equals(&quot;int&quot;) || this.toString().equals(&quot;double&quot;))&#13;&#10;    &#9;{&#13;&#10;    &#9;&#9;return true;&#13;&#10;    &#9;}&#13;&#10;    &#9;return false;&#13;&#10;    }&#13;&#10;    &#13;&#10;    public boolean isNumericExpression()&#13;&#10;    {    &#9;&#13;&#10;    &#9;String StringToVerify = this.toString();&#13;&#10;    &#9;&#13;&#10;    &#9;if(StringToVerify.contains(&quot;(&quot;))&#13;&#10;    &#9;{&#13;&#10;    &#9;&#9;StringToVerify = StringToVerify.replace(&quot;(&quot;, &quot;&quot;);&#13;&#10;    &#9;}&#13;&#10;    &#9;&#13;&#10;    &#9;if(StringToVerify.contains(&quot;)&quot;))&#13;&#10;    &#9;{&#13;&#10;    &#9;&#9;StringToVerify = StringToVerify.replace(&quot;)&quot;, &quot;&quot;);&#13;&#10;    &#9;}&#13;&#10;    &#9;&#13;&#10;    &#9;if(StringToVerify.matches(&quot;(-)?[0-9]+(\\.[0-9]{1,2})?((\\+|\\-|\\*|\\/)[0-9]+(\\.[0-9]{1,2})?)*&quot;))&#13;&#10;    &#9;{&#13;&#10;    &#9;&#9;return true;&#13;&#10;    &#9;}&#13;&#10;    &#9;return false;&#13;&#10;    }&#13;&#10;    &#13;&#10;    public boolean isChar()&#13;&#10;    {&#13;&#10;&#9;&#9;if(this.toString().length() != 3 || &#13;&#10;&#9;&#9;   this.toString().charAt(0) != '\'' || &#13;&#10;&#9;&#9;   this.toString().charAt(this.toString().length()-1) != '\'')&#13;&#10;&#9;&#9;{&#13;&#10;&#9;&#9;&#9;return false;&#13;&#10;&#9;&#9;}&#13;&#10;&#9;&#9;return true;&#13;&#10;    }&#13;&#10;    &#13;&#10;    public boolean isString()&#13;&#10;    {&#13;&#10;    &#9;if(this.toString().length() &lt; 2)&#13;&#10;    &#9;{&#13;&#10;    &#9;&#9;return false;&#13;&#10;    &#9;}&#13;&#10;    &#9;else if(this.toString().charAt(0) != '&quot;'|| this.toString().charAt(this.toString().length()-1) != '&quot;')&#13;&#10;&#9;&#9;{&#13;&#10;&#9;&#9;&#9;return false;&#13;&#10;&#9;&#9;}&#13;&#10;&#9;&#9;return true;&#13;&#10;    }&#13;&#10;    &#13;&#10;    public boolean isBool()&#13;&#10;    {&#13;&#10;    &#9;if(this.toString().equals(&quot;true&quot;) || this.toString().equals(&quot;false&quot;))&#13;&#10;    &#9;{&#13;&#10;    &#9;&#9;return true;&#13;&#10;    &#9;}&#13;&#10;    &#9;return false;&#13;&#10;    }&#13;&#10;    &#13;&#10;    public boolean isContainer()&#13;&#10;    {&#13;&#10;    &#9;if(this.toString().matches(&quot;((1?[0-3])|([0-9]))|A[0-5]&quot;) || this.toString().equals(&quot;container&quot;))&#13;&#10;    &#9;{&#13;&#10;    &#9;&#9;return true;&#13;&#10;    &#9;}&#13;&#10;    &#9;return false;&#13;&#10;    }&#13;&#10;    &#13;&#10;    public boolean isSameType(Value val)&#13;&#10;    {&#13;&#10;    &#9;if(this.isBool() &amp;&amp; val.isBool())&#13;&#10;    &#9;{&#13;&#10;    &#9;&#9;return true;&#13;&#10;    &#9;}&#13;&#10;    &#9;if(this.isContainer() &amp;&amp; val.isContainer())&#13;&#10;    &#9;{&#13;&#10;    &#9;&#9;return true;&#13;&#10;    &#9;}&#13;&#10;    &#9;else if(this.isChar() &amp;&amp; val.isChar())&#13;&#10;    &#9;{&#13;&#10;    &#9;&#9;return true;&#13;&#10;    &#9;}&#13;&#10;    &#9;else if(this.isNumeric() &amp;&amp; val.isNumeric() || this.isNumeric() &amp;&amp; val.isNumericExpression())&#13;&#10;    &#9;{&#13;&#10;    &#9;&#9;return true;&#13;&#10;    &#9;}&#13;&#10;    &#9;else if(this.isString() &amp;&amp; val.isString())&#13;&#10;    &#9;{&#13;&#10;    &#9;&#9;return true;&#13;&#10;    &#9;}&#13;&#10;    &#9;else if(this.isDrink() &amp;&amp; val.isDrink())&#13;&#10;    &#9;{&#13;&#10;    &#9;&#9;return true;&#13;&#10;    &#9;}&#13;&#10;    &#9;&#13;&#10;    &#9;return false;&#13;&#10;    }&#13;&#10;    &#13;&#10;    public String GetType()&#13;&#10;    {&#13;&#10;    &#9;if(this.isBool() || this.toString().equals(&quot;bool&quot;))&#13;&#10;    &#9;{&#13;&#10;    &#9;&#9;return &quot;bool&quot;;&#13;&#10;    &#9;}&#13;&#10;    &#9;else if(this.toString().equals(&quot;container&quot;) || this.isContainer())&#13;&#10;    &#9;{&#13;&#10;    &#9;&#9;return &quot;container&quot;;&#13;&#10;    &#9;}&#13;&#10;    &#9;else if(this.isInt() || this.toString().equals(&quot;int&quot;))&#13;&#10;    &#9;{&#13;&#10;    &#9;&#9;return &quot;int&quot;;&#13;&#10;    &#9;}&#13;&#10;    &#9;else if(this.isDouble() || this.toString().equals(&quot;double&quot;))&#13;&#10;    &#9;{&#13;&#10;    &#9;&#9;return &quot;double&quot;;&#13;&#10;    &#9;}&#13;&#10;    &#9;else if(this.isChar() || this.toString().equals(&quot;char&quot;))&#13;&#10;    &#9;{&#13;&#10;    &#9;&#9;return &quot;char&quot;;&#13;&#10;    &#9;}&#13;&#10;    &#9;else if(this.isString() || this.toString().equals(&quot;string&quot;))&#13;&#10;    &#9;{&#13;&#10;    &#9;&#9;return &quot;string&quot;;&#13;&#10;    &#9;}&#13;&#10;    &#9;else if(this.toString().equals(&quot;drink&quot;))&#13;&#10;    &#9;{&#13;&#10;    &#9;&#9;return &quot;drink&quot;;&#13;&#10;    &#9;}&#13;&#10;    &#9;else&#13;&#10;    &#9;{&#13;&#10;    &#9;&#9;return null;&#13;&#10;    &#9;}&#13;&#10;    }&#13;&#10;&#13;&#10;    @Override&#13;&#10;    public String toString() {&#13;&#10;        return String.valueOf(value);&#13;&#10;    }&#13;&#10;}&#13;&#10;" Filename="Value.java" Intrnl_Id="1"/>
</SrcFileList>
<CritList>
<CritListEntry Name="org.codecover.model.utils.criteria.BranchCoverage" PluginName="org.codecover"/>
<CritListEntry Name="org.codecover.model.utils.criteria.ConditionCoverage" PluginName="org.codecover"/>
<CritListEntry Name="org.codecover.model.utils.criteria.StatementCoverage" PluginName="org.codecover"/>
</CritList>
<BoolOpList>
<BoolOp Arity="2" Intrnl_Id="2" Name="conditional and (&amp;&amp;)">
<BoolAssgnmntBoolMapList>
<MapEntry BoolAssgnmnt="10" Value="false"/>
<MapEntry BoolAssgnmnt="02" Value="false"/>
<MapEntry BoolAssgnmnt="11" Value="true"/>
</BoolAssgnmntBoolMapList>
</BoolOp>
<BoolOp Arity="2" Intrnl_Id="3" Name="conditional or (||)">
<BoolAssgnmntBoolMapList>
<MapEntry BoolAssgnmnt="01" Value="true"/>
<MapEntry BoolAssgnmnt="00" Value="false"/>
<MapEntry BoolAssgnmnt="12" Value="true"/>
</BoolAssgnmntBoolMapList>
</BoolOp>
</BoolOpList>
<HierarchyLvlTypeList>
<HierarchyLvlType EnglishName="class" IntrnlName="class" Intrnl_Id="4"/>
<HierarchyLvlType EnglishName="method" IntrnlName="method" Intrnl_Id="5"/>
<HierarchyLvlType EnglishName="default package" IntrnlName="default package" Intrnl_Id="6"/>
</HierarchyLvlTypeList>
<MASTRoot>
<HierarchyLvl HierarchyLvlId="420" HierarchyLvlTypeId="6" Intrnl_Id="7" Name="default package">
<Header/>
<LocList/>
<HierarchyLvl HierarchyLvlId="419" HierarchyLvlTypeId="4" Intrnl_Id="8" Name="Value">
<Header>
<Loc EndOffset="39" SrcFileId="1" StartOffset="21"/>
</Header>
<LocList>
<Loc EndOffset="4128" SrcFileId="1" StartOffset="21"/>
</LocList>
<StmntSeq Intrnl_Id="9">
<LocList>
<Loc EndOffset="95" SrcFileId="1" StartOffset="44"/>
</LocList>
<BasicStmnt CovItemId="S1" CovItemPrefix="Value.java" Intrnl_Id="10">
<LocList>
<Loc EndOffset="95" SrcFileId="1" StartOffset="44"/>
</LocList>
</BasicStmnt>
</StmntSeq>
<HierarchyLvl HierarchyLvlId="405" HierarchyLvlTypeId="5" Intrnl_Id="11" Name="Value">
<Header>
<Loc EndOffset="156" SrcFileId="1" StartOffset="130"/>
</Header>
<LocList>
<Loc EndOffset="194" SrcFileId="1" StartOffset="130"/>
</LocList>
<StmntSeq Intrnl_Id="12">
<LocList>
<Loc EndOffset="187" SrcFileId="1" StartOffset="168"/>
</LocList>
<BasicStmnt CovItemId="S2" CovItemPrefix="Value.java" Intrnl_Id="13">
<LocList>
<Loc EndOffset="187" SrcFileId="1" StartOffset="168"/>
</LocList>
</BasicStmnt>
</StmntSeq>
</HierarchyLvl>
<HierarchyLvl HierarchyLvlId="406" HierarchyLvlTypeId="5" Intrnl_Id="14" Name="Value">
<Header>
<Loc EndOffset="287" SrcFileId="1" StartOffset="273"/>
</Header>
<LocList>
<Loc EndOffset="324" SrcFileId="1" StartOffset="273"/>
</LocList>
<StmntSeq Intrnl_Id="15">
<LocList>
<Loc EndOffset="317" SrcFileId="1" StartOffset="301"/>
</LocList>
<BasicStmnt CovItemId="S3" CovItemPrefix="Value.java" Intrnl_Id="16">
<LocList>
<Loc EndOffset="317" SrcFileId="1" StartOffset="301"/>
</LocList>
</BasicStmnt>
</StmntSeq>
</HierarchyLvl>
<HierarchyLvl HierarchyLvlId="407" HierarchyLvlTypeId="5" Intrnl_Id="17" Name="isDouble">
<Header>
<Loc EndOffset="392" SrcFileId="1" StartOffset="367"/>
</Header>
<LocList>
<Loc EndOffset="513" SrcFileId="1" StartOffset="367"/>
</LocList>
<StmntSeq Intrnl_Id="18">
<LocList>
<Loc EndOffset="489" SrcFileId="1" StartOffset="404"/>
<Loc EndOffset="506" SrcFileId="1" StartOffset="493"/>
</LocList>
<CondStmnt CovItemId="S4" CovItemPrefix="Value.java" Intrnl_Id="19">
<Branch CovItemId="B1" CovItemPrefix="Value.java" Implct="false" Intrnl_Id="20">
<Cond/>
<LocList>
<Loc EndOffset="489" SrcFileId="1" StartOffset="466"/>
</LocList>
<StmntSeq Intrnl_Id="21">
<LocList>
<Loc EndOffset="484" SrcFileId="1" StartOffset="472"/>
</LocList>
<BasicStmnt CovItemId="S5" CovItemPrefix="Value.java" Intrnl_Id="22">
<LocList>
<Loc EndOffset="484" SrcFileId="1" StartOffset="472"/>
</LocList>
</BasicStmnt>
</StmntSeq>
</Branch>
<Branch CovItemId="B2" CovItemPrefix="Value.java" Implct="true" Intrnl_Id="23">
<Cond/>
<LocList/>
<StmntSeq Intrnl_Id="24">
<LocList/>
</StmntSeq>
</Branch>
<Keyword EndOffset="406" SrcFileId="1" StartOffset="404"/>
<LocList>
<Loc EndOffset="489" SrcFileId="1" StartOffset="404"/>
</LocList>
<RootTerm CovItemId="C1" CovItemPrefix="Value.java" Intrnl_Id="25">
<BasicBoolTerm Intrnl_Id="26">
<LocList>
<Loc EndOffset="461" SrcFileId="1" StartOffset="407"/>
</LocList>
</BasicBoolTerm>
</RootTerm>
</CondStmnt>
<BasicStmnt CovItemId="S6" CovItemPrefix="Value.java" Intrnl_Id="27">
<LocList>
<Loc EndOffset="506" SrcFileId="1" StartOffset="493"/>
</LocList>
</BasicStmnt>
</StmntSeq>
</HierarchyLvl>
<HierarchyLvl HierarchyLvlId="408" HierarchyLvlTypeId="5" Intrnl_Id="28" Name="isInt">
<Header>
<Loc EndOffset="547" SrcFileId="1" StartOffset="525"/>
</Header>
<LocList>
<Loc EndOffset="788" SrcFileId="1" StartOffset="525"/>
</LocList>
<StmntSeq Intrnl_Id="29">
<LocList>
<Loc EndOffset="764" SrcFileId="1" StartOffset="558"/>
<Loc EndOffset="781" SrcFileId="1" StartOffset="768"/>
</LocList>
<CondStmnt CovItemId="S7" CovItemPrefix="Value.java" Intrnl_Id="30">
<Branch CovItemId="B3" CovItemPrefix="Value.java" Implct="false" Intrnl_Id="31">
<Cond/>
<LocList>
<Loc EndOffset="764" SrcFileId="1" StartOffset="741"/>
</LocList>
<StmntSeq Intrnl_Id="32">
<LocList>
<Loc EndOffset="759" SrcFileId="1" StartOffset="747"/>
</LocList>
<BasicStmnt CovItemId="S8" CovItemPrefix="Value.java" Intrnl_Id="33">
<LocList>
<Loc EndOffset="759" SrcFileId="1" StartOffset="747"/>
</LocList>
</BasicStmnt>
</StmntSeq>
</Branch>
<Branch CovItemId="B4" CovItemPrefix="Value.java" Implct="true" Intrnl_Id="34">
<Cond/>
<LocList/>
<StmntSeq Intrnl_Id="35">
<LocList/>
</StmntSeq>
</Branch>
<Keyword EndOffset="560" SrcFileId="1" StartOffset="558"/>
<LocList>
<Loc EndOffset="764" SrcFileId="1" StartOffset="558"/>
</LocList>
<RootTerm CovItemId="C2" CovItemPrefix="Value.java" Intrnl_Id="36">
<OpTerm BooleanOpId="3" Intrnl_Id="37">
<OpTerm BooleanOpId="3" Intrnl_Id="38">
<OpTerm BooleanOpId="3" Intrnl_Id="39">
<OpTerm BooleanOpId="3" Intrnl_Id="40">
<BasicBoolTerm Intrnl_Id="41">
<LocList>
<Loc EndOffset="598" SrcFileId="1" StartOffset="561"/>
</LocList>
</BasicBoolTerm>
<BasicBoolTerm Intrnl_Id="42">
<LocList>
<Loc EndOffset="632" SrcFileId="1" StartOffset="602"/>
</LocList>
</BasicBoolTerm>
<LocList>
<Loc EndOffset="601" SrcFileId="1" StartOffset="599"/>
</LocList>
</OpTerm>
<BasicBoolTerm Intrnl_Id="43">
<LocList>
<Loc EndOffset="665" SrcFileId="1" StartOffset="636"/>
</LocList>
</BasicBoolTerm>
<LocList>
<Loc EndOffset="635" SrcFileId="1" StartOffset="633"/>
</LocList>
</OpTerm>
<BasicBoolTerm Intrnl_Id="44">
<LocList>
<Loc EndOffset="700" SrcFileId="1" StartOffset="669"/>
</LocList>
</BasicBoolTerm>
<LocList>
<Loc EndOffset="668" SrcFileId="1" StartOffset="666"/>
</LocList>
</OpTerm>
<BasicBoolTerm Intrnl_Id="45">
<LocList>
<Loc EndOffset="736" SrcFileId="1" StartOffset="704"/>
</LocList>
</BasicBoolTerm>
<LocList>
<Loc EndOffset="703" SrcFileId="1" StartOffset="701"/>
</LocList>
</OpTerm>
</RootTerm>
</CondStmnt>
<BasicStmnt CovItemId="S9" CovItemPrefix="Value.java" Intrnl_Id="46">
<LocList>
<Loc EndOffset="781" SrcFileId="1" StartOffset="768"/>
</LocList>
</BasicStmnt>
</StmntSeq>
</HierarchyLvl>
<HierarchyLvl HierarchyLvlId="409" HierarchyLvlTypeId="5" Intrnl_Id="47" Name="isDrink">
<Header>
<Loc EndOffset="835" SrcFileId="1" StartOffset="811"/>
</Header>
<LocList>
<Loc EndOffset="932" SrcFileId="1" StartOffset="811"/>
</LocList>
<StmntSeq Intrnl_Id="48">
<LocList>
<Loc EndOffset="908" SrcFileId="1" StartOffset="846"/>
<Loc EndOffset="925" SrcFileId="1" StartOffset="912"/>
</LocList>
<CondStmnt CovItemId="S10" CovItemPrefix="Value.java" Intrnl_Id="49">
<Branch CovItemId="B5" CovItemPrefix="Value.java" Implct="false" Intrnl_Id="50">
<Cond/>
<LocList>
<Loc EndOffset="908" SrcFileId="1" StartOffset="885"/>
</LocList>
<StmntSeq Intrnl_Id="51">
<LocList>
<Loc EndOffset="903" SrcFileId="1" StartOffset="891"/>
</LocList>
<BasicStmnt CovItemId="S11" CovItemPrefix="Value.java" Intrnl_Id="52">
<LocList>
<Loc EndOffset="903" SrcFileId="1" StartOffset="891"/>
</LocList>
</BasicStmnt>
</StmntSeq>
</Branch>
<Branch CovItemId="B6" CovItemPrefix="Value.java" Implct="true" Intrnl_Id="53">
<Cond/>
<LocList/>
<StmntSeq Intrnl_Id="54">
<LocList/>
</StmntSeq>
</Branch>
<Keyword EndOffset="848" SrcFileId="1" StartOffset="846"/>
<LocList>
<Loc EndOffset="908" SrcFileId="1" StartOffset="846"/>
</LocList>
<RootTerm CovItemId="C3" CovItemPrefix="Value.java" Intrnl_Id="55">
<BasicBoolTerm Intrnl_Id="56">
<LocList>
<Loc EndOffset="880" SrcFileId="1" StartOffset="849"/>
</LocList>
</BasicBoolTerm>
</RootTerm>
</CondStmnt>
<BasicStmnt CovItemId="S12" CovItemPrefix="Value.java" Intrnl_Id="57">
<LocList>
<Loc EndOffset="925" SrcFileId="1" StartOffset="912"/>
</LocList>
</BasicStmnt>
</StmntSeq>
</HierarchyLvl>
<HierarchyLvl HierarchyLvlId="410" HierarchyLvlTypeId="5" Intrnl_Id="58" Name="isNumeric">
<Header>
<Loc EndOffset="970" SrcFileId="1" StartOffset="944"/>
</Header>
<LocList>
<Loc EndOffset="1151" SrcFileId="1" StartOffset="944"/>
</LocList>
<StmntSeq Intrnl_Id="59">
<LocList>
<Loc EndOffset="1124" SrcFileId="1" StartOffset="984"/>
<Loc EndOffset="1144" SrcFileId="1" StartOffset="1131"/>
</LocList>
<CondStmnt CovItemId="S13" CovItemPrefix="Value.java" Intrnl_Id="60">
<Branch CovItemId="B7" CovItemPrefix="Value.java" Implct="false" Intrnl_Id="61">
<Cond/>
<LocList>
<Loc EndOffset="1124" SrcFileId="1" StartOffset="1095"/>
</LocList>
<StmntSeq Intrnl_Id="62">
<LocList>
<Loc EndOffset="1116" SrcFileId="1" StartOffset="1104"/>
</LocList>
<BasicStmnt CovItemId="S14" CovItemPrefix="Value.java" Intrnl_Id="63">
<LocList>
<Loc EndOffset="1116" SrcFileId="1" StartOffset="1104"/>
</LocList>
</BasicStmnt>
</StmntSeq>
</Branch>
<Branch CovItemId="B8" CovItemPrefix="Value.java" Implct="true" Intrnl_Id="64">
<Cond/>
<LocList/>
<StmntSeq Intrnl_Id="65">
<LocList/>
</StmntSeq>
</Branch>
<Keyword EndOffset="986" SrcFileId="1" StartOffset="984"/>
<LocList>
<Loc EndOffset="1124" SrcFileId="1" StartOffset="984"/>
</LocList>
<RootTerm CovItemId="C4" CovItemPrefix="Value.java" Intrnl_Id="66">
<OpTerm BooleanOpId="3" Intrnl_Id="67">
<OpTerm BooleanOpId="3" Intrnl_Id="68">
<OpTerm BooleanOpId="3" Intrnl_Id="69">
<BasicBoolTerm Intrnl_Id="70">
<LocList>
<Loc EndOffset="999" SrcFileId="1" StartOffset="987"/>
</LocList>
</BasicBoolTerm>
<BasicBoolTerm Intrnl_Id="71">
<LocList>
<Loc EndOffset="1018" SrcFileId="1" StartOffset="1003"/>
</LocList>
</BasicBoolTerm>
<LocList>
<Loc EndOffset="1002" SrcFileId="1" StartOffset="1000"/>
</LocList>
</OpTerm>
<BasicBoolTerm Intrnl_Id="72">
<LocList>
<Loc EndOffset="1051" SrcFileId="1" StartOffset="1022"/>
</LocList>
</BasicBoolTerm>
<LocList>
<Loc EndOffset="1021" SrcFileId="1" StartOffset="1019"/>
</LocList>
</OpTerm>
<BasicBoolTerm Intrnl_Id="73">
<LocList>
<Loc EndOffset="1087" SrcFileId="1" StartOffset="1055"/>
</LocList>
</BasicBoolTerm>
<LocList>
<Loc EndOffset="1054" SrcFileId="1" StartOffset="1052"/>
</LocList>
</OpTerm>
</RootTerm>
</CondStmnt>
<BasicStmnt CovItemId="S15" CovItemPrefix="Value.java" Intrnl_Id="74">
<LocList>
<Loc EndOffset="1144" SrcFileId="1" StartOffset="1131"/>
</LocList>
</BasicStmnt>
</StmntSeq>
</HierarchyLvl>
<HierarchyLvl HierarchyLvlId="411" HierarchyLvlTypeId="5" Intrnl_Id="75" Name="isNumericExpression">
<Header>
<Loc EndOffset="1199" SrcFileId="1" StartOffset="1163"/>
</Header>
<LocList>
<Loc EndOffset="1671" SrcFileId="1" StartOffset="1163"/>
</LocList>
<StmntSeq Intrnl_Id="76">
<LocList>
<Loc EndOffset="1258" SrcFileId="1" StartOffset="1218"/>
<Loc EndOffset="1377" SrcFileId="1" StartOffset="1272"/>
<Loc EndOffset="1496" SrcFileId="1" StartOffset="1391"/>
<Loc EndOffset="1644" SrcFileId="1" StartOffset="1510"/>
<Loc EndOffset="1664" SrcFileId="1" StartOffset="1651"/>
</LocList>
<BasicStmnt CovItemId="S16" CovItemPrefix="Value.java" Intrnl_Id="77">
<LocList>
<Loc EndOffset="1258" SrcFileId="1" StartOffset="1218"/>
</LocList>
</BasicStmnt>
<CondStmnt CovItemId="S17" CovItemPrefix="Value.java" Intrnl_Id="78">
<Branch CovItemId="B9" CovItemPrefix="Value.java" Implct="false" Intrnl_Id="79">
<Cond/>
<LocList>
<Loc EndOffset="1377" SrcFileId="1" StartOffset="1311"/>
</LocList>
<StmntSeq Intrnl_Id="80">
<LocList>
<Loc EndOffset="1369" SrcFileId="1" StartOffset="1320"/>
</LocList>
<BasicStmnt CovItemId="S18" CovItemPrefix="Value.java" Intrnl_Id="81">
<LocList>
<Loc EndOffset="1369" SrcFileId="1" StartOffset="1320"/>
</LocList>
</BasicStmnt>
</StmntSeq>
</Branch>
<Branch CovItemId="B10" CovItemPrefix="Value.java" Implct="true" Intrnl_Id="82">
<Cond/>
<LocList/>
<StmntSeq Intrnl_Id="83">
<LocList/>
</StmntSeq>
</Branch>
<Keyword EndOffset="1274" SrcFileId="1" StartOffset="1272"/>
<LocList>
<Loc EndOffset="1377" SrcFileId="1" StartOffset="1272"/>
</LocList>
<RootTerm CovItemId="C5" CovItemPrefix="Value.java" Intrnl_Id="84">
<BasicBoolTerm Intrnl_Id="85">
<LocList>
<Loc EndOffset="1303" SrcFileId="1" StartOffset="1275"/>
</LocList>
</BasicBoolTerm>
</RootTerm>
</CondStmnt>
<CondStmnt CovItemId="S19" CovItemPrefix="Value.java" Intrnl_Id="86">
<Branch CovItemId="B11" CovItemPrefix="Value.java" Implct="false" Intrnl_Id="87">
<Cond/>
<LocList>
<Loc EndOffset="1496" SrcFileId="1" StartOffset="1430"/>
</LocList>
<StmntSeq Intrnl_Id="88">
<LocList>
<Loc EndOffset="1488" SrcFileId="1" StartOffset="1439"/>
</LocList>
<BasicStmnt CovItemId="S20" CovItemPrefix="Value.java" Intrnl_Id="89">
<LocList>
<Loc EndOffset="1488" SrcFileId="1" StartOffset="1439"/>
</LocList>
</BasicStmnt>
</StmntSeq>
</Branch>
<Branch CovItemId="B12" CovItemPrefix="Value.java" Implct="true" Intrnl_Id="90">
<Cond/>
<LocList/>
<StmntSeq Intrnl_Id="91">
<LocList/>
</StmntSeq>
</Branch>
<Keyword EndOffset="1393" SrcFileId="1" StartOffset="1391"/>
<LocList>
<Loc EndOffset="1496" SrcFileId="1" StartOffset="1391"/>
</LocList>
<RootTerm CovItemId="C6" CovItemPrefix="Value.java" Intrnl_Id="92">
<BasicBoolTerm Intrnl_Id="93">
<LocList>
<Loc EndOffset="1422" SrcFileId="1" StartOffset="1394"/>
</LocList>
</BasicBoolTerm>
</RootTerm>
</CondStmnt>
<CondStmnt CovItemId="S21" CovItemPrefix="Value.java" Intrnl_Id="94">
<Branch CovItemId="B13" CovItemPrefix="Value.java" Implct="false" Intrnl_Id="95">
<Cond/>
<LocList>
<Loc EndOffset="1644" SrcFileId="1" StartOffset="1615"/>
</LocList>
<StmntSeq Intrnl_Id="96">
<LocList>
<Loc EndOffset="1636" SrcFileId="1" StartOffset="1624"/>
</LocList>
<BasicStmnt CovItemId="S22" CovItemPrefix="Value.java" Intrnl_Id="97">
<LocList>
<Loc EndOffset="1636" SrcFileId="1" StartOffset="1624"/>
</LocList>
</BasicStmnt>
</StmntSeq>
</Branch>
<Branch CovItemId="B14" CovItemPrefix="Value.java" Implct="true" Intrnl_Id="98">
<Cond/>
<LocList/>
<StmntSeq Intrnl_Id="99">
<LocList/>
</StmntSeq>
</Branch>
<Keyword EndOffset="1512" SrcFileId="1" StartOffset="1510"/>
<LocList>
<Loc EndOffset="1644" SrcFileId="1" StartOffset="1510"/>
</LocList>
<RootTerm CovItemId="C7" CovItemPrefix="Value.java" Intrnl_Id="100">
<BasicBoolTerm Intrnl_Id="101">
<LocList>
<Loc EndOffset="1607" SrcFileId="1" StartOffset="1513"/>
</LocList>
</BasicBoolTerm>
</RootTerm>
</CondStmnt>
<BasicStmnt CovItemId="S23" CovItemPrefix="Value.java" Intrnl_Id="102">
<LocList>
<Loc EndOffset="1664" SrcFileId="1" StartOffset="1651"/>
</LocList>
</BasicStmnt>
</StmntSeq>
</HierarchyLvl>
<HierarchyLvl HierarchyLvlId="412" HierarchyLvlTypeId="5" Intrnl_Id="103" Name="isChar">
<Header>
<Loc EndOffset="1706" SrcFileId="1" StartOffset="1683"/>
</Header>
<LocList>
<Loc EndOffset="1914" SrcFileId="1" StartOffset="1683"/>
</LocList>
<StmntSeq Intrnl_Id="104">
<LocList>
<Loc EndOffset="1891" SrcFileId="1" StartOffset="1717"/>
<Loc EndOffset="1907" SrcFileId="1" StartOffset="1895"/>
</LocList>
<CondStmnt CovItemId="S24" CovItemPrefix="Value.java" Intrnl_Id="105">
<Branch CovItemId="B15" CovItemPrefix="Value.java" Implct="false" Intrnl_Id="106">
<Cond/>
<LocList>
<Loc EndOffset="1891" SrcFileId="1" StartOffset="1867"/>
</LocList>
<StmntSeq Intrnl_Id="107">
<LocList>
<Loc EndOffset="1886" SrcFileId="1" StartOffset="1873"/>
</LocList>
<BasicStmnt CovItemId="S25" CovItemPrefix="Value.java" Intrnl_Id="108">
<LocList>
<Loc EndOffset="1886" SrcFileId="1" StartOffset="1873"/>
</LocList>
</BasicStmnt>
</StmntSeq>
</Branch>
<Branch CovItemId="B16" CovItemPrefix="Value.java" Implct="true" Intrnl_Id="109">
<Cond/>
<LocList/>
<StmntSeq Intrnl_Id="110">
<LocList/>
</StmntSeq>
</Branch>
<Keyword EndOffset="1719" SrcFileId="1" StartOffset="1717"/>
<LocList>
<Loc EndOffset="1891" SrcFileId="1" StartOffset="1717"/>
</LocList>
<RootTerm CovItemId="C8" CovItemPrefix="Value.java" Intrnl_Id="111">
<OpTerm BooleanOpId="3" Intrnl_Id="112">
<OpTerm BooleanOpId="3" Intrnl_Id="113">
<BasicBoolTerm Intrnl_Id="114">
<LocList>
<Loc EndOffset="1749" SrcFileId="1" StartOffset="1720"/>
</LocList>
</BasicBoolTerm>
<BasicBoolTerm Intrnl_Id="115">
<LocList>
<Loc EndOffset="1793" SrcFileId="1" StartOffset="1760"/>
</LocList>
</BasicBoolTerm>
<LocList>
<Loc EndOffset="1752" SrcFileId="1" StartOffset="1750"/>
</LocList>
</OpTerm>
<BasicBoolTerm Intrnl_Id="116">
<LocList>
<Loc EndOffset="1862" SrcFileId="1" StartOffset="1804"/>
</LocList>
</BasicBoolTerm>
<LocList>
<Loc EndOffset="1796" SrcFileId="1" StartOffset="1794"/>
</LocList>
</OpTerm>
</RootTerm>
</CondStmnt>
<BasicStmnt CovItemId="S26" CovItemPrefix="Value.java" Intrnl_Id="117">
<LocList>
<Loc EndOffset="1907" SrcFileId="1" StartOffset="1895"/>
</LocList>
</BasicStmnt>
</StmntSeq>
</HierarchyLvl>
<HierarchyLvl HierarchyLvlId="413" HierarchyLvlTypeId="5" Intrnl_Id="118" Name="isString">
<Header>
<Loc EndOffset="1951" SrcFileId="1" StartOffset="1926"/>
</Header>
<LocList>
<Loc EndOffset="2193" SrcFileId="1" StartOffset="1926"/>
</LocList>
<StmntSeq Intrnl_Id="119">
<LocList>
<Loc EndOffset="2170" SrcFileId="1" StartOffset="1965"/>
<Loc EndOffset="2186" SrcFileId="1" StartOffset="2174"/>
</LocList>
<CondStmnt CovItemId="S27" CovItemPrefix="Value.java" Intrnl_Id="120">
<Branch CovItemId="B17" CovItemPrefix="Value.java" Implct="false" Intrnl_Id="121">
<Cond/>
<LocList>
<Loc EndOffset="2034" SrcFileId="1" StartOffset="2004"/>
</LocList>
<StmntSeq Intrnl_Id="122">
<LocList>
<Loc EndOffset="2026" SrcFileId="1" StartOffset="2013"/>
</LocList>
<BasicStmnt CovItemId="S28" CovItemPrefix="Value.java" Intrnl_Id="123">
<LocList>
<Loc EndOffset="2026" SrcFileId="1" StartOffset="2013"/>
</LocList>
</BasicStmnt>
</StmntSeq>
</Branch>
<Branch CovItemId="B18" CovItemPrefix="Value.java" Implct="false" Intrnl_Id="124">
<Cond>
<Loc EndOffset="2045" SrcFileId="1" StartOffset="2041"/>
</Cond>
<LocList>
<Loc EndOffset="2170" SrcFileId="1" StartOffset="2046"/>
</LocList>
<StmntSeq Intrnl_Id="125">
<LocList>
<Loc EndOffset="2170" SrcFileId="1" StartOffset="2046"/>
</LocList>
<CondStmnt CovItemId="S29" CovItemPrefix="Value.java" Intrnl_Id="126">
<Branch CovItemId="B19" CovItemPrefix="Value.java" Implct="false" Intrnl_Id="127">
<Cond/>
<LocList>
<Loc EndOffset="2170" SrcFileId="1" StartOffset="2146"/>
</LocList>
<StmntSeq Intrnl_Id="128">
<LocList>
<Loc EndOffset="2165" SrcFileId="1" StartOffset="2152"/>
</LocList>
<BasicStmnt CovItemId="S30" CovItemPrefix="Value.java" Intrnl_Id="129">
<LocList>
<Loc EndOffset="2165" SrcFileId="1" StartOffset="2152"/>
</LocList>
</BasicStmnt>
</StmntSeq>
</Branch>
<Branch CovItemId="B20" CovItemPrefix="Value.java" Implct="true" Intrnl_Id="130">
<Cond/>
<LocList/>
<StmntSeq Intrnl_Id="131">
<LocList/>
</StmntSeq>
</Branch>
<Keyword EndOffset="2048" SrcFileId="1" StartOffset="2046"/>
<LocList>
<Loc EndOffset="2170" SrcFileId="1" StartOffset="2046"/>
</LocList>
<RootTerm CovItemId="C10" CovItemPrefix="Value.java" Intrnl_Id="132">
<OpTerm BooleanOpId="3" Intrnl_Id="133">
<BasicBoolTerm Intrnl_Id="134">
<LocList>
<Loc EndOffset="2081" SrcFileId="1" StartOffset="2049"/>
</LocList>
</BasicBoolTerm>
<BasicBoolTerm Intrnl_Id="135">
<LocList>
<Loc EndOffset="2141" SrcFileId="1" StartOffset="2084"/>
</LocList>
</BasicBoolTerm>
<LocList>
<Loc EndOffset="2083" SrcFileId="1" StartOffset="2081"/>
</LocList>
</OpTerm>
</RootTerm>
</CondStmnt>
</StmntSeq>
</Branch>
<Keyword EndOffset="1967" SrcFileId="1" StartOffset="1965"/>
<LocList>
<Loc EndOffset="2170" SrcFileId="1" StartOffset="1965"/>
</LocList>
<RootTerm CovItemId="C9" CovItemPrefix="Value.java" Intrnl_Id="136">
<BasicBoolTerm Intrnl_Id="137">
<LocList>
<Loc EndOffset="1996" SrcFileId="1" StartOffset="1968"/>
</LocList>
</BasicBoolTerm>
</RootTerm>
</CondStmnt>
<BasicStmnt CovItemId="S31" CovItemPrefix="Value.java" Intrnl_Id="138">
<LocList>
<Loc EndOffset="2186" SrcFileId="1" StartOffset="2174"/>
</LocList>
</BasicStmnt>
</StmntSeq>
</HierarchyLvl>
<HierarchyLvl HierarchyLvlId="414" HierarchyLvlTypeId="5" Intrnl_Id="139" Name="isBool">
<Header>
<Loc EndOffset="2228" SrcFileId="1" StartOffset="2205"/>
</Header>
<LocList>
<Loc EndOffset="2374" SrcFileId="1" StartOffset="2205"/>
</LocList>
<StmntSeq Intrnl_Id="140">
<LocList>
<Loc EndOffset="2347" SrcFileId="1" StartOffset="2242"/>
<Loc EndOffset="2367" SrcFileId="1" StartOffset="2354"/>
</LocList>
<CondStmnt CovItemId="S32" CovItemPrefix="Value.java" Intrnl_Id="141">
<Branch CovItemId="B21" CovItemPrefix="Value.java" Implct="false" Intrnl_Id="142">
<Cond/>
<LocList>
<Loc EndOffset="2347" SrcFileId="1" StartOffset="2318"/>
</LocList>
<StmntSeq Intrnl_Id="143">
<LocList>
<Loc EndOffset="2339" SrcFileId="1" StartOffset="2327"/>
</LocList>
<BasicStmnt CovItemId="S33" CovItemPrefix="Value.java" Intrnl_Id="144">
<LocList>
<Loc EndOffset="2339" SrcFileId="1" StartOffset="2327"/>
</LocList>
</BasicStmnt>
</StmntSeq>
</Branch>
<Branch CovItemId="B22" CovItemPrefix="Value.java" Implct="true" Intrnl_Id="145">
<Cond/>
<LocList/>
<StmntSeq Intrnl_Id="146">
<LocList/>
</StmntSeq>
</Branch>
<Keyword EndOffset="2244" SrcFileId="1" StartOffset="2242"/>
<LocList>
<Loc EndOffset="2347" SrcFileId="1" StartOffset="2242"/>
</LocList>
<RootTerm CovItemId="C11" CovItemPrefix="Value.java" Intrnl_Id="147">
<OpTerm BooleanOpId="3" Intrnl_Id="148">
<BasicBoolTerm Intrnl_Id="149">
<LocList>
<Loc EndOffset="2275" SrcFileId="1" StartOffset="2245"/>
</LocList>
</BasicBoolTerm>
<BasicBoolTerm Intrnl_Id="150">
<LocList>
<Loc EndOffset="2310" SrcFileId="1" StartOffset="2279"/>
</LocList>
</BasicBoolTerm>
<LocList>
<Loc EndOffset="2278" SrcFileId="1" StartOffset="2276"/>
</LocList>
</OpTerm>
</RootTerm>
</CondStmnt>
<BasicStmnt CovItemId="S34" CovItemPrefix="Value.java" Intrnl_Id="151">
<LocList>
<Loc EndOffset="2367" SrcFileId="1" StartOffset="2354"/>
</LocList>
</BasicStmnt>
</StmntSeq>
</HierarchyLvl>
<HierarchyLvl HierarchyLvlId="415" HierarchyLvlTypeId="5" Intrnl_Id="152" Name="isContainer">
<Header>
<Loc EndOffset="2414" SrcFileId="1" StartOffset="2386"/>
</Header>
<LocList>
<Loc EndOffset="2587" SrcFileId="1" StartOffset="2386"/>
</LocList>
<StmntSeq Intrnl_Id="153">
<LocList>
<Loc EndOffset="2560" SrcFileId="1" StartOffset="2428"/>
<Loc EndOffset="2580" SrcFileId="1" StartOffset="2567"/>
</LocList>
<CondStmnt CovItemId="S35" CovItemPrefix="Value.java" Intrnl_Id="154">
<Branch CovItemId="B23" CovItemPrefix="Value.java" Implct="false" Intrnl_Id="155">
<Cond/>
<LocList>
<Loc EndOffset="2560" SrcFileId="1" StartOffset="2531"/>
</LocList>
<StmntSeq Intrnl_Id="156">
<LocList>
<Loc EndOffset="2552" SrcFileId="1" StartOffset="2540"/>
</LocList>
<BasicStmnt CovItemId="S36" CovItemPrefix="Value.java" Intrnl_Id="157">
<LocList>
<Loc EndOffset="2552" SrcFileId="1" StartOffset="2540"/>
</LocList>
</BasicStmnt>
</StmntSeq>
</Branch>
<Branch CovItemId="B24" CovItemPrefix="Value.java" Implct="true" Intrnl_Id="158">
<Cond/>
<LocList/>
<StmntSeq Intrnl_Id="159">
<LocList/>
</StmntSeq>
</Branch>
<Keyword EndOffset="2430" SrcFileId="1" StartOffset="2428"/>
<LocList>
<Loc EndOffset="2560" SrcFileId="1" StartOffset="2428"/>
</LocList>
<RootTerm CovItemId="C12" CovItemPrefix="Value.java" Intrnl_Id="160">
<OpTerm BooleanOpId="3" Intrnl_Id="161">
<BasicBoolTerm Intrnl_Id="162">
<LocList>
<Loc EndOffset="2484" SrcFileId="1" StartOffset="2431"/>
</LocList>
</BasicBoolTerm>
<BasicBoolTerm Intrnl_Id="163">
<LocList>
<Loc EndOffset="2523" SrcFileId="1" StartOffset="2488"/>
</LocList>
</BasicBoolTerm>
<LocList>
<Loc EndOffset="2487" SrcFileId="1" StartOffset="2485"/>
</LocList>
</OpTerm>
</RootTerm>
</CondStmnt>
<BasicStmnt CovItemId="S37" CovItemPrefix="Value.java" Intrnl_Id="164">
<LocList>
<Loc EndOffset="2580" SrcFileId="1" StartOffset="2567"/>
</LocList>
</BasicStmnt>
</StmntSeq>
</HierarchyLvl>
<HierarchyLvl HierarchyLvlId="416" HierarchyLvlTypeId="5" Intrnl_Id="165" Name="isSameType">
<Header>
<Loc EndOffset="2635" SrcFileId="1" StartOffset="2599"/>
</Header>
<LocList>
<Loc EndOffset="3223" SrcFileId="1" StartOffset="2599"/>
</LocList>
<StmntSeq Intrnl_Id="166">
<LocList>
<Loc EndOffset="2718" SrcFileId="1" StartOffset="2649"/>
<Loc EndOffset="3189" SrcFileId="1" StartOffset="2725"/>
<Loc EndOffset="3216" SrcFileId="1" StartOffset="3203"/>
</LocList>
<CondStmnt CovItemId="S38" CovItemPrefix="Value.java" Intrnl_Id="167">
<Branch CovItemId="B25" CovItemPrefix="Value.java" Implct="false" Intrnl_Id="168">
<Cond/>
<LocList>
<Loc EndOffset="2718" SrcFileId="1" StartOffset="2689"/>
</LocList>
<StmntSeq Intrnl_Id="169">
<LocList>
<Loc EndOffset="2710" SrcFileId="1" StartOffset="2698"/>
</LocList>
<BasicStmnt CovItemId="S39" CovItemPrefix="Value.java" Intrnl_Id="170">
<LocList>
<Loc EndOffset="2710" SrcFileId="1" StartOffset="2698"/>
</LocList>
</BasicStmnt>
</StmntSeq>
</Branch>
<Branch CovItemId="B26" CovItemPrefix="Value.java" Implct="true" Intrnl_Id="171">
<Cond/>
<LocList/>
<StmntSeq Intrnl_Id="172">
<LocList/>
</StmntSeq>
</Branch>
<Keyword EndOffset="2651" SrcFileId="1" StartOffset="2649"/>
<LocList>
<Loc EndOffset="2718" SrcFileId="1" StartOffset="2649"/>
</LocList>
<RootTerm CovItemId="C13" CovItemPrefix="Value.java" Intrnl_Id="173">
<OpTerm BooleanOpId="2" Intrnl_Id="174">
<BasicBoolTerm Intrnl_Id="175">
<LocList>
<Loc EndOffset="2665" SrcFileId="1" StartOffset="2652"/>
</LocList>
</BasicBoolTerm>
<BasicBoolTerm Intrnl_Id="176">
<LocList>
<Loc EndOffset="2681" SrcFileId="1" StartOffset="2669"/>
</LocList>
</BasicBoolTerm>
<LocList>
<Loc EndOffset="2668" SrcFileId="1" StartOffset="2666"/>
</LocList>
</OpTerm>
</RootTerm>
</CondStmnt>
<CondStmnt CovItemId="S40" CovItemPrefix="Value.java" Intrnl_Id="177">
<Branch CovItemId="B27" CovItemPrefix="Value.java" Implct="false" Intrnl_Id="178">
<Cond/>
<LocList>
<Loc EndOffset="2804" SrcFileId="1" StartOffset="2775"/>
</LocList>
<StmntSeq Intrnl_Id="179">
<LocList>
<Loc EndOffset="2796" SrcFileId="1" StartOffset="2784"/>
</LocList>
<BasicStmnt CovItemId="S41" CovItemPrefix="Value.java" Intrnl_Id="180">
<LocList>
<Loc EndOffset="2796" SrcFileId="1" StartOffset="2784"/>
</LocList>
</BasicStmnt>
</StmntSeq>
</Branch>
<Branch CovItemId="B28" CovItemPrefix="Value.java" Implct="false" Intrnl_Id="181">
<Cond>
<Loc EndOffset="2815" SrcFileId="1" StartOffset="2811"/>
</Cond>
<LocList>
<Loc EndOffset="3189" SrcFileId="1" StartOffset="2816"/>
</LocList>
<StmntSeq Intrnl_Id="182">
<LocList>
<Loc EndOffset="3189" SrcFileId="1" StartOffset="2816"/>
</LocList>
<CondStmnt CovItemId="S42" CovItemPrefix="Value.java" Intrnl_Id="183">
<Branch CovItemId="B29" CovItemPrefix="Value.java" Implct="false" Intrnl_Id="184">
<Cond/>
<LocList>
<Loc EndOffset="2885" SrcFileId="1" StartOffset="2856"/>
</LocList>
<StmntSeq Intrnl_Id="185">
<LocList>
<Loc EndOffset="2877" SrcFileId="1" StartOffset="2865"/>
</LocList>
<BasicStmnt CovItemId="S43" CovItemPrefix="Value.java" Intrnl_Id="186">
<LocList>
<Loc EndOffset="2877" SrcFileId="1" StartOffset="2865"/>
</LocList>
</BasicStmnt>
</StmntSeq>
</Branch>
<Branch CovItemId="B30" CovItemPrefix="Value.java" Implct="false" Intrnl_Id="187">
<Cond>
<Loc EndOffset="2896" SrcFileId="1" StartOffset="2892"/>
</Cond>
<LocList>
<Loc EndOffset="3189" SrcFileId="1" StartOffset="2897"/>
</LocList>
<StmntSeq Intrnl_Id="188">
<LocList>
<Loc EndOffset="3189" SrcFileId="1" StartOffset="2897"/>
</LocList>
<CondStmnt CovItemId="S44" CovItemPrefix="Value.java" Intrnl_Id="189">
<Branch CovItemId="B31" CovItemPrefix="Value.java" Implct="false" Intrnl_Id="190">
<Cond/>
<LocList>
<Loc EndOffset="3021" SrcFileId="1" StartOffset="2992"/>
</LocList>
<StmntSeq Intrnl_Id="191">
<LocList>
<Loc EndOffset="3013" SrcFileId="1" StartOffset="3001"/>
</LocList>
<BasicStmnt CovItemId="S45" CovItemPrefix="Value.java" Intrnl_Id="192">
<LocList>
<Loc EndOffset="3013" SrcFileId="1" StartOffset="3001"/>
</LocList>
</BasicStmnt>
</StmntSeq>
</Branch>
<Branch CovItemId="B32" CovItemPrefix="Value.java" Implct="false" Intrnl_Id="193">
<Cond>
<Loc EndOffset="3032" SrcFileId="1" StartOffset="3028"/>
</Cond>
<LocList>
<Loc EndOffset="3189" SrcFileId="1" StartOffset="3033"/>
</LocList>
<StmntSeq Intrnl_Id="194">
<LocList>
<Loc EndOffset="3189" SrcFileId="1" StartOffset="3033"/>
</LocList>
<CondStmnt CovItemId="S46" CovItemPrefix="Value.java" Intrnl_Id="195">
<Branch CovItemId="B33" CovItemPrefix="Value.java" Implct="false" Intrnl_Id="196">
<Cond/>
<LocList>
<Loc EndOffset="3106" SrcFileId="1" StartOffset="3077"/>
</LocList>
<StmntSeq Intrnl_Id="197">
<LocList>
<Loc EndOffset="3098" SrcFileId="1" StartOffset="3086"/>
</LocList>
<BasicStmnt CovItemId="S47" CovItemPrefix="Value.java" Intrnl_Id="198">
<LocList>
<Loc EndOffset="3098" SrcFileId="1" StartOffset="3086"/>
</LocList>
</BasicStmnt>
</StmntSeq>
</Branch>
<Branch CovItemId="B34" CovItemPrefix="Value.java" Implct="false" Intrnl_Id="199">
<Cond>
<Loc EndOffset="3117" SrcFileId="1" StartOffset="3113"/>
</Cond>
<LocList>
<Loc EndOffset="3189" SrcFileId="1" StartOffset="3118"/>
</LocList>
<StmntSeq Intrnl_Id="200">
<LocList>
<Loc EndOffset="3189" SrcFileId="1" StartOffset="3118"/>
</LocList>
<CondStmnt CovItemId="S48" CovItemPrefix="Value.java" Intrnl_Id="201">
<Branch CovItemId="B35" CovItemPrefix="Value.java" Implct="false" Intrnl_Id="202">
<Cond/>
<LocList>
<Loc EndOffset="3189" SrcFileId="1" StartOffset="3160"/>
</LocList>
<StmntSeq Intrnl_Id="203">
<LocList>
<Loc EndOffset="3181" SrcFileId="1" StartOffset="3169"/>
</LocList>
<BasicStmnt CovItemId="S49" CovItemPrefix="Value.java" Intrnl_Id="204">
<LocList>
<Loc EndOffset="3181" SrcFileId="1" StartOffset="3169"/>
</LocList>
</BasicStmnt>
</StmntSeq>
</Branch>
<Branch CovItemId="B36" CovItemPrefix="Value.java" Implct="true" Intrnl_Id="205">
<Cond/>
<LocList/>
<StmntSeq Intrnl_Id="206">
<LocList/>
</StmntSeq>
</Branch>
<Keyword EndOffset="3120" SrcFileId="1" StartOffset="3118"/>
<LocList>
<Loc EndOffset="3189" SrcFileId="1" StartOffset="3118"/>
</LocList>
<RootTerm CovItemId="C18" CovItemPrefix="Value.java" Intrnl_Id="207">
<OpTerm BooleanOpId="2" Intrnl_Id="208">
<BasicBoolTerm Intrnl_Id="209">
<LocList>
<Loc EndOffset="3135" SrcFileId="1" StartOffset="3121"/>
</LocList>
</BasicBoolTerm>
<BasicBoolTerm Intrnl_Id="210">
<LocList>
<Loc EndOffset="3152" SrcFileId="1" StartOffset="3139"/>
</LocList>
</BasicBoolTerm>
<LocList>
<Loc EndOffset="3138" SrcFileId="1" StartOffset="3136"/>
</LocList>
</OpTerm>
</RootTerm>
</CondStmnt>
</StmntSeq>
</Branch>
<Keyword EndOffset="3035" SrcFileId="1" StartOffset="3033"/>
<LocList>
<Loc EndOffset="3189" SrcFileId="1" StartOffset="3033"/>
</LocList>
<RootTerm CovItemId="C17" CovItemPrefix="Value.java" Intrnl_Id="211">
<OpTerm BooleanOpId="2" Intrnl_Id="212">
<BasicBoolTerm Intrnl_Id="213">
<LocList>
<Loc EndOffset="3051" SrcFileId="1" StartOffset="3036"/>
</LocList>
</BasicBoolTerm>
<BasicBoolTerm Intrnl_Id="214">
<LocList>
<Loc EndOffset="3069" SrcFileId="1" StartOffset="3055"/>
</LocList>
</BasicBoolTerm>
<LocList>
<Loc EndOffset="3054" SrcFileId="1" StartOffset="3052"/>
</LocList>
</OpTerm>
</RootTerm>
</CondStmnt>
</StmntSeq>
</Branch>
<Keyword EndOffset="2899" SrcFileId="1" StartOffset="2897"/>
<LocList>
<Loc EndOffset="3189" SrcFileId="1" StartOffset="2897"/>
</LocList>
<RootTerm CovItemId="C16" CovItemPrefix="Value.java" Intrnl_Id="215">
<OpTerm BooleanOpId="3" Intrnl_Id="216">
<OpTerm BooleanOpId="2" Intrnl_Id="217">
<BasicBoolTerm Intrnl_Id="218">
<LocList>
<Loc EndOffset="2916" SrcFileId="1" StartOffset="2900"/>
</LocList>
</BasicBoolTerm>
<BasicBoolTerm Intrnl_Id="219">
<LocList>
<Loc EndOffset="2935" SrcFileId="1" StartOffset="2920"/>
</LocList>
</BasicBoolTerm>
<LocList>
<Loc EndOffset="2919" SrcFileId="1" StartOffset="2917"/>
</LocList>
</OpTerm>
<OpTerm BooleanOpId="2" Intrnl_Id="220">
<BasicBoolTerm Intrnl_Id="221">
<LocList>
<Loc EndOffset="2955" SrcFileId="1" StartOffset="2939"/>
</LocList>
</BasicBoolTerm>
<BasicBoolTerm Intrnl_Id="222">
<LocList>
<Loc EndOffset="2984" SrcFileId="1" StartOffset="2959"/>
</LocList>
</BasicBoolTerm>
<LocList>
<Loc EndOffset="2958" SrcFileId="1" StartOffset="2956"/>
</LocList>
</OpTerm>
<LocList>
<Loc EndOffset="2938" SrcFileId="1" StartOffset="2936"/>
</LocList>
</OpTerm>
</RootTerm>
</CondStmnt>
</StmntSeq>
</Branch>
<Keyword EndOffset="2818" SrcFileId="1" StartOffset="2816"/>
<LocList>
<Loc EndOffset="3189" SrcFileId="1" StartOffset="2816"/>
</LocList>
<RootTerm CovItemId="C15" CovItemPrefix="Value.java" Intrnl_Id="223">
<OpTerm BooleanOpId="2" Intrnl_Id="224">
<BasicBoolTerm Intrnl_Id="225">
<LocList>
<Loc EndOffset="2832" SrcFileId="1" StartOffset="2819"/>
</LocList>
</BasicBoolTerm>
<BasicBoolTerm Intrnl_Id="226">
<LocList>
<Loc EndOffset="2848" SrcFileId="1" StartOffset="2836"/>
</LocList>
</BasicBoolTerm>
<LocList>
<Loc EndOffset="2835" SrcFileId="1" StartOffset="2833"/>
</LocList>
</OpTerm>
</RootTerm>
</CondStmnt>
</StmntSeq>
</Branch>
<Keyword EndOffset="2727" SrcFileId="1" StartOffset="2725"/>
<LocList>
<Loc EndOffset="3189" SrcFileId="1" StartOffset="2725"/>
</LocList>
<RootTerm CovItemId="C14" CovItemPrefix="Value.java" Intrnl_Id="227">
<OpTerm BooleanOpId="2" Intrnl_Id="228">
<BasicBoolTerm Intrnl_Id="229">
<LocList>
<Loc EndOffset="2746" SrcFileId="1" StartOffset="2728"/>
</LocList>
</BasicBoolTerm>
<BasicBoolTerm Intrnl_Id="230">
<LocList>
<Loc EndOffset="2767" SrcFileId="1" StartOffset="2750"/>
</LocList>
</BasicBoolTerm>
<LocList>
<Loc EndOffset="2749" SrcFileId="1" StartOffset="2747"/>
</LocList>
</OpTerm>
</RootTerm>
</CondStmnt>
<BasicStmnt CovItemId="S50" CovItemPrefix="Value.java" Intrnl_Id="231">
<LocList>
<Loc EndOffset="3216" SrcFileId="1" StartOffset="3203"/>
</LocList>
</BasicStmnt>
</StmntSeq>
</HierarchyLvl>
<HierarchyLvl HierarchyLvlId="417" HierarchyLvlTypeId="5" Intrnl_Id="232" Name="GetType">
<Header>
<Loc EndOffset="3258" SrcFileId="1" StartOffset="3235"/>
</Header>
<LocList>
<Loc EndOffset="4030" SrcFileId="1" StartOffset="3235"/>
</LocList>
<StmntSeq Intrnl_Id="233">
<LocList>
<Loc EndOffset="4023" SrcFileId="1" StartOffset="3272"/>
</LocList>
<CondStmnt CovItemId="S51" CovItemPrefix="Value.java" Intrnl_Id="234">
<Branch CovItemId="B37" CovItemPrefix="Value.java" Implct="false" Intrnl_Id="235">
<Cond/>
<LocList>
<Loc EndOffset="3361" SrcFileId="1" StartOffset="3330"/>
</LocList>
<StmntSeq Intrnl_Id="236">
<LocList>
<Loc EndOffset="3353" SrcFileId="1" StartOffset="3339"/>
</LocList>
<BasicStmnt CovItemId="S52" CovItemPrefix="Value.java" Intrnl_Id="237">
<LocList>
<Loc EndOffset="3353" SrcFileId="1" StartOffset="3339"/>
</LocList>
</BasicStmnt>
</StmntSeq>
</Branch>
<Branch CovItemId="B38" CovItemPrefix="Value.java" Implct="false" Intrnl_Id="238">
<Cond>
<Loc EndOffset="3372" SrcFileId="1" StartOffset="3368"/>
</Cond>
<LocList>
<Loc EndOffset="4023" SrcFileId="1" StartOffset="3373"/>
</LocList>
<StmntSeq Intrnl_Id="239">
<LocList>
<Loc EndOffset="4023" SrcFileId="1" StartOffset="3373"/>
</LocList>
<CondStmnt CovItemId="S53" CovItemPrefix="Value.java" Intrnl_Id="240">
<Branch CovItemId="B39" CovItemPrefix="Value.java" Implct="false" Intrnl_Id="241">
<Cond/>
<LocList>
<Loc EndOffset="3477" SrcFileId="1" StartOffset="3441"/>
</LocList>
<StmntSeq Intrnl_Id="242">
<LocList>
<Loc EndOffset="3469" SrcFileId="1" StartOffset="3450"/>
</LocList>
<BasicStmnt CovItemId="S54" CovItemPrefix="Value.java" Intrnl_Id="243">
<LocList>
<Loc EndOffset="3469" SrcFileId="1" StartOffset="3450"/>
</LocList>
</BasicStmnt>
</StmntSeq>
</Branch>
<Branch CovItemId="B40" CovItemPrefix="Value.java" Implct="false" Intrnl_Id="244">
<Cond>
<Loc EndOffset="3488" SrcFileId="1" StartOffset="3484"/>
</Cond>
<LocList>
<Loc EndOffset="4023" SrcFileId="1" StartOffset="3489"/>
</LocList>
<StmntSeq Intrnl_Id="245">
<LocList>
<Loc EndOffset="4023" SrcFileId="1" StartOffset="3489"/>
</LocList>
<CondStmnt CovItemId="S55" CovItemPrefix="Value.java" Intrnl_Id="246">
<Branch CovItemId="B41" CovItemPrefix="Value.java" Implct="false" Intrnl_Id="247">
<Cond/>
<LocList>
<Loc EndOffset="3575" SrcFileId="1" StartOffset="3545"/>
</LocList>
<StmntSeq Intrnl_Id="248">
<LocList>
<Loc EndOffset="3567" SrcFileId="1" StartOffset="3554"/>
</LocList>
<BasicStmnt CovItemId="S56" CovItemPrefix="Value.java" Intrnl_Id="249">
<LocList>
<Loc EndOffset="3567" SrcFileId="1" StartOffset="3554"/>
</LocList>
</BasicStmnt>
</StmntSeq>
</Branch>
<Branch CovItemId="B42" CovItemPrefix="Value.java" Implct="false" Intrnl_Id="250">
<Cond>
<Loc EndOffset="3586" SrcFileId="1" StartOffset="3582"/>
</Cond>
<LocList>
<Loc EndOffset="4023" SrcFileId="1" StartOffset="3587"/>
</LocList>
<StmntSeq Intrnl_Id="251">
<LocList>
<Loc EndOffset="4023" SrcFileId="1" StartOffset="3587"/>
</LocList>
<CondStmnt CovItemId="S57" CovItemPrefix="Value.java" Intrnl_Id="252">
<Branch CovItemId="B43" CovItemPrefix="Value.java" Implct="false" Intrnl_Id="253">
<Cond/>
<LocList>
<Loc EndOffset="3682" SrcFileId="1" StartOffset="3649"/>
</LocList>
<StmntSeq Intrnl_Id="254">
<LocList>
<Loc EndOffset="3674" SrcFileId="1" StartOffset="3658"/>
</LocList>
<BasicStmnt CovItemId="S58" CovItemPrefix="Value.java" Intrnl_Id="255">
<LocList>
<Loc EndOffset="3674" SrcFileId="1" StartOffset="3658"/>
</LocList>
</BasicStmnt>
</StmntSeq>
</Branch>
<Branch CovItemId="B44" CovItemPrefix="Value.java" Implct="false" Intrnl_Id="256">
<Cond>
<Loc EndOffset="3693" SrcFileId="1" StartOffset="3689"/>
</Cond>
<LocList>
<Loc EndOffset="4023" SrcFileId="1" StartOffset="3694"/>
</LocList>
<StmntSeq Intrnl_Id="257">
<LocList>
<Loc EndOffset="4023" SrcFileId="1" StartOffset="3694"/>
</LocList>
<CondStmnt CovItemId="S59" CovItemPrefix="Value.java" Intrnl_Id="258">
<Branch CovItemId="B45" CovItemPrefix="Value.java" Implct="false" Intrnl_Id="259">
<Cond/>
<LocList>
<Loc EndOffset="3783" SrcFileId="1" StartOffset="3752"/>
</LocList>
<StmntSeq Intrnl_Id="260">
<LocList>
<Loc EndOffset="3775" SrcFileId="1" StartOffset="3761"/>
</LocList>
<BasicStmnt CovItemId="S60" CovItemPrefix="Value.java" Intrnl_Id="261">
<LocList>
<Loc EndOffset="3775" SrcFileId="1" StartOffset="3761"/>
</LocList>
</BasicStmnt>
</StmntSeq>
</Branch>
<Branch CovItemId="B46" CovItemPrefix="Value.java" Implct="false" Intrnl_Id="262">
<Cond>
<Loc EndOffset="3794" SrcFileId="1" StartOffset="3790"/>
</Cond>
<LocList>
<Loc EndOffset="4023" SrcFileId="1" StartOffset="3795"/>
</LocList>
<StmntSeq Intrnl_Id="263">
<LocList>
<Loc EndOffset="4023" SrcFileId="1" StartOffset="3795"/>
</LocList>
<CondStmnt CovItemId="S61" CovItemPrefix="Value.java" Intrnl_Id="264">
<Branch CovItemId="B47" CovItemPrefix="Value.java" Implct="false" Intrnl_Id="265">
<Cond/>
<LocList>
<Loc EndOffset="3890" SrcFileId="1" StartOffset="3857"/>
</LocList>
<StmntSeq Intrnl_Id="266">
<LocList>
<Loc EndOffset="3882" SrcFileId="1" StartOffset="3866"/>
</LocList>
<BasicStmnt CovItemId="S62" CovItemPrefix="Value.java" Intrnl_Id="267">
<LocList>
<Loc EndOffset="3882" SrcFileId="1" StartOffset="3866"/>
</LocList>
</BasicStmnt>
</StmntSeq>
</Branch>
<Branch CovItemId="B48" CovItemPrefix="Value.java" Implct="false" Intrnl_Id="268">
<Cond>
<Loc EndOffset="3901" SrcFileId="1" StartOffset="3897"/>
</Cond>
<LocList>
<Loc EndOffset="4023" SrcFileId="1" StartOffset="3902"/>
</LocList>
<StmntSeq Intrnl_Id="269">
<LocList>
<Loc EndOffset="4023" SrcFileId="1" StartOffset="3902"/>
</LocList>
<CondStmnt CovItemId="S63" CovItemPrefix="Value.java" Intrnl_Id="270">
<Branch CovItemId="B49" CovItemPrefix="Value.java" Implct="false" Intrnl_Id="271">
<Cond/>
<LocList>
<Loc EndOffset="3976" SrcFileId="1" StartOffset="3944"/>
</LocList>
<StmntSeq Intrnl_Id="272">
<LocList>
<Loc EndOffset="3968" SrcFileId="1" StartOffset="3953"/>
</LocList>
<BasicStmnt CovItemId="S64" CovItemPrefix="Value.java" Intrnl_Id="273">
<LocList>
<Loc EndOffset="3968" SrcFileId="1" StartOffset="3953"/>
</LocList>
</BasicStmnt>
</StmntSeq>
</Branch>
<Branch CovItemId="B50" CovItemPrefix="Value.java" Implct="false" Intrnl_Id="274">
<Cond>
<Loc EndOffset="3987" SrcFileId="1" StartOffset="3983"/>
</Cond>
<LocList>
<Loc EndOffset="4023" SrcFileId="1" StartOffset="3994"/>
</LocList>
<StmntSeq Intrnl_Id="275">
<LocList>
<Loc EndOffset="4015" SrcFileId="1" StartOffset="4003"/>
</LocList>
<BasicStmnt CovItemId="S65" CovItemPrefix="Value.java" Intrnl_Id="276">
<LocList>
<Loc EndOffset="4015" SrcFileId="1" StartOffset="4003"/>
</LocList>
</BasicStmnt>
</StmntSeq>
</Branch>
<Keyword EndOffset="3904" SrcFileId="1" StartOffset="3902"/>
<LocList>
<Loc EndOffset="4023" SrcFileId="1" StartOffset="3902"/>
</LocList>
<RootTerm CovItemId="C25" CovItemPrefix="Value.java" Intrnl_Id="277">
<BasicBoolTerm Intrnl_Id="278">
<LocList>
<Loc EndOffset="3936" SrcFileId="1" StartOffset="3905"/>
</LocList>
</BasicBoolTerm>
</RootTerm>
</CondStmnt>
</StmntSeq>
</Branch>
<Keyword EndOffset="3797" SrcFileId="1" StartOffset="3795"/>
<LocList>
<Loc EndOffset="4023" SrcFileId="1" StartOffset="3795"/>
</LocList>
<RootTerm CovItemId="C24" CovItemPrefix="Value.java" Intrnl_Id="279">
<OpTerm BooleanOpId="3" Intrnl_Id="280">
<BasicBoolTerm Intrnl_Id="281">
<LocList>
<Loc EndOffset="3813" SrcFileId="1" StartOffset="3798"/>
</LocList>
</BasicBoolTerm>
<BasicBoolTerm Intrnl_Id="282">
<LocList>
<Loc EndOffset="3849" SrcFileId="1" StartOffset="3817"/>
</LocList>
</BasicBoolTerm>
<LocList>
<Loc EndOffset="3816" SrcFileId="1" StartOffset="3814"/>
</LocList>
</OpTerm>
</RootTerm>
</CondStmnt>
</StmntSeq>
</Branch>
<Keyword EndOffset="3696" SrcFileId="1" StartOffset="3694"/>
<LocList>
<Loc EndOffset="4023" SrcFileId="1" StartOffset="3694"/>
</LocList>
<RootTerm CovItemId="C23" CovItemPrefix="Value.java" Intrnl_Id="283">
<OpTerm BooleanOpId="3" Intrnl_Id="284">
<BasicBoolTerm Intrnl_Id="285">
<LocList>
<Loc EndOffset="3710" SrcFileId="1" StartOffset="3697"/>
</LocList>
</BasicBoolTerm>
<BasicBoolTerm Intrnl_Id="286">
<LocList>
<Loc EndOffset="3744" SrcFileId="1" StartOffset="3714"/>
</LocList>
</BasicBoolTerm>
<LocList>
<Loc EndOffset="3713" SrcFileId="1" StartOffset="3711"/>
</LocList>
</OpTerm>
</RootTerm>
</CondStmnt>
</StmntSeq>
</Branch>
<Keyword EndOffset="3589" SrcFileId="1" StartOffset="3587"/>
<LocList>
<Loc EndOffset="4023" SrcFileId="1" StartOffset="3587"/>
</LocList>
<RootTerm CovItemId="C22" CovItemPrefix="Value.java" Intrnl_Id="287">
<OpTerm BooleanOpId="3" Intrnl_Id="288">
<BasicBoolTerm Intrnl_Id="289">
<LocList>
<Loc EndOffset="3605" SrcFileId="1" StartOffset="3590"/>
</LocList>
</BasicBoolTerm>
<BasicBoolTerm Intrnl_Id="290">
<LocList>
<Loc EndOffset="3641" SrcFileId="1" StartOffset="3609"/>
</LocList>
</BasicBoolTerm>
<LocList>
<Loc EndOffset="3608" SrcFileId="1" StartOffset="3606"/>
</LocList>
</OpTerm>
</RootTerm>
</CondStmnt>
</StmntSeq>
</Branch>
<Keyword EndOffset="3491" SrcFileId="1" StartOffset="3489"/>
<LocList>
<Loc EndOffset="4023" SrcFileId="1" StartOffset="3489"/>
</LocList>
<RootTerm CovItemId="C21" CovItemPrefix="Value.java" Intrnl_Id="291">
<OpTerm BooleanOpId="3" Intrnl_Id="292">
<BasicBoolTerm Intrnl_Id="293">
<LocList>
<Loc EndOffset="3504" SrcFileId="1" StartOffset="3492"/>
</LocList>
</BasicBoolTerm>
<BasicBoolTerm Intrnl_Id="294">
<LocList>
<Loc EndOffset="3537" SrcFileId="1" StartOffset="3508"/>
</LocList>
</BasicBoolTerm>
<LocList>
<Loc EndOffset="3507" SrcFileId="1" StartOffset="3505"/>
</LocList>
</OpTerm>
</RootTerm>
</CondStmnt>
</StmntSeq>
</Branch>
<Keyword EndOffset="3375" SrcFileId="1" StartOffset="3373"/>
<LocList>
<Loc EndOffset="4023" SrcFileId="1" StartOffset="3373"/>
</LocList>
<RootTerm CovItemId="C20" CovItemPrefix="Value.java" Intrnl_Id="295">
<OpTerm BooleanOpId="3" Intrnl_Id="296">
<BasicBoolTerm Intrnl_Id="297">
<LocList>
<Loc EndOffset="3411" SrcFileId="1" StartOffset="3376"/>
</LocList>
</BasicBoolTerm>
<BasicBoolTerm Intrnl_Id="298">
<LocList>
<Loc EndOffset="3433" SrcFileId="1" StartOffset="3415"/>
</LocList>
</BasicBoolTerm>
<LocList>
<Loc EndOffset="3414" SrcFileId="1" StartOffset="3412"/>
</LocList>
</OpTerm>
</RootTerm>
</CondStmnt>
</StmntSeq>
</Branch>
<Keyword EndOffset="3274" SrcFileId="1" StartOffset="3272"/>
<LocList>
<Loc EndOffset="4023" SrcFileId="1" StartOffset="3272"/>
</LocList>
<RootTerm CovItemId="C19" CovItemPrefix="Value.java" Intrnl_Id="299">
<OpTerm BooleanOpId="3" Intrnl_Id="300">
<BasicBoolTerm Intrnl_Id="301">
<LocList>
<Loc EndOffset="3288" SrcFileId="1" StartOffset="3275"/>
</LocList>
</BasicBoolTerm>
<BasicBoolTerm Intrnl_Id="302">
<LocList>
<Loc EndOffset="3322" SrcFileId="1" StartOffset="3292"/>
</LocList>
</BasicBoolTerm>
<LocList>
<Loc EndOffset="3291" SrcFileId="1" StartOffset="3289"/>
</LocList>
</OpTerm>
</RootTerm>
</CondStmnt>
</StmntSeq>
</HierarchyLvl>
<HierarchyLvl HierarchyLvlId="418" HierarchyLvlTypeId="5" Intrnl_Id="303" Name="toString">
<Header>
<Loc EndOffset="4077" SrcFileId="1" StartOffset="4038"/>
</Header>
<LocList>
<Loc EndOffset="4125" SrcFileId="1" StartOffset="4038"/>
</LocList>
<StmntSeq Intrnl_Id="304">
<LocList>
<Loc EndOffset="4118" SrcFileId="1" StartOffset="4089"/>
</LocList>
<BasicStmnt CovItemId="S66" CovItemPrefix="Value.java" Intrnl_Id="305">
<LocList>
<Loc EndOffset="4118" SrcFileId="1" StartOffset="4089"/>
</LocList>
</BasicStmnt>
</StmntSeq>
</HierarchyLvl>
</HierarchyLvl>
</HierarchyLvl>
</MASTRoot>
</TestSessionContainer>
