<?xml version="1.0" encoding="UTF-8"?><TestSessionContainer xmlns="http://www.codecover.org/xml/testsession-container" Date="1367932819403" TestSessionContainerId="904933bc-b6f3-4eb8-9770-135002635cd7" version="1.0">
<SrcFileList>
<SrcFile Content="&#13;&#10;public class Value {&#13;&#10;&#9;public static Value VOID = new Value(new Object());&#13;&#10;&#13;&#10;    final Object value;&#13;&#10;&#13;&#10;    public Value(Object value) {&#13;&#10;        this.value = value;&#13;&#10;    }&#13;&#10;    &#13;&#10;    public Value()&#13;&#10;    {&#13;&#10;    &#9;this.value = &quot;&quot;;&#13;&#10;    }&#13;&#10;&#13;&#10;    public boolean isDouble() &#13;&#10;    {&#13;&#10;&#9;&#9;if(this.toString().matches(&quot;((-)?[0-9]+)\\.([0-9]){1,2}&quot;))&#13;&#10;&#9;&#9;{&#13;&#10;&#9;&#9;&#9;return true;&#13;&#10;&#9;&#9;}&#13;&#10;&#9;&#9;return false;&#13;&#10;    }&#13;&#10;    &#13;&#10;    public boolean isInt()&#13;&#10;    {&#13;&#10;&#9;&#9;if(this.toString().matches(&quot;(-)?[0-9]+&quot;))&#13;&#10;&#9;&#9;{&#13;&#10;&#9;&#9;&#9;return true;&#13;&#10;&#9;&#9;}&#13;&#10;&#9;&#9;return false;&#13;&#10;    }&#13;&#10;    &#13;&#10;    public boolean isDrink()&#13;&#10;    {&#13;&#10;&#9;&#9;if(this.toString().equals(&quot;drink&quot;))&#13;&#10;&#9;&#9;{&#13;&#10;&#9;&#9;&#9;return true;&#13;&#10;&#9;&#9;}&#13;&#10;&#9;&#9;return false;&#13;&#10;    }&#13;&#10;    &#13;&#10;    public boolean isNumeric()&#13;&#10;    {&#13;&#10;    &#9;if(this.isInt() || this.isDouble() || this.toString().equals(&quot;int&quot;) || this.toString().equals(&quot;double&quot;))&#13;&#10;    &#9;{&#13;&#10;    &#9;&#9;return true;&#13;&#10;    &#9;}&#13;&#10;    &#9;return false;&#13;&#10;    }&#13;&#10;    &#13;&#10;    public boolean isNumericExpression()&#13;&#10;    {    &#9;&#13;&#10;    &#9;if(this.toString().contains(&quot;(&quot;))&#13;&#10;    &#9;{&#13;&#10;    &#9;&#9;int i = 0;&#13;&#10;        &#9;int location = 0;&#13;&#10;        &#9;&#13;&#10;    &#9;&#9;if(!this.toString().contains(&quot;)&quot;))&#13;&#10;    &#9;&#9;{&#13;&#10;    &#9;&#9;&#9;return false;&#13;&#10;    &#9;&#9;}&#13;&#10;    &#9;&#9;&#13;&#10;    &#9;&#9;for(i=0; i&lt;=this.toString().length()-1; i++)&#13;&#10;    &#9;&#9;{&#13;&#10;    &#9;&#9;&#9;if(this.toString().charAt(i) == '(')&#13;&#10;    &#9;&#9;&#9;{&#13;&#10;    &#9;&#9;&#9;&#9;location = i;&#13;&#10;    &#9;&#9;&#9;&#9;break;&#13;&#10;    &#9;&#9;&#9;}&#13;&#10;    &#9;&#9;}&#13;&#10;    &#9;&#9;for(i=this.toString().length()-1; i&gt;=0; i--)&#13;&#10;    &#9;&#9;{&#13;&#10;    &#9;&#9;&#9;if(this.toString().charAt(i) == ')')&#13;&#10;    &#9;&#9;&#9;{&#13;&#10;    &#9;&#9;&#9;&#9;&#13;&#10;    &#9;&#9;&#9;}&#13;&#10;    &#9;&#9;}&#13;&#10;    &#9;}&#13;&#10;    &#9;if(this.toString().matches(&quot;(-)?[0-9]+(\\.[0-9]{1,2})?((\\+|\\-|\\*|\\/)[0-9]+(\\.[0-9]{1,2})?)*&quot;))&#13;&#10;    &#9;{&#13;&#10;    &#9;&#9;return true;&#13;&#10;    &#9;}&#13;&#10;    &#9;return false;&#13;&#10;    }&#13;&#10;    &#13;&#10;    public boolean isChar()&#13;&#10;    {&#13;&#10;&#9;&#9;if(this.toString().length() != 3 || &#13;&#10;&#9;&#9;   this.toString().charAt(0) != '\'' || &#13;&#10;&#9;&#9;   this.toString().charAt(this.toString().length()-1) != '\'')&#13;&#10;&#9;&#9;{&#13;&#10;&#9;&#9;&#9;return false;&#13;&#10;&#9;&#9;}&#13;&#10;&#9;&#9;return true;&#13;&#10;    }&#13;&#10;    &#13;&#10;    public boolean isString()&#13;&#10;    {&#13;&#10;    &#9;if(this.toString().length() &lt; 2)&#13;&#10;    &#9;{&#13;&#10;    &#9;&#9;return false;&#13;&#10;    &#9;}&#13;&#10;    &#9;else if(this.toString().charAt(0) != '&quot;'|| this.toString().charAt(this.toString().length()-1) != '&quot;')&#13;&#10;&#9;&#9;{&#13;&#10;&#9;&#9;&#9;return false;&#13;&#10;&#9;&#9;}&#13;&#10;&#9;&#9;return true;&#13;&#10;    }&#13;&#10;    &#13;&#10;    public boolean isBool()&#13;&#10;    {&#13;&#10;    &#9;if(this.toString().equals(&quot;true&quot;) || this.toString().equals(&quot;false&quot;))&#13;&#10;    &#9;{&#13;&#10;    &#9;&#9;return true;&#13;&#10;    &#9;}&#13;&#10;    &#9;return false;&#13;&#10;    }&#13;&#10;    &#13;&#10;    public boolean isContainer()&#13;&#10;    {&#13;&#10;    &#9;if(this.toString().matches(&quot;((1?[0-3])|([0-9]))|A[0-5]&quot;) || this.toString().equals(&quot;container&quot;))&#13;&#10;    &#9;{&#13;&#10;    &#9;&#9;return true;&#13;&#10;    &#9;}&#13;&#10;    &#9;return false;&#13;&#10;    }&#13;&#10;    &#13;&#10;    public boolean isSameType(Value val)&#13;&#10;    {&#13;&#10;    &#9;if(this.isBool() &amp;&amp; val.isBool())&#13;&#10;    &#9;{&#13;&#10;    &#9;&#9;return true;&#13;&#10;    &#9;}&#13;&#10;    &#9;if(this.isContainer() &amp;&amp; val.isContainer())&#13;&#10;    &#9;{&#13;&#10;    &#9;&#9;return true;&#13;&#10;    &#9;}&#13;&#10;    &#9;else if(this.isChar() &amp;&amp; val.isChar())&#13;&#10;    &#9;{&#13;&#10;    &#9;&#9;return true;&#13;&#10;    &#9;}&#13;&#10;    &#9;else if(this.isNumeric() &amp;&amp; val.isNumeric() || this.isNumeric() &amp;&amp; val.isNumericExpression())&#13;&#10;    &#9;{&#13;&#10;    &#9;&#9;return true;&#13;&#10;    &#9;}&#13;&#10;    &#9;else if(this.isString() &amp;&amp; val.isString())&#13;&#10;    &#9;{&#13;&#10;    &#9;&#9;return true;&#13;&#10;    &#9;}&#13;&#10;    &#9;else if(this.isDrink() &amp;&amp; val.isDrink())&#13;&#10;    &#9;{&#13;&#10;    &#9;&#9;return true;&#13;&#10;    &#9;}&#13;&#10;    &#9;&#13;&#10;    &#9;return false;&#13;&#10;    }&#13;&#10;    &#13;&#10;    public String GetType()&#13;&#10;    {&#13;&#10;    &#9;if(this.isBool() || this.toString().equals(&quot;bool&quot;))&#13;&#10;    &#9;{&#13;&#10;    &#9;&#9;return &quot;bool&quot;;&#13;&#10;    &#9;}&#13;&#10;    &#9;else if(this.toString().equals(&quot;container&quot;) || this.isContainer())&#13;&#10;    &#9;{&#13;&#10;    &#9;&#9;return &quot;container&quot;;&#13;&#10;    &#9;}&#13;&#10;    &#9;else if(this.isInt() || this.toString().equals(&quot;int&quot;))&#13;&#10;    &#9;{&#13;&#10;    &#9;&#9;return &quot;int&quot;;&#13;&#10;    &#9;}&#13;&#10;    &#9;else if(this.isDouble() || this.toString().equals(&quot;double&quot;))&#13;&#10;    &#9;{&#13;&#10;    &#9;&#9;return &quot;double&quot;;&#13;&#10;    &#9;}&#13;&#10;    &#9;else if(this.isChar() || this.toString().equals(&quot;char&quot;))&#13;&#10;    &#9;{&#13;&#10;    &#9;&#9;return &quot;char&quot;;&#13;&#10;    &#9;}&#13;&#10;    &#9;else if(this.isString() || this.toString().equals(&quot;string&quot;))&#13;&#10;    &#9;{&#13;&#10;    &#9;&#9;return &quot;string&quot;;&#13;&#10;    &#9;}&#13;&#10;    &#9;else if(this.toString().equals(&quot;drink&quot;))&#13;&#10;    &#9;{&#13;&#10;    &#9;&#9;return &quot;drink&quot;;&#13;&#10;    &#9;}&#13;&#10;    &#9;else&#13;&#10;    &#9;{&#13;&#10;    &#9;&#9;return null;&#13;&#10;    &#9;}&#13;&#10;    }&#13;&#10;&#13;&#10;    @Override&#13;&#10;    public boolean equals(Object o) {&#13;&#10;&#13;&#10;        if(value == o) {&#13;&#10;            return true;&#13;&#10;        }&#13;&#10;&#13;&#10;        if(value == null || o == null || o.getClass() != value.getClass()) {&#13;&#10;            return false;&#13;&#10;        }&#13;&#10;&#13;&#10;        Value that = (Value)o;&#13;&#10;&#13;&#10;        return this.value.equals(that.value);&#13;&#10;    }&#13;&#10;&#13;&#10;    @Override&#13;&#10;    public String toString() {&#13;&#10;        return String.valueOf(value);&#13;&#10;    }&#13;&#10;}&#13;&#10;" Filename="Value.java" Intrnl_Id="1"/>
</SrcFileList>
<CritList>
<CritListEntry Name="org.codecover.model.utils.criteria.LoopCoverage" PluginName="org.codecover"/>
<CritListEntry Name="org.codecover.model.utils.criteria.BranchCoverage" PluginName="org.codecover"/>
<CritListEntry Name="org.codecover.model.utils.criteria.ConditionCoverage" PluginName="org.codecover"/>
<CritListEntry Name="org.codecover.model.utils.criteria.StatementCoverage" PluginName="org.codecover"/>
</CritList>
<BoolOpList>
<BoolOp Arity="1" Intrnl_Id="2" Name="not (!)">
<BoolAssgnmntBoolMapList>
<MapEntry BoolAssgnmnt="0" Value="true"/>
<MapEntry BoolAssgnmnt="1" Value="false"/>
</BoolAssgnmntBoolMapList>
</BoolOp>
<BoolOp Arity="2" Intrnl_Id="3" Name="conditional and (&amp;&amp;)">
<BoolAssgnmntBoolMapList>
<MapEntry BoolAssgnmnt="10" Value="false"/>
<MapEntry BoolAssgnmnt="02" Value="false"/>
<MapEntry BoolAssgnmnt="11" Value="true"/>
</BoolAssgnmntBoolMapList>
</BoolOp>
<BoolOp Arity="2" Intrnl_Id="4" Name="conditional or (||)">
<BoolAssgnmntBoolMapList>
<MapEntry BoolAssgnmnt="01" Value="true"/>
<MapEntry BoolAssgnmnt="00" Value="false"/>
<MapEntry BoolAssgnmnt="12" Value="true"/>
</BoolAssgnmntBoolMapList>
</BoolOp>
</BoolOpList>
<HierarchyLvlTypeList>
<HierarchyLvlType EnglishName="class" IntrnlName="class" Intrnl_Id="5"/>
<HierarchyLvlType EnglishName="method" IntrnlName="method" Intrnl_Id="6"/>
<HierarchyLvlType EnglishName="default package" IntrnlName="default package" Intrnl_Id="7"/>
</HierarchyLvlTypeList>
<MASTRoot>
<HierarchyLvl HierarchyLvlId="936" HierarchyLvlTypeId="7" Intrnl_Id="8" Name="default package">
<Header/>
<LocList/>
<HierarchyLvl HierarchyLvlId="935" HierarchyLvlTypeId="5" Intrnl_Id="9" Name="Value">
<Header>
<Loc EndOffset="20" SrcFileId="1" StartOffset="2"/>
</Header>
<LocList>
<Loc EndOffset="4418" SrcFileId="1" StartOffset="2"/>
</LocList>
<StmntSeq Intrnl_Id="10">
<LocList>
<Loc EndOffset="76" SrcFileId="1" StartOffset="25"/>
</LocList>
<BasicStmnt CovItemId="S1" CovItemPrefix="Value.java" Intrnl_Id="11">
<LocList>
<Loc EndOffset="76" SrcFileId="1" StartOffset="25"/>
</LocList>
</BasicStmnt>
</StmntSeq>
<HierarchyLvl HierarchyLvlId="920" HierarchyLvlTypeId="6" Intrnl_Id="12" Name="Value">
<Header>
<Loc EndOffset="137" SrcFileId="1" StartOffset="111"/>
</Header>
<LocList>
<Loc EndOffset="175" SrcFileId="1" StartOffset="111"/>
</LocList>
<StmntSeq Intrnl_Id="13">
<LocList>
<Loc EndOffset="168" SrcFileId="1" StartOffset="149"/>
</LocList>
<BasicStmnt CovItemId="S2" CovItemPrefix="Value.java" Intrnl_Id="14">
<LocList>
<Loc EndOffset="168" SrcFileId="1" StartOffset="149"/>
</LocList>
</BasicStmnt>
</StmntSeq>
</HierarchyLvl>
<HierarchyLvl HierarchyLvlId="921" HierarchyLvlTypeId="6" Intrnl_Id="15" Name="Value">
<Header>
<Loc EndOffset="201" SrcFileId="1" StartOffset="187"/>
</Header>
<LocList>
<Loc EndOffset="238" SrcFileId="1" StartOffset="187"/>
</LocList>
<StmntSeq Intrnl_Id="16">
<LocList>
<Loc EndOffset="231" SrcFileId="1" StartOffset="215"/>
</LocList>
<BasicStmnt CovItemId="S3" CovItemPrefix="Value.java" Intrnl_Id="17">
<LocList>
<Loc EndOffset="231" SrcFileId="1" StartOffset="215"/>
</LocList>
</BasicStmnt>
</StmntSeq>
</HierarchyLvl>
<HierarchyLvl HierarchyLvlId="922" HierarchyLvlTypeId="6" Intrnl_Id="18" Name="isDouble">
<Header>
<Loc EndOffset="271" SrcFileId="1" StartOffset="246"/>
</Header>
<LocList>
<Loc EndOffset="392" SrcFileId="1" StartOffset="246"/>
</LocList>
<StmntSeq Intrnl_Id="19">
<LocList>
<Loc EndOffset="368" SrcFileId="1" StartOffset="283"/>
<Loc EndOffset="385" SrcFileId="1" StartOffset="372"/>
</LocList>
<CondStmnt CovItemId="S4" CovItemPrefix="Value.java" Intrnl_Id="20">
<Branch CovItemId="B1" CovItemPrefix="Value.java" Implct="false" Intrnl_Id="21">
<Cond/>
<LocList>
<Loc EndOffset="368" SrcFileId="1" StartOffset="345"/>
</LocList>
<StmntSeq Intrnl_Id="22">
<LocList>
<Loc EndOffset="363" SrcFileId="1" StartOffset="351"/>
</LocList>
<BasicStmnt CovItemId="S5" CovItemPrefix="Value.java" Intrnl_Id="23">
<LocList>
<Loc EndOffset="363" SrcFileId="1" StartOffset="351"/>
</LocList>
</BasicStmnt>
</StmntSeq>
</Branch>
<Branch CovItemId="B2" CovItemPrefix="Value.java" Implct="true" Intrnl_Id="24">
<Cond/>
<LocList/>
<StmntSeq Intrnl_Id="25">
<LocList/>
</StmntSeq>
</Branch>
<Keyword EndOffset="285" SrcFileId="1" StartOffset="283"/>
<LocList>
<Loc EndOffset="368" SrcFileId="1" StartOffset="283"/>
</LocList>
<RootTerm CovItemId="C1" CovItemPrefix="Value.java" Intrnl_Id="26">
<BasicBoolTerm Intrnl_Id="27">
<LocList>
<Loc EndOffset="340" SrcFileId="1" StartOffset="286"/>
</LocList>
</BasicBoolTerm>
</RootTerm>
</CondStmnt>
<BasicStmnt CovItemId="S6" CovItemPrefix="Value.java" Intrnl_Id="28">
<LocList>
<Loc EndOffset="385" SrcFileId="1" StartOffset="372"/>
</LocList>
</BasicStmnt>
</StmntSeq>
</HierarchyLvl>
<HierarchyLvl HierarchyLvlId="923" HierarchyLvlTypeId="6" Intrnl_Id="29" Name="isInt">
<Header>
<Loc EndOffset="426" SrcFileId="1" StartOffset="404"/>
</Header>
<LocList>
<Loc EndOffset="529" SrcFileId="1" StartOffset="404"/>
</LocList>
<StmntSeq Intrnl_Id="30">
<LocList>
<Loc EndOffset="505" SrcFileId="1" StartOffset="437"/>
<Loc EndOffset="522" SrcFileId="1" StartOffset="509"/>
</LocList>
<CondStmnt CovItemId="S7" CovItemPrefix="Value.java" Intrnl_Id="31">
<Branch CovItemId="B3" CovItemPrefix="Value.java" Implct="false" Intrnl_Id="32">
<Cond/>
<LocList>
<Loc EndOffset="505" SrcFileId="1" StartOffset="482"/>
</LocList>
<StmntSeq Intrnl_Id="33">
<LocList>
<Loc EndOffset="500" SrcFileId="1" StartOffset="488"/>
</LocList>
<BasicStmnt CovItemId="S8" CovItemPrefix="Value.java" Intrnl_Id="34">
<LocList>
<Loc EndOffset="500" SrcFileId="1" StartOffset="488"/>
</LocList>
</BasicStmnt>
</StmntSeq>
</Branch>
<Branch CovItemId="B4" CovItemPrefix="Value.java" Implct="true" Intrnl_Id="35">
<Cond/>
<LocList/>
<StmntSeq Intrnl_Id="36">
<LocList/>
</StmntSeq>
</Branch>
<Keyword EndOffset="439" SrcFileId="1" StartOffset="437"/>
<LocList>
<Loc EndOffset="505" SrcFileId="1" StartOffset="437"/>
</LocList>
<RootTerm CovItemId="C2" CovItemPrefix="Value.java" Intrnl_Id="37">
<BasicBoolTerm Intrnl_Id="38">
<LocList>
<Loc EndOffset="477" SrcFileId="1" StartOffset="440"/>
</LocList>
</BasicBoolTerm>
</RootTerm>
</CondStmnt>
<BasicStmnt CovItemId="S9" CovItemPrefix="Value.java" Intrnl_Id="39">
<LocList>
<Loc EndOffset="522" SrcFileId="1" StartOffset="509"/>
</LocList>
</BasicStmnt>
</StmntSeq>
</HierarchyLvl>
<HierarchyLvl HierarchyLvlId="924" HierarchyLvlTypeId="6" Intrnl_Id="40" Name="isDrink">
<Header>
<Loc EndOffset="565" SrcFileId="1" StartOffset="541"/>
</Header>
<LocList>
<Loc EndOffset="662" SrcFileId="1" StartOffset="541"/>
</LocList>
<StmntSeq Intrnl_Id="41">
<LocList>
<Loc EndOffset="638" SrcFileId="1" StartOffset="576"/>
<Loc EndOffset="655" SrcFileId="1" StartOffset="642"/>
</LocList>
<CondStmnt CovItemId="S10" CovItemPrefix="Value.java" Intrnl_Id="42">
<Branch CovItemId="B5" CovItemPrefix="Value.java" Implct="false" Intrnl_Id="43">
<Cond/>
<LocList>
<Loc EndOffset="638" SrcFileId="1" StartOffset="615"/>
</LocList>
<StmntSeq Intrnl_Id="44">
<LocList>
<Loc EndOffset="633" SrcFileId="1" StartOffset="621"/>
</LocList>
<BasicStmnt CovItemId="S11" CovItemPrefix="Value.java" Intrnl_Id="45">
<LocList>
<Loc EndOffset="633" SrcFileId="1" StartOffset="621"/>
</LocList>
</BasicStmnt>
</StmntSeq>
</Branch>
<Branch CovItemId="B6" CovItemPrefix="Value.java" Implct="true" Intrnl_Id="46">
<Cond/>
<LocList/>
<StmntSeq Intrnl_Id="47">
<LocList/>
</StmntSeq>
</Branch>
<Keyword EndOffset="578" SrcFileId="1" StartOffset="576"/>
<LocList>
<Loc EndOffset="638" SrcFileId="1" StartOffset="576"/>
</LocList>
<RootTerm CovItemId="C3" CovItemPrefix="Value.java" Intrnl_Id="48">
<BasicBoolTerm Intrnl_Id="49">
<LocList>
<Loc EndOffset="610" SrcFileId="1" StartOffset="579"/>
</LocList>
</BasicBoolTerm>
</RootTerm>
</CondStmnt>
<BasicStmnt CovItemId="S12" CovItemPrefix="Value.java" Intrnl_Id="50">
<LocList>
<Loc EndOffset="655" SrcFileId="1" StartOffset="642"/>
</LocList>
</BasicStmnt>
</StmntSeq>
</HierarchyLvl>
<HierarchyLvl HierarchyLvlId="925" HierarchyLvlTypeId="6" Intrnl_Id="51" Name="isNumeric">
<Header>
<Loc EndOffset="700" SrcFileId="1" StartOffset="674"/>
</Header>
<LocList>
<Loc EndOffset="881" SrcFileId="1" StartOffset="674"/>
</LocList>
<StmntSeq Intrnl_Id="52">
<LocList>
<Loc EndOffset="854" SrcFileId="1" StartOffset="714"/>
<Loc EndOffset="874" SrcFileId="1" StartOffset="861"/>
</LocList>
<CondStmnt CovItemId="S13" CovItemPrefix="Value.java" Intrnl_Id="53">
<Branch CovItemId="B7" CovItemPrefix="Value.java" Implct="false" Intrnl_Id="54">
<Cond/>
<LocList>
<Loc EndOffset="854" SrcFileId="1" StartOffset="825"/>
</LocList>
<StmntSeq Intrnl_Id="55">
<LocList>
<Loc EndOffset="846" SrcFileId="1" StartOffset="834"/>
</LocList>
<BasicStmnt CovItemId="S14" CovItemPrefix="Value.java" Intrnl_Id="56">
<LocList>
<Loc EndOffset="846" SrcFileId="1" StartOffset="834"/>
</LocList>
</BasicStmnt>
</StmntSeq>
</Branch>
<Branch CovItemId="B8" CovItemPrefix="Value.java" Implct="true" Intrnl_Id="57">
<Cond/>
<LocList/>
<StmntSeq Intrnl_Id="58">
<LocList/>
</StmntSeq>
</Branch>
<Keyword EndOffset="716" SrcFileId="1" StartOffset="714"/>
<LocList>
<Loc EndOffset="854" SrcFileId="1" StartOffset="714"/>
</LocList>
<RootTerm CovItemId="C4" CovItemPrefix="Value.java" Intrnl_Id="59">
<OpTerm BooleanOpId="4" Intrnl_Id="60">
<OpTerm BooleanOpId="4" Intrnl_Id="61">
<OpTerm BooleanOpId="4" Intrnl_Id="62">
<BasicBoolTerm Intrnl_Id="63">
<LocList>
<Loc EndOffset="729" SrcFileId="1" StartOffset="717"/>
</LocList>
</BasicBoolTerm>
<BasicBoolTerm Intrnl_Id="64">
<LocList>
<Loc EndOffset="748" SrcFileId="1" StartOffset="733"/>
</LocList>
</BasicBoolTerm>
<LocList>
<Loc EndOffset="732" SrcFileId="1" StartOffset="730"/>
</LocList>
</OpTerm>
<BasicBoolTerm Intrnl_Id="65">
<LocList>
<Loc EndOffset="781" SrcFileId="1" StartOffset="752"/>
</LocList>
</BasicBoolTerm>
<LocList>
<Loc EndOffset="751" SrcFileId="1" StartOffset="749"/>
</LocList>
</OpTerm>
<BasicBoolTerm Intrnl_Id="66">
<LocList>
<Loc EndOffset="817" SrcFileId="1" StartOffset="785"/>
</LocList>
</BasicBoolTerm>
<LocList>
<Loc EndOffset="784" SrcFileId="1" StartOffset="782"/>
</LocList>
</OpTerm>
</RootTerm>
</CondStmnt>
<BasicStmnt CovItemId="S15" CovItemPrefix="Value.java" Intrnl_Id="67">
<LocList>
<Loc EndOffset="874" SrcFileId="1" StartOffset="861"/>
</LocList>
</BasicStmnt>
</StmntSeq>
</HierarchyLvl>
<HierarchyLvl HierarchyLvlId="926" HierarchyLvlTypeId="6" Intrnl_Id="68" Name="isNumericExpression">
<Header>
<Loc EndOffset="929" SrcFileId="1" StartOffset="893"/>
</Header>
<LocList>
<Loc EndOffset="1632" SrcFileId="1" StartOffset="893"/>
</LocList>
<StmntSeq Intrnl_Id="69">
<LocList>
<Loc EndOffset="1463" SrcFileId="1" StartOffset="948"/>
<Loc EndOffset="1605" SrcFileId="1" StartOffset="1470"/>
<Loc EndOffset="1625" SrcFileId="1" StartOffset="1612"/>
</LocList>
<CondStmnt CovItemId="S16" CovItemPrefix="Value.java" Intrnl_Id="70">
<Branch CovItemId="B9" CovItemPrefix="Value.java" Implct="false" Intrnl_Id="71">
<Cond/>
<LocList>
<Loc EndOffset="1463" SrcFileId="1" StartOffset="988"/>
</LocList>
<StmntSeq Intrnl_Id="72">
<LocList>
<Loc EndOffset="1007" SrcFileId="1" StartOffset="997"/>
<Loc EndOffset="1035" SrcFileId="1" StartOffset="1018"/>
<Loc EndOffset="1128" SrcFileId="1" StartOffset="1054"/>
<Loc EndOffset="1310" SrcFileId="1" StartOffset="1144"/>
<Loc EndOffset="1455" SrcFileId="1" StartOffset="1318"/>
</LocList>
<BasicStmnt CovItemId="S17" CovItemPrefix="Value.java" Intrnl_Id="73">
<LocList>
<Loc EndOffset="1007" SrcFileId="1" StartOffset="997"/>
</LocList>
</BasicStmnt>
<BasicStmnt CovItemId="S18" CovItemPrefix="Value.java" Intrnl_Id="74">
<LocList>
<Loc EndOffset="1035" SrcFileId="1" StartOffset="1018"/>
</LocList>
</BasicStmnt>
<CondStmnt CovItemId="S19" CovItemPrefix="Value.java" Intrnl_Id="75">
<Branch CovItemId="B11" CovItemPrefix="Value.java" Implct="false" Intrnl_Id="76">
<Cond/>
<LocList>
<Loc EndOffset="1128" SrcFileId="1" StartOffset="1096"/>
</LocList>
<StmntSeq Intrnl_Id="77">
<LocList>
<Loc EndOffset="1119" SrcFileId="1" StartOffset="1106"/>
</LocList>
<BasicStmnt CovItemId="S20" CovItemPrefix="Value.java" Intrnl_Id="78">
<LocList>
<Loc EndOffset="1119" SrcFileId="1" StartOffset="1106"/>
</LocList>
</BasicStmnt>
</StmntSeq>
</Branch>
<Branch CovItemId="B12" CovItemPrefix="Value.java" Implct="true" Intrnl_Id="79">
<Cond/>
<LocList/>
<StmntSeq Intrnl_Id="80">
<LocList/>
</StmntSeq>
</Branch>
<Keyword EndOffset="1056" SrcFileId="1" StartOffset="1054"/>
<LocList>
<Loc EndOffset="1128" SrcFileId="1" StartOffset="1054"/>
</LocList>
<RootTerm CovItemId="C6" CovItemPrefix="Value.java" Intrnl_Id="81">
<OpTerm BooleanOpId="2" Intrnl_Id="82">
<BasicBoolTerm Intrnl_Id="83">
<LocList>
<Loc EndOffset="1087" SrcFileId="1" StartOffset="1058"/>
</LocList>
</BasicBoolTerm>
<LocList>
<Loc EndOffset="1058" SrcFileId="1" StartOffset="1057"/>
</LocList>
</OpTerm>
</RootTerm>
</CondStmnt>
<LoopStmnt CovItemId="S21" CovItemPrefix="Value.java" Intrnl_Id="84" MltplExecId="L1-2" MltplExecPrefix="Value.java" NvrExecId="L1-0" NvrExecPrefix="Value.java" OnceExecutedId="L1-1" OnceExecutedPrefix="Value.java" OptBodyExec="true">
<StmntSeq Intrnl_Id="85">
<LocList>
<Loc EndOffset="1301" SrcFileId="1" StartOffset="1206"/>
</LocList>
<CondStmnt CovItemId="S22" CovItemPrefix="Value.java" Intrnl_Id="86">
<Branch CovItemId="B13" CovItemPrefix="Value.java" Implct="false" Intrnl_Id="87">
<Cond/>
<LocList>
<Loc EndOffset="1301" SrcFileId="1" StartOffset="1251"/>
</LocList>
<StmntSeq Intrnl_Id="88">
<LocList>
<Loc EndOffset="1275" SrcFileId="1" StartOffset="1262"/>
<Loc EndOffset="1291" SrcFileId="1" StartOffset="1285"/>
</LocList>
<BasicStmnt CovItemId="S23" CovItemPrefix="Value.java" Intrnl_Id="89">
<LocList>
<Loc EndOffset="1275" SrcFileId="1" StartOffset="1262"/>
</LocList>
</BasicStmnt>
<BasicStmnt CovItemId="S24" CovItemPrefix="Value.java" Intrnl_Id="90">
<LocList>
<Loc EndOffset="1291" SrcFileId="1" StartOffset="1285"/>
</LocList>
</BasicStmnt>
</StmntSeq>
</Branch>
<Branch CovItemId="B14" CovItemPrefix="Value.java" Implct="true" Intrnl_Id="91">
<Cond/>
<LocList/>
<StmntSeq Intrnl_Id="92">
<LocList/>
</StmntSeq>
</Branch>
<Keyword EndOffset="1208" SrcFileId="1" StartOffset="1206"/>
<LocList>
<Loc EndOffset="1301" SrcFileId="1" StartOffset="1206"/>
</LocList>
<RootTerm CovItemId="C8" CovItemPrefix="Value.java" Intrnl_Id="93">
<BasicBoolTerm Intrnl_Id="94">
<LocList>
<Loc EndOffset="1241" SrcFileId="1" StartOffset="1209"/>
</LocList>
</BasicBoolTerm>
</RootTerm>
</CondStmnt>
</StmntSeq>
<Keyword EndOffset="1147" SrcFileId="1" StartOffset="1144"/>
<LocList>
<Loc EndOffset="1310" SrcFileId="1" StartOffset="1144"/>
</LocList>
<RootTerm CovItemId="C7" CovItemPrefix="Value.java" Intrnl_Id="95">
<BasicBoolTerm Intrnl_Id="96">
<LocList>
<Loc EndOffset="1182" SrcFileId="1" StartOffset="1153"/>
</LocList>
</BasicBoolTerm>
</RootTerm>
</LoopStmnt>
<LoopStmnt CovItemId="S25" CovItemPrefix="Value.java" Intrnl_Id="97" MltplExecId="L2-2" MltplExecPrefix="Value.java" NvrExecId="L2-0" NvrExecPrefix="Value.java" OnceExecutedId="L2-1" OnceExecutedPrefix="Value.java" OptBodyExec="true">
<StmntSeq Intrnl_Id="98">
<LocList>
<Loc EndOffset="1446" SrcFileId="1" StartOffset="1380"/>
</LocList>
<CondStmnt CovItemId="S26" CovItemPrefix="Value.java" Intrnl_Id="99">
<Branch CovItemId="B15" CovItemPrefix="Value.java" Implct="false" Intrnl_Id="100">
<Cond/>
<LocList>
<Loc EndOffset="1446" SrcFileId="1" StartOffset="1425"/>
</LocList>
<StmntSeq Intrnl_Id="101">
<LocList/>
</StmntSeq>
</Branch>
<Branch CovItemId="B16" CovItemPrefix="Value.java" Implct="true" Intrnl_Id="102">
<Cond/>
<LocList/>
<StmntSeq Intrnl_Id="103">
<LocList/>
</StmntSeq>
</Branch>
<Keyword EndOffset="1382" SrcFileId="1" StartOffset="1380"/>
<LocList>
<Loc EndOffset="1446" SrcFileId="1" StartOffset="1380"/>
</LocList>
<RootTerm CovItemId="C10" CovItemPrefix="Value.java" Intrnl_Id="104">
<BasicBoolTerm Intrnl_Id="105">
<LocList>
<Loc EndOffset="1415" SrcFileId="1" StartOffset="1383"/>
</LocList>
</BasicBoolTerm>
</RootTerm>
</CondStmnt>
</StmntSeq>
<Keyword EndOffset="1321" SrcFileId="1" StartOffset="1318"/>
<LocList>
<Loc EndOffset="1455" SrcFileId="1" StartOffset="1318"/>
</LocList>
<RootTerm CovItemId="C9" CovItemPrefix="Value.java" Intrnl_Id="106">
<BasicBoolTerm Intrnl_Id="107">
<LocList>
<Loc EndOffset="1356" SrcFileId="1" StartOffset="1352"/>
</LocList>
</BasicBoolTerm>
</RootTerm>
</LoopStmnt>
</StmntSeq>
</Branch>
<Branch CovItemId="B10" CovItemPrefix="Value.java" Implct="true" Intrnl_Id="108">
<Cond/>
<LocList/>
<StmntSeq Intrnl_Id="109">
<LocList/>
</StmntSeq>
</Branch>
<Keyword EndOffset="950" SrcFileId="1" StartOffset="948"/>
<LocList>
<Loc EndOffset="1463" SrcFileId="1" StartOffset="948"/>
</LocList>
<RootTerm CovItemId="C5" CovItemPrefix="Value.java" Intrnl_Id="110">
<BasicBoolTerm Intrnl_Id="111">
<LocList>
<Loc EndOffset="980" SrcFileId="1" StartOffset="951"/>
</LocList>
</BasicBoolTerm>
</RootTerm>
</CondStmnt>
<CondStmnt CovItemId="S27" CovItemPrefix="Value.java" Intrnl_Id="112">
<Branch CovItemId="B17" CovItemPrefix="Value.java" Implct="false" Intrnl_Id="113">
<Cond/>
<LocList>
<Loc EndOffset="1605" SrcFileId="1" StartOffset="1576"/>
</LocList>
<StmntSeq Intrnl_Id="114">
<LocList>
<Loc EndOffset="1597" SrcFileId="1" StartOffset="1585"/>
</LocList>
<BasicStmnt CovItemId="S28" CovItemPrefix="Value.java" Intrnl_Id="115">
<LocList>
<Loc EndOffset="1597" SrcFileId="1" StartOffset="1585"/>
</LocList>
</BasicStmnt>
</StmntSeq>
</Branch>
<Branch CovItemId="B18" CovItemPrefix="Value.java" Implct="true" Intrnl_Id="116">
<Cond/>
<LocList/>
<StmntSeq Intrnl_Id="117">
<LocList/>
</StmntSeq>
</Branch>
<Keyword EndOffset="1472" SrcFileId="1" StartOffset="1470"/>
<LocList>
<Loc EndOffset="1605" SrcFileId="1" StartOffset="1470"/>
</LocList>
<RootTerm CovItemId="C11" CovItemPrefix="Value.java" Intrnl_Id="118">
<BasicBoolTerm Intrnl_Id="119">
<LocList>
<Loc EndOffset="1568" SrcFileId="1" StartOffset="1473"/>
</LocList>
</BasicBoolTerm>
</RootTerm>
</CondStmnt>
<BasicStmnt CovItemId="S29" CovItemPrefix="Value.java" Intrnl_Id="120">
<LocList>
<Loc EndOffset="1625" SrcFileId="1" StartOffset="1612"/>
</LocList>
</BasicStmnt>
</StmntSeq>
</HierarchyLvl>
<HierarchyLvl HierarchyLvlId="927" HierarchyLvlTypeId="6" Intrnl_Id="121" Name="isChar">
<Header>
<Loc EndOffset="1667" SrcFileId="1" StartOffset="1644"/>
</Header>
<LocList>
<Loc EndOffset="1875" SrcFileId="1" StartOffset="1644"/>
</LocList>
<StmntSeq Intrnl_Id="122">
<LocList>
<Loc EndOffset="1852" SrcFileId="1" StartOffset="1678"/>
<Loc EndOffset="1868" SrcFileId="1" StartOffset="1856"/>
</LocList>
<CondStmnt CovItemId="S30" CovItemPrefix="Value.java" Intrnl_Id="123">
<Branch CovItemId="B19" CovItemPrefix="Value.java" Implct="false" Intrnl_Id="124">
<Cond/>
<LocList>
<Loc EndOffset="1852" SrcFileId="1" StartOffset="1828"/>
</LocList>
<StmntSeq Intrnl_Id="125">
<LocList>
<Loc EndOffset="1847" SrcFileId="1" StartOffset="1834"/>
</LocList>
<BasicStmnt CovItemId="S31" CovItemPrefix="Value.java" Intrnl_Id="126">
<LocList>
<Loc EndOffset="1847" SrcFileId="1" StartOffset="1834"/>
</LocList>
</BasicStmnt>
</StmntSeq>
</Branch>
<Branch CovItemId="B20" CovItemPrefix="Value.java" Implct="true" Intrnl_Id="127">
<Cond/>
<LocList/>
<StmntSeq Intrnl_Id="128">
<LocList/>
</StmntSeq>
</Branch>
<Keyword EndOffset="1680" SrcFileId="1" StartOffset="1678"/>
<LocList>
<Loc EndOffset="1852" SrcFileId="1" StartOffset="1678"/>
</LocList>
<RootTerm CovItemId="C12" CovItemPrefix="Value.java" Intrnl_Id="129">
<OpTerm BooleanOpId="4" Intrnl_Id="130">
<OpTerm BooleanOpId="4" Intrnl_Id="131">
<BasicBoolTerm Intrnl_Id="132">
<LocList>
<Loc EndOffset="1710" SrcFileId="1" StartOffset="1681"/>
</LocList>
</BasicBoolTerm>
<BasicBoolTerm Intrnl_Id="133">
<LocList>
<Loc EndOffset="1754" SrcFileId="1" StartOffset="1721"/>
</LocList>
</BasicBoolTerm>
<LocList>
<Loc EndOffset="1713" SrcFileId="1" StartOffset="1711"/>
</LocList>
</OpTerm>
<BasicBoolTerm Intrnl_Id="134">
<LocList>
<Loc EndOffset="1823" SrcFileId="1" StartOffset="1765"/>
</LocList>
</BasicBoolTerm>
<LocList>
<Loc EndOffset="1757" SrcFileId="1" StartOffset="1755"/>
</LocList>
</OpTerm>
</RootTerm>
</CondStmnt>
<BasicStmnt CovItemId="S32" CovItemPrefix="Value.java" Intrnl_Id="135">
<LocList>
<Loc EndOffset="1868" SrcFileId="1" StartOffset="1856"/>
</LocList>
</BasicStmnt>
</StmntSeq>
</HierarchyLvl>
<HierarchyLvl HierarchyLvlId="928" HierarchyLvlTypeId="6" Intrnl_Id="136" Name="isString">
<Header>
<Loc EndOffset="1912" SrcFileId="1" StartOffset="1887"/>
</Header>
<LocList>
<Loc EndOffset="2154" SrcFileId="1" StartOffset="1887"/>
</LocList>
<StmntSeq Intrnl_Id="137">
<LocList>
<Loc EndOffset="2131" SrcFileId="1" StartOffset="1926"/>
<Loc EndOffset="2147" SrcFileId="1" StartOffset="2135"/>
</LocList>
<CondStmnt CovItemId="S33" CovItemPrefix="Value.java" Intrnl_Id="138">
<Branch CovItemId="B21" CovItemPrefix="Value.java" Implct="false" Intrnl_Id="139">
<Cond/>
<LocList>
<Loc EndOffset="1995" SrcFileId="1" StartOffset="1965"/>
</LocList>
<StmntSeq Intrnl_Id="140">
<LocList>
<Loc EndOffset="1987" SrcFileId="1" StartOffset="1974"/>
</LocList>
<BasicStmnt CovItemId="S34" CovItemPrefix="Value.java" Intrnl_Id="141">
<LocList>
<Loc EndOffset="1987" SrcFileId="1" StartOffset="1974"/>
</LocList>
</BasicStmnt>
</StmntSeq>
</Branch>
<Branch CovItemId="B22" CovItemPrefix="Value.java" Implct="false" Intrnl_Id="142">
<Cond>
<Loc EndOffset="2006" SrcFileId="1" StartOffset="2002"/>
</Cond>
<LocList>
<Loc EndOffset="2131" SrcFileId="1" StartOffset="2007"/>
</LocList>
<StmntSeq Intrnl_Id="143">
<LocList>
<Loc EndOffset="2131" SrcFileId="1" StartOffset="2007"/>
</LocList>
<CondStmnt CovItemId="S35" CovItemPrefix="Value.java" Intrnl_Id="144">
<Branch CovItemId="B23" CovItemPrefix="Value.java" Implct="false" Intrnl_Id="145">
<Cond/>
<LocList>
<Loc EndOffset="2131" SrcFileId="1" StartOffset="2107"/>
</LocList>
<StmntSeq Intrnl_Id="146">
<LocList>
<Loc EndOffset="2126" SrcFileId="1" StartOffset="2113"/>
</LocList>
<BasicStmnt CovItemId="S36" CovItemPrefix="Value.java" Intrnl_Id="147">
<LocList>
<Loc EndOffset="2126" SrcFileId="1" StartOffset="2113"/>
</LocList>
</BasicStmnt>
</StmntSeq>
</Branch>
<Branch CovItemId="B24" CovItemPrefix="Value.java" Implct="true" Intrnl_Id="148">
<Cond/>
<LocList/>
<StmntSeq Intrnl_Id="149">
<LocList/>
</StmntSeq>
</Branch>
<Keyword EndOffset="2009" SrcFileId="1" StartOffset="2007"/>
<LocList>
<Loc EndOffset="2131" SrcFileId="1" StartOffset="2007"/>
</LocList>
<RootTerm CovItemId="C14" CovItemPrefix="Value.java" Intrnl_Id="150">
<OpTerm BooleanOpId="4" Intrnl_Id="151">
<BasicBoolTerm Intrnl_Id="152">
<LocList>
<Loc EndOffset="2042" SrcFileId="1" StartOffset="2010"/>
</LocList>
</BasicBoolTerm>
<BasicBoolTerm Intrnl_Id="153">
<LocList>
<Loc EndOffset="2102" SrcFileId="1" StartOffset="2045"/>
</LocList>
</BasicBoolTerm>
<LocList>
<Loc EndOffset="2044" SrcFileId="1" StartOffset="2042"/>
</LocList>
</OpTerm>
</RootTerm>
</CondStmnt>
</StmntSeq>
</Branch>
<Keyword EndOffset="1928" SrcFileId="1" StartOffset="1926"/>
<LocList>
<Loc EndOffset="2131" SrcFileId="1" StartOffset="1926"/>
</LocList>
<RootTerm CovItemId="C13" CovItemPrefix="Value.java" Intrnl_Id="154">
<BasicBoolTerm Intrnl_Id="155">
<LocList>
<Loc EndOffset="1957" SrcFileId="1" StartOffset="1929"/>
</LocList>
</BasicBoolTerm>
</RootTerm>
</CondStmnt>
<BasicStmnt CovItemId="S37" CovItemPrefix="Value.java" Intrnl_Id="156">
<LocList>
<Loc EndOffset="2147" SrcFileId="1" StartOffset="2135"/>
</LocList>
</BasicStmnt>
</StmntSeq>
</HierarchyLvl>
<HierarchyLvl HierarchyLvlId="929" HierarchyLvlTypeId="6" Intrnl_Id="157" Name="isBool">
<Header>
<Loc EndOffset="2189" SrcFileId="1" StartOffset="2166"/>
</Header>
<LocList>
<Loc EndOffset="2335" SrcFileId="1" StartOffset="2166"/>
</LocList>
<StmntSeq Intrnl_Id="158">
<LocList>
<Loc EndOffset="2308" SrcFileId="1" StartOffset="2203"/>
<Loc EndOffset="2328" SrcFileId="1" StartOffset="2315"/>
</LocList>
<CondStmnt CovItemId="S38" CovItemPrefix="Value.java" Intrnl_Id="159">
<Branch CovItemId="B25" CovItemPrefix="Value.java" Implct="false" Intrnl_Id="160">
<Cond/>
<LocList>
<Loc EndOffset="2308" SrcFileId="1" StartOffset="2279"/>
</LocList>
<StmntSeq Intrnl_Id="161">
<LocList>
<Loc EndOffset="2300" SrcFileId="1" StartOffset="2288"/>
</LocList>
<BasicStmnt CovItemId="S39" CovItemPrefix="Value.java" Intrnl_Id="162">
<LocList>
<Loc EndOffset="2300" SrcFileId="1" StartOffset="2288"/>
</LocList>
</BasicStmnt>
</StmntSeq>
</Branch>
<Branch CovItemId="B26" CovItemPrefix="Value.java" Implct="true" Intrnl_Id="163">
<Cond/>
<LocList/>
<StmntSeq Intrnl_Id="164">
<LocList/>
</StmntSeq>
</Branch>
<Keyword EndOffset="2205" SrcFileId="1" StartOffset="2203"/>
<LocList>
<Loc EndOffset="2308" SrcFileId="1" StartOffset="2203"/>
</LocList>
<RootTerm CovItemId="C15" CovItemPrefix="Value.java" Intrnl_Id="165">
<OpTerm BooleanOpId="4" Intrnl_Id="166">
<BasicBoolTerm Intrnl_Id="167">
<LocList>
<Loc EndOffset="2236" SrcFileId="1" StartOffset="2206"/>
</LocList>
</BasicBoolTerm>
<BasicBoolTerm Intrnl_Id="168">
<LocList>
<Loc EndOffset="2271" SrcFileId="1" StartOffset="2240"/>
</LocList>
</BasicBoolTerm>
<LocList>
<Loc EndOffset="2239" SrcFileId="1" StartOffset="2237"/>
</LocList>
</OpTerm>
</RootTerm>
</CondStmnt>
<BasicStmnt CovItemId="S40" CovItemPrefix="Value.java" Intrnl_Id="169">
<LocList>
<Loc EndOffset="2328" SrcFileId="1" StartOffset="2315"/>
</LocList>
</BasicStmnt>
</StmntSeq>
</HierarchyLvl>
<HierarchyLvl HierarchyLvlId="930" HierarchyLvlTypeId="6" Intrnl_Id="170" Name="isContainer">
<Header>
<Loc EndOffset="2375" SrcFileId="1" StartOffset="2347"/>
</Header>
<LocList>
<Loc EndOffset="2548" SrcFileId="1" StartOffset="2347"/>
</LocList>
<StmntSeq Intrnl_Id="171">
<LocList>
<Loc EndOffset="2521" SrcFileId="1" StartOffset="2389"/>
<Loc EndOffset="2541" SrcFileId="1" StartOffset="2528"/>
</LocList>
<CondStmnt CovItemId="S41" CovItemPrefix="Value.java" Intrnl_Id="172">
<Branch CovItemId="B27" CovItemPrefix="Value.java" Implct="false" Intrnl_Id="173">
<Cond/>
<LocList>
<Loc EndOffset="2521" SrcFileId="1" StartOffset="2492"/>
</LocList>
<StmntSeq Intrnl_Id="174">
<LocList>
<Loc EndOffset="2513" SrcFileId="1" StartOffset="2501"/>
</LocList>
<BasicStmnt CovItemId="S42" CovItemPrefix="Value.java" Intrnl_Id="175">
<LocList>
<Loc EndOffset="2513" SrcFileId="1" StartOffset="2501"/>
</LocList>
</BasicStmnt>
</StmntSeq>
</Branch>
<Branch CovItemId="B28" CovItemPrefix="Value.java" Implct="true" Intrnl_Id="176">
<Cond/>
<LocList/>
<StmntSeq Intrnl_Id="177">
<LocList/>
</StmntSeq>
</Branch>
<Keyword EndOffset="2391" SrcFileId="1" StartOffset="2389"/>
<LocList>
<Loc EndOffset="2521" SrcFileId="1" StartOffset="2389"/>
</LocList>
<RootTerm CovItemId="C16" CovItemPrefix="Value.java" Intrnl_Id="178">
<OpTerm BooleanOpId="4" Intrnl_Id="179">
<BasicBoolTerm Intrnl_Id="180">
<LocList>
<Loc EndOffset="2445" SrcFileId="1" StartOffset="2392"/>
</LocList>
</BasicBoolTerm>
<BasicBoolTerm Intrnl_Id="181">
<LocList>
<Loc EndOffset="2484" SrcFileId="1" StartOffset="2449"/>
</LocList>
</BasicBoolTerm>
<LocList>
<Loc EndOffset="2448" SrcFileId="1" StartOffset="2446"/>
</LocList>
</OpTerm>
</RootTerm>
</CondStmnt>
<BasicStmnt CovItemId="S43" CovItemPrefix="Value.java" Intrnl_Id="182">
<LocList>
<Loc EndOffset="2541" SrcFileId="1" StartOffset="2528"/>
</LocList>
</BasicStmnt>
</StmntSeq>
</HierarchyLvl>
<HierarchyLvl HierarchyLvlId="931" HierarchyLvlTypeId="6" Intrnl_Id="183" Name="isSameType">
<Header>
<Loc EndOffset="2596" SrcFileId="1" StartOffset="2560"/>
</Header>
<LocList>
<Loc EndOffset="3184" SrcFileId="1" StartOffset="2560"/>
</LocList>
<StmntSeq Intrnl_Id="184">
<LocList>
<Loc EndOffset="2679" SrcFileId="1" StartOffset="2610"/>
<Loc EndOffset="3150" SrcFileId="1" StartOffset="2686"/>
<Loc EndOffset="3177" SrcFileId="1" StartOffset="3164"/>
</LocList>
<CondStmnt CovItemId="S44" CovItemPrefix="Value.java" Intrnl_Id="185">
<Branch CovItemId="B29" CovItemPrefix="Value.java" Implct="false" Intrnl_Id="186">
<Cond/>
<LocList>
<Loc EndOffset="2679" SrcFileId="1" StartOffset="2650"/>
</LocList>
<StmntSeq Intrnl_Id="187">
<LocList>
<Loc EndOffset="2671" SrcFileId="1" StartOffset="2659"/>
</LocList>
<BasicStmnt CovItemId="S45" CovItemPrefix="Value.java" Intrnl_Id="188">
<LocList>
<Loc EndOffset="2671" SrcFileId="1" StartOffset="2659"/>
</LocList>
</BasicStmnt>
</StmntSeq>
</Branch>
<Branch CovItemId="B30" CovItemPrefix="Value.java" Implct="true" Intrnl_Id="189">
<Cond/>
<LocList/>
<StmntSeq Intrnl_Id="190">
<LocList/>
</StmntSeq>
</Branch>
<Keyword EndOffset="2612" SrcFileId="1" StartOffset="2610"/>
<LocList>
<Loc EndOffset="2679" SrcFileId="1" StartOffset="2610"/>
</LocList>
<RootTerm CovItemId="C17" CovItemPrefix="Value.java" Intrnl_Id="191">
<OpTerm BooleanOpId="3" Intrnl_Id="192">
<BasicBoolTerm Intrnl_Id="193">
<LocList>
<Loc EndOffset="2626" SrcFileId="1" StartOffset="2613"/>
</LocList>
</BasicBoolTerm>
<BasicBoolTerm Intrnl_Id="194">
<LocList>
<Loc EndOffset="2642" SrcFileId="1" StartOffset="2630"/>
</LocList>
</BasicBoolTerm>
<LocList>
<Loc EndOffset="2629" SrcFileId="1" StartOffset="2627"/>
</LocList>
</OpTerm>
</RootTerm>
</CondStmnt>
<CondStmnt CovItemId="S46" CovItemPrefix="Value.java" Intrnl_Id="195">
<Branch CovItemId="B31" CovItemPrefix="Value.java" Implct="false" Intrnl_Id="196">
<Cond/>
<LocList>
<Loc EndOffset="2765" SrcFileId="1" StartOffset="2736"/>
</LocList>
<StmntSeq Intrnl_Id="197">
<LocList>
<Loc EndOffset="2757" SrcFileId="1" StartOffset="2745"/>
</LocList>
<BasicStmnt CovItemId="S47" CovItemPrefix="Value.java" Intrnl_Id="198">
<LocList>
<Loc EndOffset="2757" SrcFileId="1" StartOffset="2745"/>
</LocList>
</BasicStmnt>
</StmntSeq>
</Branch>
<Branch CovItemId="B32" CovItemPrefix="Value.java" Implct="false" Intrnl_Id="199">
<Cond>
<Loc EndOffset="2776" SrcFileId="1" StartOffset="2772"/>
</Cond>
<LocList>
<Loc EndOffset="3150" SrcFileId="1" StartOffset="2777"/>
</LocList>
<StmntSeq Intrnl_Id="200">
<LocList>
<Loc EndOffset="3150" SrcFileId="1" StartOffset="2777"/>
</LocList>
<CondStmnt CovItemId="S48" CovItemPrefix="Value.java" Intrnl_Id="201">
<Branch CovItemId="B33" CovItemPrefix="Value.java" Implct="false" Intrnl_Id="202">
<Cond/>
<LocList>
<Loc EndOffset="2846" SrcFileId="1" StartOffset="2817"/>
</LocList>
<StmntSeq Intrnl_Id="203">
<LocList>
<Loc EndOffset="2838" SrcFileId="1" StartOffset="2826"/>
</LocList>
<BasicStmnt CovItemId="S49" CovItemPrefix="Value.java" Intrnl_Id="204">
<LocList>
<Loc EndOffset="2838" SrcFileId="1" StartOffset="2826"/>
</LocList>
</BasicStmnt>
</StmntSeq>
</Branch>
<Branch CovItemId="B34" CovItemPrefix="Value.java" Implct="false" Intrnl_Id="205">
<Cond>
<Loc EndOffset="2857" SrcFileId="1" StartOffset="2853"/>
</Cond>
<LocList>
<Loc EndOffset="3150" SrcFileId="1" StartOffset="2858"/>
</LocList>
<StmntSeq Intrnl_Id="206">
<LocList>
<Loc EndOffset="3150" SrcFileId="1" StartOffset="2858"/>
</LocList>
<CondStmnt CovItemId="S50" CovItemPrefix="Value.java" Intrnl_Id="207">
<Branch CovItemId="B35" CovItemPrefix="Value.java" Implct="false" Intrnl_Id="208">
<Cond/>
<LocList>
<Loc EndOffset="2982" SrcFileId="1" StartOffset="2953"/>
</LocList>
<StmntSeq Intrnl_Id="209">
<LocList>
<Loc EndOffset="2974" SrcFileId="1" StartOffset="2962"/>
</LocList>
<BasicStmnt CovItemId="S51" CovItemPrefix="Value.java" Intrnl_Id="210">
<LocList>
<Loc EndOffset="2974" SrcFileId="1" StartOffset="2962"/>
</LocList>
</BasicStmnt>
</StmntSeq>
</Branch>
<Branch CovItemId="B36" CovItemPrefix="Value.java" Implct="false" Intrnl_Id="211">
<Cond>
<Loc EndOffset="2993" SrcFileId="1" StartOffset="2989"/>
</Cond>
<LocList>
<Loc EndOffset="3150" SrcFileId="1" StartOffset="2994"/>
</LocList>
<StmntSeq Intrnl_Id="212">
<LocList>
<Loc EndOffset="3150" SrcFileId="1" StartOffset="2994"/>
</LocList>
<CondStmnt CovItemId="S52" CovItemPrefix="Value.java" Intrnl_Id="213">
<Branch CovItemId="B37" CovItemPrefix="Value.java" Implct="false" Intrnl_Id="214">
<Cond/>
<LocList>
<Loc EndOffset="3067" SrcFileId="1" StartOffset="3038"/>
</LocList>
<StmntSeq Intrnl_Id="215">
<LocList>
<Loc EndOffset="3059" SrcFileId="1" StartOffset="3047"/>
</LocList>
<BasicStmnt CovItemId="S53" CovItemPrefix="Value.java" Intrnl_Id="216">
<LocList>
<Loc EndOffset="3059" SrcFileId="1" StartOffset="3047"/>
</LocList>
</BasicStmnt>
</StmntSeq>
</Branch>
<Branch CovItemId="B38" CovItemPrefix="Value.java" Implct="false" Intrnl_Id="217">
<Cond>
<Loc EndOffset="3078" SrcFileId="1" StartOffset="3074"/>
</Cond>
<LocList>
<Loc EndOffset="3150" SrcFileId="1" StartOffset="3079"/>
</LocList>
<StmntSeq Intrnl_Id="218">
<LocList>
<Loc EndOffset="3150" SrcFileId="1" StartOffset="3079"/>
</LocList>
<CondStmnt CovItemId="S54" CovItemPrefix="Value.java" Intrnl_Id="219">
<Branch CovItemId="B39" CovItemPrefix="Value.java" Implct="false" Intrnl_Id="220">
<Cond/>
<LocList>
<Loc EndOffset="3150" SrcFileId="1" StartOffset="3121"/>
</LocList>
<StmntSeq Intrnl_Id="221">
<LocList>
<Loc EndOffset="3142" SrcFileId="1" StartOffset="3130"/>
</LocList>
<BasicStmnt CovItemId="S55" CovItemPrefix="Value.java" Intrnl_Id="222">
<LocList>
<Loc EndOffset="3142" SrcFileId="1" StartOffset="3130"/>
</LocList>
</BasicStmnt>
</StmntSeq>
</Branch>
<Branch CovItemId="B40" CovItemPrefix="Value.java" Implct="true" Intrnl_Id="223">
<Cond/>
<LocList/>
<StmntSeq Intrnl_Id="224">
<LocList/>
</StmntSeq>
</Branch>
<Keyword EndOffset="3081" SrcFileId="1" StartOffset="3079"/>
<LocList>
<Loc EndOffset="3150" SrcFileId="1" StartOffset="3079"/>
</LocList>
<RootTerm CovItemId="C22" CovItemPrefix="Value.java" Intrnl_Id="225">
<OpTerm BooleanOpId="3" Intrnl_Id="226">
<BasicBoolTerm Intrnl_Id="227">
<LocList>
<Loc EndOffset="3096" SrcFileId="1" StartOffset="3082"/>
</LocList>
</BasicBoolTerm>
<BasicBoolTerm Intrnl_Id="228">
<LocList>
<Loc EndOffset="3113" SrcFileId="1" StartOffset="3100"/>
</LocList>
</BasicBoolTerm>
<LocList>
<Loc EndOffset="3099" SrcFileId="1" StartOffset="3097"/>
</LocList>
</OpTerm>
</RootTerm>
</CondStmnt>
</StmntSeq>
</Branch>
<Keyword EndOffset="2996" SrcFileId="1" StartOffset="2994"/>
<LocList>
<Loc EndOffset="3150" SrcFileId="1" StartOffset="2994"/>
</LocList>
<RootTerm CovItemId="C21" CovItemPrefix="Value.java" Intrnl_Id="229">
<OpTerm BooleanOpId="3" Intrnl_Id="230">
<BasicBoolTerm Intrnl_Id="231">
<LocList>
<Loc EndOffset="3012" SrcFileId="1" StartOffset="2997"/>
</LocList>
</BasicBoolTerm>
<BasicBoolTerm Intrnl_Id="232">
<LocList>
<Loc EndOffset="3030" SrcFileId="1" StartOffset="3016"/>
</LocList>
</BasicBoolTerm>
<LocList>
<Loc EndOffset="3015" SrcFileId="1" StartOffset="3013"/>
</LocList>
</OpTerm>
</RootTerm>
</CondStmnt>
</StmntSeq>
</Branch>
<Keyword EndOffset="2860" SrcFileId="1" StartOffset="2858"/>
<LocList>
<Loc EndOffset="3150" SrcFileId="1" StartOffset="2858"/>
</LocList>
<RootTerm CovItemId="C20" CovItemPrefix="Value.java" Intrnl_Id="233">
<OpTerm BooleanOpId="4" Intrnl_Id="234">
<OpTerm BooleanOpId="3" Intrnl_Id="235">
<BasicBoolTerm Intrnl_Id="236">
<LocList>
<Loc EndOffset="2877" SrcFileId="1" StartOffset="2861"/>
</LocList>
</BasicBoolTerm>
<BasicBoolTerm Intrnl_Id="237">
<LocList>
<Loc EndOffset="2896" SrcFileId="1" StartOffset="2881"/>
</LocList>
</BasicBoolTerm>
<LocList>
<Loc EndOffset="2880" SrcFileId="1" StartOffset="2878"/>
</LocList>
</OpTerm>
<OpTerm BooleanOpId="3" Intrnl_Id="238">
<BasicBoolTerm Intrnl_Id="239">
<LocList>
<Loc EndOffset="2916" SrcFileId="1" StartOffset="2900"/>
</LocList>
</BasicBoolTerm>
<BasicBoolTerm Intrnl_Id="240">
<LocList>
<Loc EndOffset="2945" SrcFileId="1" StartOffset="2920"/>
</LocList>
</BasicBoolTerm>
<LocList>
<Loc EndOffset="2919" SrcFileId="1" StartOffset="2917"/>
</LocList>
</OpTerm>
<LocList>
<Loc EndOffset="2899" SrcFileId="1" StartOffset="2897"/>
</LocList>
</OpTerm>
</RootTerm>
</CondStmnt>
</StmntSeq>
</Branch>
<Keyword EndOffset="2779" SrcFileId="1" StartOffset="2777"/>
<LocList>
<Loc EndOffset="3150" SrcFileId="1" StartOffset="2777"/>
</LocList>
<RootTerm CovItemId="C19" CovItemPrefix="Value.java" Intrnl_Id="241">
<OpTerm BooleanOpId="3" Intrnl_Id="242">
<BasicBoolTerm Intrnl_Id="243">
<LocList>
<Loc EndOffset="2793" SrcFileId="1" StartOffset="2780"/>
</LocList>
</BasicBoolTerm>
<BasicBoolTerm Intrnl_Id="244">
<LocList>
<Loc EndOffset="2809" SrcFileId="1" StartOffset="2797"/>
</LocList>
</BasicBoolTerm>
<LocList>
<Loc EndOffset="2796" SrcFileId="1" StartOffset="2794"/>
</LocList>
</OpTerm>
</RootTerm>
</CondStmnt>
</StmntSeq>
</Branch>
<Keyword EndOffset="2688" SrcFileId="1" StartOffset="2686"/>
<LocList>
<Loc EndOffset="3150" SrcFileId="1" StartOffset="2686"/>
</LocList>
<RootTerm CovItemId="C18" CovItemPrefix="Value.java" Intrnl_Id="245">
<OpTerm BooleanOpId="3" Intrnl_Id="246">
<BasicBoolTerm Intrnl_Id="247">
<LocList>
<Loc EndOffset="2707" SrcFileId="1" StartOffset="2689"/>
</LocList>
</BasicBoolTerm>
<BasicBoolTerm Intrnl_Id="248">
<LocList>
<Loc EndOffset="2728" SrcFileId="1" StartOffset="2711"/>
</LocList>
</BasicBoolTerm>
<LocList>
<Loc EndOffset="2710" SrcFileId="1" StartOffset="2708"/>
</LocList>
</OpTerm>
</RootTerm>
</CondStmnt>
<BasicStmnt CovItemId="S56" CovItemPrefix="Value.java" Intrnl_Id="249">
<LocList>
<Loc EndOffset="3177" SrcFileId="1" StartOffset="3164"/>
</LocList>
</BasicStmnt>
</StmntSeq>
</HierarchyLvl>
<HierarchyLvl HierarchyLvlId="932" HierarchyLvlTypeId="6" Intrnl_Id="250" Name="GetType">
<Header>
<Loc EndOffset="3219" SrcFileId="1" StartOffset="3196"/>
</Header>
<LocList>
<Loc EndOffset="3991" SrcFileId="1" StartOffset="3196"/>
</LocList>
<StmntSeq Intrnl_Id="251">
<LocList>
<Loc EndOffset="3984" SrcFileId="1" StartOffset="3233"/>
</LocList>
<CondStmnt CovItemId="S57" CovItemPrefix="Value.java" Intrnl_Id="252">
<Branch CovItemId="B41" CovItemPrefix="Value.java" Implct="false" Intrnl_Id="253">
<Cond/>
<LocList>
<Loc EndOffset="3322" SrcFileId="1" StartOffset="3291"/>
</LocList>
<StmntSeq Intrnl_Id="254">
<LocList>
<Loc EndOffset="3314" SrcFileId="1" StartOffset="3300"/>
</LocList>
<BasicStmnt CovItemId="S58" CovItemPrefix="Value.java" Intrnl_Id="255">
<LocList>
<Loc EndOffset="3314" SrcFileId="1" StartOffset="3300"/>
</LocList>
</BasicStmnt>
</StmntSeq>
</Branch>
<Branch CovItemId="B42" CovItemPrefix="Value.java" Implct="false" Intrnl_Id="256">
<Cond>
<Loc EndOffset="3333" SrcFileId="1" StartOffset="3329"/>
</Cond>
<LocList>
<Loc EndOffset="3984" SrcFileId="1" StartOffset="3334"/>
</LocList>
<StmntSeq Intrnl_Id="257">
<LocList>
<Loc EndOffset="3984" SrcFileId="1" StartOffset="3334"/>
</LocList>
<CondStmnt CovItemId="S59" CovItemPrefix="Value.java" Intrnl_Id="258">
<Branch CovItemId="B43" CovItemPrefix="Value.java" Implct="false" Intrnl_Id="259">
<Cond/>
<LocList>
<Loc EndOffset="3438" SrcFileId="1" StartOffset="3402"/>
</LocList>
<StmntSeq Intrnl_Id="260">
<LocList>
<Loc EndOffset="3430" SrcFileId="1" StartOffset="3411"/>
</LocList>
<BasicStmnt CovItemId="S60" CovItemPrefix="Value.java" Intrnl_Id="261">
<LocList>
<Loc EndOffset="3430" SrcFileId="1" StartOffset="3411"/>
</LocList>
</BasicStmnt>
</StmntSeq>
</Branch>
<Branch CovItemId="B44" CovItemPrefix="Value.java" Implct="false" Intrnl_Id="262">
<Cond>
<Loc EndOffset="3449" SrcFileId="1" StartOffset="3445"/>
</Cond>
<LocList>
<Loc EndOffset="3984" SrcFileId="1" StartOffset="3450"/>
</LocList>
<StmntSeq Intrnl_Id="263">
<LocList>
<Loc EndOffset="3984" SrcFileId="1" StartOffset="3450"/>
</LocList>
<CondStmnt CovItemId="S61" CovItemPrefix="Value.java" Intrnl_Id="264">
<Branch CovItemId="B45" CovItemPrefix="Value.java" Implct="false" Intrnl_Id="265">
<Cond/>
<LocList>
<Loc EndOffset="3536" SrcFileId="1" StartOffset="3506"/>
</LocList>
<StmntSeq Intrnl_Id="266">
<LocList>
<Loc EndOffset="3528" SrcFileId="1" StartOffset="3515"/>
</LocList>
<BasicStmnt CovItemId="S62" CovItemPrefix="Value.java" Intrnl_Id="267">
<LocList>
<Loc EndOffset="3528" SrcFileId="1" StartOffset="3515"/>
</LocList>
</BasicStmnt>
</StmntSeq>
</Branch>
<Branch CovItemId="B46" CovItemPrefix="Value.java" Implct="false" Intrnl_Id="268">
<Cond>
<Loc EndOffset="3547" SrcFileId="1" StartOffset="3543"/>
</Cond>
<LocList>
<Loc EndOffset="3984" SrcFileId="1" StartOffset="3548"/>
</LocList>
<StmntSeq Intrnl_Id="269">
<LocList>
<Loc EndOffset="3984" SrcFileId="1" StartOffset="3548"/>
</LocList>
<CondStmnt CovItemId="S63" CovItemPrefix="Value.java" Intrnl_Id="270">
<Branch CovItemId="B47" CovItemPrefix="Value.java" Implct="false" Intrnl_Id="271">
<Cond/>
<LocList>
<Loc EndOffset="3643" SrcFileId="1" StartOffset="3610"/>
</LocList>
<StmntSeq Intrnl_Id="272">
<LocList>
<Loc EndOffset="3635" SrcFileId="1" StartOffset="3619"/>
</LocList>
<BasicStmnt CovItemId="S64" CovItemPrefix="Value.java" Intrnl_Id="273">
<LocList>
<Loc EndOffset="3635" SrcFileId="1" StartOffset="3619"/>
</LocList>
</BasicStmnt>
</StmntSeq>
</Branch>
<Branch CovItemId="B48" CovItemPrefix="Value.java" Implct="false" Intrnl_Id="274">
<Cond>
<Loc EndOffset="3654" SrcFileId="1" StartOffset="3650"/>
</Cond>
<LocList>
<Loc EndOffset="3984" SrcFileId="1" StartOffset="3655"/>
</LocList>
<StmntSeq Intrnl_Id="275">
<LocList>
<Loc EndOffset="3984" SrcFileId="1" StartOffset="3655"/>
</LocList>
<CondStmnt CovItemId="S65" CovItemPrefix="Value.java" Intrnl_Id="276">
<Branch CovItemId="B49" CovItemPrefix="Value.java" Implct="false" Intrnl_Id="277">
<Cond/>
<LocList>
<Loc EndOffset="3744" SrcFileId="1" StartOffset="3713"/>
</LocList>
<StmntSeq Intrnl_Id="278">
<LocList>
<Loc EndOffset="3736" SrcFileId="1" StartOffset="3722"/>
</LocList>
<BasicStmnt CovItemId="S66" CovItemPrefix="Value.java" Intrnl_Id="279">
<LocList>
<Loc EndOffset="3736" SrcFileId="1" StartOffset="3722"/>
</LocList>
</BasicStmnt>
</StmntSeq>
</Branch>
<Branch CovItemId="B50" CovItemPrefix="Value.java" Implct="false" Intrnl_Id="280">
<Cond>
<Loc EndOffset="3755" SrcFileId="1" StartOffset="3751"/>
</Cond>
<LocList>
<Loc EndOffset="3984" SrcFileId="1" StartOffset="3756"/>
</LocList>
<StmntSeq Intrnl_Id="281">
<LocList>
<Loc EndOffset="3984" SrcFileId="1" StartOffset="3756"/>
</LocList>
<CondStmnt CovItemId="S67" CovItemPrefix="Value.java" Intrnl_Id="282">
<Branch CovItemId="B51" CovItemPrefix="Value.java" Implct="false" Intrnl_Id="283">
<Cond/>
<LocList>
<Loc EndOffset="3851" SrcFileId="1" StartOffset="3818"/>
</LocList>
<StmntSeq Intrnl_Id="284">
<LocList>
<Loc EndOffset="3843" SrcFileId="1" StartOffset="3827"/>
</LocList>
<BasicStmnt CovItemId="S68" CovItemPrefix="Value.java" Intrnl_Id="285">
<LocList>
<Loc EndOffset="3843" SrcFileId="1" StartOffset="3827"/>
</LocList>
</BasicStmnt>
</StmntSeq>
</Branch>
<Branch CovItemId="B52" CovItemPrefix="Value.java" Implct="false" Intrnl_Id="286">
<Cond>
<Loc EndOffset="3862" SrcFileId="1" StartOffset="3858"/>
</Cond>
<LocList>
<Loc EndOffset="3984" SrcFileId="1" StartOffset="3863"/>
</LocList>
<StmntSeq Intrnl_Id="287">
<LocList>
<Loc EndOffset="3984" SrcFileId="1" StartOffset="3863"/>
</LocList>
<CondStmnt CovItemId="S69" CovItemPrefix="Value.java" Intrnl_Id="288">
<Branch CovItemId="B53" CovItemPrefix="Value.java" Implct="false" Intrnl_Id="289">
<Cond/>
<LocList>
<Loc EndOffset="3937" SrcFileId="1" StartOffset="3905"/>
</LocList>
<StmntSeq Intrnl_Id="290">
<LocList>
<Loc EndOffset="3929" SrcFileId="1" StartOffset="3914"/>
</LocList>
<BasicStmnt CovItemId="S70" CovItemPrefix="Value.java" Intrnl_Id="291">
<LocList>
<Loc EndOffset="3929" SrcFileId="1" StartOffset="3914"/>
</LocList>
</BasicStmnt>
</StmntSeq>
</Branch>
<Branch CovItemId="B54" CovItemPrefix="Value.java" Implct="false" Intrnl_Id="292">
<Cond>
<Loc EndOffset="3948" SrcFileId="1" StartOffset="3944"/>
</Cond>
<LocList>
<Loc EndOffset="3984" SrcFileId="1" StartOffset="3955"/>
</LocList>
<StmntSeq Intrnl_Id="293">
<LocList>
<Loc EndOffset="3976" SrcFileId="1" StartOffset="3964"/>
</LocList>
<BasicStmnt CovItemId="S71" CovItemPrefix="Value.java" Intrnl_Id="294">
<LocList>
<Loc EndOffset="3976" SrcFileId="1" StartOffset="3964"/>
</LocList>
</BasicStmnt>
</StmntSeq>
</Branch>
<Keyword EndOffset="3865" SrcFileId="1" StartOffset="3863"/>
<LocList>
<Loc EndOffset="3984" SrcFileId="1" StartOffset="3863"/>
</LocList>
<RootTerm CovItemId="C29" CovItemPrefix="Value.java" Intrnl_Id="295">
<BasicBoolTerm Intrnl_Id="296">
<LocList>
<Loc EndOffset="3897" SrcFileId="1" StartOffset="3866"/>
</LocList>
</BasicBoolTerm>
</RootTerm>
</CondStmnt>
</StmntSeq>
</Branch>
<Keyword EndOffset="3758" SrcFileId="1" StartOffset="3756"/>
<LocList>
<Loc EndOffset="3984" SrcFileId="1" StartOffset="3756"/>
</LocList>
<RootTerm CovItemId="C28" CovItemPrefix="Value.java" Intrnl_Id="297">
<OpTerm BooleanOpId="4" Intrnl_Id="298">
<BasicBoolTerm Intrnl_Id="299">
<LocList>
<Loc EndOffset="3774" SrcFileId="1" StartOffset="3759"/>
</LocList>
</BasicBoolTerm>
<BasicBoolTerm Intrnl_Id="300">
<LocList>
<Loc EndOffset="3810" SrcFileId="1" StartOffset="3778"/>
</LocList>
</BasicBoolTerm>
<LocList>
<Loc EndOffset="3777" SrcFileId="1" StartOffset="3775"/>
</LocList>
</OpTerm>
</RootTerm>
</CondStmnt>
</StmntSeq>
</Branch>
<Keyword EndOffset="3657" SrcFileId="1" StartOffset="3655"/>
<LocList>
<Loc EndOffset="3984" SrcFileId="1" StartOffset="3655"/>
</LocList>
<RootTerm CovItemId="C27" CovItemPrefix="Value.java" Intrnl_Id="301">
<OpTerm BooleanOpId="4" Intrnl_Id="302">
<BasicBoolTerm Intrnl_Id="303">
<LocList>
<Loc EndOffset="3671" SrcFileId="1" StartOffset="3658"/>
</LocList>
</BasicBoolTerm>
<BasicBoolTerm Intrnl_Id="304">
<LocList>
<Loc EndOffset="3705" SrcFileId="1" StartOffset="3675"/>
</LocList>
</BasicBoolTerm>
<LocList>
<Loc EndOffset="3674" SrcFileId="1" StartOffset="3672"/>
</LocList>
</OpTerm>
</RootTerm>
</CondStmnt>
</StmntSeq>
</Branch>
<Keyword EndOffset="3550" SrcFileId="1" StartOffset="3548"/>
<LocList>
<Loc EndOffset="3984" SrcFileId="1" StartOffset="3548"/>
</LocList>
<RootTerm CovItemId="C26" CovItemPrefix="Value.java" Intrnl_Id="305">
<OpTerm BooleanOpId="4" Intrnl_Id="306">
<BasicBoolTerm Intrnl_Id="307">
<LocList>
<Loc EndOffset="3566" SrcFileId="1" StartOffset="3551"/>
</LocList>
</BasicBoolTerm>
<BasicBoolTerm Intrnl_Id="308">
<LocList>
<Loc EndOffset="3602" SrcFileId="1" StartOffset="3570"/>
</LocList>
</BasicBoolTerm>
<LocList>
<Loc EndOffset="3569" SrcFileId="1" StartOffset="3567"/>
</LocList>
</OpTerm>
</RootTerm>
</CondStmnt>
</StmntSeq>
</Branch>
<Keyword EndOffset="3452" SrcFileId="1" StartOffset="3450"/>
<LocList>
<Loc EndOffset="3984" SrcFileId="1" StartOffset="3450"/>
</LocList>
<RootTerm CovItemId="C25" CovItemPrefix="Value.java" Intrnl_Id="309">
<OpTerm BooleanOpId="4" Intrnl_Id="310">
<BasicBoolTerm Intrnl_Id="311">
<LocList>
<Loc EndOffset="3465" SrcFileId="1" StartOffset="3453"/>
</LocList>
</BasicBoolTerm>
<BasicBoolTerm Intrnl_Id="312">
<LocList>
<Loc EndOffset="3498" SrcFileId="1" StartOffset="3469"/>
</LocList>
</BasicBoolTerm>
<LocList>
<Loc EndOffset="3468" SrcFileId="1" StartOffset="3466"/>
</LocList>
</OpTerm>
</RootTerm>
</CondStmnt>
</StmntSeq>
</Branch>
<Keyword EndOffset="3336" SrcFileId="1" StartOffset="3334"/>
<LocList>
<Loc EndOffset="3984" SrcFileId="1" StartOffset="3334"/>
</LocList>
<RootTerm CovItemId="C24" CovItemPrefix="Value.java" Intrnl_Id="313">
<OpTerm BooleanOpId="4" Intrnl_Id="314">
<BasicBoolTerm Intrnl_Id="315">
<LocList>
<Loc EndOffset="3372" SrcFileId="1" StartOffset="3337"/>
</LocList>
</BasicBoolTerm>
<BasicBoolTerm Intrnl_Id="316">
<LocList>
<Loc EndOffset="3394" SrcFileId="1" StartOffset="3376"/>
</LocList>
</BasicBoolTerm>
<LocList>
<Loc EndOffset="3375" SrcFileId="1" StartOffset="3373"/>
</LocList>
</OpTerm>
</RootTerm>
</CondStmnt>
</StmntSeq>
</Branch>
<Keyword EndOffset="3235" SrcFileId="1" StartOffset="3233"/>
<LocList>
<Loc EndOffset="3984" SrcFileId="1" StartOffset="3233"/>
</LocList>
<RootTerm CovItemId="C23" CovItemPrefix="Value.java" Intrnl_Id="317">
<OpTerm BooleanOpId="4" Intrnl_Id="318">
<BasicBoolTerm Intrnl_Id="319">
<LocList>
<Loc EndOffset="3249" SrcFileId="1" StartOffset="3236"/>
</LocList>
</BasicBoolTerm>
<BasicBoolTerm Intrnl_Id="320">
<LocList>
<Loc EndOffset="3283" SrcFileId="1" StartOffset="3253"/>
</LocList>
</BasicBoolTerm>
<LocList>
<Loc EndOffset="3252" SrcFileId="1" StartOffset="3250"/>
</LocList>
</OpTerm>
</RootTerm>
</CondStmnt>
</StmntSeq>
</HierarchyLvl>
<HierarchyLvl HierarchyLvlId="933" HierarchyLvlTypeId="6" Intrnl_Id="321" Name="equals">
<Header>
<Loc EndOffset="4045" SrcFileId="1" StartOffset="3999"/>
</Header>
<LocList>
<Loc EndOffset="4320" SrcFileId="1" StartOffset="3999"/>
</LocList>
<StmntSeq Intrnl_Id="322">
<LocList>
<Loc EndOffset="4112" SrcFileId="1" StartOffset="4059"/>
<Loc EndOffset="4230" SrcFileId="1" StartOffset="4124"/>
<Loc EndOffset="4264" SrcFileId="1" StartOffset="4242"/>
<Loc EndOffset="4313" SrcFileId="1" StartOffset="4276"/>
</LocList>
<CondStmnt CovItemId="S72" CovItemPrefix="Value.java" Intrnl_Id="323">
<Branch CovItemId="B55" CovItemPrefix="Value.java" Implct="false" Intrnl_Id="324">
<Cond/>
<LocList>
<Loc EndOffset="4112" SrcFileId="1" StartOffset="4074"/>
</LocList>
<StmntSeq Intrnl_Id="325">
<LocList>
<Loc EndOffset="4101" SrcFileId="1" StartOffset="4089"/>
</LocList>
<BasicStmnt CovItemId="S73" CovItemPrefix="Value.java" Intrnl_Id="326">
<LocList>
<Loc EndOffset="4101" SrcFileId="1" StartOffset="4089"/>
</LocList>
</BasicStmnt>
</StmntSeq>
</Branch>
<Branch CovItemId="B56" CovItemPrefix="Value.java" Implct="true" Intrnl_Id="327">
<Cond/>
<LocList/>
<StmntSeq Intrnl_Id="328">
<LocList/>
</StmntSeq>
</Branch>
<Keyword EndOffset="4061" SrcFileId="1" StartOffset="4059"/>
<LocList>
<Loc EndOffset="4112" SrcFileId="1" StartOffset="4059"/>
</LocList>
<RootTerm CovItemId="C30" CovItemPrefix="Value.java" Intrnl_Id="329">
<BasicBoolTerm Intrnl_Id="330">
<LocList>
<Loc EndOffset="4072" SrcFileId="1" StartOffset="4062"/>
</LocList>
</BasicBoolTerm>
</RootTerm>
</CondStmnt>
<CondStmnt CovItemId="S74" CovItemPrefix="Value.java" Intrnl_Id="331">
<Branch CovItemId="B57" CovItemPrefix="Value.java" Implct="false" Intrnl_Id="332">
<Cond/>
<LocList>
<Loc EndOffset="4230" SrcFileId="1" StartOffset="4191"/>
</LocList>
<StmntSeq Intrnl_Id="333">
<LocList>
<Loc EndOffset="4219" SrcFileId="1" StartOffset="4206"/>
</LocList>
<BasicStmnt CovItemId="S75" CovItemPrefix="Value.java" Intrnl_Id="334">
<LocList>
<Loc EndOffset="4219" SrcFileId="1" StartOffset="4206"/>
</LocList>
</BasicStmnt>
</StmntSeq>
</Branch>
<Branch CovItemId="B58" CovItemPrefix="Value.java" Implct="true" Intrnl_Id="335">
<Cond/>
<LocList/>
<StmntSeq Intrnl_Id="336">
<LocList/>
</StmntSeq>
</Branch>
<Keyword EndOffset="4126" SrcFileId="1" StartOffset="4124"/>
<LocList>
<Loc EndOffset="4230" SrcFileId="1" StartOffset="4124"/>
</LocList>
<RootTerm CovItemId="C31" CovItemPrefix="Value.java" Intrnl_Id="337">
<OpTerm BooleanOpId="4" Intrnl_Id="338">
<OpTerm BooleanOpId="4" Intrnl_Id="339">
<BasicBoolTerm Intrnl_Id="340">
<LocList>
<Loc EndOffset="4140" SrcFileId="1" StartOffset="4127"/>
</LocList>
</BasicBoolTerm>
<BasicBoolTerm Intrnl_Id="341">
<LocList>
<Loc EndOffset="4153" SrcFileId="1" StartOffset="4144"/>
</LocList>
</BasicBoolTerm>
<LocList>
<Loc EndOffset="4143" SrcFileId="1" StartOffset="4141"/>
</LocList>
</OpTerm>
<BasicBoolTerm Intrnl_Id="342">
<LocList>
<Loc EndOffset="4189" SrcFileId="1" StartOffset="4157"/>
</LocList>
</BasicBoolTerm>
<LocList>
<Loc EndOffset="4156" SrcFileId="1" StartOffset="4154"/>
</LocList>
</OpTerm>
</RootTerm>
</CondStmnt>
<BasicStmnt CovItemId="S76" CovItemPrefix="Value.java" Intrnl_Id="343">
<LocList>
<Loc EndOffset="4264" SrcFileId="1" StartOffset="4242"/>
</LocList>
</BasicStmnt>
<BasicStmnt CovItemId="S77" CovItemPrefix="Value.java" Intrnl_Id="344">
<LocList>
<Loc EndOffset="4313" SrcFileId="1" StartOffset="4276"/>
</LocList>
</BasicStmnt>
</StmntSeq>
</HierarchyLvl>
<HierarchyLvl HierarchyLvlId="934" HierarchyLvlTypeId="6" Intrnl_Id="345" Name="toString">
<Header>
<Loc EndOffset="4367" SrcFileId="1" StartOffset="4328"/>
</Header>
<LocList>
<Loc EndOffset="4415" SrcFileId="1" StartOffset="4328"/>
</LocList>
<StmntSeq Intrnl_Id="346">
<LocList>
<Loc EndOffset="4408" SrcFileId="1" StartOffset="4379"/>
</LocList>
<BasicStmnt CovItemId="S78" CovItemPrefix="Value.java" Intrnl_Id="347">
<LocList>
<Loc EndOffset="4408" SrcFileId="1" StartOffset="4379"/>
</LocList>
</BasicStmnt>
</StmntSeq>
</HierarchyLvl>
</HierarchyLvl>
</HierarchyLvl>
</MASTRoot>
</TestSessionContainer>
