<?xml version="1.0" encoding="UTF-8"?><TestSessionContainer xmlns="http://www.codecover.org/xml/testsession-container" Date="1367933544366" TestSessionContainerId="382b5330-ac0d-4fb4-a93c-faae7ddfa421" version="1.0">
<SrcFileList>
<SrcFile Content="&#13;&#10;public class Value {&#13;&#10;&#9;public static Value VOID = new Value(new Object());&#13;&#10;&#13;&#10;    final Object value;&#13;&#10;&#13;&#10;    public Value(Object value) {&#13;&#10;        this.value = value;&#13;&#10;    }&#13;&#10;    &#13;&#10;    public Value()&#13;&#10;    {&#13;&#10;    &#9;this.value = &quot;&quot;;&#13;&#10;    }&#13;&#10;&#13;&#10;    public boolean isDouble() &#13;&#10;    {&#13;&#10;&#9;&#9;if(this.toString().matches(&quot;((-)?[0-9]+)\\.([0-9]){1,2}&quot;))&#13;&#10;&#9;&#9;{&#13;&#10;&#9;&#9;&#9;return true;&#13;&#10;&#9;&#9;}&#13;&#10;&#9;&#9;return false;&#13;&#10;    }&#13;&#10;    &#13;&#10;    public boolean isInt()&#13;&#10;    {&#13;&#10;&#9;&#9;if(this.toString().matches(&quot;(-)?[0-9]+&quot;))&#13;&#10;&#9;&#9;{&#13;&#10;&#9;&#9;&#9;return true;&#13;&#10;&#9;&#9;}&#13;&#10;&#9;&#9;return false;&#13;&#10;    }&#13;&#10;    &#13;&#10;    public boolean isDrink()&#13;&#10;    {&#13;&#10;&#9;&#9;if(this.toString().equals(&quot;drink&quot;))&#13;&#10;&#9;&#9;{&#13;&#10;&#9;&#9;&#9;return true;&#13;&#10;&#9;&#9;}&#13;&#10;&#9;&#9;return false;&#13;&#10;    }&#13;&#10;    &#13;&#10;    public boolean isNumeric()&#13;&#10;    {&#13;&#10;    &#9;if(this.isInt() || this.isDouble() || this.toString().equals(&quot;int&quot;) || this.toString().equals(&quot;double&quot;))&#13;&#10;    &#9;{&#13;&#10;    &#9;&#9;return true;&#13;&#10;    &#9;}&#13;&#10;    &#9;return false;&#13;&#10;    }&#13;&#10;    &#13;&#10;    public boolean isNumericExpression()&#13;&#10;    {    &#9;&#13;&#10;    &#9;if(this.toString().contains(&quot;(&quot;))&#13;&#10;    &#9;{&#13;&#10;    &#9;&#9;int i = 0;&#13;&#10;        &#9;int location = 0;&#13;&#10;        &#9;&#13;&#10;    &#9;&#9;if(!this.toString().contains(&quot;)&quot;))&#13;&#10;    &#9;&#9;{&#13;&#10;    &#9;&#9;&#9;return false;&#13;&#10;    &#9;&#9;}&#13;&#10;    &#9;&#9;&#13;&#10;    &#9;&#9;for(i=0; i&lt;=this.toString().length()-1; i++)&#13;&#10;    &#9;&#9;{&#13;&#10;    &#9;&#9;&#9;if(this.toString().charAt(i) == '(')&#13;&#10;    &#9;&#9;&#9;{&#13;&#10;    &#9;&#9;&#9;&#9;location = i;&#13;&#10;    &#9;&#9;&#9;&#9;break;&#13;&#10;    &#9;&#9;&#9;}&#13;&#10;    &#9;&#9;}&#13;&#10;    &#9;&#9;for(i=this.toString().length()-1; i&gt;=0; i--)&#13;&#10;    &#9;&#9;{&#13;&#10;    &#9;&#9;&#9;if(this.toString().charAt(i) == ')')&#13;&#10;    &#9;&#9;&#9;{&#13;&#10;    &#9;&#9;&#9;&#9;if(!new Value(this.toString().substring(location+1, this.toString().length()-i+1)).isNumericExpression())&#13;&#10;    &#9;&#9;&#9;&#9;{&#13;&#10;    &#9;&#9;&#9;&#9;&#9;return false;&#13;&#10;    &#9;&#9;&#9;&#9;}&#13;&#10;    &#9;&#9;&#9;&#9;else&#13;&#10;    &#9;&#9;&#9;&#9;{&#13;&#10;    &#9;&#9;&#9;&#9;&#9;&#13;&#10;    &#9;&#9;&#9;&#9;}&#13;&#10;    &#9;&#9;&#9;}&#13;&#10;    &#9;&#9;}&#13;&#10;    &#9;}&#13;&#10;    &#9;else if(this.toString().matches(&quot;(-)?[0-9]+(\\.[0-9]{1,2})?((\\+|\\-|\\*|\\/)[0-9]+(\\.[0-9]{1,2})?)*&quot;))&#13;&#10;    &#9;{&#13;&#10;    &#9;&#9;return true;&#13;&#10;    &#9;}&#13;&#10;    &#9;return false;&#13;&#10;    }&#13;&#10;    &#13;&#10;    public boolean isChar()&#13;&#10;    {&#13;&#10;&#9;&#9;if(this.toString().length() != 3 || &#13;&#10;&#9;&#9;   this.toString().charAt(0) != '\'' || &#13;&#10;&#9;&#9;   this.toString().charAt(this.toString().length()-1) != '\'')&#13;&#10;&#9;&#9;{&#13;&#10;&#9;&#9;&#9;return false;&#13;&#10;&#9;&#9;}&#13;&#10;&#9;&#9;return true;&#13;&#10;    }&#13;&#10;    &#13;&#10;    public boolean isString()&#13;&#10;    {&#13;&#10;    &#9;if(this.toString().length() &lt; 2)&#13;&#10;    &#9;{&#13;&#10;    &#9;&#9;return false;&#13;&#10;    &#9;}&#13;&#10;    &#9;else if(this.toString().charAt(0) != '&quot;'|| this.toString().charAt(this.toString().length()-1) != '&quot;')&#13;&#10;&#9;&#9;{&#13;&#10;&#9;&#9;&#9;return false;&#13;&#10;&#9;&#9;}&#13;&#10;&#9;&#9;return true;&#13;&#10;    }&#13;&#10;    &#13;&#10;    public boolean isBool()&#13;&#10;    {&#13;&#10;    &#9;if(this.toString().equals(&quot;true&quot;) || this.toString().equals(&quot;false&quot;))&#13;&#10;    &#9;{&#13;&#10;    &#9;&#9;return true;&#13;&#10;    &#9;}&#13;&#10;    &#9;return false;&#13;&#10;    }&#13;&#10;    &#13;&#10;    public boolean isContainer()&#13;&#10;    {&#13;&#10;    &#9;if(this.toString().matches(&quot;((1?[0-3])|([0-9]))|A[0-5]&quot;) || this.toString().equals(&quot;container&quot;))&#13;&#10;    &#9;{&#13;&#10;    &#9;&#9;return true;&#13;&#10;    &#9;}&#13;&#10;    &#9;return false;&#13;&#10;    }&#13;&#10;    &#13;&#10;    public boolean isSameType(Value val)&#13;&#10;    {&#13;&#10;    &#9;if(this.isBool() &amp;&amp; val.isBool())&#13;&#10;    &#9;{&#13;&#10;    &#9;&#9;return true;&#13;&#10;    &#9;}&#13;&#10;    &#9;if(this.isContainer() &amp;&amp; val.isContainer())&#13;&#10;    &#9;{&#13;&#10;    &#9;&#9;return true;&#13;&#10;    &#9;}&#13;&#10;    &#9;else if(this.isChar() &amp;&amp; val.isChar())&#13;&#10;    &#9;{&#13;&#10;    &#9;&#9;return true;&#13;&#10;    &#9;}&#13;&#10;    &#9;else if(this.isNumeric() &amp;&amp; val.isNumeric() || this.isNumeric() &amp;&amp; val.isNumericExpression())&#13;&#10;    &#9;{&#13;&#10;    &#9;&#9;return true;&#13;&#10;    &#9;}&#13;&#10;    &#9;else if(this.isString() &amp;&amp; val.isString())&#13;&#10;    &#9;{&#13;&#10;    &#9;&#9;return true;&#13;&#10;    &#9;}&#13;&#10;    &#9;else if(this.isDrink() &amp;&amp; val.isDrink())&#13;&#10;    &#9;{&#13;&#10;    &#9;&#9;return true;&#13;&#10;    &#9;}&#13;&#10;    &#9;&#13;&#10;    &#9;return false;&#13;&#10;    }&#13;&#10;    &#13;&#10;    public String GetType()&#13;&#10;    {&#13;&#10;    &#9;if(this.isBool() || this.toString().equals(&quot;bool&quot;))&#13;&#10;    &#9;{&#13;&#10;    &#9;&#9;return &quot;bool&quot;;&#13;&#10;    &#9;}&#13;&#10;    &#9;else if(this.toString().equals(&quot;container&quot;) || this.isContainer())&#13;&#10;    &#9;{&#13;&#10;    &#9;&#9;return &quot;container&quot;;&#13;&#10;    &#9;}&#13;&#10;    &#9;else if(this.isInt() || this.toString().equals(&quot;int&quot;))&#13;&#10;    &#9;{&#13;&#10;    &#9;&#9;return &quot;int&quot;;&#13;&#10;    &#9;}&#13;&#10;    &#9;else if(this.isDouble() || this.toString().equals(&quot;double&quot;))&#13;&#10;    &#9;{&#13;&#10;    &#9;&#9;return &quot;double&quot;;&#13;&#10;    &#9;}&#13;&#10;    &#9;else if(this.isChar() || this.toString().equals(&quot;char&quot;))&#13;&#10;    &#9;{&#13;&#10;    &#9;&#9;return &quot;char&quot;;&#13;&#10;    &#9;}&#13;&#10;    &#9;else if(this.isString() || this.toString().equals(&quot;string&quot;))&#13;&#10;    &#9;{&#13;&#10;    &#9;&#9;return &quot;string&quot;;&#13;&#10;    &#9;}&#13;&#10;    &#9;else if(this.toString().equals(&quot;drink&quot;))&#13;&#10;    &#9;{&#13;&#10;    &#9;&#9;return &quot;drink&quot;;&#13;&#10;    &#9;}&#13;&#10;    &#9;else&#13;&#10;    &#9;{&#13;&#10;    &#9;&#9;return null;&#13;&#10;    &#9;}&#13;&#10;    }&#13;&#10;&#13;&#10;    @Override&#13;&#10;    public boolean equals(Object o) {&#13;&#10;&#13;&#10;        if(value == o) {&#13;&#10;            return true;&#13;&#10;        }&#13;&#10;&#13;&#10;        if(value == null || o == null || o.getClass() != value.getClass()) {&#13;&#10;            return false;&#13;&#10;        }&#13;&#10;&#13;&#10;        Value that = (Value)o;&#13;&#10;&#13;&#10;        return this.value.equals(that.value);&#13;&#10;    }&#13;&#10;&#13;&#10;    @Override&#13;&#10;    public String toString() {&#13;&#10;        return String.valueOf(value);&#13;&#10;    }&#13;&#10;}&#13;&#10;" Filename="Value.java" Intrnl_Id="1"/>
</SrcFileList>
<CritList>
<CritListEntry Name="org.codecover.model.utils.criteria.LoopCoverage" PluginName="org.codecover"/>
<CritListEntry Name="org.codecover.model.utils.criteria.BranchCoverage" PluginName="org.codecover"/>
<CritListEntry Name="org.codecover.model.utils.criteria.ConditionCoverage" PluginName="org.codecover"/>
<CritListEntry Name="org.codecover.model.utils.criteria.StatementCoverage" PluginName="org.codecover"/>
</CritList>
<BoolOpList>
<BoolOp Arity="1" Intrnl_Id="2" Name="not (!)">
<BoolAssgnmntBoolMapList>
<MapEntry BoolAssgnmnt="0" Value="true"/>
<MapEntry BoolAssgnmnt="1" Value="false"/>
</BoolAssgnmntBoolMapList>
</BoolOp>
<BoolOp Arity="2" Intrnl_Id="3" Name="conditional and (&amp;&amp;)">
<BoolAssgnmntBoolMapList>
<MapEntry BoolAssgnmnt="10" Value="false"/>
<MapEntry BoolAssgnmnt="02" Value="false"/>
<MapEntry BoolAssgnmnt="11" Value="true"/>
</BoolAssgnmntBoolMapList>
</BoolOp>
<BoolOp Arity="2" Intrnl_Id="4" Name="conditional or (||)">
<BoolAssgnmntBoolMapList>
<MapEntry BoolAssgnmnt="01" Value="true"/>
<MapEntry BoolAssgnmnt="00" Value="false"/>
<MapEntry BoolAssgnmnt="12" Value="true"/>
</BoolAssgnmntBoolMapList>
</BoolOp>
</BoolOpList>
<HierarchyLvlTypeList>
<HierarchyLvlType EnglishName="class" IntrnlName="class" Intrnl_Id="5"/>
<HierarchyLvlType EnglishName="method" IntrnlName="method" Intrnl_Id="6"/>
<HierarchyLvlType EnglishName="default package" IntrnlName="default package" Intrnl_Id="7"/>
</HierarchyLvlTypeList>
<MASTRoot>
<HierarchyLvl HierarchyLvlId="1072" HierarchyLvlTypeId="7" Intrnl_Id="8" Name="default package">
<Header/>
<LocList/>
<HierarchyLvl HierarchyLvlId="1071" HierarchyLvlTypeId="5" Intrnl_Id="9" Name="Value">
<Header>
<Loc EndOffset="20" SrcFileId="1" StartOffset="2"/>
</Header>
<LocList>
<Loc EndOffset="4621" SrcFileId="1" StartOffset="2"/>
</LocList>
<StmntSeq Intrnl_Id="10">
<LocList>
<Loc EndOffset="76" SrcFileId="1" StartOffset="25"/>
</LocList>
<BasicStmnt CovItemId="S1" CovItemPrefix="Value.java" Intrnl_Id="11">
<LocList>
<Loc EndOffset="76" SrcFileId="1" StartOffset="25"/>
</LocList>
</BasicStmnt>
</StmntSeq>
<HierarchyLvl HierarchyLvlId="1056" HierarchyLvlTypeId="6" Intrnl_Id="12" Name="Value">
<Header>
<Loc EndOffset="137" SrcFileId="1" StartOffset="111"/>
</Header>
<LocList>
<Loc EndOffset="175" SrcFileId="1" StartOffset="111"/>
</LocList>
<StmntSeq Intrnl_Id="13">
<LocList>
<Loc EndOffset="168" SrcFileId="1" StartOffset="149"/>
</LocList>
<BasicStmnt CovItemId="S2" CovItemPrefix="Value.java" Intrnl_Id="14">
<LocList>
<Loc EndOffset="168" SrcFileId="1" StartOffset="149"/>
</LocList>
</BasicStmnt>
</StmntSeq>
</HierarchyLvl>
<HierarchyLvl HierarchyLvlId="1057" HierarchyLvlTypeId="6" Intrnl_Id="15" Name="Value">
<Header>
<Loc EndOffset="201" SrcFileId="1" StartOffset="187"/>
</Header>
<LocList>
<Loc EndOffset="238" SrcFileId="1" StartOffset="187"/>
</LocList>
<StmntSeq Intrnl_Id="16">
<LocList>
<Loc EndOffset="231" SrcFileId="1" StartOffset="215"/>
</LocList>
<BasicStmnt CovItemId="S3" CovItemPrefix="Value.java" Intrnl_Id="17">
<LocList>
<Loc EndOffset="231" SrcFileId="1" StartOffset="215"/>
</LocList>
</BasicStmnt>
</StmntSeq>
</HierarchyLvl>
<HierarchyLvl HierarchyLvlId="1058" HierarchyLvlTypeId="6" Intrnl_Id="18" Name="isDouble">
<Header>
<Loc EndOffset="271" SrcFileId="1" StartOffset="246"/>
</Header>
<LocList>
<Loc EndOffset="392" SrcFileId="1" StartOffset="246"/>
</LocList>
<StmntSeq Intrnl_Id="19">
<LocList>
<Loc EndOffset="368" SrcFileId="1" StartOffset="283"/>
<Loc EndOffset="385" SrcFileId="1" StartOffset="372"/>
</LocList>
<CondStmnt CovItemId="S4" CovItemPrefix="Value.java" Intrnl_Id="20">
<Branch CovItemId="B1" CovItemPrefix="Value.java" Implct="false" Intrnl_Id="21">
<Cond/>
<LocList>
<Loc EndOffset="368" SrcFileId="1" StartOffset="345"/>
</LocList>
<StmntSeq Intrnl_Id="22">
<LocList>
<Loc EndOffset="363" SrcFileId="1" StartOffset="351"/>
</LocList>
<BasicStmnt CovItemId="S5" CovItemPrefix="Value.java" Intrnl_Id="23">
<LocList>
<Loc EndOffset="363" SrcFileId="1" StartOffset="351"/>
</LocList>
</BasicStmnt>
</StmntSeq>
</Branch>
<Branch CovItemId="B2" CovItemPrefix="Value.java" Implct="true" Intrnl_Id="24">
<Cond/>
<LocList/>
<StmntSeq Intrnl_Id="25">
<LocList/>
</StmntSeq>
</Branch>
<Keyword EndOffset="285" SrcFileId="1" StartOffset="283"/>
<LocList>
<Loc EndOffset="368" SrcFileId="1" StartOffset="283"/>
</LocList>
<RootTerm CovItemId="C1" CovItemPrefix="Value.java" Intrnl_Id="26">
<BasicBoolTerm Intrnl_Id="27">
<LocList>
<Loc EndOffset="340" SrcFileId="1" StartOffset="286"/>
</LocList>
</BasicBoolTerm>
</RootTerm>
</CondStmnt>
<BasicStmnt CovItemId="S6" CovItemPrefix="Value.java" Intrnl_Id="28">
<LocList>
<Loc EndOffset="385" SrcFileId="1" StartOffset="372"/>
</LocList>
</BasicStmnt>
</StmntSeq>
</HierarchyLvl>
<HierarchyLvl HierarchyLvlId="1059" HierarchyLvlTypeId="6" Intrnl_Id="29" Name="isInt">
<Header>
<Loc EndOffset="426" SrcFileId="1" StartOffset="404"/>
</Header>
<LocList>
<Loc EndOffset="529" SrcFileId="1" StartOffset="404"/>
</LocList>
<StmntSeq Intrnl_Id="30">
<LocList>
<Loc EndOffset="505" SrcFileId="1" StartOffset="437"/>
<Loc EndOffset="522" SrcFileId="1" StartOffset="509"/>
</LocList>
<CondStmnt CovItemId="S7" CovItemPrefix="Value.java" Intrnl_Id="31">
<Branch CovItemId="B3" CovItemPrefix="Value.java" Implct="false" Intrnl_Id="32">
<Cond/>
<LocList>
<Loc EndOffset="505" SrcFileId="1" StartOffset="482"/>
</LocList>
<StmntSeq Intrnl_Id="33">
<LocList>
<Loc EndOffset="500" SrcFileId="1" StartOffset="488"/>
</LocList>
<BasicStmnt CovItemId="S8" CovItemPrefix="Value.java" Intrnl_Id="34">
<LocList>
<Loc EndOffset="500" SrcFileId="1" StartOffset="488"/>
</LocList>
</BasicStmnt>
</StmntSeq>
</Branch>
<Branch CovItemId="B4" CovItemPrefix="Value.java" Implct="true" Intrnl_Id="35">
<Cond/>
<LocList/>
<StmntSeq Intrnl_Id="36">
<LocList/>
</StmntSeq>
</Branch>
<Keyword EndOffset="439" SrcFileId="1" StartOffset="437"/>
<LocList>
<Loc EndOffset="505" SrcFileId="1" StartOffset="437"/>
</LocList>
<RootTerm CovItemId="C2" CovItemPrefix="Value.java" Intrnl_Id="37">
<BasicBoolTerm Intrnl_Id="38">
<LocList>
<Loc EndOffset="477" SrcFileId="1" StartOffset="440"/>
</LocList>
</BasicBoolTerm>
</RootTerm>
</CondStmnt>
<BasicStmnt CovItemId="S9" CovItemPrefix="Value.java" Intrnl_Id="39">
<LocList>
<Loc EndOffset="522" SrcFileId="1" StartOffset="509"/>
</LocList>
</BasicStmnt>
</StmntSeq>
</HierarchyLvl>
<HierarchyLvl HierarchyLvlId="1060" HierarchyLvlTypeId="6" Intrnl_Id="40" Name="isDrink">
<Header>
<Loc EndOffset="565" SrcFileId="1" StartOffset="541"/>
</Header>
<LocList>
<Loc EndOffset="662" SrcFileId="1" StartOffset="541"/>
</LocList>
<StmntSeq Intrnl_Id="41">
<LocList>
<Loc EndOffset="638" SrcFileId="1" StartOffset="576"/>
<Loc EndOffset="655" SrcFileId="1" StartOffset="642"/>
</LocList>
<CondStmnt CovItemId="S10" CovItemPrefix="Value.java" Intrnl_Id="42">
<Branch CovItemId="B5" CovItemPrefix="Value.java" Implct="false" Intrnl_Id="43">
<Cond/>
<LocList>
<Loc EndOffset="638" SrcFileId="1" StartOffset="615"/>
</LocList>
<StmntSeq Intrnl_Id="44">
<LocList>
<Loc EndOffset="633" SrcFileId="1" StartOffset="621"/>
</LocList>
<BasicStmnt CovItemId="S11" CovItemPrefix="Value.java" Intrnl_Id="45">
<LocList>
<Loc EndOffset="633" SrcFileId="1" StartOffset="621"/>
</LocList>
</BasicStmnt>
</StmntSeq>
</Branch>
<Branch CovItemId="B6" CovItemPrefix="Value.java" Implct="true" Intrnl_Id="46">
<Cond/>
<LocList/>
<StmntSeq Intrnl_Id="47">
<LocList/>
</StmntSeq>
</Branch>
<Keyword EndOffset="578" SrcFileId="1" StartOffset="576"/>
<LocList>
<Loc EndOffset="638" SrcFileId="1" StartOffset="576"/>
</LocList>
<RootTerm CovItemId="C3" CovItemPrefix="Value.java" Intrnl_Id="48">
<BasicBoolTerm Intrnl_Id="49">
<LocList>
<Loc EndOffset="610" SrcFileId="1" StartOffset="579"/>
</LocList>
</BasicBoolTerm>
</RootTerm>
</CondStmnt>
<BasicStmnt CovItemId="S12" CovItemPrefix="Value.java" Intrnl_Id="50">
<LocList>
<Loc EndOffset="655" SrcFileId="1" StartOffset="642"/>
</LocList>
</BasicStmnt>
</StmntSeq>
</HierarchyLvl>
<HierarchyLvl HierarchyLvlId="1061" HierarchyLvlTypeId="6" Intrnl_Id="51" Name="isNumeric">
<Header>
<Loc EndOffset="700" SrcFileId="1" StartOffset="674"/>
</Header>
<LocList>
<Loc EndOffset="881" SrcFileId="1" StartOffset="674"/>
</LocList>
<StmntSeq Intrnl_Id="52">
<LocList>
<Loc EndOffset="854" SrcFileId="1" StartOffset="714"/>
<Loc EndOffset="874" SrcFileId="1" StartOffset="861"/>
</LocList>
<CondStmnt CovItemId="S13" CovItemPrefix="Value.java" Intrnl_Id="53">
<Branch CovItemId="B7" CovItemPrefix="Value.java" Implct="false" Intrnl_Id="54">
<Cond/>
<LocList>
<Loc EndOffset="854" SrcFileId="1" StartOffset="825"/>
</LocList>
<StmntSeq Intrnl_Id="55">
<LocList>
<Loc EndOffset="846" SrcFileId="1" StartOffset="834"/>
</LocList>
<BasicStmnt CovItemId="S14" CovItemPrefix="Value.java" Intrnl_Id="56">
<LocList>
<Loc EndOffset="846" SrcFileId="1" StartOffset="834"/>
</LocList>
</BasicStmnt>
</StmntSeq>
</Branch>
<Branch CovItemId="B8" CovItemPrefix="Value.java" Implct="true" Intrnl_Id="57">
<Cond/>
<LocList/>
<StmntSeq Intrnl_Id="58">
<LocList/>
</StmntSeq>
</Branch>
<Keyword EndOffset="716" SrcFileId="1" StartOffset="714"/>
<LocList>
<Loc EndOffset="854" SrcFileId="1" StartOffset="714"/>
</LocList>
<RootTerm CovItemId="C4" CovItemPrefix="Value.java" Intrnl_Id="59">
<OpTerm BooleanOpId="4" Intrnl_Id="60">
<OpTerm BooleanOpId="4" Intrnl_Id="61">
<OpTerm BooleanOpId="4" Intrnl_Id="62">
<BasicBoolTerm Intrnl_Id="63">
<LocList>
<Loc EndOffset="729" SrcFileId="1" StartOffset="717"/>
</LocList>
</BasicBoolTerm>
<BasicBoolTerm Intrnl_Id="64">
<LocList>
<Loc EndOffset="748" SrcFileId="1" StartOffset="733"/>
</LocList>
</BasicBoolTerm>
<LocList>
<Loc EndOffset="732" SrcFileId="1" StartOffset="730"/>
</LocList>
</OpTerm>
<BasicBoolTerm Intrnl_Id="65">
<LocList>
<Loc EndOffset="781" SrcFileId="1" StartOffset="752"/>
</LocList>
</BasicBoolTerm>
<LocList>
<Loc EndOffset="751" SrcFileId="1" StartOffset="749"/>
</LocList>
</OpTerm>
<BasicBoolTerm Intrnl_Id="66">
<LocList>
<Loc EndOffset="817" SrcFileId="1" StartOffset="785"/>
</LocList>
</BasicBoolTerm>
<LocList>
<Loc EndOffset="784" SrcFileId="1" StartOffset="782"/>
</LocList>
</OpTerm>
</RootTerm>
</CondStmnt>
<BasicStmnt CovItemId="S15" CovItemPrefix="Value.java" Intrnl_Id="67">
<LocList>
<Loc EndOffset="874" SrcFileId="1" StartOffset="861"/>
</LocList>
</BasicStmnt>
</StmntSeq>
</HierarchyLvl>
<HierarchyLvl HierarchyLvlId="1062" HierarchyLvlTypeId="6" Intrnl_Id="68" Name="isNumericExpression">
<Header>
<Loc EndOffset="929" SrcFileId="1" StartOffset="893"/>
</Header>
<LocList>
<Loc EndOffset="1835" SrcFileId="1" StartOffset="893"/>
</LocList>
<StmntSeq Intrnl_Id="69">
<LocList>
<Loc EndOffset="1808" SrcFileId="1" StartOffset="948"/>
<Loc EndOffset="1828" SrcFileId="1" StartOffset="1815"/>
</LocList>
<CondStmnt CovItemId="S16" CovItemPrefix="Value.java" Intrnl_Id="70">
<Branch CovItemId="B9" CovItemPrefix="Value.java" Implct="false" Intrnl_Id="71">
<Cond/>
<LocList>
<Loc EndOffset="1661" SrcFileId="1" StartOffset="988"/>
</LocList>
<StmntSeq Intrnl_Id="72">
<LocList>
<Loc EndOffset="1007" SrcFileId="1" StartOffset="997"/>
<Loc EndOffset="1035" SrcFileId="1" StartOffset="1018"/>
<Loc EndOffset="1128" SrcFileId="1" StartOffset="1054"/>
<Loc EndOffset="1310" SrcFileId="1" StartOffset="1144"/>
<Loc EndOffset="1653" SrcFileId="1" StartOffset="1318"/>
</LocList>
<BasicStmnt CovItemId="S17" CovItemPrefix="Value.java" Intrnl_Id="73">
<LocList>
<Loc EndOffset="1007" SrcFileId="1" StartOffset="997"/>
</LocList>
</BasicStmnt>
<BasicStmnt CovItemId="S18" CovItemPrefix="Value.java" Intrnl_Id="74">
<LocList>
<Loc EndOffset="1035" SrcFileId="1" StartOffset="1018"/>
</LocList>
</BasicStmnt>
<CondStmnt CovItemId="S19" CovItemPrefix="Value.java" Intrnl_Id="75">
<Branch CovItemId="B11" CovItemPrefix="Value.java" Implct="false" Intrnl_Id="76">
<Cond/>
<LocList>
<Loc EndOffset="1128" SrcFileId="1" StartOffset="1096"/>
</LocList>
<StmntSeq Intrnl_Id="77">
<LocList>
<Loc EndOffset="1119" SrcFileId="1" StartOffset="1106"/>
</LocList>
<BasicStmnt CovItemId="S20" CovItemPrefix="Value.java" Intrnl_Id="78">
<LocList>
<Loc EndOffset="1119" SrcFileId="1" StartOffset="1106"/>
</LocList>
</BasicStmnt>
</StmntSeq>
</Branch>
<Branch CovItemId="B12" CovItemPrefix="Value.java" Implct="true" Intrnl_Id="79">
<Cond/>
<LocList/>
<StmntSeq Intrnl_Id="80">
<LocList/>
</StmntSeq>
</Branch>
<Keyword EndOffset="1056" SrcFileId="1" StartOffset="1054"/>
<LocList>
<Loc EndOffset="1128" SrcFileId="1" StartOffset="1054"/>
</LocList>
<RootTerm CovItemId="C6" CovItemPrefix="Value.java" Intrnl_Id="81">
<OpTerm BooleanOpId="2" Intrnl_Id="82">
<BasicBoolTerm Intrnl_Id="83">
<LocList>
<Loc EndOffset="1087" SrcFileId="1" StartOffset="1058"/>
</LocList>
</BasicBoolTerm>
<LocList>
<Loc EndOffset="1058" SrcFileId="1" StartOffset="1057"/>
</LocList>
</OpTerm>
</RootTerm>
</CondStmnt>
<LoopStmnt CovItemId="S21" CovItemPrefix="Value.java" Intrnl_Id="84" MltplExecId="L1-2" MltplExecPrefix="Value.java" NvrExecId="L1-0" NvrExecPrefix="Value.java" OnceExecutedId="L1-1" OnceExecutedPrefix="Value.java" OptBodyExec="true">
<StmntSeq Intrnl_Id="85">
<LocList>
<Loc EndOffset="1301" SrcFileId="1" StartOffset="1206"/>
</LocList>
<CondStmnt CovItemId="S22" CovItemPrefix="Value.java" Intrnl_Id="86">
<Branch CovItemId="B13" CovItemPrefix="Value.java" Implct="false" Intrnl_Id="87">
<Cond/>
<LocList>
<Loc EndOffset="1301" SrcFileId="1" StartOffset="1251"/>
</LocList>
<StmntSeq Intrnl_Id="88">
<LocList>
<Loc EndOffset="1275" SrcFileId="1" StartOffset="1262"/>
<Loc EndOffset="1291" SrcFileId="1" StartOffset="1285"/>
</LocList>
<BasicStmnt CovItemId="S23" CovItemPrefix="Value.java" Intrnl_Id="89">
<LocList>
<Loc EndOffset="1275" SrcFileId="1" StartOffset="1262"/>
</LocList>
</BasicStmnt>
<BasicStmnt CovItemId="S24" CovItemPrefix="Value.java" Intrnl_Id="90">
<LocList>
<Loc EndOffset="1291" SrcFileId="1" StartOffset="1285"/>
</LocList>
</BasicStmnt>
</StmntSeq>
</Branch>
<Branch CovItemId="B14" CovItemPrefix="Value.java" Implct="true" Intrnl_Id="91">
<Cond/>
<LocList/>
<StmntSeq Intrnl_Id="92">
<LocList/>
</StmntSeq>
</Branch>
<Keyword EndOffset="1208" SrcFileId="1" StartOffset="1206"/>
<LocList>
<Loc EndOffset="1301" SrcFileId="1" StartOffset="1206"/>
</LocList>
<RootTerm CovItemId="C8" CovItemPrefix="Value.java" Intrnl_Id="93">
<BasicBoolTerm Intrnl_Id="94">
<LocList>
<Loc EndOffset="1241" SrcFileId="1" StartOffset="1209"/>
</LocList>
</BasicBoolTerm>
</RootTerm>
</CondStmnt>
</StmntSeq>
<Keyword EndOffset="1147" SrcFileId="1" StartOffset="1144"/>
<LocList>
<Loc EndOffset="1310" SrcFileId="1" StartOffset="1144"/>
</LocList>
<RootTerm CovItemId="C7" CovItemPrefix="Value.java" Intrnl_Id="95">
<BasicBoolTerm Intrnl_Id="96">
<LocList>
<Loc EndOffset="1182" SrcFileId="1" StartOffset="1153"/>
</LocList>
</BasicBoolTerm>
</RootTerm>
</LoopStmnt>
<LoopStmnt CovItemId="S25" CovItemPrefix="Value.java" Intrnl_Id="97" MltplExecId="L2-2" MltplExecPrefix="Value.java" NvrExecId="L2-0" NvrExecPrefix="Value.java" OnceExecutedId="L2-1" OnceExecutedPrefix="Value.java" OptBodyExec="true">
<StmntSeq Intrnl_Id="98">
<LocList>
<Loc EndOffset="1644" SrcFileId="1" StartOffset="1380"/>
</LocList>
<CondStmnt CovItemId="S26" CovItemPrefix="Value.java" Intrnl_Id="99">
<Branch CovItemId="B15" CovItemPrefix="Value.java" Implct="false" Intrnl_Id="100">
<Cond/>
<LocList>
<Loc EndOffset="1644" SrcFileId="1" StartOffset="1425"/>
</LocList>
<StmntSeq Intrnl_Id="101">
<LocList>
<Loc EndOffset="1634" SrcFileId="1" StartOffset="1436"/>
</LocList>
<CondStmnt CovItemId="S27" CovItemPrefix="Value.java" Intrnl_Id="102">
<Branch CovItemId="B17" CovItemPrefix="Value.java" Implct="false" Intrnl_Id="103">
<Cond/>
<LocList>
<Loc EndOffset="1587" SrcFileId="1" StartOffset="1551"/>
</LocList>
<StmntSeq Intrnl_Id="104">
<LocList>
<Loc EndOffset="1576" SrcFileId="1" StartOffset="1563"/>
</LocList>
<BasicStmnt CovItemId="S28" CovItemPrefix="Value.java" Intrnl_Id="105">
<LocList>
<Loc EndOffset="1576" SrcFileId="1" StartOffset="1563"/>
</LocList>
</BasicStmnt>
</StmntSeq>
</Branch>
<Branch CovItemId="B18" CovItemPrefix="Value.java" Implct="false" Intrnl_Id="106">
<Cond>
<Loc EndOffset="1601" SrcFileId="1" StartOffset="1597"/>
</Cond>
<LocList>
<Loc EndOffset="1634" SrcFileId="1" StartOffset="1611"/>
</LocList>
<StmntSeq Intrnl_Id="107">
<LocList/>
</StmntSeq>
</Branch>
<Keyword EndOffset="1438" SrcFileId="1" StartOffset="1436"/>
<LocList>
<Loc EndOffset="1634" SrcFileId="1" StartOffset="1436"/>
</LocList>
<RootTerm CovItemId="C11" CovItemPrefix="Value.java" Intrnl_Id="108">
<OpTerm BooleanOpId="2" Intrnl_Id="109">
<BasicBoolTerm Intrnl_Id="110">
<LocList>
<Loc EndOffset="1540" SrcFileId="1" StartOffset="1440"/>
</LocList>
</BasicBoolTerm>
<LocList>
<Loc EndOffset="1440" SrcFileId="1" StartOffset="1439"/>
</LocList>
</OpTerm>
</RootTerm>
</CondStmnt>
</StmntSeq>
</Branch>
<Branch CovItemId="B16" CovItemPrefix="Value.java" Implct="true" Intrnl_Id="111">
<Cond/>
<LocList/>
<StmntSeq Intrnl_Id="112">
<LocList/>
</StmntSeq>
</Branch>
<Keyword EndOffset="1382" SrcFileId="1" StartOffset="1380"/>
<LocList>
<Loc EndOffset="1644" SrcFileId="1" StartOffset="1380"/>
</LocList>
<RootTerm CovItemId="C10" CovItemPrefix="Value.java" Intrnl_Id="113">
<BasicBoolTerm Intrnl_Id="114">
<LocList>
<Loc EndOffset="1415" SrcFileId="1" StartOffset="1383"/>
</LocList>
</BasicBoolTerm>
</RootTerm>
</CondStmnt>
</StmntSeq>
<Keyword EndOffset="1321" SrcFileId="1" StartOffset="1318"/>
<LocList>
<Loc EndOffset="1653" SrcFileId="1" StartOffset="1318"/>
</LocList>
<RootTerm CovItemId="C9" CovItemPrefix="Value.java" Intrnl_Id="115">
<BasicBoolTerm Intrnl_Id="116">
<LocList>
<Loc EndOffset="1356" SrcFileId="1" StartOffset="1352"/>
</LocList>
</BasicBoolTerm>
</RootTerm>
</LoopStmnt>
</StmntSeq>
</Branch>
<Branch CovItemId="B10" CovItemPrefix="Value.java" Implct="false" Intrnl_Id="117">
<Cond>
<Loc EndOffset="1672" SrcFileId="1" StartOffset="1668"/>
</Cond>
<LocList>
<Loc EndOffset="1808" SrcFileId="1" StartOffset="1673"/>
</LocList>
<StmntSeq Intrnl_Id="118">
<LocList>
<Loc EndOffset="1808" SrcFileId="1" StartOffset="1673"/>
</LocList>
<CondStmnt CovItemId="S29" CovItemPrefix="Value.java" Intrnl_Id="119">
<Branch CovItemId="B19" CovItemPrefix="Value.java" Implct="false" Intrnl_Id="120">
<Cond/>
<LocList>
<Loc EndOffset="1808" SrcFileId="1" StartOffset="1779"/>
</LocList>
<StmntSeq Intrnl_Id="121">
<LocList>
<Loc EndOffset="1800" SrcFileId="1" StartOffset="1788"/>
</LocList>
<BasicStmnt CovItemId="S30" CovItemPrefix="Value.java" Intrnl_Id="122">
<LocList>
<Loc EndOffset="1800" SrcFileId="1" StartOffset="1788"/>
</LocList>
</BasicStmnt>
</StmntSeq>
</Branch>
<Branch CovItemId="B20" CovItemPrefix="Value.java" Implct="true" Intrnl_Id="123">
<Cond/>
<LocList/>
<StmntSeq Intrnl_Id="124">
<LocList/>
</StmntSeq>
</Branch>
<Keyword EndOffset="1675" SrcFileId="1" StartOffset="1673"/>
<LocList>
<Loc EndOffset="1808" SrcFileId="1" StartOffset="1673"/>
</LocList>
<RootTerm CovItemId="C12" CovItemPrefix="Value.java" Intrnl_Id="125">
<BasicBoolTerm Intrnl_Id="126">
<LocList>
<Loc EndOffset="1771" SrcFileId="1" StartOffset="1676"/>
</LocList>
</BasicBoolTerm>
</RootTerm>
</CondStmnt>
</StmntSeq>
</Branch>
<Keyword EndOffset="950" SrcFileId="1" StartOffset="948"/>
<LocList>
<Loc EndOffset="1808" SrcFileId="1" StartOffset="948"/>
</LocList>
<RootTerm CovItemId="C5" CovItemPrefix="Value.java" Intrnl_Id="127">
<BasicBoolTerm Intrnl_Id="128">
<LocList>
<Loc EndOffset="980" SrcFileId="1" StartOffset="951"/>
</LocList>
</BasicBoolTerm>
</RootTerm>
</CondStmnt>
<BasicStmnt CovItemId="S31" CovItemPrefix="Value.java" Intrnl_Id="129">
<LocList>
<Loc EndOffset="1828" SrcFileId="1" StartOffset="1815"/>
</LocList>
</BasicStmnt>
</StmntSeq>
</HierarchyLvl>
<HierarchyLvl HierarchyLvlId="1063" HierarchyLvlTypeId="6" Intrnl_Id="130" Name="isChar">
<Header>
<Loc EndOffset="1870" SrcFileId="1" StartOffset="1847"/>
</Header>
<LocList>
<Loc EndOffset="2078" SrcFileId="1" StartOffset="1847"/>
</LocList>
<StmntSeq Intrnl_Id="131">
<LocList>
<Loc EndOffset="2055" SrcFileId="1" StartOffset="1881"/>
<Loc EndOffset="2071" SrcFileId="1" StartOffset="2059"/>
</LocList>
<CondStmnt CovItemId="S32" CovItemPrefix="Value.java" Intrnl_Id="132">
<Branch CovItemId="B21" CovItemPrefix="Value.java" Implct="false" Intrnl_Id="133">
<Cond/>
<LocList>
<Loc EndOffset="2055" SrcFileId="1" StartOffset="2031"/>
</LocList>
<StmntSeq Intrnl_Id="134">
<LocList>
<Loc EndOffset="2050" SrcFileId="1" StartOffset="2037"/>
</LocList>
<BasicStmnt CovItemId="S33" CovItemPrefix="Value.java" Intrnl_Id="135">
<LocList>
<Loc EndOffset="2050" SrcFileId="1" StartOffset="2037"/>
</LocList>
</BasicStmnt>
</StmntSeq>
</Branch>
<Branch CovItemId="B22" CovItemPrefix="Value.java" Implct="true" Intrnl_Id="136">
<Cond/>
<LocList/>
<StmntSeq Intrnl_Id="137">
<LocList/>
</StmntSeq>
</Branch>
<Keyword EndOffset="1883" SrcFileId="1" StartOffset="1881"/>
<LocList>
<Loc EndOffset="2055" SrcFileId="1" StartOffset="1881"/>
</LocList>
<RootTerm CovItemId="C13" CovItemPrefix="Value.java" Intrnl_Id="138">
<OpTerm BooleanOpId="4" Intrnl_Id="139">
<OpTerm BooleanOpId="4" Intrnl_Id="140">
<BasicBoolTerm Intrnl_Id="141">
<LocList>
<Loc EndOffset="1913" SrcFileId="1" StartOffset="1884"/>
</LocList>
</BasicBoolTerm>
<BasicBoolTerm Intrnl_Id="142">
<LocList>
<Loc EndOffset="1957" SrcFileId="1" StartOffset="1924"/>
</LocList>
</BasicBoolTerm>
<LocList>
<Loc EndOffset="1916" SrcFileId="1" StartOffset="1914"/>
</LocList>
</OpTerm>
<BasicBoolTerm Intrnl_Id="143">
<LocList>
<Loc EndOffset="2026" SrcFileId="1" StartOffset="1968"/>
</LocList>
</BasicBoolTerm>
<LocList>
<Loc EndOffset="1960" SrcFileId="1" StartOffset="1958"/>
</LocList>
</OpTerm>
</RootTerm>
</CondStmnt>
<BasicStmnt CovItemId="S34" CovItemPrefix="Value.java" Intrnl_Id="144">
<LocList>
<Loc EndOffset="2071" SrcFileId="1" StartOffset="2059"/>
</LocList>
</BasicStmnt>
</StmntSeq>
</HierarchyLvl>
<HierarchyLvl HierarchyLvlId="1064" HierarchyLvlTypeId="6" Intrnl_Id="145" Name="isString">
<Header>
<Loc EndOffset="2115" SrcFileId="1" StartOffset="2090"/>
</Header>
<LocList>
<Loc EndOffset="2357" SrcFileId="1" StartOffset="2090"/>
</LocList>
<StmntSeq Intrnl_Id="146">
<LocList>
<Loc EndOffset="2334" SrcFileId="1" StartOffset="2129"/>
<Loc EndOffset="2350" SrcFileId="1" StartOffset="2338"/>
</LocList>
<CondStmnt CovItemId="S35" CovItemPrefix="Value.java" Intrnl_Id="147">
<Branch CovItemId="B23" CovItemPrefix="Value.java" Implct="false" Intrnl_Id="148">
<Cond/>
<LocList>
<Loc EndOffset="2198" SrcFileId="1" StartOffset="2168"/>
</LocList>
<StmntSeq Intrnl_Id="149">
<LocList>
<Loc EndOffset="2190" SrcFileId="1" StartOffset="2177"/>
</LocList>
<BasicStmnt CovItemId="S36" CovItemPrefix="Value.java" Intrnl_Id="150">
<LocList>
<Loc EndOffset="2190" SrcFileId="1" StartOffset="2177"/>
</LocList>
</BasicStmnt>
</StmntSeq>
</Branch>
<Branch CovItemId="B24" CovItemPrefix="Value.java" Implct="false" Intrnl_Id="151">
<Cond>
<Loc EndOffset="2209" SrcFileId="1" StartOffset="2205"/>
</Cond>
<LocList>
<Loc EndOffset="2334" SrcFileId="1" StartOffset="2210"/>
</LocList>
<StmntSeq Intrnl_Id="152">
<LocList>
<Loc EndOffset="2334" SrcFileId="1" StartOffset="2210"/>
</LocList>
<CondStmnt CovItemId="S37" CovItemPrefix="Value.java" Intrnl_Id="153">
<Branch CovItemId="B25" CovItemPrefix="Value.java" Implct="false" Intrnl_Id="154">
<Cond/>
<LocList>
<Loc EndOffset="2334" SrcFileId="1" StartOffset="2310"/>
</LocList>
<StmntSeq Intrnl_Id="155">
<LocList>
<Loc EndOffset="2329" SrcFileId="1" StartOffset="2316"/>
</LocList>
<BasicStmnt CovItemId="S38" CovItemPrefix="Value.java" Intrnl_Id="156">
<LocList>
<Loc EndOffset="2329" SrcFileId="1" StartOffset="2316"/>
</LocList>
</BasicStmnt>
</StmntSeq>
</Branch>
<Branch CovItemId="B26" CovItemPrefix="Value.java" Implct="true" Intrnl_Id="157">
<Cond/>
<LocList/>
<StmntSeq Intrnl_Id="158">
<LocList/>
</StmntSeq>
</Branch>
<Keyword EndOffset="2212" SrcFileId="1" StartOffset="2210"/>
<LocList>
<Loc EndOffset="2334" SrcFileId="1" StartOffset="2210"/>
</LocList>
<RootTerm CovItemId="C15" CovItemPrefix="Value.java" Intrnl_Id="159">
<OpTerm BooleanOpId="4" Intrnl_Id="160">
<BasicBoolTerm Intrnl_Id="161">
<LocList>
<Loc EndOffset="2245" SrcFileId="1" StartOffset="2213"/>
</LocList>
</BasicBoolTerm>
<BasicBoolTerm Intrnl_Id="162">
<LocList>
<Loc EndOffset="2305" SrcFileId="1" StartOffset="2248"/>
</LocList>
</BasicBoolTerm>
<LocList>
<Loc EndOffset="2247" SrcFileId="1" StartOffset="2245"/>
</LocList>
</OpTerm>
</RootTerm>
</CondStmnt>
</StmntSeq>
</Branch>
<Keyword EndOffset="2131" SrcFileId="1" StartOffset="2129"/>
<LocList>
<Loc EndOffset="2334" SrcFileId="1" StartOffset="2129"/>
</LocList>
<RootTerm CovItemId="C14" CovItemPrefix="Value.java" Intrnl_Id="163">
<BasicBoolTerm Intrnl_Id="164">
<LocList>
<Loc EndOffset="2160" SrcFileId="1" StartOffset="2132"/>
</LocList>
</BasicBoolTerm>
</RootTerm>
</CondStmnt>
<BasicStmnt CovItemId="S39" CovItemPrefix="Value.java" Intrnl_Id="165">
<LocList>
<Loc EndOffset="2350" SrcFileId="1" StartOffset="2338"/>
</LocList>
</BasicStmnt>
</StmntSeq>
</HierarchyLvl>
<HierarchyLvl HierarchyLvlId="1065" HierarchyLvlTypeId="6" Intrnl_Id="166" Name="isBool">
<Header>
<Loc EndOffset="2392" SrcFileId="1" StartOffset="2369"/>
</Header>
<LocList>
<Loc EndOffset="2538" SrcFileId="1" StartOffset="2369"/>
</LocList>
<StmntSeq Intrnl_Id="167">
<LocList>
<Loc EndOffset="2511" SrcFileId="1" StartOffset="2406"/>
<Loc EndOffset="2531" SrcFileId="1" StartOffset="2518"/>
</LocList>
<CondStmnt CovItemId="S40" CovItemPrefix="Value.java" Intrnl_Id="168">
<Branch CovItemId="B27" CovItemPrefix="Value.java" Implct="false" Intrnl_Id="169">
<Cond/>
<LocList>
<Loc EndOffset="2511" SrcFileId="1" StartOffset="2482"/>
</LocList>
<StmntSeq Intrnl_Id="170">
<LocList>
<Loc EndOffset="2503" SrcFileId="1" StartOffset="2491"/>
</LocList>
<BasicStmnt CovItemId="S41" CovItemPrefix="Value.java" Intrnl_Id="171">
<LocList>
<Loc EndOffset="2503" SrcFileId="1" StartOffset="2491"/>
</LocList>
</BasicStmnt>
</StmntSeq>
</Branch>
<Branch CovItemId="B28" CovItemPrefix="Value.java" Implct="true" Intrnl_Id="172">
<Cond/>
<LocList/>
<StmntSeq Intrnl_Id="173">
<LocList/>
</StmntSeq>
</Branch>
<Keyword EndOffset="2408" SrcFileId="1" StartOffset="2406"/>
<LocList>
<Loc EndOffset="2511" SrcFileId="1" StartOffset="2406"/>
</LocList>
<RootTerm CovItemId="C16" CovItemPrefix="Value.java" Intrnl_Id="174">
<OpTerm BooleanOpId="4" Intrnl_Id="175">
<BasicBoolTerm Intrnl_Id="176">
<LocList>
<Loc EndOffset="2439" SrcFileId="1" StartOffset="2409"/>
</LocList>
</BasicBoolTerm>
<BasicBoolTerm Intrnl_Id="177">
<LocList>
<Loc EndOffset="2474" SrcFileId="1" StartOffset="2443"/>
</LocList>
</BasicBoolTerm>
<LocList>
<Loc EndOffset="2442" SrcFileId="1" StartOffset="2440"/>
</LocList>
</OpTerm>
</RootTerm>
</CondStmnt>
<BasicStmnt CovItemId="S42" CovItemPrefix="Value.java" Intrnl_Id="178">
<LocList>
<Loc EndOffset="2531" SrcFileId="1" StartOffset="2518"/>
</LocList>
</BasicStmnt>
</StmntSeq>
</HierarchyLvl>
<HierarchyLvl HierarchyLvlId="1066" HierarchyLvlTypeId="6" Intrnl_Id="179" Name="isContainer">
<Header>
<Loc EndOffset="2578" SrcFileId="1" StartOffset="2550"/>
</Header>
<LocList>
<Loc EndOffset="2751" SrcFileId="1" StartOffset="2550"/>
</LocList>
<StmntSeq Intrnl_Id="180">
<LocList>
<Loc EndOffset="2724" SrcFileId="1" StartOffset="2592"/>
<Loc EndOffset="2744" SrcFileId="1" StartOffset="2731"/>
</LocList>
<CondStmnt CovItemId="S43" CovItemPrefix="Value.java" Intrnl_Id="181">
<Branch CovItemId="B29" CovItemPrefix="Value.java" Implct="false" Intrnl_Id="182">
<Cond/>
<LocList>
<Loc EndOffset="2724" SrcFileId="1" StartOffset="2695"/>
</LocList>
<StmntSeq Intrnl_Id="183">
<LocList>
<Loc EndOffset="2716" SrcFileId="1" StartOffset="2704"/>
</LocList>
<BasicStmnt CovItemId="S44" CovItemPrefix="Value.java" Intrnl_Id="184">
<LocList>
<Loc EndOffset="2716" SrcFileId="1" StartOffset="2704"/>
</LocList>
</BasicStmnt>
</StmntSeq>
</Branch>
<Branch CovItemId="B30" CovItemPrefix="Value.java" Implct="true" Intrnl_Id="185">
<Cond/>
<LocList/>
<StmntSeq Intrnl_Id="186">
<LocList/>
</StmntSeq>
</Branch>
<Keyword EndOffset="2594" SrcFileId="1" StartOffset="2592"/>
<LocList>
<Loc EndOffset="2724" SrcFileId="1" StartOffset="2592"/>
</LocList>
<RootTerm CovItemId="C17" CovItemPrefix="Value.java" Intrnl_Id="187">
<OpTerm BooleanOpId="4" Intrnl_Id="188">
<BasicBoolTerm Intrnl_Id="189">
<LocList>
<Loc EndOffset="2648" SrcFileId="1" StartOffset="2595"/>
</LocList>
</BasicBoolTerm>
<BasicBoolTerm Intrnl_Id="190">
<LocList>
<Loc EndOffset="2687" SrcFileId="1" StartOffset="2652"/>
</LocList>
</BasicBoolTerm>
<LocList>
<Loc EndOffset="2651" SrcFileId="1" StartOffset="2649"/>
</LocList>
</OpTerm>
</RootTerm>
</CondStmnt>
<BasicStmnt CovItemId="S45" CovItemPrefix="Value.java" Intrnl_Id="191">
<LocList>
<Loc EndOffset="2744" SrcFileId="1" StartOffset="2731"/>
</LocList>
</BasicStmnt>
</StmntSeq>
</HierarchyLvl>
<HierarchyLvl HierarchyLvlId="1067" HierarchyLvlTypeId="6" Intrnl_Id="192" Name="isSameType">
<Header>
<Loc EndOffset="2799" SrcFileId="1" StartOffset="2763"/>
</Header>
<LocList>
<Loc EndOffset="3387" SrcFileId="1" StartOffset="2763"/>
</LocList>
<StmntSeq Intrnl_Id="193">
<LocList>
<Loc EndOffset="2882" SrcFileId="1" StartOffset="2813"/>
<Loc EndOffset="3353" SrcFileId="1" StartOffset="2889"/>
<Loc EndOffset="3380" SrcFileId="1" StartOffset="3367"/>
</LocList>
<CondStmnt CovItemId="S46" CovItemPrefix="Value.java" Intrnl_Id="194">
<Branch CovItemId="B31" CovItemPrefix="Value.java" Implct="false" Intrnl_Id="195">
<Cond/>
<LocList>
<Loc EndOffset="2882" SrcFileId="1" StartOffset="2853"/>
</LocList>
<StmntSeq Intrnl_Id="196">
<LocList>
<Loc EndOffset="2874" SrcFileId="1" StartOffset="2862"/>
</LocList>
<BasicStmnt CovItemId="S47" CovItemPrefix="Value.java" Intrnl_Id="197">
<LocList>
<Loc EndOffset="2874" SrcFileId="1" StartOffset="2862"/>
</LocList>
</BasicStmnt>
</StmntSeq>
</Branch>
<Branch CovItemId="B32" CovItemPrefix="Value.java" Implct="true" Intrnl_Id="198">
<Cond/>
<LocList/>
<StmntSeq Intrnl_Id="199">
<LocList/>
</StmntSeq>
</Branch>
<Keyword EndOffset="2815" SrcFileId="1" StartOffset="2813"/>
<LocList>
<Loc EndOffset="2882" SrcFileId="1" StartOffset="2813"/>
</LocList>
<RootTerm CovItemId="C18" CovItemPrefix="Value.java" Intrnl_Id="200">
<OpTerm BooleanOpId="3" Intrnl_Id="201">
<BasicBoolTerm Intrnl_Id="202">
<LocList>
<Loc EndOffset="2829" SrcFileId="1" StartOffset="2816"/>
</LocList>
</BasicBoolTerm>
<BasicBoolTerm Intrnl_Id="203">
<LocList>
<Loc EndOffset="2845" SrcFileId="1" StartOffset="2833"/>
</LocList>
</BasicBoolTerm>
<LocList>
<Loc EndOffset="2832" SrcFileId="1" StartOffset="2830"/>
</LocList>
</OpTerm>
</RootTerm>
</CondStmnt>
<CondStmnt CovItemId="S48" CovItemPrefix="Value.java" Intrnl_Id="204">
<Branch CovItemId="B33" CovItemPrefix="Value.java" Implct="false" Intrnl_Id="205">
<Cond/>
<LocList>
<Loc EndOffset="2968" SrcFileId="1" StartOffset="2939"/>
</LocList>
<StmntSeq Intrnl_Id="206">
<LocList>
<Loc EndOffset="2960" SrcFileId="1" StartOffset="2948"/>
</LocList>
<BasicStmnt CovItemId="S49" CovItemPrefix="Value.java" Intrnl_Id="207">
<LocList>
<Loc EndOffset="2960" SrcFileId="1" StartOffset="2948"/>
</LocList>
</BasicStmnt>
</StmntSeq>
</Branch>
<Branch CovItemId="B34" CovItemPrefix="Value.java" Implct="false" Intrnl_Id="208">
<Cond>
<Loc EndOffset="2979" SrcFileId="1" StartOffset="2975"/>
</Cond>
<LocList>
<Loc EndOffset="3353" SrcFileId="1" StartOffset="2980"/>
</LocList>
<StmntSeq Intrnl_Id="209">
<LocList>
<Loc EndOffset="3353" SrcFileId="1" StartOffset="2980"/>
</LocList>
<CondStmnt CovItemId="S50" CovItemPrefix="Value.java" Intrnl_Id="210">
<Branch CovItemId="B35" CovItemPrefix="Value.java" Implct="false" Intrnl_Id="211">
<Cond/>
<LocList>
<Loc EndOffset="3049" SrcFileId="1" StartOffset="3020"/>
</LocList>
<StmntSeq Intrnl_Id="212">
<LocList>
<Loc EndOffset="3041" SrcFileId="1" StartOffset="3029"/>
</LocList>
<BasicStmnt CovItemId="S51" CovItemPrefix="Value.java" Intrnl_Id="213">
<LocList>
<Loc EndOffset="3041" SrcFileId="1" StartOffset="3029"/>
</LocList>
</BasicStmnt>
</StmntSeq>
</Branch>
<Branch CovItemId="B36" CovItemPrefix="Value.java" Implct="false" Intrnl_Id="214">
<Cond>
<Loc EndOffset="3060" SrcFileId="1" StartOffset="3056"/>
</Cond>
<LocList>
<Loc EndOffset="3353" SrcFileId="1" StartOffset="3061"/>
</LocList>
<StmntSeq Intrnl_Id="215">
<LocList>
<Loc EndOffset="3353" SrcFileId="1" StartOffset="3061"/>
</LocList>
<CondStmnt CovItemId="S52" CovItemPrefix="Value.java" Intrnl_Id="216">
<Branch CovItemId="B37" CovItemPrefix="Value.java" Implct="false" Intrnl_Id="217">
<Cond/>
<LocList>
<Loc EndOffset="3185" SrcFileId="1" StartOffset="3156"/>
</LocList>
<StmntSeq Intrnl_Id="218">
<LocList>
<Loc EndOffset="3177" SrcFileId="1" StartOffset="3165"/>
</LocList>
<BasicStmnt CovItemId="S53" CovItemPrefix="Value.java" Intrnl_Id="219">
<LocList>
<Loc EndOffset="3177" SrcFileId="1" StartOffset="3165"/>
</LocList>
</BasicStmnt>
</StmntSeq>
</Branch>
<Branch CovItemId="B38" CovItemPrefix="Value.java" Implct="false" Intrnl_Id="220">
<Cond>
<Loc EndOffset="3196" SrcFileId="1" StartOffset="3192"/>
</Cond>
<LocList>
<Loc EndOffset="3353" SrcFileId="1" StartOffset="3197"/>
</LocList>
<StmntSeq Intrnl_Id="221">
<LocList>
<Loc EndOffset="3353" SrcFileId="1" StartOffset="3197"/>
</LocList>
<CondStmnt CovItemId="S54" CovItemPrefix="Value.java" Intrnl_Id="222">
<Branch CovItemId="B39" CovItemPrefix="Value.java" Implct="false" Intrnl_Id="223">
<Cond/>
<LocList>
<Loc EndOffset="3270" SrcFileId="1" StartOffset="3241"/>
</LocList>
<StmntSeq Intrnl_Id="224">
<LocList>
<Loc EndOffset="3262" SrcFileId="1" StartOffset="3250"/>
</LocList>
<BasicStmnt CovItemId="S55" CovItemPrefix="Value.java" Intrnl_Id="225">
<LocList>
<Loc EndOffset="3262" SrcFileId="1" StartOffset="3250"/>
</LocList>
</BasicStmnt>
</StmntSeq>
</Branch>
<Branch CovItemId="B40" CovItemPrefix="Value.java" Implct="false" Intrnl_Id="226">
<Cond>
<Loc EndOffset="3281" SrcFileId="1" StartOffset="3277"/>
</Cond>
<LocList>
<Loc EndOffset="3353" SrcFileId="1" StartOffset="3282"/>
</LocList>
<StmntSeq Intrnl_Id="227">
<LocList>
<Loc EndOffset="3353" SrcFileId="1" StartOffset="3282"/>
</LocList>
<CondStmnt CovItemId="S56" CovItemPrefix="Value.java" Intrnl_Id="228">
<Branch CovItemId="B41" CovItemPrefix="Value.java" Implct="false" Intrnl_Id="229">
<Cond/>
<LocList>
<Loc EndOffset="3353" SrcFileId="1" StartOffset="3324"/>
</LocList>
<StmntSeq Intrnl_Id="230">
<LocList>
<Loc EndOffset="3345" SrcFileId="1" StartOffset="3333"/>
</LocList>
<BasicStmnt CovItemId="S57" CovItemPrefix="Value.java" Intrnl_Id="231">
<LocList>
<Loc EndOffset="3345" SrcFileId="1" StartOffset="3333"/>
</LocList>
</BasicStmnt>
</StmntSeq>
</Branch>
<Branch CovItemId="B42" CovItemPrefix="Value.java" Implct="true" Intrnl_Id="232">
<Cond/>
<LocList/>
<StmntSeq Intrnl_Id="233">
<LocList/>
</StmntSeq>
</Branch>
<Keyword EndOffset="3284" SrcFileId="1" StartOffset="3282"/>
<LocList>
<Loc EndOffset="3353" SrcFileId="1" StartOffset="3282"/>
</LocList>
<RootTerm CovItemId="C23" CovItemPrefix="Value.java" Intrnl_Id="234">
<OpTerm BooleanOpId="3" Intrnl_Id="235">
<BasicBoolTerm Intrnl_Id="236">
<LocList>
<Loc EndOffset="3299" SrcFileId="1" StartOffset="3285"/>
</LocList>
</BasicBoolTerm>
<BasicBoolTerm Intrnl_Id="237">
<LocList>
<Loc EndOffset="3316" SrcFileId="1" StartOffset="3303"/>
</LocList>
</BasicBoolTerm>
<LocList>
<Loc EndOffset="3302" SrcFileId="1" StartOffset="3300"/>
</LocList>
</OpTerm>
</RootTerm>
</CondStmnt>
</StmntSeq>
</Branch>
<Keyword EndOffset="3199" SrcFileId="1" StartOffset="3197"/>
<LocList>
<Loc EndOffset="3353" SrcFileId="1" StartOffset="3197"/>
</LocList>
<RootTerm CovItemId="C22" CovItemPrefix="Value.java" Intrnl_Id="238">
<OpTerm BooleanOpId="3" Intrnl_Id="239">
<BasicBoolTerm Intrnl_Id="240">
<LocList>
<Loc EndOffset="3215" SrcFileId="1" StartOffset="3200"/>
</LocList>
</BasicBoolTerm>
<BasicBoolTerm Intrnl_Id="241">
<LocList>
<Loc EndOffset="3233" SrcFileId="1" StartOffset="3219"/>
</LocList>
</BasicBoolTerm>
<LocList>
<Loc EndOffset="3218" SrcFileId="1" StartOffset="3216"/>
</LocList>
</OpTerm>
</RootTerm>
</CondStmnt>
</StmntSeq>
</Branch>
<Keyword EndOffset="3063" SrcFileId="1" StartOffset="3061"/>
<LocList>
<Loc EndOffset="3353" SrcFileId="1" StartOffset="3061"/>
</LocList>
<RootTerm CovItemId="C21" CovItemPrefix="Value.java" Intrnl_Id="242">
<OpTerm BooleanOpId="4" Intrnl_Id="243">
<OpTerm BooleanOpId="3" Intrnl_Id="244">
<BasicBoolTerm Intrnl_Id="245">
<LocList>
<Loc EndOffset="3080" SrcFileId="1" StartOffset="3064"/>
</LocList>
</BasicBoolTerm>
<BasicBoolTerm Intrnl_Id="246">
<LocList>
<Loc EndOffset="3099" SrcFileId="1" StartOffset="3084"/>
</LocList>
</BasicBoolTerm>
<LocList>
<Loc EndOffset="3083" SrcFileId="1" StartOffset="3081"/>
</LocList>
</OpTerm>
<OpTerm BooleanOpId="3" Intrnl_Id="247">
<BasicBoolTerm Intrnl_Id="248">
<LocList>
<Loc EndOffset="3119" SrcFileId="1" StartOffset="3103"/>
</LocList>
</BasicBoolTerm>
<BasicBoolTerm Intrnl_Id="249">
<LocList>
<Loc EndOffset="3148" SrcFileId="1" StartOffset="3123"/>
</LocList>
</BasicBoolTerm>
<LocList>
<Loc EndOffset="3122" SrcFileId="1" StartOffset="3120"/>
</LocList>
</OpTerm>
<LocList>
<Loc EndOffset="3102" SrcFileId="1" StartOffset="3100"/>
</LocList>
</OpTerm>
</RootTerm>
</CondStmnt>
</StmntSeq>
</Branch>
<Keyword EndOffset="2982" SrcFileId="1" StartOffset="2980"/>
<LocList>
<Loc EndOffset="3353" SrcFileId="1" StartOffset="2980"/>
</LocList>
<RootTerm CovItemId="C20" CovItemPrefix="Value.java" Intrnl_Id="250">
<OpTerm BooleanOpId="3" Intrnl_Id="251">
<BasicBoolTerm Intrnl_Id="252">
<LocList>
<Loc EndOffset="2996" SrcFileId="1" StartOffset="2983"/>
</LocList>
</BasicBoolTerm>
<BasicBoolTerm Intrnl_Id="253">
<LocList>
<Loc EndOffset="3012" SrcFileId="1" StartOffset="3000"/>
</LocList>
</BasicBoolTerm>
<LocList>
<Loc EndOffset="2999" SrcFileId="1" StartOffset="2997"/>
</LocList>
</OpTerm>
</RootTerm>
</CondStmnt>
</StmntSeq>
</Branch>
<Keyword EndOffset="2891" SrcFileId="1" StartOffset="2889"/>
<LocList>
<Loc EndOffset="3353" SrcFileId="1" StartOffset="2889"/>
</LocList>
<RootTerm CovItemId="C19" CovItemPrefix="Value.java" Intrnl_Id="254">
<OpTerm BooleanOpId="3" Intrnl_Id="255">
<BasicBoolTerm Intrnl_Id="256">
<LocList>
<Loc EndOffset="2910" SrcFileId="1" StartOffset="2892"/>
</LocList>
</BasicBoolTerm>
<BasicBoolTerm Intrnl_Id="257">
<LocList>
<Loc EndOffset="2931" SrcFileId="1" StartOffset="2914"/>
</LocList>
</BasicBoolTerm>
<LocList>
<Loc EndOffset="2913" SrcFileId="1" StartOffset="2911"/>
</LocList>
</OpTerm>
</RootTerm>
</CondStmnt>
<BasicStmnt CovItemId="S58" CovItemPrefix="Value.java" Intrnl_Id="258">
<LocList>
<Loc EndOffset="3380" SrcFileId="1" StartOffset="3367"/>
</LocList>
</BasicStmnt>
</StmntSeq>
</HierarchyLvl>
<HierarchyLvl HierarchyLvlId="1068" HierarchyLvlTypeId="6" Intrnl_Id="259" Name="GetType">
<Header>
<Loc EndOffset="3422" SrcFileId="1" StartOffset="3399"/>
</Header>
<LocList>
<Loc EndOffset="4194" SrcFileId="1" StartOffset="3399"/>
</LocList>
<StmntSeq Intrnl_Id="260">
<LocList>
<Loc EndOffset="4187" SrcFileId="1" StartOffset="3436"/>
</LocList>
<CondStmnt CovItemId="S59" CovItemPrefix="Value.java" Intrnl_Id="261">
<Branch CovItemId="B43" CovItemPrefix="Value.java" Implct="false" Intrnl_Id="262">
<Cond/>
<LocList>
<Loc EndOffset="3525" SrcFileId="1" StartOffset="3494"/>
</LocList>
<StmntSeq Intrnl_Id="263">
<LocList>
<Loc EndOffset="3517" SrcFileId="1" StartOffset="3503"/>
</LocList>
<BasicStmnt CovItemId="S60" CovItemPrefix="Value.java" Intrnl_Id="264">
<LocList>
<Loc EndOffset="3517" SrcFileId="1" StartOffset="3503"/>
</LocList>
</BasicStmnt>
</StmntSeq>
</Branch>
<Branch CovItemId="B44" CovItemPrefix="Value.java" Implct="false" Intrnl_Id="265">
<Cond>
<Loc EndOffset="3536" SrcFileId="1" StartOffset="3532"/>
</Cond>
<LocList>
<Loc EndOffset="4187" SrcFileId="1" StartOffset="3537"/>
</LocList>
<StmntSeq Intrnl_Id="266">
<LocList>
<Loc EndOffset="4187" SrcFileId="1" StartOffset="3537"/>
</LocList>
<CondStmnt CovItemId="S61" CovItemPrefix="Value.java" Intrnl_Id="267">
<Branch CovItemId="B45" CovItemPrefix="Value.java" Implct="false" Intrnl_Id="268">
<Cond/>
<LocList>
<Loc EndOffset="3641" SrcFileId="1" StartOffset="3605"/>
</LocList>
<StmntSeq Intrnl_Id="269">
<LocList>
<Loc EndOffset="3633" SrcFileId="1" StartOffset="3614"/>
</LocList>
<BasicStmnt CovItemId="S62" CovItemPrefix="Value.java" Intrnl_Id="270">
<LocList>
<Loc EndOffset="3633" SrcFileId="1" StartOffset="3614"/>
</LocList>
</BasicStmnt>
</StmntSeq>
</Branch>
<Branch CovItemId="B46" CovItemPrefix="Value.java" Implct="false" Intrnl_Id="271">
<Cond>
<Loc EndOffset="3652" SrcFileId="1" StartOffset="3648"/>
</Cond>
<LocList>
<Loc EndOffset="4187" SrcFileId="1" StartOffset="3653"/>
</LocList>
<StmntSeq Intrnl_Id="272">
<LocList>
<Loc EndOffset="4187" SrcFileId="1" StartOffset="3653"/>
</LocList>
<CondStmnt CovItemId="S63" CovItemPrefix="Value.java" Intrnl_Id="273">
<Branch CovItemId="B47" CovItemPrefix="Value.java" Implct="false" Intrnl_Id="274">
<Cond/>
<LocList>
<Loc EndOffset="3739" SrcFileId="1" StartOffset="3709"/>
</LocList>
<StmntSeq Intrnl_Id="275">
<LocList>
<Loc EndOffset="3731" SrcFileId="1" StartOffset="3718"/>
</LocList>
<BasicStmnt CovItemId="S64" CovItemPrefix="Value.java" Intrnl_Id="276">
<LocList>
<Loc EndOffset="3731" SrcFileId="1" StartOffset="3718"/>
</LocList>
</BasicStmnt>
</StmntSeq>
</Branch>
<Branch CovItemId="B48" CovItemPrefix="Value.java" Implct="false" Intrnl_Id="277">
<Cond>
<Loc EndOffset="3750" SrcFileId="1" StartOffset="3746"/>
</Cond>
<LocList>
<Loc EndOffset="4187" SrcFileId="1" StartOffset="3751"/>
</LocList>
<StmntSeq Intrnl_Id="278">
<LocList>
<Loc EndOffset="4187" SrcFileId="1" StartOffset="3751"/>
</LocList>
<CondStmnt CovItemId="S65" CovItemPrefix="Value.java" Intrnl_Id="279">
<Branch CovItemId="B49" CovItemPrefix="Value.java" Implct="false" Intrnl_Id="280">
<Cond/>
<LocList>
<Loc EndOffset="3846" SrcFileId="1" StartOffset="3813"/>
</LocList>
<StmntSeq Intrnl_Id="281">
<LocList>
<Loc EndOffset="3838" SrcFileId="1" StartOffset="3822"/>
</LocList>
<BasicStmnt CovItemId="S66" CovItemPrefix="Value.java" Intrnl_Id="282">
<LocList>
<Loc EndOffset="3838" SrcFileId="1" StartOffset="3822"/>
</LocList>
</BasicStmnt>
</StmntSeq>
</Branch>
<Branch CovItemId="B50" CovItemPrefix="Value.java" Implct="false" Intrnl_Id="283">
<Cond>
<Loc EndOffset="3857" SrcFileId="1" StartOffset="3853"/>
</Cond>
<LocList>
<Loc EndOffset="4187" SrcFileId="1" StartOffset="3858"/>
</LocList>
<StmntSeq Intrnl_Id="284">
<LocList>
<Loc EndOffset="4187" SrcFileId="1" StartOffset="3858"/>
</LocList>
<CondStmnt CovItemId="S67" CovItemPrefix="Value.java" Intrnl_Id="285">
<Branch CovItemId="B51" CovItemPrefix="Value.java" Implct="false" Intrnl_Id="286">
<Cond/>
<LocList>
<Loc EndOffset="3947" SrcFileId="1" StartOffset="3916"/>
</LocList>
<StmntSeq Intrnl_Id="287">
<LocList>
<Loc EndOffset="3939" SrcFileId="1" StartOffset="3925"/>
</LocList>
<BasicStmnt CovItemId="S68" CovItemPrefix="Value.java" Intrnl_Id="288">
<LocList>
<Loc EndOffset="3939" SrcFileId="1" StartOffset="3925"/>
</LocList>
</BasicStmnt>
</StmntSeq>
</Branch>
<Branch CovItemId="B52" CovItemPrefix="Value.java" Implct="false" Intrnl_Id="289">
<Cond>
<Loc EndOffset="3958" SrcFileId="1" StartOffset="3954"/>
</Cond>
<LocList>
<Loc EndOffset="4187" SrcFileId="1" StartOffset="3959"/>
</LocList>
<StmntSeq Intrnl_Id="290">
<LocList>
<Loc EndOffset="4187" SrcFileId="1" StartOffset="3959"/>
</LocList>
<CondStmnt CovItemId="S69" CovItemPrefix="Value.java" Intrnl_Id="291">
<Branch CovItemId="B53" CovItemPrefix="Value.java" Implct="false" Intrnl_Id="292">
<Cond/>
<LocList>
<Loc EndOffset="4054" SrcFileId="1" StartOffset="4021"/>
</LocList>
<StmntSeq Intrnl_Id="293">
<LocList>
<Loc EndOffset="4046" SrcFileId="1" StartOffset="4030"/>
</LocList>
<BasicStmnt CovItemId="S70" CovItemPrefix="Value.java" Intrnl_Id="294">
<LocList>
<Loc EndOffset="4046" SrcFileId="1" StartOffset="4030"/>
</LocList>
</BasicStmnt>
</StmntSeq>
</Branch>
<Branch CovItemId="B54" CovItemPrefix="Value.java" Implct="false" Intrnl_Id="295">
<Cond>
<Loc EndOffset="4065" SrcFileId="1" StartOffset="4061"/>
</Cond>
<LocList>
<Loc EndOffset="4187" SrcFileId="1" StartOffset="4066"/>
</LocList>
<StmntSeq Intrnl_Id="296">
<LocList>
<Loc EndOffset="4187" SrcFileId="1" StartOffset="4066"/>
</LocList>
<CondStmnt CovItemId="S71" CovItemPrefix="Value.java" Intrnl_Id="297">
<Branch CovItemId="B55" CovItemPrefix="Value.java" Implct="false" Intrnl_Id="298">
<Cond/>
<LocList>
<Loc EndOffset="4140" SrcFileId="1" StartOffset="4108"/>
</LocList>
<StmntSeq Intrnl_Id="299">
<LocList>
<Loc EndOffset="4132" SrcFileId="1" StartOffset="4117"/>
</LocList>
<BasicStmnt CovItemId="S72" CovItemPrefix="Value.java" Intrnl_Id="300">
<LocList>
<Loc EndOffset="4132" SrcFileId="1" StartOffset="4117"/>
</LocList>
</BasicStmnt>
</StmntSeq>
</Branch>
<Branch CovItemId="B56" CovItemPrefix="Value.java" Implct="false" Intrnl_Id="301">
<Cond>
<Loc EndOffset="4151" SrcFileId="1" StartOffset="4147"/>
</Cond>
<LocList>
<Loc EndOffset="4187" SrcFileId="1" StartOffset="4158"/>
</LocList>
<StmntSeq Intrnl_Id="302">
<LocList>
<Loc EndOffset="4179" SrcFileId="1" StartOffset="4167"/>
</LocList>
<BasicStmnt CovItemId="S73" CovItemPrefix="Value.java" Intrnl_Id="303">
<LocList>
<Loc EndOffset="4179" SrcFileId="1" StartOffset="4167"/>
</LocList>
</BasicStmnt>
</StmntSeq>
</Branch>
<Keyword EndOffset="4068" SrcFileId="1" StartOffset="4066"/>
<LocList>
<Loc EndOffset="4187" SrcFileId="1" StartOffset="4066"/>
</LocList>
<RootTerm CovItemId="C30" CovItemPrefix="Value.java" Intrnl_Id="304">
<BasicBoolTerm Intrnl_Id="305">
<LocList>
<Loc EndOffset="4100" SrcFileId="1" StartOffset="4069"/>
</LocList>
</BasicBoolTerm>
</RootTerm>
</CondStmnt>
</StmntSeq>
</Branch>
<Keyword EndOffset="3961" SrcFileId="1" StartOffset="3959"/>
<LocList>
<Loc EndOffset="4187" SrcFileId="1" StartOffset="3959"/>
</LocList>
<RootTerm CovItemId="C29" CovItemPrefix="Value.java" Intrnl_Id="306">
<OpTerm BooleanOpId="4" Intrnl_Id="307">
<BasicBoolTerm Intrnl_Id="308">
<LocList>
<Loc EndOffset="3977" SrcFileId="1" StartOffset="3962"/>
</LocList>
</BasicBoolTerm>
<BasicBoolTerm Intrnl_Id="309">
<LocList>
<Loc EndOffset="4013" SrcFileId="1" StartOffset="3981"/>
</LocList>
</BasicBoolTerm>
<LocList>
<Loc EndOffset="3980" SrcFileId="1" StartOffset="3978"/>
</LocList>
</OpTerm>
</RootTerm>
</CondStmnt>
</StmntSeq>
</Branch>
<Keyword EndOffset="3860" SrcFileId="1" StartOffset="3858"/>
<LocList>
<Loc EndOffset="4187" SrcFileId="1" StartOffset="3858"/>
</LocList>
<RootTerm CovItemId="C28" CovItemPrefix="Value.java" Intrnl_Id="310">
<OpTerm BooleanOpId="4" Intrnl_Id="311">
<BasicBoolTerm Intrnl_Id="312">
<LocList>
<Loc EndOffset="3874" SrcFileId="1" StartOffset="3861"/>
</LocList>
</BasicBoolTerm>
<BasicBoolTerm Intrnl_Id="313">
<LocList>
<Loc EndOffset="3908" SrcFileId="1" StartOffset="3878"/>
</LocList>
</BasicBoolTerm>
<LocList>
<Loc EndOffset="3877" SrcFileId="1" StartOffset="3875"/>
</LocList>
</OpTerm>
</RootTerm>
</CondStmnt>
</StmntSeq>
</Branch>
<Keyword EndOffset="3753" SrcFileId="1" StartOffset="3751"/>
<LocList>
<Loc EndOffset="4187" SrcFileId="1" StartOffset="3751"/>
</LocList>
<RootTerm CovItemId="C27" CovItemPrefix="Value.java" Intrnl_Id="314">
<OpTerm BooleanOpId="4" Intrnl_Id="315">
<BasicBoolTerm Intrnl_Id="316">
<LocList>
<Loc EndOffset="3769" SrcFileId="1" StartOffset="3754"/>
</LocList>
</BasicBoolTerm>
<BasicBoolTerm Intrnl_Id="317">
<LocList>
<Loc EndOffset="3805" SrcFileId="1" StartOffset="3773"/>
</LocList>
</BasicBoolTerm>
<LocList>
<Loc EndOffset="3772" SrcFileId="1" StartOffset="3770"/>
</LocList>
</OpTerm>
</RootTerm>
</CondStmnt>
</StmntSeq>
</Branch>
<Keyword EndOffset="3655" SrcFileId="1" StartOffset="3653"/>
<LocList>
<Loc EndOffset="4187" SrcFileId="1" StartOffset="3653"/>
</LocList>
<RootTerm CovItemId="C26" CovItemPrefix="Value.java" Intrnl_Id="318">
<OpTerm BooleanOpId="4" Intrnl_Id="319">
<BasicBoolTerm Intrnl_Id="320">
<LocList>
<Loc EndOffset="3668" SrcFileId="1" StartOffset="3656"/>
</LocList>
</BasicBoolTerm>
<BasicBoolTerm Intrnl_Id="321">
<LocList>
<Loc EndOffset="3701" SrcFileId="1" StartOffset="3672"/>
</LocList>
</BasicBoolTerm>
<LocList>
<Loc EndOffset="3671" SrcFileId="1" StartOffset="3669"/>
</LocList>
</OpTerm>
</RootTerm>
</CondStmnt>
</StmntSeq>
</Branch>
<Keyword EndOffset="3539" SrcFileId="1" StartOffset="3537"/>
<LocList>
<Loc EndOffset="4187" SrcFileId="1" StartOffset="3537"/>
</LocList>
<RootTerm CovItemId="C25" CovItemPrefix="Value.java" Intrnl_Id="322">
<OpTerm BooleanOpId="4" Intrnl_Id="323">
<BasicBoolTerm Intrnl_Id="324">
<LocList>
<Loc EndOffset="3575" SrcFileId="1" StartOffset="3540"/>
</LocList>
</BasicBoolTerm>
<BasicBoolTerm Intrnl_Id="325">
<LocList>
<Loc EndOffset="3597" SrcFileId="1" StartOffset="3579"/>
</LocList>
</BasicBoolTerm>
<LocList>
<Loc EndOffset="3578" SrcFileId="1" StartOffset="3576"/>
</LocList>
</OpTerm>
</RootTerm>
</CondStmnt>
</StmntSeq>
</Branch>
<Keyword EndOffset="3438" SrcFileId="1" StartOffset="3436"/>
<LocList>
<Loc EndOffset="4187" SrcFileId="1" StartOffset="3436"/>
</LocList>
<RootTerm CovItemId="C24" CovItemPrefix="Value.java" Intrnl_Id="326">
<OpTerm BooleanOpId="4" Intrnl_Id="327">
<BasicBoolTerm Intrnl_Id="328">
<LocList>
<Loc EndOffset="3452" SrcFileId="1" StartOffset="3439"/>
</LocList>
</BasicBoolTerm>
<BasicBoolTerm Intrnl_Id="329">
<LocList>
<Loc EndOffset="3486" SrcFileId="1" StartOffset="3456"/>
</LocList>
</BasicBoolTerm>
<LocList>
<Loc EndOffset="3455" SrcFileId="1" StartOffset="3453"/>
</LocList>
</OpTerm>
</RootTerm>
</CondStmnt>
</StmntSeq>
</HierarchyLvl>
<HierarchyLvl HierarchyLvlId="1069" HierarchyLvlTypeId="6" Intrnl_Id="330" Name="equals">
<Header>
<Loc EndOffset="4248" SrcFileId="1" StartOffset="4202"/>
</Header>
<LocList>
<Loc EndOffset="4523" SrcFileId="1" StartOffset="4202"/>
</LocList>
<StmntSeq Intrnl_Id="331">
<LocList>
<Loc EndOffset="4315" SrcFileId="1" StartOffset="4262"/>
<Loc EndOffset="4433" SrcFileId="1" StartOffset="4327"/>
<Loc EndOffset="4467" SrcFileId="1" StartOffset="4445"/>
<Loc EndOffset="4516" SrcFileId="1" StartOffset="4479"/>
</LocList>
<CondStmnt CovItemId="S74" CovItemPrefix="Value.java" Intrnl_Id="332">
<Branch CovItemId="B57" CovItemPrefix="Value.java" Implct="false" Intrnl_Id="333">
<Cond/>
<LocList>
<Loc EndOffset="4315" SrcFileId="1" StartOffset="4277"/>
</LocList>
<StmntSeq Intrnl_Id="334">
<LocList>
<Loc EndOffset="4304" SrcFileId="1" StartOffset="4292"/>
</LocList>
<BasicStmnt CovItemId="S75" CovItemPrefix="Value.java" Intrnl_Id="335">
<LocList>
<Loc EndOffset="4304" SrcFileId="1" StartOffset="4292"/>
</LocList>
</BasicStmnt>
</StmntSeq>
</Branch>
<Branch CovItemId="B58" CovItemPrefix="Value.java" Implct="true" Intrnl_Id="336">
<Cond/>
<LocList/>
<StmntSeq Intrnl_Id="337">
<LocList/>
</StmntSeq>
</Branch>
<Keyword EndOffset="4264" SrcFileId="1" StartOffset="4262"/>
<LocList>
<Loc EndOffset="4315" SrcFileId="1" StartOffset="4262"/>
</LocList>
<RootTerm CovItemId="C31" CovItemPrefix="Value.java" Intrnl_Id="338">
<BasicBoolTerm Intrnl_Id="339">
<LocList>
<Loc EndOffset="4275" SrcFileId="1" StartOffset="4265"/>
</LocList>
</BasicBoolTerm>
</RootTerm>
</CondStmnt>
<CondStmnt CovItemId="S76" CovItemPrefix="Value.java" Intrnl_Id="340">
<Branch CovItemId="B59" CovItemPrefix="Value.java" Implct="false" Intrnl_Id="341">
<Cond/>
<LocList>
<Loc EndOffset="4433" SrcFileId="1" StartOffset="4394"/>
</LocList>
<StmntSeq Intrnl_Id="342">
<LocList>
<Loc EndOffset="4422" SrcFileId="1" StartOffset="4409"/>
</LocList>
<BasicStmnt CovItemId="S77" CovItemPrefix="Value.java" Intrnl_Id="343">
<LocList>
<Loc EndOffset="4422" SrcFileId="1" StartOffset="4409"/>
</LocList>
</BasicStmnt>
</StmntSeq>
</Branch>
<Branch CovItemId="B60" CovItemPrefix="Value.java" Implct="true" Intrnl_Id="344">
<Cond/>
<LocList/>
<StmntSeq Intrnl_Id="345">
<LocList/>
</StmntSeq>
</Branch>
<Keyword EndOffset="4329" SrcFileId="1" StartOffset="4327"/>
<LocList>
<Loc EndOffset="4433" SrcFileId="1" StartOffset="4327"/>
</LocList>
<RootTerm CovItemId="C32" CovItemPrefix="Value.java" Intrnl_Id="346">
<OpTerm BooleanOpId="4" Intrnl_Id="347">
<OpTerm BooleanOpId="4" Intrnl_Id="348">
<BasicBoolTerm Intrnl_Id="349">
<LocList>
<Loc EndOffset="4343" SrcFileId="1" StartOffset="4330"/>
</LocList>
</BasicBoolTerm>
<BasicBoolTerm Intrnl_Id="350">
<LocList>
<Loc EndOffset="4356" SrcFileId="1" StartOffset="4347"/>
</LocList>
</BasicBoolTerm>
<LocList>
<Loc EndOffset="4346" SrcFileId="1" StartOffset="4344"/>
</LocList>
</OpTerm>
<BasicBoolTerm Intrnl_Id="351">
<LocList>
<Loc EndOffset="4392" SrcFileId="1" StartOffset="4360"/>
</LocList>
</BasicBoolTerm>
<LocList>
<Loc EndOffset="4359" SrcFileId="1" StartOffset="4357"/>
</LocList>
</OpTerm>
</RootTerm>
</CondStmnt>
<BasicStmnt CovItemId="S78" CovItemPrefix="Value.java" Intrnl_Id="352">
<LocList>
<Loc EndOffset="4467" SrcFileId="1" StartOffset="4445"/>
</LocList>
</BasicStmnt>
<BasicStmnt CovItemId="S79" CovItemPrefix="Value.java" Intrnl_Id="353">
<LocList>
<Loc EndOffset="4516" SrcFileId="1" StartOffset="4479"/>
</LocList>
</BasicStmnt>
</StmntSeq>
</HierarchyLvl>
<HierarchyLvl HierarchyLvlId="1070" HierarchyLvlTypeId="6" Intrnl_Id="354" Name="toString">
<Header>
<Loc EndOffset="4570" SrcFileId="1" StartOffset="4531"/>
</Header>
<LocList>
<Loc EndOffset="4618" SrcFileId="1" StartOffset="4531"/>
</LocList>
<StmntSeq Intrnl_Id="355">
<LocList>
<Loc EndOffset="4611" SrcFileId="1" StartOffset="4582"/>
</LocList>
<BasicStmnt CovItemId="S80" CovItemPrefix="Value.java" Intrnl_Id="356">
<LocList>
<Loc EndOffset="4611" SrcFileId="1" StartOffset="4582"/>
</LocList>
</BasicStmnt>
</StmntSeq>
</HierarchyLvl>
</HierarchyLvl>
</HierarchyLvl>
</MASTRoot>
</TestSessionContainer>
