<?xml version="1.0" encoding="UTF-8"?><TestSessionContainer xmlns="http://www.codecover.org/xml/testsession-container" Date="1367933854808" TestSessionContainerId="d2deb050-bed6-4bfe-ae18-151e73d1939e" version="1.0">
<SrcFileList>
<SrcFile Content="&#13;&#10;public class Value {&#13;&#10;&#9;public static Value VOID = new Value(new Object());&#13;&#10;&#13;&#10;    final Object value;&#13;&#10;&#13;&#10;    public Value(Object value) {&#13;&#10;        this.value = value;&#13;&#10;    }&#13;&#10;    &#13;&#10;    public Value()&#13;&#10;    {&#13;&#10;    &#9;this.value = &quot;&quot;;&#13;&#10;    }&#13;&#10;&#13;&#10;    public boolean isDouble() &#13;&#10;    {&#13;&#10;&#9;&#9;if(this.toString().matches(&quot;((-)?[0-9]+)\\.([0-9]){1,2}&quot;))&#13;&#10;&#9;&#9;{&#13;&#10;&#9;&#9;&#9;return true;&#13;&#10;&#9;&#9;}&#13;&#10;&#9;&#9;return false;&#13;&#10;    }&#13;&#10;    &#13;&#10;    public boolean isInt()&#13;&#10;    {&#13;&#10;&#9;&#9;if(this.toString().matches(&quot;(-)?[0-9]+&quot;))&#13;&#10;&#9;&#9;{&#13;&#10;&#9;&#9;&#9;return true;&#13;&#10;&#9;&#9;}&#13;&#10;&#9;&#9;return false;&#13;&#10;    }&#13;&#10;    &#13;&#10;    public boolean isDrink()&#13;&#10;    {&#13;&#10;&#9;&#9;if(this.toString().equals(&quot;drink&quot;))&#13;&#10;&#9;&#9;{&#13;&#10;&#9;&#9;&#9;return true;&#13;&#10;&#9;&#9;}&#13;&#10;&#9;&#9;return false;&#13;&#10;    }&#13;&#10;    &#13;&#10;    public boolean isNumeric()&#13;&#10;    {&#13;&#10;    &#9;if(this.isInt() || this.isDouble() || this.toString().equals(&quot;int&quot;) || this.toString().equals(&quot;double&quot;))&#13;&#10;    &#9;{&#13;&#10;    &#9;&#9;return true;&#13;&#10;    &#9;}&#13;&#10;    &#9;return false;&#13;&#10;    }&#13;&#10;    &#13;&#10;    public boolean isNumericExpression()&#13;&#10;    {    &#9;&#13;&#10;    &#9;String StringToVerify = this.toString();&#13;&#10;    &#9;&#13;&#10;    &#9;if(StringToVerify.contains(&quot;(&quot;))&#13;&#10;    &#9;{&#13;&#10;    &#9;&#9;StringToVerify = StringToVerify.replace(&quot;(&quot;, &quot;&quot;);&#13;&#10;    &#9;}&#13;&#10;    &#9;&#13;&#10;    &#9;if(StringToVerify.contains(&quot;&quot;))&#13;&#10;    &#9;{&#13;&#10;    &#9;&#9;StringToVerify = StringToVeryfi.replace(&quot;)&quot;, &quot;&quot;);&#13;&#10;    &#9;}&#13;&#10;    &#9;&#13;&#10;    &#9;if(this.toString().matches(&quot;(-)?[0-9]+(\\.[0-9]{1,2})?((\\+|\\-|\\*|\\/)[0-9]+(\\.[0-9]{1,2})?)*&quot;))&#13;&#10;    &#9;{&#13;&#10;    &#9;&#9;return true;&#13;&#10;    &#9;}&#13;&#10;    &#9;return false;&#13;&#10;    }&#13;&#10;    &#13;&#10;    public boolean isChar()&#13;&#10;    {&#13;&#10;&#9;&#9;if(this.toString().length() != 3 || &#13;&#10;&#9;&#9;   this.toString().charAt(0) != '\'' || &#13;&#10;&#9;&#9;   this.toString().charAt(this.toString().length()-1) != '\'')&#13;&#10;&#9;&#9;{&#13;&#10;&#9;&#9;&#9;return false;&#13;&#10;&#9;&#9;}&#13;&#10;&#9;&#9;return true;&#13;&#10;    }&#13;&#10;    &#13;&#10;    public boolean isString()&#13;&#10;    {&#13;&#10;    &#9;if(this.toString().length() &lt; 2)&#13;&#10;    &#9;{&#13;&#10;    &#9;&#9;return false;&#13;&#10;    &#9;}&#13;&#10;    &#9;else if(this.toString().charAt(0) != '&quot;'|| this.toString().charAt(this.toString().length()-1) != '&quot;')&#13;&#10;&#9;&#9;{&#13;&#10;&#9;&#9;&#9;return false;&#13;&#10;&#9;&#9;}&#13;&#10;&#9;&#9;return true;&#13;&#10;    }&#13;&#10;    &#13;&#10;    public boolean isBool()&#13;&#10;    {&#13;&#10;    &#9;if(this.toString().equals(&quot;true&quot;) || this.toString().equals(&quot;false&quot;))&#13;&#10;    &#9;{&#13;&#10;    &#9;&#9;return true;&#13;&#10;    &#9;}&#13;&#10;    &#9;return false;&#13;&#10;    }&#13;&#10;    &#13;&#10;    public boolean isContainer()&#13;&#10;    {&#13;&#10;    &#9;if(this.toString().matches(&quot;((1?[0-3])|([0-9]))|A[0-5]&quot;) || this.toString().equals(&quot;container&quot;))&#13;&#10;    &#9;{&#13;&#10;    &#9;&#9;return true;&#13;&#10;    &#9;}&#13;&#10;    &#9;return false;&#13;&#10;    }&#13;&#10;    &#13;&#10;    public boolean isSameType(Value val)&#13;&#10;    {&#13;&#10;    &#9;if(this.isBool() &amp;&amp; val.isBool())&#13;&#10;    &#9;{&#13;&#10;    &#9;&#9;return true;&#13;&#10;    &#9;}&#13;&#10;    &#9;if(this.isContainer() &amp;&amp; val.isContainer())&#13;&#10;    &#9;{&#13;&#10;    &#9;&#9;return true;&#13;&#10;    &#9;}&#13;&#10;    &#9;else if(this.isChar() &amp;&amp; val.isChar())&#13;&#10;    &#9;{&#13;&#10;    &#9;&#9;return true;&#13;&#10;    &#9;}&#13;&#10;    &#9;else if(this.isNumeric() &amp;&amp; val.isNumeric() || this.isNumeric() &amp;&amp; val.isNumericExpression())&#13;&#10;    &#9;{&#13;&#10;    &#9;&#9;return true;&#13;&#10;    &#9;}&#13;&#10;    &#9;else if(this.isString() &amp;&amp; val.isString())&#13;&#10;    &#9;{&#13;&#10;    &#9;&#9;return true;&#13;&#10;    &#9;}&#13;&#10;    &#9;else if(this.isDrink() &amp;&amp; val.isDrink())&#13;&#10;    &#9;{&#13;&#10;    &#9;&#9;return true;&#13;&#10;    &#9;}&#13;&#10;    &#9;&#13;&#10;    &#9;return false;&#13;&#10;    }&#13;&#10;    &#13;&#10;    public String GetType()&#13;&#10;    {&#13;&#10;    &#9;if(this.isBool() || this.toString().equals(&quot;bool&quot;))&#13;&#10;    &#9;{&#13;&#10;    &#9;&#9;return &quot;bool&quot;;&#13;&#10;    &#9;}&#13;&#10;    &#9;else if(this.toString().equals(&quot;container&quot;) || this.isContainer())&#13;&#10;    &#9;{&#13;&#10;    &#9;&#9;return &quot;container&quot;;&#13;&#10;    &#9;}&#13;&#10;    &#9;else if(this.isInt() || this.toString().equals(&quot;int&quot;))&#13;&#10;    &#9;{&#13;&#10;    &#9;&#9;return &quot;int&quot;;&#13;&#10;    &#9;}&#13;&#10;    &#9;else if(this.isDouble() || this.toString().equals(&quot;double&quot;))&#13;&#10;    &#9;{&#13;&#10;    &#9;&#9;return &quot;double&quot;;&#13;&#10;    &#9;}&#13;&#10;    &#9;else if(this.isChar() || this.toString().equals(&quot;char&quot;))&#13;&#10;    &#9;{&#13;&#10;    &#9;&#9;return &quot;char&quot;;&#13;&#10;    &#9;}&#13;&#10;    &#9;else if(this.isString() || this.toString().equals(&quot;string&quot;))&#13;&#10;    &#9;{&#13;&#10;    &#9;&#9;return &quot;string&quot;;&#13;&#10;    &#9;}&#13;&#10;    &#9;else if(this.toString().equals(&quot;drink&quot;))&#13;&#10;    &#9;{&#13;&#10;    &#9;&#9;return &quot;drink&quot;;&#13;&#10;    &#9;}&#13;&#10;    &#9;else&#13;&#10;    &#9;{&#13;&#10;    &#9;&#9;return null;&#13;&#10;    &#9;}&#13;&#10;    }&#13;&#10;&#13;&#10;    @Override&#13;&#10;    public boolean equals(Object o) {&#13;&#10;&#13;&#10;        if(value == o) {&#13;&#10;            return true;&#13;&#10;        }&#13;&#10;&#13;&#10;        if(value == null || o == null || o.getClass() != value.getClass()) {&#13;&#10;            return false;&#13;&#10;        }&#13;&#10;&#13;&#10;        Value that = (Value)o;&#13;&#10;&#13;&#10;        return this.value.equals(that.value);&#13;&#10;    }&#13;&#10;&#13;&#10;    @Override&#13;&#10;    public String toString() {&#13;&#10;        return String.valueOf(value);&#13;&#10;    }&#13;&#10;}&#13;&#10;" Filename="Value.java" Intrnl_Id="1"/>
</SrcFileList>
<CritList>
<CritListEntry Name="org.codecover.model.utils.criteria.LoopCoverage" PluginName="org.codecover"/>
<CritListEntry Name="org.codecover.model.utils.criteria.BranchCoverage" PluginName="org.codecover"/>
<CritListEntry Name="org.codecover.model.utils.criteria.ConditionCoverage" PluginName="org.codecover"/>
<CritListEntry Name="org.codecover.model.utils.criteria.StatementCoverage" PluginName="org.codecover"/>
</CritList>
<BoolOpList>
<BoolOp Arity="2" Intrnl_Id="2" Name="conditional and (&amp;&amp;)">
<BoolAssgnmntBoolMapList>
<MapEntry BoolAssgnmnt="10" Value="false"/>
<MapEntry BoolAssgnmnt="02" Value="false"/>
<MapEntry BoolAssgnmnt="11" Value="true"/>
</BoolAssgnmntBoolMapList>
</BoolOp>
<BoolOp Arity="2" Intrnl_Id="3" Name="conditional or (||)">
<BoolAssgnmntBoolMapList>
<MapEntry BoolAssgnmnt="01" Value="true"/>
<MapEntry BoolAssgnmnt="00" Value="false"/>
<MapEntry BoolAssgnmnt="12" Value="true"/>
</BoolAssgnmntBoolMapList>
</BoolOp>
</BoolOpList>
<HierarchyLvlTypeList>
<HierarchyLvlType EnglishName="class" IntrnlName="class" Intrnl_Id="4"/>
<HierarchyLvlType EnglishName="method" IntrnlName="method" Intrnl_Id="5"/>
<HierarchyLvlType EnglishName="default package" IntrnlName="default package" Intrnl_Id="6"/>
</HierarchyLvlTypeList>
<MASTRoot>
<HierarchyLvl HierarchyLvlId="1140" HierarchyLvlTypeId="6" Intrnl_Id="7" Name="default package">
<Header/>
<LocList/>
<HierarchyLvl HierarchyLvlId="1139" HierarchyLvlTypeId="4" Intrnl_Id="8" Name="Value">
<Header>
<Loc EndOffset="20" SrcFileId="1" StartOffset="2"/>
</Header>
<LocList>
<Loc EndOffset="4187" SrcFileId="1" StartOffset="2"/>
</LocList>
<StmntSeq Intrnl_Id="9">
<LocList>
<Loc EndOffset="76" SrcFileId="1" StartOffset="25"/>
</LocList>
<BasicStmnt CovItemId="S1" CovItemPrefix="Value.java" Intrnl_Id="10">
<LocList>
<Loc EndOffset="76" SrcFileId="1" StartOffset="25"/>
</LocList>
</BasicStmnt>
</StmntSeq>
<HierarchyLvl HierarchyLvlId="1124" HierarchyLvlTypeId="5" Intrnl_Id="11" Name="Value">
<Header>
<Loc EndOffset="137" SrcFileId="1" StartOffset="111"/>
</Header>
<LocList>
<Loc EndOffset="175" SrcFileId="1" StartOffset="111"/>
</LocList>
<StmntSeq Intrnl_Id="12">
<LocList>
<Loc EndOffset="168" SrcFileId="1" StartOffset="149"/>
</LocList>
<BasicStmnt CovItemId="S2" CovItemPrefix="Value.java" Intrnl_Id="13">
<LocList>
<Loc EndOffset="168" SrcFileId="1" StartOffset="149"/>
</LocList>
</BasicStmnt>
</StmntSeq>
</HierarchyLvl>
<HierarchyLvl HierarchyLvlId="1125" HierarchyLvlTypeId="5" Intrnl_Id="14" Name="Value">
<Header>
<Loc EndOffset="201" SrcFileId="1" StartOffset="187"/>
</Header>
<LocList>
<Loc EndOffset="238" SrcFileId="1" StartOffset="187"/>
</LocList>
<StmntSeq Intrnl_Id="15">
<LocList>
<Loc EndOffset="231" SrcFileId="1" StartOffset="215"/>
</LocList>
<BasicStmnt CovItemId="S3" CovItemPrefix="Value.java" Intrnl_Id="16">
<LocList>
<Loc EndOffset="231" SrcFileId="1" StartOffset="215"/>
</LocList>
</BasicStmnt>
</StmntSeq>
</HierarchyLvl>
<HierarchyLvl HierarchyLvlId="1126" HierarchyLvlTypeId="5" Intrnl_Id="17" Name="isDouble">
<Header>
<Loc EndOffset="271" SrcFileId="1" StartOffset="246"/>
</Header>
<LocList>
<Loc EndOffset="392" SrcFileId="1" StartOffset="246"/>
</LocList>
<StmntSeq Intrnl_Id="18">
<LocList>
<Loc EndOffset="368" SrcFileId="1" StartOffset="283"/>
<Loc EndOffset="385" SrcFileId="1" StartOffset="372"/>
</LocList>
<CondStmnt CovItemId="S4" CovItemPrefix="Value.java" Intrnl_Id="19">
<Branch CovItemId="B1" CovItemPrefix="Value.java" Implct="false" Intrnl_Id="20">
<Cond/>
<LocList>
<Loc EndOffset="368" SrcFileId="1" StartOffset="345"/>
</LocList>
<StmntSeq Intrnl_Id="21">
<LocList>
<Loc EndOffset="363" SrcFileId="1" StartOffset="351"/>
</LocList>
<BasicStmnt CovItemId="S5" CovItemPrefix="Value.java" Intrnl_Id="22">
<LocList>
<Loc EndOffset="363" SrcFileId="1" StartOffset="351"/>
</LocList>
</BasicStmnt>
</StmntSeq>
</Branch>
<Branch CovItemId="B2" CovItemPrefix="Value.java" Implct="true" Intrnl_Id="23">
<Cond/>
<LocList/>
<StmntSeq Intrnl_Id="24">
<LocList/>
</StmntSeq>
</Branch>
<Keyword EndOffset="285" SrcFileId="1" StartOffset="283"/>
<LocList>
<Loc EndOffset="368" SrcFileId="1" StartOffset="283"/>
</LocList>
<RootTerm CovItemId="C1" CovItemPrefix="Value.java" Intrnl_Id="25">
<BasicBoolTerm Intrnl_Id="26">
<LocList>
<Loc EndOffset="340" SrcFileId="1" StartOffset="286"/>
</LocList>
</BasicBoolTerm>
</RootTerm>
</CondStmnt>
<BasicStmnt CovItemId="S6" CovItemPrefix="Value.java" Intrnl_Id="27">
<LocList>
<Loc EndOffset="385" SrcFileId="1" StartOffset="372"/>
</LocList>
</BasicStmnt>
</StmntSeq>
</HierarchyLvl>
<HierarchyLvl HierarchyLvlId="1127" HierarchyLvlTypeId="5" Intrnl_Id="28" Name="isInt">
<Header>
<Loc EndOffset="426" SrcFileId="1" StartOffset="404"/>
</Header>
<LocList>
<Loc EndOffset="529" SrcFileId="1" StartOffset="404"/>
</LocList>
<StmntSeq Intrnl_Id="29">
<LocList>
<Loc EndOffset="505" SrcFileId="1" StartOffset="437"/>
<Loc EndOffset="522" SrcFileId="1" StartOffset="509"/>
</LocList>
<CondStmnt CovItemId="S7" CovItemPrefix="Value.java" Intrnl_Id="30">
<Branch CovItemId="B3" CovItemPrefix="Value.java" Implct="false" Intrnl_Id="31">
<Cond/>
<LocList>
<Loc EndOffset="505" SrcFileId="1" StartOffset="482"/>
</LocList>
<StmntSeq Intrnl_Id="32">
<LocList>
<Loc EndOffset="500" SrcFileId="1" StartOffset="488"/>
</LocList>
<BasicStmnt CovItemId="S8" CovItemPrefix="Value.java" Intrnl_Id="33">
<LocList>
<Loc EndOffset="500" SrcFileId="1" StartOffset="488"/>
</LocList>
</BasicStmnt>
</StmntSeq>
</Branch>
<Branch CovItemId="B4" CovItemPrefix="Value.java" Implct="true" Intrnl_Id="34">
<Cond/>
<LocList/>
<StmntSeq Intrnl_Id="35">
<LocList/>
</StmntSeq>
</Branch>
<Keyword EndOffset="439" SrcFileId="1" StartOffset="437"/>
<LocList>
<Loc EndOffset="505" SrcFileId="1" StartOffset="437"/>
</LocList>
<RootTerm CovItemId="C2" CovItemPrefix="Value.java" Intrnl_Id="36">
<BasicBoolTerm Intrnl_Id="37">
<LocList>
<Loc EndOffset="477" SrcFileId="1" StartOffset="440"/>
</LocList>
</BasicBoolTerm>
</RootTerm>
</CondStmnt>
<BasicStmnt CovItemId="S9" CovItemPrefix="Value.java" Intrnl_Id="38">
<LocList>
<Loc EndOffset="522" SrcFileId="1" StartOffset="509"/>
</LocList>
</BasicStmnt>
</StmntSeq>
</HierarchyLvl>
<HierarchyLvl HierarchyLvlId="1128" HierarchyLvlTypeId="5" Intrnl_Id="39" Name="isDrink">
<Header>
<Loc EndOffset="565" SrcFileId="1" StartOffset="541"/>
</Header>
<LocList>
<Loc EndOffset="662" SrcFileId="1" StartOffset="541"/>
</LocList>
<StmntSeq Intrnl_Id="40">
<LocList>
<Loc EndOffset="638" SrcFileId="1" StartOffset="576"/>
<Loc EndOffset="655" SrcFileId="1" StartOffset="642"/>
</LocList>
<CondStmnt CovItemId="S10" CovItemPrefix="Value.java" Intrnl_Id="41">
<Branch CovItemId="B5" CovItemPrefix="Value.java" Implct="false" Intrnl_Id="42">
<Cond/>
<LocList>
<Loc EndOffset="638" SrcFileId="1" StartOffset="615"/>
</LocList>
<StmntSeq Intrnl_Id="43">
<LocList>
<Loc EndOffset="633" SrcFileId="1" StartOffset="621"/>
</LocList>
<BasicStmnt CovItemId="S11" CovItemPrefix="Value.java" Intrnl_Id="44">
<LocList>
<Loc EndOffset="633" SrcFileId="1" StartOffset="621"/>
</LocList>
</BasicStmnt>
</StmntSeq>
</Branch>
<Branch CovItemId="B6" CovItemPrefix="Value.java" Implct="true" Intrnl_Id="45">
<Cond/>
<LocList/>
<StmntSeq Intrnl_Id="46">
<LocList/>
</StmntSeq>
</Branch>
<Keyword EndOffset="578" SrcFileId="1" StartOffset="576"/>
<LocList>
<Loc EndOffset="638" SrcFileId="1" StartOffset="576"/>
</LocList>
<RootTerm CovItemId="C3" CovItemPrefix="Value.java" Intrnl_Id="47">
<BasicBoolTerm Intrnl_Id="48">
<LocList>
<Loc EndOffset="610" SrcFileId="1" StartOffset="579"/>
</LocList>
</BasicBoolTerm>
</RootTerm>
</CondStmnt>
<BasicStmnt CovItemId="S12" CovItemPrefix="Value.java" Intrnl_Id="49">
<LocList>
<Loc EndOffset="655" SrcFileId="1" StartOffset="642"/>
</LocList>
</BasicStmnt>
</StmntSeq>
</HierarchyLvl>
<HierarchyLvl HierarchyLvlId="1129" HierarchyLvlTypeId="5" Intrnl_Id="50" Name="isNumeric">
<Header>
<Loc EndOffset="700" SrcFileId="1" StartOffset="674"/>
</Header>
<LocList>
<Loc EndOffset="881" SrcFileId="1" StartOffset="674"/>
</LocList>
<StmntSeq Intrnl_Id="51">
<LocList>
<Loc EndOffset="854" SrcFileId="1" StartOffset="714"/>
<Loc EndOffset="874" SrcFileId="1" StartOffset="861"/>
</LocList>
<CondStmnt CovItemId="S13" CovItemPrefix="Value.java" Intrnl_Id="52">
<Branch CovItemId="B7" CovItemPrefix="Value.java" Implct="false" Intrnl_Id="53">
<Cond/>
<LocList>
<Loc EndOffset="854" SrcFileId="1" StartOffset="825"/>
</LocList>
<StmntSeq Intrnl_Id="54">
<LocList>
<Loc EndOffset="846" SrcFileId="1" StartOffset="834"/>
</LocList>
<BasicStmnt CovItemId="S14" CovItemPrefix="Value.java" Intrnl_Id="55">
<LocList>
<Loc EndOffset="846" SrcFileId="1" StartOffset="834"/>
</LocList>
</BasicStmnt>
</StmntSeq>
</Branch>
<Branch CovItemId="B8" CovItemPrefix="Value.java" Implct="true" Intrnl_Id="56">
<Cond/>
<LocList/>
<StmntSeq Intrnl_Id="57">
<LocList/>
</StmntSeq>
</Branch>
<Keyword EndOffset="716" SrcFileId="1" StartOffset="714"/>
<LocList>
<Loc EndOffset="854" SrcFileId="1" StartOffset="714"/>
</LocList>
<RootTerm CovItemId="C4" CovItemPrefix="Value.java" Intrnl_Id="58">
<OpTerm BooleanOpId="3" Intrnl_Id="59">
<OpTerm BooleanOpId="3" Intrnl_Id="60">
<OpTerm BooleanOpId="3" Intrnl_Id="61">
<BasicBoolTerm Intrnl_Id="62">
<LocList>
<Loc EndOffset="729" SrcFileId="1" StartOffset="717"/>
</LocList>
</BasicBoolTerm>
<BasicBoolTerm Intrnl_Id="63">
<LocList>
<Loc EndOffset="748" SrcFileId="1" StartOffset="733"/>
</LocList>
</BasicBoolTerm>
<LocList>
<Loc EndOffset="732" SrcFileId="1" StartOffset="730"/>
</LocList>
</OpTerm>
<BasicBoolTerm Intrnl_Id="64">
<LocList>
<Loc EndOffset="781" SrcFileId="1" StartOffset="752"/>
</LocList>
</BasicBoolTerm>
<LocList>
<Loc EndOffset="751" SrcFileId="1" StartOffset="749"/>
</LocList>
</OpTerm>
<BasicBoolTerm Intrnl_Id="65">
<LocList>
<Loc EndOffset="817" SrcFileId="1" StartOffset="785"/>
</LocList>
</BasicBoolTerm>
<LocList>
<Loc EndOffset="784" SrcFileId="1" StartOffset="782"/>
</LocList>
</OpTerm>
</RootTerm>
</CondStmnt>
<BasicStmnt CovItemId="S15" CovItemPrefix="Value.java" Intrnl_Id="66">
<LocList>
<Loc EndOffset="874" SrcFileId="1" StartOffset="861"/>
</LocList>
</BasicStmnt>
</StmntSeq>
</HierarchyLvl>
<HierarchyLvl HierarchyLvlId="1130" HierarchyLvlTypeId="5" Intrnl_Id="67" Name="isNumericExpression">
<Header>
<Loc EndOffset="929" SrcFileId="1" StartOffset="893"/>
</Header>
<LocList>
<Loc EndOffset="1401" SrcFileId="1" StartOffset="893"/>
</LocList>
<StmntSeq Intrnl_Id="68">
<LocList>
<Loc EndOffset="988" SrcFileId="1" StartOffset="948"/>
<Loc EndOffset="1107" SrcFileId="1" StartOffset="1002"/>
<Loc EndOffset="1225" SrcFileId="1" StartOffset="1121"/>
<Loc EndOffset="1374" SrcFileId="1" StartOffset="1239"/>
<Loc EndOffset="1394" SrcFileId="1" StartOffset="1381"/>
</LocList>
<BasicStmnt CovItemId="S16" CovItemPrefix="Value.java" Intrnl_Id="69">
<LocList>
<Loc EndOffset="988" SrcFileId="1" StartOffset="948"/>
</LocList>
</BasicStmnt>
<CondStmnt CovItemId="S17" CovItemPrefix="Value.java" Intrnl_Id="70">
<Branch CovItemId="B9" CovItemPrefix="Value.java" Implct="false" Intrnl_Id="71">
<Cond/>
<LocList>
<Loc EndOffset="1107" SrcFileId="1" StartOffset="1041"/>
</LocList>
<StmntSeq Intrnl_Id="72">
<LocList>
<Loc EndOffset="1099" SrcFileId="1" StartOffset="1050"/>
</LocList>
<BasicStmnt CovItemId="S18" CovItemPrefix="Value.java" Intrnl_Id="73">
<LocList>
<Loc EndOffset="1099" SrcFileId="1" StartOffset="1050"/>
</LocList>
</BasicStmnt>
</StmntSeq>
</Branch>
<Branch CovItemId="B10" CovItemPrefix="Value.java" Implct="true" Intrnl_Id="74">
<Cond/>
<LocList/>
<StmntSeq Intrnl_Id="75">
<LocList/>
</StmntSeq>
</Branch>
<Keyword EndOffset="1004" SrcFileId="1" StartOffset="1002"/>
<LocList>
<Loc EndOffset="1107" SrcFileId="1" StartOffset="1002"/>
</LocList>
<RootTerm CovItemId="C5" CovItemPrefix="Value.java" Intrnl_Id="76">
<BasicBoolTerm Intrnl_Id="77">
<LocList>
<Loc EndOffset="1033" SrcFileId="1" StartOffset="1005"/>
</LocList>
</BasicBoolTerm>
</RootTerm>
</CondStmnt>
<CondStmnt CovItemId="S19" CovItemPrefix="Value.java" Intrnl_Id="78">
<Branch CovItemId="B11" CovItemPrefix="Value.java" Implct="false" Intrnl_Id="79">
<Cond/>
<LocList>
<Loc EndOffset="1225" SrcFileId="1" StartOffset="1159"/>
</LocList>
<StmntSeq Intrnl_Id="80">
<LocList>
<Loc EndOffset="1217" SrcFileId="1" StartOffset="1168"/>
</LocList>
<BasicStmnt CovItemId="S20" CovItemPrefix="Value.java" Intrnl_Id="81">
<LocList>
<Loc EndOffset="1217" SrcFileId="1" StartOffset="1168"/>
</LocList>
</BasicStmnt>
</StmntSeq>
</Branch>
<Branch CovItemId="B12" CovItemPrefix="Value.java" Implct="true" Intrnl_Id="82">
<Cond/>
<LocList/>
<StmntSeq Intrnl_Id="83">
<LocList/>
</StmntSeq>
</Branch>
<Keyword EndOffset="1123" SrcFileId="1" StartOffset="1121"/>
<LocList>
<Loc EndOffset="1225" SrcFileId="1" StartOffset="1121"/>
</LocList>
<RootTerm CovItemId="C6" CovItemPrefix="Value.java" Intrnl_Id="84">
<BasicBoolTerm Intrnl_Id="85">
<LocList>
<Loc EndOffset="1151" SrcFileId="1" StartOffset="1124"/>
</LocList>
</BasicBoolTerm>
</RootTerm>
</CondStmnt>
<CondStmnt CovItemId="S21" CovItemPrefix="Value.java" Intrnl_Id="86">
<Branch CovItemId="B13" CovItemPrefix="Value.java" Implct="false" Intrnl_Id="87">
<Cond/>
<LocList>
<Loc EndOffset="1374" SrcFileId="1" StartOffset="1345"/>
</LocList>
<StmntSeq Intrnl_Id="88">
<LocList>
<Loc EndOffset="1366" SrcFileId="1" StartOffset="1354"/>
</LocList>
<BasicStmnt CovItemId="S22" CovItemPrefix="Value.java" Intrnl_Id="89">
<LocList>
<Loc EndOffset="1366" SrcFileId="1" StartOffset="1354"/>
</LocList>
</BasicStmnt>
</StmntSeq>
</Branch>
<Branch CovItemId="B14" CovItemPrefix="Value.java" Implct="true" Intrnl_Id="90">
<Cond/>
<LocList/>
<StmntSeq Intrnl_Id="91">
<LocList/>
</StmntSeq>
</Branch>
<Keyword EndOffset="1241" SrcFileId="1" StartOffset="1239"/>
<LocList>
<Loc EndOffset="1374" SrcFileId="1" StartOffset="1239"/>
</LocList>
<RootTerm CovItemId="C7" CovItemPrefix="Value.java" Intrnl_Id="92">
<BasicBoolTerm Intrnl_Id="93">
<LocList>
<Loc EndOffset="1337" SrcFileId="1" StartOffset="1242"/>
</LocList>
</BasicBoolTerm>
</RootTerm>
</CondStmnt>
<BasicStmnt CovItemId="S23" CovItemPrefix="Value.java" Intrnl_Id="94">
<LocList>
<Loc EndOffset="1394" SrcFileId="1" StartOffset="1381"/>
</LocList>
</BasicStmnt>
</StmntSeq>
</HierarchyLvl>
<HierarchyLvl HierarchyLvlId="1131" HierarchyLvlTypeId="5" Intrnl_Id="95" Name="isChar">
<Header>
<Loc EndOffset="1436" SrcFileId="1" StartOffset="1413"/>
</Header>
<LocList>
<Loc EndOffset="1644" SrcFileId="1" StartOffset="1413"/>
</LocList>
<StmntSeq Intrnl_Id="96">
<LocList>
<Loc EndOffset="1621" SrcFileId="1" StartOffset="1447"/>
<Loc EndOffset="1637" SrcFileId="1" StartOffset="1625"/>
</LocList>
<CondStmnt CovItemId="S24" CovItemPrefix="Value.java" Intrnl_Id="97">
<Branch CovItemId="B15" CovItemPrefix="Value.java" Implct="false" Intrnl_Id="98">
<Cond/>
<LocList>
<Loc EndOffset="1621" SrcFileId="1" StartOffset="1597"/>
</LocList>
<StmntSeq Intrnl_Id="99">
<LocList>
<Loc EndOffset="1616" SrcFileId="1" StartOffset="1603"/>
</LocList>
<BasicStmnt CovItemId="S25" CovItemPrefix="Value.java" Intrnl_Id="100">
<LocList>
<Loc EndOffset="1616" SrcFileId="1" StartOffset="1603"/>
</LocList>
</BasicStmnt>
</StmntSeq>
</Branch>
<Branch CovItemId="B16" CovItemPrefix="Value.java" Implct="true" Intrnl_Id="101">
<Cond/>
<LocList/>
<StmntSeq Intrnl_Id="102">
<LocList/>
</StmntSeq>
</Branch>
<Keyword EndOffset="1449" SrcFileId="1" StartOffset="1447"/>
<LocList>
<Loc EndOffset="1621" SrcFileId="1" StartOffset="1447"/>
</LocList>
<RootTerm CovItemId="C8" CovItemPrefix="Value.java" Intrnl_Id="103">
<OpTerm BooleanOpId="3" Intrnl_Id="104">
<OpTerm BooleanOpId="3" Intrnl_Id="105">
<BasicBoolTerm Intrnl_Id="106">
<LocList>
<Loc EndOffset="1479" SrcFileId="1" StartOffset="1450"/>
</LocList>
</BasicBoolTerm>
<BasicBoolTerm Intrnl_Id="107">
<LocList>
<Loc EndOffset="1523" SrcFileId="1" StartOffset="1490"/>
</LocList>
</BasicBoolTerm>
<LocList>
<Loc EndOffset="1482" SrcFileId="1" StartOffset="1480"/>
</LocList>
</OpTerm>
<BasicBoolTerm Intrnl_Id="108">
<LocList>
<Loc EndOffset="1592" SrcFileId="1" StartOffset="1534"/>
</LocList>
</BasicBoolTerm>
<LocList>
<Loc EndOffset="1526" SrcFileId="1" StartOffset="1524"/>
</LocList>
</OpTerm>
</RootTerm>
</CondStmnt>
<BasicStmnt CovItemId="S26" CovItemPrefix="Value.java" Intrnl_Id="109">
<LocList>
<Loc EndOffset="1637" SrcFileId="1" StartOffset="1625"/>
</LocList>
</BasicStmnt>
</StmntSeq>
</HierarchyLvl>
<HierarchyLvl HierarchyLvlId="1132" HierarchyLvlTypeId="5" Intrnl_Id="110" Name="isString">
<Header>
<Loc EndOffset="1681" SrcFileId="1" StartOffset="1656"/>
</Header>
<LocList>
<Loc EndOffset="1923" SrcFileId="1" StartOffset="1656"/>
</LocList>
<StmntSeq Intrnl_Id="111">
<LocList>
<Loc EndOffset="1900" SrcFileId="1" StartOffset="1695"/>
<Loc EndOffset="1916" SrcFileId="1" StartOffset="1904"/>
</LocList>
<CondStmnt CovItemId="S27" CovItemPrefix="Value.java" Intrnl_Id="112">
<Branch CovItemId="B17" CovItemPrefix="Value.java" Implct="false" Intrnl_Id="113">
<Cond/>
<LocList>
<Loc EndOffset="1764" SrcFileId="1" StartOffset="1734"/>
</LocList>
<StmntSeq Intrnl_Id="114">
<LocList>
<Loc EndOffset="1756" SrcFileId="1" StartOffset="1743"/>
</LocList>
<BasicStmnt CovItemId="S28" CovItemPrefix="Value.java" Intrnl_Id="115">
<LocList>
<Loc EndOffset="1756" SrcFileId="1" StartOffset="1743"/>
</LocList>
</BasicStmnt>
</StmntSeq>
</Branch>
<Branch CovItemId="B18" CovItemPrefix="Value.java" Implct="false" Intrnl_Id="116">
<Cond>
<Loc EndOffset="1775" SrcFileId="1" StartOffset="1771"/>
</Cond>
<LocList>
<Loc EndOffset="1900" SrcFileId="1" StartOffset="1776"/>
</LocList>
<StmntSeq Intrnl_Id="117">
<LocList>
<Loc EndOffset="1900" SrcFileId="1" StartOffset="1776"/>
</LocList>
<CondStmnt CovItemId="S29" CovItemPrefix="Value.java" Intrnl_Id="118">
<Branch CovItemId="B19" CovItemPrefix="Value.java" Implct="false" Intrnl_Id="119">
<Cond/>
<LocList>
<Loc EndOffset="1900" SrcFileId="1" StartOffset="1876"/>
</LocList>
<StmntSeq Intrnl_Id="120">
<LocList>
<Loc EndOffset="1895" SrcFileId="1" StartOffset="1882"/>
</LocList>
<BasicStmnt CovItemId="S30" CovItemPrefix="Value.java" Intrnl_Id="121">
<LocList>
<Loc EndOffset="1895" SrcFileId="1" StartOffset="1882"/>
</LocList>
</BasicStmnt>
</StmntSeq>
</Branch>
<Branch CovItemId="B20" CovItemPrefix="Value.java" Implct="true" Intrnl_Id="122">
<Cond/>
<LocList/>
<StmntSeq Intrnl_Id="123">
<LocList/>
</StmntSeq>
</Branch>
<Keyword EndOffset="1778" SrcFileId="1" StartOffset="1776"/>
<LocList>
<Loc EndOffset="1900" SrcFileId="1" StartOffset="1776"/>
</LocList>
<RootTerm CovItemId="C10" CovItemPrefix="Value.java" Intrnl_Id="124">
<OpTerm BooleanOpId="3" Intrnl_Id="125">
<BasicBoolTerm Intrnl_Id="126">
<LocList>
<Loc EndOffset="1811" SrcFileId="1" StartOffset="1779"/>
</LocList>
</BasicBoolTerm>
<BasicBoolTerm Intrnl_Id="127">
<LocList>
<Loc EndOffset="1871" SrcFileId="1" StartOffset="1814"/>
</LocList>
</BasicBoolTerm>
<LocList>
<Loc EndOffset="1813" SrcFileId="1" StartOffset="1811"/>
</LocList>
</OpTerm>
</RootTerm>
</CondStmnt>
</StmntSeq>
</Branch>
<Keyword EndOffset="1697" SrcFileId="1" StartOffset="1695"/>
<LocList>
<Loc EndOffset="1900" SrcFileId="1" StartOffset="1695"/>
</LocList>
<RootTerm CovItemId="C9" CovItemPrefix="Value.java" Intrnl_Id="128">
<BasicBoolTerm Intrnl_Id="129">
<LocList>
<Loc EndOffset="1726" SrcFileId="1" StartOffset="1698"/>
</LocList>
</BasicBoolTerm>
</RootTerm>
</CondStmnt>
<BasicStmnt CovItemId="S31" CovItemPrefix="Value.java" Intrnl_Id="130">
<LocList>
<Loc EndOffset="1916" SrcFileId="1" StartOffset="1904"/>
</LocList>
</BasicStmnt>
</StmntSeq>
</HierarchyLvl>
<HierarchyLvl HierarchyLvlId="1133" HierarchyLvlTypeId="5" Intrnl_Id="131" Name="isBool">
<Header>
<Loc EndOffset="1958" SrcFileId="1" StartOffset="1935"/>
</Header>
<LocList>
<Loc EndOffset="2104" SrcFileId="1" StartOffset="1935"/>
</LocList>
<StmntSeq Intrnl_Id="132">
<LocList>
<Loc EndOffset="2077" SrcFileId="1" StartOffset="1972"/>
<Loc EndOffset="2097" SrcFileId="1" StartOffset="2084"/>
</LocList>
<CondStmnt CovItemId="S32" CovItemPrefix="Value.java" Intrnl_Id="133">
<Branch CovItemId="B21" CovItemPrefix="Value.java" Implct="false" Intrnl_Id="134">
<Cond/>
<LocList>
<Loc EndOffset="2077" SrcFileId="1" StartOffset="2048"/>
</LocList>
<StmntSeq Intrnl_Id="135">
<LocList>
<Loc EndOffset="2069" SrcFileId="1" StartOffset="2057"/>
</LocList>
<BasicStmnt CovItemId="S33" CovItemPrefix="Value.java" Intrnl_Id="136">
<LocList>
<Loc EndOffset="2069" SrcFileId="1" StartOffset="2057"/>
</LocList>
</BasicStmnt>
</StmntSeq>
</Branch>
<Branch CovItemId="B22" CovItemPrefix="Value.java" Implct="true" Intrnl_Id="137">
<Cond/>
<LocList/>
<StmntSeq Intrnl_Id="138">
<LocList/>
</StmntSeq>
</Branch>
<Keyword EndOffset="1974" SrcFileId="1" StartOffset="1972"/>
<LocList>
<Loc EndOffset="2077" SrcFileId="1" StartOffset="1972"/>
</LocList>
<RootTerm CovItemId="C11" CovItemPrefix="Value.java" Intrnl_Id="139">
<OpTerm BooleanOpId="3" Intrnl_Id="140">
<BasicBoolTerm Intrnl_Id="141">
<LocList>
<Loc EndOffset="2005" SrcFileId="1" StartOffset="1975"/>
</LocList>
</BasicBoolTerm>
<BasicBoolTerm Intrnl_Id="142">
<LocList>
<Loc EndOffset="2040" SrcFileId="1" StartOffset="2009"/>
</LocList>
</BasicBoolTerm>
<LocList>
<Loc EndOffset="2008" SrcFileId="1" StartOffset="2006"/>
</LocList>
</OpTerm>
</RootTerm>
</CondStmnt>
<BasicStmnt CovItemId="S34" CovItemPrefix="Value.java" Intrnl_Id="143">
<LocList>
<Loc EndOffset="2097" SrcFileId="1" StartOffset="2084"/>
</LocList>
</BasicStmnt>
</StmntSeq>
</HierarchyLvl>
<HierarchyLvl HierarchyLvlId="1134" HierarchyLvlTypeId="5" Intrnl_Id="144" Name="isContainer">
<Header>
<Loc EndOffset="2144" SrcFileId="1" StartOffset="2116"/>
</Header>
<LocList>
<Loc EndOffset="2317" SrcFileId="1" StartOffset="2116"/>
</LocList>
<StmntSeq Intrnl_Id="145">
<LocList>
<Loc EndOffset="2290" SrcFileId="1" StartOffset="2158"/>
<Loc EndOffset="2310" SrcFileId="1" StartOffset="2297"/>
</LocList>
<CondStmnt CovItemId="S35" CovItemPrefix="Value.java" Intrnl_Id="146">
<Branch CovItemId="B23" CovItemPrefix="Value.java" Implct="false" Intrnl_Id="147">
<Cond/>
<LocList>
<Loc EndOffset="2290" SrcFileId="1" StartOffset="2261"/>
</LocList>
<StmntSeq Intrnl_Id="148">
<LocList>
<Loc EndOffset="2282" SrcFileId="1" StartOffset="2270"/>
</LocList>
<BasicStmnt CovItemId="S36" CovItemPrefix="Value.java" Intrnl_Id="149">
<LocList>
<Loc EndOffset="2282" SrcFileId="1" StartOffset="2270"/>
</LocList>
</BasicStmnt>
</StmntSeq>
</Branch>
<Branch CovItemId="B24" CovItemPrefix="Value.java" Implct="true" Intrnl_Id="150">
<Cond/>
<LocList/>
<StmntSeq Intrnl_Id="151">
<LocList/>
</StmntSeq>
</Branch>
<Keyword EndOffset="2160" SrcFileId="1" StartOffset="2158"/>
<LocList>
<Loc EndOffset="2290" SrcFileId="1" StartOffset="2158"/>
</LocList>
<RootTerm CovItemId="C12" CovItemPrefix="Value.java" Intrnl_Id="152">
<OpTerm BooleanOpId="3" Intrnl_Id="153">
<BasicBoolTerm Intrnl_Id="154">
<LocList>
<Loc EndOffset="2214" SrcFileId="1" StartOffset="2161"/>
</LocList>
</BasicBoolTerm>
<BasicBoolTerm Intrnl_Id="155">
<LocList>
<Loc EndOffset="2253" SrcFileId="1" StartOffset="2218"/>
</LocList>
</BasicBoolTerm>
<LocList>
<Loc EndOffset="2217" SrcFileId="1" StartOffset="2215"/>
</LocList>
</OpTerm>
</RootTerm>
</CondStmnt>
<BasicStmnt CovItemId="S37" CovItemPrefix="Value.java" Intrnl_Id="156">
<LocList>
<Loc EndOffset="2310" SrcFileId="1" StartOffset="2297"/>
</LocList>
</BasicStmnt>
</StmntSeq>
</HierarchyLvl>
<HierarchyLvl HierarchyLvlId="1135" HierarchyLvlTypeId="5" Intrnl_Id="157" Name="isSameType">
<Header>
<Loc EndOffset="2365" SrcFileId="1" StartOffset="2329"/>
</Header>
<LocList>
<Loc EndOffset="2953" SrcFileId="1" StartOffset="2329"/>
</LocList>
<StmntSeq Intrnl_Id="158">
<LocList>
<Loc EndOffset="2448" SrcFileId="1" StartOffset="2379"/>
<Loc EndOffset="2919" SrcFileId="1" StartOffset="2455"/>
<Loc EndOffset="2946" SrcFileId="1" StartOffset="2933"/>
</LocList>
<CondStmnt CovItemId="S38" CovItemPrefix="Value.java" Intrnl_Id="159">
<Branch CovItemId="B25" CovItemPrefix="Value.java" Implct="false" Intrnl_Id="160">
<Cond/>
<LocList>
<Loc EndOffset="2448" SrcFileId="1" StartOffset="2419"/>
</LocList>
<StmntSeq Intrnl_Id="161">
<LocList>
<Loc EndOffset="2440" SrcFileId="1" StartOffset="2428"/>
</LocList>
<BasicStmnt CovItemId="S39" CovItemPrefix="Value.java" Intrnl_Id="162">
<LocList>
<Loc EndOffset="2440" SrcFileId="1" StartOffset="2428"/>
</LocList>
</BasicStmnt>
</StmntSeq>
</Branch>
<Branch CovItemId="B26" CovItemPrefix="Value.java" Implct="true" Intrnl_Id="163">
<Cond/>
<LocList/>
<StmntSeq Intrnl_Id="164">
<LocList/>
</StmntSeq>
</Branch>
<Keyword EndOffset="2381" SrcFileId="1" StartOffset="2379"/>
<LocList>
<Loc EndOffset="2448" SrcFileId="1" StartOffset="2379"/>
</LocList>
<RootTerm CovItemId="C13" CovItemPrefix="Value.java" Intrnl_Id="165">
<OpTerm BooleanOpId="2" Intrnl_Id="166">
<BasicBoolTerm Intrnl_Id="167">
<LocList>
<Loc EndOffset="2395" SrcFileId="1" StartOffset="2382"/>
</LocList>
</BasicBoolTerm>
<BasicBoolTerm Intrnl_Id="168">
<LocList>
<Loc EndOffset="2411" SrcFileId="1" StartOffset="2399"/>
</LocList>
</BasicBoolTerm>
<LocList>
<Loc EndOffset="2398" SrcFileId="1" StartOffset="2396"/>
</LocList>
</OpTerm>
</RootTerm>
</CondStmnt>
<CondStmnt CovItemId="S40" CovItemPrefix="Value.java" Intrnl_Id="169">
<Branch CovItemId="B27" CovItemPrefix="Value.java" Implct="false" Intrnl_Id="170">
<Cond/>
<LocList>
<Loc EndOffset="2534" SrcFileId="1" StartOffset="2505"/>
</LocList>
<StmntSeq Intrnl_Id="171">
<LocList>
<Loc EndOffset="2526" SrcFileId="1" StartOffset="2514"/>
</LocList>
<BasicStmnt CovItemId="S41" CovItemPrefix="Value.java" Intrnl_Id="172">
<LocList>
<Loc EndOffset="2526" SrcFileId="1" StartOffset="2514"/>
</LocList>
</BasicStmnt>
</StmntSeq>
</Branch>
<Branch CovItemId="B28" CovItemPrefix="Value.java" Implct="false" Intrnl_Id="173">
<Cond>
<Loc EndOffset="2545" SrcFileId="1" StartOffset="2541"/>
</Cond>
<LocList>
<Loc EndOffset="2919" SrcFileId="1" StartOffset="2546"/>
</LocList>
<StmntSeq Intrnl_Id="174">
<LocList>
<Loc EndOffset="2919" SrcFileId="1" StartOffset="2546"/>
</LocList>
<CondStmnt CovItemId="S42" CovItemPrefix="Value.java" Intrnl_Id="175">
<Branch CovItemId="B29" CovItemPrefix="Value.java" Implct="false" Intrnl_Id="176">
<Cond/>
<LocList>
<Loc EndOffset="2615" SrcFileId="1" StartOffset="2586"/>
</LocList>
<StmntSeq Intrnl_Id="177">
<LocList>
<Loc EndOffset="2607" SrcFileId="1" StartOffset="2595"/>
</LocList>
<BasicStmnt CovItemId="S43" CovItemPrefix="Value.java" Intrnl_Id="178">
<LocList>
<Loc EndOffset="2607" SrcFileId="1" StartOffset="2595"/>
</LocList>
</BasicStmnt>
</StmntSeq>
</Branch>
<Branch CovItemId="B30" CovItemPrefix="Value.java" Implct="false" Intrnl_Id="179">
<Cond>
<Loc EndOffset="2626" SrcFileId="1" StartOffset="2622"/>
</Cond>
<LocList>
<Loc EndOffset="2919" SrcFileId="1" StartOffset="2627"/>
</LocList>
<StmntSeq Intrnl_Id="180">
<LocList>
<Loc EndOffset="2919" SrcFileId="1" StartOffset="2627"/>
</LocList>
<CondStmnt CovItemId="S44" CovItemPrefix="Value.java" Intrnl_Id="181">
<Branch CovItemId="B31" CovItemPrefix="Value.java" Implct="false" Intrnl_Id="182">
<Cond/>
<LocList>
<Loc EndOffset="2751" SrcFileId="1" StartOffset="2722"/>
</LocList>
<StmntSeq Intrnl_Id="183">
<LocList>
<Loc EndOffset="2743" SrcFileId="1" StartOffset="2731"/>
</LocList>
<BasicStmnt CovItemId="S45" CovItemPrefix="Value.java" Intrnl_Id="184">
<LocList>
<Loc EndOffset="2743" SrcFileId="1" StartOffset="2731"/>
</LocList>
</BasicStmnt>
</StmntSeq>
</Branch>
<Branch CovItemId="B32" CovItemPrefix="Value.java" Implct="false" Intrnl_Id="185">
<Cond>
<Loc EndOffset="2762" SrcFileId="1" StartOffset="2758"/>
</Cond>
<LocList>
<Loc EndOffset="2919" SrcFileId="1" StartOffset="2763"/>
</LocList>
<StmntSeq Intrnl_Id="186">
<LocList>
<Loc EndOffset="2919" SrcFileId="1" StartOffset="2763"/>
</LocList>
<CondStmnt CovItemId="S46" CovItemPrefix="Value.java" Intrnl_Id="187">
<Branch CovItemId="B33" CovItemPrefix="Value.java" Implct="false" Intrnl_Id="188">
<Cond/>
<LocList>
<Loc EndOffset="2836" SrcFileId="1" StartOffset="2807"/>
</LocList>
<StmntSeq Intrnl_Id="189">
<LocList>
<Loc EndOffset="2828" SrcFileId="1" StartOffset="2816"/>
</LocList>
<BasicStmnt CovItemId="S47" CovItemPrefix="Value.java" Intrnl_Id="190">
<LocList>
<Loc EndOffset="2828" SrcFileId="1" StartOffset="2816"/>
</LocList>
</BasicStmnt>
</StmntSeq>
</Branch>
<Branch CovItemId="B34" CovItemPrefix="Value.java" Implct="false" Intrnl_Id="191">
<Cond>
<Loc EndOffset="2847" SrcFileId="1" StartOffset="2843"/>
</Cond>
<LocList>
<Loc EndOffset="2919" SrcFileId="1" StartOffset="2848"/>
</LocList>
<StmntSeq Intrnl_Id="192">
<LocList>
<Loc EndOffset="2919" SrcFileId="1" StartOffset="2848"/>
</LocList>
<CondStmnt CovItemId="S48" CovItemPrefix="Value.java" Intrnl_Id="193">
<Branch CovItemId="B35" CovItemPrefix="Value.java" Implct="false" Intrnl_Id="194">
<Cond/>
<LocList>
<Loc EndOffset="2919" SrcFileId="1" StartOffset="2890"/>
</LocList>
<StmntSeq Intrnl_Id="195">
<LocList>
<Loc EndOffset="2911" SrcFileId="1" StartOffset="2899"/>
</LocList>
<BasicStmnt CovItemId="S49" CovItemPrefix="Value.java" Intrnl_Id="196">
<LocList>
<Loc EndOffset="2911" SrcFileId="1" StartOffset="2899"/>
</LocList>
</BasicStmnt>
</StmntSeq>
</Branch>
<Branch CovItemId="B36" CovItemPrefix="Value.java" Implct="true" Intrnl_Id="197">
<Cond/>
<LocList/>
<StmntSeq Intrnl_Id="198">
<LocList/>
</StmntSeq>
</Branch>
<Keyword EndOffset="2850" SrcFileId="1" StartOffset="2848"/>
<LocList>
<Loc EndOffset="2919" SrcFileId="1" StartOffset="2848"/>
</LocList>
<RootTerm CovItemId="C18" CovItemPrefix="Value.java" Intrnl_Id="199">
<OpTerm BooleanOpId="2" Intrnl_Id="200">
<BasicBoolTerm Intrnl_Id="201">
<LocList>
<Loc EndOffset="2865" SrcFileId="1" StartOffset="2851"/>
</LocList>
</BasicBoolTerm>
<BasicBoolTerm Intrnl_Id="202">
<LocList>
<Loc EndOffset="2882" SrcFileId="1" StartOffset="2869"/>
</LocList>
</BasicBoolTerm>
<LocList>
<Loc EndOffset="2868" SrcFileId="1" StartOffset="2866"/>
</LocList>
</OpTerm>
</RootTerm>
</CondStmnt>
</StmntSeq>
</Branch>
<Keyword EndOffset="2765" SrcFileId="1" StartOffset="2763"/>
<LocList>
<Loc EndOffset="2919" SrcFileId="1" StartOffset="2763"/>
</LocList>
<RootTerm CovItemId="C17" CovItemPrefix="Value.java" Intrnl_Id="203">
<OpTerm BooleanOpId="2" Intrnl_Id="204">
<BasicBoolTerm Intrnl_Id="205">
<LocList>
<Loc EndOffset="2781" SrcFileId="1" StartOffset="2766"/>
</LocList>
</BasicBoolTerm>
<BasicBoolTerm Intrnl_Id="206">
<LocList>
<Loc EndOffset="2799" SrcFileId="1" StartOffset="2785"/>
</LocList>
</BasicBoolTerm>
<LocList>
<Loc EndOffset="2784" SrcFileId="1" StartOffset="2782"/>
</LocList>
</OpTerm>
</RootTerm>
</CondStmnt>
</StmntSeq>
</Branch>
<Keyword EndOffset="2629" SrcFileId="1" StartOffset="2627"/>
<LocList>
<Loc EndOffset="2919" SrcFileId="1" StartOffset="2627"/>
</LocList>
<RootTerm CovItemId="C16" CovItemPrefix="Value.java" Intrnl_Id="207">
<OpTerm BooleanOpId="3" Intrnl_Id="208">
<OpTerm BooleanOpId="2" Intrnl_Id="209">
<BasicBoolTerm Intrnl_Id="210">
<LocList>
<Loc EndOffset="2646" SrcFileId="1" StartOffset="2630"/>
</LocList>
</BasicBoolTerm>
<BasicBoolTerm Intrnl_Id="211">
<LocList>
<Loc EndOffset="2665" SrcFileId="1" StartOffset="2650"/>
</LocList>
</BasicBoolTerm>
<LocList>
<Loc EndOffset="2649" SrcFileId="1" StartOffset="2647"/>
</LocList>
</OpTerm>
<OpTerm BooleanOpId="2" Intrnl_Id="212">
<BasicBoolTerm Intrnl_Id="213">
<LocList>
<Loc EndOffset="2685" SrcFileId="1" StartOffset="2669"/>
</LocList>
</BasicBoolTerm>
<BasicBoolTerm Intrnl_Id="214">
<LocList>
<Loc EndOffset="2714" SrcFileId="1" StartOffset="2689"/>
</LocList>
</BasicBoolTerm>
<LocList>
<Loc EndOffset="2688" SrcFileId="1" StartOffset="2686"/>
</LocList>
</OpTerm>
<LocList>
<Loc EndOffset="2668" SrcFileId="1" StartOffset="2666"/>
</LocList>
</OpTerm>
</RootTerm>
</CondStmnt>
</StmntSeq>
</Branch>
<Keyword EndOffset="2548" SrcFileId="1" StartOffset="2546"/>
<LocList>
<Loc EndOffset="2919" SrcFileId="1" StartOffset="2546"/>
</LocList>
<RootTerm CovItemId="C15" CovItemPrefix="Value.java" Intrnl_Id="215">
<OpTerm BooleanOpId="2" Intrnl_Id="216">
<BasicBoolTerm Intrnl_Id="217">
<LocList>
<Loc EndOffset="2562" SrcFileId="1" StartOffset="2549"/>
</LocList>
</BasicBoolTerm>
<BasicBoolTerm Intrnl_Id="218">
<LocList>
<Loc EndOffset="2578" SrcFileId="1" StartOffset="2566"/>
</LocList>
</BasicBoolTerm>
<LocList>
<Loc EndOffset="2565" SrcFileId="1" StartOffset="2563"/>
</LocList>
</OpTerm>
</RootTerm>
</CondStmnt>
</StmntSeq>
</Branch>
<Keyword EndOffset="2457" SrcFileId="1" StartOffset="2455"/>
<LocList>
<Loc EndOffset="2919" SrcFileId="1" StartOffset="2455"/>
</LocList>
<RootTerm CovItemId="C14" CovItemPrefix="Value.java" Intrnl_Id="219">
<OpTerm BooleanOpId="2" Intrnl_Id="220">
<BasicBoolTerm Intrnl_Id="221">
<LocList>
<Loc EndOffset="2476" SrcFileId="1" StartOffset="2458"/>
</LocList>
</BasicBoolTerm>
<BasicBoolTerm Intrnl_Id="222">
<LocList>
<Loc EndOffset="2497" SrcFileId="1" StartOffset="2480"/>
</LocList>
</BasicBoolTerm>
<LocList>
<Loc EndOffset="2479" SrcFileId="1" StartOffset="2477"/>
</LocList>
</OpTerm>
</RootTerm>
</CondStmnt>
<BasicStmnt CovItemId="S50" CovItemPrefix="Value.java" Intrnl_Id="223">
<LocList>
<Loc EndOffset="2946" SrcFileId="1" StartOffset="2933"/>
</LocList>
</BasicStmnt>
</StmntSeq>
</HierarchyLvl>
<HierarchyLvl HierarchyLvlId="1136" HierarchyLvlTypeId="5" Intrnl_Id="224" Name="GetType">
<Header>
<Loc EndOffset="2988" SrcFileId="1" StartOffset="2965"/>
</Header>
<LocList>
<Loc EndOffset="3760" SrcFileId="1" StartOffset="2965"/>
</LocList>
<StmntSeq Intrnl_Id="225">
<LocList>
<Loc EndOffset="3753" SrcFileId="1" StartOffset="3002"/>
</LocList>
<CondStmnt CovItemId="S51" CovItemPrefix="Value.java" Intrnl_Id="226">
<Branch CovItemId="B37" CovItemPrefix="Value.java" Implct="false" Intrnl_Id="227">
<Cond/>
<LocList>
<Loc EndOffset="3091" SrcFileId="1" StartOffset="3060"/>
</LocList>
<StmntSeq Intrnl_Id="228">
<LocList>
<Loc EndOffset="3083" SrcFileId="1" StartOffset="3069"/>
</LocList>
<BasicStmnt CovItemId="S52" CovItemPrefix="Value.java" Intrnl_Id="229">
<LocList>
<Loc EndOffset="3083" SrcFileId="1" StartOffset="3069"/>
</LocList>
</BasicStmnt>
</StmntSeq>
</Branch>
<Branch CovItemId="B38" CovItemPrefix="Value.java" Implct="false" Intrnl_Id="230">
<Cond>
<Loc EndOffset="3102" SrcFileId="1" StartOffset="3098"/>
</Cond>
<LocList>
<Loc EndOffset="3753" SrcFileId="1" StartOffset="3103"/>
</LocList>
<StmntSeq Intrnl_Id="231">
<LocList>
<Loc EndOffset="3753" SrcFileId="1" StartOffset="3103"/>
</LocList>
<CondStmnt CovItemId="S53" CovItemPrefix="Value.java" Intrnl_Id="232">
<Branch CovItemId="B39" CovItemPrefix="Value.java" Implct="false" Intrnl_Id="233">
<Cond/>
<LocList>
<Loc EndOffset="3207" SrcFileId="1" StartOffset="3171"/>
</LocList>
<StmntSeq Intrnl_Id="234">
<LocList>
<Loc EndOffset="3199" SrcFileId="1" StartOffset="3180"/>
</LocList>
<BasicStmnt CovItemId="S54" CovItemPrefix="Value.java" Intrnl_Id="235">
<LocList>
<Loc EndOffset="3199" SrcFileId="1" StartOffset="3180"/>
</LocList>
</BasicStmnt>
</StmntSeq>
</Branch>
<Branch CovItemId="B40" CovItemPrefix="Value.java" Implct="false" Intrnl_Id="236">
<Cond>
<Loc EndOffset="3218" SrcFileId="1" StartOffset="3214"/>
</Cond>
<LocList>
<Loc EndOffset="3753" SrcFileId="1" StartOffset="3219"/>
</LocList>
<StmntSeq Intrnl_Id="237">
<LocList>
<Loc EndOffset="3753" SrcFileId="1" StartOffset="3219"/>
</LocList>
<CondStmnt CovItemId="S55" CovItemPrefix="Value.java" Intrnl_Id="238">
<Branch CovItemId="B41" CovItemPrefix="Value.java" Implct="false" Intrnl_Id="239">
<Cond/>
<LocList>
<Loc EndOffset="3305" SrcFileId="1" StartOffset="3275"/>
</LocList>
<StmntSeq Intrnl_Id="240">
<LocList>
<Loc EndOffset="3297" SrcFileId="1" StartOffset="3284"/>
</LocList>
<BasicStmnt CovItemId="S56" CovItemPrefix="Value.java" Intrnl_Id="241">
<LocList>
<Loc EndOffset="3297" SrcFileId="1" StartOffset="3284"/>
</LocList>
</BasicStmnt>
</StmntSeq>
</Branch>
<Branch CovItemId="B42" CovItemPrefix="Value.java" Implct="false" Intrnl_Id="242">
<Cond>
<Loc EndOffset="3316" SrcFileId="1" StartOffset="3312"/>
</Cond>
<LocList>
<Loc EndOffset="3753" SrcFileId="1" StartOffset="3317"/>
</LocList>
<StmntSeq Intrnl_Id="243">
<LocList>
<Loc EndOffset="3753" SrcFileId="1" StartOffset="3317"/>
</LocList>
<CondStmnt CovItemId="S57" CovItemPrefix="Value.java" Intrnl_Id="244">
<Branch CovItemId="B43" CovItemPrefix="Value.java" Implct="false" Intrnl_Id="245">
<Cond/>
<LocList>
<Loc EndOffset="3412" SrcFileId="1" StartOffset="3379"/>
</LocList>
<StmntSeq Intrnl_Id="246">
<LocList>
<Loc EndOffset="3404" SrcFileId="1" StartOffset="3388"/>
</LocList>
<BasicStmnt CovItemId="S58" CovItemPrefix="Value.java" Intrnl_Id="247">
<LocList>
<Loc EndOffset="3404" SrcFileId="1" StartOffset="3388"/>
</LocList>
</BasicStmnt>
</StmntSeq>
</Branch>
<Branch CovItemId="B44" CovItemPrefix="Value.java" Implct="false" Intrnl_Id="248">
<Cond>
<Loc EndOffset="3423" SrcFileId="1" StartOffset="3419"/>
</Cond>
<LocList>
<Loc EndOffset="3753" SrcFileId="1" StartOffset="3424"/>
</LocList>
<StmntSeq Intrnl_Id="249">
<LocList>
<Loc EndOffset="3753" SrcFileId="1" StartOffset="3424"/>
</LocList>
<CondStmnt CovItemId="S59" CovItemPrefix="Value.java" Intrnl_Id="250">
<Branch CovItemId="B45" CovItemPrefix="Value.java" Implct="false" Intrnl_Id="251">
<Cond/>
<LocList>
<Loc EndOffset="3513" SrcFileId="1" StartOffset="3482"/>
</LocList>
<StmntSeq Intrnl_Id="252">
<LocList>
<Loc EndOffset="3505" SrcFileId="1" StartOffset="3491"/>
</LocList>
<BasicStmnt CovItemId="S60" CovItemPrefix="Value.java" Intrnl_Id="253">
<LocList>
<Loc EndOffset="3505" SrcFileId="1" StartOffset="3491"/>
</LocList>
</BasicStmnt>
</StmntSeq>
</Branch>
<Branch CovItemId="B46" CovItemPrefix="Value.java" Implct="false" Intrnl_Id="254">
<Cond>
<Loc EndOffset="3524" SrcFileId="1" StartOffset="3520"/>
</Cond>
<LocList>
<Loc EndOffset="3753" SrcFileId="1" StartOffset="3525"/>
</LocList>
<StmntSeq Intrnl_Id="255">
<LocList>
<Loc EndOffset="3753" SrcFileId="1" StartOffset="3525"/>
</LocList>
<CondStmnt CovItemId="S61" CovItemPrefix="Value.java" Intrnl_Id="256">
<Branch CovItemId="B47" CovItemPrefix="Value.java" Implct="false" Intrnl_Id="257">
<Cond/>
<LocList>
<Loc EndOffset="3620" SrcFileId="1" StartOffset="3587"/>
</LocList>
<StmntSeq Intrnl_Id="258">
<LocList>
<Loc EndOffset="3612" SrcFileId="1" StartOffset="3596"/>
</LocList>
<BasicStmnt CovItemId="S62" CovItemPrefix="Value.java" Intrnl_Id="259">
<LocList>
<Loc EndOffset="3612" SrcFileId="1" StartOffset="3596"/>
</LocList>
</BasicStmnt>
</StmntSeq>
</Branch>
<Branch CovItemId="B48" CovItemPrefix="Value.java" Implct="false" Intrnl_Id="260">
<Cond>
<Loc EndOffset="3631" SrcFileId="1" StartOffset="3627"/>
</Cond>
<LocList>
<Loc EndOffset="3753" SrcFileId="1" StartOffset="3632"/>
</LocList>
<StmntSeq Intrnl_Id="261">
<LocList>
<Loc EndOffset="3753" SrcFileId="1" StartOffset="3632"/>
</LocList>
<CondStmnt CovItemId="S63" CovItemPrefix="Value.java" Intrnl_Id="262">
<Branch CovItemId="B49" CovItemPrefix="Value.java" Implct="false" Intrnl_Id="263">
<Cond/>
<LocList>
<Loc EndOffset="3706" SrcFileId="1" StartOffset="3674"/>
</LocList>
<StmntSeq Intrnl_Id="264">
<LocList>
<Loc EndOffset="3698" SrcFileId="1" StartOffset="3683"/>
</LocList>
<BasicStmnt CovItemId="S64" CovItemPrefix="Value.java" Intrnl_Id="265">
<LocList>
<Loc EndOffset="3698" SrcFileId="1" StartOffset="3683"/>
</LocList>
</BasicStmnt>
</StmntSeq>
</Branch>
<Branch CovItemId="B50" CovItemPrefix="Value.java" Implct="false" Intrnl_Id="266">
<Cond>
<Loc EndOffset="3717" SrcFileId="1" StartOffset="3713"/>
</Cond>
<LocList>
<Loc EndOffset="3753" SrcFileId="1" StartOffset="3724"/>
</LocList>
<StmntSeq Intrnl_Id="267">
<LocList>
<Loc EndOffset="3745" SrcFileId="1" StartOffset="3733"/>
</LocList>
<BasicStmnt CovItemId="S65" CovItemPrefix="Value.java" Intrnl_Id="268">
<LocList>
<Loc EndOffset="3745" SrcFileId="1" StartOffset="3733"/>
</LocList>
</BasicStmnt>
</StmntSeq>
</Branch>
<Keyword EndOffset="3634" SrcFileId="1" StartOffset="3632"/>
<LocList>
<Loc EndOffset="3753" SrcFileId="1" StartOffset="3632"/>
</LocList>
<RootTerm CovItemId="C25" CovItemPrefix="Value.java" Intrnl_Id="269">
<BasicBoolTerm Intrnl_Id="270">
<LocList>
<Loc EndOffset="3666" SrcFileId="1" StartOffset="3635"/>
</LocList>
</BasicBoolTerm>
</RootTerm>
</CondStmnt>
</StmntSeq>
</Branch>
<Keyword EndOffset="3527" SrcFileId="1" StartOffset="3525"/>
<LocList>
<Loc EndOffset="3753" SrcFileId="1" StartOffset="3525"/>
</LocList>
<RootTerm CovItemId="C24" CovItemPrefix="Value.java" Intrnl_Id="271">
<OpTerm BooleanOpId="3" Intrnl_Id="272">
<BasicBoolTerm Intrnl_Id="273">
<LocList>
<Loc EndOffset="3543" SrcFileId="1" StartOffset="3528"/>
</LocList>
</BasicBoolTerm>
<BasicBoolTerm Intrnl_Id="274">
<LocList>
<Loc EndOffset="3579" SrcFileId="1" StartOffset="3547"/>
</LocList>
</BasicBoolTerm>
<LocList>
<Loc EndOffset="3546" SrcFileId="1" StartOffset="3544"/>
</LocList>
</OpTerm>
</RootTerm>
</CondStmnt>
</StmntSeq>
</Branch>
<Keyword EndOffset="3426" SrcFileId="1" StartOffset="3424"/>
<LocList>
<Loc EndOffset="3753" SrcFileId="1" StartOffset="3424"/>
</LocList>
<RootTerm CovItemId="C23" CovItemPrefix="Value.java" Intrnl_Id="275">
<OpTerm BooleanOpId="3" Intrnl_Id="276">
<BasicBoolTerm Intrnl_Id="277">
<LocList>
<Loc EndOffset="3440" SrcFileId="1" StartOffset="3427"/>
</LocList>
</BasicBoolTerm>
<BasicBoolTerm Intrnl_Id="278">
<LocList>
<Loc EndOffset="3474" SrcFileId="1" StartOffset="3444"/>
</LocList>
</BasicBoolTerm>
<LocList>
<Loc EndOffset="3443" SrcFileId="1" StartOffset="3441"/>
</LocList>
</OpTerm>
</RootTerm>
</CondStmnt>
</StmntSeq>
</Branch>
<Keyword EndOffset="3319" SrcFileId="1" StartOffset="3317"/>
<LocList>
<Loc EndOffset="3753" SrcFileId="1" StartOffset="3317"/>
</LocList>
<RootTerm CovItemId="C22" CovItemPrefix="Value.java" Intrnl_Id="279">
<OpTerm BooleanOpId="3" Intrnl_Id="280">
<BasicBoolTerm Intrnl_Id="281">
<LocList>
<Loc EndOffset="3335" SrcFileId="1" StartOffset="3320"/>
</LocList>
</BasicBoolTerm>
<BasicBoolTerm Intrnl_Id="282">
<LocList>
<Loc EndOffset="3371" SrcFileId="1" StartOffset="3339"/>
</LocList>
</BasicBoolTerm>
<LocList>
<Loc EndOffset="3338" SrcFileId="1" StartOffset="3336"/>
</LocList>
</OpTerm>
</RootTerm>
</CondStmnt>
</StmntSeq>
</Branch>
<Keyword EndOffset="3221" SrcFileId="1" StartOffset="3219"/>
<LocList>
<Loc EndOffset="3753" SrcFileId="1" StartOffset="3219"/>
</LocList>
<RootTerm CovItemId="C21" CovItemPrefix="Value.java" Intrnl_Id="283">
<OpTerm BooleanOpId="3" Intrnl_Id="284">
<BasicBoolTerm Intrnl_Id="285">
<LocList>
<Loc EndOffset="3234" SrcFileId="1" StartOffset="3222"/>
</LocList>
</BasicBoolTerm>
<BasicBoolTerm Intrnl_Id="286">
<LocList>
<Loc EndOffset="3267" SrcFileId="1" StartOffset="3238"/>
</LocList>
</BasicBoolTerm>
<LocList>
<Loc EndOffset="3237" SrcFileId="1" StartOffset="3235"/>
</LocList>
</OpTerm>
</RootTerm>
</CondStmnt>
</StmntSeq>
</Branch>
<Keyword EndOffset="3105" SrcFileId="1" StartOffset="3103"/>
<LocList>
<Loc EndOffset="3753" SrcFileId="1" StartOffset="3103"/>
</LocList>
<RootTerm CovItemId="C20" CovItemPrefix="Value.java" Intrnl_Id="287">
<OpTerm BooleanOpId="3" Intrnl_Id="288">
<BasicBoolTerm Intrnl_Id="289">
<LocList>
<Loc EndOffset="3141" SrcFileId="1" StartOffset="3106"/>
</LocList>
</BasicBoolTerm>
<BasicBoolTerm Intrnl_Id="290">
<LocList>
<Loc EndOffset="3163" SrcFileId="1" StartOffset="3145"/>
</LocList>
</BasicBoolTerm>
<LocList>
<Loc EndOffset="3144" SrcFileId="1" StartOffset="3142"/>
</LocList>
</OpTerm>
</RootTerm>
</CondStmnt>
</StmntSeq>
</Branch>
<Keyword EndOffset="3004" SrcFileId="1" StartOffset="3002"/>
<LocList>
<Loc EndOffset="3753" SrcFileId="1" StartOffset="3002"/>
</LocList>
<RootTerm CovItemId="C19" CovItemPrefix="Value.java" Intrnl_Id="291">
<OpTerm BooleanOpId="3" Intrnl_Id="292">
<BasicBoolTerm Intrnl_Id="293">
<LocList>
<Loc EndOffset="3018" SrcFileId="1" StartOffset="3005"/>
</LocList>
</BasicBoolTerm>
<BasicBoolTerm Intrnl_Id="294">
<LocList>
<Loc EndOffset="3052" SrcFileId="1" StartOffset="3022"/>
</LocList>
</BasicBoolTerm>
<LocList>
<Loc EndOffset="3021" SrcFileId="1" StartOffset="3019"/>
</LocList>
</OpTerm>
</RootTerm>
</CondStmnt>
</StmntSeq>
</HierarchyLvl>
<HierarchyLvl HierarchyLvlId="1137" HierarchyLvlTypeId="5" Intrnl_Id="295" Name="equals">
<Header>
<Loc EndOffset="3814" SrcFileId="1" StartOffset="3768"/>
</Header>
<LocList>
<Loc EndOffset="4089" SrcFileId="1" StartOffset="3768"/>
</LocList>
<StmntSeq Intrnl_Id="296">
<LocList>
<Loc EndOffset="3881" SrcFileId="1" StartOffset="3828"/>
<Loc EndOffset="3999" SrcFileId="1" StartOffset="3893"/>
<Loc EndOffset="4033" SrcFileId="1" StartOffset="4011"/>
<Loc EndOffset="4082" SrcFileId="1" StartOffset="4045"/>
</LocList>
<CondStmnt CovItemId="S66" CovItemPrefix="Value.java" Intrnl_Id="297">
<Branch CovItemId="B51" CovItemPrefix="Value.java" Implct="false" Intrnl_Id="298">
<Cond/>
<LocList>
<Loc EndOffset="3881" SrcFileId="1" StartOffset="3843"/>
</LocList>
<StmntSeq Intrnl_Id="299">
<LocList>
<Loc EndOffset="3870" SrcFileId="1" StartOffset="3858"/>
</LocList>
<BasicStmnt CovItemId="S67" CovItemPrefix="Value.java" Intrnl_Id="300">
<LocList>
<Loc EndOffset="3870" SrcFileId="1" StartOffset="3858"/>
</LocList>
</BasicStmnt>
</StmntSeq>
</Branch>
<Branch CovItemId="B52" CovItemPrefix="Value.java" Implct="true" Intrnl_Id="301">
<Cond/>
<LocList/>
<StmntSeq Intrnl_Id="302">
<LocList/>
</StmntSeq>
</Branch>
<Keyword EndOffset="3830" SrcFileId="1" StartOffset="3828"/>
<LocList>
<Loc EndOffset="3881" SrcFileId="1" StartOffset="3828"/>
</LocList>
<RootTerm CovItemId="C26" CovItemPrefix="Value.java" Intrnl_Id="303">
<BasicBoolTerm Intrnl_Id="304">
<LocList>
<Loc EndOffset="3841" SrcFileId="1" StartOffset="3831"/>
</LocList>
</BasicBoolTerm>
</RootTerm>
</CondStmnt>
<CondStmnt CovItemId="S68" CovItemPrefix="Value.java" Intrnl_Id="305">
<Branch CovItemId="B53" CovItemPrefix="Value.java" Implct="false" Intrnl_Id="306">
<Cond/>
<LocList>
<Loc EndOffset="3999" SrcFileId="1" StartOffset="3960"/>
</LocList>
<StmntSeq Intrnl_Id="307">
<LocList>
<Loc EndOffset="3988" SrcFileId="1" StartOffset="3975"/>
</LocList>
<BasicStmnt CovItemId="S69" CovItemPrefix="Value.java" Intrnl_Id="308">
<LocList>
<Loc EndOffset="3988" SrcFileId="1" StartOffset="3975"/>
</LocList>
</BasicStmnt>
</StmntSeq>
</Branch>
<Branch CovItemId="B54" CovItemPrefix="Value.java" Implct="true" Intrnl_Id="309">
<Cond/>
<LocList/>
<StmntSeq Intrnl_Id="310">
<LocList/>
</StmntSeq>
</Branch>
<Keyword EndOffset="3895" SrcFileId="1" StartOffset="3893"/>
<LocList>
<Loc EndOffset="3999" SrcFileId="1" StartOffset="3893"/>
</LocList>
<RootTerm CovItemId="C27" CovItemPrefix="Value.java" Intrnl_Id="311">
<OpTerm BooleanOpId="3" Intrnl_Id="312">
<OpTerm BooleanOpId="3" Intrnl_Id="313">
<BasicBoolTerm Intrnl_Id="314">
<LocList>
<Loc EndOffset="3909" SrcFileId="1" StartOffset="3896"/>
</LocList>
</BasicBoolTerm>
<BasicBoolTerm Intrnl_Id="315">
<LocList>
<Loc EndOffset="3922" SrcFileId="1" StartOffset="3913"/>
</LocList>
</BasicBoolTerm>
<LocList>
<Loc EndOffset="3912" SrcFileId="1" StartOffset="3910"/>
</LocList>
</OpTerm>
<BasicBoolTerm Intrnl_Id="316">
<LocList>
<Loc EndOffset="3958" SrcFileId="1" StartOffset="3926"/>
</LocList>
</BasicBoolTerm>
<LocList>
<Loc EndOffset="3925" SrcFileId="1" StartOffset="3923"/>
</LocList>
</OpTerm>
</RootTerm>
</CondStmnt>
<BasicStmnt CovItemId="S70" CovItemPrefix="Value.java" Intrnl_Id="317">
<LocList>
<Loc EndOffset="4033" SrcFileId="1" StartOffset="4011"/>
</LocList>
</BasicStmnt>
<BasicStmnt CovItemId="S71" CovItemPrefix="Value.java" Intrnl_Id="318">
<LocList>
<Loc EndOffset="4082" SrcFileId="1" StartOffset="4045"/>
</LocList>
</BasicStmnt>
</StmntSeq>
</HierarchyLvl>
<HierarchyLvl HierarchyLvlId="1138" HierarchyLvlTypeId="5" Intrnl_Id="319" Name="toString">
<Header>
<Loc EndOffset="4136" SrcFileId="1" StartOffset="4097"/>
</Header>
<LocList>
<Loc EndOffset="4184" SrcFileId="1" StartOffset="4097"/>
</LocList>
<StmntSeq Intrnl_Id="320">
<LocList>
<Loc EndOffset="4177" SrcFileId="1" StartOffset="4148"/>
</LocList>
<BasicStmnt CovItemId="S72" CovItemPrefix="Value.java" Intrnl_Id="321">
<LocList>
<Loc EndOffset="4177" SrcFileId="1" StartOffset="4148"/>
</LocList>
</BasicStmnt>
</StmntSeq>
</HierarchyLvl>
</HierarchyLvl>
</HierarchyLvl>
</MASTRoot>
</TestSessionContainer>
