<?xml version="1.0" encoding="UTF-8"?><TestSessionContainer xmlns="http://www.codecover.org/xml/testsession-container" Date="1367932764536" TestSessionContainerId="74c6c775-3915-4304-9dfc-196e140d0d04" version="1.0">
<SrcFileList>
<SrcFile Content="&#13;&#10;public class Value {&#13;&#10;&#9;public static Value VOID = new Value(new Object());&#13;&#10;&#13;&#10;    final Object value;&#13;&#10;&#13;&#10;    public Value(Object value) {&#13;&#10;        this.value = value;&#13;&#10;    }&#13;&#10;    &#13;&#10;    public Value()&#13;&#10;    {&#13;&#10;    &#9;this.value = &quot;&quot;;&#13;&#10;    }&#13;&#10;&#13;&#10;    public boolean isDouble() &#13;&#10;    {&#13;&#10;&#9;&#9;if(this.toString().matches(&quot;((-)?[0-9]+)\\.([0-9]){1,2}&quot;))&#13;&#10;&#9;&#9;{&#13;&#10;&#9;&#9;&#9;return true;&#13;&#10;&#9;&#9;}&#13;&#10;&#9;&#9;return false;&#13;&#10;    }&#13;&#10;    &#13;&#10;    public boolean isInt()&#13;&#10;    {&#13;&#10;&#9;&#9;if(this.toString().matches(&quot;(-)?[0-9]+&quot;))&#13;&#10;&#9;&#9;{&#13;&#10;&#9;&#9;&#9;return true;&#13;&#10;&#9;&#9;}&#13;&#10;&#9;&#9;return false;&#13;&#10;    }&#13;&#10;    &#13;&#10;    public boolean isDrink()&#13;&#10;    {&#13;&#10;&#9;&#9;if(this.toString().equals(&quot;drink&quot;))&#13;&#10;&#9;&#9;{&#13;&#10;&#9;&#9;&#9;return true;&#13;&#10;&#9;&#9;}&#13;&#10;&#9;&#9;return false;&#13;&#10;    }&#13;&#10;    &#13;&#10;    public boolean isNumeric()&#13;&#10;    {&#13;&#10;    &#9;if(this.isInt() || this.isDouble() || this.toString().equals(&quot;int&quot;) || this.toString().equals(&quot;double&quot;))&#13;&#10;    &#9;{&#13;&#10;    &#9;&#9;return true;&#13;&#10;    &#9;}&#13;&#10;    &#9;return false;&#13;&#10;    }&#13;&#10;    &#13;&#10;    public boolean isNumericExpression()&#13;&#10;    {    &#9;&#13;&#10;    &#9;if(this.toString().contains(&quot;(&quot;))&#13;&#10;    &#9;{&#13;&#10;    &#9;&#9;int i = 0;&#13;&#10;        &#9;int location = 0;&#13;&#10;        &#9;&#13;&#10;    &#9;&#9;if(!this.toString().contains(&quot;)&quot;))&#13;&#10;    &#9;&#9;{&#13;&#10;    &#9;&#9;&#9;return false;&#13;&#10;    &#9;&#9;}&#13;&#10;    &#9;&#9;&#13;&#10;    &#9;&#9;for(i=0; i&lt;=this.toString().length()-1; i++)&#13;&#10;    &#9;&#9;{&#13;&#10;    &#9;&#9;&#9;if(this.toString().charAt(i) == '(')&#13;&#10;    &#9;&#9;&#9;{&#13;&#10;    &#9;&#9;&#9;&#9;location = i;&#13;&#10;    &#9;&#9;&#9;&#9;break;&#13;&#10;    &#9;&#9;&#9;}&#13;&#10;    &#9;&#9;}&#13;&#10;    &#9;}&#13;&#10;    &#9;if(this.toString().matches(&quot;(-)?[0-9]+(\\.[0-9]{1,2})?((\\+|\\-|\\*|\\/)[0-9]+(\\.[0-9]{1,2})?)*&quot;))&#13;&#10;    &#9;{&#13;&#10;    &#9;&#9;return true;&#13;&#10;    &#9;}&#13;&#10;    &#9;return false;&#13;&#10;    }&#13;&#10;    &#13;&#10;    public boolean isChar()&#13;&#10;    {&#13;&#10;&#9;&#9;if(this.toString().length() != 3 || &#13;&#10;&#9;&#9;   this.toString().charAt(0) != '\'' || &#13;&#10;&#9;&#9;   this.toString().charAt(this.toString().length()-1) != '\'')&#13;&#10;&#9;&#9;{&#13;&#10;&#9;&#9;&#9;return false;&#13;&#10;&#9;&#9;}&#13;&#10;&#9;&#9;return true;&#13;&#10;    }&#13;&#10;    &#13;&#10;    public boolean isString()&#13;&#10;    {&#13;&#10;    &#9;if(this.toString().length() &lt; 2)&#13;&#10;    &#9;{&#13;&#10;    &#9;&#9;return false;&#13;&#10;    &#9;}&#13;&#10;    &#9;else if(this.toString().charAt(0) != '&quot;'|| this.toString().charAt(this.toString().length()-1) != '&quot;')&#13;&#10;&#9;&#9;{&#13;&#10;&#9;&#9;&#9;return false;&#13;&#10;&#9;&#9;}&#13;&#10;&#9;&#9;return true;&#13;&#10;    }&#13;&#10;    &#13;&#10;    public boolean isBool()&#13;&#10;    {&#13;&#10;    &#9;if(this.toString().equals(&quot;true&quot;) || this.toString().equals(&quot;false&quot;))&#13;&#10;    &#9;{&#13;&#10;    &#9;&#9;return true;&#13;&#10;    &#9;}&#13;&#10;    &#9;return false;&#13;&#10;    }&#13;&#10;    &#13;&#10;    public boolean isContainer()&#13;&#10;    {&#13;&#10;    &#9;if(this.toString().matches(&quot;((1?[0-3])|([0-9]))|A[0-5]&quot;) || this.toString().equals(&quot;container&quot;))&#13;&#10;    &#9;{&#13;&#10;    &#9;&#9;return true;&#13;&#10;    &#9;}&#13;&#10;    &#9;return false;&#13;&#10;    }&#13;&#10;    &#13;&#10;    public boolean isSameType(Value val)&#13;&#10;    {&#13;&#10;    &#9;if(this.isBool() &amp;&amp; val.isBool())&#13;&#10;    &#9;{&#13;&#10;    &#9;&#9;return true;&#13;&#10;    &#9;}&#13;&#10;    &#9;if(this.isContainer() &amp;&amp; val.isContainer())&#13;&#10;    &#9;{&#13;&#10;    &#9;&#9;return true;&#13;&#10;    &#9;}&#13;&#10;    &#9;else if(this.isChar() &amp;&amp; val.isChar())&#13;&#10;    &#9;{&#13;&#10;    &#9;&#9;return true;&#13;&#10;    &#9;}&#13;&#10;    &#9;else if(this.isNumeric() &amp;&amp; val.isNumeric() || this.isNumeric() &amp;&amp; val.isNumericExpression())&#13;&#10;    &#9;{&#13;&#10;    &#9;&#9;return true;&#13;&#10;    &#9;}&#13;&#10;    &#9;else if(this.isString() &amp;&amp; val.isString())&#13;&#10;    &#9;{&#13;&#10;    &#9;&#9;return true;&#13;&#10;    &#9;}&#13;&#10;    &#9;else if(this.isDrink() &amp;&amp; val.isDrink())&#13;&#10;    &#9;{&#13;&#10;    &#9;&#9;return true;&#13;&#10;    &#9;}&#13;&#10;    &#9;&#13;&#10;    &#9;return false;&#13;&#10;    }&#13;&#10;    &#13;&#10;    public String GetType()&#13;&#10;    {&#13;&#10;    &#9;if(this.isBool() || this.toString().equals(&quot;bool&quot;))&#13;&#10;    &#9;{&#13;&#10;    &#9;&#9;return &quot;bool&quot;;&#13;&#10;    &#9;}&#13;&#10;    &#9;else if(this.toString().equals(&quot;container&quot;) || this.isContainer())&#13;&#10;    &#9;{&#13;&#10;    &#9;&#9;return &quot;container&quot;;&#13;&#10;    &#9;}&#13;&#10;    &#9;else if(this.isInt() || this.toString().equals(&quot;int&quot;))&#13;&#10;    &#9;{&#13;&#10;    &#9;&#9;return &quot;int&quot;;&#13;&#10;    &#9;}&#13;&#10;    &#9;else if(this.isDouble() || this.toString().equals(&quot;double&quot;))&#13;&#10;    &#9;{&#13;&#10;    &#9;&#9;return &quot;double&quot;;&#13;&#10;    &#9;}&#13;&#10;    &#9;else if(this.isChar() || this.toString().equals(&quot;char&quot;))&#13;&#10;    &#9;{&#13;&#10;    &#9;&#9;return &quot;char&quot;;&#13;&#10;    &#9;}&#13;&#10;    &#9;else if(this.isString() || this.toString().equals(&quot;string&quot;))&#13;&#10;    &#9;{&#13;&#10;    &#9;&#9;return &quot;string&quot;;&#13;&#10;    &#9;}&#13;&#10;    &#9;else if(this.toString().equals(&quot;drink&quot;))&#13;&#10;    &#9;{&#13;&#10;    &#9;&#9;return &quot;drink&quot;;&#13;&#10;    &#9;}&#13;&#10;    &#9;else&#13;&#10;    &#9;{&#13;&#10;    &#9;&#9;return null;&#13;&#10;    &#9;}&#13;&#10;    }&#13;&#10;&#13;&#10;    @Override&#13;&#10;    public boolean equals(Object o) {&#13;&#10;&#13;&#10;        if(value == o) {&#13;&#10;            return true;&#13;&#10;        }&#13;&#10;&#13;&#10;        if(value == null || o == null || o.getClass() != value.getClass()) {&#13;&#10;            return false;&#13;&#10;        }&#13;&#10;&#13;&#10;        Value that = (Value)o;&#13;&#10;&#13;&#10;        return this.value.equals(that.value);&#13;&#10;    }&#13;&#10;&#13;&#10;    @Override&#13;&#10;    public String toString() {&#13;&#10;        return String.valueOf(value);&#13;&#10;    }&#13;&#10;}&#13;&#10;" Filename="Value.java" Intrnl_Id="1"/>
</SrcFileList>
<CritList>
<CritListEntry Name="org.codecover.model.utils.criteria.LoopCoverage" PluginName="org.codecover"/>
<CritListEntry Name="org.codecover.model.utils.criteria.BranchCoverage" PluginName="org.codecover"/>
<CritListEntry Name="org.codecover.model.utils.criteria.ConditionCoverage" PluginName="org.codecover"/>
<CritListEntry Name="org.codecover.model.utils.criteria.StatementCoverage" PluginName="org.codecover"/>
</CritList>
<BoolOpList>
<BoolOp Arity="1" Intrnl_Id="2" Name="not (!)">
<BoolAssgnmntBoolMapList>
<MapEntry BoolAssgnmnt="0" Value="true"/>
<MapEntry BoolAssgnmnt="1" Value="false"/>
</BoolAssgnmntBoolMapList>
</BoolOp>
<BoolOp Arity="2" Intrnl_Id="3" Name="conditional and (&amp;&amp;)">
<BoolAssgnmntBoolMapList>
<MapEntry BoolAssgnmnt="10" Value="false"/>
<MapEntry BoolAssgnmnt="02" Value="false"/>
<MapEntry BoolAssgnmnt="11" Value="true"/>
</BoolAssgnmntBoolMapList>
</BoolOp>
<BoolOp Arity="2" Intrnl_Id="4" Name="conditional or (||)">
<BoolAssgnmntBoolMapList>
<MapEntry BoolAssgnmnt="01" Value="true"/>
<MapEntry BoolAssgnmnt="00" Value="false"/>
<MapEntry BoolAssgnmnt="12" Value="true"/>
</BoolAssgnmntBoolMapList>
</BoolOp>
</BoolOpList>
<HierarchyLvlTypeList>
<HierarchyLvlType EnglishName="class" IntrnlName="class" Intrnl_Id="5"/>
<HierarchyLvlType EnglishName="method" IntrnlName="method" Intrnl_Id="6"/>
<HierarchyLvlType EnglishName="default package" IntrnlName="default package" Intrnl_Id="7"/>
</HierarchyLvlTypeList>
<MASTRoot>
<HierarchyLvl HierarchyLvlId="902" HierarchyLvlTypeId="7" Intrnl_Id="8" Name="default package">
<Header/>
<LocList/>
<HierarchyLvl HierarchyLvlId="901" HierarchyLvlTypeId="5" Intrnl_Id="9" Name="Value">
<Header>
<Loc EndOffset="20" SrcFileId="1" StartOffset="2"/>
</Header>
<LocList>
<Loc EndOffset="4273" SrcFileId="1" StartOffset="2"/>
</LocList>
<StmntSeq Intrnl_Id="10">
<LocList>
<Loc EndOffset="76" SrcFileId="1" StartOffset="25"/>
</LocList>
<BasicStmnt CovItemId="S1" CovItemPrefix="Value.java" Intrnl_Id="11">
<LocList>
<Loc EndOffset="76" SrcFileId="1" StartOffset="25"/>
</LocList>
</BasicStmnt>
</StmntSeq>
<HierarchyLvl HierarchyLvlId="886" HierarchyLvlTypeId="6" Intrnl_Id="12" Name="Value">
<Header>
<Loc EndOffset="137" SrcFileId="1" StartOffset="111"/>
</Header>
<LocList>
<Loc EndOffset="175" SrcFileId="1" StartOffset="111"/>
</LocList>
<StmntSeq Intrnl_Id="13">
<LocList>
<Loc EndOffset="168" SrcFileId="1" StartOffset="149"/>
</LocList>
<BasicStmnt CovItemId="S2" CovItemPrefix="Value.java" Intrnl_Id="14">
<LocList>
<Loc EndOffset="168" SrcFileId="1" StartOffset="149"/>
</LocList>
</BasicStmnt>
</StmntSeq>
</HierarchyLvl>
<HierarchyLvl HierarchyLvlId="887" HierarchyLvlTypeId="6" Intrnl_Id="15" Name="Value">
<Header>
<Loc EndOffset="201" SrcFileId="1" StartOffset="187"/>
</Header>
<LocList>
<Loc EndOffset="238" SrcFileId="1" StartOffset="187"/>
</LocList>
<StmntSeq Intrnl_Id="16">
<LocList>
<Loc EndOffset="231" SrcFileId="1" StartOffset="215"/>
</LocList>
<BasicStmnt CovItemId="S3" CovItemPrefix="Value.java" Intrnl_Id="17">
<LocList>
<Loc EndOffset="231" SrcFileId="1" StartOffset="215"/>
</LocList>
</BasicStmnt>
</StmntSeq>
</HierarchyLvl>
<HierarchyLvl HierarchyLvlId="888" HierarchyLvlTypeId="6" Intrnl_Id="18" Name="isDouble">
<Header>
<Loc EndOffset="271" SrcFileId="1" StartOffset="246"/>
</Header>
<LocList>
<Loc EndOffset="392" SrcFileId="1" StartOffset="246"/>
</LocList>
<StmntSeq Intrnl_Id="19">
<LocList>
<Loc EndOffset="368" SrcFileId="1" StartOffset="283"/>
<Loc EndOffset="385" SrcFileId="1" StartOffset="372"/>
</LocList>
<CondStmnt CovItemId="S4" CovItemPrefix="Value.java" Intrnl_Id="20">
<Branch CovItemId="B1" CovItemPrefix="Value.java" Implct="false" Intrnl_Id="21">
<Cond/>
<LocList>
<Loc EndOffset="368" SrcFileId="1" StartOffset="345"/>
</LocList>
<StmntSeq Intrnl_Id="22">
<LocList>
<Loc EndOffset="363" SrcFileId="1" StartOffset="351"/>
</LocList>
<BasicStmnt CovItemId="S5" CovItemPrefix="Value.java" Intrnl_Id="23">
<LocList>
<Loc EndOffset="363" SrcFileId="1" StartOffset="351"/>
</LocList>
</BasicStmnt>
</StmntSeq>
</Branch>
<Branch CovItemId="B2" CovItemPrefix="Value.java" Implct="true" Intrnl_Id="24">
<Cond/>
<LocList/>
<StmntSeq Intrnl_Id="25">
<LocList/>
</StmntSeq>
</Branch>
<Keyword EndOffset="285" SrcFileId="1" StartOffset="283"/>
<LocList>
<Loc EndOffset="368" SrcFileId="1" StartOffset="283"/>
</LocList>
<RootTerm CovItemId="C1" CovItemPrefix="Value.java" Intrnl_Id="26">
<BasicBoolTerm Intrnl_Id="27">
<LocList>
<Loc EndOffset="340" SrcFileId="1" StartOffset="286"/>
</LocList>
</BasicBoolTerm>
</RootTerm>
</CondStmnt>
<BasicStmnt CovItemId="S6" CovItemPrefix="Value.java" Intrnl_Id="28">
<LocList>
<Loc EndOffset="385" SrcFileId="1" StartOffset="372"/>
</LocList>
</BasicStmnt>
</StmntSeq>
</HierarchyLvl>
<HierarchyLvl HierarchyLvlId="889" HierarchyLvlTypeId="6" Intrnl_Id="29" Name="isInt">
<Header>
<Loc EndOffset="426" SrcFileId="1" StartOffset="404"/>
</Header>
<LocList>
<Loc EndOffset="529" SrcFileId="1" StartOffset="404"/>
</LocList>
<StmntSeq Intrnl_Id="30">
<LocList>
<Loc EndOffset="505" SrcFileId="1" StartOffset="437"/>
<Loc EndOffset="522" SrcFileId="1" StartOffset="509"/>
</LocList>
<CondStmnt CovItemId="S7" CovItemPrefix="Value.java" Intrnl_Id="31">
<Branch CovItemId="B3" CovItemPrefix="Value.java" Implct="false" Intrnl_Id="32">
<Cond/>
<LocList>
<Loc EndOffset="505" SrcFileId="1" StartOffset="482"/>
</LocList>
<StmntSeq Intrnl_Id="33">
<LocList>
<Loc EndOffset="500" SrcFileId="1" StartOffset="488"/>
</LocList>
<BasicStmnt CovItemId="S8" CovItemPrefix="Value.java" Intrnl_Id="34">
<LocList>
<Loc EndOffset="500" SrcFileId="1" StartOffset="488"/>
</LocList>
</BasicStmnt>
</StmntSeq>
</Branch>
<Branch CovItemId="B4" CovItemPrefix="Value.java" Implct="true" Intrnl_Id="35">
<Cond/>
<LocList/>
<StmntSeq Intrnl_Id="36">
<LocList/>
</StmntSeq>
</Branch>
<Keyword EndOffset="439" SrcFileId="1" StartOffset="437"/>
<LocList>
<Loc EndOffset="505" SrcFileId="1" StartOffset="437"/>
</LocList>
<RootTerm CovItemId="C2" CovItemPrefix="Value.java" Intrnl_Id="37">
<BasicBoolTerm Intrnl_Id="38">
<LocList>
<Loc EndOffset="477" SrcFileId="1" StartOffset="440"/>
</LocList>
</BasicBoolTerm>
</RootTerm>
</CondStmnt>
<BasicStmnt CovItemId="S9" CovItemPrefix="Value.java" Intrnl_Id="39">
<LocList>
<Loc EndOffset="522" SrcFileId="1" StartOffset="509"/>
</LocList>
</BasicStmnt>
</StmntSeq>
</HierarchyLvl>
<HierarchyLvl HierarchyLvlId="890" HierarchyLvlTypeId="6" Intrnl_Id="40" Name="isDrink">
<Header>
<Loc EndOffset="565" SrcFileId="1" StartOffset="541"/>
</Header>
<LocList>
<Loc EndOffset="662" SrcFileId="1" StartOffset="541"/>
</LocList>
<StmntSeq Intrnl_Id="41">
<LocList>
<Loc EndOffset="638" SrcFileId="1" StartOffset="576"/>
<Loc EndOffset="655" SrcFileId="1" StartOffset="642"/>
</LocList>
<CondStmnt CovItemId="S10" CovItemPrefix="Value.java" Intrnl_Id="42">
<Branch CovItemId="B5" CovItemPrefix="Value.java" Implct="false" Intrnl_Id="43">
<Cond/>
<LocList>
<Loc EndOffset="638" SrcFileId="1" StartOffset="615"/>
</LocList>
<StmntSeq Intrnl_Id="44">
<LocList>
<Loc EndOffset="633" SrcFileId="1" StartOffset="621"/>
</LocList>
<BasicStmnt CovItemId="S11" CovItemPrefix="Value.java" Intrnl_Id="45">
<LocList>
<Loc EndOffset="633" SrcFileId="1" StartOffset="621"/>
</LocList>
</BasicStmnt>
</StmntSeq>
</Branch>
<Branch CovItemId="B6" CovItemPrefix="Value.java" Implct="true" Intrnl_Id="46">
<Cond/>
<LocList/>
<StmntSeq Intrnl_Id="47">
<LocList/>
</StmntSeq>
</Branch>
<Keyword EndOffset="578" SrcFileId="1" StartOffset="576"/>
<LocList>
<Loc EndOffset="638" SrcFileId="1" StartOffset="576"/>
</LocList>
<RootTerm CovItemId="C3" CovItemPrefix="Value.java" Intrnl_Id="48">
<BasicBoolTerm Intrnl_Id="49">
<LocList>
<Loc EndOffset="610" SrcFileId="1" StartOffset="579"/>
</LocList>
</BasicBoolTerm>
</RootTerm>
</CondStmnt>
<BasicStmnt CovItemId="S12" CovItemPrefix="Value.java" Intrnl_Id="50">
<LocList>
<Loc EndOffset="655" SrcFileId="1" StartOffset="642"/>
</LocList>
</BasicStmnt>
</StmntSeq>
</HierarchyLvl>
<HierarchyLvl HierarchyLvlId="891" HierarchyLvlTypeId="6" Intrnl_Id="51" Name="isNumeric">
<Header>
<Loc EndOffset="700" SrcFileId="1" StartOffset="674"/>
</Header>
<LocList>
<Loc EndOffset="881" SrcFileId="1" StartOffset="674"/>
</LocList>
<StmntSeq Intrnl_Id="52">
<LocList>
<Loc EndOffset="854" SrcFileId="1" StartOffset="714"/>
<Loc EndOffset="874" SrcFileId="1" StartOffset="861"/>
</LocList>
<CondStmnt CovItemId="S13" CovItemPrefix="Value.java" Intrnl_Id="53">
<Branch CovItemId="B7" CovItemPrefix="Value.java" Implct="false" Intrnl_Id="54">
<Cond/>
<LocList>
<Loc EndOffset="854" SrcFileId="1" StartOffset="825"/>
</LocList>
<StmntSeq Intrnl_Id="55">
<LocList>
<Loc EndOffset="846" SrcFileId="1" StartOffset="834"/>
</LocList>
<BasicStmnt CovItemId="S14" CovItemPrefix="Value.java" Intrnl_Id="56">
<LocList>
<Loc EndOffset="846" SrcFileId="1" StartOffset="834"/>
</LocList>
</BasicStmnt>
</StmntSeq>
</Branch>
<Branch CovItemId="B8" CovItemPrefix="Value.java" Implct="true" Intrnl_Id="57">
<Cond/>
<LocList/>
<StmntSeq Intrnl_Id="58">
<LocList/>
</StmntSeq>
</Branch>
<Keyword EndOffset="716" SrcFileId="1" StartOffset="714"/>
<LocList>
<Loc EndOffset="854" SrcFileId="1" StartOffset="714"/>
</LocList>
<RootTerm CovItemId="C4" CovItemPrefix="Value.java" Intrnl_Id="59">
<OpTerm BooleanOpId="4" Intrnl_Id="60">
<OpTerm BooleanOpId="4" Intrnl_Id="61">
<OpTerm BooleanOpId="4" Intrnl_Id="62">
<BasicBoolTerm Intrnl_Id="63">
<LocList>
<Loc EndOffset="729" SrcFileId="1" StartOffset="717"/>
</LocList>
</BasicBoolTerm>
<BasicBoolTerm Intrnl_Id="64">
<LocList>
<Loc EndOffset="748" SrcFileId="1" StartOffset="733"/>
</LocList>
</BasicBoolTerm>
<LocList>
<Loc EndOffset="732" SrcFileId="1" StartOffset="730"/>
</LocList>
</OpTerm>
<BasicBoolTerm Intrnl_Id="65">
<LocList>
<Loc EndOffset="781" SrcFileId="1" StartOffset="752"/>
</LocList>
</BasicBoolTerm>
<LocList>
<Loc EndOffset="751" SrcFileId="1" StartOffset="749"/>
</LocList>
</OpTerm>
<BasicBoolTerm Intrnl_Id="66">
<LocList>
<Loc EndOffset="817" SrcFileId="1" StartOffset="785"/>
</LocList>
</BasicBoolTerm>
<LocList>
<Loc EndOffset="784" SrcFileId="1" StartOffset="782"/>
</LocList>
</OpTerm>
</RootTerm>
</CondStmnt>
<BasicStmnt CovItemId="S15" CovItemPrefix="Value.java" Intrnl_Id="67">
<LocList>
<Loc EndOffset="874" SrcFileId="1" StartOffset="861"/>
</LocList>
</BasicStmnt>
</StmntSeq>
</HierarchyLvl>
<HierarchyLvl HierarchyLvlId="892" HierarchyLvlTypeId="6" Intrnl_Id="68" Name="isNumericExpression">
<Header>
<Loc EndOffset="929" SrcFileId="1" StartOffset="893"/>
</Header>
<LocList>
<Loc EndOffset="1487" SrcFileId="1" StartOffset="893"/>
</LocList>
<StmntSeq Intrnl_Id="69">
<LocList>
<Loc EndOffset="1318" SrcFileId="1" StartOffset="948"/>
<Loc EndOffset="1460" SrcFileId="1" StartOffset="1325"/>
<Loc EndOffset="1480" SrcFileId="1" StartOffset="1467"/>
</LocList>
<CondStmnt CovItemId="S16" CovItemPrefix="Value.java" Intrnl_Id="70">
<Branch CovItemId="B9" CovItemPrefix="Value.java" Implct="false" Intrnl_Id="71">
<Cond/>
<LocList>
<Loc EndOffset="1318" SrcFileId="1" StartOffset="988"/>
</LocList>
<StmntSeq Intrnl_Id="72">
<LocList>
<Loc EndOffset="1007" SrcFileId="1" StartOffset="997"/>
<Loc EndOffset="1035" SrcFileId="1" StartOffset="1018"/>
<Loc EndOffset="1128" SrcFileId="1" StartOffset="1054"/>
<Loc EndOffset="1310" SrcFileId="1" StartOffset="1144"/>
</LocList>
<BasicStmnt CovItemId="S17" CovItemPrefix="Value.java" Intrnl_Id="73">
<LocList>
<Loc EndOffset="1007" SrcFileId="1" StartOffset="997"/>
</LocList>
</BasicStmnt>
<BasicStmnt CovItemId="S18" CovItemPrefix="Value.java" Intrnl_Id="74">
<LocList>
<Loc EndOffset="1035" SrcFileId="1" StartOffset="1018"/>
</LocList>
</BasicStmnt>
<CondStmnt CovItemId="S19" CovItemPrefix="Value.java" Intrnl_Id="75">
<Branch CovItemId="B11" CovItemPrefix="Value.java" Implct="false" Intrnl_Id="76">
<Cond/>
<LocList>
<Loc EndOffset="1128" SrcFileId="1" StartOffset="1096"/>
</LocList>
<StmntSeq Intrnl_Id="77">
<LocList>
<Loc EndOffset="1119" SrcFileId="1" StartOffset="1106"/>
</LocList>
<BasicStmnt CovItemId="S20" CovItemPrefix="Value.java" Intrnl_Id="78">
<LocList>
<Loc EndOffset="1119" SrcFileId="1" StartOffset="1106"/>
</LocList>
</BasicStmnt>
</StmntSeq>
</Branch>
<Branch CovItemId="B12" CovItemPrefix="Value.java" Implct="true" Intrnl_Id="79">
<Cond/>
<LocList/>
<StmntSeq Intrnl_Id="80">
<LocList/>
</StmntSeq>
</Branch>
<Keyword EndOffset="1056" SrcFileId="1" StartOffset="1054"/>
<LocList>
<Loc EndOffset="1128" SrcFileId="1" StartOffset="1054"/>
</LocList>
<RootTerm CovItemId="C6" CovItemPrefix="Value.java" Intrnl_Id="81">
<OpTerm BooleanOpId="2" Intrnl_Id="82">
<BasicBoolTerm Intrnl_Id="83">
<LocList>
<Loc EndOffset="1087" SrcFileId="1" StartOffset="1058"/>
</LocList>
</BasicBoolTerm>
<LocList>
<Loc EndOffset="1058" SrcFileId="1" StartOffset="1057"/>
</LocList>
</OpTerm>
</RootTerm>
</CondStmnt>
<LoopStmnt CovItemId="S21" CovItemPrefix="Value.java" Intrnl_Id="84" MltplExecId="L1-2" MltplExecPrefix="Value.java" NvrExecId="L1-0" NvrExecPrefix="Value.java" OnceExecutedId="L1-1" OnceExecutedPrefix="Value.java" OptBodyExec="true">
<StmntSeq Intrnl_Id="85">
<LocList>
<Loc EndOffset="1301" SrcFileId="1" StartOffset="1206"/>
</LocList>
<CondStmnt CovItemId="S22" CovItemPrefix="Value.java" Intrnl_Id="86">
<Branch CovItemId="B13" CovItemPrefix="Value.java" Implct="false" Intrnl_Id="87">
<Cond/>
<LocList>
<Loc EndOffset="1301" SrcFileId="1" StartOffset="1251"/>
</LocList>
<StmntSeq Intrnl_Id="88">
<LocList>
<Loc EndOffset="1275" SrcFileId="1" StartOffset="1262"/>
<Loc EndOffset="1291" SrcFileId="1" StartOffset="1285"/>
</LocList>
<BasicStmnt CovItemId="S23" CovItemPrefix="Value.java" Intrnl_Id="89">
<LocList>
<Loc EndOffset="1275" SrcFileId="1" StartOffset="1262"/>
</LocList>
</BasicStmnt>
<BasicStmnt CovItemId="S24" CovItemPrefix="Value.java" Intrnl_Id="90">
<LocList>
<Loc EndOffset="1291" SrcFileId="1" StartOffset="1285"/>
</LocList>
</BasicStmnt>
</StmntSeq>
</Branch>
<Branch CovItemId="B14" CovItemPrefix="Value.java" Implct="true" Intrnl_Id="91">
<Cond/>
<LocList/>
<StmntSeq Intrnl_Id="92">
<LocList/>
</StmntSeq>
</Branch>
<Keyword EndOffset="1208" SrcFileId="1" StartOffset="1206"/>
<LocList>
<Loc EndOffset="1301" SrcFileId="1" StartOffset="1206"/>
</LocList>
<RootTerm CovItemId="C8" CovItemPrefix="Value.java" Intrnl_Id="93">
<BasicBoolTerm Intrnl_Id="94">
<LocList>
<Loc EndOffset="1241" SrcFileId="1" StartOffset="1209"/>
</LocList>
</BasicBoolTerm>
</RootTerm>
</CondStmnt>
</StmntSeq>
<Keyword EndOffset="1147" SrcFileId="1" StartOffset="1144"/>
<LocList>
<Loc EndOffset="1310" SrcFileId="1" StartOffset="1144"/>
</LocList>
<RootTerm CovItemId="C7" CovItemPrefix="Value.java" Intrnl_Id="95">
<BasicBoolTerm Intrnl_Id="96">
<LocList>
<Loc EndOffset="1182" SrcFileId="1" StartOffset="1153"/>
</LocList>
</BasicBoolTerm>
</RootTerm>
</LoopStmnt>
</StmntSeq>
</Branch>
<Branch CovItemId="B10" CovItemPrefix="Value.java" Implct="true" Intrnl_Id="97">
<Cond/>
<LocList/>
<StmntSeq Intrnl_Id="98">
<LocList/>
</StmntSeq>
</Branch>
<Keyword EndOffset="950" SrcFileId="1" StartOffset="948"/>
<LocList>
<Loc EndOffset="1318" SrcFileId="1" StartOffset="948"/>
</LocList>
<RootTerm CovItemId="C5" CovItemPrefix="Value.java" Intrnl_Id="99">
<BasicBoolTerm Intrnl_Id="100">
<LocList>
<Loc EndOffset="980" SrcFileId="1" StartOffset="951"/>
</LocList>
</BasicBoolTerm>
</RootTerm>
</CondStmnt>
<CondStmnt CovItemId="S25" CovItemPrefix="Value.java" Intrnl_Id="101">
<Branch CovItemId="B15" CovItemPrefix="Value.java" Implct="false" Intrnl_Id="102">
<Cond/>
<LocList>
<Loc EndOffset="1460" SrcFileId="1" StartOffset="1431"/>
</LocList>
<StmntSeq Intrnl_Id="103">
<LocList>
<Loc EndOffset="1452" SrcFileId="1" StartOffset="1440"/>
</LocList>
<BasicStmnt CovItemId="S26" CovItemPrefix="Value.java" Intrnl_Id="104">
<LocList>
<Loc EndOffset="1452" SrcFileId="1" StartOffset="1440"/>
</LocList>
</BasicStmnt>
</StmntSeq>
</Branch>
<Branch CovItemId="B16" CovItemPrefix="Value.java" Implct="true" Intrnl_Id="105">
<Cond/>
<LocList/>
<StmntSeq Intrnl_Id="106">
<LocList/>
</StmntSeq>
</Branch>
<Keyword EndOffset="1327" SrcFileId="1" StartOffset="1325"/>
<LocList>
<Loc EndOffset="1460" SrcFileId="1" StartOffset="1325"/>
</LocList>
<RootTerm CovItemId="C9" CovItemPrefix="Value.java" Intrnl_Id="107">
<BasicBoolTerm Intrnl_Id="108">
<LocList>
<Loc EndOffset="1423" SrcFileId="1" StartOffset="1328"/>
</LocList>
</BasicBoolTerm>
</RootTerm>
</CondStmnt>
<BasicStmnt CovItemId="S27" CovItemPrefix="Value.java" Intrnl_Id="109">
<LocList>
<Loc EndOffset="1480" SrcFileId="1" StartOffset="1467"/>
</LocList>
</BasicStmnt>
</StmntSeq>
</HierarchyLvl>
<HierarchyLvl HierarchyLvlId="893" HierarchyLvlTypeId="6" Intrnl_Id="110" Name="isChar">
<Header>
<Loc EndOffset="1522" SrcFileId="1" StartOffset="1499"/>
</Header>
<LocList>
<Loc EndOffset="1730" SrcFileId="1" StartOffset="1499"/>
</LocList>
<StmntSeq Intrnl_Id="111">
<LocList>
<Loc EndOffset="1707" SrcFileId="1" StartOffset="1533"/>
<Loc EndOffset="1723" SrcFileId="1" StartOffset="1711"/>
</LocList>
<CondStmnt CovItemId="S28" CovItemPrefix="Value.java" Intrnl_Id="112">
<Branch CovItemId="B17" CovItemPrefix="Value.java" Implct="false" Intrnl_Id="113">
<Cond/>
<LocList>
<Loc EndOffset="1707" SrcFileId="1" StartOffset="1683"/>
</LocList>
<StmntSeq Intrnl_Id="114">
<LocList>
<Loc EndOffset="1702" SrcFileId="1" StartOffset="1689"/>
</LocList>
<BasicStmnt CovItemId="S29" CovItemPrefix="Value.java" Intrnl_Id="115">
<LocList>
<Loc EndOffset="1702" SrcFileId="1" StartOffset="1689"/>
</LocList>
</BasicStmnt>
</StmntSeq>
</Branch>
<Branch CovItemId="B18" CovItemPrefix="Value.java" Implct="true" Intrnl_Id="116">
<Cond/>
<LocList/>
<StmntSeq Intrnl_Id="117">
<LocList/>
</StmntSeq>
</Branch>
<Keyword EndOffset="1535" SrcFileId="1" StartOffset="1533"/>
<LocList>
<Loc EndOffset="1707" SrcFileId="1" StartOffset="1533"/>
</LocList>
<RootTerm CovItemId="C10" CovItemPrefix="Value.java" Intrnl_Id="118">
<OpTerm BooleanOpId="4" Intrnl_Id="119">
<OpTerm BooleanOpId="4" Intrnl_Id="120">
<BasicBoolTerm Intrnl_Id="121">
<LocList>
<Loc EndOffset="1565" SrcFileId="1" StartOffset="1536"/>
</LocList>
</BasicBoolTerm>
<BasicBoolTerm Intrnl_Id="122">
<LocList>
<Loc EndOffset="1609" SrcFileId="1" StartOffset="1576"/>
</LocList>
</BasicBoolTerm>
<LocList>
<Loc EndOffset="1568" SrcFileId="1" StartOffset="1566"/>
</LocList>
</OpTerm>
<BasicBoolTerm Intrnl_Id="123">
<LocList>
<Loc EndOffset="1678" SrcFileId="1" StartOffset="1620"/>
</LocList>
</BasicBoolTerm>
<LocList>
<Loc EndOffset="1612" SrcFileId="1" StartOffset="1610"/>
</LocList>
</OpTerm>
</RootTerm>
</CondStmnt>
<BasicStmnt CovItemId="S30" CovItemPrefix="Value.java" Intrnl_Id="124">
<LocList>
<Loc EndOffset="1723" SrcFileId="1" StartOffset="1711"/>
</LocList>
</BasicStmnt>
</StmntSeq>
</HierarchyLvl>
<HierarchyLvl HierarchyLvlId="894" HierarchyLvlTypeId="6" Intrnl_Id="125" Name="isString">
<Header>
<Loc EndOffset="1767" SrcFileId="1" StartOffset="1742"/>
</Header>
<LocList>
<Loc EndOffset="2009" SrcFileId="1" StartOffset="1742"/>
</LocList>
<StmntSeq Intrnl_Id="126">
<LocList>
<Loc EndOffset="1986" SrcFileId="1" StartOffset="1781"/>
<Loc EndOffset="2002" SrcFileId="1" StartOffset="1990"/>
</LocList>
<CondStmnt CovItemId="S31" CovItemPrefix="Value.java" Intrnl_Id="127">
<Branch CovItemId="B19" CovItemPrefix="Value.java" Implct="false" Intrnl_Id="128">
<Cond/>
<LocList>
<Loc EndOffset="1850" SrcFileId="1" StartOffset="1820"/>
</LocList>
<StmntSeq Intrnl_Id="129">
<LocList>
<Loc EndOffset="1842" SrcFileId="1" StartOffset="1829"/>
</LocList>
<BasicStmnt CovItemId="S32" CovItemPrefix="Value.java" Intrnl_Id="130">
<LocList>
<Loc EndOffset="1842" SrcFileId="1" StartOffset="1829"/>
</LocList>
</BasicStmnt>
</StmntSeq>
</Branch>
<Branch CovItemId="B20" CovItemPrefix="Value.java" Implct="false" Intrnl_Id="131">
<Cond>
<Loc EndOffset="1861" SrcFileId="1" StartOffset="1857"/>
</Cond>
<LocList>
<Loc EndOffset="1986" SrcFileId="1" StartOffset="1862"/>
</LocList>
<StmntSeq Intrnl_Id="132">
<LocList>
<Loc EndOffset="1986" SrcFileId="1" StartOffset="1862"/>
</LocList>
<CondStmnt CovItemId="S33" CovItemPrefix="Value.java" Intrnl_Id="133">
<Branch CovItemId="B21" CovItemPrefix="Value.java" Implct="false" Intrnl_Id="134">
<Cond/>
<LocList>
<Loc EndOffset="1986" SrcFileId="1" StartOffset="1962"/>
</LocList>
<StmntSeq Intrnl_Id="135">
<LocList>
<Loc EndOffset="1981" SrcFileId="1" StartOffset="1968"/>
</LocList>
<BasicStmnt CovItemId="S34" CovItemPrefix="Value.java" Intrnl_Id="136">
<LocList>
<Loc EndOffset="1981" SrcFileId="1" StartOffset="1968"/>
</LocList>
</BasicStmnt>
</StmntSeq>
</Branch>
<Branch CovItemId="B22" CovItemPrefix="Value.java" Implct="true" Intrnl_Id="137">
<Cond/>
<LocList/>
<StmntSeq Intrnl_Id="138">
<LocList/>
</StmntSeq>
</Branch>
<Keyword EndOffset="1864" SrcFileId="1" StartOffset="1862"/>
<LocList>
<Loc EndOffset="1986" SrcFileId="1" StartOffset="1862"/>
</LocList>
<RootTerm CovItemId="C12" CovItemPrefix="Value.java" Intrnl_Id="139">
<OpTerm BooleanOpId="4" Intrnl_Id="140">
<BasicBoolTerm Intrnl_Id="141">
<LocList>
<Loc EndOffset="1897" SrcFileId="1" StartOffset="1865"/>
</LocList>
</BasicBoolTerm>
<BasicBoolTerm Intrnl_Id="142">
<LocList>
<Loc EndOffset="1957" SrcFileId="1" StartOffset="1900"/>
</LocList>
</BasicBoolTerm>
<LocList>
<Loc EndOffset="1899" SrcFileId="1" StartOffset="1897"/>
</LocList>
</OpTerm>
</RootTerm>
</CondStmnt>
</StmntSeq>
</Branch>
<Keyword EndOffset="1783" SrcFileId="1" StartOffset="1781"/>
<LocList>
<Loc EndOffset="1986" SrcFileId="1" StartOffset="1781"/>
</LocList>
<RootTerm CovItemId="C11" CovItemPrefix="Value.java" Intrnl_Id="143">
<BasicBoolTerm Intrnl_Id="144">
<LocList>
<Loc EndOffset="1812" SrcFileId="1" StartOffset="1784"/>
</LocList>
</BasicBoolTerm>
</RootTerm>
</CondStmnt>
<BasicStmnt CovItemId="S35" CovItemPrefix="Value.java" Intrnl_Id="145">
<LocList>
<Loc EndOffset="2002" SrcFileId="1" StartOffset="1990"/>
</LocList>
</BasicStmnt>
</StmntSeq>
</HierarchyLvl>
<HierarchyLvl HierarchyLvlId="895" HierarchyLvlTypeId="6" Intrnl_Id="146" Name="isBool">
<Header>
<Loc EndOffset="2044" SrcFileId="1" StartOffset="2021"/>
</Header>
<LocList>
<Loc EndOffset="2190" SrcFileId="1" StartOffset="2021"/>
</LocList>
<StmntSeq Intrnl_Id="147">
<LocList>
<Loc EndOffset="2163" SrcFileId="1" StartOffset="2058"/>
<Loc EndOffset="2183" SrcFileId="1" StartOffset="2170"/>
</LocList>
<CondStmnt CovItemId="S36" CovItemPrefix="Value.java" Intrnl_Id="148">
<Branch CovItemId="B23" CovItemPrefix="Value.java" Implct="false" Intrnl_Id="149">
<Cond/>
<LocList>
<Loc EndOffset="2163" SrcFileId="1" StartOffset="2134"/>
</LocList>
<StmntSeq Intrnl_Id="150">
<LocList>
<Loc EndOffset="2155" SrcFileId="1" StartOffset="2143"/>
</LocList>
<BasicStmnt CovItemId="S37" CovItemPrefix="Value.java" Intrnl_Id="151">
<LocList>
<Loc EndOffset="2155" SrcFileId="1" StartOffset="2143"/>
</LocList>
</BasicStmnt>
</StmntSeq>
</Branch>
<Branch CovItemId="B24" CovItemPrefix="Value.java" Implct="true" Intrnl_Id="152">
<Cond/>
<LocList/>
<StmntSeq Intrnl_Id="153">
<LocList/>
</StmntSeq>
</Branch>
<Keyword EndOffset="2060" SrcFileId="1" StartOffset="2058"/>
<LocList>
<Loc EndOffset="2163" SrcFileId="1" StartOffset="2058"/>
</LocList>
<RootTerm CovItemId="C13" CovItemPrefix="Value.java" Intrnl_Id="154">
<OpTerm BooleanOpId="4" Intrnl_Id="155">
<BasicBoolTerm Intrnl_Id="156">
<LocList>
<Loc EndOffset="2091" SrcFileId="1" StartOffset="2061"/>
</LocList>
</BasicBoolTerm>
<BasicBoolTerm Intrnl_Id="157">
<LocList>
<Loc EndOffset="2126" SrcFileId="1" StartOffset="2095"/>
</LocList>
</BasicBoolTerm>
<LocList>
<Loc EndOffset="2094" SrcFileId="1" StartOffset="2092"/>
</LocList>
</OpTerm>
</RootTerm>
</CondStmnt>
<BasicStmnt CovItemId="S38" CovItemPrefix="Value.java" Intrnl_Id="158">
<LocList>
<Loc EndOffset="2183" SrcFileId="1" StartOffset="2170"/>
</LocList>
</BasicStmnt>
</StmntSeq>
</HierarchyLvl>
<HierarchyLvl HierarchyLvlId="896" HierarchyLvlTypeId="6" Intrnl_Id="159" Name="isContainer">
<Header>
<Loc EndOffset="2230" SrcFileId="1" StartOffset="2202"/>
</Header>
<LocList>
<Loc EndOffset="2403" SrcFileId="1" StartOffset="2202"/>
</LocList>
<StmntSeq Intrnl_Id="160">
<LocList>
<Loc EndOffset="2376" SrcFileId="1" StartOffset="2244"/>
<Loc EndOffset="2396" SrcFileId="1" StartOffset="2383"/>
</LocList>
<CondStmnt CovItemId="S39" CovItemPrefix="Value.java" Intrnl_Id="161">
<Branch CovItemId="B25" CovItemPrefix="Value.java" Implct="false" Intrnl_Id="162">
<Cond/>
<LocList>
<Loc EndOffset="2376" SrcFileId="1" StartOffset="2347"/>
</LocList>
<StmntSeq Intrnl_Id="163">
<LocList>
<Loc EndOffset="2368" SrcFileId="1" StartOffset="2356"/>
</LocList>
<BasicStmnt CovItemId="S40" CovItemPrefix="Value.java" Intrnl_Id="164">
<LocList>
<Loc EndOffset="2368" SrcFileId="1" StartOffset="2356"/>
</LocList>
</BasicStmnt>
</StmntSeq>
</Branch>
<Branch CovItemId="B26" CovItemPrefix="Value.java" Implct="true" Intrnl_Id="165">
<Cond/>
<LocList/>
<StmntSeq Intrnl_Id="166">
<LocList/>
</StmntSeq>
</Branch>
<Keyword EndOffset="2246" SrcFileId="1" StartOffset="2244"/>
<LocList>
<Loc EndOffset="2376" SrcFileId="1" StartOffset="2244"/>
</LocList>
<RootTerm CovItemId="C14" CovItemPrefix="Value.java" Intrnl_Id="167">
<OpTerm BooleanOpId="4" Intrnl_Id="168">
<BasicBoolTerm Intrnl_Id="169">
<LocList>
<Loc EndOffset="2300" SrcFileId="1" StartOffset="2247"/>
</LocList>
</BasicBoolTerm>
<BasicBoolTerm Intrnl_Id="170">
<LocList>
<Loc EndOffset="2339" SrcFileId="1" StartOffset="2304"/>
</LocList>
</BasicBoolTerm>
<LocList>
<Loc EndOffset="2303" SrcFileId="1" StartOffset="2301"/>
</LocList>
</OpTerm>
</RootTerm>
</CondStmnt>
<BasicStmnt CovItemId="S41" CovItemPrefix="Value.java" Intrnl_Id="171">
<LocList>
<Loc EndOffset="2396" SrcFileId="1" StartOffset="2383"/>
</LocList>
</BasicStmnt>
</StmntSeq>
</HierarchyLvl>
<HierarchyLvl HierarchyLvlId="897" HierarchyLvlTypeId="6" Intrnl_Id="172" Name="isSameType">
<Header>
<Loc EndOffset="2451" SrcFileId="1" StartOffset="2415"/>
</Header>
<LocList>
<Loc EndOffset="3039" SrcFileId="1" StartOffset="2415"/>
</LocList>
<StmntSeq Intrnl_Id="173">
<LocList>
<Loc EndOffset="2534" SrcFileId="1" StartOffset="2465"/>
<Loc EndOffset="3005" SrcFileId="1" StartOffset="2541"/>
<Loc EndOffset="3032" SrcFileId="1" StartOffset="3019"/>
</LocList>
<CondStmnt CovItemId="S42" CovItemPrefix="Value.java" Intrnl_Id="174">
<Branch CovItemId="B27" CovItemPrefix="Value.java" Implct="false" Intrnl_Id="175">
<Cond/>
<LocList>
<Loc EndOffset="2534" SrcFileId="1" StartOffset="2505"/>
</LocList>
<StmntSeq Intrnl_Id="176">
<LocList>
<Loc EndOffset="2526" SrcFileId="1" StartOffset="2514"/>
</LocList>
<BasicStmnt CovItemId="S43" CovItemPrefix="Value.java" Intrnl_Id="177">
<LocList>
<Loc EndOffset="2526" SrcFileId="1" StartOffset="2514"/>
</LocList>
</BasicStmnt>
</StmntSeq>
</Branch>
<Branch CovItemId="B28" CovItemPrefix="Value.java" Implct="true" Intrnl_Id="178">
<Cond/>
<LocList/>
<StmntSeq Intrnl_Id="179">
<LocList/>
</StmntSeq>
</Branch>
<Keyword EndOffset="2467" SrcFileId="1" StartOffset="2465"/>
<LocList>
<Loc EndOffset="2534" SrcFileId="1" StartOffset="2465"/>
</LocList>
<RootTerm CovItemId="C15" CovItemPrefix="Value.java" Intrnl_Id="180">
<OpTerm BooleanOpId="3" Intrnl_Id="181">
<BasicBoolTerm Intrnl_Id="182">
<LocList>
<Loc EndOffset="2481" SrcFileId="1" StartOffset="2468"/>
</LocList>
</BasicBoolTerm>
<BasicBoolTerm Intrnl_Id="183">
<LocList>
<Loc EndOffset="2497" SrcFileId="1" StartOffset="2485"/>
</LocList>
</BasicBoolTerm>
<LocList>
<Loc EndOffset="2484" SrcFileId="1" StartOffset="2482"/>
</LocList>
</OpTerm>
</RootTerm>
</CondStmnt>
<CondStmnt CovItemId="S44" CovItemPrefix="Value.java" Intrnl_Id="184">
<Branch CovItemId="B29" CovItemPrefix="Value.java" Implct="false" Intrnl_Id="185">
<Cond/>
<LocList>
<Loc EndOffset="2620" SrcFileId="1" StartOffset="2591"/>
</LocList>
<StmntSeq Intrnl_Id="186">
<LocList>
<Loc EndOffset="2612" SrcFileId="1" StartOffset="2600"/>
</LocList>
<BasicStmnt CovItemId="S45" CovItemPrefix="Value.java" Intrnl_Id="187">
<LocList>
<Loc EndOffset="2612" SrcFileId="1" StartOffset="2600"/>
</LocList>
</BasicStmnt>
</StmntSeq>
</Branch>
<Branch CovItemId="B30" CovItemPrefix="Value.java" Implct="false" Intrnl_Id="188">
<Cond>
<Loc EndOffset="2631" SrcFileId="1" StartOffset="2627"/>
</Cond>
<LocList>
<Loc EndOffset="3005" SrcFileId="1" StartOffset="2632"/>
</LocList>
<StmntSeq Intrnl_Id="189">
<LocList>
<Loc EndOffset="3005" SrcFileId="1" StartOffset="2632"/>
</LocList>
<CondStmnt CovItemId="S46" CovItemPrefix="Value.java" Intrnl_Id="190">
<Branch CovItemId="B31" CovItemPrefix="Value.java" Implct="false" Intrnl_Id="191">
<Cond/>
<LocList>
<Loc EndOffset="2701" SrcFileId="1" StartOffset="2672"/>
</LocList>
<StmntSeq Intrnl_Id="192">
<LocList>
<Loc EndOffset="2693" SrcFileId="1" StartOffset="2681"/>
</LocList>
<BasicStmnt CovItemId="S47" CovItemPrefix="Value.java" Intrnl_Id="193">
<LocList>
<Loc EndOffset="2693" SrcFileId="1" StartOffset="2681"/>
</LocList>
</BasicStmnt>
</StmntSeq>
</Branch>
<Branch CovItemId="B32" CovItemPrefix="Value.java" Implct="false" Intrnl_Id="194">
<Cond>
<Loc EndOffset="2712" SrcFileId="1" StartOffset="2708"/>
</Cond>
<LocList>
<Loc EndOffset="3005" SrcFileId="1" StartOffset="2713"/>
</LocList>
<StmntSeq Intrnl_Id="195">
<LocList>
<Loc EndOffset="3005" SrcFileId="1" StartOffset="2713"/>
</LocList>
<CondStmnt CovItemId="S48" CovItemPrefix="Value.java" Intrnl_Id="196">
<Branch CovItemId="B33" CovItemPrefix="Value.java" Implct="false" Intrnl_Id="197">
<Cond/>
<LocList>
<Loc EndOffset="2837" SrcFileId="1" StartOffset="2808"/>
</LocList>
<StmntSeq Intrnl_Id="198">
<LocList>
<Loc EndOffset="2829" SrcFileId="1" StartOffset="2817"/>
</LocList>
<BasicStmnt CovItemId="S49" CovItemPrefix="Value.java" Intrnl_Id="199">
<LocList>
<Loc EndOffset="2829" SrcFileId="1" StartOffset="2817"/>
</LocList>
</BasicStmnt>
</StmntSeq>
</Branch>
<Branch CovItemId="B34" CovItemPrefix="Value.java" Implct="false" Intrnl_Id="200">
<Cond>
<Loc EndOffset="2848" SrcFileId="1" StartOffset="2844"/>
</Cond>
<LocList>
<Loc EndOffset="3005" SrcFileId="1" StartOffset="2849"/>
</LocList>
<StmntSeq Intrnl_Id="201">
<LocList>
<Loc EndOffset="3005" SrcFileId="1" StartOffset="2849"/>
</LocList>
<CondStmnt CovItemId="S50" CovItemPrefix="Value.java" Intrnl_Id="202">
<Branch CovItemId="B35" CovItemPrefix="Value.java" Implct="false" Intrnl_Id="203">
<Cond/>
<LocList>
<Loc EndOffset="2922" SrcFileId="1" StartOffset="2893"/>
</LocList>
<StmntSeq Intrnl_Id="204">
<LocList>
<Loc EndOffset="2914" SrcFileId="1" StartOffset="2902"/>
</LocList>
<BasicStmnt CovItemId="S51" CovItemPrefix="Value.java" Intrnl_Id="205">
<LocList>
<Loc EndOffset="2914" SrcFileId="1" StartOffset="2902"/>
</LocList>
</BasicStmnt>
</StmntSeq>
</Branch>
<Branch CovItemId="B36" CovItemPrefix="Value.java" Implct="false" Intrnl_Id="206">
<Cond>
<Loc EndOffset="2933" SrcFileId="1" StartOffset="2929"/>
</Cond>
<LocList>
<Loc EndOffset="3005" SrcFileId="1" StartOffset="2934"/>
</LocList>
<StmntSeq Intrnl_Id="207">
<LocList>
<Loc EndOffset="3005" SrcFileId="1" StartOffset="2934"/>
</LocList>
<CondStmnt CovItemId="S52" CovItemPrefix="Value.java" Intrnl_Id="208">
<Branch CovItemId="B37" CovItemPrefix="Value.java" Implct="false" Intrnl_Id="209">
<Cond/>
<LocList>
<Loc EndOffset="3005" SrcFileId="1" StartOffset="2976"/>
</LocList>
<StmntSeq Intrnl_Id="210">
<LocList>
<Loc EndOffset="2997" SrcFileId="1" StartOffset="2985"/>
</LocList>
<BasicStmnt CovItemId="S53" CovItemPrefix="Value.java" Intrnl_Id="211">
<LocList>
<Loc EndOffset="2997" SrcFileId="1" StartOffset="2985"/>
</LocList>
</BasicStmnt>
</StmntSeq>
</Branch>
<Branch CovItemId="B38" CovItemPrefix="Value.java" Implct="true" Intrnl_Id="212">
<Cond/>
<LocList/>
<StmntSeq Intrnl_Id="213">
<LocList/>
</StmntSeq>
</Branch>
<Keyword EndOffset="2936" SrcFileId="1" StartOffset="2934"/>
<LocList>
<Loc EndOffset="3005" SrcFileId="1" StartOffset="2934"/>
</LocList>
<RootTerm CovItemId="C20" CovItemPrefix="Value.java" Intrnl_Id="214">
<OpTerm BooleanOpId="3" Intrnl_Id="215">
<BasicBoolTerm Intrnl_Id="216">
<LocList>
<Loc EndOffset="2951" SrcFileId="1" StartOffset="2937"/>
</LocList>
</BasicBoolTerm>
<BasicBoolTerm Intrnl_Id="217">
<LocList>
<Loc EndOffset="2968" SrcFileId="1" StartOffset="2955"/>
</LocList>
</BasicBoolTerm>
<LocList>
<Loc EndOffset="2954" SrcFileId="1" StartOffset="2952"/>
</LocList>
</OpTerm>
</RootTerm>
</CondStmnt>
</StmntSeq>
</Branch>
<Keyword EndOffset="2851" SrcFileId="1" StartOffset="2849"/>
<LocList>
<Loc EndOffset="3005" SrcFileId="1" StartOffset="2849"/>
</LocList>
<RootTerm CovItemId="C19" CovItemPrefix="Value.java" Intrnl_Id="218">
<OpTerm BooleanOpId="3" Intrnl_Id="219">
<BasicBoolTerm Intrnl_Id="220">
<LocList>
<Loc EndOffset="2867" SrcFileId="1" StartOffset="2852"/>
</LocList>
</BasicBoolTerm>
<BasicBoolTerm Intrnl_Id="221">
<LocList>
<Loc EndOffset="2885" SrcFileId="1" StartOffset="2871"/>
</LocList>
</BasicBoolTerm>
<LocList>
<Loc EndOffset="2870" SrcFileId="1" StartOffset="2868"/>
</LocList>
</OpTerm>
</RootTerm>
</CondStmnt>
</StmntSeq>
</Branch>
<Keyword EndOffset="2715" SrcFileId="1" StartOffset="2713"/>
<LocList>
<Loc EndOffset="3005" SrcFileId="1" StartOffset="2713"/>
</LocList>
<RootTerm CovItemId="C18" CovItemPrefix="Value.java" Intrnl_Id="222">
<OpTerm BooleanOpId="4" Intrnl_Id="223">
<OpTerm BooleanOpId="3" Intrnl_Id="224">
<BasicBoolTerm Intrnl_Id="225">
<LocList>
<Loc EndOffset="2732" SrcFileId="1" StartOffset="2716"/>
</LocList>
</BasicBoolTerm>
<BasicBoolTerm Intrnl_Id="226">
<LocList>
<Loc EndOffset="2751" SrcFileId="1" StartOffset="2736"/>
</LocList>
</BasicBoolTerm>
<LocList>
<Loc EndOffset="2735" SrcFileId="1" StartOffset="2733"/>
</LocList>
</OpTerm>
<OpTerm BooleanOpId="3" Intrnl_Id="227">
<BasicBoolTerm Intrnl_Id="228">
<LocList>
<Loc EndOffset="2771" SrcFileId="1" StartOffset="2755"/>
</LocList>
</BasicBoolTerm>
<BasicBoolTerm Intrnl_Id="229">
<LocList>
<Loc EndOffset="2800" SrcFileId="1" StartOffset="2775"/>
</LocList>
</BasicBoolTerm>
<LocList>
<Loc EndOffset="2774" SrcFileId="1" StartOffset="2772"/>
</LocList>
</OpTerm>
<LocList>
<Loc EndOffset="2754" SrcFileId="1" StartOffset="2752"/>
</LocList>
</OpTerm>
</RootTerm>
</CondStmnt>
</StmntSeq>
</Branch>
<Keyword EndOffset="2634" SrcFileId="1" StartOffset="2632"/>
<LocList>
<Loc EndOffset="3005" SrcFileId="1" StartOffset="2632"/>
</LocList>
<RootTerm CovItemId="C17" CovItemPrefix="Value.java" Intrnl_Id="230">
<OpTerm BooleanOpId="3" Intrnl_Id="231">
<BasicBoolTerm Intrnl_Id="232">
<LocList>
<Loc EndOffset="2648" SrcFileId="1" StartOffset="2635"/>
</LocList>
</BasicBoolTerm>
<BasicBoolTerm Intrnl_Id="233">
<LocList>
<Loc EndOffset="2664" SrcFileId="1" StartOffset="2652"/>
</LocList>
</BasicBoolTerm>
<LocList>
<Loc EndOffset="2651" SrcFileId="1" StartOffset="2649"/>
</LocList>
</OpTerm>
</RootTerm>
</CondStmnt>
</StmntSeq>
</Branch>
<Keyword EndOffset="2543" SrcFileId="1" StartOffset="2541"/>
<LocList>
<Loc EndOffset="3005" SrcFileId="1" StartOffset="2541"/>
</LocList>
<RootTerm CovItemId="C16" CovItemPrefix="Value.java" Intrnl_Id="234">
<OpTerm BooleanOpId="3" Intrnl_Id="235">
<BasicBoolTerm Intrnl_Id="236">
<LocList>
<Loc EndOffset="2562" SrcFileId="1" StartOffset="2544"/>
</LocList>
</BasicBoolTerm>
<BasicBoolTerm Intrnl_Id="237">
<LocList>
<Loc EndOffset="2583" SrcFileId="1" StartOffset="2566"/>
</LocList>
</BasicBoolTerm>
<LocList>
<Loc EndOffset="2565" SrcFileId="1" StartOffset="2563"/>
</LocList>
</OpTerm>
</RootTerm>
</CondStmnt>
<BasicStmnt CovItemId="S54" CovItemPrefix="Value.java" Intrnl_Id="238">
<LocList>
<Loc EndOffset="3032" SrcFileId="1" StartOffset="3019"/>
</LocList>
</BasicStmnt>
</StmntSeq>
</HierarchyLvl>
<HierarchyLvl HierarchyLvlId="898" HierarchyLvlTypeId="6" Intrnl_Id="239" Name="GetType">
<Header>
<Loc EndOffset="3074" SrcFileId="1" StartOffset="3051"/>
</Header>
<LocList>
<Loc EndOffset="3846" SrcFileId="1" StartOffset="3051"/>
</LocList>
<StmntSeq Intrnl_Id="240">
<LocList>
<Loc EndOffset="3839" SrcFileId="1" StartOffset="3088"/>
</LocList>
<CondStmnt CovItemId="S55" CovItemPrefix="Value.java" Intrnl_Id="241">
<Branch CovItemId="B39" CovItemPrefix="Value.java" Implct="false" Intrnl_Id="242">
<Cond/>
<LocList>
<Loc EndOffset="3177" SrcFileId="1" StartOffset="3146"/>
</LocList>
<StmntSeq Intrnl_Id="243">
<LocList>
<Loc EndOffset="3169" SrcFileId="1" StartOffset="3155"/>
</LocList>
<BasicStmnt CovItemId="S56" CovItemPrefix="Value.java" Intrnl_Id="244">
<LocList>
<Loc EndOffset="3169" SrcFileId="1" StartOffset="3155"/>
</LocList>
</BasicStmnt>
</StmntSeq>
</Branch>
<Branch CovItemId="B40" CovItemPrefix="Value.java" Implct="false" Intrnl_Id="245">
<Cond>
<Loc EndOffset="3188" SrcFileId="1" StartOffset="3184"/>
</Cond>
<LocList>
<Loc EndOffset="3839" SrcFileId="1" StartOffset="3189"/>
</LocList>
<StmntSeq Intrnl_Id="246">
<LocList>
<Loc EndOffset="3839" SrcFileId="1" StartOffset="3189"/>
</LocList>
<CondStmnt CovItemId="S57" CovItemPrefix="Value.java" Intrnl_Id="247">
<Branch CovItemId="B41" CovItemPrefix="Value.java" Implct="false" Intrnl_Id="248">
<Cond/>
<LocList>
<Loc EndOffset="3293" SrcFileId="1" StartOffset="3257"/>
</LocList>
<StmntSeq Intrnl_Id="249">
<LocList>
<Loc EndOffset="3285" SrcFileId="1" StartOffset="3266"/>
</LocList>
<BasicStmnt CovItemId="S58" CovItemPrefix="Value.java" Intrnl_Id="250">
<LocList>
<Loc EndOffset="3285" SrcFileId="1" StartOffset="3266"/>
</LocList>
</BasicStmnt>
</StmntSeq>
</Branch>
<Branch CovItemId="B42" CovItemPrefix="Value.java" Implct="false" Intrnl_Id="251">
<Cond>
<Loc EndOffset="3304" SrcFileId="1" StartOffset="3300"/>
</Cond>
<LocList>
<Loc EndOffset="3839" SrcFileId="1" StartOffset="3305"/>
</LocList>
<StmntSeq Intrnl_Id="252">
<LocList>
<Loc EndOffset="3839" SrcFileId="1" StartOffset="3305"/>
</LocList>
<CondStmnt CovItemId="S59" CovItemPrefix="Value.java" Intrnl_Id="253">
<Branch CovItemId="B43" CovItemPrefix="Value.java" Implct="false" Intrnl_Id="254">
<Cond/>
<LocList>
<Loc EndOffset="3391" SrcFileId="1" StartOffset="3361"/>
</LocList>
<StmntSeq Intrnl_Id="255">
<LocList>
<Loc EndOffset="3383" SrcFileId="1" StartOffset="3370"/>
</LocList>
<BasicStmnt CovItemId="S60" CovItemPrefix="Value.java" Intrnl_Id="256">
<LocList>
<Loc EndOffset="3383" SrcFileId="1" StartOffset="3370"/>
</LocList>
</BasicStmnt>
</StmntSeq>
</Branch>
<Branch CovItemId="B44" CovItemPrefix="Value.java" Implct="false" Intrnl_Id="257">
<Cond>
<Loc EndOffset="3402" SrcFileId="1" StartOffset="3398"/>
</Cond>
<LocList>
<Loc EndOffset="3839" SrcFileId="1" StartOffset="3403"/>
</LocList>
<StmntSeq Intrnl_Id="258">
<LocList>
<Loc EndOffset="3839" SrcFileId="1" StartOffset="3403"/>
</LocList>
<CondStmnt CovItemId="S61" CovItemPrefix="Value.java" Intrnl_Id="259">
<Branch CovItemId="B45" CovItemPrefix="Value.java" Implct="false" Intrnl_Id="260">
<Cond/>
<LocList>
<Loc EndOffset="3498" SrcFileId="1" StartOffset="3465"/>
</LocList>
<StmntSeq Intrnl_Id="261">
<LocList>
<Loc EndOffset="3490" SrcFileId="1" StartOffset="3474"/>
</LocList>
<BasicStmnt CovItemId="S62" CovItemPrefix="Value.java" Intrnl_Id="262">
<LocList>
<Loc EndOffset="3490" SrcFileId="1" StartOffset="3474"/>
</LocList>
</BasicStmnt>
</StmntSeq>
</Branch>
<Branch CovItemId="B46" CovItemPrefix="Value.java" Implct="false" Intrnl_Id="263">
<Cond>
<Loc EndOffset="3509" SrcFileId="1" StartOffset="3505"/>
</Cond>
<LocList>
<Loc EndOffset="3839" SrcFileId="1" StartOffset="3510"/>
</LocList>
<StmntSeq Intrnl_Id="264">
<LocList>
<Loc EndOffset="3839" SrcFileId="1" StartOffset="3510"/>
</LocList>
<CondStmnt CovItemId="S63" CovItemPrefix="Value.java" Intrnl_Id="265">
<Branch CovItemId="B47" CovItemPrefix="Value.java" Implct="false" Intrnl_Id="266">
<Cond/>
<LocList>
<Loc EndOffset="3599" SrcFileId="1" StartOffset="3568"/>
</LocList>
<StmntSeq Intrnl_Id="267">
<LocList>
<Loc EndOffset="3591" SrcFileId="1" StartOffset="3577"/>
</LocList>
<BasicStmnt CovItemId="S64" CovItemPrefix="Value.java" Intrnl_Id="268">
<LocList>
<Loc EndOffset="3591" SrcFileId="1" StartOffset="3577"/>
</LocList>
</BasicStmnt>
</StmntSeq>
</Branch>
<Branch CovItemId="B48" CovItemPrefix="Value.java" Implct="false" Intrnl_Id="269">
<Cond>
<Loc EndOffset="3610" SrcFileId="1" StartOffset="3606"/>
</Cond>
<LocList>
<Loc EndOffset="3839" SrcFileId="1" StartOffset="3611"/>
</LocList>
<StmntSeq Intrnl_Id="270">
<LocList>
<Loc EndOffset="3839" SrcFileId="1" StartOffset="3611"/>
</LocList>
<CondStmnt CovItemId="S65" CovItemPrefix="Value.java" Intrnl_Id="271">
<Branch CovItemId="B49" CovItemPrefix="Value.java" Implct="false" Intrnl_Id="272">
<Cond/>
<LocList>
<Loc EndOffset="3706" SrcFileId="1" StartOffset="3673"/>
</LocList>
<StmntSeq Intrnl_Id="273">
<LocList>
<Loc EndOffset="3698" SrcFileId="1" StartOffset="3682"/>
</LocList>
<BasicStmnt CovItemId="S66" CovItemPrefix="Value.java" Intrnl_Id="274">
<LocList>
<Loc EndOffset="3698" SrcFileId="1" StartOffset="3682"/>
</LocList>
</BasicStmnt>
</StmntSeq>
</Branch>
<Branch CovItemId="B50" CovItemPrefix="Value.java" Implct="false" Intrnl_Id="275">
<Cond>
<Loc EndOffset="3717" SrcFileId="1" StartOffset="3713"/>
</Cond>
<LocList>
<Loc EndOffset="3839" SrcFileId="1" StartOffset="3718"/>
</LocList>
<StmntSeq Intrnl_Id="276">
<LocList>
<Loc EndOffset="3839" SrcFileId="1" StartOffset="3718"/>
</LocList>
<CondStmnt CovItemId="S67" CovItemPrefix="Value.java" Intrnl_Id="277">
<Branch CovItemId="B51" CovItemPrefix="Value.java" Implct="false" Intrnl_Id="278">
<Cond/>
<LocList>
<Loc EndOffset="3792" SrcFileId="1" StartOffset="3760"/>
</LocList>
<StmntSeq Intrnl_Id="279">
<LocList>
<Loc EndOffset="3784" SrcFileId="1" StartOffset="3769"/>
</LocList>
<BasicStmnt CovItemId="S68" CovItemPrefix="Value.java" Intrnl_Id="280">
<LocList>
<Loc EndOffset="3784" SrcFileId="1" StartOffset="3769"/>
</LocList>
</BasicStmnt>
</StmntSeq>
</Branch>
<Branch CovItemId="B52" CovItemPrefix="Value.java" Implct="false" Intrnl_Id="281">
<Cond>
<Loc EndOffset="3803" SrcFileId="1" StartOffset="3799"/>
</Cond>
<LocList>
<Loc EndOffset="3839" SrcFileId="1" StartOffset="3810"/>
</LocList>
<StmntSeq Intrnl_Id="282">
<LocList>
<Loc EndOffset="3831" SrcFileId="1" StartOffset="3819"/>
</LocList>
<BasicStmnt CovItemId="S69" CovItemPrefix="Value.java" Intrnl_Id="283">
<LocList>
<Loc EndOffset="3831" SrcFileId="1" StartOffset="3819"/>
</LocList>
</BasicStmnt>
</StmntSeq>
</Branch>
<Keyword EndOffset="3720" SrcFileId="1" StartOffset="3718"/>
<LocList>
<Loc EndOffset="3839" SrcFileId="1" StartOffset="3718"/>
</LocList>
<RootTerm CovItemId="C27" CovItemPrefix="Value.java" Intrnl_Id="284">
<BasicBoolTerm Intrnl_Id="285">
<LocList>
<Loc EndOffset="3752" SrcFileId="1" StartOffset="3721"/>
</LocList>
</BasicBoolTerm>
</RootTerm>
</CondStmnt>
</StmntSeq>
</Branch>
<Keyword EndOffset="3613" SrcFileId="1" StartOffset="3611"/>
<LocList>
<Loc EndOffset="3839" SrcFileId="1" StartOffset="3611"/>
</LocList>
<RootTerm CovItemId="C26" CovItemPrefix="Value.java" Intrnl_Id="286">
<OpTerm BooleanOpId="4" Intrnl_Id="287">
<BasicBoolTerm Intrnl_Id="288">
<LocList>
<Loc EndOffset="3629" SrcFileId="1" StartOffset="3614"/>
</LocList>
</BasicBoolTerm>
<BasicBoolTerm Intrnl_Id="289">
<LocList>
<Loc EndOffset="3665" SrcFileId="1" StartOffset="3633"/>
</LocList>
</BasicBoolTerm>
<LocList>
<Loc EndOffset="3632" SrcFileId="1" StartOffset="3630"/>
</LocList>
</OpTerm>
</RootTerm>
</CondStmnt>
</StmntSeq>
</Branch>
<Keyword EndOffset="3512" SrcFileId="1" StartOffset="3510"/>
<LocList>
<Loc EndOffset="3839" SrcFileId="1" StartOffset="3510"/>
</LocList>
<RootTerm CovItemId="C25" CovItemPrefix="Value.java" Intrnl_Id="290">
<OpTerm BooleanOpId="4" Intrnl_Id="291">
<BasicBoolTerm Intrnl_Id="292">
<LocList>
<Loc EndOffset="3526" SrcFileId="1" StartOffset="3513"/>
</LocList>
</BasicBoolTerm>
<BasicBoolTerm Intrnl_Id="293">
<LocList>
<Loc EndOffset="3560" SrcFileId="1" StartOffset="3530"/>
</LocList>
</BasicBoolTerm>
<LocList>
<Loc EndOffset="3529" SrcFileId="1" StartOffset="3527"/>
</LocList>
</OpTerm>
</RootTerm>
</CondStmnt>
</StmntSeq>
</Branch>
<Keyword EndOffset="3405" SrcFileId="1" StartOffset="3403"/>
<LocList>
<Loc EndOffset="3839" SrcFileId="1" StartOffset="3403"/>
</LocList>
<RootTerm CovItemId="C24" CovItemPrefix="Value.java" Intrnl_Id="294">
<OpTerm BooleanOpId="4" Intrnl_Id="295">
<BasicBoolTerm Intrnl_Id="296">
<LocList>
<Loc EndOffset="3421" SrcFileId="1" StartOffset="3406"/>
</LocList>
</BasicBoolTerm>
<BasicBoolTerm Intrnl_Id="297">
<LocList>
<Loc EndOffset="3457" SrcFileId="1" StartOffset="3425"/>
</LocList>
</BasicBoolTerm>
<LocList>
<Loc EndOffset="3424" SrcFileId="1" StartOffset="3422"/>
</LocList>
</OpTerm>
</RootTerm>
</CondStmnt>
</StmntSeq>
</Branch>
<Keyword EndOffset="3307" SrcFileId="1" StartOffset="3305"/>
<LocList>
<Loc EndOffset="3839" SrcFileId="1" StartOffset="3305"/>
</LocList>
<RootTerm CovItemId="C23" CovItemPrefix="Value.java" Intrnl_Id="298">
<OpTerm BooleanOpId="4" Intrnl_Id="299">
<BasicBoolTerm Intrnl_Id="300">
<LocList>
<Loc EndOffset="3320" SrcFileId="1" StartOffset="3308"/>
</LocList>
</BasicBoolTerm>
<BasicBoolTerm Intrnl_Id="301">
<LocList>
<Loc EndOffset="3353" SrcFileId="1" StartOffset="3324"/>
</LocList>
</BasicBoolTerm>
<LocList>
<Loc EndOffset="3323" SrcFileId="1" StartOffset="3321"/>
</LocList>
</OpTerm>
</RootTerm>
</CondStmnt>
</StmntSeq>
</Branch>
<Keyword EndOffset="3191" SrcFileId="1" StartOffset="3189"/>
<LocList>
<Loc EndOffset="3839" SrcFileId="1" StartOffset="3189"/>
</LocList>
<RootTerm CovItemId="C22" CovItemPrefix="Value.java" Intrnl_Id="302">
<OpTerm BooleanOpId="4" Intrnl_Id="303">
<BasicBoolTerm Intrnl_Id="304">
<LocList>
<Loc EndOffset="3227" SrcFileId="1" StartOffset="3192"/>
</LocList>
</BasicBoolTerm>
<BasicBoolTerm Intrnl_Id="305">
<LocList>
<Loc EndOffset="3249" SrcFileId="1" StartOffset="3231"/>
</LocList>
</BasicBoolTerm>
<LocList>
<Loc EndOffset="3230" SrcFileId="1" StartOffset="3228"/>
</LocList>
</OpTerm>
</RootTerm>
</CondStmnt>
</StmntSeq>
</Branch>
<Keyword EndOffset="3090" SrcFileId="1" StartOffset="3088"/>
<LocList>
<Loc EndOffset="3839" SrcFileId="1" StartOffset="3088"/>
</LocList>
<RootTerm CovItemId="C21" CovItemPrefix="Value.java" Intrnl_Id="306">
<OpTerm BooleanOpId="4" Intrnl_Id="307">
<BasicBoolTerm Intrnl_Id="308">
<LocList>
<Loc EndOffset="3104" SrcFileId="1" StartOffset="3091"/>
</LocList>
</BasicBoolTerm>
<BasicBoolTerm Intrnl_Id="309">
<LocList>
<Loc EndOffset="3138" SrcFileId="1" StartOffset="3108"/>
</LocList>
</BasicBoolTerm>
<LocList>
<Loc EndOffset="3107" SrcFileId="1" StartOffset="3105"/>
</LocList>
</OpTerm>
</RootTerm>
</CondStmnt>
</StmntSeq>
</HierarchyLvl>
<HierarchyLvl HierarchyLvlId="899" HierarchyLvlTypeId="6" Intrnl_Id="310" Name="equals">
<Header>
<Loc EndOffset="3900" SrcFileId="1" StartOffset="3854"/>
</Header>
<LocList>
<Loc EndOffset="4175" SrcFileId="1" StartOffset="3854"/>
</LocList>
<StmntSeq Intrnl_Id="311">
<LocList>
<Loc EndOffset="3967" SrcFileId="1" StartOffset="3914"/>
<Loc EndOffset="4085" SrcFileId="1" StartOffset="3979"/>
<Loc EndOffset="4119" SrcFileId="1" StartOffset="4097"/>
<Loc EndOffset="4168" SrcFileId="1" StartOffset="4131"/>
</LocList>
<CondStmnt CovItemId="S70" CovItemPrefix="Value.java" Intrnl_Id="312">
<Branch CovItemId="B53" CovItemPrefix="Value.java" Implct="false" Intrnl_Id="313">
<Cond/>
<LocList>
<Loc EndOffset="3967" SrcFileId="1" StartOffset="3929"/>
</LocList>
<StmntSeq Intrnl_Id="314">
<LocList>
<Loc EndOffset="3956" SrcFileId="1" StartOffset="3944"/>
</LocList>
<BasicStmnt CovItemId="S71" CovItemPrefix="Value.java" Intrnl_Id="315">
<LocList>
<Loc EndOffset="3956" SrcFileId="1" StartOffset="3944"/>
</LocList>
</BasicStmnt>
</StmntSeq>
</Branch>
<Branch CovItemId="B54" CovItemPrefix="Value.java" Implct="true" Intrnl_Id="316">
<Cond/>
<LocList/>
<StmntSeq Intrnl_Id="317">
<LocList/>
</StmntSeq>
</Branch>
<Keyword EndOffset="3916" SrcFileId="1" StartOffset="3914"/>
<LocList>
<Loc EndOffset="3967" SrcFileId="1" StartOffset="3914"/>
</LocList>
<RootTerm CovItemId="C28" CovItemPrefix="Value.java" Intrnl_Id="318">
<BasicBoolTerm Intrnl_Id="319">
<LocList>
<Loc EndOffset="3927" SrcFileId="1" StartOffset="3917"/>
</LocList>
</BasicBoolTerm>
</RootTerm>
</CondStmnt>
<CondStmnt CovItemId="S72" CovItemPrefix="Value.java" Intrnl_Id="320">
<Branch CovItemId="B55" CovItemPrefix="Value.java" Implct="false" Intrnl_Id="321">
<Cond/>
<LocList>
<Loc EndOffset="4085" SrcFileId="1" StartOffset="4046"/>
</LocList>
<StmntSeq Intrnl_Id="322">
<LocList>
<Loc EndOffset="4074" SrcFileId="1" StartOffset="4061"/>
</LocList>
<BasicStmnt CovItemId="S73" CovItemPrefix="Value.java" Intrnl_Id="323">
<LocList>
<Loc EndOffset="4074" SrcFileId="1" StartOffset="4061"/>
</LocList>
</BasicStmnt>
</StmntSeq>
</Branch>
<Branch CovItemId="B56" CovItemPrefix="Value.java" Implct="true" Intrnl_Id="324">
<Cond/>
<LocList/>
<StmntSeq Intrnl_Id="325">
<LocList/>
</StmntSeq>
</Branch>
<Keyword EndOffset="3981" SrcFileId="1" StartOffset="3979"/>
<LocList>
<Loc EndOffset="4085" SrcFileId="1" StartOffset="3979"/>
</LocList>
<RootTerm CovItemId="C29" CovItemPrefix="Value.java" Intrnl_Id="326">
<OpTerm BooleanOpId="4" Intrnl_Id="327">
<OpTerm BooleanOpId="4" Intrnl_Id="328">
<BasicBoolTerm Intrnl_Id="329">
<LocList>
<Loc EndOffset="3995" SrcFileId="1" StartOffset="3982"/>
</LocList>
</BasicBoolTerm>
<BasicBoolTerm Intrnl_Id="330">
<LocList>
<Loc EndOffset="4008" SrcFileId="1" StartOffset="3999"/>
</LocList>
</BasicBoolTerm>
<LocList>
<Loc EndOffset="3998" SrcFileId="1" StartOffset="3996"/>
</LocList>
</OpTerm>
<BasicBoolTerm Intrnl_Id="331">
<LocList>
<Loc EndOffset="4044" SrcFileId="1" StartOffset="4012"/>
</LocList>
</BasicBoolTerm>
<LocList>
<Loc EndOffset="4011" SrcFileId="1" StartOffset="4009"/>
</LocList>
</OpTerm>
</RootTerm>
</CondStmnt>
<BasicStmnt CovItemId="S74" CovItemPrefix="Value.java" Intrnl_Id="332">
<LocList>
<Loc EndOffset="4119" SrcFileId="1" StartOffset="4097"/>
</LocList>
</BasicStmnt>
<BasicStmnt CovItemId="S75" CovItemPrefix="Value.java" Intrnl_Id="333">
<LocList>
<Loc EndOffset="4168" SrcFileId="1" StartOffset="4131"/>
</LocList>
</BasicStmnt>
</StmntSeq>
</HierarchyLvl>
<HierarchyLvl HierarchyLvlId="900" HierarchyLvlTypeId="6" Intrnl_Id="334" Name="toString">
<Header>
<Loc EndOffset="4222" SrcFileId="1" StartOffset="4183"/>
</Header>
<LocList>
<Loc EndOffset="4270" SrcFileId="1" StartOffset="4183"/>
</LocList>
<StmntSeq Intrnl_Id="335">
<LocList>
<Loc EndOffset="4263" SrcFileId="1" StartOffset="4234"/>
</LocList>
<BasicStmnt CovItemId="S76" CovItemPrefix="Value.java" Intrnl_Id="336">
<LocList>
<Loc EndOffset="4263" SrcFileId="1" StartOffset="4234"/>
</LocList>
</BasicStmnt>
</StmntSeq>
</HierarchyLvl>
</HierarchyLvl>
</HierarchyLvl>
</MASTRoot>
</TestSessionContainer>
