<?xml version="1.0" encoding="UTF-8"?><TestSessionContainer xmlns="http://www.codecover.org/xml/testsession-container" Date="1368003720996" TestSessionContainerId="39fe8ece-8898-48b3-99a2-fdb2832cc5ba" version="1.0">
<SrcFileList>
<SrcFile Content="&#13;&#10;public class Value {&#13;&#10;&#9;public static Value VOID = new Value(new Object());&#13;&#10;&#13;&#10;    final Object value;&#13;&#10;&#13;&#10;    public Value(Object value) {&#13;&#10;        this.value = value;&#13;&#10;    }&#13;&#10;    &#13;&#10;    public Value()&#13;&#10;    {&#13;&#10;    &#9;this.value = &quot;&quot;;&#13;&#10;    }&#13;&#10;&#13;&#10;    public boolean isDouble() &#13;&#10;    {&#13;&#10;&#9;&#9;if(this.toString().matches(&quot;((-)?[0-9]+)\\.([0-9]){1,2}&quot;))&#13;&#10;&#9;&#9;{&#13;&#10;&#9;&#9;&#9;return true;&#13;&#10;&#9;&#9;}&#13;&#10;&#9;&#9;return false;&#13;&#10;    }&#13;&#10;    &#13;&#10;    public boolean isInt()&#13;&#10;    {&#13;&#10;&#9;&#9;if(this.toString().matches(&quot;(-)?[0-9]+&quot;))&#13;&#10;&#9;&#9;{&#13;&#10;&#9;&#9;&#9;return true;&#13;&#10;&#9;&#9;}&#13;&#10;&#9;&#9;return false;&#13;&#10;    }&#13;&#10;    &#13;&#10;    public boolean isDrink()&#13;&#10;    {&#13;&#10;&#9;&#9;if(this.toString().equals(&quot;drink&quot;))&#13;&#10;&#9;&#9;{&#13;&#10;&#9;&#9;&#9;return true;&#13;&#10;&#9;&#9;}&#13;&#10;&#9;&#9;return false;&#13;&#10;    }&#13;&#10;    &#13;&#10;    public boolean isNumeric()&#13;&#10;    {&#13;&#10;    &#9;if(this.isInt() || this.isDouble() || this.toString().equals(&quot;int&quot;) || this.toString().equals(&quot;double&quot;))&#13;&#10;    &#9;{&#13;&#10;    &#9;&#9;return true;&#13;&#10;    &#9;}&#13;&#10;    &#9;return false;&#13;&#10;    }&#13;&#10;    &#13;&#10;    public boolean isNumericExpression()&#13;&#10;    {    &#9;&#13;&#10;    &#9;String StringToVerify = this.toString();&#13;&#10;    &#9;&#13;&#10;    &#9;if(StringToVerify.contains(&quot;(&quot;))&#13;&#10;    &#9;{&#13;&#10;    &#9;&#9;StringToVerify = StringToVerify.replace(&quot;(&quot;, &quot;&quot;);&#13;&#10;    &#9;}&#13;&#10;    &#9;&#13;&#10;    &#9;if(StringToVerify.contains(&quot;)&quot;))&#13;&#10;    &#9;{&#13;&#10;    &#9;&#9;StringToVerify = StringToVerify.replace(&quot;)&quot;, &quot;&quot;);&#13;&#10;    &#9;}&#13;&#10;    &#9;&#13;&#10;    &#9;if(StringToVerify.matches(&quot;(-)?[0-9]+(\\.[0-9]{1,2})?((\\+|\\-|\\*|\\/)[0-9]+(\\.[0-9]{1,2})?)*&quot;))&#13;&#10;    &#9;{&#13;&#10;    &#9;&#9;return true;&#13;&#10;    &#9;}&#13;&#10;    &#9;return false;&#13;&#10;    }&#13;&#10;    &#13;&#10;    public boolean isChar()&#13;&#10;    {&#13;&#10;&#9;&#9;if(this.toString().length() != 3 || &#13;&#10;&#9;&#9;   this.toString().charAt(0) != '\'' || &#13;&#10;&#9;&#9;   this.toString().charAt(this.toString().length()-1) != '\'')&#13;&#10;&#9;&#9;{&#13;&#10;&#9;&#9;&#9;return false;&#13;&#10;&#9;&#9;}&#13;&#10;&#9;&#9;return true;&#13;&#10;    }&#13;&#10;    &#13;&#10;    public boolean isString()&#13;&#10;    {&#13;&#10;    &#9;if(this.toString().length() &lt; 2)&#13;&#10;    &#9;{&#13;&#10;    &#9;&#9;return false;&#13;&#10;    &#9;}&#13;&#10;    &#9;else if(this.toString().charAt(0) != '&quot;'|| this.toString().charAt(this.toString().length()-1) != '&quot;')&#13;&#10;&#9;&#9;{&#13;&#10;&#9;&#9;&#9;return false;&#13;&#10;&#9;&#9;}&#13;&#10;&#9;&#9;return true;&#13;&#10;    }&#13;&#10;    &#13;&#10;    public boolean isBool()&#13;&#10;    {&#13;&#10;    &#9;if(this.toString().equals(&quot;true&quot;) || this.toString().equals(&quot;false&quot;))&#13;&#10;    &#9;{&#13;&#10;    &#9;&#9;return true;&#13;&#10;    &#9;}&#13;&#10;    &#9;return false;&#13;&#10;    }&#13;&#10;    &#13;&#10;    public boolean isContainer()&#13;&#10;    {&#13;&#10;    &#9;if(this.toString().matches(&quot;((1?[0-3])|([0-9]))|A[0-5]&quot;) || this.toString().equals(&quot;container&quot;))&#13;&#10;    &#9;{&#13;&#10;    &#9;&#9;return true;&#13;&#10;    &#9;}&#13;&#10;    &#9;return false;&#13;&#10;    }&#13;&#10;    &#13;&#10;    public boolean isSameType(Value val)&#13;&#10;    {&#13;&#10;    &#9;if(this.isBool() &amp;&amp; val.isBool())&#13;&#10;    &#9;{&#13;&#10;    &#9;&#9;return true;&#13;&#10;    &#9;}&#13;&#10;    &#9;if(this.isContainer() &amp;&amp; val.isContainer())&#13;&#10;    &#9;{&#13;&#10;    &#9;&#9;return true;&#13;&#10;    &#9;}&#13;&#10;    &#9;else if(this.isChar() &amp;&amp; val.isChar())&#13;&#10;    &#9;{&#13;&#10;    &#9;&#9;return true;&#13;&#10;    &#9;}&#13;&#10;    &#9;else if(this.isNumeric() &amp;&amp; val.isNumeric())&#13;&#10;    &#9;{&#13;&#10;    &#9;&#9;return true;&#13;&#10;    &#9;}&#13;&#10;    &#9;else if(this.isString() &amp;&amp; val.isString())&#13;&#10;    &#9;{&#13;&#10;    &#9;&#9;return true;&#13;&#10;    &#9;}&#13;&#10;    &#9;else if(this.isDrink() &amp;&amp; val.isDrink())&#13;&#10;    &#9;{&#13;&#10;    &#9;&#9;return true;&#13;&#10;    &#9;}&#13;&#10;    &#9;&#13;&#10;    &#9;return false;&#13;&#10;    }&#13;&#10;    &#13;&#10;    public String GetType()&#13;&#10;    {&#13;&#10;    &#9;if(this.isBool() || this.toString().equals(&quot;bool&quot;))&#13;&#10;    &#9;{&#13;&#10;    &#9;&#9;return &quot;bool&quot;;&#13;&#10;    &#9;}&#13;&#10;    &#9;else if(this.toString().equals(&quot;container&quot;) || this.isContainer())&#13;&#10;    &#9;{&#13;&#10;    &#9;&#9;return &quot;container&quot;;&#13;&#10;    &#9;}&#13;&#10;    &#9;else if(this.isInt() || this.toString().equals(&quot;int&quot;))&#13;&#10;    &#9;{&#13;&#10;    &#9;&#9;return &quot;int&quot;;&#13;&#10;    &#9;}&#13;&#10;    &#9;else if(this.isDouble() || this.toString().equals(&quot;double&quot;))&#13;&#10;    &#9;{&#13;&#10;    &#9;&#9;return &quot;double&quot;;&#13;&#10;    &#9;}&#13;&#10;    &#9;else if(this.isChar() || this.toString().equals(&quot;char&quot;))&#13;&#10;    &#9;{&#13;&#10;    &#9;&#9;return &quot;char&quot;;&#13;&#10;    &#9;}&#13;&#10;    &#9;else if(this.isString() || this.toString().equals(&quot;string&quot;))&#13;&#10;    &#9;{&#13;&#10;    &#9;&#9;return &quot;string&quot;;&#13;&#10;    &#9;}&#13;&#10;    &#9;else if(this.toString().equals(&quot;drink&quot;))&#13;&#10;    &#9;{&#13;&#10;    &#9;&#9;return &quot;drink&quot;;&#13;&#10;    &#9;}&#13;&#10;    &#9;else&#13;&#10;    &#9;{&#13;&#10;    &#9;&#9;return null;&#13;&#10;    &#9;}&#13;&#10;    }&#13;&#10;&#13;&#10;    @Override&#13;&#10;    public String toString() {&#13;&#10;        return String.valueOf(value);&#13;&#10;    }&#13;&#10;}&#13;&#10;" Filename="Value.java" Intrnl_Id="1"/>
</SrcFileList>
<CritList>
<CritListEntry Name="org.codecover.model.utils.criteria.LoopCoverage" PluginName="org.codecover"/>
<CritListEntry Name="org.codecover.model.utils.criteria.BranchCoverage" PluginName="org.codecover"/>
<CritListEntry Name="org.codecover.model.utils.criteria.ConditionCoverage" PluginName="org.codecover"/>
<CritListEntry Name="org.codecover.model.utils.criteria.StatementCoverage" PluginName="org.codecover"/>
</CritList>
<BoolOpList>
<BoolOp Arity="2" Intrnl_Id="2" Name="conditional and (&amp;&amp;)">
<BoolAssgnmntBoolMapList>
<MapEntry BoolAssgnmnt="10" Value="false"/>
<MapEntry BoolAssgnmnt="02" Value="false"/>
<MapEntry BoolAssgnmnt="11" Value="true"/>
</BoolAssgnmntBoolMapList>
</BoolOp>
<BoolOp Arity="2" Intrnl_Id="3" Name="conditional or (||)">
<BoolAssgnmntBoolMapList>
<MapEntry BoolAssgnmnt="01" Value="true"/>
<MapEntry BoolAssgnmnt="00" Value="false"/>
<MapEntry BoolAssgnmnt="12" Value="true"/>
</BoolAssgnmntBoolMapList>
</BoolOp>
</BoolOpList>
<HierarchyLvlTypeList>
<HierarchyLvlType EnglishName="class" IntrnlName="class" Intrnl_Id="4"/>
<HierarchyLvlType EnglishName="method" IntrnlName="method" Intrnl_Id="5"/>
<HierarchyLvlType EnglishName="default package" IntrnlName="default package" Intrnl_Id="6"/>
</HierarchyLvlTypeList>
<MASTRoot>
<HierarchyLvl HierarchyLvlId="1090" HierarchyLvlTypeId="6" Intrnl_Id="7" Name="default package">
<Header/>
<LocList/>
<HierarchyLvl HierarchyLvlId="1089" HierarchyLvlTypeId="4" Intrnl_Id="8" Name="Value">
<Header>
<Loc EndOffset="20" SrcFileId="1" StartOffset="2"/>
</Header>
<LocList>
<Loc EndOffset="3809" SrcFileId="1" StartOffset="2"/>
</LocList>
<StmntSeq Intrnl_Id="9">
<LocList>
<Loc EndOffset="76" SrcFileId="1" StartOffset="25"/>
</LocList>
<BasicStmnt CovItemId="S1" CovItemPrefix="Value.java" Intrnl_Id="10">
<LocList>
<Loc EndOffset="76" SrcFileId="1" StartOffset="25"/>
</LocList>
</BasicStmnt>
</StmntSeq>
<HierarchyLvl HierarchyLvlId="1075" HierarchyLvlTypeId="5" Intrnl_Id="11" Name="Value">
<Header>
<Loc EndOffset="137" SrcFileId="1" StartOffset="111"/>
</Header>
<LocList>
<Loc EndOffset="175" SrcFileId="1" StartOffset="111"/>
</LocList>
<StmntSeq Intrnl_Id="12">
<LocList>
<Loc EndOffset="168" SrcFileId="1" StartOffset="149"/>
</LocList>
<BasicStmnt CovItemId="S2" CovItemPrefix="Value.java" Intrnl_Id="13">
<LocList>
<Loc EndOffset="168" SrcFileId="1" StartOffset="149"/>
</LocList>
</BasicStmnt>
</StmntSeq>
</HierarchyLvl>
<HierarchyLvl HierarchyLvlId="1076" HierarchyLvlTypeId="5" Intrnl_Id="14" Name="Value">
<Header>
<Loc EndOffset="201" SrcFileId="1" StartOffset="187"/>
</Header>
<LocList>
<Loc EndOffset="238" SrcFileId="1" StartOffset="187"/>
</LocList>
<StmntSeq Intrnl_Id="15">
<LocList>
<Loc EndOffset="231" SrcFileId="1" StartOffset="215"/>
</LocList>
<BasicStmnt CovItemId="S3" CovItemPrefix="Value.java" Intrnl_Id="16">
<LocList>
<Loc EndOffset="231" SrcFileId="1" StartOffset="215"/>
</LocList>
</BasicStmnt>
</StmntSeq>
</HierarchyLvl>
<HierarchyLvl HierarchyLvlId="1077" HierarchyLvlTypeId="5" Intrnl_Id="17" Name="isDouble">
<Header>
<Loc EndOffset="271" SrcFileId="1" StartOffset="246"/>
</Header>
<LocList>
<Loc EndOffset="392" SrcFileId="1" StartOffset="246"/>
</LocList>
<StmntSeq Intrnl_Id="18">
<LocList>
<Loc EndOffset="368" SrcFileId="1" StartOffset="283"/>
<Loc EndOffset="385" SrcFileId="1" StartOffset="372"/>
</LocList>
<CondStmnt CovItemId="S4" CovItemPrefix="Value.java" Intrnl_Id="19">
<Branch CovItemId="B1" CovItemPrefix="Value.java" Implct="false" Intrnl_Id="20">
<Cond/>
<LocList>
<Loc EndOffset="368" SrcFileId="1" StartOffset="345"/>
</LocList>
<StmntSeq Intrnl_Id="21">
<LocList>
<Loc EndOffset="363" SrcFileId="1" StartOffset="351"/>
</LocList>
<BasicStmnt CovItemId="S5" CovItemPrefix="Value.java" Intrnl_Id="22">
<LocList>
<Loc EndOffset="363" SrcFileId="1" StartOffset="351"/>
</LocList>
</BasicStmnt>
</StmntSeq>
</Branch>
<Branch CovItemId="B2" CovItemPrefix="Value.java" Implct="true" Intrnl_Id="23">
<Cond/>
<LocList/>
<StmntSeq Intrnl_Id="24">
<LocList/>
</StmntSeq>
</Branch>
<Keyword EndOffset="285" SrcFileId="1" StartOffset="283"/>
<LocList>
<Loc EndOffset="368" SrcFileId="1" StartOffset="283"/>
</LocList>
<RootTerm CovItemId="C1" CovItemPrefix="Value.java" Intrnl_Id="25">
<BasicBoolTerm Intrnl_Id="26">
<LocList>
<Loc EndOffset="340" SrcFileId="1" StartOffset="286"/>
</LocList>
</BasicBoolTerm>
</RootTerm>
</CondStmnt>
<BasicStmnt CovItemId="S6" CovItemPrefix="Value.java" Intrnl_Id="27">
<LocList>
<Loc EndOffset="385" SrcFileId="1" StartOffset="372"/>
</LocList>
</BasicStmnt>
</StmntSeq>
</HierarchyLvl>
<HierarchyLvl HierarchyLvlId="1078" HierarchyLvlTypeId="5" Intrnl_Id="28" Name="isInt">
<Header>
<Loc EndOffset="426" SrcFileId="1" StartOffset="404"/>
</Header>
<LocList>
<Loc EndOffset="529" SrcFileId="1" StartOffset="404"/>
</LocList>
<StmntSeq Intrnl_Id="29">
<LocList>
<Loc EndOffset="505" SrcFileId="1" StartOffset="437"/>
<Loc EndOffset="522" SrcFileId="1" StartOffset="509"/>
</LocList>
<CondStmnt CovItemId="S7" CovItemPrefix="Value.java" Intrnl_Id="30">
<Branch CovItemId="B3" CovItemPrefix="Value.java" Implct="false" Intrnl_Id="31">
<Cond/>
<LocList>
<Loc EndOffset="505" SrcFileId="1" StartOffset="482"/>
</LocList>
<StmntSeq Intrnl_Id="32">
<LocList>
<Loc EndOffset="500" SrcFileId="1" StartOffset="488"/>
</LocList>
<BasicStmnt CovItemId="S8" CovItemPrefix="Value.java" Intrnl_Id="33">
<LocList>
<Loc EndOffset="500" SrcFileId="1" StartOffset="488"/>
</LocList>
</BasicStmnt>
</StmntSeq>
</Branch>
<Branch CovItemId="B4" CovItemPrefix="Value.java" Implct="true" Intrnl_Id="34">
<Cond/>
<LocList/>
<StmntSeq Intrnl_Id="35">
<LocList/>
</StmntSeq>
</Branch>
<Keyword EndOffset="439" SrcFileId="1" StartOffset="437"/>
<LocList>
<Loc EndOffset="505" SrcFileId="1" StartOffset="437"/>
</LocList>
<RootTerm CovItemId="C2" CovItemPrefix="Value.java" Intrnl_Id="36">
<BasicBoolTerm Intrnl_Id="37">
<LocList>
<Loc EndOffset="477" SrcFileId="1" StartOffset="440"/>
</LocList>
</BasicBoolTerm>
</RootTerm>
</CondStmnt>
<BasicStmnt CovItemId="S9" CovItemPrefix="Value.java" Intrnl_Id="38">
<LocList>
<Loc EndOffset="522" SrcFileId="1" StartOffset="509"/>
</LocList>
</BasicStmnt>
</StmntSeq>
</HierarchyLvl>
<HierarchyLvl HierarchyLvlId="1079" HierarchyLvlTypeId="5" Intrnl_Id="39" Name="isDrink">
<Header>
<Loc EndOffset="565" SrcFileId="1" StartOffset="541"/>
</Header>
<LocList>
<Loc EndOffset="662" SrcFileId="1" StartOffset="541"/>
</LocList>
<StmntSeq Intrnl_Id="40">
<LocList>
<Loc EndOffset="638" SrcFileId="1" StartOffset="576"/>
<Loc EndOffset="655" SrcFileId="1" StartOffset="642"/>
</LocList>
<CondStmnt CovItemId="S10" CovItemPrefix="Value.java" Intrnl_Id="41">
<Branch CovItemId="B5" CovItemPrefix="Value.java" Implct="false" Intrnl_Id="42">
<Cond/>
<LocList>
<Loc EndOffset="638" SrcFileId="1" StartOffset="615"/>
</LocList>
<StmntSeq Intrnl_Id="43">
<LocList>
<Loc EndOffset="633" SrcFileId="1" StartOffset="621"/>
</LocList>
<BasicStmnt CovItemId="S11" CovItemPrefix="Value.java" Intrnl_Id="44">
<LocList>
<Loc EndOffset="633" SrcFileId="1" StartOffset="621"/>
</LocList>
</BasicStmnt>
</StmntSeq>
</Branch>
<Branch CovItemId="B6" CovItemPrefix="Value.java" Implct="true" Intrnl_Id="45">
<Cond/>
<LocList/>
<StmntSeq Intrnl_Id="46">
<LocList/>
</StmntSeq>
</Branch>
<Keyword EndOffset="578" SrcFileId="1" StartOffset="576"/>
<LocList>
<Loc EndOffset="638" SrcFileId="1" StartOffset="576"/>
</LocList>
<RootTerm CovItemId="C3" CovItemPrefix="Value.java" Intrnl_Id="47">
<BasicBoolTerm Intrnl_Id="48">
<LocList>
<Loc EndOffset="610" SrcFileId="1" StartOffset="579"/>
</LocList>
</BasicBoolTerm>
</RootTerm>
</CondStmnt>
<BasicStmnt CovItemId="S12" CovItemPrefix="Value.java" Intrnl_Id="49">
<LocList>
<Loc EndOffset="655" SrcFileId="1" StartOffset="642"/>
</LocList>
</BasicStmnt>
</StmntSeq>
</HierarchyLvl>
<HierarchyLvl HierarchyLvlId="1080" HierarchyLvlTypeId="5" Intrnl_Id="50" Name="isNumeric">
<Header>
<Loc EndOffset="700" SrcFileId="1" StartOffset="674"/>
</Header>
<LocList>
<Loc EndOffset="881" SrcFileId="1" StartOffset="674"/>
</LocList>
<StmntSeq Intrnl_Id="51">
<LocList>
<Loc EndOffset="854" SrcFileId="1" StartOffset="714"/>
<Loc EndOffset="874" SrcFileId="1" StartOffset="861"/>
</LocList>
<CondStmnt CovItemId="S13" CovItemPrefix="Value.java" Intrnl_Id="52">
<Branch CovItemId="B7" CovItemPrefix="Value.java" Implct="false" Intrnl_Id="53">
<Cond/>
<LocList>
<Loc EndOffset="854" SrcFileId="1" StartOffset="825"/>
</LocList>
<StmntSeq Intrnl_Id="54">
<LocList>
<Loc EndOffset="846" SrcFileId="1" StartOffset="834"/>
</LocList>
<BasicStmnt CovItemId="S14" CovItemPrefix="Value.java" Intrnl_Id="55">
<LocList>
<Loc EndOffset="846" SrcFileId="1" StartOffset="834"/>
</LocList>
</BasicStmnt>
</StmntSeq>
</Branch>
<Branch CovItemId="B8" CovItemPrefix="Value.java" Implct="true" Intrnl_Id="56">
<Cond/>
<LocList/>
<StmntSeq Intrnl_Id="57">
<LocList/>
</StmntSeq>
</Branch>
<Keyword EndOffset="716" SrcFileId="1" StartOffset="714"/>
<LocList>
<Loc EndOffset="854" SrcFileId="1" StartOffset="714"/>
</LocList>
<RootTerm CovItemId="C4" CovItemPrefix="Value.java" Intrnl_Id="58">
<OpTerm BooleanOpId="3" Intrnl_Id="59">
<OpTerm BooleanOpId="3" Intrnl_Id="60">
<OpTerm BooleanOpId="3" Intrnl_Id="61">
<BasicBoolTerm Intrnl_Id="62">
<LocList>
<Loc EndOffset="729" SrcFileId="1" StartOffset="717"/>
</LocList>
</BasicBoolTerm>
<BasicBoolTerm Intrnl_Id="63">
<LocList>
<Loc EndOffset="748" SrcFileId="1" StartOffset="733"/>
</LocList>
</BasicBoolTerm>
<LocList>
<Loc EndOffset="732" SrcFileId="1" StartOffset="730"/>
</LocList>
</OpTerm>
<BasicBoolTerm Intrnl_Id="64">
<LocList>
<Loc EndOffset="781" SrcFileId="1" StartOffset="752"/>
</LocList>
</BasicBoolTerm>
<LocList>
<Loc EndOffset="751" SrcFileId="1" StartOffset="749"/>
</LocList>
</OpTerm>
<BasicBoolTerm Intrnl_Id="65">
<LocList>
<Loc EndOffset="817" SrcFileId="1" StartOffset="785"/>
</LocList>
</BasicBoolTerm>
<LocList>
<Loc EndOffset="784" SrcFileId="1" StartOffset="782"/>
</LocList>
</OpTerm>
</RootTerm>
</CondStmnt>
<BasicStmnt CovItemId="S15" CovItemPrefix="Value.java" Intrnl_Id="66">
<LocList>
<Loc EndOffset="874" SrcFileId="1" StartOffset="861"/>
</LocList>
</BasicStmnt>
</StmntSeq>
</HierarchyLvl>
<HierarchyLvl HierarchyLvlId="1081" HierarchyLvlTypeId="5" Intrnl_Id="67" Name="isNumericExpression">
<Header>
<Loc EndOffset="929" SrcFileId="1" StartOffset="893"/>
</Header>
<LocList>
<Loc EndOffset="1401" SrcFileId="1" StartOffset="893"/>
</LocList>
<StmntSeq Intrnl_Id="68">
<LocList>
<Loc EndOffset="988" SrcFileId="1" StartOffset="948"/>
<Loc EndOffset="1107" SrcFileId="1" StartOffset="1002"/>
<Loc EndOffset="1226" SrcFileId="1" StartOffset="1121"/>
<Loc EndOffset="1374" SrcFileId="1" StartOffset="1240"/>
<Loc EndOffset="1394" SrcFileId="1" StartOffset="1381"/>
</LocList>
<BasicStmnt CovItemId="S16" CovItemPrefix="Value.java" Intrnl_Id="69">
<LocList>
<Loc EndOffset="988" SrcFileId="1" StartOffset="948"/>
</LocList>
</BasicStmnt>
<CondStmnt CovItemId="S17" CovItemPrefix="Value.java" Intrnl_Id="70">
<Branch CovItemId="B9" CovItemPrefix="Value.java" Implct="false" Intrnl_Id="71">
<Cond/>
<LocList>
<Loc EndOffset="1107" SrcFileId="1" StartOffset="1041"/>
</LocList>
<StmntSeq Intrnl_Id="72">
<LocList>
<Loc EndOffset="1099" SrcFileId="1" StartOffset="1050"/>
</LocList>
<BasicStmnt CovItemId="S18" CovItemPrefix="Value.java" Intrnl_Id="73">
<LocList>
<Loc EndOffset="1099" SrcFileId="1" StartOffset="1050"/>
</LocList>
</BasicStmnt>
</StmntSeq>
</Branch>
<Branch CovItemId="B10" CovItemPrefix="Value.java" Implct="true" Intrnl_Id="74">
<Cond/>
<LocList/>
<StmntSeq Intrnl_Id="75">
<LocList/>
</StmntSeq>
</Branch>
<Keyword EndOffset="1004" SrcFileId="1" StartOffset="1002"/>
<LocList>
<Loc EndOffset="1107" SrcFileId="1" StartOffset="1002"/>
</LocList>
<RootTerm CovItemId="C5" CovItemPrefix="Value.java" Intrnl_Id="76">
<BasicBoolTerm Intrnl_Id="77">
<LocList>
<Loc EndOffset="1033" SrcFileId="1" StartOffset="1005"/>
</LocList>
</BasicBoolTerm>
</RootTerm>
</CondStmnt>
<CondStmnt CovItemId="S19" CovItemPrefix="Value.java" Intrnl_Id="78">
<Branch CovItemId="B11" CovItemPrefix="Value.java" Implct="false" Intrnl_Id="79">
<Cond/>
<LocList>
<Loc EndOffset="1226" SrcFileId="1" StartOffset="1160"/>
</LocList>
<StmntSeq Intrnl_Id="80">
<LocList>
<Loc EndOffset="1218" SrcFileId="1" StartOffset="1169"/>
</LocList>
<BasicStmnt CovItemId="S20" CovItemPrefix="Value.java" Intrnl_Id="81">
<LocList>
<Loc EndOffset="1218" SrcFileId="1" StartOffset="1169"/>
</LocList>
</BasicStmnt>
</StmntSeq>
</Branch>
<Branch CovItemId="B12" CovItemPrefix="Value.java" Implct="true" Intrnl_Id="82">
<Cond/>
<LocList/>
<StmntSeq Intrnl_Id="83">
<LocList/>
</StmntSeq>
</Branch>
<Keyword EndOffset="1123" SrcFileId="1" StartOffset="1121"/>
<LocList>
<Loc EndOffset="1226" SrcFileId="1" StartOffset="1121"/>
</LocList>
<RootTerm CovItemId="C6" CovItemPrefix="Value.java" Intrnl_Id="84">
<BasicBoolTerm Intrnl_Id="85">
<LocList>
<Loc EndOffset="1152" SrcFileId="1" StartOffset="1124"/>
</LocList>
</BasicBoolTerm>
</RootTerm>
</CondStmnt>
<CondStmnt CovItemId="S21" CovItemPrefix="Value.java" Intrnl_Id="86">
<Branch CovItemId="B13" CovItemPrefix="Value.java" Implct="false" Intrnl_Id="87">
<Cond/>
<LocList>
<Loc EndOffset="1374" SrcFileId="1" StartOffset="1345"/>
</LocList>
<StmntSeq Intrnl_Id="88">
<LocList>
<Loc EndOffset="1366" SrcFileId="1" StartOffset="1354"/>
</LocList>
<BasicStmnt CovItemId="S22" CovItemPrefix="Value.java" Intrnl_Id="89">
<LocList>
<Loc EndOffset="1366" SrcFileId="1" StartOffset="1354"/>
</LocList>
</BasicStmnt>
</StmntSeq>
</Branch>
<Branch CovItemId="B14" CovItemPrefix="Value.java" Implct="true" Intrnl_Id="90">
<Cond/>
<LocList/>
<StmntSeq Intrnl_Id="91">
<LocList/>
</StmntSeq>
</Branch>
<Keyword EndOffset="1242" SrcFileId="1" StartOffset="1240"/>
<LocList>
<Loc EndOffset="1374" SrcFileId="1" StartOffset="1240"/>
</LocList>
<RootTerm CovItemId="C7" CovItemPrefix="Value.java" Intrnl_Id="92">
<BasicBoolTerm Intrnl_Id="93">
<LocList>
<Loc EndOffset="1337" SrcFileId="1" StartOffset="1243"/>
</LocList>
</BasicBoolTerm>
</RootTerm>
</CondStmnt>
<BasicStmnt CovItemId="S23" CovItemPrefix="Value.java" Intrnl_Id="94">
<LocList>
<Loc EndOffset="1394" SrcFileId="1" StartOffset="1381"/>
</LocList>
</BasicStmnt>
</StmntSeq>
</HierarchyLvl>
<HierarchyLvl HierarchyLvlId="1082" HierarchyLvlTypeId="5" Intrnl_Id="95" Name="isChar">
<Header>
<Loc EndOffset="1436" SrcFileId="1" StartOffset="1413"/>
</Header>
<LocList>
<Loc EndOffset="1644" SrcFileId="1" StartOffset="1413"/>
</LocList>
<StmntSeq Intrnl_Id="96">
<LocList>
<Loc EndOffset="1621" SrcFileId="1" StartOffset="1447"/>
<Loc EndOffset="1637" SrcFileId="1" StartOffset="1625"/>
</LocList>
<CondStmnt CovItemId="S24" CovItemPrefix="Value.java" Intrnl_Id="97">
<Branch CovItemId="B15" CovItemPrefix="Value.java" Implct="false" Intrnl_Id="98">
<Cond/>
<LocList>
<Loc EndOffset="1621" SrcFileId="1" StartOffset="1597"/>
</LocList>
<StmntSeq Intrnl_Id="99">
<LocList>
<Loc EndOffset="1616" SrcFileId="1" StartOffset="1603"/>
</LocList>
<BasicStmnt CovItemId="S25" CovItemPrefix="Value.java" Intrnl_Id="100">
<LocList>
<Loc EndOffset="1616" SrcFileId="1" StartOffset="1603"/>
</LocList>
</BasicStmnt>
</StmntSeq>
</Branch>
<Branch CovItemId="B16" CovItemPrefix="Value.java" Implct="true" Intrnl_Id="101">
<Cond/>
<LocList/>
<StmntSeq Intrnl_Id="102">
<LocList/>
</StmntSeq>
</Branch>
<Keyword EndOffset="1449" SrcFileId="1" StartOffset="1447"/>
<LocList>
<Loc EndOffset="1621" SrcFileId="1" StartOffset="1447"/>
</LocList>
<RootTerm CovItemId="C8" CovItemPrefix="Value.java" Intrnl_Id="103">
<OpTerm BooleanOpId="3" Intrnl_Id="104">
<OpTerm BooleanOpId="3" Intrnl_Id="105">
<BasicBoolTerm Intrnl_Id="106">
<LocList>
<Loc EndOffset="1479" SrcFileId="1" StartOffset="1450"/>
</LocList>
</BasicBoolTerm>
<BasicBoolTerm Intrnl_Id="107">
<LocList>
<Loc EndOffset="1523" SrcFileId="1" StartOffset="1490"/>
</LocList>
</BasicBoolTerm>
<LocList>
<Loc EndOffset="1482" SrcFileId="1" StartOffset="1480"/>
</LocList>
</OpTerm>
<BasicBoolTerm Intrnl_Id="108">
<LocList>
<Loc EndOffset="1592" SrcFileId="1" StartOffset="1534"/>
</LocList>
</BasicBoolTerm>
<LocList>
<Loc EndOffset="1526" SrcFileId="1" StartOffset="1524"/>
</LocList>
</OpTerm>
</RootTerm>
</CondStmnt>
<BasicStmnt CovItemId="S26" CovItemPrefix="Value.java" Intrnl_Id="109">
<LocList>
<Loc EndOffset="1637" SrcFileId="1" StartOffset="1625"/>
</LocList>
</BasicStmnt>
</StmntSeq>
</HierarchyLvl>
<HierarchyLvl HierarchyLvlId="1083" HierarchyLvlTypeId="5" Intrnl_Id="110" Name="isString">
<Header>
<Loc EndOffset="1681" SrcFileId="1" StartOffset="1656"/>
</Header>
<LocList>
<Loc EndOffset="1923" SrcFileId="1" StartOffset="1656"/>
</LocList>
<StmntSeq Intrnl_Id="111">
<LocList>
<Loc EndOffset="1900" SrcFileId="1" StartOffset="1695"/>
<Loc EndOffset="1916" SrcFileId="1" StartOffset="1904"/>
</LocList>
<CondStmnt CovItemId="S27" CovItemPrefix="Value.java" Intrnl_Id="112">
<Branch CovItemId="B17" CovItemPrefix="Value.java" Implct="false" Intrnl_Id="113">
<Cond/>
<LocList>
<Loc EndOffset="1764" SrcFileId="1" StartOffset="1734"/>
</LocList>
<StmntSeq Intrnl_Id="114">
<LocList>
<Loc EndOffset="1756" SrcFileId="1" StartOffset="1743"/>
</LocList>
<BasicStmnt CovItemId="S28" CovItemPrefix="Value.java" Intrnl_Id="115">
<LocList>
<Loc EndOffset="1756" SrcFileId="1" StartOffset="1743"/>
</LocList>
</BasicStmnt>
</StmntSeq>
</Branch>
<Branch CovItemId="B18" CovItemPrefix="Value.java" Implct="false" Intrnl_Id="116">
<Cond>
<Loc EndOffset="1775" SrcFileId="1" StartOffset="1771"/>
</Cond>
<LocList>
<Loc EndOffset="1900" SrcFileId="1" StartOffset="1776"/>
</LocList>
<StmntSeq Intrnl_Id="117">
<LocList>
<Loc EndOffset="1900" SrcFileId="1" StartOffset="1776"/>
</LocList>
<CondStmnt CovItemId="S29" CovItemPrefix="Value.java" Intrnl_Id="118">
<Branch CovItemId="B19" CovItemPrefix="Value.java" Implct="false" Intrnl_Id="119">
<Cond/>
<LocList>
<Loc EndOffset="1900" SrcFileId="1" StartOffset="1876"/>
</LocList>
<StmntSeq Intrnl_Id="120">
<LocList>
<Loc EndOffset="1895" SrcFileId="1" StartOffset="1882"/>
</LocList>
<BasicStmnt CovItemId="S30" CovItemPrefix="Value.java" Intrnl_Id="121">
<LocList>
<Loc EndOffset="1895" SrcFileId="1" StartOffset="1882"/>
</LocList>
</BasicStmnt>
</StmntSeq>
</Branch>
<Branch CovItemId="B20" CovItemPrefix="Value.java" Implct="true" Intrnl_Id="122">
<Cond/>
<LocList/>
<StmntSeq Intrnl_Id="123">
<LocList/>
</StmntSeq>
</Branch>
<Keyword EndOffset="1778" SrcFileId="1" StartOffset="1776"/>
<LocList>
<Loc EndOffset="1900" SrcFileId="1" StartOffset="1776"/>
</LocList>
<RootTerm CovItemId="C10" CovItemPrefix="Value.java" Intrnl_Id="124">
<OpTerm BooleanOpId="3" Intrnl_Id="125">
<BasicBoolTerm Intrnl_Id="126">
<LocList>
<Loc EndOffset="1811" SrcFileId="1" StartOffset="1779"/>
</LocList>
</BasicBoolTerm>
<BasicBoolTerm Intrnl_Id="127">
<LocList>
<Loc EndOffset="1871" SrcFileId="1" StartOffset="1814"/>
</LocList>
</BasicBoolTerm>
<LocList>
<Loc EndOffset="1813" SrcFileId="1" StartOffset="1811"/>
</LocList>
</OpTerm>
</RootTerm>
</CondStmnt>
</StmntSeq>
</Branch>
<Keyword EndOffset="1697" SrcFileId="1" StartOffset="1695"/>
<LocList>
<Loc EndOffset="1900" SrcFileId="1" StartOffset="1695"/>
</LocList>
<RootTerm CovItemId="C9" CovItemPrefix="Value.java" Intrnl_Id="128">
<BasicBoolTerm Intrnl_Id="129">
<LocList>
<Loc EndOffset="1726" SrcFileId="1" StartOffset="1698"/>
</LocList>
</BasicBoolTerm>
</RootTerm>
</CondStmnt>
<BasicStmnt CovItemId="S31" CovItemPrefix="Value.java" Intrnl_Id="130">
<LocList>
<Loc EndOffset="1916" SrcFileId="1" StartOffset="1904"/>
</LocList>
</BasicStmnt>
</StmntSeq>
</HierarchyLvl>
<HierarchyLvl HierarchyLvlId="1084" HierarchyLvlTypeId="5" Intrnl_Id="131" Name="isBool">
<Header>
<Loc EndOffset="1958" SrcFileId="1" StartOffset="1935"/>
</Header>
<LocList>
<Loc EndOffset="2104" SrcFileId="1" StartOffset="1935"/>
</LocList>
<StmntSeq Intrnl_Id="132">
<LocList>
<Loc EndOffset="2077" SrcFileId="1" StartOffset="1972"/>
<Loc EndOffset="2097" SrcFileId="1" StartOffset="2084"/>
</LocList>
<CondStmnt CovItemId="S32" CovItemPrefix="Value.java" Intrnl_Id="133">
<Branch CovItemId="B21" CovItemPrefix="Value.java" Implct="false" Intrnl_Id="134">
<Cond/>
<LocList>
<Loc EndOffset="2077" SrcFileId="1" StartOffset="2048"/>
</LocList>
<StmntSeq Intrnl_Id="135">
<LocList>
<Loc EndOffset="2069" SrcFileId="1" StartOffset="2057"/>
</LocList>
<BasicStmnt CovItemId="S33" CovItemPrefix="Value.java" Intrnl_Id="136">
<LocList>
<Loc EndOffset="2069" SrcFileId="1" StartOffset="2057"/>
</LocList>
</BasicStmnt>
</StmntSeq>
</Branch>
<Branch CovItemId="B22" CovItemPrefix="Value.java" Implct="true" Intrnl_Id="137">
<Cond/>
<LocList/>
<StmntSeq Intrnl_Id="138">
<LocList/>
</StmntSeq>
</Branch>
<Keyword EndOffset="1974" SrcFileId="1" StartOffset="1972"/>
<LocList>
<Loc EndOffset="2077" SrcFileId="1" StartOffset="1972"/>
</LocList>
<RootTerm CovItemId="C11" CovItemPrefix="Value.java" Intrnl_Id="139">
<OpTerm BooleanOpId="3" Intrnl_Id="140">
<BasicBoolTerm Intrnl_Id="141">
<LocList>
<Loc EndOffset="2005" SrcFileId="1" StartOffset="1975"/>
</LocList>
</BasicBoolTerm>
<BasicBoolTerm Intrnl_Id="142">
<LocList>
<Loc EndOffset="2040" SrcFileId="1" StartOffset="2009"/>
</LocList>
</BasicBoolTerm>
<LocList>
<Loc EndOffset="2008" SrcFileId="1" StartOffset="2006"/>
</LocList>
</OpTerm>
</RootTerm>
</CondStmnt>
<BasicStmnt CovItemId="S34" CovItemPrefix="Value.java" Intrnl_Id="143">
<LocList>
<Loc EndOffset="2097" SrcFileId="1" StartOffset="2084"/>
</LocList>
</BasicStmnt>
</StmntSeq>
</HierarchyLvl>
<HierarchyLvl HierarchyLvlId="1085" HierarchyLvlTypeId="5" Intrnl_Id="144" Name="isContainer">
<Header>
<Loc EndOffset="2144" SrcFileId="1" StartOffset="2116"/>
</Header>
<LocList>
<Loc EndOffset="2317" SrcFileId="1" StartOffset="2116"/>
</LocList>
<StmntSeq Intrnl_Id="145">
<LocList>
<Loc EndOffset="2290" SrcFileId="1" StartOffset="2158"/>
<Loc EndOffset="2310" SrcFileId="1" StartOffset="2297"/>
</LocList>
<CondStmnt CovItemId="S35" CovItemPrefix="Value.java" Intrnl_Id="146">
<Branch CovItemId="B23" CovItemPrefix="Value.java" Implct="false" Intrnl_Id="147">
<Cond/>
<LocList>
<Loc EndOffset="2290" SrcFileId="1" StartOffset="2261"/>
</LocList>
<StmntSeq Intrnl_Id="148">
<LocList>
<Loc EndOffset="2282" SrcFileId="1" StartOffset="2270"/>
</LocList>
<BasicStmnt CovItemId="S36" CovItemPrefix="Value.java" Intrnl_Id="149">
<LocList>
<Loc EndOffset="2282" SrcFileId="1" StartOffset="2270"/>
</LocList>
</BasicStmnt>
</StmntSeq>
</Branch>
<Branch CovItemId="B24" CovItemPrefix="Value.java" Implct="true" Intrnl_Id="150">
<Cond/>
<LocList/>
<StmntSeq Intrnl_Id="151">
<LocList/>
</StmntSeq>
</Branch>
<Keyword EndOffset="2160" SrcFileId="1" StartOffset="2158"/>
<LocList>
<Loc EndOffset="2290" SrcFileId="1" StartOffset="2158"/>
</LocList>
<RootTerm CovItemId="C12" CovItemPrefix="Value.java" Intrnl_Id="152">
<OpTerm BooleanOpId="3" Intrnl_Id="153">
<BasicBoolTerm Intrnl_Id="154">
<LocList>
<Loc EndOffset="2214" SrcFileId="1" StartOffset="2161"/>
</LocList>
</BasicBoolTerm>
<BasicBoolTerm Intrnl_Id="155">
<LocList>
<Loc EndOffset="2253" SrcFileId="1" StartOffset="2218"/>
</LocList>
</BasicBoolTerm>
<LocList>
<Loc EndOffset="2217" SrcFileId="1" StartOffset="2215"/>
</LocList>
</OpTerm>
</RootTerm>
</CondStmnt>
<BasicStmnt CovItemId="S37" CovItemPrefix="Value.java" Intrnl_Id="156">
<LocList>
<Loc EndOffset="2310" SrcFileId="1" StartOffset="2297"/>
</LocList>
</BasicStmnt>
</StmntSeq>
</HierarchyLvl>
<HierarchyLvl HierarchyLvlId="1086" HierarchyLvlTypeId="5" Intrnl_Id="157" Name="isSameType">
<Header>
<Loc EndOffset="2365" SrcFileId="1" StartOffset="2329"/>
</Header>
<LocList>
<Loc EndOffset="2904" SrcFileId="1" StartOffset="2329"/>
</LocList>
<StmntSeq Intrnl_Id="158">
<LocList>
<Loc EndOffset="2448" SrcFileId="1" StartOffset="2379"/>
<Loc EndOffset="2870" SrcFileId="1" StartOffset="2455"/>
<Loc EndOffset="2897" SrcFileId="1" StartOffset="2884"/>
</LocList>
<CondStmnt CovItemId="S38" CovItemPrefix="Value.java" Intrnl_Id="159">
<Branch CovItemId="B25" CovItemPrefix="Value.java" Implct="false" Intrnl_Id="160">
<Cond/>
<LocList>
<Loc EndOffset="2448" SrcFileId="1" StartOffset="2419"/>
</LocList>
<StmntSeq Intrnl_Id="161">
<LocList>
<Loc EndOffset="2440" SrcFileId="1" StartOffset="2428"/>
</LocList>
<BasicStmnt CovItemId="S39" CovItemPrefix="Value.java" Intrnl_Id="162">
<LocList>
<Loc EndOffset="2440" SrcFileId="1" StartOffset="2428"/>
</LocList>
</BasicStmnt>
</StmntSeq>
</Branch>
<Branch CovItemId="B26" CovItemPrefix="Value.java" Implct="true" Intrnl_Id="163">
<Cond/>
<LocList/>
<StmntSeq Intrnl_Id="164">
<LocList/>
</StmntSeq>
</Branch>
<Keyword EndOffset="2381" SrcFileId="1" StartOffset="2379"/>
<LocList>
<Loc EndOffset="2448" SrcFileId="1" StartOffset="2379"/>
</LocList>
<RootTerm CovItemId="C13" CovItemPrefix="Value.java" Intrnl_Id="165">
<OpTerm BooleanOpId="2" Intrnl_Id="166">
<BasicBoolTerm Intrnl_Id="167">
<LocList>
<Loc EndOffset="2395" SrcFileId="1" StartOffset="2382"/>
</LocList>
</BasicBoolTerm>
<BasicBoolTerm Intrnl_Id="168">
<LocList>
<Loc EndOffset="2411" SrcFileId="1" StartOffset="2399"/>
</LocList>
</BasicBoolTerm>
<LocList>
<Loc EndOffset="2398" SrcFileId="1" StartOffset="2396"/>
</LocList>
</OpTerm>
</RootTerm>
</CondStmnt>
<CondStmnt CovItemId="S40" CovItemPrefix="Value.java" Intrnl_Id="169">
<Branch CovItemId="B27" CovItemPrefix="Value.java" Implct="false" Intrnl_Id="170">
<Cond/>
<LocList>
<Loc EndOffset="2534" SrcFileId="1" StartOffset="2505"/>
</LocList>
<StmntSeq Intrnl_Id="171">
<LocList>
<Loc EndOffset="2526" SrcFileId="1" StartOffset="2514"/>
</LocList>
<BasicStmnt CovItemId="S41" CovItemPrefix="Value.java" Intrnl_Id="172">
<LocList>
<Loc EndOffset="2526" SrcFileId="1" StartOffset="2514"/>
</LocList>
</BasicStmnt>
</StmntSeq>
</Branch>
<Branch CovItemId="B28" CovItemPrefix="Value.java" Implct="false" Intrnl_Id="173">
<Cond>
<Loc EndOffset="2545" SrcFileId="1" StartOffset="2541"/>
</Cond>
<LocList>
<Loc EndOffset="2870" SrcFileId="1" StartOffset="2546"/>
</LocList>
<StmntSeq Intrnl_Id="174">
<LocList>
<Loc EndOffset="2870" SrcFileId="1" StartOffset="2546"/>
</LocList>
<CondStmnt CovItemId="S42" CovItemPrefix="Value.java" Intrnl_Id="175">
<Branch CovItemId="B29" CovItemPrefix="Value.java" Implct="false" Intrnl_Id="176">
<Cond/>
<LocList>
<Loc EndOffset="2615" SrcFileId="1" StartOffset="2586"/>
</LocList>
<StmntSeq Intrnl_Id="177">
<LocList>
<Loc EndOffset="2607" SrcFileId="1" StartOffset="2595"/>
</LocList>
<BasicStmnt CovItemId="S43" CovItemPrefix="Value.java" Intrnl_Id="178">
<LocList>
<Loc EndOffset="2607" SrcFileId="1" StartOffset="2595"/>
</LocList>
</BasicStmnt>
</StmntSeq>
</Branch>
<Branch CovItemId="B30" CovItemPrefix="Value.java" Implct="false" Intrnl_Id="179">
<Cond>
<Loc EndOffset="2626" SrcFileId="1" StartOffset="2622"/>
</Cond>
<LocList>
<Loc EndOffset="2870" SrcFileId="1" StartOffset="2627"/>
</LocList>
<StmntSeq Intrnl_Id="180">
<LocList>
<Loc EndOffset="2870" SrcFileId="1" StartOffset="2627"/>
</LocList>
<CondStmnt CovItemId="S44" CovItemPrefix="Value.java" Intrnl_Id="181">
<Branch CovItemId="B31" CovItemPrefix="Value.java" Implct="false" Intrnl_Id="182">
<Cond/>
<LocList>
<Loc EndOffset="2702" SrcFileId="1" StartOffset="2673"/>
</LocList>
<StmntSeq Intrnl_Id="183">
<LocList>
<Loc EndOffset="2694" SrcFileId="1" StartOffset="2682"/>
</LocList>
<BasicStmnt CovItemId="S45" CovItemPrefix="Value.java" Intrnl_Id="184">
<LocList>
<Loc EndOffset="2694" SrcFileId="1" StartOffset="2682"/>
</LocList>
</BasicStmnt>
</StmntSeq>
</Branch>
<Branch CovItemId="B32" CovItemPrefix="Value.java" Implct="false" Intrnl_Id="185">
<Cond>
<Loc EndOffset="2713" SrcFileId="1" StartOffset="2709"/>
</Cond>
<LocList>
<Loc EndOffset="2870" SrcFileId="1" StartOffset="2714"/>
</LocList>
<StmntSeq Intrnl_Id="186">
<LocList>
<Loc EndOffset="2870" SrcFileId="1" StartOffset="2714"/>
</LocList>
<CondStmnt CovItemId="S46" CovItemPrefix="Value.java" Intrnl_Id="187">
<Branch CovItemId="B33" CovItemPrefix="Value.java" Implct="false" Intrnl_Id="188">
<Cond/>
<LocList>
<Loc EndOffset="2787" SrcFileId="1" StartOffset="2758"/>
</LocList>
<StmntSeq Intrnl_Id="189">
<LocList>
<Loc EndOffset="2779" SrcFileId="1" StartOffset="2767"/>
</LocList>
<BasicStmnt CovItemId="S47" CovItemPrefix="Value.java" Intrnl_Id="190">
<LocList>
<Loc EndOffset="2779" SrcFileId="1" StartOffset="2767"/>
</LocList>
</BasicStmnt>
</StmntSeq>
</Branch>
<Branch CovItemId="B34" CovItemPrefix="Value.java" Implct="false" Intrnl_Id="191">
<Cond>
<Loc EndOffset="2798" SrcFileId="1" StartOffset="2794"/>
</Cond>
<LocList>
<Loc EndOffset="2870" SrcFileId="1" StartOffset="2799"/>
</LocList>
<StmntSeq Intrnl_Id="192">
<LocList>
<Loc EndOffset="2870" SrcFileId="1" StartOffset="2799"/>
</LocList>
<CondStmnt CovItemId="S48" CovItemPrefix="Value.java" Intrnl_Id="193">
<Branch CovItemId="B35" CovItemPrefix="Value.java" Implct="false" Intrnl_Id="194">
<Cond/>
<LocList>
<Loc EndOffset="2870" SrcFileId="1" StartOffset="2841"/>
</LocList>
<StmntSeq Intrnl_Id="195">
<LocList>
<Loc EndOffset="2862" SrcFileId="1" StartOffset="2850"/>
</LocList>
<BasicStmnt CovItemId="S49" CovItemPrefix="Value.java" Intrnl_Id="196">
<LocList>
<Loc EndOffset="2862" SrcFileId="1" StartOffset="2850"/>
</LocList>
</BasicStmnt>
</StmntSeq>
</Branch>
<Branch CovItemId="B36" CovItemPrefix="Value.java" Implct="true" Intrnl_Id="197">
<Cond/>
<LocList/>
<StmntSeq Intrnl_Id="198">
<LocList/>
</StmntSeq>
</Branch>
<Keyword EndOffset="2801" SrcFileId="1" StartOffset="2799"/>
<LocList>
<Loc EndOffset="2870" SrcFileId="1" StartOffset="2799"/>
</LocList>
<RootTerm CovItemId="C18" CovItemPrefix="Value.java" Intrnl_Id="199">
<OpTerm BooleanOpId="2" Intrnl_Id="200">
<BasicBoolTerm Intrnl_Id="201">
<LocList>
<Loc EndOffset="2816" SrcFileId="1" StartOffset="2802"/>
</LocList>
</BasicBoolTerm>
<BasicBoolTerm Intrnl_Id="202">
<LocList>
<Loc EndOffset="2833" SrcFileId="1" StartOffset="2820"/>
</LocList>
</BasicBoolTerm>
<LocList>
<Loc EndOffset="2819" SrcFileId="1" StartOffset="2817"/>
</LocList>
</OpTerm>
</RootTerm>
</CondStmnt>
</StmntSeq>
</Branch>
<Keyword EndOffset="2716" SrcFileId="1" StartOffset="2714"/>
<LocList>
<Loc EndOffset="2870" SrcFileId="1" StartOffset="2714"/>
</LocList>
<RootTerm CovItemId="C17" CovItemPrefix="Value.java" Intrnl_Id="203">
<OpTerm BooleanOpId="2" Intrnl_Id="204">
<BasicBoolTerm Intrnl_Id="205">
<LocList>
<Loc EndOffset="2732" SrcFileId="1" StartOffset="2717"/>
</LocList>
</BasicBoolTerm>
<BasicBoolTerm Intrnl_Id="206">
<LocList>
<Loc EndOffset="2750" SrcFileId="1" StartOffset="2736"/>
</LocList>
</BasicBoolTerm>
<LocList>
<Loc EndOffset="2735" SrcFileId="1" StartOffset="2733"/>
</LocList>
</OpTerm>
</RootTerm>
</CondStmnt>
</StmntSeq>
</Branch>
<Keyword EndOffset="2629" SrcFileId="1" StartOffset="2627"/>
<LocList>
<Loc EndOffset="2870" SrcFileId="1" StartOffset="2627"/>
</LocList>
<RootTerm CovItemId="C16" CovItemPrefix="Value.java" Intrnl_Id="207">
<OpTerm BooleanOpId="2" Intrnl_Id="208">
<BasicBoolTerm Intrnl_Id="209">
<LocList>
<Loc EndOffset="2646" SrcFileId="1" StartOffset="2630"/>
</LocList>
</BasicBoolTerm>
<BasicBoolTerm Intrnl_Id="210">
<LocList>
<Loc EndOffset="2665" SrcFileId="1" StartOffset="2650"/>
</LocList>
</BasicBoolTerm>
<LocList>
<Loc EndOffset="2649" SrcFileId="1" StartOffset="2647"/>
</LocList>
</OpTerm>
</RootTerm>
</CondStmnt>
</StmntSeq>
</Branch>
<Keyword EndOffset="2548" SrcFileId="1" StartOffset="2546"/>
<LocList>
<Loc EndOffset="2870" SrcFileId="1" StartOffset="2546"/>
</LocList>
<RootTerm CovItemId="C15" CovItemPrefix="Value.java" Intrnl_Id="211">
<OpTerm BooleanOpId="2" Intrnl_Id="212">
<BasicBoolTerm Intrnl_Id="213">
<LocList>
<Loc EndOffset="2562" SrcFileId="1" StartOffset="2549"/>
</LocList>
</BasicBoolTerm>
<BasicBoolTerm Intrnl_Id="214">
<LocList>
<Loc EndOffset="2578" SrcFileId="1" StartOffset="2566"/>
</LocList>
</BasicBoolTerm>
<LocList>
<Loc EndOffset="2565" SrcFileId="1" StartOffset="2563"/>
</LocList>
</OpTerm>
</RootTerm>
</CondStmnt>
</StmntSeq>
</Branch>
<Keyword EndOffset="2457" SrcFileId="1" StartOffset="2455"/>
<LocList>
<Loc EndOffset="2870" SrcFileId="1" StartOffset="2455"/>
</LocList>
<RootTerm CovItemId="C14" CovItemPrefix="Value.java" Intrnl_Id="215">
<OpTerm BooleanOpId="2" Intrnl_Id="216">
<BasicBoolTerm Intrnl_Id="217">
<LocList>
<Loc EndOffset="2476" SrcFileId="1" StartOffset="2458"/>
</LocList>
</BasicBoolTerm>
<BasicBoolTerm Intrnl_Id="218">
<LocList>
<Loc EndOffset="2497" SrcFileId="1" StartOffset="2480"/>
</LocList>
</BasicBoolTerm>
<LocList>
<Loc EndOffset="2479" SrcFileId="1" StartOffset="2477"/>
</LocList>
</OpTerm>
</RootTerm>
</CondStmnt>
<BasicStmnt CovItemId="S50" CovItemPrefix="Value.java" Intrnl_Id="219">
<LocList>
<Loc EndOffset="2897" SrcFileId="1" StartOffset="2884"/>
</LocList>
</BasicStmnt>
</StmntSeq>
</HierarchyLvl>
<HierarchyLvl HierarchyLvlId="1087" HierarchyLvlTypeId="5" Intrnl_Id="220" Name="GetType">
<Header>
<Loc EndOffset="2939" SrcFileId="1" StartOffset="2916"/>
</Header>
<LocList>
<Loc EndOffset="3711" SrcFileId="1" StartOffset="2916"/>
</LocList>
<StmntSeq Intrnl_Id="221">
<LocList>
<Loc EndOffset="3704" SrcFileId="1" StartOffset="2953"/>
</LocList>
<CondStmnt CovItemId="S51" CovItemPrefix="Value.java" Intrnl_Id="222">
<Branch CovItemId="B37" CovItemPrefix="Value.java" Implct="false" Intrnl_Id="223">
<Cond/>
<LocList>
<Loc EndOffset="3042" SrcFileId="1" StartOffset="3011"/>
</LocList>
<StmntSeq Intrnl_Id="224">
<LocList>
<Loc EndOffset="3034" SrcFileId="1" StartOffset="3020"/>
</LocList>
<BasicStmnt CovItemId="S52" CovItemPrefix="Value.java" Intrnl_Id="225">
<LocList>
<Loc EndOffset="3034" SrcFileId="1" StartOffset="3020"/>
</LocList>
</BasicStmnt>
</StmntSeq>
</Branch>
<Branch CovItemId="B38" CovItemPrefix="Value.java" Implct="false" Intrnl_Id="226">
<Cond>
<Loc EndOffset="3053" SrcFileId="1" StartOffset="3049"/>
</Cond>
<LocList>
<Loc EndOffset="3704" SrcFileId="1" StartOffset="3054"/>
</LocList>
<StmntSeq Intrnl_Id="227">
<LocList>
<Loc EndOffset="3704" SrcFileId="1" StartOffset="3054"/>
</LocList>
<CondStmnt CovItemId="S53" CovItemPrefix="Value.java" Intrnl_Id="228">
<Branch CovItemId="B39" CovItemPrefix="Value.java" Implct="false" Intrnl_Id="229">
<Cond/>
<LocList>
<Loc EndOffset="3158" SrcFileId="1" StartOffset="3122"/>
</LocList>
<StmntSeq Intrnl_Id="230">
<LocList>
<Loc EndOffset="3150" SrcFileId="1" StartOffset="3131"/>
</LocList>
<BasicStmnt CovItemId="S54" CovItemPrefix="Value.java" Intrnl_Id="231">
<LocList>
<Loc EndOffset="3150" SrcFileId="1" StartOffset="3131"/>
</LocList>
</BasicStmnt>
</StmntSeq>
</Branch>
<Branch CovItemId="B40" CovItemPrefix="Value.java" Implct="false" Intrnl_Id="232">
<Cond>
<Loc EndOffset="3169" SrcFileId="1" StartOffset="3165"/>
</Cond>
<LocList>
<Loc EndOffset="3704" SrcFileId="1" StartOffset="3170"/>
</LocList>
<StmntSeq Intrnl_Id="233">
<LocList>
<Loc EndOffset="3704" SrcFileId="1" StartOffset="3170"/>
</LocList>
<CondStmnt CovItemId="S55" CovItemPrefix="Value.java" Intrnl_Id="234">
<Branch CovItemId="B41" CovItemPrefix="Value.java" Implct="false" Intrnl_Id="235">
<Cond/>
<LocList>
<Loc EndOffset="3256" SrcFileId="1" StartOffset="3226"/>
</LocList>
<StmntSeq Intrnl_Id="236">
<LocList>
<Loc EndOffset="3248" SrcFileId="1" StartOffset="3235"/>
</LocList>
<BasicStmnt CovItemId="S56" CovItemPrefix="Value.java" Intrnl_Id="237">
<LocList>
<Loc EndOffset="3248" SrcFileId="1" StartOffset="3235"/>
</LocList>
</BasicStmnt>
</StmntSeq>
</Branch>
<Branch CovItemId="B42" CovItemPrefix="Value.java" Implct="false" Intrnl_Id="238">
<Cond>
<Loc EndOffset="3267" SrcFileId="1" StartOffset="3263"/>
</Cond>
<LocList>
<Loc EndOffset="3704" SrcFileId="1" StartOffset="3268"/>
</LocList>
<StmntSeq Intrnl_Id="239">
<LocList>
<Loc EndOffset="3704" SrcFileId="1" StartOffset="3268"/>
</LocList>
<CondStmnt CovItemId="S57" CovItemPrefix="Value.java" Intrnl_Id="240">
<Branch CovItemId="B43" CovItemPrefix="Value.java" Implct="false" Intrnl_Id="241">
<Cond/>
<LocList>
<Loc EndOffset="3363" SrcFileId="1" StartOffset="3330"/>
</LocList>
<StmntSeq Intrnl_Id="242">
<LocList>
<Loc EndOffset="3355" SrcFileId="1" StartOffset="3339"/>
</LocList>
<BasicStmnt CovItemId="S58" CovItemPrefix="Value.java" Intrnl_Id="243">
<LocList>
<Loc EndOffset="3355" SrcFileId="1" StartOffset="3339"/>
</LocList>
</BasicStmnt>
</StmntSeq>
</Branch>
<Branch CovItemId="B44" CovItemPrefix="Value.java" Implct="false" Intrnl_Id="244">
<Cond>
<Loc EndOffset="3374" SrcFileId="1" StartOffset="3370"/>
</Cond>
<LocList>
<Loc EndOffset="3704" SrcFileId="1" StartOffset="3375"/>
</LocList>
<StmntSeq Intrnl_Id="245">
<LocList>
<Loc EndOffset="3704" SrcFileId="1" StartOffset="3375"/>
</LocList>
<CondStmnt CovItemId="S59" CovItemPrefix="Value.java" Intrnl_Id="246">
<Branch CovItemId="B45" CovItemPrefix="Value.java" Implct="false" Intrnl_Id="247">
<Cond/>
<LocList>
<Loc EndOffset="3464" SrcFileId="1" StartOffset="3433"/>
</LocList>
<StmntSeq Intrnl_Id="248">
<LocList>
<Loc EndOffset="3456" SrcFileId="1" StartOffset="3442"/>
</LocList>
<BasicStmnt CovItemId="S60" CovItemPrefix="Value.java" Intrnl_Id="249">
<LocList>
<Loc EndOffset="3456" SrcFileId="1" StartOffset="3442"/>
</LocList>
</BasicStmnt>
</StmntSeq>
</Branch>
<Branch CovItemId="B46" CovItemPrefix="Value.java" Implct="false" Intrnl_Id="250">
<Cond>
<Loc EndOffset="3475" SrcFileId="1" StartOffset="3471"/>
</Cond>
<LocList>
<Loc EndOffset="3704" SrcFileId="1" StartOffset="3476"/>
</LocList>
<StmntSeq Intrnl_Id="251">
<LocList>
<Loc EndOffset="3704" SrcFileId="1" StartOffset="3476"/>
</LocList>
<CondStmnt CovItemId="S61" CovItemPrefix="Value.java" Intrnl_Id="252">
<Branch CovItemId="B47" CovItemPrefix="Value.java" Implct="false" Intrnl_Id="253">
<Cond/>
<LocList>
<Loc EndOffset="3571" SrcFileId="1" StartOffset="3538"/>
</LocList>
<StmntSeq Intrnl_Id="254">
<LocList>
<Loc EndOffset="3563" SrcFileId="1" StartOffset="3547"/>
</LocList>
<BasicStmnt CovItemId="S62" CovItemPrefix="Value.java" Intrnl_Id="255">
<LocList>
<Loc EndOffset="3563" SrcFileId="1" StartOffset="3547"/>
</LocList>
</BasicStmnt>
</StmntSeq>
</Branch>
<Branch CovItemId="B48" CovItemPrefix="Value.java" Implct="false" Intrnl_Id="256">
<Cond>
<Loc EndOffset="3582" SrcFileId="1" StartOffset="3578"/>
</Cond>
<LocList>
<Loc EndOffset="3704" SrcFileId="1" StartOffset="3583"/>
</LocList>
<StmntSeq Intrnl_Id="257">
<LocList>
<Loc EndOffset="3704" SrcFileId="1" StartOffset="3583"/>
</LocList>
<CondStmnt CovItemId="S63" CovItemPrefix="Value.java" Intrnl_Id="258">
<Branch CovItemId="B49" CovItemPrefix="Value.java" Implct="false" Intrnl_Id="259">
<Cond/>
<LocList>
<Loc EndOffset="3657" SrcFileId="1" StartOffset="3625"/>
</LocList>
<StmntSeq Intrnl_Id="260">
<LocList>
<Loc EndOffset="3649" SrcFileId="1" StartOffset="3634"/>
</LocList>
<BasicStmnt CovItemId="S64" CovItemPrefix="Value.java" Intrnl_Id="261">
<LocList>
<Loc EndOffset="3649" SrcFileId="1" StartOffset="3634"/>
</LocList>
</BasicStmnt>
</StmntSeq>
</Branch>
<Branch CovItemId="B50" CovItemPrefix="Value.java" Implct="false" Intrnl_Id="262">
<Cond>
<Loc EndOffset="3668" SrcFileId="1" StartOffset="3664"/>
</Cond>
<LocList>
<Loc EndOffset="3704" SrcFileId="1" StartOffset="3675"/>
</LocList>
<StmntSeq Intrnl_Id="263">
<LocList>
<Loc EndOffset="3696" SrcFileId="1" StartOffset="3684"/>
</LocList>
<BasicStmnt CovItemId="S65" CovItemPrefix="Value.java" Intrnl_Id="264">
<LocList>
<Loc EndOffset="3696" SrcFileId="1" StartOffset="3684"/>
</LocList>
</BasicStmnt>
</StmntSeq>
</Branch>
<Keyword EndOffset="3585" SrcFileId="1" StartOffset="3583"/>
<LocList>
<Loc EndOffset="3704" SrcFileId="1" StartOffset="3583"/>
</LocList>
<RootTerm CovItemId="C25" CovItemPrefix="Value.java" Intrnl_Id="265">
<BasicBoolTerm Intrnl_Id="266">
<LocList>
<Loc EndOffset="3617" SrcFileId="1" StartOffset="3586"/>
</LocList>
</BasicBoolTerm>
</RootTerm>
</CondStmnt>
</StmntSeq>
</Branch>
<Keyword EndOffset="3478" SrcFileId="1" StartOffset="3476"/>
<LocList>
<Loc EndOffset="3704" SrcFileId="1" StartOffset="3476"/>
</LocList>
<RootTerm CovItemId="C24" CovItemPrefix="Value.java" Intrnl_Id="267">
<OpTerm BooleanOpId="3" Intrnl_Id="268">
<BasicBoolTerm Intrnl_Id="269">
<LocList>
<Loc EndOffset="3494" SrcFileId="1" StartOffset="3479"/>
</LocList>
</BasicBoolTerm>
<BasicBoolTerm Intrnl_Id="270">
<LocList>
<Loc EndOffset="3530" SrcFileId="1" StartOffset="3498"/>
</LocList>
</BasicBoolTerm>
<LocList>
<Loc EndOffset="3497" SrcFileId="1" StartOffset="3495"/>
</LocList>
</OpTerm>
</RootTerm>
</CondStmnt>
</StmntSeq>
</Branch>
<Keyword EndOffset="3377" SrcFileId="1" StartOffset="3375"/>
<LocList>
<Loc EndOffset="3704" SrcFileId="1" StartOffset="3375"/>
</LocList>
<RootTerm CovItemId="C23" CovItemPrefix="Value.java" Intrnl_Id="271">
<OpTerm BooleanOpId="3" Intrnl_Id="272">
<BasicBoolTerm Intrnl_Id="273">
<LocList>
<Loc EndOffset="3391" SrcFileId="1" StartOffset="3378"/>
</LocList>
</BasicBoolTerm>
<BasicBoolTerm Intrnl_Id="274">
<LocList>
<Loc EndOffset="3425" SrcFileId="1" StartOffset="3395"/>
</LocList>
</BasicBoolTerm>
<LocList>
<Loc EndOffset="3394" SrcFileId="1" StartOffset="3392"/>
</LocList>
</OpTerm>
</RootTerm>
</CondStmnt>
</StmntSeq>
</Branch>
<Keyword EndOffset="3270" SrcFileId="1" StartOffset="3268"/>
<LocList>
<Loc EndOffset="3704" SrcFileId="1" StartOffset="3268"/>
</LocList>
<RootTerm CovItemId="C22" CovItemPrefix="Value.java" Intrnl_Id="275">
<OpTerm BooleanOpId="3" Intrnl_Id="276">
<BasicBoolTerm Intrnl_Id="277">
<LocList>
<Loc EndOffset="3286" SrcFileId="1" StartOffset="3271"/>
</LocList>
</BasicBoolTerm>
<BasicBoolTerm Intrnl_Id="278">
<LocList>
<Loc EndOffset="3322" SrcFileId="1" StartOffset="3290"/>
</LocList>
</BasicBoolTerm>
<LocList>
<Loc EndOffset="3289" SrcFileId="1" StartOffset="3287"/>
</LocList>
</OpTerm>
</RootTerm>
</CondStmnt>
</StmntSeq>
</Branch>
<Keyword EndOffset="3172" SrcFileId="1" StartOffset="3170"/>
<LocList>
<Loc EndOffset="3704" SrcFileId="1" StartOffset="3170"/>
</LocList>
<RootTerm CovItemId="C21" CovItemPrefix="Value.java" Intrnl_Id="279">
<OpTerm BooleanOpId="3" Intrnl_Id="280">
<BasicBoolTerm Intrnl_Id="281">
<LocList>
<Loc EndOffset="3185" SrcFileId="1" StartOffset="3173"/>
</LocList>
</BasicBoolTerm>
<BasicBoolTerm Intrnl_Id="282">
<LocList>
<Loc EndOffset="3218" SrcFileId="1" StartOffset="3189"/>
</LocList>
</BasicBoolTerm>
<LocList>
<Loc EndOffset="3188" SrcFileId="1" StartOffset="3186"/>
</LocList>
</OpTerm>
</RootTerm>
</CondStmnt>
</StmntSeq>
</Branch>
<Keyword EndOffset="3056" SrcFileId="1" StartOffset="3054"/>
<LocList>
<Loc EndOffset="3704" SrcFileId="1" StartOffset="3054"/>
</LocList>
<RootTerm CovItemId="C20" CovItemPrefix="Value.java" Intrnl_Id="283">
<OpTerm BooleanOpId="3" Intrnl_Id="284">
<BasicBoolTerm Intrnl_Id="285">
<LocList>
<Loc EndOffset="3092" SrcFileId="1" StartOffset="3057"/>
</LocList>
</BasicBoolTerm>
<BasicBoolTerm Intrnl_Id="286">
<LocList>
<Loc EndOffset="3114" SrcFileId="1" StartOffset="3096"/>
</LocList>
</BasicBoolTerm>
<LocList>
<Loc EndOffset="3095" SrcFileId="1" StartOffset="3093"/>
</LocList>
</OpTerm>
</RootTerm>
</CondStmnt>
</StmntSeq>
</Branch>
<Keyword EndOffset="2955" SrcFileId="1" StartOffset="2953"/>
<LocList>
<Loc EndOffset="3704" SrcFileId="1" StartOffset="2953"/>
</LocList>
<RootTerm CovItemId="C19" CovItemPrefix="Value.java" Intrnl_Id="287">
<OpTerm BooleanOpId="3" Intrnl_Id="288">
<BasicBoolTerm Intrnl_Id="289">
<LocList>
<Loc EndOffset="2969" SrcFileId="1" StartOffset="2956"/>
</LocList>
</BasicBoolTerm>
<BasicBoolTerm Intrnl_Id="290">
<LocList>
<Loc EndOffset="3003" SrcFileId="1" StartOffset="2973"/>
</LocList>
</BasicBoolTerm>
<LocList>
<Loc EndOffset="2972" SrcFileId="1" StartOffset="2970"/>
</LocList>
</OpTerm>
</RootTerm>
</CondStmnt>
</StmntSeq>
</HierarchyLvl>
<HierarchyLvl HierarchyLvlId="1088" HierarchyLvlTypeId="5" Intrnl_Id="291" Name="toString">
<Header>
<Loc EndOffset="3758" SrcFileId="1" StartOffset="3719"/>
</Header>
<LocList>
<Loc EndOffset="3806" SrcFileId="1" StartOffset="3719"/>
</LocList>
<StmntSeq Intrnl_Id="292">
<LocList>
<Loc EndOffset="3799" SrcFileId="1" StartOffset="3770"/>
</LocList>
<BasicStmnt CovItemId="S66" CovItemPrefix="Value.java" Intrnl_Id="293">
<LocList>
<Loc EndOffset="3799" SrcFileId="1" StartOffset="3770"/>
</LocList>
</BasicStmnt>
</StmntSeq>
</HierarchyLvl>
</HierarchyLvl>
</HierarchyLvl>
</MASTRoot>
</TestSessionContainer>
