<?xml version="1.0" encoding="UTF-8"?><TestSessionContainer xmlns="http://www.codecover.org/xml/testsession-container" Date="1367932210214" TestSessionContainerId="3743a13c-d565-46c9-a5b3-7d8579470f0f" version="1.0">
<SrcFileList>
<SrcFile Content="&#13;&#10;public class Value {&#13;&#10;&#9;public static Value VOID = new Value(new Object());&#13;&#10;&#13;&#10;    final Object value;&#13;&#10;&#13;&#10;    public Value(Object value) {&#13;&#10;        this.value = value;&#13;&#10;    }&#13;&#10;    &#13;&#10;    public Value()&#13;&#10;    {&#13;&#10;    &#9;this.value = &quot;&quot;;&#13;&#10;    }&#13;&#10;&#13;&#10;    public boolean isDouble() &#13;&#10;    {&#13;&#10;&#9;&#9;if(this.toString().matches(&quot;((-)?[0-9]+)\\.([0-9]){1,2}&quot;))&#13;&#10;&#9;&#9;{&#13;&#10;&#9;&#9;&#9;return true;&#13;&#10;&#9;&#9;}&#13;&#10;&#9;&#9;return false;&#13;&#10;    }&#13;&#10;    &#13;&#10;    public boolean isInt()&#13;&#10;    {&#13;&#10;&#9;&#9;if(this.toString().matches(&quot;(-)?[0-9]+&quot;))&#13;&#10;&#9;&#9;{&#13;&#10;&#9;&#9;&#9;return true;&#13;&#10;&#9;&#9;}&#13;&#10;&#9;&#9;return false;&#13;&#10;    }&#13;&#10;    &#13;&#10;    public boolean isDrink()&#13;&#10;    {&#13;&#10;&#9;&#9;if(this.toString().equals(&quot;drink&quot;))&#13;&#10;&#9;&#9;{&#13;&#10;&#9;&#9;&#9;return true;&#13;&#10;&#9;&#9;}&#13;&#10;&#9;&#9;return false;&#13;&#10;    }&#13;&#10;    &#13;&#10;    public boolean isNumeric()&#13;&#10;    {&#13;&#10;    &#9;if(this.isInt() || this.isDouble() || this.toString().equals(&quot;int&quot;) || this.toString().equals(&quot;double&quot;))&#13;&#10;    &#9;{&#13;&#10;    &#9;&#9;return true;&#13;&#10;    &#9;}&#13;&#10;    &#9;return false;&#13;&#10;    }&#13;&#10;    &#13;&#10;    public boolean isNumericExpression()&#13;&#10;    {&#13;&#10;    &#9;int i = 0;&#13;&#10;    &#9;if(this.toString().contains(&quot;(&quot;))&#13;&#10;    &#9;{&#13;&#10;    &#9;&#9;if(!this.toString().contains(&quot;)&quot;))&#13;&#10;    &#9;&#9;{&#13;&#10;    &#9;&#9;&#9;return false;&#13;&#10;    &#9;&#9;}&#13;&#10;    &#9;}&#13;&#10;    &#9;if(this.toString().matches(&quot;(-)?[0-9]+(\\.[0-9]{1,2})?((\\+|\\-|\\*|\\/)[0-9]+(\\.[0-9]{1,2})?)*&quot;))&#13;&#10;    &#9;{&#13;&#10;    &#9;&#9;return true;&#13;&#10;    &#9;}&#13;&#10;    &#9;return false;&#13;&#10;    }&#13;&#10;    &#13;&#10;    public boolean isChar()&#13;&#10;    {&#13;&#10;&#9;&#9;if(this.toString().length() != 3 || &#13;&#10;&#9;&#9;   this.toString().charAt(0) != '\'' || &#13;&#10;&#9;&#9;   this.toString().charAt(this.toString().length()-1) != '\'')&#13;&#10;&#9;&#9;{&#13;&#10;&#9;&#9;&#9;return false;&#13;&#10;&#9;&#9;}&#13;&#10;&#9;&#9;return true;&#13;&#10;    }&#13;&#10;    &#13;&#10;    public boolean isString()&#13;&#10;    {&#13;&#10;    &#9;if(this.toString().length() &lt; 2)&#13;&#10;    &#9;{&#13;&#10;    &#9;&#9;return false;&#13;&#10;    &#9;}&#13;&#10;    &#9;else if(this.toString().charAt(0) != '&quot;'|| this.toString().charAt(this.toString().length()-1) != '&quot;')&#13;&#10;&#9;&#9;{&#13;&#10;&#9;&#9;&#9;return false;&#13;&#10;&#9;&#9;}&#13;&#10;&#9;&#9;return true;&#13;&#10;    }&#13;&#10;    &#13;&#10;    public boolean isBool()&#13;&#10;    {&#13;&#10;    &#9;if(this.toString().equals(&quot;true&quot;) || this.toString().equals(&quot;false&quot;))&#13;&#10;    &#9;{&#13;&#10;    &#9;&#9;return true;&#13;&#10;    &#9;}&#13;&#10;    &#9;return false;&#13;&#10;    }&#13;&#10;    &#13;&#10;    public boolean isContainer()&#13;&#10;    {&#13;&#10;    &#9;if(this.toString().matches(&quot;((1?[0-3])|([0-9]))|A[0-5]&quot;) || this.toString().equals(&quot;container&quot;))&#13;&#10;    &#9;{&#13;&#10;    &#9;&#9;return true;&#13;&#10;    &#9;}&#13;&#10;    &#9;return false;&#13;&#10;    }&#13;&#10;    &#13;&#10;    public boolean isSameType(Value val)&#13;&#10;    {&#13;&#10;    &#9;if(this.isBool() &amp;&amp; val.isBool())&#13;&#10;    &#9;{&#13;&#10;    &#9;&#9;return true;&#13;&#10;    &#9;}&#13;&#10;    &#9;if(this.isContainer() &amp;&amp; val.isContainer())&#13;&#10;    &#9;{&#13;&#10;    &#9;&#9;return true;&#13;&#10;    &#9;}&#13;&#10;    &#9;else if(this.isChar() &amp;&amp; val.isChar())&#13;&#10;    &#9;{&#13;&#10;    &#9;&#9;return true;&#13;&#10;    &#9;}&#13;&#10;    &#9;else if(this.isNumeric() &amp;&amp; val.isNumeric() || this.isNumeric() &amp;&amp; val.isNumericExpression())&#13;&#10;    &#9;{&#13;&#10;    &#9;&#9;return true;&#13;&#10;    &#9;}&#13;&#10;    &#9;else if(this.isString() &amp;&amp; val.isString())&#13;&#10;    &#9;{&#13;&#10;    &#9;&#9;return true;&#13;&#10;    &#9;}&#13;&#10;    &#9;else if(this.isDrink() &amp;&amp; val.isDrink())&#13;&#10;    &#9;{&#13;&#10;    &#9;&#9;return true;&#13;&#10;    &#9;}&#13;&#10;    &#9;&#13;&#10;    &#9;return false;&#13;&#10;    }&#13;&#10;    &#13;&#10;    public String GetType()&#13;&#10;    {&#13;&#10;    &#9;if(this.isBool() || this.toString().equals(&quot;bool&quot;))&#13;&#10;    &#9;{&#13;&#10;    &#9;&#9;return &quot;bool&quot;;&#13;&#10;    &#9;}&#13;&#10;    &#9;else if(this.toString().equals(&quot;container&quot;) || this.isContainer())&#13;&#10;    &#9;{&#13;&#10;    &#9;&#9;return &quot;container&quot;;&#13;&#10;    &#9;}&#13;&#10;    &#9;else if(this.isInt() || this.toString().equals(&quot;int&quot;))&#13;&#10;    &#9;{&#13;&#10;    &#9;&#9;return &quot;int&quot;;&#13;&#10;    &#9;}&#13;&#10;    &#9;else if(this.isDouble() || this.toString().equals(&quot;double&quot;))&#13;&#10;    &#9;{&#13;&#10;    &#9;&#9;return &quot;double&quot;;&#13;&#10;    &#9;}&#13;&#10;    &#9;else if(this.isChar() || this.toString().equals(&quot;char&quot;))&#13;&#10;    &#9;{&#13;&#10;    &#9;&#9;return &quot;char&quot;;&#13;&#10;    &#9;}&#13;&#10;    &#9;else if(this.isString() || this.toString().equals(&quot;string&quot;))&#13;&#10;    &#9;{&#13;&#10;    &#9;&#9;return &quot;string&quot;;&#13;&#10;    &#9;}&#13;&#10;    &#9;else if(this.toString().equals(&quot;drink&quot;))&#13;&#10;    &#9;{&#13;&#10;    &#9;&#9;return &quot;drink&quot;;&#13;&#10;    &#9;}&#13;&#10;    &#9;else&#13;&#10;    &#9;{&#13;&#10;    &#9;&#9;return null;&#13;&#10;    &#9;}&#13;&#10;    }&#13;&#10;&#13;&#10;    @Override&#13;&#10;    public boolean equals(Object o) {&#13;&#10;&#13;&#10;        if(value == o) {&#13;&#10;            return true;&#13;&#10;        }&#13;&#10;&#13;&#10;        if(value == null || o == null || o.getClass() != value.getClass()) {&#13;&#10;            return false;&#13;&#10;        }&#13;&#10;&#13;&#10;        Value that = (Value)o;&#13;&#10;&#13;&#10;        return this.value.equals(that.value);&#13;&#10;    }&#13;&#10;&#13;&#10;    @Override&#13;&#10;    public String toString() {&#13;&#10;        return String.valueOf(value);&#13;&#10;    }&#13;&#10;}&#13;&#10;" Filename="Value.java" Intrnl_Id="1"/>
</SrcFileList>
<CritList>
<CritListEntry Name="org.codecover.model.utils.criteria.LoopCoverage" PluginName="org.codecover"/>
<CritListEntry Name="org.codecover.model.utils.criteria.BranchCoverage" PluginName="org.codecover"/>
<CritListEntry Name="org.codecover.model.utils.criteria.ConditionCoverage" PluginName="org.codecover"/>
<CritListEntry Name="org.codecover.model.utils.criteria.StatementCoverage" PluginName="org.codecover"/>
</CritList>
<BoolOpList>
<BoolOp Arity="1" Intrnl_Id="2" Name="not (!)">
<BoolAssgnmntBoolMapList>
<MapEntry BoolAssgnmnt="0" Value="true"/>
<MapEntry BoolAssgnmnt="1" Value="false"/>
</BoolAssgnmntBoolMapList>
</BoolOp>
<BoolOp Arity="2" Intrnl_Id="3" Name="conditional and (&amp;&amp;)">
<BoolAssgnmntBoolMapList>
<MapEntry BoolAssgnmnt="10" Value="false"/>
<MapEntry BoolAssgnmnt="02" Value="false"/>
<MapEntry BoolAssgnmnt="11" Value="true"/>
</BoolAssgnmntBoolMapList>
</BoolOp>
<BoolOp Arity="2" Intrnl_Id="4" Name="conditional or (||)">
<BoolAssgnmntBoolMapList>
<MapEntry BoolAssgnmnt="01" Value="true"/>
<MapEntry BoolAssgnmnt="00" Value="false"/>
<MapEntry BoolAssgnmnt="12" Value="true"/>
</BoolAssgnmntBoolMapList>
</BoolOp>
</BoolOpList>
<HierarchyLvlTypeList>
<HierarchyLvlType EnglishName="class" IntrnlName="class" Intrnl_Id="5"/>
<HierarchyLvlType EnglishName="method" IntrnlName="method" Intrnl_Id="6"/>
<HierarchyLvlType EnglishName="default package" IntrnlName="default package" Intrnl_Id="7"/>
</HierarchyLvlTypeList>
<MASTRoot>
<HierarchyLvl HierarchyLvlId="800" HierarchyLvlTypeId="7" Intrnl_Id="8" Name="default package">
<Header/>
<LocList/>
<HierarchyLvl HierarchyLvlId="799" HierarchyLvlTypeId="5" Intrnl_Id="9" Name="Value">
<Header>
<Loc EndOffset="20" SrcFileId="1" StartOffset="2"/>
</Header>
<LocList>
<Loc EndOffset="4046" SrcFileId="1" StartOffset="2"/>
</LocList>
<StmntSeq Intrnl_Id="10">
<LocList>
<Loc EndOffset="76" SrcFileId="1" StartOffset="25"/>
</LocList>
<BasicStmnt CovItemId="S1" CovItemPrefix="Value.java" Intrnl_Id="11">
<LocList>
<Loc EndOffset="76" SrcFileId="1" StartOffset="25"/>
</LocList>
</BasicStmnt>
</StmntSeq>
<HierarchyLvl HierarchyLvlId="784" HierarchyLvlTypeId="6" Intrnl_Id="12" Name="Value">
<Header>
<Loc EndOffset="137" SrcFileId="1" StartOffset="111"/>
</Header>
<LocList>
<Loc EndOffset="175" SrcFileId="1" StartOffset="111"/>
</LocList>
<StmntSeq Intrnl_Id="13">
<LocList>
<Loc EndOffset="168" SrcFileId="1" StartOffset="149"/>
</LocList>
<BasicStmnt CovItemId="S2" CovItemPrefix="Value.java" Intrnl_Id="14">
<LocList>
<Loc EndOffset="168" SrcFileId="1" StartOffset="149"/>
</LocList>
</BasicStmnt>
</StmntSeq>
</HierarchyLvl>
<HierarchyLvl HierarchyLvlId="785" HierarchyLvlTypeId="6" Intrnl_Id="15" Name="Value">
<Header>
<Loc EndOffset="201" SrcFileId="1" StartOffset="187"/>
</Header>
<LocList>
<Loc EndOffset="238" SrcFileId="1" StartOffset="187"/>
</LocList>
<StmntSeq Intrnl_Id="16">
<LocList>
<Loc EndOffset="231" SrcFileId="1" StartOffset="215"/>
</LocList>
<BasicStmnt CovItemId="S3" CovItemPrefix="Value.java" Intrnl_Id="17">
<LocList>
<Loc EndOffset="231" SrcFileId="1" StartOffset="215"/>
</LocList>
</BasicStmnt>
</StmntSeq>
</HierarchyLvl>
<HierarchyLvl HierarchyLvlId="786" HierarchyLvlTypeId="6" Intrnl_Id="18" Name="isDouble">
<Header>
<Loc EndOffset="271" SrcFileId="1" StartOffset="246"/>
</Header>
<LocList>
<Loc EndOffset="392" SrcFileId="1" StartOffset="246"/>
</LocList>
<StmntSeq Intrnl_Id="19">
<LocList>
<Loc EndOffset="368" SrcFileId="1" StartOffset="283"/>
<Loc EndOffset="385" SrcFileId="1" StartOffset="372"/>
</LocList>
<CondStmnt CovItemId="S4" CovItemPrefix="Value.java" Intrnl_Id="20">
<Branch CovItemId="B1" CovItemPrefix="Value.java" Implct="false" Intrnl_Id="21">
<Cond/>
<LocList>
<Loc EndOffset="368" SrcFileId="1" StartOffset="345"/>
</LocList>
<StmntSeq Intrnl_Id="22">
<LocList>
<Loc EndOffset="363" SrcFileId="1" StartOffset="351"/>
</LocList>
<BasicStmnt CovItemId="S5" CovItemPrefix="Value.java" Intrnl_Id="23">
<LocList>
<Loc EndOffset="363" SrcFileId="1" StartOffset="351"/>
</LocList>
</BasicStmnt>
</StmntSeq>
</Branch>
<Branch CovItemId="B2" CovItemPrefix="Value.java" Implct="true" Intrnl_Id="24">
<Cond/>
<LocList/>
<StmntSeq Intrnl_Id="25">
<LocList/>
</StmntSeq>
</Branch>
<Keyword EndOffset="285" SrcFileId="1" StartOffset="283"/>
<LocList>
<Loc EndOffset="368" SrcFileId="1" StartOffset="283"/>
</LocList>
<RootTerm CovItemId="C1" CovItemPrefix="Value.java" Intrnl_Id="26">
<BasicBoolTerm Intrnl_Id="27">
<LocList>
<Loc EndOffset="340" SrcFileId="1" StartOffset="286"/>
</LocList>
</BasicBoolTerm>
</RootTerm>
</CondStmnt>
<BasicStmnt CovItemId="S6" CovItemPrefix="Value.java" Intrnl_Id="28">
<LocList>
<Loc EndOffset="385" SrcFileId="1" StartOffset="372"/>
</LocList>
</BasicStmnt>
</StmntSeq>
</HierarchyLvl>
<HierarchyLvl HierarchyLvlId="787" HierarchyLvlTypeId="6" Intrnl_Id="29" Name="isInt">
<Header>
<Loc EndOffset="426" SrcFileId="1" StartOffset="404"/>
</Header>
<LocList>
<Loc EndOffset="529" SrcFileId="1" StartOffset="404"/>
</LocList>
<StmntSeq Intrnl_Id="30">
<LocList>
<Loc EndOffset="505" SrcFileId="1" StartOffset="437"/>
<Loc EndOffset="522" SrcFileId="1" StartOffset="509"/>
</LocList>
<CondStmnt CovItemId="S7" CovItemPrefix="Value.java" Intrnl_Id="31">
<Branch CovItemId="B3" CovItemPrefix="Value.java" Implct="false" Intrnl_Id="32">
<Cond/>
<LocList>
<Loc EndOffset="505" SrcFileId="1" StartOffset="482"/>
</LocList>
<StmntSeq Intrnl_Id="33">
<LocList>
<Loc EndOffset="500" SrcFileId="1" StartOffset="488"/>
</LocList>
<BasicStmnt CovItemId="S8" CovItemPrefix="Value.java" Intrnl_Id="34">
<LocList>
<Loc EndOffset="500" SrcFileId="1" StartOffset="488"/>
</LocList>
</BasicStmnt>
</StmntSeq>
</Branch>
<Branch CovItemId="B4" CovItemPrefix="Value.java" Implct="true" Intrnl_Id="35">
<Cond/>
<LocList/>
<StmntSeq Intrnl_Id="36">
<LocList/>
</StmntSeq>
</Branch>
<Keyword EndOffset="439" SrcFileId="1" StartOffset="437"/>
<LocList>
<Loc EndOffset="505" SrcFileId="1" StartOffset="437"/>
</LocList>
<RootTerm CovItemId="C2" CovItemPrefix="Value.java" Intrnl_Id="37">
<BasicBoolTerm Intrnl_Id="38">
<LocList>
<Loc EndOffset="477" SrcFileId="1" StartOffset="440"/>
</LocList>
</BasicBoolTerm>
</RootTerm>
</CondStmnt>
<BasicStmnt CovItemId="S9" CovItemPrefix="Value.java" Intrnl_Id="39">
<LocList>
<Loc EndOffset="522" SrcFileId="1" StartOffset="509"/>
</LocList>
</BasicStmnt>
</StmntSeq>
</HierarchyLvl>
<HierarchyLvl HierarchyLvlId="788" HierarchyLvlTypeId="6" Intrnl_Id="40" Name="isDrink">
<Header>
<Loc EndOffset="565" SrcFileId="1" StartOffset="541"/>
</Header>
<LocList>
<Loc EndOffset="662" SrcFileId="1" StartOffset="541"/>
</LocList>
<StmntSeq Intrnl_Id="41">
<LocList>
<Loc EndOffset="638" SrcFileId="1" StartOffset="576"/>
<Loc EndOffset="655" SrcFileId="1" StartOffset="642"/>
</LocList>
<CondStmnt CovItemId="S10" CovItemPrefix="Value.java" Intrnl_Id="42">
<Branch CovItemId="B5" CovItemPrefix="Value.java" Implct="false" Intrnl_Id="43">
<Cond/>
<LocList>
<Loc EndOffset="638" SrcFileId="1" StartOffset="615"/>
</LocList>
<StmntSeq Intrnl_Id="44">
<LocList>
<Loc EndOffset="633" SrcFileId="1" StartOffset="621"/>
</LocList>
<BasicStmnt CovItemId="S11" CovItemPrefix="Value.java" Intrnl_Id="45">
<LocList>
<Loc EndOffset="633" SrcFileId="1" StartOffset="621"/>
</LocList>
</BasicStmnt>
</StmntSeq>
</Branch>
<Branch CovItemId="B6" CovItemPrefix="Value.java" Implct="true" Intrnl_Id="46">
<Cond/>
<LocList/>
<StmntSeq Intrnl_Id="47">
<LocList/>
</StmntSeq>
</Branch>
<Keyword EndOffset="578" SrcFileId="1" StartOffset="576"/>
<LocList>
<Loc EndOffset="638" SrcFileId="1" StartOffset="576"/>
</LocList>
<RootTerm CovItemId="C3" CovItemPrefix="Value.java" Intrnl_Id="48">
<BasicBoolTerm Intrnl_Id="49">
<LocList>
<Loc EndOffset="610" SrcFileId="1" StartOffset="579"/>
</LocList>
</BasicBoolTerm>
</RootTerm>
</CondStmnt>
<BasicStmnt CovItemId="S12" CovItemPrefix="Value.java" Intrnl_Id="50">
<LocList>
<Loc EndOffset="655" SrcFileId="1" StartOffset="642"/>
</LocList>
</BasicStmnt>
</StmntSeq>
</HierarchyLvl>
<HierarchyLvl HierarchyLvlId="789" HierarchyLvlTypeId="6" Intrnl_Id="51" Name="isNumeric">
<Header>
<Loc EndOffset="700" SrcFileId="1" StartOffset="674"/>
</Header>
<LocList>
<Loc EndOffset="881" SrcFileId="1" StartOffset="674"/>
</LocList>
<StmntSeq Intrnl_Id="52">
<LocList>
<Loc EndOffset="854" SrcFileId="1" StartOffset="714"/>
<Loc EndOffset="874" SrcFileId="1" StartOffset="861"/>
</LocList>
<CondStmnt CovItemId="S13" CovItemPrefix="Value.java" Intrnl_Id="53">
<Branch CovItemId="B7" CovItemPrefix="Value.java" Implct="false" Intrnl_Id="54">
<Cond/>
<LocList>
<Loc EndOffset="854" SrcFileId="1" StartOffset="825"/>
</LocList>
<StmntSeq Intrnl_Id="55">
<LocList>
<Loc EndOffset="846" SrcFileId="1" StartOffset="834"/>
</LocList>
<BasicStmnt CovItemId="S14" CovItemPrefix="Value.java" Intrnl_Id="56">
<LocList>
<Loc EndOffset="846" SrcFileId="1" StartOffset="834"/>
</LocList>
</BasicStmnt>
</StmntSeq>
</Branch>
<Branch CovItemId="B8" CovItemPrefix="Value.java" Implct="true" Intrnl_Id="57">
<Cond/>
<LocList/>
<StmntSeq Intrnl_Id="58">
<LocList/>
</StmntSeq>
</Branch>
<Keyword EndOffset="716" SrcFileId="1" StartOffset="714"/>
<LocList>
<Loc EndOffset="854" SrcFileId="1" StartOffset="714"/>
</LocList>
<RootTerm CovItemId="C4" CovItemPrefix="Value.java" Intrnl_Id="59">
<OpTerm BooleanOpId="4" Intrnl_Id="60">
<OpTerm BooleanOpId="4" Intrnl_Id="61">
<OpTerm BooleanOpId="4" Intrnl_Id="62">
<BasicBoolTerm Intrnl_Id="63">
<LocList>
<Loc EndOffset="729" SrcFileId="1" StartOffset="717"/>
</LocList>
</BasicBoolTerm>
<BasicBoolTerm Intrnl_Id="64">
<LocList>
<Loc EndOffset="748" SrcFileId="1" StartOffset="733"/>
</LocList>
</BasicBoolTerm>
<LocList>
<Loc EndOffset="732" SrcFileId="1" StartOffset="730"/>
</LocList>
</OpTerm>
<BasicBoolTerm Intrnl_Id="65">
<LocList>
<Loc EndOffset="781" SrcFileId="1" StartOffset="752"/>
</LocList>
</BasicBoolTerm>
<LocList>
<Loc EndOffset="751" SrcFileId="1" StartOffset="749"/>
</LocList>
</OpTerm>
<BasicBoolTerm Intrnl_Id="66">
<LocList>
<Loc EndOffset="817" SrcFileId="1" StartOffset="785"/>
</LocList>
</BasicBoolTerm>
<LocList>
<Loc EndOffset="784" SrcFileId="1" StartOffset="782"/>
</LocList>
</OpTerm>
</RootTerm>
</CondStmnt>
<BasicStmnt CovItemId="S15" CovItemPrefix="Value.java" Intrnl_Id="67">
<LocList>
<Loc EndOffset="874" SrcFileId="1" StartOffset="861"/>
</LocList>
</BasicStmnt>
</StmntSeq>
</HierarchyLvl>
<HierarchyLvl HierarchyLvlId="790" HierarchyLvlTypeId="6" Intrnl_Id="68" Name="isNumericExpression">
<Header>
<Loc EndOffset="929" SrcFileId="1" StartOffset="893"/>
</Header>
<LocList>
<Loc EndOffset="1260" SrcFileId="1" StartOffset="893"/>
</LocList>
<StmntSeq Intrnl_Id="69">
<LocList>
<Loc EndOffset="953" SrcFileId="1" StartOffset="943"/>
<Loc EndOffset="1091" SrcFileId="1" StartOffset="960"/>
<Loc EndOffset="1233" SrcFileId="1" StartOffset="1098"/>
<Loc EndOffset="1253" SrcFileId="1" StartOffset="1240"/>
</LocList>
<BasicStmnt CovItemId="S16" CovItemPrefix="Value.java" Intrnl_Id="70">
<LocList>
<Loc EndOffset="953" SrcFileId="1" StartOffset="943"/>
</LocList>
</BasicStmnt>
<CondStmnt CovItemId="S17" CovItemPrefix="Value.java" Intrnl_Id="71">
<Branch CovItemId="B9" CovItemPrefix="Value.java" Implct="false" Intrnl_Id="72">
<Cond/>
<LocList>
<Loc EndOffset="1091" SrcFileId="1" StartOffset="1000"/>
</LocList>
<StmntSeq Intrnl_Id="73">
<LocList>
<Loc EndOffset="1083" SrcFileId="1" StartOffset="1009"/>
</LocList>
<CondStmnt CovItemId="S18" CovItemPrefix="Value.java" Intrnl_Id="74">
<Branch CovItemId="B11" CovItemPrefix="Value.java" Implct="false" Intrnl_Id="75">
<Cond/>
<LocList>
<Loc EndOffset="1083" SrcFileId="1" StartOffset="1051"/>
</LocList>
<StmntSeq Intrnl_Id="76">
<LocList>
<Loc EndOffset="1074" SrcFileId="1" StartOffset="1061"/>
</LocList>
<BasicStmnt CovItemId="S19" CovItemPrefix="Value.java" Intrnl_Id="77">
<LocList>
<Loc EndOffset="1074" SrcFileId="1" StartOffset="1061"/>
</LocList>
</BasicStmnt>
</StmntSeq>
</Branch>
<Branch CovItemId="B12" CovItemPrefix="Value.java" Implct="true" Intrnl_Id="78">
<Cond/>
<LocList/>
<StmntSeq Intrnl_Id="79">
<LocList/>
</StmntSeq>
</Branch>
<Keyword EndOffset="1011" SrcFileId="1" StartOffset="1009"/>
<LocList>
<Loc EndOffset="1083" SrcFileId="1" StartOffset="1009"/>
</LocList>
<RootTerm CovItemId="C6" CovItemPrefix="Value.java" Intrnl_Id="80">
<OpTerm BooleanOpId="2" Intrnl_Id="81">
<BasicBoolTerm Intrnl_Id="82">
<LocList>
<Loc EndOffset="1042" SrcFileId="1" StartOffset="1013"/>
</LocList>
</BasicBoolTerm>
<LocList>
<Loc EndOffset="1013" SrcFileId="1" StartOffset="1012"/>
</LocList>
</OpTerm>
</RootTerm>
</CondStmnt>
</StmntSeq>
</Branch>
<Branch CovItemId="B10" CovItemPrefix="Value.java" Implct="true" Intrnl_Id="83">
<Cond/>
<LocList/>
<StmntSeq Intrnl_Id="84">
<LocList/>
</StmntSeq>
</Branch>
<Keyword EndOffset="962" SrcFileId="1" StartOffset="960"/>
<LocList>
<Loc EndOffset="1091" SrcFileId="1" StartOffset="960"/>
</LocList>
<RootTerm CovItemId="C5" CovItemPrefix="Value.java" Intrnl_Id="85">
<BasicBoolTerm Intrnl_Id="86">
<LocList>
<Loc EndOffset="992" SrcFileId="1" StartOffset="963"/>
</LocList>
</BasicBoolTerm>
</RootTerm>
</CondStmnt>
<CondStmnt CovItemId="S20" CovItemPrefix="Value.java" Intrnl_Id="87">
<Branch CovItemId="B13" CovItemPrefix="Value.java" Implct="false" Intrnl_Id="88">
<Cond/>
<LocList>
<Loc EndOffset="1233" SrcFileId="1" StartOffset="1204"/>
</LocList>
<StmntSeq Intrnl_Id="89">
<LocList>
<Loc EndOffset="1225" SrcFileId="1" StartOffset="1213"/>
</LocList>
<BasicStmnt CovItemId="S21" CovItemPrefix="Value.java" Intrnl_Id="90">
<LocList>
<Loc EndOffset="1225" SrcFileId="1" StartOffset="1213"/>
</LocList>
</BasicStmnt>
</StmntSeq>
</Branch>
<Branch CovItemId="B14" CovItemPrefix="Value.java" Implct="true" Intrnl_Id="91">
<Cond/>
<LocList/>
<StmntSeq Intrnl_Id="92">
<LocList/>
</StmntSeq>
</Branch>
<Keyword EndOffset="1100" SrcFileId="1" StartOffset="1098"/>
<LocList>
<Loc EndOffset="1233" SrcFileId="1" StartOffset="1098"/>
</LocList>
<RootTerm CovItemId="C7" CovItemPrefix="Value.java" Intrnl_Id="93">
<BasicBoolTerm Intrnl_Id="94">
<LocList>
<Loc EndOffset="1196" SrcFileId="1" StartOffset="1101"/>
</LocList>
</BasicBoolTerm>
</RootTerm>
</CondStmnt>
<BasicStmnt CovItemId="S22" CovItemPrefix="Value.java" Intrnl_Id="95">
<LocList>
<Loc EndOffset="1253" SrcFileId="1" StartOffset="1240"/>
</LocList>
</BasicStmnt>
</StmntSeq>
</HierarchyLvl>
<HierarchyLvl HierarchyLvlId="791" HierarchyLvlTypeId="6" Intrnl_Id="96" Name="isChar">
<Header>
<Loc EndOffset="1295" SrcFileId="1" StartOffset="1272"/>
</Header>
<LocList>
<Loc EndOffset="1503" SrcFileId="1" StartOffset="1272"/>
</LocList>
<StmntSeq Intrnl_Id="97">
<LocList>
<Loc EndOffset="1480" SrcFileId="1" StartOffset="1306"/>
<Loc EndOffset="1496" SrcFileId="1" StartOffset="1484"/>
</LocList>
<CondStmnt CovItemId="S23" CovItemPrefix="Value.java" Intrnl_Id="98">
<Branch CovItemId="B15" CovItemPrefix="Value.java" Implct="false" Intrnl_Id="99">
<Cond/>
<LocList>
<Loc EndOffset="1480" SrcFileId="1" StartOffset="1456"/>
</LocList>
<StmntSeq Intrnl_Id="100">
<LocList>
<Loc EndOffset="1475" SrcFileId="1" StartOffset="1462"/>
</LocList>
<BasicStmnt CovItemId="S24" CovItemPrefix="Value.java" Intrnl_Id="101">
<LocList>
<Loc EndOffset="1475" SrcFileId="1" StartOffset="1462"/>
</LocList>
</BasicStmnt>
</StmntSeq>
</Branch>
<Branch CovItemId="B16" CovItemPrefix="Value.java" Implct="true" Intrnl_Id="102">
<Cond/>
<LocList/>
<StmntSeq Intrnl_Id="103">
<LocList/>
</StmntSeq>
</Branch>
<Keyword EndOffset="1308" SrcFileId="1" StartOffset="1306"/>
<LocList>
<Loc EndOffset="1480" SrcFileId="1" StartOffset="1306"/>
</LocList>
<RootTerm CovItemId="C8" CovItemPrefix="Value.java" Intrnl_Id="104">
<OpTerm BooleanOpId="4" Intrnl_Id="105">
<OpTerm BooleanOpId="4" Intrnl_Id="106">
<BasicBoolTerm Intrnl_Id="107">
<LocList>
<Loc EndOffset="1338" SrcFileId="1" StartOffset="1309"/>
</LocList>
</BasicBoolTerm>
<BasicBoolTerm Intrnl_Id="108">
<LocList>
<Loc EndOffset="1382" SrcFileId="1" StartOffset="1349"/>
</LocList>
</BasicBoolTerm>
<LocList>
<Loc EndOffset="1341" SrcFileId="1" StartOffset="1339"/>
</LocList>
</OpTerm>
<BasicBoolTerm Intrnl_Id="109">
<LocList>
<Loc EndOffset="1451" SrcFileId="1" StartOffset="1393"/>
</LocList>
</BasicBoolTerm>
<LocList>
<Loc EndOffset="1385" SrcFileId="1" StartOffset="1383"/>
</LocList>
</OpTerm>
</RootTerm>
</CondStmnt>
<BasicStmnt CovItemId="S25" CovItemPrefix="Value.java" Intrnl_Id="110">
<LocList>
<Loc EndOffset="1496" SrcFileId="1" StartOffset="1484"/>
</LocList>
</BasicStmnt>
</StmntSeq>
</HierarchyLvl>
<HierarchyLvl HierarchyLvlId="792" HierarchyLvlTypeId="6" Intrnl_Id="111" Name="isString">
<Header>
<Loc EndOffset="1540" SrcFileId="1" StartOffset="1515"/>
</Header>
<LocList>
<Loc EndOffset="1782" SrcFileId="1" StartOffset="1515"/>
</LocList>
<StmntSeq Intrnl_Id="112">
<LocList>
<Loc EndOffset="1759" SrcFileId="1" StartOffset="1554"/>
<Loc EndOffset="1775" SrcFileId="1" StartOffset="1763"/>
</LocList>
<CondStmnt CovItemId="S26" CovItemPrefix="Value.java" Intrnl_Id="113">
<Branch CovItemId="B17" CovItemPrefix="Value.java" Implct="false" Intrnl_Id="114">
<Cond/>
<LocList>
<Loc EndOffset="1623" SrcFileId="1" StartOffset="1593"/>
</LocList>
<StmntSeq Intrnl_Id="115">
<LocList>
<Loc EndOffset="1615" SrcFileId="1" StartOffset="1602"/>
</LocList>
<BasicStmnt CovItemId="S27" CovItemPrefix="Value.java" Intrnl_Id="116">
<LocList>
<Loc EndOffset="1615" SrcFileId="1" StartOffset="1602"/>
</LocList>
</BasicStmnt>
</StmntSeq>
</Branch>
<Branch CovItemId="B18" CovItemPrefix="Value.java" Implct="false" Intrnl_Id="117">
<Cond>
<Loc EndOffset="1634" SrcFileId="1" StartOffset="1630"/>
</Cond>
<LocList>
<Loc EndOffset="1759" SrcFileId="1" StartOffset="1635"/>
</LocList>
<StmntSeq Intrnl_Id="118">
<LocList>
<Loc EndOffset="1759" SrcFileId="1" StartOffset="1635"/>
</LocList>
<CondStmnt CovItemId="S28" CovItemPrefix="Value.java" Intrnl_Id="119">
<Branch CovItemId="B19" CovItemPrefix="Value.java" Implct="false" Intrnl_Id="120">
<Cond/>
<LocList>
<Loc EndOffset="1759" SrcFileId="1" StartOffset="1735"/>
</LocList>
<StmntSeq Intrnl_Id="121">
<LocList>
<Loc EndOffset="1754" SrcFileId="1" StartOffset="1741"/>
</LocList>
<BasicStmnt CovItemId="S29" CovItemPrefix="Value.java" Intrnl_Id="122">
<LocList>
<Loc EndOffset="1754" SrcFileId="1" StartOffset="1741"/>
</LocList>
</BasicStmnt>
</StmntSeq>
</Branch>
<Branch CovItemId="B20" CovItemPrefix="Value.java" Implct="true" Intrnl_Id="123">
<Cond/>
<LocList/>
<StmntSeq Intrnl_Id="124">
<LocList/>
</StmntSeq>
</Branch>
<Keyword EndOffset="1637" SrcFileId="1" StartOffset="1635"/>
<LocList>
<Loc EndOffset="1759" SrcFileId="1" StartOffset="1635"/>
</LocList>
<RootTerm CovItemId="C10" CovItemPrefix="Value.java" Intrnl_Id="125">
<OpTerm BooleanOpId="4" Intrnl_Id="126">
<BasicBoolTerm Intrnl_Id="127">
<LocList>
<Loc EndOffset="1670" SrcFileId="1" StartOffset="1638"/>
</LocList>
</BasicBoolTerm>
<BasicBoolTerm Intrnl_Id="128">
<LocList>
<Loc EndOffset="1730" SrcFileId="1" StartOffset="1673"/>
</LocList>
</BasicBoolTerm>
<LocList>
<Loc EndOffset="1672" SrcFileId="1" StartOffset="1670"/>
</LocList>
</OpTerm>
</RootTerm>
</CondStmnt>
</StmntSeq>
</Branch>
<Keyword EndOffset="1556" SrcFileId="1" StartOffset="1554"/>
<LocList>
<Loc EndOffset="1759" SrcFileId="1" StartOffset="1554"/>
</LocList>
<RootTerm CovItemId="C9" CovItemPrefix="Value.java" Intrnl_Id="129">
<BasicBoolTerm Intrnl_Id="130">
<LocList>
<Loc EndOffset="1585" SrcFileId="1" StartOffset="1557"/>
</LocList>
</BasicBoolTerm>
</RootTerm>
</CondStmnt>
<BasicStmnt CovItemId="S30" CovItemPrefix="Value.java" Intrnl_Id="131">
<LocList>
<Loc EndOffset="1775" SrcFileId="1" StartOffset="1763"/>
</LocList>
</BasicStmnt>
</StmntSeq>
</HierarchyLvl>
<HierarchyLvl HierarchyLvlId="793" HierarchyLvlTypeId="6" Intrnl_Id="132" Name="isBool">
<Header>
<Loc EndOffset="1817" SrcFileId="1" StartOffset="1794"/>
</Header>
<LocList>
<Loc EndOffset="1963" SrcFileId="1" StartOffset="1794"/>
</LocList>
<StmntSeq Intrnl_Id="133">
<LocList>
<Loc EndOffset="1936" SrcFileId="1" StartOffset="1831"/>
<Loc EndOffset="1956" SrcFileId="1" StartOffset="1943"/>
</LocList>
<CondStmnt CovItemId="S31" CovItemPrefix="Value.java" Intrnl_Id="134">
<Branch CovItemId="B21" CovItemPrefix="Value.java" Implct="false" Intrnl_Id="135">
<Cond/>
<LocList>
<Loc EndOffset="1936" SrcFileId="1" StartOffset="1907"/>
</LocList>
<StmntSeq Intrnl_Id="136">
<LocList>
<Loc EndOffset="1928" SrcFileId="1" StartOffset="1916"/>
</LocList>
<BasicStmnt CovItemId="S32" CovItemPrefix="Value.java" Intrnl_Id="137">
<LocList>
<Loc EndOffset="1928" SrcFileId="1" StartOffset="1916"/>
</LocList>
</BasicStmnt>
</StmntSeq>
</Branch>
<Branch CovItemId="B22" CovItemPrefix="Value.java" Implct="true" Intrnl_Id="138">
<Cond/>
<LocList/>
<StmntSeq Intrnl_Id="139">
<LocList/>
</StmntSeq>
</Branch>
<Keyword EndOffset="1833" SrcFileId="1" StartOffset="1831"/>
<LocList>
<Loc EndOffset="1936" SrcFileId="1" StartOffset="1831"/>
</LocList>
<RootTerm CovItemId="C11" CovItemPrefix="Value.java" Intrnl_Id="140">
<OpTerm BooleanOpId="4" Intrnl_Id="141">
<BasicBoolTerm Intrnl_Id="142">
<LocList>
<Loc EndOffset="1864" SrcFileId="1" StartOffset="1834"/>
</LocList>
</BasicBoolTerm>
<BasicBoolTerm Intrnl_Id="143">
<LocList>
<Loc EndOffset="1899" SrcFileId="1" StartOffset="1868"/>
</LocList>
</BasicBoolTerm>
<LocList>
<Loc EndOffset="1867" SrcFileId="1" StartOffset="1865"/>
</LocList>
</OpTerm>
</RootTerm>
</CondStmnt>
<BasicStmnt CovItemId="S33" CovItemPrefix="Value.java" Intrnl_Id="144">
<LocList>
<Loc EndOffset="1956" SrcFileId="1" StartOffset="1943"/>
</LocList>
</BasicStmnt>
</StmntSeq>
</HierarchyLvl>
<HierarchyLvl HierarchyLvlId="794" HierarchyLvlTypeId="6" Intrnl_Id="145" Name="isContainer">
<Header>
<Loc EndOffset="2003" SrcFileId="1" StartOffset="1975"/>
</Header>
<LocList>
<Loc EndOffset="2176" SrcFileId="1" StartOffset="1975"/>
</LocList>
<StmntSeq Intrnl_Id="146">
<LocList>
<Loc EndOffset="2149" SrcFileId="1" StartOffset="2017"/>
<Loc EndOffset="2169" SrcFileId="1" StartOffset="2156"/>
</LocList>
<CondStmnt CovItemId="S34" CovItemPrefix="Value.java" Intrnl_Id="147">
<Branch CovItemId="B23" CovItemPrefix="Value.java" Implct="false" Intrnl_Id="148">
<Cond/>
<LocList>
<Loc EndOffset="2149" SrcFileId="1" StartOffset="2120"/>
</LocList>
<StmntSeq Intrnl_Id="149">
<LocList>
<Loc EndOffset="2141" SrcFileId="1" StartOffset="2129"/>
</LocList>
<BasicStmnt CovItemId="S35" CovItemPrefix="Value.java" Intrnl_Id="150">
<LocList>
<Loc EndOffset="2141" SrcFileId="1" StartOffset="2129"/>
</LocList>
</BasicStmnt>
</StmntSeq>
</Branch>
<Branch CovItemId="B24" CovItemPrefix="Value.java" Implct="true" Intrnl_Id="151">
<Cond/>
<LocList/>
<StmntSeq Intrnl_Id="152">
<LocList/>
</StmntSeq>
</Branch>
<Keyword EndOffset="2019" SrcFileId="1" StartOffset="2017"/>
<LocList>
<Loc EndOffset="2149" SrcFileId="1" StartOffset="2017"/>
</LocList>
<RootTerm CovItemId="C12" CovItemPrefix="Value.java" Intrnl_Id="153">
<OpTerm BooleanOpId="4" Intrnl_Id="154">
<BasicBoolTerm Intrnl_Id="155">
<LocList>
<Loc EndOffset="2073" SrcFileId="1" StartOffset="2020"/>
</LocList>
</BasicBoolTerm>
<BasicBoolTerm Intrnl_Id="156">
<LocList>
<Loc EndOffset="2112" SrcFileId="1" StartOffset="2077"/>
</LocList>
</BasicBoolTerm>
<LocList>
<Loc EndOffset="2076" SrcFileId="1" StartOffset="2074"/>
</LocList>
</OpTerm>
</RootTerm>
</CondStmnt>
<BasicStmnt CovItemId="S36" CovItemPrefix="Value.java" Intrnl_Id="157">
<LocList>
<Loc EndOffset="2169" SrcFileId="1" StartOffset="2156"/>
</LocList>
</BasicStmnt>
</StmntSeq>
</HierarchyLvl>
<HierarchyLvl HierarchyLvlId="795" HierarchyLvlTypeId="6" Intrnl_Id="158" Name="isSameType">
<Header>
<Loc EndOffset="2224" SrcFileId="1" StartOffset="2188"/>
</Header>
<LocList>
<Loc EndOffset="2812" SrcFileId="1" StartOffset="2188"/>
</LocList>
<StmntSeq Intrnl_Id="159">
<LocList>
<Loc EndOffset="2307" SrcFileId="1" StartOffset="2238"/>
<Loc EndOffset="2778" SrcFileId="1" StartOffset="2314"/>
<Loc EndOffset="2805" SrcFileId="1" StartOffset="2792"/>
</LocList>
<CondStmnt CovItemId="S37" CovItemPrefix="Value.java" Intrnl_Id="160">
<Branch CovItemId="B25" CovItemPrefix="Value.java" Implct="false" Intrnl_Id="161">
<Cond/>
<LocList>
<Loc EndOffset="2307" SrcFileId="1" StartOffset="2278"/>
</LocList>
<StmntSeq Intrnl_Id="162">
<LocList>
<Loc EndOffset="2299" SrcFileId="1" StartOffset="2287"/>
</LocList>
<BasicStmnt CovItemId="S38" CovItemPrefix="Value.java" Intrnl_Id="163">
<LocList>
<Loc EndOffset="2299" SrcFileId="1" StartOffset="2287"/>
</LocList>
</BasicStmnt>
</StmntSeq>
</Branch>
<Branch CovItemId="B26" CovItemPrefix="Value.java" Implct="true" Intrnl_Id="164">
<Cond/>
<LocList/>
<StmntSeq Intrnl_Id="165">
<LocList/>
</StmntSeq>
</Branch>
<Keyword EndOffset="2240" SrcFileId="1" StartOffset="2238"/>
<LocList>
<Loc EndOffset="2307" SrcFileId="1" StartOffset="2238"/>
</LocList>
<RootTerm CovItemId="C13" CovItemPrefix="Value.java" Intrnl_Id="166">
<OpTerm BooleanOpId="3" Intrnl_Id="167">
<BasicBoolTerm Intrnl_Id="168">
<LocList>
<Loc EndOffset="2254" SrcFileId="1" StartOffset="2241"/>
</LocList>
</BasicBoolTerm>
<BasicBoolTerm Intrnl_Id="169">
<LocList>
<Loc EndOffset="2270" SrcFileId="1" StartOffset="2258"/>
</LocList>
</BasicBoolTerm>
<LocList>
<Loc EndOffset="2257" SrcFileId="1" StartOffset="2255"/>
</LocList>
</OpTerm>
</RootTerm>
</CondStmnt>
<CondStmnt CovItemId="S39" CovItemPrefix="Value.java" Intrnl_Id="170">
<Branch CovItemId="B27" CovItemPrefix="Value.java" Implct="false" Intrnl_Id="171">
<Cond/>
<LocList>
<Loc EndOffset="2393" SrcFileId="1" StartOffset="2364"/>
</LocList>
<StmntSeq Intrnl_Id="172">
<LocList>
<Loc EndOffset="2385" SrcFileId="1" StartOffset="2373"/>
</LocList>
<BasicStmnt CovItemId="S40" CovItemPrefix="Value.java" Intrnl_Id="173">
<LocList>
<Loc EndOffset="2385" SrcFileId="1" StartOffset="2373"/>
</LocList>
</BasicStmnt>
</StmntSeq>
</Branch>
<Branch CovItemId="B28" CovItemPrefix="Value.java" Implct="false" Intrnl_Id="174">
<Cond>
<Loc EndOffset="2404" SrcFileId="1" StartOffset="2400"/>
</Cond>
<LocList>
<Loc EndOffset="2778" SrcFileId="1" StartOffset="2405"/>
</LocList>
<StmntSeq Intrnl_Id="175">
<LocList>
<Loc EndOffset="2778" SrcFileId="1" StartOffset="2405"/>
</LocList>
<CondStmnt CovItemId="S41" CovItemPrefix="Value.java" Intrnl_Id="176">
<Branch CovItemId="B29" CovItemPrefix="Value.java" Implct="false" Intrnl_Id="177">
<Cond/>
<LocList>
<Loc EndOffset="2474" SrcFileId="1" StartOffset="2445"/>
</LocList>
<StmntSeq Intrnl_Id="178">
<LocList>
<Loc EndOffset="2466" SrcFileId="1" StartOffset="2454"/>
</LocList>
<BasicStmnt CovItemId="S42" CovItemPrefix="Value.java" Intrnl_Id="179">
<LocList>
<Loc EndOffset="2466" SrcFileId="1" StartOffset="2454"/>
</LocList>
</BasicStmnt>
</StmntSeq>
</Branch>
<Branch CovItemId="B30" CovItemPrefix="Value.java" Implct="false" Intrnl_Id="180">
<Cond>
<Loc EndOffset="2485" SrcFileId="1" StartOffset="2481"/>
</Cond>
<LocList>
<Loc EndOffset="2778" SrcFileId="1" StartOffset="2486"/>
</LocList>
<StmntSeq Intrnl_Id="181">
<LocList>
<Loc EndOffset="2778" SrcFileId="1" StartOffset="2486"/>
</LocList>
<CondStmnt CovItemId="S43" CovItemPrefix="Value.java" Intrnl_Id="182">
<Branch CovItemId="B31" CovItemPrefix="Value.java" Implct="false" Intrnl_Id="183">
<Cond/>
<LocList>
<Loc EndOffset="2610" SrcFileId="1" StartOffset="2581"/>
</LocList>
<StmntSeq Intrnl_Id="184">
<LocList>
<Loc EndOffset="2602" SrcFileId="1" StartOffset="2590"/>
</LocList>
<BasicStmnt CovItemId="S44" CovItemPrefix="Value.java" Intrnl_Id="185">
<LocList>
<Loc EndOffset="2602" SrcFileId="1" StartOffset="2590"/>
</LocList>
</BasicStmnt>
</StmntSeq>
</Branch>
<Branch CovItemId="B32" CovItemPrefix="Value.java" Implct="false" Intrnl_Id="186">
<Cond>
<Loc EndOffset="2621" SrcFileId="1" StartOffset="2617"/>
</Cond>
<LocList>
<Loc EndOffset="2778" SrcFileId="1" StartOffset="2622"/>
</LocList>
<StmntSeq Intrnl_Id="187">
<LocList>
<Loc EndOffset="2778" SrcFileId="1" StartOffset="2622"/>
</LocList>
<CondStmnt CovItemId="S45" CovItemPrefix="Value.java" Intrnl_Id="188">
<Branch CovItemId="B33" CovItemPrefix="Value.java" Implct="false" Intrnl_Id="189">
<Cond/>
<LocList>
<Loc EndOffset="2695" SrcFileId="1" StartOffset="2666"/>
</LocList>
<StmntSeq Intrnl_Id="190">
<LocList>
<Loc EndOffset="2687" SrcFileId="1" StartOffset="2675"/>
</LocList>
<BasicStmnt CovItemId="S46" CovItemPrefix="Value.java" Intrnl_Id="191">
<LocList>
<Loc EndOffset="2687" SrcFileId="1" StartOffset="2675"/>
</LocList>
</BasicStmnt>
</StmntSeq>
</Branch>
<Branch CovItemId="B34" CovItemPrefix="Value.java" Implct="false" Intrnl_Id="192">
<Cond>
<Loc EndOffset="2706" SrcFileId="1" StartOffset="2702"/>
</Cond>
<LocList>
<Loc EndOffset="2778" SrcFileId="1" StartOffset="2707"/>
</LocList>
<StmntSeq Intrnl_Id="193">
<LocList>
<Loc EndOffset="2778" SrcFileId="1" StartOffset="2707"/>
</LocList>
<CondStmnt CovItemId="S47" CovItemPrefix="Value.java" Intrnl_Id="194">
<Branch CovItemId="B35" CovItemPrefix="Value.java" Implct="false" Intrnl_Id="195">
<Cond/>
<LocList>
<Loc EndOffset="2778" SrcFileId="1" StartOffset="2749"/>
</LocList>
<StmntSeq Intrnl_Id="196">
<LocList>
<Loc EndOffset="2770" SrcFileId="1" StartOffset="2758"/>
</LocList>
<BasicStmnt CovItemId="S48" CovItemPrefix="Value.java" Intrnl_Id="197">
<LocList>
<Loc EndOffset="2770" SrcFileId="1" StartOffset="2758"/>
</LocList>
</BasicStmnt>
</StmntSeq>
</Branch>
<Branch CovItemId="B36" CovItemPrefix="Value.java" Implct="true" Intrnl_Id="198">
<Cond/>
<LocList/>
<StmntSeq Intrnl_Id="199">
<LocList/>
</StmntSeq>
</Branch>
<Keyword EndOffset="2709" SrcFileId="1" StartOffset="2707"/>
<LocList>
<Loc EndOffset="2778" SrcFileId="1" StartOffset="2707"/>
</LocList>
<RootTerm CovItemId="C18" CovItemPrefix="Value.java" Intrnl_Id="200">
<OpTerm BooleanOpId="3" Intrnl_Id="201">
<BasicBoolTerm Intrnl_Id="202">
<LocList>
<Loc EndOffset="2724" SrcFileId="1" StartOffset="2710"/>
</LocList>
</BasicBoolTerm>
<BasicBoolTerm Intrnl_Id="203">
<LocList>
<Loc EndOffset="2741" SrcFileId="1" StartOffset="2728"/>
</LocList>
</BasicBoolTerm>
<LocList>
<Loc EndOffset="2727" SrcFileId="1" StartOffset="2725"/>
</LocList>
</OpTerm>
</RootTerm>
</CondStmnt>
</StmntSeq>
</Branch>
<Keyword EndOffset="2624" SrcFileId="1" StartOffset="2622"/>
<LocList>
<Loc EndOffset="2778" SrcFileId="1" StartOffset="2622"/>
</LocList>
<RootTerm CovItemId="C17" CovItemPrefix="Value.java" Intrnl_Id="204">
<OpTerm BooleanOpId="3" Intrnl_Id="205">
<BasicBoolTerm Intrnl_Id="206">
<LocList>
<Loc EndOffset="2640" SrcFileId="1" StartOffset="2625"/>
</LocList>
</BasicBoolTerm>
<BasicBoolTerm Intrnl_Id="207">
<LocList>
<Loc EndOffset="2658" SrcFileId="1" StartOffset="2644"/>
</LocList>
</BasicBoolTerm>
<LocList>
<Loc EndOffset="2643" SrcFileId="1" StartOffset="2641"/>
</LocList>
</OpTerm>
</RootTerm>
</CondStmnt>
</StmntSeq>
</Branch>
<Keyword EndOffset="2488" SrcFileId="1" StartOffset="2486"/>
<LocList>
<Loc EndOffset="2778" SrcFileId="1" StartOffset="2486"/>
</LocList>
<RootTerm CovItemId="C16" CovItemPrefix="Value.java" Intrnl_Id="208">
<OpTerm BooleanOpId="4" Intrnl_Id="209">
<OpTerm BooleanOpId="3" Intrnl_Id="210">
<BasicBoolTerm Intrnl_Id="211">
<LocList>
<Loc EndOffset="2505" SrcFileId="1" StartOffset="2489"/>
</LocList>
</BasicBoolTerm>
<BasicBoolTerm Intrnl_Id="212">
<LocList>
<Loc EndOffset="2524" SrcFileId="1" StartOffset="2509"/>
</LocList>
</BasicBoolTerm>
<LocList>
<Loc EndOffset="2508" SrcFileId="1" StartOffset="2506"/>
</LocList>
</OpTerm>
<OpTerm BooleanOpId="3" Intrnl_Id="213">
<BasicBoolTerm Intrnl_Id="214">
<LocList>
<Loc EndOffset="2544" SrcFileId="1" StartOffset="2528"/>
</LocList>
</BasicBoolTerm>
<BasicBoolTerm Intrnl_Id="215">
<LocList>
<Loc EndOffset="2573" SrcFileId="1" StartOffset="2548"/>
</LocList>
</BasicBoolTerm>
<LocList>
<Loc EndOffset="2547" SrcFileId="1" StartOffset="2545"/>
</LocList>
</OpTerm>
<LocList>
<Loc EndOffset="2527" SrcFileId="1" StartOffset="2525"/>
</LocList>
</OpTerm>
</RootTerm>
</CondStmnt>
</StmntSeq>
</Branch>
<Keyword EndOffset="2407" SrcFileId="1" StartOffset="2405"/>
<LocList>
<Loc EndOffset="2778" SrcFileId="1" StartOffset="2405"/>
</LocList>
<RootTerm CovItemId="C15" CovItemPrefix="Value.java" Intrnl_Id="216">
<OpTerm BooleanOpId="3" Intrnl_Id="217">
<BasicBoolTerm Intrnl_Id="218">
<LocList>
<Loc EndOffset="2421" SrcFileId="1" StartOffset="2408"/>
</LocList>
</BasicBoolTerm>
<BasicBoolTerm Intrnl_Id="219">
<LocList>
<Loc EndOffset="2437" SrcFileId="1" StartOffset="2425"/>
</LocList>
</BasicBoolTerm>
<LocList>
<Loc EndOffset="2424" SrcFileId="1" StartOffset="2422"/>
</LocList>
</OpTerm>
</RootTerm>
</CondStmnt>
</StmntSeq>
</Branch>
<Keyword EndOffset="2316" SrcFileId="1" StartOffset="2314"/>
<LocList>
<Loc EndOffset="2778" SrcFileId="1" StartOffset="2314"/>
</LocList>
<RootTerm CovItemId="C14" CovItemPrefix="Value.java" Intrnl_Id="220">
<OpTerm BooleanOpId="3" Intrnl_Id="221">
<BasicBoolTerm Intrnl_Id="222">
<LocList>
<Loc EndOffset="2335" SrcFileId="1" StartOffset="2317"/>
</LocList>
</BasicBoolTerm>
<BasicBoolTerm Intrnl_Id="223">
<LocList>
<Loc EndOffset="2356" SrcFileId="1" StartOffset="2339"/>
</LocList>
</BasicBoolTerm>
<LocList>
<Loc EndOffset="2338" SrcFileId="1" StartOffset="2336"/>
</LocList>
</OpTerm>
</RootTerm>
</CondStmnt>
<BasicStmnt CovItemId="S49" CovItemPrefix="Value.java" Intrnl_Id="224">
<LocList>
<Loc EndOffset="2805" SrcFileId="1" StartOffset="2792"/>
</LocList>
</BasicStmnt>
</StmntSeq>
</HierarchyLvl>
<HierarchyLvl HierarchyLvlId="796" HierarchyLvlTypeId="6" Intrnl_Id="225" Name="GetType">
<Header>
<Loc EndOffset="2847" SrcFileId="1" StartOffset="2824"/>
</Header>
<LocList>
<Loc EndOffset="3619" SrcFileId="1" StartOffset="2824"/>
</LocList>
<StmntSeq Intrnl_Id="226">
<LocList>
<Loc EndOffset="3612" SrcFileId="1" StartOffset="2861"/>
</LocList>
<CondStmnt CovItemId="S50" CovItemPrefix="Value.java" Intrnl_Id="227">
<Branch CovItemId="B37" CovItemPrefix="Value.java" Implct="false" Intrnl_Id="228">
<Cond/>
<LocList>
<Loc EndOffset="2950" SrcFileId="1" StartOffset="2919"/>
</LocList>
<StmntSeq Intrnl_Id="229">
<LocList>
<Loc EndOffset="2942" SrcFileId="1" StartOffset="2928"/>
</LocList>
<BasicStmnt CovItemId="S51" CovItemPrefix="Value.java" Intrnl_Id="230">
<LocList>
<Loc EndOffset="2942" SrcFileId="1" StartOffset="2928"/>
</LocList>
</BasicStmnt>
</StmntSeq>
</Branch>
<Branch CovItemId="B38" CovItemPrefix="Value.java" Implct="false" Intrnl_Id="231">
<Cond>
<Loc EndOffset="2961" SrcFileId="1" StartOffset="2957"/>
</Cond>
<LocList>
<Loc EndOffset="3612" SrcFileId="1" StartOffset="2962"/>
</LocList>
<StmntSeq Intrnl_Id="232">
<LocList>
<Loc EndOffset="3612" SrcFileId="1" StartOffset="2962"/>
</LocList>
<CondStmnt CovItemId="S52" CovItemPrefix="Value.java" Intrnl_Id="233">
<Branch CovItemId="B39" CovItemPrefix="Value.java" Implct="false" Intrnl_Id="234">
<Cond/>
<LocList>
<Loc EndOffset="3066" SrcFileId="1" StartOffset="3030"/>
</LocList>
<StmntSeq Intrnl_Id="235">
<LocList>
<Loc EndOffset="3058" SrcFileId="1" StartOffset="3039"/>
</LocList>
<BasicStmnt CovItemId="S53" CovItemPrefix="Value.java" Intrnl_Id="236">
<LocList>
<Loc EndOffset="3058" SrcFileId="1" StartOffset="3039"/>
</LocList>
</BasicStmnt>
</StmntSeq>
</Branch>
<Branch CovItemId="B40" CovItemPrefix="Value.java" Implct="false" Intrnl_Id="237">
<Cond>
<Loc EndOffset="3077" SrcFileId="1" StartOffset="3073"/>
</Cond>
<LocList>
<Loc EndOffset="3612" SrcFileId="1" StartOffset="3078"/>
</LocList>
<StmntSeq Intrnl_Id="238">
<LocList>
<Loc EndOffset="3612" SrcFileId="1" StartOffset="3078"/>
</LocList>
<CondStmnt CovItemId="S54" CovItemPrefix="Value.java" Intrnl_Id="239">
<Branch CovItemId="B41" CovItemPrefix="Value.java" Implct="false" Intrnl_Id="240">
<Cond/>
<LocList>
<Loc EndOffset="3164" SrcFileId="1" StartOffset="3134"/>
</LocList>
<StmntSeq Intrnl_Id="241">
<LocList>
<Loc EndOffset="3156" SrcFileId="1" StartOffset="3143"/>
</LocList>
<BasicStmnt CovItemId="S55" CovItemPrefix="Value.java" Intrnl_Id="242">
<LocList>
<Loc EndOffset="3156" SrcFileId="1" StartOffset="3143"/>
</LocList>
</BasicStmnt>
</StmntSeq>
</Branch>
<Branch CovItemId="B42" CovItemPrefix="Value.java" Implct="false" Intrnl_Id="243">
<Cond>
<Loc EndOffset="3175" SrcFileId="1" StartOffset="3171"/>
</Cond>
<LocList>
<Loc EndOffset="3612" SrcFileId="1" StartOffset="3176"/>
</LocList>
<StmntSeq Intrnl_Id="244">
<LocList>
<Loc EndOffset="3612" SrcFileId="1" StartOffset="3176"/>
</LocList>
<CondStmnt CovItemId="S56" CovItemPrefix="Value.java" Intrnl_Id="245">
<Branch CovItemId="B43" CovItemPrefix="Value.java" Implct="false" Intrnl_Id="246">
<Cond/>
<LocList>
<Loc EndOffset="3271" SrcFileId="1" StartOffset="3238"/>
</LocList>
<StmntSeq Intrnl_Id="247">
<LocList>
<Loc EndOffset="3263" SrcFileId="1" StartOffset="3247"/>
</LocList>
<BasicStmnt CovItemId="S57" CovItemPrefix="Value.java" Intrnl_Id="248">
<LocList>
<Loc EndOffset="3263" SrcFileId="1" StartOffset="3247"/>
</LocList>
</BasicStmnt>
</StmntSeq>
</Branch>
<Branch CovItemId="B44" CovItemPrefix="Value.java" Implct="false" Intrnl_Id="249">
<Cond>
<Loc EndOffset="3282" SrcFileId="1" StartOffset="3278"/>
</Cond>
<LocList>
<Loc EndOffset="3612" SrcFileId="1" StartOffset="3283"/>
</LocList>
<StmntSeq Intrnl_Id="250">
<LocList>
<Loc EndOffset="3612" SrcFileId="1" StartOffset="3283"/>
</LocList>
<CondStmnt CovItemId="S58" CovItemPrefix="Value.java" Intrnl_Id="251">
<Branch CovItemId="B45" CovItemPrefix="Value.java" Implct="false" Intrnl_Id="252">
<Cond/>
<LocList>
<Loc EndOffset="3372" SrcFileId="1" StartOffset="3341"/>
</LocList>
<StmntSeq Intrnl_Id="253">
<LocList>
<Loc EndOffset="3364" SrcFileId="1" StartOffset="3350"/>
</LocList>
<BasicStmnt CovItemId="S59" CovItemPrefix="Value.java" Intrnl_Id="254">
<LocList>
<Loc EndOffset="3364" SrcFileId="1" StartOffset="3350"/>
</LocList>
</BasicStmnt>
</StmntSeq>
</Branch>
<Branch CovItemId="B46" CovItemPrefix="Value.java" Implct="false" Intrnl_Id="255">
<Cond>
<Loc EndOffset="3383" SrcFileId="1" StartOffset="3379"/>
</Cond>
<LocList>
<Loc EndOffset="3612" SrcFileId="1" StartOffset="3384"/>
</LocList>
<StmntSeq Intrnl_Id="256">
<LocList>
<Loc EndOffset="3612" SrcFileId="1" StartOffset="3384"/>
</LocList>
<CondStmnt CovItemId="S60" CovItemPrefix="Value.java" Intrnl_Id="257">
<Branch CovItemId="B47" CovItemPrefix="Value.java" Implct="false" Intrnl_Id="258">
<Cond/>
<LocList>
<Loc EndOffset="3479" SrcFileId="1" StartOffset="3446"/>
</LocList>
<StmntSeq Intrnl_Id="259">
<LocList>
<Loc EndOffset="3471" SrcFileId="1" StartOffset="3455"/>
</LocList>
<BasicStmnt CovItemId="S61" CovItemPrefix="Value.java" Intrnl_Id="260">
<LocList>
<Loc EndOffset="3471" SrcFileId="1" StartOffset="3455"/>
</LocList>
</BasicStmnt>
</StmntSeq>
</Branch>
<Branch CovItemId="B48" CovItemPrefix="Value.java" Implct="false" Intrnl_Id="261">
<Cond>
<Loc EndOffset="3490" SrcFileId="1" StartOffset="3486"/>
</Cond>
<LocList>
<Loc EndOffset="3612" SrcFileId="1" StartOffset="3491"/>
</LocList>
<StmntSeq Intrnl_Id="262">
<LocList>
<Loc EndOffset="3612" SrcFileId="1" StartOffset="3491"/>
</LocList>
<CondStmnt CovItemId="S62" CovItemPrefix="Value.java" Intrnl_Id="263">
<Branch CovItemId="B49" CovItemPrefix="Value.java" Implct="false" Intrnl_Id="264">
<Cond/>
<LocList>
<Loc EndOffset="3565" SrcFileId="1" StartOffset="3533"/>
</LocList>
<StmntSeq Intrnl_Id="265">
<LocList>
<Loc EndOffset="3557" SrcFileId="1" StartOffset="3542"/>
</LocList>
<BasicStmnt CovItemId="S63" CovItemPrefix="Value.java" Intrnl_Id="266">
<LocList>
<Loc EndOffset="3557" SrcFileId="1" StartOffset="3542"/>
</LocList>
</BasicStmnt>
</StmntSeq>
</Branch>
<Branch CovItemId="B50" CovItemPrefix="Value.java" Implct="false" Intrnl_Id="267">
<Cond>
<Loc EndOffset="3576" SrcFileId="1" StartOffset="3572"/>
</Cond>
<LocList>
<Loc EndOffset="3612" SrcFileId="1" StartOffset="3583"/>
</LocList>
<StmntSeq Intrnl_Id="268">
<LocList>
<Loc EndOffset="3604" SrcFileId="1" StartOffset="3592"/>
</LocList>
<BasicStmnt CovItemId="S64" CovItemPrefix="Value.java" Intrnl_Id="269">
<LocList>
<Loc EndOffset="3604" SrcFileId="1" StartOffset="3592"/>
</LocList>
</BasicStmnt>
</StmntSeq>
</Branch>
<Keyword EndOffset="3493" SrcFileId="1" StartOffset="3491"/>
<LocList>
<Loc EndOffset="3612" SrcFileId="1" StartOffset="3491"/>
</LocList>
<RootTerm CovItemId="C25" CovItemPrefix="Value.java" Intrnl_Id="270">
<BasicBoolTerm Intrnl_Id="271">
<LocList>
<Loc EndOffset="3525" SrcFileId="1" StartOffset="3494"/>
</LocList>
</BasicBoolTerm>
</RootTerm>
</CondStmnt>
</StmntSeq>
</Branch>
<Keyword EndOffset="3386" SrcFileId="1" StartOffset="3384"/>
<LocList>
<Loc EndOffset="3612" SrcFileId="1" StartOffset="3384"/>
</LocList>
<RootTerm CovItemId="C24" CovItemPrefix="Value.java" Intrnl_Id="272">
<OpTerm BooleanOpId="4" Intrnl_Id="273">
<BasicBoolTerm Intrnl_Id="274">
<LocList>
<Loc EndOffset="3402" SrcFileId="1" StartOffset="3387"/>
</LocList>
</BasicBoolTerm>
<BasicBoolTerm Intrnl_Id="275">
<LocList>
<Loc EndOffset="3438" SrcFileId="1" StartOffset="3406"/>
</LocList>
</BasicBoolTerm>
<LocList>
<Loc EndOffset="3405" SrcFileId="1" StartOffset="3403"/>
</LocList>
</OpTerm>
</RootTerm>
</CondStmnt>
</StmntSeq>
</Branch>
<Keyword EndOffset="3285" SrcFileId="1" StartOffset="3283"/>
<LocList>
<Loc EndOffset="3612" SrcFileId="1" StartOffset="3283"/>
</LocList>
<RootTerm CovItemId="C23" CovItemPrefix="Value.java" Intrnl_Id="276">
<OpTerm BooleanOpId="4" Intrnl_Id="277">
<BasicBoolTerm Intrnl_Id="278">
<LocList>
<Loc EndOffset="3299" SrcFileId="1" StartOffset="3286"/>
</LocList>
</BasicBoolTerm>
<BasicBoolTerm Intrnl_Id="279">
<LocList>
<Loc EndOffset="3333" SrcFileId="1" StartOffset="3303"/>
</LocList>
</BasicBoolTerm>
<LocList>
<Loc EndOffset="3302" SrcFileId="1" StartOffset="3300"/>
</LocList>
</OpTerm>
</RootTerm>
</CondStmnt>
</StmntSeq>
</Branch>
<Keyword EndOffset="3178" SrcFileId="1" StartOffset="3176"/>
<LocList>
<Loc EndOffset="3612" SrcFileId="1" StartOffset="3176"/>
</LocList>
<RootTerm CovItemId="C22" CovItemPrefix="Value.java" Intrnl_Id="280">
<OpTerm BooleanOpId="4" Intrnl_Id="281">
<BasicBoolTerm Intrnl_Id="282">
<LocList>
<Loc EndOffset="3194" SrcFileId="1" StartOffset="3179"/>
</LocList>
</BasicBoolTerm>
<BasicBoolTerm Intrnl_Id="283">
<LocList>
<Loc EndOffset="3230" SrcFileId="1" StartOffset="3198"/>
</LocList>
</BasicBoolTerm>
<LocList>
<Loc EndOffset="3197" SrcFileId="1" StartOffset="3195"/>
</LocList>
</OpTerm>
</RootTerm>
</CondStmnt>
</StmntSeq>
</Branch>
<Keyword EndOffset="3080" SrcFileId="1" StartOffset="3078"/>
<LocList>
<Loc EndOffset="3612" SrcFileId="1" StartOffset="3078"/>
</LocList>
<RootTerm CovItemId="C21" CovItemPrefix="Value.java" Intrnl_Id="284">
<OpTerm BooleanOpId="4" Intrnl_Id="285">
<BasicBoolTerm Intrnl_Id="286">
<LocList>
<Loc EndOffset="3093" SrcFileId="1" StartOffset="3081"/>
</LocList>
</BasicBoolTerm>
<BasicBoolTerm Intrnl_Id="287">
<LocList>
<Loc EndOffset="3126" SrcFileId="1" StartOffset="3097"/>
</LocList>
</BasicBoolTerm>
<LocList>
<Loc EndOffset="3096" SrcFileId="1" StartOffset="3094"/>
</LocList>
</OpTerm>
</RootTerm>
</CondStmnt>
</StmntSeq>
</Branch>
<Keyword EndOffset="2964" SrcFileId="1" StartOffset="2962"/>
<LocList>
<Loc EndOffset="3612" SrcFileId="1" StartOffset="2962"/>
</LocList>
<RootTerm CovItemId="C20" CovItemPrefix="Value.java" Intrnl_Id="288">
<OpTerm BooleanOpId="4" Intrnl_Id="289">
<BasicBoolTerm Intrnl_Id="290">
<LocList>
<Loc EndOffset="3000" SrcFileId="1" StartOffset="2965"/>
</LocList>
</BasicBoolTerm>
<BasicBoolTerm Intrnl_Id="291">
<LocList>
<Loc EndOffset="3022" SrcFileId="1" StartOffset="3004"/>
</LocList>
</BasicBoolTerm>
<LocList>
<Loc EndOffset="3003" SrcFileId="1" StartOffset="3001"/>
</LocList>
</OpTerm>
</RootTerm>
</CondStmnt>
</StmntSeq>
</Branch>
<Keyword EndOffset="2863" SrcFileId="1" StartOffset="2861"/>
<LocList>
<Loc EndOffset="3612" SrcFileId="1" StartOffset="2861"/>
</LocList>
<RootTerm CovItemId="C19" CovItemPrefix="Value.java" Intrnl_Id="292">
<OpTerm BooleanOpId="4" Intrnl_Id="293">
<BasicBoolTerm Intrnl_Id="294">
<LocList>
<Loc EndOffset="2877" SrcFileId="1" StartOffset="2864"/>
</LocList>
</BasicBoolTerm>
<BasicBoolTerm Intrnl_Id="295">
<LocList>
<Loc EndOffset="2911" SrcFileId="1" StartOffset="2881"/>
</LocList>
</BasicBoolTerm>
<LocList>
<Loc EndOffset="2880" SrcFileId="1" StartOffset="2878"/>
</LocList>
</OpTerm>
</RootTerm>
</CondStmnt>
</StmntSeq>
</HierarchyLvl>
<HierarchyLvl HierarchyLvlId="797" HierarchyLvlTypeId="6" Intrnl_Id="296" Name="equals">
<Header>
<Loc EndOffset="3673" SrcFileId="1" StartOffset="3627"/>
</Header>
<LocList>
<Loc EndOffset="3948" SrcFileId="1" StartOffset="3627"/>
</LocList>
<StmntSeq Intrnl_Id="297">
<LocList>
<Loc EndOffset="3740" SrcFileId="1" StartOffset="3687"/>
<Loc EndOffset="3858" SrcFileId="1" StartOffset="3752"/>
<Loc EndOffset="3892" SrcFileId="1" StartOffset="3870"/>
<Loc EndOffset="3941" SrcFileId="1" StartOffset="3904"/>
</LocList>
<CondStmnt CovItemId="S65" CovItemPrefix="Value.java" Intrnl_Id="298">
<Branch CovItemId="B51" CovItemPrefix="Value.java" Implct="false" Intrnl_Id="299">
<Cond/>
<LocList>
<Loc EndOffset="3740" SrcFileId="1" StartOffset="3702"/>
</LocList>
<StmntSeq Intrnl_Id="300">
<LocList>
<Loc EndOffset="3729" SrcFileId="1" StartOffset="3717"/>
</LocList>
<BasicStmnt CovItemId="S66" CovItemPrefix="Value.java" Intrnl_Id="301">
<LocList>
<Loc EndOffset="3729" SrcFileId="1" StartOffset="3717"/>
</LocList>
</BasicStmnt>
</StmntSeq>
</Branch>
<Branch CovItemId="B52" CovItemPrefix="Value.java" Implct="true" Intrnl_Id="302">
<Cond/>
<LocList/>
<StmntSeq Intrnl_Id="303">
<LocList/>
</StmntSeq>
</Branch>
<Keyword EndOffset="3689" SrcFileId="1" StartOffset="3687"/>
<LocList>
<Loc EndOffset="3740" SrcFileId="1" StartOffset="3687"/>
</LocList>
<RootTerm CovItemId="C26" CovItemPrefix="Value.java" Intrnl_Id="304">
<BasicBoolTerm Intrnl_Id="305">
<LocList>
<Loc EndOffset="3700" SrcFileId="1" StartOffset="3690"/>
</LocList>
</BasicBoolTerm>
</RootTerm>
</CondStmnt>
<CondStmnt CovItemId="S67" CovItemPrefix="Value.java" Intrnl_Id="306">
<Branch CovItemId="B53" CovItemPrefix="Value.java" Implct="false" Intrnl_Id="307">
<Cond/>
<LocList>
<Loc EndOffset="3858" SrcFileId="1" StartOffset="3819"/>
</LocList>
<StmntSeq Intrnl_Id="308">
<LocList>
<Loc EndOffset="3847" SrcFileId="1" StartOffset="3834"/>
</LocList>
<BasicStmnt CovItemId="S68" CovItemPrefix="Value.java" Intrnl_Id="309">
<LocList>
<Loc EndOffset="3847" SrcFileId="1" StartOffset="3834"/>
</LocList>
</BasicStmnt>
</StmntSeq>
</Branch>
<Branch CovItemId="B54" CovItemPrefix="Value.java" Implct="true" Intrnl_Id="310">
<Cond/>
<LocList/>
<StmntSeq Intrnl_Id="311">
<LocList/>
</StmntSeq>
</Branch>
<Keyword EndOffset="3754" SrcFileId="1" StartOffset="3752"/>
<LocList>
<Loc EndOffset="3858" SrcFileId="1" StartOffset="3752"/>
</LocList>
<RootTerm CovItemId="C27" CovItemPrefix="Value.java" Intrnl_Id="312">
<OpTerm BooleanOpId="4" Intrnl_Id="313">
<OpTerm BooleanOpId="4" Intrnl_Id="314">
<BasicBoolTerm Intrnl_Id="315">
<LocList>
<Loc EndOffset="3768" SrcFileId="1" StartOffset="3755"/>
</LocList>
</BasicBoolTerm>
<BasicBoolTerm Intrnl_Id="316">
<LocList>
<Loc EndOffset="3781" SrcFileId="1" StartOffset="3772"/>
</LocList>
</BasicBoolTerm>
<LocList>
<Loc EndOffset="3771" SrcFileId="1" StartOffset="3769"/>
</LocList>
</OpTerm>
<BasicBoolTerm Intrnl_Id="317">
<LocList>
<Loc EndOffset="3817" SrcFileId="1" StartOffset="3785"/>
</LocList>
</BasicBoolTerm>
<LocList>
<Loc EndOffset="3784" SrcFileId="1" StartOffset="3782"/>
</LocList>
</OpTerm>
</RootTerm>
</CondStmnt>
<BasicStmnt CovItemId="S69" CovItemPrefix="Value.java" Intrnl_Id="318">
<LocList>
<Loc EndOffset="3892" SrcFileId="1" StartOffset="3870"/>
</LocList>
</BasicStmnt>
<BasicStmnt CovItemId="S70" CovItemPrefix="Value.java" Intrnl_Id="319">
<LocList>
<Loc EndOffset="3941" SrcFileId="1" StartOffset="3904"/>
</LocList>
</BasicStmnt>
</StmntSeq>
</HierarchyLvl>
<HierarchyLvl HierarchyLvlId="798" HierarchyLvlTypeId="6" Intrnl_Id="320" Name="toString">
<Header>
<Loc EndOffset="3995" SrcFileId="1" StartOffset="3956"/>
</Header>
<LocList>
<Loc EndOffset="4043" SrcFileId="1" StartOffset="3956"/>
</LocList>
<StmntSeq Intrnl_Id="321">
<LocList>
<Loc EndOffset="4036" SrcFileId="1" StartOffset="4007"/>
</LocList>
<BasicStmnt CovItemId="S71" CovItemPrefix="Value.java" Intrnl_Id="322">
<LocList>
<Loc EndOffset="4036" SrcFileId="1" StartOffset="4007"/>
</LocList>
</BasicStmnt>
</StmntSeq>
</HierarchyLvl>
</HierarchyLvl>
</HierarchyLvl>
</MASTRoot>
</TestSessionContainer>
