<?xml version="1.0" encoding="UTF-8"?><TestSessionContainer xmlns="http://www.codecover.org/xml/testsession-container" Date="1367932272888" TestSessionContainerId="13b6c4c1-df6c-469d-8f09-f16a57379bb6" version="1.0">
<SrcFileList>
<SrcFile Content="&#13;&#10;public class Value {&#13;&#10;&#9;public static Value VOID = new Value(new Object());&#13;&#10;&#13;&#10;    final Object value;&#13;&#10;&#13;&#10;    public Value(Object value) {&#13;&#10;        this.value = value;&#13;&#10;    }&#13;&#10;    &#13;&#10;    public Value()&#13;&#10;    {&#13;&#10;    &#9;this.value = &quot;&quot;;&#13;&#10;    }&#13;&#10;&#13;&#10;    public boolean isDouble() &#13;&#10;    {&#13;&#10;&#9;&#9;if(this.toString().matches(&quot;((-)?[0-9]+)\\.([0-9]){1,2}&quot;))&#13;&#10;&#9;&#9;{&#13;&#10;&#9;&#9;&#9;return true;&#13;&#10;&#9;&#9;}&#13;&#10;&#9;&#9;return false;&#13;&#10;    }&#13;&#10;    &#13;&#10;    public boolean isInt()&#13;&#10;    {&#13;&#10;&#9;&#9;if(this.toString().matches(&quot;(-)?[0-9]+&quot;))&#13;&#10;&#9;&#9;{&#13;&#10;&#9;&#9;&#9;return true;&#13;&#10;&#9;&#9;}&#13;&#10;&#9;&#9;return false;&#13;&#10;    }&#13;&#10;    &#13;&#10;    public boolean isDrink()&#13;&#10;    {&#13;&#10;&#9;&#9;if(this.toString().equals(&quot;drink&quot;))&#13;&#10;&#9;&#9;{&#13;&#10;&#9;&#9;&#9;return true;&#13;&#10;&#9;&#9;}&#13;&#10;&#9;&#9;return false;&#13;&#10;    }&#13;&#10;    &#13;&#10;    public boolean isNumeric()&#13;&#10;    {&#13;&#10;    &#9;if(this.isInt() || this.isDouble() || this.toString().equals(&quot;int&quot;) || this.toString().equals(&quot;double&quot;))&#13;&#10;    &#9;{&#13;&#10;    &#9;&#9;return true;&#13;&#10;    &#9;}&#13;&#10;    &#9;return false;&#13;&#10;    }&#13;&#10;    &#13;&#10;    public boolean isNumericExpression()&#13;&#10;    {&#13;&#10;    &#9;int i = 0;&#13;&#10;    &#9;int location = 0;&#13;&#10;    &#9;&#13;&#10;    &#9;&#13;&#10;    &#9;&#13;&#10;    &#9;if(this.toString().contains(&quot;(&quot;))&#13;&#10;    &#9;{&#13;&#10;    &#9;&#9;if(!this.toString().contains(&quot;)&quot;))&#13;&#10;    &#9;&#9;{&#13;&#10;    &#9;&#9;&#9;return false;&#13;&#10;    &#9;&#9;}&#13;&#10;    &#9;}&#13;&#10;    &#9;if(this.toString().matches(&quot;(-)?[0-9]+(\\.[0-9]{1,2})?((\\+|\\-|\\*|\\/)[0-9]+(\\.[0-9]{1,2})?)*&quot;))&#13;&#10;    &#9;{&#13;&#10;    &#9;&#9;return true;&#13;&#10;    &#9;}&#13;&#10;    &#9;return false;&#13;&#10;    }&#13;&#10;    &#13;&#10;    public boolean isChar()&#13;&#10;    {&#13;&#10;&#9;&#9;if(this.toString().length() != 3 || &#13;&#10;&#9;&#9;   this.toString().charAt(0) != '\'' || &#13;&#10;&#9;&#9;   this.toString().charAt(this.toString().length()-1) != '\'')&#13;&#10;&#9;&#9;{&#13;&#10;&#9;&#9;&#9;return false;&#13;&#10;&#9;&#9;}&#13;&#10;&#9;&#9;return true;&#13;&#10;    }&#13;&#10;    &#13;&#10;    public boolean isString()&#13;&#10;    {&#13;&#10;    &#9;if(this.toString().length() &lt; 2)&#13;&#10;    &#9;{&#13;&#10;    &#9;&#9;return false;&#13;&#10;    &#9;}&#13;&#10;    &#9;else if(this.toString().charAt(0) != '&quot;'|| this.toString().charAt(this.toString().length()-1) != '&quot;')&#13;&#10;&#9;&#9;{&#13;&#10;&#9;&#9;&#9;return false;&#13;&#10;&#9;&#9;}&#13;&#10;&#9;&#9;return true;&#13;&#10;    }&#13;&#10;    &#13;&#10;    public boolean isBool()&#13;&#10;    {&#13;&#10;    &#9;if(this.toString().equals(&quot;true&quot;) || this.toString().equals(&quot;false&quot;))&#13;&#10;    &#9;{&#13;&#10;    &#9;&#9;return true;&#13;&#10;    &#9;}&#13;&#10;    &#9;return false;&#13;&#10;    }&#13;&#10;    &#13;&#10;    public boolean isContainer()&#13;&#10;    {&#13;&#10;    &#9;if(this.toString().matches(&quot;((1?[0-3])|([0-9]))|A[0-5]&quot;) || this.toString().equals(&quot;container&quot;))&#13;&#10;    &#9;{&#13;&#10;    &#9;&#9;return true;&#13;&#10;    &#9;}&#13;&#10;    &#9;return false;&#13;&#10;    }&#13;&#10;    &#13;&#10;    public boolean isSameType(Value val)&#13;&#10;    {&#13;&#10;    &#9;if(this.isBool() &amp;&amp; val.isBool())&#13;&#10;    &#9;{&#13;&#10;    &#9;&#9;return true;&#13;&#10;    &#9;}&#13;&#10;    &#9;if(this.isContainer() &amp;&amp; val.isContainer())&#13;&#10;    &#9;{&#13;&#10;    &#9;&#9;return true;&#13;&#10;    &#9;}&#13;&#10;    &#9;else if(this.isChar() &amp;&amp; val.isChar())&#13;&#10;    &#9;{&#13;&#10;    &#9;&#9;return true;&#13;&#10;    &#9;}&#13;&#10;    &#9;else if(this.isNumeric() &amp;&amp; val.isNumeric() || this.isNumeric() &amp;&amp; val.isNumericExpression())&#13;&#10;    &#9;{&#13;&#10;    &#9;&#9;return true;&#13;&#10;    &#9;}&#13;&#10;    &#9;else if(this.isString() &amp;&amp; val.isString())&#13;&#10;    &#9;{&#13;&#10;    &#9;&#9;return true;&#13;&#10;    &#9;}&#13;&#10;    &#9;else if(this.isDrink() &amp;&amp; val.isDrink())&#13;&#10;    &#9;{&#13;&#10;    &#9;&#9;return true;&#13;&#10;    &#9;}&#13;&#10;    &#9;&#13;&#10;    &#9;return false;&#13;&#10;    }&#13;&#10;    &#13;&#10;    public String GetType()&#13;&#10;    {&#13;&#10;    &#9;if(this.isBool() || this.toString().equals(&quot;bool&quot;))&#13;&#10;    &#9;{&#13;&#10;    &#9;&#9;return &quot;bool&quot;;&#13;&#10;    &#9;}&#13;&#10;    &#9;else if(this.toString().equals(&quot;container&quot;) || this.isContainer())&#13;&#10;    &#9;{&#13;&#10;    &#9;&#9;return &quot;container&quot;;&#13;&#10;    &#9;}&#13;&#10;    &#9;else if(this.isInt() || this.toString().equals(&quot;int&quot;))&#13;&#10;    &#9;{&#13;&#10;    &#9;&#9;return &quot;int&quot;;&#13;&#10;    &#9;}&#13;&#10;    &#9;else if(this.isDouble() || this.toString().equals(&quot;double&quot;))&#13;&#10;    &#9;{&#13;&#10;    &#9;&#9;return &quot;double&quot;;&#13;&#10;    &#9;}&#13;&#10;    &#9;else if(this.isChar() || this.toString().equals(&quot;char&quot;))&#13;&#10;    &#9;{&#13;&#10;    &#9;&#9;return &quot;char&quot;;&#13;&#10;    &#9;}&#13;&#10;    &#9;else if(this.isString() || this.toString().equals(&quot;string&quot;))&#13;&#10;    &#9;{&#13;&#10;    &#9;&#9;return &quot;string&quot;;&#13;&#10;    &#9;}&#13;&#10;    &#9;else if(this.toString().equals(&quot;drink&quot;))&#13;&#10;    &#9;{&#13;&#10;    &#9;&#9;return &quot;drink&quot;;&#13;&#10;    &#9;}&#13;&#10;    &#9;else&#13;&#10;    &#9;{&#13;&#10;    &#9;&#9;return null;&#13;&#10;    &#9;}&#13;&#10;    }&#13;&#10;&#13;&#10;    @Override&#13;&#10;    public boolean equals(Object o) {&#13;&#10;&#13;&#10;        if(value == o) {&#13;&#10;            return true;&#13;&#10;        }&#13;&#10;&#13;&#10;        if(value == null || o == null || o.getClass() != value.getClass()) {&#13;&#10;            return false;&#13;&#10;        }&#13;&#10;&#13;&#10;        Value that = (Value)o;&#13;&#10;&#13;&#10;        return this.value.equals(that.value);&#13;&#10;    }&#13;&#10;&#13;&#10;    @Override&#13;&#10;    public String toString() {&#13;&#10;        return String.valueOf(value);&#13;&#10;    }&#13;&#10;}&#13;&#10;" Filename="Value.java" Intrnl_Id="1"/>
</SrcFileList>
<CritList>
<CritListEntry Name="org.codecover.model.utils.criteria.LoopCoverage" PluginName="org.codecover"/>
<CritListEntry Name="org.codecover.model.utils.criteria.BranchCoverage" PluginName="org.codecover"/>
<CritListEntry Name="org.codecover.model.utils.criteria.ConditionCoverage" PluginName="org.codecover"/>
<CritListEntry Name="org.codecover.model.utils.criteria.StatementCoverage" PluginName="org.codecover"/>
</CritList>
<BoolOpList>
<BoolOp Arity="1" Intrnl_Id="2" Name="not (!)">
<BoolAssgnmntBoolMapList>
<MapEntry BoolAssgnmnt="0" Value="true"/>
<MapEntry BoolAssgnmnt="1" Value="false"/>
</BoolAssgnmntBoolMapList>
</BoolOp>
<BoolOp Arity="2" Intrnl_Id="3" Name="conditional and (&amp;&amp;)">
<BoolAssgnmntBoolMapList>
<MapEntry BoolAssgnmnt="10" Value="false"/>
<MapEntry BoolAssgnmnt="02" Value="false"/>
<MapEntry BoolAssgnmnt="11" Value="true"/>
</BoolAssgnmntBoolMapList>
</BoolOp>
<BoolOp Arity="2" Intrnl_Id="4" Name="conditional or (||)">
<BoolAssgnmntBoolMapList>
<MapEntry BoolAssgnmnt="01" Value="true"/>
<MapEntry BoolAssgnmnt="00" Value="false"/>
<MapEntry BoolAssgnmnt="12" Value="true"/>
</BoolAssgnmntBoolMapList>
</BoolOp>
</BoolOpList>
<HierarchyLvlTypeList>
<HierarchyLvlType EnglishName="class" IntrnlName="class" Intrnl_Id="5"/>
<HierarchyLvlType EnglishName="method" IntrnlName="method" Intrnl_Id="6"/>
<HierarchyLvlType EnglishName="default package" IntrnlName="default package" Intrnl_Id="7"/>
</HierarchyLvlTypeList>
<MASTRoot>
<HierarchyLvl HierarchyLvlId="851" HierarchyLvlTypeId="7" Intrnl_Id="8" Name="default package">
<Header/>
<LocList/>
<HierarchyLvl HierarchyLvlId="850" HierarchyLvlTypeId="5" Intrnl_Id="9" Name="Value">
<Header>
<Loc EndOffset="20" SrcFileId="1" StartOffset="2"/>
</Header>
<LocList>
<Loc EndOffset="4091" SrcFileId="1" StartOffset="2"/>
</LocList>
<StmntSeq Intrnl_Id="10">
<LocList>
<Loc EndOffset="76" SrcFileId="1" StartOffset="25"/>
</LocList>
<BasicStmnt CovItemId="S1" CovItemPrefix="Value.java" Intrnl_Id="11">
<LocList>
<Loc EndOffset="76" SrcFileId="1" StartOffset="25"/>
</LocList>
</BasicStmnt>
</StmntSeq>
<HierarchyLvl HierarchyLvlId="835" HierarchyLvlTypeId="6" Intrnl_Id="12" Name="Value">
<Header>
<Loc EndOffset="137" SrcFileId="1" StartOffset="111"/>
</Header>
<LocList>
<Loc EndOffset="175" SrcFileId="1" StartOffset="111"/>
</LocList>
<StmntSeq Intrnl_Id="13">
<LocList>
<Loc EndOffset="168" SrcFileId="1" StartOffset="149"/>
</LocList>
<BasicStmnt CovItemId="S2" CovItemPrefix="Value.java" Intrnl_Id="14">
<LocList>
<Loc EndOffset="168" SrcFileId="1" StartOffset="149"/>
</LocList>
</BasicStmnt>
</StmntSeq>
</HierarchyLvl>
<HierarchyLvl HierarchyLvlId="836" HierarchyLvlTypeId="6" Intrnl_Id="15" Name="Value">
<Header>
<Loc EndOffset="201" SrcFileId="1" StartOffset="187"/>
</Header>
<LocList>
<Loc EndOffset="238" SrcFileId="1" StartOffset="187"/>
</LocList>
<StmntSeq Intrnl_Id="16">
<LocList>
<Loc EndOffset="231" SrcFileId="1" StartOffset="215"/>
</LocList>
<BasicStmnt CovItemId="S3" CovItemPrefix="Value.java" Intrnl_Id="17">
<LocList>
<Loc EndOffset="231" SrcFileId="1" StartOffset="215"/>
</LocList>
</BasicStmnt>
</StmntSeq>
</HierarchyLvl>
<HierarchyLvl HierarchyLvlId="837" HierarchyLvlTypeId="6" Intrnl_Id="18" Name="isDouble">
<Header>
<Loc EndOffset="271" SrcFileId="1" StartOffset="246"/>
</Header>
<LocList>
<Loc EndOffset="392" SrcFileId="1" StartOffset="246"/>
</LocList>
<StmntSeq Intrnl_Id="19">
<LocList>
<Loc EndOffset="368" SrcFileId="1" StartOffset="283"/>
<Loc EndOffset="385" SrcFileId="1" StartOffset="372"/>
</LocList>
<CondStmnt CovItemId="S4" CovItemPrefix="Value.java" Intrnl_Id="20">
<Branch CovItemId="B1" CovItemPrefix="Value.java" Implct="false" Intrnl_Id="21">
<Cond/>
<LocList>
<Loc EndOffset="368" SrcFileId="1" StartOffset="345"/>
</LocList>
<StmntSeq Intrnl_Id="22">
<LocList>
<Loc EndOffset="363" SrcFileId="1" StartOffset="351"/>
</LocList>
<BasicStmnt CovItemId="S5" CovItemPrefix="Value.java" Intrnl_Id="23">
<LocList>
<Loc EndOffset="363" SrcFileId="1" StartOffset="351"/>
</LocList>
</BasicStmnt>
</StmntSeq>
</Branch>
<Branch CovItemId="B2" CovItemPrefix="Value.java" Implct="true" Intrnl_Id="24">
<Cond/>
<LocList/>
<StmntSeq Intrnl_Id="25">
<LocList/>
</StmntSeq>
</Branch>
<Keyword EndOffset="285" SrcFileId="1" StartOffset="283"/>
<LocList>
<Loc EndOffset="368" SrcFileId="1" StartOffset="283"/>
</LocList>
<RootTerm CovItemId="C1" CovItemPrefix="Value.java" Intrnl_Id="26">
<BasicBoolTerm Intrnl_Id="27">
<LocList>
<Loc EndOffset="340" SrcFileId="1" StartOffset="286"/>
</LocList>
</BasicBoolTerm>
</RootTerm>
</CondStmnt>
<BasicStmnt CovItemId="S6" CovItemPrefix="Value.java" Intrnl_Id="28">
<LocList>
<Loc EndOffset="385" SrcFileId="1" StartOffset="372"/>
</LocList>
</BasicStmnt>
</StmntSeq>
</HierarchyLvl>
<HierarchyLvl HierarchyLvlId="838" HierarchyLvlTypeId="6" Intrnl_Id="29" Name="isInt">
<Header>
<Loc EndOffset="426" SrcFileId="1" StartOffset="404"/>
</Header>
<LocList>
<Loc EndOffset="529" SrcFileId="1" StartOffset="404"/>
</LocList>
<StmntSeq Intrnl_Id="30">
<LocList>
<Loc EndOffset="505" SrcFileId="1" StartOffset="437"/>
<Loc EndOffset="522" SrcFileId="1" StartOffset="509"/>
</LocList>
<CondStmnt CovItemId="S7" CovItemPrefix="Value.java" Intrnl_Id="31">
<Branch CovItemId="B3" CovItemPrefix="Value.java" Implct="false" Intrnl_Id="32">
<Cond/>
<LocList>
<Loc EndOffset="505" SrcFileId="1" StartOffset="482"/>
</LocList>
<StmntSeq Intrnl_Id="33">
<LocList>
<Loc EndOffset="500" SrcFileId="1" StartOffset="488"/>
</LocList>
<BasicStmnt CovItemId="S8" CovItemPrefix="Value.java" Intrnl_Id="34">
<LocList>
<Loc EndOffset="500" SrcFileId="1" StartOffset="488"/>
</LocList>
</BasicStmnt>
</StmntSeq>
</Branch>
<Branch CovItemId="B4" CovItemPrefix="Value.java" Implct="true" Intrnl_Id="35">
<Cond/>
<LocList/>
<StmntSeq Intrnl_Id="36">
<LocList/>
</StmntSeq>
</Branch>
<Keyword EndOffset="439" SrcFileId="1" StartOffset="437"/>
<LocList>
<Loc EndOffset="505" SrcFileId="1" StartOffset="437"/>
</LocList>
<RootTerm CovItemId="C2" CovItemPrefix="Value.java" Intrnl_Id="37">
<BasicBoolTerm Intrnl_Id="38">
<LocList>
<Loc EndOffset="477" SrcFileId="1" StartOffset="440"/>
</LocList>
</BasicBoolTerm>
</RootTerm>
</CondStmnt>
<BasicStmnt CovItemId="S9" CovItemPrefix="Value.java" Intrnl_Id="39">
<LocList>
<Loc EndOffset="522" SrcFileId="1" StartOffset="509"/>
</LocList>
</BasicStmnt>
</StmntSeq>
</HierarchyLvl>
<HierarchyLvl HierarchyLvlId="839" HierarchyLvlTypeId="6" Intrnl_Id="40" Name="isDrink">
<Header>
<Loc EndOffset="565" SrcFileId="1" StartOffset="541"/>
</Header>
<LocList>
<Loc EndOffset="662" SrcFileId="1" StartOffset="541"/>
</LocList>
<StmntSeq Intrnl_Id="41">
<LocList>
<Loc EndOffset="638" SrcFileId="1" StartOffset="576"/>
<Loc EndOffset="655" SrcFileId="1" StartOffset="642"/>
</LocList>
<CondStmnt CovItemId="S10" CovItemPrefix="Value.java" Intrnl_Id="42">
<Branch CovItemId="B5" CovItemPrefix="Value.java" Implct="false" Intrnl_Id="43">
<Cond/>
<LocList>
<Loc EndOffset="638" SrcFileId="1" StartOffset="615"/>
</LocList>
<StmntSeq Intrnl_Id="44">
<LocList>
<Loc EndOffset="633" SrcFileId="1" StartOffset="621"/>
</LocList>
<BasicStmnt CovItemId="S11" CovItemPrefix="Value.java" Intrnl_Id="45">
<LocList>
<Loc EndOffset="633" SrcFileId="1" StartOffset="621"/>
</LocList>
</BasicStmnt>
</StmntSeq>
</Branch>
<Branch CovItemId="B6" CovItemPrefix="Value.java" Implct="true" Intrnl_Id="46">
<Cond/>
<LocList/>
<StmntSeq Intrnl_Id="47">
<LocList/>
</StmntSeq>
</Branch>
<Keyword EndOffset="578" SrcFileId="1" StartOffset="576"/>
<LocList>
<Loc EndOffset="638" SrcFileId="1" StartOffset="576"/>
</LocList>
<RootTerm CovItemId="C3" CovItemPrefix="Value.java" Intrnl_Id="48">
<BasicBoolTerm Intrnl_Id="49">
<LocList>
<Loc EndOffset="610" SrcFileId="1" StartOffset="579"/>
</LocList>
</BasicBoolTerm>
</RootTerm>
</CondStmnt>
<BasicStmnt CovItemId="S12" CovItemPrefix="Value.java" Intrnl_Id="50">
<LocList>
<Loc EndOffset="655" SrcFileId="1" StartOffset="642"/>
</LocList>
</BasicStmnt>
</StmntSeq>
</HierarchyLvl>
<HierarchyLvl HierarchyLvlId="840" HierarchyLvlTypeId="6" Intrnl_Id="51" Name="isNumeric">
<Header>
<Loc EndOffset="700" SrcFileId="1" StartOffset="674"/>
</Header>
<LocList>
<Loc EndOffset="881" SrcFileId="1" StartOffset="674"/>
</LocList>
<StmntSeq Intrnl_Id="52">
<LocList>
<Loc EndOffset="854" SrcFileId="1" StartOffset="714"/>
<Loc EndOffset="874" SrcFileId="1" StartOffset="861"/>
</LocList>
<CondStmnt CovItemId="S13" CovItemPrefix="Value.java" Intrnl_Id="53">
<Branch CovItemId="B7" CovItemPrefix="Value.java" Implct="false" Intrnl_Id="54">
<Cond/>
<LocList>
<Loc EndOffset="854" SrcFileId="1" StartOffset="825"/>
</LocList>
<StmntSeq Intrnl_Id="55">
<LocList>
<Loc EndOffset="846" SrcFileId="1" StartOffset="834"/>
</LocList>
<BasicStmnt CovItemId="S14" CovItemPrefix="Value.java" Intrnl_Id="56">
<LocList>
<Loc EndOffset="846" SrcFileId="1" StartOffset="834"/>
</LocList>
</BasicStmnt>
</StmntSeq>
</Branch>
<Branch CovItemId="B8" CovItemPrefix="Value.java" Implct="true" Intrnl_Id="57">
<Cond/>
<LocList/>
<StmntSeq Intrnl_Id="58">
<LocList/>
</StmntSeq>
</Branch>
<Keyword EndOffset="716" SrcFileId="1" StartOffset="714"/>
<LocList>
<Loc EndOffset="854" SrcFileId="1" StartOffset="714"/>
</LocList>
<RootTerm CovItemId="C4" CovItemPrefix="Value.java" Intrnl_Id="59">
<OpTerm BooleanOpId="4" Intrnl_Id="60">
<OpTerm BooleanOpId="4" Intrnl_Id="61">
<OpTerm BooleanOpId="4" Intrnl_Id="62">
<BasicBoolTerm Intrnl_Id="63">
<LocList>
<Loc EndOffset="729" SrcFileId="1" StartOffset="717"/>
</LocList>
</BasicBoolTerm>
<BasicBoolTerm Intrnl_Id="64">
<LocList>
<Loc EndOffset="748" SrcFileId="1" StartOffset="733"/>
</LocList>
</BasicBoolTerm>
<LocList>
<Loc EndOffset="732" SrcFileId="1" StartOffset="730"/>
</LocList>
</OpTerm>
<BasicBoolTerm Intrnl_Id="65">
<LocList>
<Loc EndOffset="781" SrcFileId="1" StartOffset="752"/>
</LocList>
</BasicBoolTerm>
<LocList>
<Loc EndOffset="751" SrcFileId="1" StartOffset="749"/>
</LocList>
</OpTerm>
<BasicBoolTerm Intrnl_Id="66">
<LocList>
<Loc EndOffset="817" SrcFileId="1" StartOffset="785"/>
</LocList>
</BasicBoolTerm>
<LocList>
<Loc EndOffset="784" SrcFileId="1" StartOffset="782"/>
</LocList>
</OpTerm>
</RootTerm>
</CondStmnt>
<BasicStmnt CovItemId="S15" CovItemPrefix="Value.java" Intrnl_Id="67">
<LocList>
<Loc EndOffset="874" SrcFileId="1" StartOffset="861"/>
</LocList>
</BasicStmnt>
</StmntSeq>
</HierarchyLvl>
<HierarchyLvl HierarchyLvlId="841" HierarchyLvlTypeId="6" Intrnl_Id="68" Name="isNumericExpression">
<Header>
<Loc EndOffset="929" SrcFileId="1" StartOffset="893"/>
</Header>
<LocList>
<Loc EndOffset="1305" SrcFileId="1" StartOffset="893"/>
</LocList>
<StmntSeq Intrnl_Id="69">
<LocList>
<Loc EndOffset="953" SrcFileId="1" StartOffset="943"/>
<Loc EndOffset="977" SrcFileId="1" StartOffset="960"/>
<Loc EndOffset="1136" SrcFileId="1" StartOffset="1005"/>
<Loc EndOffset="1278" SrcFileId="1" StartOffset="1143"/>
<Loc EndOffset="1298" SrcFileId="1" StartOffset="1285"/>
</LocList>
<BasicStmnt CovItemId="S16" CovItemPrefix="Value.java" Intrnl_Id="70">
<LocList>
<Loc EndOffset="953" SrcFileId="1" StartOffset="943"/>
</LocList>
</BasicStmnt>
<BasicStmnt CovItemId="S17" CovItemPrefix="Value.java" Intrnl_Id="71">
<LocList>
<Loc EndOffset="977" SrcFileId="1" StartOffset="960"/>
</LocList>
</BasicStmnt>
<CondStmnt CovItemId="S18" CovItemPrefix="Value.java" Intrnl_Id="72">
<Branch CovItemId="B9" CovItemPrefix="Value.java" Implct="false" Intrnl_Id="73">
<Cond/>
<LocList>
<Loc EndOffset="1136" SrcFileId="1" StartOffset="1045"/>
</LocList>
<StmntSeq Intrnl_Id="74">
<LocList>
<Loc EndOffset="1128" SrcFileId="1" StartOffset="1054"/>
</LocList>
<CondStmnt CovItemId="S19" CovItemPrefix="Value.java" Intrnl_Id="75">
<Branch CovItemId="B11" CovItemPrefix="Value.java" Implct="false" Intrnl_Id="76">
<Cond/>
<LocList>
<Loc EndOffset="1128" SrcFileId="1" StartOffset="1096"/>
</LocList>
<StmntSeq Intrnl_Id="77">
<LocList>
<Loc EndOffset="1119" SrcFileId="1" StartOffset="1106"/>
</LocList>
<BasicStmnt CovItemId="S20" CovItemPrefix="Value.java" Intrnl_Id="78">
<LocList>
<Loc EndOffset="1119" SrcFileId="1" StartOffset="1106"/>
</LocList>
</BasicStmnt>
</StmntSeq>
</Branch>
<Branch CovItemId="B12" CovItemPrefix="Value.java" Implct="true" Intrnl_Id="79">
<Cond/>
<LocList/>
<StmntSeq Intrnl_Id="80">
<LocList/>
</StmntSeq>
</Branch>
<Keyword EndOffset="1056" SrcFileId="1" StartOffset="1054"/>
<LocList>
<Loc EndOffset="1128" SrcFileId="1" StartOffset="1054"/>
</LocList>
<RootTerm CovItemId="C6" CovItemPrefix="Value.java" Intrnl_Id="81">
<OpTerm BooleanOpId="2" Intrnl_Id="82">
<BasicBoolTerm Intrnl_Id="83">
<LocList>
<Loc EndOffset="1087" SrcFileId="1" StartOffset="1058"/>
</LocList>
</BasicBoolTerm>
<LocList>
<Loc EndOffset="1058" SrcFileId="1" StartOffset="1057"/>
</LocList>
</OpTerm>
</RootTerm>
</CondStmnt>
</StmntSeq>
</Branch>
<Branch CovItemId="B10" CovItemPrefix="Value.java" Implct="true" Intrnl_Id="84">
<Cond/>
<LocList/>
<StmntSeq Intrnl_Id="85">
<LocList/>
</StmntSeq>
</Branch>
<Keyword EndOffset="1007" SrcFileId="1" StartOffset="1005"/>
<LocList>
<Loc EndOffset="1136" SrcFileId="1" StartOffset="1005"/>
</LocList>
<RootTerm CovItemId="C5" CovItemPrefix="Value.java" Intrnl_Id="86">
<BasicBoolTerm Intrnl_Id="87">
<LocList>
<Loc EndOffset="1037" SrcFileId="1" StartOffset="1008"/>
</LocList>
</BasicBoolTerm>
</RootTerm>
</CondStmnt>
<CondStmnt CovItemId="S21" CovItemPrefix="Value.java" Intrnl_Id="88">
<Branch CovItemId="B13" CovItemPrefix="Value.java" Implct="false" Intrnl_Id="89">
<Cond/>
<LocList>
<Loc EndOffset="1278" SrcFileId="1" StartOffset="1249"/>
</LocList>
<StmntSeq Intrnl_Id="90">
<LocList>
<Loc EndOffset="1270" SrcFileId="1" StartOffset="1258"/>
</LocList>
<BasicStmnt CovItemId="S22" CovItemPrefix="Value.java" Intrnl_Id="91">
<LocList>
<Loc EndOffset="1270" SrcFileId="1" StartOffset="1258"/>
</LocList>
</BasicStmnt>
</StmntSeq>
</Branch>
<Branch CovItemId="B14" CovItemPrefix="Value.java" Implct="true" Intrnl_Id="92">
<Cond/>
<LocList/>
<StmntSeq Intrnl_Id="93">
<LocList/>
</StmntSeq>
</Branch>
<Keyword EndOffset="1145" SrcFileId="1" StartOffset="1143"/>
<LocList>
<Loc EndOffset="1278" SrcFileId="1" StartOffset="1143"/>
</LocList>
<RootTerm CovItemId="C7" CovItemPrefix="Value.java" Intrnl_Id="94">
<BasicBoolTerm Intrnl_Id="95">
<LocList>
<Loc EndOffset="1241" SrcFileId="1" StartOffset="1146"/>
</LocList>
</BasicBoolTerm>
</RootTerm>
</CondStmnt>
<BasicStmnt CovItemId="S23" CovItemPrefix="Value.java" Intrnl_Id="96">
<LocList>
<Loc EndOffset="1298" SrcFileId="1" StartOffset="1285"/>
</LocList>
</BasicStmnt>
</StmntSeq>
</HierarchyLvl>
<HierarchyLvl HierarchyLvlId="842" HierarchyLvlTypeId="6" Intrnl_Id="97" Name="isChar">
<Header>
<Loc EndOffset="1340" SrcFileId="1" StartOffset="1317"/>
</Header>
<LocList>
<Loc EndOffset="1548" SrcFileId="1" StartOffset="1317"/>
</LocList>
<StmntSeq Intrnl_Id="98">
<LocList>
<Loc EndOffset="1525" SrcFileId="1" StartOffset="1351"/>
<Loc EndOffset="1541" SrcFileId="1" StartOffset="1529"/>
</LocList>
<CondStmnt CovItemId="S24" CovItemPrefix="Value.java" Intrnl_Id="99">
<Branch CovItemId="B15" CovItemPrefix="Value.java" Implct="false" Intrnl_Id="100">
<Cond/>
<LocList>
<Loc EndOffset="1525" SrcFileId="1" StartOffset="1501"/>
</LocList>
<StmntSeq Intrnl_Id="101">
<LocList>
<Loc EndOffset="1520" SrcFileId="1" StartOffset="1507"/>
</LocList>
<BasicStmnt CovItemId="S25" CovItemPrefix="Value.java" Intrnl_Id="102">
<LocList>
<Loc EndOffset="1520" SrcFileId="1" StartOffset="1507"/>
</LocList>
</BasicStmnt>
</StmntSeq>
</Branch>
<Branch CovItemId="B16" CovItemPrefix="Value.java" Implct="true" Intrnl_Id="103">
<Cond/>
<LocList/>
<StmntSeq Intrnl_Id="104">
<LocList/>
</StmntSeq>
</Branch>
<Keyword EndOffset="1353" SrcFileId="1" StartOffset="1351"/>
<LocList>
<Loc EndOffset="1525" SrcFileId="1" StartOffset="1351"/>
</LocList>
<RootTerm CovItemId="C8" CovItemPrefix="Value.java" Intrnl_Id="105">
<OpTerm BooleanOpId="4" Intrnl_Id="106">
<OpTerm BooleanOpId="4" Intrnl_Id="107">
<BasicBoolTerm Intrnl_Id="108">
<LocList>
<Loc EndOffset="1383" SrcFileId="1" StartOffset="1354"/>
</LocList>
</BasicBoolTerm>
<BasicBoolTerm Intrnl_Id="109">
<LocList>
<Loc EndOffset="1427" SrcFileId="1" StartOffset="1394"/>
</LocList>
</BasicBoolTerm>
<LocList>
<Loc EndOffset="1386" SrcFileId="1" StartOffset="1384"/>
</LocList>
</OpTerm>
<BasicBoolTerm Intrnl_Id="110">
<LocList>
<Loc EndOffset="1496" SrcFileId="1" StartOffset="1438"/>
</LocList>
</BasicBoolTerm>
<LocList>
<Loc EndOffset="1430" SrcFileId="1" StartOffset="1428"/>
</LocList>
</OpTerm>
</RootTerm>
</CondStmnt>
<BasicStmnt CovItemId="S26" CovItemPrefix="Value.java" Intrnl_Id="111">
<LocList>
<Loc EndOffset="1541" SrcFileId="1" StartOffset="1529"/>
</LocList>
</BasicStmnt>
</StmntSeq>
</HierarchyLvl>
<HierarchyLvl HierarchyLvlId="843" HierarchyLvlTypeId="6" Intrnl_Id="112" Name="isString">
<Header>
<Loc EndOffset="1585" SrcFileId="1" StartOffset="1560"/>
</Header>
<LocList>
<Loc EndOffset="1827" SrcFileId="1" StartOffset="1560"/>
</LocList>
<StmntSeq Intrnl_Id="113">
<LocList>
<Loc EndOffset="1804" SrcFileId="1" StartOffset="1599"/>
<Loc EndOffset="1820" SrcFileId="1" StartOffset="1808"/>
</LocList>
<CondStmnt CovItemId="S27" CovItemPrefix="Value.java" Intrnl_Id="114">
<Branch CovItemId="B17" CovItemPrefix="Value.java" Implct="false" Intrnl_Id="115">
<Cond/>
<LocList>
<Loc EndOffset="1668" SrcFileId="1" StartOffset="1638"/>
</LocList>
<StmntSeq Intrnl_Id="116">
<LocList>
<Loc EndOffset="1660" SrcFileId="1" StartOffset="1647"/>
</LocList>
<BasicStmnt CovItemId="S28" CovItemPrefix="Value.java" Intrnl_Id="117">
<LocList>
<Loc EndOffset="1660" SrcFileId="1" StartOffset="1647"/>
</LocList>
</BasicStmnt>
</StmntSeq>
</Branch>
<Branch CovItemId="B18" CovItemPrefix="Value.java" Implct="false" Intrnl_Id="118">
<Cond>
<Loc EndOffset="1679" SrcFileId="1" StartOffset="1675"/>
</Cond>
<LocList>
<Loc EndOffset="1804" SrcFileId="1" StartOffset="1680"/>
</LocList>
<StmntSeq Intrnl_Id="119">
<LocList>
<Loc EndOffset="1804" SrcFileId="1" StartOffset="1680"/>
</LocList>
<CondStmnt CovItemId="S29" CovItemPrefix="Value.java" Intrnl_Id="120">
<Branch CovItemId="B19" CovItemPrefix="Value.java" Implct="false" Intrnl_Id="121">
<Cond/>
<LocList>
<Loc EndOffset="1804" SrcFileId="1" StartOffset="1780"/>
</LocList>
<StmntSeq Intrnl_Id="122">
<LocList>
<Loc EndOffset="1799" SrcFileId="1" StartOffset="1786"/>
</LocList>
<BasicStmnt CovItemId="S30" CovItemPrefix="Value.java" Intrnl_Id="123">
<LocList>
<Loc EndOffset="1799" SrcFileId="1" StartOffset="1786"/>
</LocList>
</BasicStmnt>
</StmntSeq>
</Branch>
<Branch CovItemId="B20" CovItemPrefix="Value.java" Implct="true" Intrnl_Id="124">
<Cond/>
<LocList/>
<StmntSeq Intrnl_Id="125">
<LocList/>
</StmntSeq>
</Branch>
<Keyword EndOffset="1682" SrcFileId="1" StartOffset="1680"/>
<LocList>
<Loc EndOffset="1804" SrcFileId="1" StartOffset="1680"/>
</LocList>
<RootTerm CovItemId="C10" CovItemPrefix="Value.java" Intrnl_Id="126">
<OpTerm BooleanOpId="4" Intrnl_Id="127">
<BasicBoolTerm Intrnl_Id="128">
<LocList>
<Loc EndOffset="1715" SrcFileId="1" StartOffset="1683"/>
</LocList>
</BasicBoolTerm>
<BasicBoolTerm Intrnl_Id="129">
<LocList>
<Loc EndOffset="1775" SrcFileId="1" StartOffset="1718"/>
</LocList>
</BasicBoolTerm>
<LocList>
<Loc EndOffset="1717" SrcFileId="1" StartOffset="1715"/>
</LocList>
</OpTerm>
</RootTerm>
</CondStmnt>
</StmntSeq>
</Branch>
<Keyword EndOffset="1601" SrcFileId="1" StartOffset="1599"/>
<LocList>
<Loc EndOffset="1804" SrcFileId="1" StartOffset="1599"/>
</LocList>
<RootTerm CovItemId="C9" CovItemPrefix="Value.java" Intrnl_Id="130">
<BasicBoolTerm Intrnl_Id="131">
<LocList>
<Loc EndOffset="1630" SrcFileId="1" StartOffset="1602"/>
</LocList>
</BasicBoolTerm>
</RootTerm>
</CondStmnt>
<BasicStmnt CovItemId="S31" CovItemPrefix="Value.java" Intrnl_Id="132">
<LocList>
<Loc EndOffset="1820" SrcFileId="1" StartOffset="1808"/>
</LocList>
</BasicStmnt>
</StmntSeq>
</HierarchyLvl>
<HierarchyLvl HierarchyLvlId="844" HierarchyLvlTypeId="6" Intrnl_Id="133" Name="isBool">
<Header>
<Loc EndOffset="1862" SrcFileId="1" StartOffset="1839"/>
</Header>
<LocList>
<Loc EndOffset="2008" SrcFileId="1" StartOffset="1839"/>
</LocList>
<StmntSeq Intrnl_Id="134">
<LocList>
<Loc EndOffset="1981" SrcFileId="1" StartOffset="1876"/>
<Loc EndOffset="2001" SrcFileId="1" StartOffset="1988"/>
</LocList>
<CondStmnt CovItemId="S32" CovItemPrefix="Value.java" Intrnl_Id="135">
<Branch CovItemId="B21" CovItemPrefix="Value.java" Implct="false" Intrnl_Id="136">
<Cond/>
<LocList>
<Loc EndOffset="1981" SrcFileId="1" StartOffset="1952"/>
</LocList>
<StmntSeq Intrnl_Id="137">
<LocList>
<Loc EndOffset="1973" SrcFileId="1" StartOffset="1961"/>
</LocList>
<BasicStmnt CovItemId="S33" CovItemPrefix="Value.java" Intrnl_Id="138">
<LocList>
<Loc EndOffset="1973" SrcFileId="1" StartOffset="1961"/>
</LocList>
</BasicStmnt>
</StmntSeq>
</Branch>
<Branch CovItemId="B22" CovItemPrefix="Value.java" Implct="true" Intrnl_Id="139">
<Cond/>
<LocList/>
<StmntSeq Intrnl_Id="140">
<LocList/>
</StmntSeq>
</Branch>
<Keyword EndOffset="1878" SrcFileId="1" StartOffset="1876"/>
<LocList>
<Loc EndOffset="1981" SrcFileId="1" StartOffset="1876"/>
</LocList>
<RootTerm CovItemId="C11" CovItemPrefix="Value.java" Intrnl_Id="141">
<OpTerm BooleanOpId="4" Intrnl_Id="142">
<BasicBoolTerm Intrnl_Id="143">
<LocList>
<Loc EndOffset="1909" SrcFileId="1" StartOffset="1879"/>
</LocList>
</BasicBoolTerm>
<BasicBoolTerm Intrnl_Id="144">
<LocList>
<Loc EndOffset="1944" SrcFileId="1" StartOffset="1913"/>
</LocList>
</BasicBoolTerm>
<LocList>
<Loc EndOffset="1912" SrcFileId="1" StartOffset="1910"/>
</LocList>
</OpTerm>
</RootTerm>
</CondStmnt>
<BasicStmnt CovItemId="S34" CovItemPrefix="Value.java" Intrnl_Id="145">
<LocList>
<Loc EndOffset="2001" SrcFileId="1" StartOffset="1988"/>
</LocList>
</BasicStmnt>
</StmntSeq>
</HierarchyLvl>
<HierarchyLvl HierarchyLvlId="845" HierarchyLvlTypeId="6" Intrnl_Id="146" Name="isContainer">
<Header>
<Loc EndOffset="2048" SrcFileId="1" StartOffset="2020"/>
</Header>
<LocList>
<Loc EndOffset="2221" SrcFileId="1" StartOffset="2020"/>
</LocList>
<StmntSeq Intrnl_Id="147">
<LocList>
<Loc EndOffset="2194" SrcFileId="1" StartOffset="2062"/>
<Loc EndOffset="2214" SrcFileId="1" StartOffset="2201"/>
</LocList>
<CondStmnt CovItemId="S35" CovItemPrefix="Value.java" Intrnl_Id="148">
<Branch CovItemId="B23" CovItemPrefix="Value.java" Implct="false" Intrnl_Id="149">
<Cond/>
<LocList>
<Loc EndOffset="2194" SrcFileId="1" StartOffset="2165"/>
</LocList>
<StmntSeq Intrnl_Id="150">
<LocList>
<Loc EndOffset="2186" SrcFileId="1" StartOffset="2174"/>
</LocList>
<BasicStmnt CovItemId="S36" CovItemPrefix="Value.java" Intrnl_Id="151">
<LocList>
<Loc EndOffset="2186" SrcFileId="1" StartOffset="2174"/>
</LocList>
</BasicStmnt>
</StmntSeq>
</Branch>
<Branch CovItemId="B24" CovItemPrefix="Value.java" Implct="true" Intrnl_Id="152">
<Cond/>
<LocList/>
<StmntSeq Intrnl_Id="153">
<LocList/>
</StmntSeq>
</Branch>
<Keyword EndOffset="2064" SrcFileId="1" StartOffset="2062"/>
<LocList>
<Loc EndOffset="2194" SrcFileId="1" StartOffset="2062"/>
</LocList>
<RootTerm CovItemId="C12" CovItemPrefix="Value.java" Intrnl_Id="154">
<OpTerm BooleanOpId="4" Intrnl_Id="155">
<BasicBoolTerm Intrnl_Id="156">
<LocList>
<Loc EndOffset="2118" SrcFileId="1" StartOffset="2065"/>
</LocList>
</BasicBoolTerm>
<BasicBoolTerm Intrnl_Id="157">
<LocList>
<Loc EndOffset="2157" SrcFileId="1" StartOffset="2122"/>
</LocList>
</BasicBoolTerm>
<LocList>
<Loc EndOffset="2121" SrcFileId="1" StartOffset="2119"/>
</LocList>
</OpTerm>
</RootTerm>
</CondStmnt>
<BasicStmnt CovItemId="S37" CovItemPrefix="Value.java" Intrnl_Id="158">
<LocList>
<Loc EndOffset="2214" SrcFileId="1" StartOffset="2201"/>
</LocList>
</BasicStmnt>
</StmntSeq>
</HierarchyLvl>
<HierarchyLvl HierarchyLvlId="846" HierarchyLvlTypeId="6" Intrnl_Id="159" Name="isSameType">
<Header>
<Loc EndOffset="2269" SrcFileId="1" StartOffset="2233"/>
</Header>
<LocList>
<Loc EndOffset="2857" SrcFileId="1" StartOffset="2233"/>
</LocList>
<StmntSeq Intrnl_Id="160">
<LocList>
<Loc EndOffset="2352" SrcFileId="1" StartOffset="2283"/>
<Loc EndOffset="2823" SrcFileId="1" StartOffset="2359"/>
<Loc EndOffset="2850" SrcFileId="1" StartOffset="2837"/>
</LocList>
<CondStmnt CovItemId="S38" CovItemPrefix="Value.java" Intrnl_Id="161">
<Branch CovItemId="B25" CovItemPrefix="Value.java" Implct="false" Intrnl_Id="162">
<Cond/>
<LocList>
<Loc EndOffset="2352" SrcFileId="1" StartOffset="2323"/>
</LocList>
<StmntSeq Intrnl_Id="163">
<LocList>
<Loc EndOffset="2344" SrcFileId="1" StartOffset="2332"/>
</LocList>
<BasicStmnt CovItemId="S39" CovItemPrefix="Value.java" Intrnl_Id="164">
<LocList>
<Loc EndOffset="2344" SrcFileId="1" StartOffset="2332"/>
</LocList>
</BasicStmnt>
</StmntSeq>
</Branch>
<Branch CovItemId="B26" CovItemPrefix="Value.java" Implct="true" Intrnl_Id="165">
<Cond/>
<LocList/>
<StmntSeq Intrnl_Id="166">
<LocList/>
</StmntSeq>
</Branch>
<Keyword EndOffset="2285" SrcFileId="1" StartOffset="2283"/>
<LocList>
<Loc EndOffset="2352" SrcFileId="1" StartOffset="2283"/>
</LocList>
<RootTerm CovItemId="C13" CovItemPrefix="Value.java" Intrnl_Id="167">
<OpTerm BooleanOpId="3" Intrnl_Id="168">
<BasicBoolTerm Intrnl_Id="169">
<LocList>
<Loc EndOffset="2299" SrcFileId="1" StartOffset="2286"/>
</LocList>
</BasicBoolTerm>
<BasicBoolTerm Intrnl_Id="170">
<LocList>
<Loc EndOffset="2315" SrcFileId="1" StartOffset="2303"/>
</LocList>
</BasicBoolTerm>
<LocList>
<Loc EndOffset="2302" SrcFileId="1" StartOffset="2300"/>
</LocList>
</OpTerm>
</RootTerm>
</CondStmnt>
<CondStmnt CovItemId="S40" CovItemPrefix="Value.java" Intrnl_Id="171">
<Branch CovItemId="B27" CovItemPrefix="Value.java" Implct="false" Intrnl_Id="172">
<Cond/>
<LocList>
<Loc EndOffset="2438" SrcFileId="1" StartOffset="2409"/>
</LocList>
<StmntSeq Intrnl_Id="173">
<LocList>
<Loc EndOffset="2430" SrcFileId="1" StartOffset="2418"/>
</LocList>
<BasicStmnt CovItemId="S41" CovItemPrefix="Value.java" Intrnl_Id="174">
<LocList>
<Loc EndOffset="2430" SrcFileId="1" StartOffset="2418"/>
</LocList>
</BasicStmnt>
</StmntSeq>
</Branch>
<Branch CovItemId="B28" CovItemPrefix="Value.java" Implct="false" Intrnl_Id="175">
<Cond>
<Loc EndOffset="2449" SrcFileId="1" StartOffset="2445"/>
</Cond>
<LocList>
<Loc EndOffset="2823" SrcFileId="1" StartOffset="2450"/>
</LocList>
<StmntSeq Intrnl_Id="176">
<LocList>
<Loc EndOffset="2823" SrcFileId="1" StartOffset="2450"/>
</LocList>
<CondStmnt CovItemId="S42" CovItemPrefix="Value.java" Intrnl_Id="177">
<Branch CovItemId="B29" CovItemPrefix="Value.java" Implct="false" Intrnl_Id="178">
<Cond/>
<LocList>
<Loc EndOffset="2519" SrcFileId="1" StartOffset="2490"/>
</LocList>
<StmntSeq Intrnl_Id="179">
<LocList>
<Loc EndOffset="2511" SrcFileId="1" StartOffset="2499"/>
</LocList>
<BasicStmnt CovItemId="S43" CovItemPrefix="Value.java" Intrnl_Id="180">
<LocList>
<Loc EndOffset="2511" SrcFileId="1" StartOffset="2499"/>
</LocList>
</BasicStmnt>
</StmntSeq>
</Branch>
<Branch CovItemId="B30" CovItemPrefix="Value.java" Implct="false" Intrnl_Id="181">
<Cond>
<Loc EndOffset="2530" SrcFileId="1" StartOffset="2526"/>
</Cond>
<LocList>
<Loc EndOffset="2823" SrcFileId="1" StartOffset="2531"/>
</LocList>
<StmntSeq Intrnl_Id="182">
<LocList>
<Loc EndOffset="2823" SrcFileId="1" StartOffset="2531"/>
</LocList>
<CondStmnt CovItemId="S44" CovItemPrefix="Value.java" Intrnl_Id="183">
<Branch CovItemId="B31" CovItemPrefix="Value.java" Implct="false" Intrnl_Id="184">
<Cond/>
<LocList>
<Loc EndOffset="2655" SrcFileId="1" StartOffset="2626"/>
</LocList>
<StmntSeq Intrnl_Id="185">
<LocList>
<Loc EndOffset="2647" SrcFileId="1" StartOffset="2635"/>
</LocList>
<BasicStmnt CovItemId="S45" CovItemPrefix="Value.java" Intrnl_Id="186">
<LocList>
<Loc EndOffset="2647" SrcFileId="1" StartOffset="2635"/>
</LocList>
</BasicStmnt>
</StmntSeq>
</Branch>
<Branch CovItemId="B32" CovItemPrefix="Value.java" Implct="false" Intrnl_Id="187">
<Cond>
<Loc EndOffset="2666" SrcFileId="1" StartOffset="2662"/>
</Cond>
<LocList>
<Loc EndOffset="2823" SrcFileId="1" StartOffset="2667"/>
</LocList>
<StmntSeq Intrnl_Id="188">
<LocList>
<Loc EndOffset="2823" SrcFileId="1" StartOffset="2667"/>
</LocList>
<CondStmnt CovItemId="S46" CovItemPrefix="Value.java" Intrnl_Id="189">
<Branch CovItemId="B33" CovItemPrefix="Value.java" Implct="false" Intrnl_Id="190">
<Cond/>
<LocList>
<Loc EndOffset="2740" SrcFileId="1" StartOffset="2711"/>
</LocList>
<StmntSeq Intrnl_Id="191">
<LocList>
<Loc EndOffset="2732" SrcFileId="1" StartOffset="2720"/>
</LocList>
<BasicStmnt CovItemId="S47" CovItemPrefix="Value.java" Intrnl_Id="192">
<LocList>
<Loc EndOffset="2732" SrcFileId="1" StartOffset="2720"/>
</LocList>
</BasicStmnt>
</StmntSeq>
</Branch>
<Branch CovItemId="B34" CovItemPrefix="Value.java" Implct="false" Intrnl_Id="193">
<Cond>
<Loc EndOffset="2751" SrcFileId="1" StartOffset="2747"/>
</Cond>
<LocList>
<Loc EndOffset="2823" SrcFileId="1" StartOffset="2752"/>
</LocList>
<StmntSeq Intrnl_Id="194">
<LocList>
<Loc EndOffset="2823" SrcFileId="1" StartOffset="2752"/>
</LocList>
<CondStmnt CovItemId="S48" CovItemPrefix="Value.java" Intrnl_Id="195">
<Branch CovItemId="B35" CovItemPrefix="Value.java" Implct="false" Intrnl_Id="196">
<Cond/>
<LocList>
<Loc EndOffset="2823" SrcFileId="1" StartOffset="2794"/>
</LocList>
<StmntSeq Intrnl_Id="197">
<LocList>
<Loc EndOffset="2815" SrcFileId="1" StartOffset="2803"/>
</LocList>
<BasicStmnt CovItemId="S49" CovItemPrefix="Value.java" Intrnl_Id="198">
<LocList>
<Loc EndOffset="2815" SrcFileId="1" StartOffset="2803"/>
</LocList>
</BasicStmnt>
</StmntSeq>
</Branch>
<Branch CovItemId="B36" CovItemPrefix="Value.java" Implct="true" Intrnl_Id="199">
<Cond/>
<LocList/>
<StmntSeq Intrnl_Id="200">
<LocList/>
</StmntSeq>
</Branch>
<Keyword EndOffset="2754" SrcFileId="1" StartOffset="2752"/>
<LocList>
<Loc EndOffset="2823" SrcFileId="1" StartOffset="2752"/>
</LocList>
<RootTerm CovItemId="C18" CovItemPrefix="Value.java" Intrnl_Id="201">
<OpTerm BooleanOpId="3" Intrnl_Id="202">
<BasicBoolTerm Intrnl_Id="203">
<LocList>
<Loc EndOffset="2769" SrcFileId="1" StartOffset="2755"/>
</LocList>
</BasicBoolTerm>
<BasicBoolTerm Intrnl_Id="204">
<LocList>
<Loc EndOffset="2786" SrcFileId="1" StartOffset="2773"/>
</LocList>
</BasicBoolTerm>
<LocList>
<Loc EndOffset="2772" SrcFileId="1" StartOffset="2770"/>
</LocList>
</OpTerm>
</RootTerm>
</CondStmnt>
</StmntSeq>
</Branch>
<Keyword EndOffset="2669" SrcFileId="1" StartOffset="2667"/>
<LocList>
<Loc EndOffset="2823" SrcFileId="1" StartOffset="2667"/>
</LocList>
<RootTerm CovItemId="C17" CovItemPrefix="Value.java" Intrnl_Id="205">
<OpTerm BooleanOpId="3" Intrnl_Id="206">
<BasicBoolTerm Intrnl_Id="207">
<LocList>
<Loc EndOffset="2685" SrcFileId="1" StartOffset="2670"/>
</LocList>
</BasicBoolTerm>
<BasicBoolTerm Intrnl_Id="208">
<LocList>
<Loc EndOffset="2703" SrcFileId="1" StartOffset="2689"/>
</LocList>
</BasicBoolTerm>
<LocList>
<Loc EndOffset="2688" SrcFileId="1" StartOffset="2686"/>
</LocList>
</OpTerm>
</RootTerm>
</CondStmnt>
</StmntSeq>
</Branch>
<Keyword EndOffset="2533" SrcFileId="1" StartOffset="2531"/>
<LocList>
<Loc EndOffset="2823" SrcFileId="1" StartOffset="2531"/>
</LocList>
<RootTerm CovItemId="C16" CovItemPrefix="Value.java" Intrnl_Id="209">
<OpTerm BooleanOpId="4" Intrnl_Id="210">
<OpTerm BooleanOpId="3" Intrnl_Id="211">
<BasicBoolTerm Intrnl_Id="212">
<LocList>
<Loc EndOffset="2550" SrcFileId="1" StartOffset="2534"/>
</LocList>
</BasicBoolTerm>
<BasicBoolTerm Intrnl_Id="213">
<LocList>
<Loc EndOffset="2569" SrcFileId="1" StartOffset="2554"/>
</LocList>
</BasicBoolTerm>
<LocList>
<Loc EndOffset="2553" SrcFileId="1" StartOffset="2551"/>
</LocList>
</OpTerm>
<OpTerm BooleanOpId="3" Intrnl_Id="214">
<BasicBoolTerm Intrnl_Id="215">
<LocList>
<Loc EndOffset="2589" SrcFileId="1" StartOffset="2573"/>
</LocList>
</BasicBoolTerm>
<BasicBoolTerm Intrnl_Id="216">
<LocList>
<Loc EndOffset="2618" SrcFileId="1" StartOffset="2593"/>
</LocList>
</BasicBoolTerm>
<LocList>
<Loc EndOffset="2592" SrcFileId="1" StartOffset="2590"/>
</LocList>
</OpTerm>
<LocList>
<Loc EndOffset="2572" SrcFileId="1" StartOffset="2570"/>
</LocList>
</OpTerm>
</RootTerm>
</CondStmnt>
</StmntSeq>
</Branch>
<Keyword EndOffset="2452" SrcFileId="1" StartOffset="2450"/>
<LocList>
<Loc EndOffset="2823" SrcFileId="1" StartOffset="2450"/>
</LocList>
<RootTerm CovItemId="C15" CovItemPrefix="Value.java" Intrnl_Id="217">
<OpTerm BooleanOpId="3" Intrnl_Id="218">
<BasicBoolTerm Intrnl_Id="219">
<LocList>
<Loc EndOffset="2466" SrcFileId="1" StartOffset="2453"/>
</LocList>
</BasicBoolTerm>
<BasicBoolTerm Intrnl_Id="220">
<LocList>
<Loc EndOffset="2482" SrcFileId="1" StartOffset="2470"/>
</LocList>
</BasicBoolTerm>
<LocList>
<Loc EndOffset="2469" SrcFileId="1" StartOffset="2467"/>
</LocList>
</OpTerm>
</RootTerm>
</CondStmnt>
</StmntSeq>
</Branch>
<Keyword EndOffset="2361" SrcFileId="1" StartOffset="2359"/>
<LocList>
<Loc EndOffset="2823" SrcFileId="1" StartOffset="2359"/>
</LocList>
<RootTerm CovItemId="C14" CovItemPrefix="Value.java" Intrnl_Id="221">
<OpTerm BooleanOpId="3" Intrnl_Id="222">
<BasicBoolTerm Intrnl_Id="223">
<LocList>
<Loc EndOffset="2380" SrcFileId="1" StartOffset="2362"/>
</LocList>
</BasicBoolTerm>
<BasicBoolTerm Intrnl_Id="224">
<LocList>
<Loc EndOffset="2401" SrcFileId="1" StartOffset="2384"/>
</LocList>
</BasicBoolTerm>
<LocList>
<Loc EndOffset="2383" SrcFileId="1" StartOffset="2381"/>
</LocList>
</OpTerm>
</RootTerm>
</CondStmnt>
<BasicStmnt CovItemId="S50" CovItemPrefix="Value.java" Intrnl_Id="225">
<LocList>
<Loc EndOffset="2850" SrcFileId="1" StartOffset="2837"/>
</LocList>
</BasicStmnt>
</StmntSeq>
</HierarchyLvl>
<HierarchyLvl HierarchyLvlId="847" HierarchyLvlTypeId="6" Intrnl_Id="226" Name="GetType">
<Header>
<Loc EndOffset="2892" SrcFileId="1" StartOffset="2869"/>
</Header>
<LocList>
<Loc EndOffset="3664" SrcFileId="1" StartOffset="2869"/>
</LocList>
<StmntSeq Intrnl_Id="227">
<LocList>
<Loc EndOffset="3657" SrcFileId="1" StartOffset="2906"/>
</LocList>
<CondStmnt CovItemId="S51" CovItemPrefix="Value.java" Intrnl_Id="228">
<Branch CovItemId="B37" CovItemPrefix="Value.java" Implct="false" Intrnl_Id="229">
<Cond/>
<LocList>
<Loc EndOffset="2995" SrcFileId="1" StartOffset="2964"/>
</LocList>
<StmntSeq Intrnl_Id="230">
<LocList>
<Loc EndOffset="2987" SrcFileId="1" StartOffset="2973"/>
</LocList>
<BasicStmnt CovItemId="S52" CovItemPrefix="Value.java" Intrnl_Id="231">
<LocList>
<Loc EndOffset="2987" SrcFileId="1" StartOffset="2973"/>
</LocList>
</BasicStmnt>
</StmntSeq>
</Branch>
<Branch CovItemId="B38" CovItemPrefix="Value.java" Implct="false" Intrnl_Id="232">
<Cond>
<Loc EndOffset="3006" SrcFileId="1" StartOffset="3002"/>
</Cond>
<LocList>
<Loc EndOffset="3657" SrcFileId="1" StartOffset="3007"/>
</LocList>
<StmntSeq Intrnl_Id="233">
<LocList>
<Loc EndOffset="3657" SrcFileId="1" StartOffset="3007"/>
</LocList>
<CondStmnt CovItemId="S53" CovItemPrefix="Value.java" Intrnl_Id="234">
<Branch CovItemId="B39" CovItemPrefix="Value.java" Implct="false" Intrnl_Id="235">
<Cond/>
<LocList>
<Loc EndOffset="3111" SrcFileId="1" StartOffset="3075"/>
</LocList>
<StmntSeq Intrnl_Id="236">
<LocList>
<Loc EndOffset="3103" SrcFileId="1" StartOffset="3084"/>
</LocList>
<BasicStmnt CovItemId="S54" CovItemPrefix="Value.java" Intrnl_Id="237">
<LocList>
<Loc EndOffset="3103" SrcFileId="1" StartOffset="3084"/>
</LocList>
</BasicStmnt>
</StmntSeq>
</Branch>
<Branch CovItemId="B40" CovItemPrefix="Value.java" Implct="false" Intrnl_Id="238">
<Cond>
<Loc EndOffset="3122" SrcFileId="1" StartOffset="3118"/>
</Cond>
<LocList>
<Loc EndOffset="3657" SrcFileId="1" StartOffset="3123"/>
</LocList>
<StmntSeq Intrnl_Id="239">
<LocList>
<Loc EndOffset="3657" SrcFileId="1" StartOffset="3123"/>
</LocList>
<CondStmnt CovItemId="S55" CovItemPrefix="Value.java" Intrnl_Id="240">
<Branch CovItemId="B41" CovItemPrefix="Value.java" Implct="false" Intrnl_Id="241">
<Cond/>
<LocList>
<Loc EndOffset="3209" SrcFileId="1" StartOffset="3179"/>
</LocList>
<StmntSeq Intrnl_Id="242">
<LocList>
<Loc EndOffset="3201" SrcFileId="1" StartOffset="3188"/>
</LocList>
<BasicStmnt CovItemId="S56" CovItemPrefix="Value.java" Intrnl_Id="243">
<LocList>
<Loc EndOffset="3201" SrcFileId="1" StartOffset="3188"/>
</LocList>
</BasicStmnt>
</StmntSeq>
</Branch>
<Branch CovItemId="B42" CovItemPrefix="Value.java" Implct="false" Intrnl_Id="244">
<Cond>
<Loc EndOffset="3220" SrcFileId="1" StartOffset="3216"/>
</Cond>
<LocList>
<Loc EndOffset="3657" SrcFileId="1" StartOffset="3221"/>
</LocList>
<StmntSeq Intrnl_Id="245">
<LocList>
<Loc EndOffset="3657" SrcFileId="1" StartOffset="3221"/>
</LocList>
<CondStmnt CovItemId="S57" CovItemPrefix="Value.java" Intrnl_Id="246">
<Branch CovItemId="B43" CovItemPrefix="Value.java" Implct="false" Intrnl_Id="247">
<Cond/>
<LocList>
<Loc EndOffset="3316" SrcFileId="1" StartOffset="3283"/>
</LocList>
<StmntSeq Intrnl_Id="248">
<LocList>
<Loc EndOffset="3308" SrcFileId="1" StartOffset="3292"/>
</LocList>
<BasicStmnt CovItemId="S58" CovItemPrefix="Value.java" Intrnl_Id="249">
<LocList>
<Loc EndOffset="3308" SrcFileId="1" StartOffset="3292"/>
</LocList>
</BasicStmnt>
</StmntSeq>
</Branch>
<Branch CovItemId="B44" CovItemPrefix="Value.java" Implct="false" Intrnl_Id="250">
<Cond>
<Loc EndOffset="3327" SrcFileId="1" StartOffset="3323"/>
</Cond>
<LocList>
<Loc EndOffset="3657" SrcFileId="1" StartOffset="3328"/>
</LocList>
<StmntSeq Intrnl_Id="251">
<LocList>
<Loc EndOffset="3657" SrcFileId="1" StartOffset="3328"/>
</LocList>
<CondStmnt CovItemId="S59" CovItemPrefix="Value.java" Intrnl_Id="252">
<Branch CovItemId="B45" CovItemPrefix="Value.java" Implct="false" Intrnl_Id="253">
<Cond/>
<LocList>
<Loc EndOffset="3417" SrcFileId="1" StartOffset="3386"/>
</LocList>
<StmntSeq Intrnl_Id="254">
<LocList>
<Loc EndOffset="3409" SrcFileId="1" StartOffset="3395"/>
</LocList>
<BasicStmnt CovItemId="S60" CovItemPrefix="Value.java" Intrnl_Id="255">
<LocList>
<Loc EndOffset="3409" SrcFileId="1" StartOffset="3395"/>
</LocList>
</BasicStmnt>
</StmntSeq>
</Branch>
<Branch CovItemId="B46" CovItemPrefix="Value.java" Implct="false" Intrnl_Id="256">
<Cond>
<Loc EndOffset="3428" SrcFileId="1" StartOffset="3424"/>
</Cond>
<LocList>
<Loc EndOffset="3657" SrcFileId="1" StartOffset="3429"/>
</LocList>
<StmntSeq Intrnl_Id="257">
<LocList>
<Loc EndOffset="3657" SrcFileId="1" StartOffset="3429"/>
</LocList>
<CondStmnt CovItemId="S61" CovItemPrefix="Value.java" Intrnl_Id="258">
<Branch CovItemId="B47" CovItemPrefix="Value.java" Implct="false" Intrnl_Id="259">
<Cond/>
<LocList>
<Loc EndOffset="3524" SrcFileId="1" StartOffset="3491"/>
</LocList>
<StmntSeq Intrnl_Id="260">
<LocList>
<Loc EndOffset="3516" SrcFileId="1" StartOffset="3500"/>
</LocList>
<BasicStmnt CovItemId="S62" CovItemPrefix="Value.java" Intrnl_Id="261">
<LocList>
<Loc EndOffset="3516" SrcFileId="1" StartOffset="3500"/>
</LocList>
</BasicStmnt>
</StmntSeq>
</Branch>
<Branch CovItemId="B48" CovItemPrefix="Value.java" Implct="false" Intrnl_Id="262">
<Cond>
<Loc EndOffset="3535" SrcFileId="1" StartOffset="3531"/>
</Cond>
<LocList>
<Loc EndOffset="3657" SrcFileId="1" StartOffset="3536"/>
</LocList>
<StmntSeq Intrnl_Id="263">
<LocList>
<Loc EndOffset="3657" SrcFileId="1" StartOffset="3536"/>
</LocList>
<CondStmnt CovItemId="S63" CovItemPrefix="Value.java" Intrnl_Id="264">
<Branch CovItemId="B49" CovItemPrefix="Value.java" Implct="false" Intrnl_Id="265">
<Cond/>
<LocList>
<Loc EndOffset="3610" SrcFileId="1" StartOffset="3578"/>
</LocList>
<StmntSeq Intrnl_Id="266">
<LocList>
<Loc EndOffset="3602" SrcFileId="1" StartOffset="3587"/>
</LocList>
<BasicStmnt CovItemId="S64" CovItemPrefix="Value.java" Intrnl_Id="267">
<LocList>
<Loc EndOffset="3602" SrcFileId="1" StartOffset="3587"/>
</LocList>
</BasicStmnt>
</StmntSeq>
</Branch>
<Branch CovItemId="B50" CovItemPrefix="Value.java" Implct="false" Intrnl_Id="268">
<Cond>
<Loc EndOffset="3621" SrcFileId="1" StartOffset="3617"/>
</Cond>
<LocList>
<Loc EndOffset="3657" SrcFileId="1" StartOffset="3628"/>
</LocList>
<StmntSeq Intrnl_Id="269">
<LocList>
<Loc EndOffset="3649" SrcFileId="1" StartOffset="3637"/>
</LocList>
<BasicStmnt CovItemId="S65" CovItemPrefix="Value.java" Intrnl_Id="270">
<LocList>
<Loc EndOffset="3649" SrcFileId="1" StartOffset="3637"/>
</LocList>
</BasicStmnt>
</StmntSeq>
</Branch>
<Keyword EndOffset="3538" SrcFileId="1" StartOffset="3536"/>
<LocList>
<Loc EndOffset="3657" SrcFileId="1" StartOffset="3536"/>
</LocList>
<RootTerm CovItemId="C25" CovItemPrefix="Value.java" Intrnl_Id="271">
<BasicBoolTerm Intrnl_Id="272">
<LocList>
<Loc EndOffset="3570" SrcFileId="1" StartOffset="3539"/>
</LocList>
</BasicBoolTerm>
</RootTerm>
</CondStmnt>
</StmntSeq>
</Branch>
<Keyword EndOffset="3431" SrcFileId="1" StartOffset="3429"/>
<LocList>
<Loc EndOffset="3657" SrcFileId="1" StartOffset="3429"/>
</LocList>
<RootTerm CovItemId="C24" CovItemPrefix="Value.java" Intrnl_Id="273">
<OpTerm BooleanOpId="4" Intrnl_Id="274">
<BasicBoolTerm Intrnl_Id="275">
<LocList>
<Loc EndOffset="3447" SrcFileId="1" StartOffset="3432"/>
</LocList>
</BasicBoolTerm>
<BasicBoolTerm Intrnl_Id="276">
<LocList>
<Loc EndOffset="3483" SrcFileId="1" StartOffset="3451"/>
</LocList>
</BasicBoolTerm>
<LocList>
<Loc EndOffset="3450" SrcFileId="1" StartOffset="3448"/>
</LocList>
</OpTerm>
</RootTerm>
</CondStmnt>
</StmntSeq>
</Branch>
<Keyword EndOffset="3330" SrcFileId="1" StartOffset="3328"/>
<LocList>
<Loc EndOffset="3657" SrcFileId="1" StartOffset="3328"/>
</LocList>
<RootTerm CovItemId="C23" CovItemPrefix="Value.java" Intrnl_Id="277">
<OpTerm BooleanOpId="4" Intrnl_Id="278">
<BasicBoolTerm Intrnl_Id="279">
<LocList>
<Loc EndOffset="3344" SrcFileId="1" StartOffset="3331"/>
</LocList>
</BasicBoolTerm>
<BasicBoolTerm Intrnl_Id="280">
<LocList>
<Loc EndOffset="3378" SrcFileId="1" StartOffset="3348"/>
</LocList>
</BasicBoolTerm>
<LocList>
<Loc EndOffset="3347" SrcFileId="1" StartOffset="3345"/>
</LocList>
</OpTerm>
</RootTerm>
</CondStmnt>
</StmntSeq>
</Branch>
<Keyword EndOffset="3223" SrcFileId="1" StartOffset="3221"/>
<LocList>
<Loc EndOffset="3657" SrcFileId="1" StartOffset="3221"/>
</LocList>
<RootTerm CovItemId="C22" CovItemPrefix="Value.java" Intrnl_Id="281">
<OpTerm BooleanOpId="4" Intrnl_Id="282">
<BasicBoolTerm Intrnl_Id="283">
<LocList>
<Loc EndOffset="3239" SrcFileId="1" StartOffset="3224"/>
</LocList>
</BasicBoolTerm>
<BasicBoolTerm Intrnl_Id="284">
<LocList>
<Loc EndOffset="3275" SrcFileId="1" StartOffset="3243"/>
</LocList>
</BasicBoolTerm>
<LocList>
<Loc EndOffset="3242" SrcFileId="1" StartOffset="3240"/>
</LocList>
</OpTerm>
</RootTerm>
</CondStmnt>
</StmntSeq>
</Branch>
<Keyword EndOffset="3125" SrcFileId="1" StartOffset="3123"/>
<LocList>
<Loc EndOffset="3657" SrcFileId="1" StartOffset="3123"/>
</LocList>
<RootTerm CovItemId="C21" CovItemPrefix="Value.java" Intrnl_Id="285">
<OpTerm BooleanOpId="4" Intrnl_Id="286">
<BasicBoolTerm Intrnl_Id="287">
<LocList>
<Loc EndOffset="3138" SrcFileId="1" StartOffset="3126"/>
</LocList>
</BasicBoolTerm>
<BasicBoolTerm Intrnl_Id="288">
<LocList>
<Loc EndOffset="3171" SrcFileId="1" StartOffset="3142"/>
</LocList>
</BasicBoolTerm>
<LocList>
<Loc EndOffset="3141" SrcFileId="1" StartOffset="3139"/>
</LocList>
</OpTerm>
</RootTerm>
</CondStmnt>
</StmntSeq>
</Branch>
<Keyword EndOffset="3009" SrcFileId="1" StartOffset="3007"/>
<LocList>
<Loc EndOffset="3657" SrcFileId="1" StartOffset="3007"/>
</LocList>
<RootTerm CovItemId="C20" CovItemPrefix="Value.java" Intrnl_Id="289">
<OpTerm BooleanOpId="4" Intrnl_Id="290">
<BasicBoolTerm Intrnl_Id="291">
<LocList>
<Loc EndOffset="3045" SrcFileId="1" StartOffset="3010"/>
</LocList>
</BasicBoolTerm>
<BasicBoolTerm Intrnl_Id="292">
<LocList>
<Loc EndOffset="3067" SrcFileId="1" StartOffset="3049"/>
</LocList>
</BasicBoolTerm>
<LocList>
<Loc EndOffset="3048" SrcFileId="1" StartOffset="3046"/>
</LocList>
</OpTerm>
</RootTerm>
</CondStmnt>
</StmntSeq>
</Branch>
<Keyword EndOffset="2908" SrcFileId="1" StartOffset="2906"/>
<LocList>
<Loc EndOffset="3657" SrcFileId="1" StartOffset="2906"/>
</LocList>
<RootTerm CovItemId="C19" CovItemPrefix="Value.java" Intrnl_Id="293">
<OpTerm BooleanOpId="4" Intrnl_Id="294">
<BasicBoolTerm Intrnl_Id="295">
<LocList>
<Loc EndOffset="2922" SrcFileId="1" StartOffset="2909"/>
</LocList>
</BasicBoolTerm>
<BasicBoolTerm Intrnl_Id="296">
<LocList>
<Loc EndOffset="2956" SrcFileId="1" StartOffset="2926"/>
</LocList>
</BasicBoolTerm>
<LocList>
<Loc EndOffset="2925" SrcFileId="1" StartOffset="2923"/>
</LocList>
</OpTerm>
</RootTerm>
</CondStmnt>
</StmntSeq>
</HierarchyLvl>
<HierarchyLvl HierarchyLvlId="848" HierarchyLvlTypeId="6" Intrnl_Id="297" Name="equals">
<Header>
<Loc EndOffset="3718" SrcFileId="1" StartOffset="3672"/>
</Header>
<LocList>
<Loc EndOffset="3993" SrcFileId="1" StartOffset="3672"/>
</LocList>
<StmntSeq Intrnl_Id="298">
<LocList>
<Loc EndOffset="3785" SrcFileId="1" StartOffset="3732"/>
<Loc EndOffset="3903" SrcFileId="1" StartOffset="3797"/>
<Loc EndOffset="3937" SrcFileId="1" StartOffset="3915"/>
<Loc EndOffset="3986" SrcFileId="1" StartOffset="3949"/>
</LocList>
<CondStmnt CovItemId="S66" CovItemPrefix="Value.java" Intrnl_Id="299">
<Branch CovItemId="B51" CovItemPrefix="Value.java" Implct="false" Intrnl_Id="300">
<Cond/>
<LocList>
<Loc EndOffset="3785" SrcFileId="1" StartOffset="3747"/>
</LocList>
<StmntSeq Intrnl_Id="301">
<LocList>
<Loc EndOffset="3774" SrcFileId="1" StartOffset="3762"/>
</LocList>
<BasicStmnt CovItemId="S67" CovItemPrefix="Value.java" Intrnl_Id="302">
<LocList>
<Loc EndOffset="3774" SrcFileId="1" StartOffset="3762"/>
</LocList>
</BasicStmnt>
</StmntSeq>
</Branch>
<Branch CovItemId="B52" CovItemPrefix="Value.java" Implct="true" Intrnl_Id="303">
<Cond/>
<LocList/>
<StmntSeq Intrnl_Id="304">
<LocList/>
</StmntSeq>
</Branch>
<Keyword EndOffset="3734" SrcFileId="1" StartOffset="3732"/>
<LocList>
<Loc EndOffset="3785" SrcFileId="1" StartOffset="3732"/>
</LocList>
<RootTerm CovItemId="C26" CovItemPrefix="Value.java" Intrnl_Id="305">
<BasicBoolTerm Intrnl_Id="306">
<LocList>
<Loc EndOffset="3745" SrcFileId="1" StartOffset="3735"/>
</LocList>
</BasicBoolTerm>
</RootTerm>
</CondStmnt>
<CondStmnt CovItemId="S68" CovItemPrefix="Value.java" Intrnl_Id="307">
<Branch CovItemId="B53" CovItemPrefix="Value.java" Implct="false" Intrnl_Id="308">
<Cond/>
<LocList>
<Loc EndOffset="3903" SrcFileId="1" StartOffset="3864"/>
</LocList>
<StmntSeq Intrnl_Id="309">
<LocList>
<Loc EndOffset="3892" SrcFileId="1" StartOffset="3879"/>
</LocList>
<BasicStmnt CovItemId="S69" CovItemPrefix="Value.java" Intrnl_Id="310">
<LocList>
<Loc EndOffset="3892" SrcFileId="1" StartOffset="3879"/>
</LocList>
</BasicStmnt>
</StmntSeq>
</Branch>
<Branch CovItemId="B54" CovItemPrefix="Value.java" Implct="true" Intrnl_Id="311">
<Cond/>
<LocList/>
<StmntSeq Intrnl_Id="312">
<LocList/>
</StmntSeq>
</Branch>
<Keyword EndOffset="3799" SrcFileId="1" StartOffset="3797"/>
<LocList>
<Loc EndOffset="3903" SrcFileId="1" StartOffset="3797"/>
</LocList>
<RootTerm CovItemId="C27" CovItemPrefix="Value.java" Intrnl_Id="313">
<OpTerm BooleanOpId="4" Intrnl_Id="314">
<OpTerm BooleanOpId="4" Intrnl_Id="315">
<BasicBoolTerm Intrnl_Id="316">
<LocList>
<Loc EndOffset="3813" SrcFileId="1" StartOffset="3800"/>
</LocList>
</BasicBoolTerm>
<BasicBoolTerm Intrnl_Id="317">
<LocList>
<Loc EndOffset="3826" SrcFileId="1" StartOffset="3817"/>
</LocList>
</BasicBoolTerm>
<LocList>
<Loc EndOffset="3816" SrcFileId="1" StartOffset="3814"/>
</LocList>
</OpTerm>
<BasicBoolTerm Intrnl_Id="318">
<LocList>
<Loc EndOffset="3862" SrcFileId="1" StartOffset="3830"/>
</LocList>
</BasicBoolTerm>
<LocList>
<Loc EndOffset="3829" SrcFileId="1" StartOffset="3827"/>
</LocList>
</OpTerm>
</RootTerm>
</CondStmnt>
<BasicStmnt CovItemId="S70" CovItemPrefix="Value.java" Intrnl_Id="319">
<LocList>
<Loc EndOffset="3937" SrcFileId="1" StartOffset="3915"/>
</LocList>
</BasicStmnt>
<BasicStmnt CovItemId="S71" CovItemPrefix="Value.java" Intrnl_Id="320">
<LocList>
<Loc EndOffset="3986" SrcFileId="1" StartOffset="3949"/>
</LocList>
</BasicStmnt>
</StmntSeq>
</HierarchyLvl>
<HierarchyLvl HierarchyLvlId="849" HierarchyLvlTypeId="6" Intrnl_Id="321" Name="toString">
<Header>
<Loc EndOffset="4040" SrcFileId="1" StartOffset="4001"/>
</Header>
<LocList>
<Loc EndOffset="4088" SrcFileId="1" StartOffset="4001"/>
</LocList>
<StmntSeq Intrnl_Id="322">
<LocList>
<Loc EndOffset="4081" SrcFileId="1" StartOffset="4052"/>
</LocList>
<BasicStmnt CovItemId="S72" CovItemPrefix="Value.java" Intrnl_Id="323">
<LocList>
<Loc EndOffset="4081" SrcFileId="1" StartOffset="4052"/>
</LocList>
</BasicStmnt>
</StmntSeq>
</HierarchyLvl>
</HierarchyLvl>
</HierarchyLvl>
</MASTRoot>
</TestSessionContainer>
