<?xml version="1.0" encoding="UTF-8"?><TestSessionContainer xmlns="http://www.codecover.org/xml/testsession-container" Date="1367932803521" TestSessionContainerId="5ee49c58-5442-47c3-b04b-916b2e29cd41" version="1.0">
<SrcFileList>
<SrcFile Content="&#13;&#10;public class Value {&#13;&#10;&#9;public static Value VOID = new Value(new Object());&#13;&#10;&#13;&#10;    final Object value;&#13;&#10;&#13;&#10;    public Value(Object value) {&#13;&#10;        this.value = value;&#13;&#10;    }&#13;&#10;    &#13;&#10;    public Value()&#13;&#10;    {&#13;&#10;    &#9;this.value = &quot;&quot;;&#13;&#10;    }&#13;&#10;&#13;&#10;    public boolean isDouble() &#13;&#10;    {&#13;&#10;&#9;&#9;if(this.toString().matches(&quot;((-)?[0-9]+)\\.([0-9]){1,2}&quot;))&#13;&#10;&#9;&#9;{&#13;&#10;&#9;&#9;&#9;return true;&#13;&#10;&#9;&#9;}&#13;&#10;&#9;&#9;return false;&#13;&#10;    }&#13;&#10;    &#13;&#10;    public boolean isInt()&#13;&#10;    {&#13;&#10;&#9;&#9;if(this.toString().matches(&quot;(-)?[0-9]+&quot;))&#13;&#10;&#9;&#9;{&#13;&#10;&#9;&#9;&#9;return true;&#13;&#10;&#9;&#9;}&#13;&#10;&#9;&#9;return false;&#13;&#10;    }&#13;&#10;    &#13;&#10;    public boolean isDrink()&#13;&#10;    {&#13;&#10;&#9;&#9;if(this.toString().equals(&quot;drink&quot;))&#13;&#10;&#9;&#9;{&#13;&#10;&#9;&#9;&#9;return true;&#13;&#10;&#9;&#9;}&#13;&#10;&#9;&#9;return false;&#13;&#10;    }&#13;&#10;    &#13;&#10;    public boolean isNumeric()&#13;&#10;    {&#13;&#10;    &#9;if(this.isInt() || this.isDouble() || this.toString().equals(&quot;int&quot;) || this.toString().equals(&quot;double&quot;))&#13;&#10;    &#9;{&#13;&#10;    &#9;&#9;return true;&#13;&#10;    &#9;}&#13;&#10;    &#9;return false;&#13;&#10;    }&#13;&#10;    &#13;&#10;    public boolean isNumericExpression()&#13;&#10;    {    &#9;&#13;&#10;    &#9;if(this.toString().contains(&quot;(&quot;))&#13;&#10;    &#9;{&#13;&#10;    &#9;&#9;int i = 0;&#13;&#10;        &#9;int location = 0;&#13;&#10;        &#9;&#13;&#10;    &#9;&#9;if(!this.toString().contains(&quot;)&quot;))&#13;&#10;    &#9;&#9;{&#13;&#10;    &#9;&#9;&#9;return false;&#13;&#10;    &#9;&#9;}&#13;&#10;    &#9;&#9;&#13;&#10;    &#9;&#9;for(i=0; i&lt;=this.toString().length()-1; i++)&#13;&#10;    &#9;&#9;{&#13;&#10;    &#9;&#9;&#9;if(this.toString().charAt(i) == '(')&#13;&#10;    &#9;&#9;&#9;{&#13;&#10;    &#9;&#9;&#9;&#9;location = i;&#13;&#10;    &#9;&#9;&#9;&#9;break;&#13;&#10;    &#9;&#9;&#9;}&#13;&#10;    &#9;&#9;}&#13;&#10;    &#9;&#9;for(i=this.toString().length()-1; i&gt;=0; i--)&#13;&#10;    &#9;&#9;{&#13;&#10;    &#9;&#9;&#9;&#13;&#10;    &#9;&#9;}&#13;&#10;    &#9;}&#13;&#10;    &#9;if(this.toString().matches(&quot;(-)?[0-9]+(\\.[0-9]{1,2})?((\\+|\\-|\\*|\\/)[0-9]+(\\.[0-9]{1,2})?)*&quot;))&#13;&#10;    &#9;{&#13;&#10;    &#9;&#9;return true;&#13;&#10;    &#9;}&#13;&#10;    &#9;return false;&#13;&#10;    }&#13;&#10;    &#13;&#10;    public boolean isChar()&#13;&#10;    {&#13;&#10;&#9;&#9;if(this.toString().length() != 3 || &#13;&#10;&#9;&#9;   this.toString().charAt(0) != '\'' || &#13;&#10;&#9;&#9;   this.toString().charAt(this.toString().length()-1) != '\'')&#13;&#10;&#9;&#9;{&#13;&#10;&#9;&#9;&#9;return false;&#13;&#10;&#9;&#9;}&#13;&#10;&#9;&#9;return true;&#13;&#10;    }&#13;&#10;    &#13;&#10;    public boolean isString()&#13;&#10;    {&#13;&#10;    &#9;if(this.toString().length() &lt; 2)&#13;&#10;    &#9;{&#13;&#10;    &#9;&#9;return false;&#13;&#10;    &#9;}&#13;&#10;    &#9;else if(this.toString().charAt(0) != '&quot;'|| this.toString().charAt(this.toString().length()-1) != '&quot;')&#13;&#10;&#9;&#9;{&#13;&#10;&#9;&#9;&#9;return false;&#13;&#10;&#9;&#9;}&#13;&#10;&#9;&#9;return true;&#13;&#10;    }&#13;&#10;    &#13;&#10;    public boolean isBool()&#13;&#10;    {&#13;&#10;    &#9;if(this.toString().equals(&quot;true&quot;) || this.toString().equals(&quot;false&quot;))&#13;&#10;    &#9;{&#13;&#10;    &#9;&#9;return true;&#13;&#10;    &#9;}&#13;&#10;    &#9;return false;&#13;&#10;    }&#13;&#10;    &#13;&#10;    public boolean isContainer()&#13;&#10;    {&#13;&#10;    &#9;if(this.toString().matches(&quot;((1?[0-3])|([0-9]))|A[0-5]&quot;) || this.toString().equals(&quot;container&quot;))&#13;&#10;    &#9;{&#13;&#10;    &#9;&#9;return true;&#13;&#10;    &#9;}&#13;&#10;    &#9;return false;&#13;&#10;    }&#13;&#10;    &#13;&#10;    public boolean isSameType(Value val)&#13;&#10;    {&#13;&#10;    &#9;if(this.isBool() &amp;&amp; val.isBool())&#13;&#10;    &#9;{&#13;&#10;    &#9;&#9;return true;&#13;&#10;    &#9;}&#13;&#10;    &#9;if(this.isContainer() &amp;&amp; val.isContainer())&#13;&#10;    &#9;{&#13;&#10;    &#9;&#9;return true;&#13;&#10;    &#9;}&#13;&#10;    &#9;else if(this.isChar() &amp;&amp; val.isChar())&#13;&#10;    &#9;{&#13;&#10;    &#9;&#9;return true;&#13;&#10;    &#9;}&#13;&#10;    &#9;else if(this.isNumeric() &amp;&amp; val.isNumeric() || this.isNumeric() &amp;&amp; val.isNumericExpression())&#13;&#10;    &#9;{&#13;&#10;    &#9;&#9;return true;&#13;&#10;    &#9;}&#13;&#10;    &#9;else if(this.isString() &amp;&amp; val.isString())&#13;&#10;    &#9;{&#13;&#10;    &#9;&#9;return true;&#13;&#10;    &#9;}&#13;&#10;    &#9;else if(this.isDrink() &amp;&amp; val.isDrink())&#13;&#10;    &#9;{&#13;&#10;    &#9;&#9;return true;&#13;&#10;    &#9;}&#13;&#10;    &#9;&#13;&#10;    &#9;return false;&#13;&#10;    }&#13;&#10;    &#13;&#10;    public String GetType()&#13;&#10;    {&#13;&#10;    &#9;if(this.isBool() || this.toString().equals(&quot;bool&quot;))&#13;&#10;    &#9;{&#13;&#10;    &#9;&#9;return &quot;bool&quot;;&#13;&#10;    &#9;}&#13;&#10;    &#9;else if(this.toString().equals(&quot;container&quot;) || this.isContainer())&#13;&#10;    &#9;{&#13;&#10;    &#9;&#9;return &quot;container&quot;;&#13;&#10;    &#9;}&#13;&#10;    &#9;else if(this.isInt() || this.toString().equals(&quot;int&quot;))&#13;&#10;    &#9;{&#13;&#10;    &#9;&#9;return &quot;int&quot;;&#13;&#10;    &#9;}&#13;&#10;    &#9;else if(this.isDouble() || this.toString().equals(&quot;double&quot;))&#13;&#10;    &#9;{&#13;&#10;    &#9;&#9;return &quot;double&quot;;&#13;&#10;    &#9;}&#13;&#10;    &#9;else if(this.isChar() || this.toString().equals(&quot;char&quot;))&#13;&#10;    &#9;{&#13;&#10;    &#9;&#9;return &quot;char&quot;;&#13;&#10;    &#9;}&#13;&#10;    &#9;else if(this.isString() || this.toString().equals(&quot;string&quot;))&#13;&#10;    &#9;{&#13;&#10;    &#9;&#9;return &quot;string&quot;;&#13;&#10;    &#9;}&#13;&#10;    &#9;else if(this.toString().equals(&quot;drink&quot;))&#13;&#10;    &#9;{&#13;&#10;    &#9;&#9;return &quot;drink&quot;;&#13;&#10;    &#9;}&#13;&#10;    &#9;else&#13;&#10;    &#9;{&#13;&#10;    &#9;&#9;return null;&#13;&#10;    &#9;}&#13;&#10;    }&#13;&#10;&#13;&#10;    @Override&#13;&#10;    public boolean equals(Object o) {&#13;&#10;&#13;&#10;        if(value == o) {&#13;&#10;            return true;&#13;&#10;        }&#13;&#10;&#13;&#10;        if(value == null || o == null || o.getClass() != value.getClass()) {&#13;&#10;            return false;&#13;&#10;        }&#13;&#10;&#13;&#10;        Value that = (Value)o;&#13;&#10;&#13;&#10;        return this.value.equals(that.value);&#13;&#10;    }&#13;&#10;&#13;&#10;    @Override&#13;&#10;    public String toString() {&#13;&#10;        return String.valueOf(value);&#13;&#10;    }&#13;&#10;}&#13;&#10;" Filename="Value.java" Intrnl_Id="1"/>
</SrcFileList>
<CritList>
<CritListEntry Name="org.codecover.model.utils.criteria.LoopCoverage" PluginName="org.codecover"/>
<CritListEntry Name="org.codecover.model.utils.criteria.BranchCoverage" PluginName="org.codecover"/>
<CritListEntry Name="org.codecover.model.utils.criteria.ConditionCoverage" PluginName="org.codecover"/>
<CritListEntry Name="org.codecover.model.utils.criteria.StatementCoverage" PluginName="org.codecover"/>
</CritList>
<BoolOpList>
<BoolOp Arity="1" Intrnl_Id="2" Name="not (!)">
<BoolAssgnmntBoolMapList>
<MapEntry BoolAssgnmnt="0" Value="true"/>
<MapEntry BoolAssgnmnt="1" Value="false"/>
</BoolAssgnmntBoolMapList>
</BoolOp>
<BoolOp Arity="2" Intrnl_Id="3" Name="conditional and (&amp;&amp;)">
<BoolAssgnmntBoolMapList>
<MapEntry BoolAssgnmnt="10" Value="false"/>
<MapEntry BoolAssgnmnt="02" Value="false"/>
<MapEntry BoolAssgnmnt="11" Value="true"/>
</BoolAssgnmntBoolMapList>
</BoolOp>
<BoolOp Arity="2" Intrnl_Id="4" Name="conditional or (||)">
<BoolAssgnmntBoolMapList>
<MapEntry BoolAssgnmnt="01" Value="true"/>
<MapEntry BoolAssgnmnt="00" Value="false"/>
<MapEntry BoolAssgnmnt="12" Value="true"/>
</BoolAssgnmntBoolMapList>
</BoolOp>
</BoolOpList>
<HierarchyLvlTypeList>
<HierarchyLvlType EnglishName="class" IntrnlName="class" Intrnl_Id="5"/>
<HierarchyLvlType EnglishName="method" IntrnlName="method" Intrnl_Id="6"/>
<HierarchyLvlType EnglishName="default package" IntrnlName="default package" Intrnl_Id="7"/>
</HierarchyLvlTypeList>
<MASTRoot>
<HierarchyLvl HierarchyLvlId="919" HierarchyLvlTypeId="7" Intrnl_Id="8" Name="default package">
<Header/>
<LocList/>
<HierarchyLvl HierarchyLvlId="918" HierarchyLvlTypeId="5" Intrnl_Id="9" Name="Value">
<Header>
<Loc EndOffset="20" SrcFileId="1" StartOffset="2"/>
</Header>
<LocList>
<Loc EndOffset="4352" SrcFileId="1" StartOffset="2"/>
</LocList>
<StmntSeq Intrnl_Id="10">
<LocList>
<Loc EndOffset="76" SrcFileId="1" StartOffset="25"/>
</LocList>
<BasicStmnt CovItemId="S1" CovItemPrefix="Value.java" Intrnl_Id="11">
<LocList>
<Loc EndOffset="76" SrcFileId="1" StartOffset="25"/>
</LocList>
</BasicStmnt>
</StmntSeq>
<HierarchyLvl HierarchyLvlId="903" HierarchyLvlTypeId="6" Intrnl_Id="12" Name="Value">
<Header>
<Loc EndOffset="137" SrcFileId="1" StartOffset="111"/>
</Header>
<LocList>
<Loc EndOffset="175" SrcFileId="1" StartOffset="111"/>
</LocList>
<StmntSeq Intrnl_Id="13">
<LocList>
<Loc EndOffset="168" SrcFileId="1" StartOffset="149"/>
</LocList>
<BasicStmnt CovItemId="S2" CovItemPrefix="Value.java" Intrnl_Id="14">
<LocList>
<Loc EndOffset="168" SrcFileId="1" StartOffset="149"/>
</LocList>
</BasicStmnt>
</StmntSeq>
</HierarchyLvl>
<HierarchyLvl HierarchyLvlId="904" HierarchyLvlTypeId="6" Intrnl_Id="15" Name="Value">
<Header>
<Loc EndOffset="201" SrcFileId="1" StartOffset="187"/>
</Header>
<LocList>
<Loc EndOffset="238" SrcFileId="1" StartOffset="187"/>
</LocList>
<StmntSeq Intrnl_Id="16">
<LocList>
<Loc EndOffset="231" SrcFileId="1" StartOffset="215"/>
</LocList>
<BasicStmnt CovItemId="S3" CovItemPrefix="Value.java" Intrnl_Id="17">
<LocList>
<Loc EndOffset="231" SrcFileId="1" StartOffset="215"/>
</LocList>
</BasicStmnt>
</StmntSeq>
</HierarchyLvl>
<HierarchyLvl HierarchyLvlId="905" HierarchyLvlTypeId="6" Intrnl_Id="18" Name="isDouble">
<Header>
<Loc EndOffset="271" SrcFileId="1" StartOffset="246"/>
</Header>
<LocList>
<Loc EndOffset="392" SrcFileId="1" StartOffset="246"/>
</LocList>
<StmntSeq Intrnl_Id="19">
<LocList>
<Loc EndOffset="368" SrcFileId="1" StartOffset="283"/>
<Loc EndOffset="385" SrcFileId="1" StartOffset="372"/>
</LocList>
<CondStmnt CovItemId="S4" CovItemPrefix="Value.java" Intrnl_Id="20">
<Branch CovItemId="B1" CovItemPrefix="Value.java" Implct="false" Intrnl_Id="21">
<Cond/>
<LocList>
<Loc EndOffset="368" SrcFileId="1" StartOffset="345"/>
</LocList>
<StmntSeq Intrnl_Id="22">
<LocList>
<Loc EndOffset="363" SrcFileId="1" StartOffset="351"/>
</LocList>
<BasicStmnt CovItemId="S5" CovItemPrefix="Value.java" Intrnl_Id="23">
<LocList>
<Loc EndOffset="363" SrcFileId="1" StartOffset="351"/>
</LocList>
</BasicStmnt>
</StmntSeq>
</Branch>
<Branch CovItemId="B2" CovItemPrefix="Value.java" Implct="true" Intrnl_Id="24">
<Cond/>
<LocList/>
<StmntSeq Intrnl_Id="25">
<LocList/>
</StmntSeq>
</Branch>
<Keyword EndOffset="285" SrcFileId="1" StartOffset="283"/>
<LocList>
<Loc EndOffset="368" SrcFileId="1" StartOffset="283"/>
</LocList>
<RootTerm CovItemId="C1" CovItemPrefix="Value.java" Intrnl_Id="26">
<BasicBoolTerm Intrnl_Id="27">
<LocList>
<Loc EndOffset="340" SrcFileId="1" StartOffset="286"/>
</LocList>
</BasicBoolTerm>
</RootTerm>
</CondStmnt>
<BasicStmnt CovItemId="S6" CovItemPrefix="Value.java" Intrnl_Id="28">
<LocList>
<Loc EndOffset="385" SrcFileId="1" StartOffset="372"/>
</LocList>
</BasicStmnt>
</StmntSeq>
</HierarchyLvl>
<HierarchyLvl HierarchyLvlId="906" HierarchyLvlTypeId="6" Intrnl_Id="29" Name="isInt">
<Header>
<Loc EndOffset="426" SrcFileId="1" StartOffset="404"/>
</Header>
<LocList>
<Loc EndOffset="529" SrcFileId="1" StartOffset="404"/>
</LocList>
<StmntSeq Intrnl_Id="30">
<LocList>
<Loc EndOffset="505" SrcFileId="1" StartOffset="437"/>
<Loc EndOffset="522" SrcFileId="1" StartOffset="509"/>
</LocList>
<CondStmnt CovItemId="S7" CovItemPrefix="Value.java" Intrnl_Id="31">
<Branch CovItemId="B3" CovItemPrefix="Value.java" Implct="false" Intrnl_Id="32">
<Cond/>
<LocList>
<Loc EndOffset="505" SrcFileId="1" StartOffset="482"/>
</LocList>
<StmntSeq Intrnl_Id="33">
<LocList>
<Loc EndOffset="500" SrcFileId="1" StartOffset="488"/>
</LocList>
<BasicStmnt CovItemId="S8" CovItemPrefix="Value.java" Intrnl_Id="34">
<LocList>
<Loc EndOffset="500" SrcFileId="1" StartOffset="488"/>
</LocList>
</BasicStmnt>
</StmntSeq>
</Branch>
<Branch CovItemId="B4" CovItemPrefix="Value.java" Implct="true" Intrnl_Id="35">
<Cond/>
<LocList/>
<StmntSeq Intrnl_Id="36">
<LocList/>
</StmntSeq>
</Branch>
<Keyword EndOffset="439" SrcFileId="1" StartOffset="437"/>
<LocList>
<Loc EndOffset="505" SrcFileId="1" StartOffset="437"/>
</LocList>
<RootTerm CovItemId="C2" CovItemPrefix="Value.java" Intrnl_Id="37">
<BasicBoolTerm Intrnl_Id="38">
<LocList>
<Loc EndOffset="477" SrcFileId="1" StartOffset="440"/>
</LocList>
</BasicBoolTerm>
</RootTerm>
</CondStmnt>
<BasicStmnt CovItemId="S9" CovItemPrefix="Value.java" Intrnl_Id="39">
<LocList>
<Loc EndOffset="522" SrcFileId="1" StartOffset="509"/>
</LocList>
</BasicStmnt>
</StmntSeq>
</HierarchyLvl>
<HierarchyLvl HierarchyLvlId="907" HierarchyLvlTypeId="6" Intrnl_Id="40" Name="isDrink">
<Header>
<Loc EndOffset="565" SrcFileId="1" StartOffset="541"/>
</Header>
<LocList>
<Loc EndOffset="662" SrcFileId="1" StartOffset="541"/>
</LocList>
<StmntSeq Intrnl_Id="41">
<LocList>
<Loc EndOffset="638" SrcFileId="1" StartOffset="576"/>
<Loc EndOffset="655" SrcFileId="1" StartOffset="642"/>
</LocList>
<CondStmnt CovItemId="S10" CovItemPrefix="Value.java" Intrnl_Id="42">
<Branch CovItemId="B5" CovItemPrefix="Value.java" Implct="false" Intrnl_Id="43">
<Cond/>
<LocList>
<Loc EndOffset="638" SrcFileId="1" StartOffset="615"/>
</LocList>
<StmntSeq Intrnl_Id="44">
<LocList>
<Loc EndOffset="633" SrcFileId="1" StartOffset="621"/>
</LocList>
<BasicStmnt CovItemId="S11" CovItemPrefix="Value.java" Intrnl_Id="45">
<LocList>
<Loc EndOffset="633" SrcFileId="1" StartOffset="621"/>
</LocList>
</BasicStmnt>
</StmntSeq>
</Branch>
<Branch CovItemId="B6" CovItemPrefix="Value.java" Implct="true" Intrnl_Id="46">
<Cond/>
<LocList/>
<StmntSeq Intrnl_Id="47">
<LocList/>
</StmntSeq>
</Branch>
<Keyword EndOffset="578" SrcFileId="1" StartOffset="576"/>
<LocList>
<Loc EndOffset="638" SrcFileId="1" StartOffset="576"/>
</LocList>
<RootTerm CovItemId="C3" CovItemPrefix="Value.java" Intrnl_Id="48">
<BasicBoolTerm Intrnl_Id="49">
<LocList>
<Loc EndOffset="610" SrcFileId="1" StartOffset="579"/>
</LocList>
</BasicBoolTerm>
</RootTerm>
</CondStmnt>
<BasicStmnt CovItemId="S12" CovItemPrefix="Value.java" Intrnl_Id="50">
<LocList>
<Loc EndOffset="655" SrcFileId="1" StartOffset="642"/>
</LocList>
</BasicStmnt>
</StmntSeq>
</HierarchyLvl>
<HierarchyLvl HierarchyLvlId="908" HierarchyLvlTypeId="6" Intrnl_Id="51" Name="isNumeric">
<Header>
<Loc EndOffset="700" SrcFileId="1" StartOffset="674"/>
</Header>
<LocList>
<Loc EndOffset="881" SrcFileId="1" StartOffset="674"/>
</LocList>
<StmntSeq Intrnl_Id="52">
<LocList>
<Loc EndOffset="854" SrcFileId="1" StartOffset="714"/>
<Loc EndOffset="874" SrcFileId="1" StartOffset="861"/>
</LocList>
<CondStmnt CovItemId="S13" CovItemPrefix="Value.java" Intrnl_Id="53">
<Branch CovItemId="B7" CovItemPrefix="Value.java" Implct="false" Intrnl_Id="54">
<Cond/>
<LocList>
<Loc EndOffset="854" SrcFileId="1" StartOffset="825"/>
</LocList>
<StmntSeq Intrnl_Id="55">
<LocList>
<Loc EndOffset="846" SrcFileId="1" StartOffset="834"/>
</LocList>
<BasicStmnt CovItemId="S14" CovItemPrefix="Value.java" Intrnl_Id="56">
<LocList>
<Loc EndOffset="846" SrcFileId="1" StartOffset="834"/>
</LocList>
</BasicStmnt>
</StmntSeq>
</Branch>
<Branch CovItemId="B8" CovItemPrefix="Value.java" Implct="true" Intrnl_Id="57">
<Cond/>
<LocList/>
<StmntSeq Intrnl_Id="58">
<LocList/>
</StmntSeq>
</Branch>
<Keyword EndOffset="716" SrcFileId="1" StartOffset="714"/>
<LocList>
<Loc EndOffset="854" SrcFileId="1" StartOffset="714"/>
</LocList>
<RootTerm CovItemId="C4" CovItemPrefix="Value.java" Intrnl_Id="59">
<OpTerm BooleanOpId="4" Intrnl_Id="60">
<OpTerm BooleanOpId="4" Intrnl_Id="61">
<OpTerm BooleanOpId="4" Intrnl_Id="62">
<BasicBoolTerm Intrnl_Id="63">
<LocList>
<Loc EndOffset="729" SrcFileId="1" StartOffset="717"/>
</LocList>
</BasicBoolTerm>
<BasicBoolTerm Intrnl_Id="64">
<LocList>
<Loc EndOffset="748" SrcFileId="1" StartOffset="733"/>
</LocList>
</BasicBoolTerm>
<LocList>
<Loc EndOffset="732" SrcFileId="1" StartOffset="730"/>
</LocList>
</OpTerm>
<BasicBoolTerm Intrnl_Id="65">
<LocList>
<Loc EndOffset="781" SrcFileId="1" StartOffset="752"/>
</LocList>
</BasicBoolTerm>
<LocList>
<Loc EndOffset="751" SrcFileId="1" StartOffset="749"/>
</LocList>
</OpTerm>
<BasicBoolTerm Intrnl_Id="66">
<LocList>
<Loc EndOffset="817" SrcFileId="1" StartOffset="785"/>
</LocList>
</BasicBoolTerm>
<LocList>
<Loc EndOffset="784" SrcFileId="1" StartOffset="782"/>
</LocList>
</OpTerm>
</RootTerm>
</CondStmnt>
<BasicStmnt CovItemId="S15" CovItemPrefix="Value.java" Intrnl_Id="67">
<LocList>
<Loc EndOffset="874" SrcFileId="1" StartOffset="861"/>
</LocList>
</BasicStmnt>
</StmntSeq>
</HierarchyLvl>
<HierarchyLvl HierarchyLvlId="909" HierarchyLvlTypeId="6" Intrnl_Id="68" Name="isNumericExpression">
<Header>
<Loc EndOffset="929" SrcFileId="1" StartOffset="893"/>
</Header>
<LocList>
<Loc EndOffset="1566" SrcFileId="1" StartOffset="893"/>
</LocList>
<StmntSeq Intrnl_Id="69">
<LocList>
<Loc EndOffset="1397" SrcFileId="1" StartOffset="948"/>
<Loc EndOffset="1539" SrcFileId="1" StartOffset="1404"/>
<Loc EndOffset="1559" SrcFileId="1" StartOffset="1546"/>
</LocList>
<CondStmnt CovItemId="S16" CovItemPrefix="Value.java" Intrnl_Id="70">
<Branch CovItemId="B9" CovItemPrefix="Value.java" Implct="false" Intrnl_Id="71">
<Cond/>
<LocList>
<Loc EndOffset="1397" SrcFileId="1" StartOffset="988"/>
</LocList>
<StmntSeq Intrnl_Id="72">
<LocList>
<Loc EndOffset="1007" SrcFileId="1" StartOffset="997"/>
<Loc EndOffset="1035" SrcFileId="1" StartOffset="1018"/>
<Loc EndOffset="1128" SrcFileId="1" StartOffset="1054"/>
<Loc EndOffset="1310" SrcFileId="1" StartOffset="1144"/>
<Loc EndOffset="1389" SrcFileId="1" StartOffset="1318"/>
</LocList>
<BasicStmnt CovItemId="S17" CovItemPrefix="Value.java" Intrnl_Id="73">
<LocList>
<Loc EndOffset="1007" SrcFileId="1" StartOffset="997"/>
</LocList>
</BasicStmnt>
<BasicStmnt CovItemId="S18" CovItemPrefix="Value.java" Intrnl_Id="74">
<LocList>
<Loc EndOffset="1035" SrcFileId="1" StartOffset="1018"/>
</LocList>
</BasicStmnt>
<CondStmnt CovItemId="S19" CovItemPrefix="Value.java" Intrnl_Id="75">
<Branch CovItemId="B11" CovItemPrefix="Value.java" Implct="false" Intrnl_Id="76">
<Cond/>
<LocList>
<Loc EndOffset="1128" SrcFileId="1" StartOffset="1096"/>
</LocList>
<StmntSeq Intrnl_Id="77">
<LocList>
<Loc EndOffset="1119" SrcFileId="1" StartOffset="1106"/>
</LocList>
<BasicStmnt CovItemId="S20" CovItemPrefix="Value.java" Intrnl_Id="78">
<LocList>
<Loc EndOffset="1119" SrcFileId="1" StartOffset="1106"/>
</LocList>
</BasicStmnt>
</StmntSeq>
</Branch>
<Branch CovItemId="B12" CovItemPrefix="Value.java" Implct="true" Intrnl_Id="79">
<Cond/>
<LocList/>
<StmntSeq Intrnl_Id="80">
<LocList/>
</StmntSeq>
</Branch>
<Keyword EndOffset="1056" SrcFileId="1" StartOffset="1054"/>
<LocList>
<Loc EndOffset="1128" SrcFileId="1" StartOffset="1054"/>
</LocList>
<RootTerm CovItemId="C6" CovItemPrefix="Value.java" Intrnl_Id="81">
<OpTerm BooleanOpId="2" Intrnl_Id="82">
<BasicBoolTerm Intrnl_Id="83">
<LocList>
<Loc EndOffset="1087" SrcFileId="1" StartOffset="1058"/>
</LocList>
</BasicBoolTerm>
<LocList>
<Loc EndOffset="1058" SrcFileId="1" StartOffset="1057"/>
</LocList>
</OpTerm>
</RootTerm>
</CondStmnt>
<LoopStmnt CovItemId="S21" CovItemPrefix="Value.java" Intrnl_Id="84" MltplExecId="L1-2" MltplExecPrefix="Value.java" NvrExecId="L1-0" NvrExecPrefix="Value.java" OnceExecutedId="L1-1" OnceExecutedPrefix="Value.java" OptBodyExec="true">
<StmntSeq Intrnl_Id="85">
<LocList>
<Loc EndOffset="1301" SrcFileId="1" StartOffset="1206"/>
</LocList>
<CondStmnt CovItemId="S22" CovItemPrefix="Value.java" Intrnl_Id="86">
<Branch CovItemId="B13" CovItemPrefix="Value.java" Implct="false" Intrnl_Id="87">
<Cond/>
<LocList>
<Loc EndOffset="1301" SrcFileId="1" StartOffset="1251"/>
</LocList>
<StmntSeq Intrnl_Id="88">
<LocList>
<Loc EndOffset="1275" SrcFileId="1" StartOffset="1262"/>
<Loc EndOffset="1291" SrcFileId="1" StartOffset="1285"/>
</LocList>
<BasicStmnt CovItemId="S23" CovItemPrefix="Value.java" Intrnl_Id="89">
<LocList>
<Loc EndOffset="1275" SrcFileId="1" StartOffset="1262"/>
</LocList>
</BasicStmnt>
<BasicStmnt CovItemId="S24" CovItemPrefix="Value.java" Intrnl_Id="90">
<LocList>
<Loc EndOffset="1291" SrcFileId="1" StartOffset="1285"/>
</LocList>
</BasicStmnt>
</StmntSeq>
</Branch>
<Branch CovItemId="B14" CovItemPrefix="Value.java" Implct="true" Intrnl_Id="91">
<Cond/>
<LocList/>
<StmntSeq Intrnl_Id="92">
<LocList/>
</StmntSeq>
</Branch>
<Keyword EndOffset="1208" SrcFileId="1" StartOffset="1206"/>
<LocList>
<Loc EndOffset="1301" SrcFileId="1" StartOffset="1206"/>
</LocList>
<RootTerm CovItemId="C8" CovItemPrefix="Value.java" Intrnl_Id="93">
<BasicBoolTerm Intrnl_Id="94">
<LocList>
<Loc EndOffset="1241" SrcFileId="1" StartOffset="1209"/>
</LocList>
</BasicBoolTerm>
</RootTerm>
</CondStmnt>
</StmntSeq>
<Keyword EndOffset="1147" SrcFileId="1" StartOffset="1144"/>
<LocList>
<Loc EndOffset="1310" SrcFileId="1" StartOffset="1144"/>
</LocList>
<RootTerm CovItemId="C7" CovItemPrefix="Value.java" Intrnl_Id="95">
<BasicBoolTerm Intrnl_Id="96">
<LocList>
<Loc EndOffset="1182" SrcFileId="1" StartOffset="1153"/>
</LocList>
</BasicBoolTerm>
</RootTerm>
</LoopStmnt>
<LoopStmnt CovItemId="S25" CovItemPrefix="Value.java" Intrnl_Id="97" MltplExecId="L2-2" MltplExecPrefix="Value.java" NvrExecId="L2-0" NvrExecPrefix="Value.java" OnceExecutedId="L2-1" OnceExecutedPrefix="Value.java" OptBodyExec="true">
<StmntSeq Intrnl_Id="98">
<LocList/>
</StmntSeq>
<Keyword EndOffset="1321" SrcFileId="1" StartOffset="1318"/>
<LocList>
<Loc EndOffset="1389" SrcFileId="1" StartOffset="1318"/>
</LocList>
<RootTerm CovItemId="C9" CovItemPrefix="Value.java" Intrnl_Id="99">
<BasicBoolTerm Intrnl_Id="100">
<LocList>
<Loc EndOffset="1356" SrcFileId="1" StartOffset="1352"/>
</LocList>
</BasicBoolTerm>
</RootTerm>
</LoopStmnt>
</StmntSeq>
</Branch>
<Branch CovItemId="B10" CovItemPrefix="Value.java" Implct="true" Intrnl_Id="101">
<Cond/>
<LocList/>
<StmntSeq Intrnl_Id="102">
<LocList/>
</StmntSeq>
</Branch>
<Keyword EndOffset="950" SrcFileId="1" StartOffset="948"/>
<LocList>
<Loc EndOffset="1397" SrcFileId="1" StartOffset="948"/>
</LocList>
<RootTerm CovItemId="C5" CovItemPrefix="Value.java" Intrnl_Id="103">
<BasicBoolTerm Intrnl_Id="104">
<LocList>
<Loc EndOffset="980" SrcFileId="1" StartOffset="951"/>
</LocList>
</BasicBoolTerm>
</RootTerm>
</CondStmnt>
<CondStmnt CovItemId="S26" CovItemPrefix="Value.java" Intrnl_Id="105">
<Branch CovItemId="B15" CovItemPrefix="Value.java" Implct="false" Intrnl_Id="106">
<Cond/>
<LocList>
<Loc EndOffset="1539" SrcFileId="1" StartOffset="1510"/>
</LocList>
<StmntSeq Intrnl_Id="107">
<LocList>
<Loc EndOffset="1531" SrcFileId="1" StartOffset="1519"/>
</LocList>
<BasicStmnt CovItemId="S27" CovItemPrefix="Value.java" Intrnl_Id="108">
<LocList>
<Loc EndOffset="1531" SrcFileId="1" StartOffset="1519"/>
</LocList>
</BasicStmnt>
</StmntSeq>
</Branch>
<Branch CovItemId="B16" CovItemPrefix="Value.java" Implct="true" Intrnl_Id="109">
<Cond/>
<LocList/>
<StmntSeq Intrnl_Id="110">
<LocList/>
</StmntSeq>
</Branch>
<Keyword EndOffset="1406" SrcFileId="1" StartOffset="1404"/>
<LocList>
<Loc EndOffset="1539" SrcFileId="1" StartOffset="1404"/>
</LocList>
<RootTerm CovItemId="C10" CovItemPrefix="Value.java" Intrnl_Id="111">
<BasicBoolTerm Intrnl_Id="112">
<LocList>
<Loc EndOffset="1502" SrcFileId="1" StartOffset="1407"/>
</LocList>
</BasicBoolTerm>
</RootTerm>
</CondStmnt>
<BasicStmnt CovItemId="S28" CovItemPrefix="Value.java" Intrnl_Id="113">
<LocList>
<Loc EndOffset="1559" SrcFileId="1" StartOffset="1546"/>
</LocList>
</BasicStmnt>
</StmntSeq>
</HierarchyLvl>
<HierarchyLvl HierarchyLvlId="910" HierarchyLvlTypeId="6" Intrnl_Id="114" Name="isChar">
<Header>
<Loc EndOffset="1601" SrcFileId="1" StartOffset="1578"/>
</Header>
<LocList>
<Loc EndOffset="1809" SrcFileId="1" StartOffset="1578"/>
</LocList>
<StmntSeq Intrnl_Id="115">
<LocList>
<Loc EndOffset="1786" SrcFileId="1" StartOffset="1612"/>
<Loc EndOffset="1802" SrcFileId="1" StartOffset="1790"/>
</LocList>
<CondStmnt CovItemId="S29" CovItemPrefix="Value.java" Intrnl_Id="116">
<Branch CovItemId="B17" CovItemPrefix="Value.java" Implct="false" Intrnl_Id="117">
<Cond/>
<LocList>
<Loc EndOffset="1786" SrcFileId="1" StartOffset="1762"/>
</LocList>
<StmntSeq Intrnl_Id="118">
<LocList>
<Loc EndOffset="1781" SrcFileId="1" StartOffset="1768"/>
</LocList>
<BasicStmnt CovItemId="S30" CovItemPrefix="Value.java" Intrnl_Id="119">
<LocList>
<Loc EndOffset="1781" SrcFileId="1" StartOffset="1768"/>
</LocList>
</BasicStmnt>
</StmntSeq>
</Branch>
<Branch CovItemId="B18" CovItemPrefix="Value.java" Implct="true" Intrnl_Id="120">
<Cond/>
<LocList/>
<StmntSeq Intrnl_Id="121">
<LocList/>
</StmntSeq>
</Branch>
<Keyword EndOffset="1614" SrcFileId="1" StartOffset="1612"/>
<LocList>
<Loc EndOffset="1786" SrcFileId="1" StartOffset="1612"/>
</LocList>
<RootTerm CovItemId="C11" CovItemPrefix="Value.java" Intrnl_Id="122">
<OpTerm BooleanOpId="4" Intrnl_Id="123">
<OpTerm BooleanOpId="4" Intrnl_Id="124">
<BasicBoolTerm Intrnl_Id="125">
<LocList>
<Loc EndOffset="1644" SrcFileId="1" StartOffset="1615"/>
</LocList>
</BasicBoolTerm>
<BasicBoolTerm Intrnl_Id="126">
<LocList>
<Loc EndOffset="1688" SrcFileId="1" StartOffset="1655"/>
</LocList>
</BasicBoolTerm>
<LocList>
<Loc EndOffset="1647" SrcFileId="1" StartOffset="1645"/>
</LocList>
</OpTerm>
<BasicBoolTerm Intrnl_Id="127">
<LocList>
<Loc EndOffset="1757" SrcFileId="1" StartOffset="1699"/>
</LocList>
</BasicBoolTerm>
<LocList>
<Loc EndOffset="1691" SrcFileId="1" StartOffset="1689"/>
</LocList>
</OpTerm>
</RootTerm>
</CondStmnt>
<BasicStmnt CovItemId="S31" CovItemPrefix="Value.java" Intrnl_Id="128">
<LocList>
<Loc EndOffset="1802" SrcFileId="1" StartOffset="1790"/>
</LocList>
</BasicStmnt>
</StmntSeq>
</HierarchyLvl>
<HierarchyLvl HierarchyLvlId="911" HierarchyLvlTypeId="6" Intrnl_Id="129" Name="isString">
<Header>
<Loc EndOffset="1846" SrcFileId="1" StartOffset="1821"/>
</Header>
<LocList>
<Loc EndOffset="2088" SrcFileId="1" StartOffset="1821"/>
</LocList>
<StmntSeq Intrnl_Id="130">
<LocList>
<Loc EndOffset="2065" SrcFileId="1" StartOffset="1860"/>
<Loc EndOffset="2081" SrcFileId="1" StartOffset="2069"/>
</LocList>
<CondStmnt CovItemId="S32" CovItemPrefix="Value.java" Intrnl_Id="131">
<Branch CovItemId="B19" CovItemPrefix="Value.java" Implct="false" Intrnl_Id="132">
<Cond/>
<LocList>
<Loc EndOffset="1929" SrcFileId="1" StartOffset="1899"/>
</LocList>
<StmntSeq Intrnl_Id="133">
<LocList>
<Loc EndOffset="1921" SrcFileId="1" StartOffset="1908"/>
</LocList>
<BasicStmnt CovItemId="S33" CovItemPrefix="Value.java" Intrnl_Id="134">
<LocList>
<Loc EndOffset="1921" SrcFileId="1" StartOffset="1908"/>
</LocList>
</BasicStmnt>
</StmntSeq>
</Branch>
<Branch CovItemId="B20" CovItemPrefix="Value.java" Implct="false" Intrnl_Id="135">
<Cond>
<Loc EndOffset="1940" SrcFileId="1" StartOffset="1936"/>
</Cond>
<LocList>
<Loc EndOffset="2065" SrcFileId="1" StartOffset="1941"/>
</LocList>
<StmntSeq Intrnl_Id="136">
<LocList>
<Loc EndOffset="2065" SrcFileId="1" StartOffset="1941"/>
</LocList>
<CondStmnt CovItemId="S34" CovItemPrefix="Value.java" Intrnl_Id="137">
<Branch CovItemId="B21" CovItemPrefix="Value.java" Implct="false" Intrnl_Id="138">
<Cond/>
<LocList>
<Loc EndOffset="2065" SrcFileId="1" StartOffset="2041"/>
</LocList>
<StmntSeq Intrnl_Id="139">
<LocList>
<Loc EndOffset="2060" SrcFileId="1" StartOffset="2047"/>
</LocList>
<BasicStmnt CovItemId="S35" CovItemPrefix="Value.java" Intrnl_Id="140">
<LocList>
<Loc EndOffset="2060" SrcFileId="1" StartOffset="2047"/>
</LocList>
</BasicStmnt>
</StmntSeq>
</Branch>
<Branch CovItemId="B22" CovItemPrefix="Value.java" Implct="true" Intrnl_Id="141">
<Cond/>
<LocList/>
<StmntSeq Intrnl_Id="142">
<LocList/>
</StmntSeq>
</Branch>
<Keyword EndOffset="1943" SrcFileId="1" StartOffset="1941"/>
<LocList>
<Loc EndOffset="2065" SrcFileId="1" StartOffset="1941"/>
</LocList>
<RootTerm CovItemId="C13" CovItemPrefix="Value.java" Intrnl_Id="143">
<OpTerm BooleanOpId="4" Intrnl_Id="144">
<BasicBoolTerm Intrnl_Id="145">
<LocList>
<Loc EndOffset="1976" SrcFileId="1" StartOffset="1944"/>
</LocList>
</BasicBoolTerm>
<BasicBoolTerm Intrnl_Id="146">
<LocList>
<Loc EndOffset="2036" SrcFileId="1" StartOffset="1979"/>
</LocList>
</BasicBoolTerm>
<LocList>
<Loc EndOffset="1978" SrcFileId="1" StartOffset="1976"/>
</LocList>
</OpTerm>
</RootTerm>
</CondStmnt>
</StmntSeq>
</Branch>
<Keyword EndOffset="1862" SrcFileId="1" StartOffset="1860"/>
<LocList>
<Loc EndOffset="2065" SrcFileId="1" StartOffset="1860"/>
</LocList>
<RootTerm CovItemId="C12" CovItemPrefix="Value.java" Intrnl_Id="147">
<BasicBoolTerm Intrnl_Id="148">
<LocList>
<Loc EndOffset="1891" SrcFileId="1" StartOffset="1863"/>
</LocList>
</BasicBoolTerm>
</RootTerm>
</CondStmnt>
<BasicStmnt CovItemId="S36" CovItemPrefix="Value.java" Intrnl_Id="149">
<LocList>
<Loc EndOffset="2081" SrcFileId="1" StartOffset="2069"/>
</LocList>
</BasicStmnt>
</StmntSeq>
</HierarchyLvl>
<HierarchyLvl HierarchyLvlId="912" HierarchyLvlTypeId="6" Intrnl_Id="150" Name="isBool">
<Header>
<Loc EndOffset="2123" SrcFileId="1" StartOffset="2100"/>
</Header>
<LocList>
<Loc EndOffset="2269" SrcFileId="1" StartOffset="2100"/>
</LocList>
<StmntSeq Intrnl_Id="151">
<LocList>
<Loc EndOffset="2242" SrcFileId="1" StartOffset="2137"/>
<Loc EndOffset="2262" SrcFileId="1" StartOffset="2249"/>
</LocList>
<CondStmnt CovItemId="S37" CovItemPrefix="Value.java" Intrnl_Id="152">
<Branch CovItemId="B23" CovItemPrefix="Value.java" Implct="false" Intrnl_Id="153">
<Cond/>
<LocList>
<Loc EndOffset="2242" SrcFileId="1" StartOffset="2213"/>
</LocList>
<StmntSeq Intrnl_Id="154">
<LocList>
<Loc EndOffset="2234" SrcFileId="1" StartOffset="2222"/>
</LocList>
<BasicStmnt CovItemId="S38" CovItemPrefix="Value.java" Intrnl_Id="155">
<LocList>
<Loc EndOffset="2234" SrcFileId="1" StartOffset="2222"/>
</LocList>
</BasicStmnt>
</StmntSeq>
</Branch>
<Branch CovItemId="B24" CovItemPrefix="Value.java" Implct="true" Intrnl_Id="156">
<Cond/>
<LocList/>
<StmntSeq Intrnl_Id="157">
<LocList/>
</StmntSeq>
</Branch>
<Keyword EndOffset="2139" SrcFileId="1" StartOffset="2137"/>
<LocList>
<Loc EndOffset="2242" SrcFileId="1" StartOffset="2137"/>
</LocList>
<RootTerm CovItemId="C14" CovItemPrefix="Value.java" Intrnl_Id="158">
<OpTerm BooleanOpId="4" Intrnl_Id="159">
<BasicBoolTerm Intrnl_Id="160">
<LocList>
<Loc EndOffset="2170" SrcFileId="1" StartOffset="2140"/>
</LocList>
</BasicBoolTerm>
<BasicBoolTerm Intrnl_Id="161">
<LocList>
<Loc EndOffset="2205" SrcFileId="1" StartOffset="2174"/>
</LocList>
</BasicBoolTerm>
<LocList>
<Loc EndOffset="2173" SrcFileId="1" StartOffset="2171"/>
</LocList>
</OpTerm>
</RootTerm>
</CondStmnt>
<BasicStmnt CovItemId="S39" CovItemPrefix="Value.java" Intrnl_Id="162">
<LocList>
<Loc EndOffset="2262" SrcFileId="1" StartOffset="2249"/>
</LocList>
</BasicStmnt>
</StmntSeq>
</HierarchyLvl>
<HierarchyLvl HierarchyLvlId="913" HierarchyLvlTypeId="6" Intrnl_Id="163" Name="isContainer">
<Header>
<Loc EndOffset="2309" SrcFileId="1" StartOffset="2281"/>
</Header>
<LocList>
<Loc EndOffset="2482" SrcFileId="1" StartOffset="2281"/>
</LocList>
<StmntSeq Intrnl_Id="164">
<LocList>
<Loc EndOffset="2455" SrcFileId="1" StartOffset="2323"/>
<Loc EndOffset="2475" SrcFileId="1" StartOffset="2462"/>
</LocList>
<CondStmnt CovItemId="S40" CovItemPrefix="Value.java" Intrnl_Id="165">
<Branch CovItemId="B25" CovItemPrefix="Value.java" Implct="false" Intrnl_Id="166">
<Cond/>
<LocList>
<Loc EndOffset="2455" SrcFileId="1" StartOffset="2426"/>
</LocList>
<StmntSeq Intrnl_Id="167">
<LocList>
<Loc EndOffset="2447" SrcFileId="1" StartOffset="2435"/>
</LocList>
<BasicStmnt CovItemId="S41" CovItemPrefix="Value.java" Intrnl_Id="168">
<LocList>
<Loc EndOffset="2447" SrcFileId="1" StartOffset="2435"/>
</LocList>
</BasicStmnt>
</StmntSeq>
</Branch>
<Branch CovItemId="B26" CovItemPrefix="Value.java" Implct="true" Intrnl_Id="169">
<Cond/>
<LocList/>
<StmntSeq Intrnl_Id="170">
<LocList/>
</StmntSeq>
</Branch>
<Keyword EndOffset="2325" SrcFileId="1" StartOffset="2323"/>
<LocList>
<Loc EndOffset="2455" SrcFileId="1" StartOffset="2323"/>
</LocList>
<RootTerm CovItemId="C15" CovItemPrefix="Value.java" Intrnl_Id="171">
<OpTerm BooleanOpId="4" Intrnl_Id="172">
<BasicBoolTerm Intrnl_Id="173">
<LocList>
<Loc EndOffset="2379" SrcFileId="1" StartOffset="2326"/>
</LocList>
</BasicBoolTerm>
<BasicBoolTerm Intrnl_Id="174">
<LocList>
<Loc EndOffset="2418" SrcFileId="1" StartOffset="2383"/>
</LocList>
</BasicBoolTerm>
<LocList>
<Loc EndOffset="2382" SrcFileId="1" StartOffset="2380"/>
</LocList>
</OpTerm>
</RootTerm>
</CondStmnt>
<BasicStmnt CovItemId="S42" CovItemPrefix="Value.java" Intrnl_Id="175">
<LocList>
<Loc EndOffset="2475" SrcFileId="1" StartOffset="2462"/>
</LocList>
</BasicStmnt>
</StmntSeq>
</HierarchyLvl>
<HierarchyLvl HierarchyLvlId="914" HierarchyLvlTypeId="6" Intrnl_Id="176" Name="isSameType">
<Header>
<Loc EndOffset="2530" SrcFileId="1" StartOffset="2494"/>
</Header>
<LocList>
<Loc EndOffset="3118" SrcFileId="1" StartOffset="2494"/>
</LocList>
<StmntSeq Intrnl_Id="177">
<LocList>
<Loc EndOffset="2613" SrcFileId="1" StartOffset="2544"/>
<Loc EndOffset="3084" SrcFileId="1" StartOffset="2620"/>
<Loc EndOffset="3111" SrcFileId="1" StartOffset="3098"/>
</LocList>
<CondStmnt CovItemId="S43" CovItemPrefix="Value.java" Intrnl_Id="178">
<Branch CovItemId="B27" CovItemPrefix="Value.java" Implct="false" Intrnl_Id="179">
<Cond/>
<LocList>
<Loc EndOffset="2613" SrcFileId="1" StartOffset="2584"/>
</LocList>
<StmntSeq Intrnl_Id="180">
<LocList>
<Loc EndOffset="2605" SrcFileId="1" StartOffset="2593"/>
</LocList>
<BasicStmnt CovItemId="S44" CovItemPrefix="Value.java" Intrnl_Id="181">
<LocList>
<Loc EndOffset="2605" SrcFileId="1" StartOffset="2593"/>
</LocList>
</BasicStmnt>
</StmntSeq>
</Branch>
<Branch CovItemId="B28" CovItemPrefix="Value.java" Implct="true" Intrnl_Id="182">
<Cond/>
<LocList/>
<StmntSeq Intrnl_Id="183">
<LocList/>
</StmntSeq>
</Branch>
<Keyword EndOffset="2546" SrcFileId="1" StartOffset="2544"/>
<LocList>
<Loc EndOffset="2613" SrcFileId="1" StartOffset="2544"/>
</LocList>
<RootTerm CovItemId="C16" CovItemPrefix="Value.java" Intrnl_Id="184">
<OpTerm BooleanOpId="3" Intrnl_Id="185">
<BasicBoolTerm Intrnl_Id="186">
<LocList>
<Loc EndOffset="2560" SrcFileId="1" StartOffset="2547"/>
</LocList>
</BasicBoolTerm>
<BasicBoolTerm Intrnl_Id="187">
<LocList>
<Loc EndOffset="2576" SrcFileId="1" StartOffset="2564"/>
</LocList>
</BasicBoolTerm>
<LocList>
<Loc EndOffset="2563" SrcFileId="1" StartOffset="2561"/>
</LocList>
</OpTerm>
</RootTerm>
</CondStmnt>
<CondStmnt CovItemId="S45" CovItemPrefix="Value.java" Intrnl_Id="188">
<Branch CovItemId="B29" CovItemPrefix="Value.java" Implct="false" Intrnl_Id="189">
<Cond/>
<LocList>
<Loc EndOffset="2699" SrcFileId="1" StartOffset="2670"/>
</LocList>
<StmntSeq Intrnl_Id="190">
<LocList>
<Loc EndOffset="2691" SrcFileId="1" StartOffset="2679"/>
</LocList>
<BasicStmnt CovItemId="S46" CovItemPrefix="Value.java" Intrnl_Id="191">
<LocList>
<Loc EndOffset="2691" SrcFileId="1" StartOffset="2679"/>
</LocList>
</BasicStmnt>
</StmntSeq>
</Branch>
<Branch CovItemId="B30" CovItemPrefix="Value.java" Implct="false" Intrnl_Id="192">
<Cond>
<Loc EndOffset="2710" SrcFileId="1" StartOffset="2706"/>
</Cond>
<LocList>
<Loc EndOffset="3084" SrcFileId="1" StartOffset="2711"/>
</LocList>
<StmntSeq Intrnl_Id="193">
<LocList>
<Loc EndOffset="3084" SrcFileId="1" StartOffset="2711"/>
</LocList>
<CondStmnt CovItemId="S47" CovItemPrefix="Value.java" Intrnl_Id="194">
<Branch CovItemId="B31" CovItemPrefix="Value.java" Implct="false" Intrnl_Id="195">
<Cond/>
<LocList>
<Loc EndOffset="2780" SrcFileId="1" StartOffset="2751"/>
</LocList>
<StmntSeq Intrnl_Id="196">
<LocList>
<Loc EndOffset="2772" SrcFileId="1" StartOffset="2760"/>
</LocList>
<BasicStmnt CovItemId="S48" CovItemPrefix="Value.java" Intrnl_Id="197">
<LocList>
<Loc EndOffset="2772" SrcFileId="1" StartOffset="2760"/>
</LocList>
</BasicStmnt>
</StmntSeq>
</Branch>
<Branch CovItemId="B32" CovItemPrefix="Value.java" Implct="false" Intrnl_Id="198">
<Cond>
<Loc EndOffset="2791" SrcFileId="1" StartOffset="2787"/>
</Cond>
<LocList>
<Loc EndOffset="3084" SrcFileId="1" StartOffset="2792"/>
</LocList>
<StmntSeq Intrnl_Id="199">
<LocList>
<Loc EndOffset="3084" SrcFileId="1" StartOffset="2792"/>
</LocList>
<CondStmnt CovItemId="S49" CovItemPrefix="Value.java" Intrnl_Id="200">
<Branch CovItemId="B33" CovItemPrefix="Value.java" Implct="false" Intrnl_Id="201">
<Cond/>
<LocList>
<Loc EndOffset="2916" SrcFileId="1" StartOffset="2887"/>
</LocList>
<StmntSeq Intrnl_Id="202">
<LocList>
<Loc EndOffset="2908" SrcFileId="1" StartOffset="2896"/>
</LocList>
<BasicStmnt CovItemId="S50" CovItemPrefix="Value.java" Intrnl_Id="203">
<LocList>
<Loc EndOffset="2908" SrcFileId="1" StartOffset="2896"/>
</LocList>
</BasicStmnt>
</StmntSeq>
</Branch>
<Branch CovItemId="B34" CovItemPrefix="Value.java" Implct="false" Intrnl_Id="204">
<Cond>
<Loc EndOffset="2927" SrcFileId="1" StartOffset="2923"/>
</Cond>
<LocList>
<Loc EndOffset="3084" SrcFileId="1" StartOffset="2928"/>
</LocList>
<StmntSeq Intrnl_Id="205">
<LocList>
<Loc EndOffset="3084" SrcFileId="1" StartOffset="2928"/>
</LocList>
<CondStmnt CovItemId="S51" CovItemPrefix="Value.java" Intrnl_Id="206">
<Branch CovItemId="B35" CovItemPrefix="Value.java" Implct="false" Intrnl_Id="207">
<Cond/>
<LocList>
<Loc EndOffset="3001" SrcFileId="1" StartOffset="2972"/>
</LocList>
<StmntSeq Intrnl_Id="208">
<LocList>
<Loc EndOffset="2993" SrcFileId="1" StartOffset="2981"/>
</LocList>
<BasicStmnt CovItemId="S52" CovItemPrefix="Value.java" Intrnl_Id="209">
<LocList>
<Loc EndOffset="2993" SrcFileId="1" StartOffset="2981"/>
</LocList>
</BasicStmnt>
</StmntSeq>
</Branch>
<Branch CovItemId="B36" CovItemPrefix="Value.java" Implct="false" Intrnl_Id="210">
<Cond>
<Loc EndOffset="3012" SrcFileId="1" StartOffset="3008"/>
</Cond>
<LocList>
<Loc EndOffset="3084" SrcFileId="1" StartOffset="3013"/>
</LocList>
<StmntSeq Intrnl_Id="211">
<LocList>
<Loc EndOffset="3084" SrcFileId="1" StartOffset="3013"/>
</LocList>
<CondStmnt CovItemId="S53" CovItemPrefix="Value.java" Intrnl_Id="212">
<Branch CovItemId="B37" CovItemPrefix="Value.java" Implct="false" Intrnl_Id="213">
<Cond/>
<LocList>
<Loc EndOffset="3084" SrcFileId="1" StartOffset="3055"/>
</LocList>
<StmntSeq Intrnl_Id="214">
<LocList>
<Loc EndOffset="3076" SrcFileId="1" StartOffset="3064"/>
</LocList>
<BasicStmnt CovItemId="S54" CovItemPrefix="Value.java" Intrnl_Id="215">
<LocList>
<Loc EndOffset="3076" SrcFileId="1" StartOffset="3064"/>
</LocList>
</BasicStmnt>
</StmntSeq>
</Branch>
<Branch CovItemId="B38" CovItemPrefix="Value.java" Implct="true" Intrnl_Id="216">
<Cond/>
<LocList/>
<StmntSeq Intrnl_Id="217">
<LocList/>
</StmntSeq>
</Branch>
<Keyword EndOffset="3015" SrcFileId="1" StartOffset="3013"/>
<LocList>
<Loc EndOffset="3084" SrcFileId="1" StartOffset="3013"/>
</LocList>
<RootTerm CovItemId="C21" CovItemPrefix="Value.java" Intrnl_Id="218">
<OpTerm BooleanOpId="3" Intrnl_Id="219">
<BasicBoolTerm Intrnl_Id="220">
<LocList>
<Loc EndOffset="3030" SrcFileId="1" StartOffset="3016"/>
</LocList>
</BasicBoolTerm>
<BasicBoolTerm Intrnl_Id="221">
<LocList>
<Loc EndOffset="3047" SrcFileId="1" StartOffset="3034"/>
</LocList>
</BasicBoolTerm>
<LocList>
<Loc EndOffset="3033" SrcFileId="1" StartOffset="3031"/>
</LocList>
</OpTerm>
</RootTerm>
</CondStmnt>
</StmntSeq>
</Branch>
<Keyword EndOffset="2930" SrcFileId="1" StartOffset="2928"/>
<LocList>
<Loc EndOffset="3084" SrcFileId="1" StartOffset="2928"/>
</LocList>
<RootTerm CovItemId="C20" CovItemPrefix="Value.java" Intrnl_Id="222">
<OpTerm BooleanOpId="3" Intrnl_Id="223">
<BasicBoolTerm Intrnl_Id="224">
<LocList>
<Loc EndOffset="2946" SrcFileId="1" StartOffset="2931"/>
</LocList>
</BasicBoolTerm>
<BasicBoolTerm Intrnl_Id="225">
<LocList>
<Loc EndOffset="2964" SrcFileId="1" StartOffset="2950"/>
</LocList>
</BasicBoolTerm>
<LocList>
<Loc EndOffset="2949" SrcFileId="1" StartOffset="2947"/>
</LocList>
</OpTerm>
</RootTerm>
</CondStmnt>
</StmntSeq>
</Branch>
<Keyword EndOffset="2794" SrcFileId="1" StartOffset="2792"/>
<LocList>
<Loc EndOffset="3084" SrcFileId="1" StartOffset="2792"/>
</LocList>
<RootTerm CovItemId="C19" CovItemPrefix="Value.java" Intrnl_Id="226">
<OpTerm BooleanOpId="4" Intrnl_Id="227">
<OpTerm BooleanOpId="3" Intrnl_Id="228">
<BasicBoolTerm Intrnl_Id="229">
<LocList>
<Loc EndOffset="2811" SrcFileId="1" StartOffset="2795"/>
</LocList>
</BasicBoolTerm>
<BasicBoolTerm Intrnl_Id="230">
<LocList>
<Loc EndOffset="2830" SrcFileId="1" StartOffset="2815"/>
</LocList>
</BasicBoolTerm>
<LocList>
<Loc EndOffset="2814" SrcFileId="1" StartOffset="2812"/>
</LocList>
</OpTerm>
<OpTerm BooleanOpId="3" Intrnl_Id="231">
<BasicBoolTerm Intrnl_Id="232">
<LocList>
<Loc EndOffset="2850" SrcFileId="1" StartOffset="2834"/>
</LocList>
</BasicBoolTerm>
<BasicBoolTerm Intrnl_Id="233">
<LocList>
<Loc EndOffset="2879" SrcFileId="1" StartOffset="2854"/>
</LocList>
</BasicBoolTerm>
<LocList>
<Loc EndOffset="2853" SrcFileId="1" StartOffset="2851"/>
</LocList>
</OpTerm>
<LocList>
<Loc EndOffset="2833" SrcFileId="1" StartOffset="2831"/>
</LocList>
</OpTerm>
</RootTerm>
</CondStmnt>
</StmntSeq>
</Branch>
<Keyword EndOffset="2713" SrcFileId="1" StartOffset="2711"/>
<LocList>
<Loc EndOffset="3084" SrcFileId="1" StartOffset="2711"/>
</LocList>
<RootTerm CovItemId="C18" CovItemPrefix="Value.java" Intrnl_Id="234">
<OpTerm BooleanOpId="3" Intrnl_Id="235">
<BasicBoolTerm Intrnl_Id="236">
<LocList>
<Loc EndOffset="2727" SrcFileId="1" StartOffset="2714"/>
</LocList>
</BasicBoolTerm>
<BasicBoolTerm Intrnl_Id="237">
<LocList>
<Loc EndOffset="2743" SrcFileId="1" StartOffset="2731"/>
</LocList>
</BasicBoolTerm>
<LocList>
<Loc EndOffset="2730" SrcFileId="1" StartOffset="2728"/>
</LocList>
</OpTerm>
</RootTerm>
</CondStmnt>
</StmntSeq>
</Branch>
<Keyword EndOffset="2622" SrcFileId="1" StartOffset="2620"/>
<LocList>
<Loc EndOffset="3084" SrcFileId="1" StartOffset="2620"/>
</LocList>
<RootTerm CovItemId="C17" CovItemPrefix="Value.java" Intrnl_Id="238">
<OpTerm BooleanOpId="3" Intrnl_Id="239">
<BasicBoolTerm Intrnl_Id="240">
<LocList>
<Loc EndOffset="2641" SrcFileId="1" StartOffset="2623"/>
</LocList>
</BasicBoolTerm>
<BasicBoolTerm Intrnl_Id="241">
<LocList>
<Loc EndOffset="2662" SrcFileId="1" StartOffset="2645"/>
</LocList>
</BasicBoolTerm>
<LocList>
<Loc EndOffset="2644" SrcFileId="1" StartOffset="2642"/>
</LocList>
</OpTerm>
</RootTerm>
</CondStmnt>
<BasicStmnt CovItemId="S55" CovItemPrefix="Value.java" Intrnl_Id="242">
<LocList>
<Loc EndOffset="3111" SrcFileId="1" StartOffset="3098"/>
</LocList>
</BasicStmnt>
</StmntSeq>
</HierarchyLvl>
<HierarchyLvl HierarchyLvlId="915" HierarchyLvlTypeId="6" Intrnl_Id="243" Name="GetType">
<Header>
<Loc EndOffset="3153" SrcFileId="1" StartOffset="3130"/>
</Header>
<LocList>
<Loc EndOffset="3925" SrcFileId="1" StartOffset="3130"/>
</LocList>
<StmntSeq Intrnl_Id="244">
<LocList>
<Loc EndOffset="3918" SrcFileId="1" StartOffset="3167"/>
</LocList>
<CondStmnt CovItemId="S56" CovItemPrefix="Value.java" Intrnl_Id="245">
<Branch CovItemId="B39" CovItemPrefix="Value.java" Implct="false" Intrnl_Id="246">
<Cond/>
<LocList>
<Loc EndOffset="3256" SrcFileId="1" StartOffset="3225"/>
</LocList>
<StmntSeq Intrnl_Id="247">
<LocList>
<Loc EndOffset="3248" SrcFileId="1" StartOffset="3234"/>
</LocList>
<BasicStmnt CovItemId="S57" CovItemPrefix="Value.java" Intrnl_Id="248">
<LocList>
<Loc EndOffset="3248" SrcFileId="1" StartOffset="3234"/>
</LocList>
</BasicStmnt>
</StmntSeq>
</Branch>
<Branch CovItemId="B40" CovItemPrefix="Value.java" Implct="false" Intrnl_Id="249">
<Cond>
<Loc EndOffset="3267" SrcFileId="1" StartOffset="3263"/>
</Cond>
<LocList>
<Loc EndOffset="3918" SrcFileId="1" StartOffset="3268"/>
</LocList>
<StmntSeq Intrnl_Id="250">
<LocList>
<Loc EndOffset="3918" SrcFileId="1" StartOffset="3268"/>
</LocList>
<CondStmnt CovItemId="S58" CovItemPrefix="Value.java" Intrnl_Id="251">
<Branch CovItemId="B41" CovItemPrefix="Value.java" Implct="false" Intrnl_Id="252">
<Cond/>
<LocList>
<Loc EndOffset="3372" SrcFileId="1" StartOffset="3336"/>
</LocList>
<StmntSeq Intrnl_Id="253">
<LocList>
<Loc EndOffset="3364" SrcFileId="1" StartOffset="3345"/>
</LocList>
<BasicStmnt CovItemId="S59" CovItemPrefix="Value.java" Intrnl_Id="254">
<LocList>
<Loc EndOffset="3364" SrcFileId="1" StartOffset="3345"/>
</LocList>
</BasicStmnt>
</StmntSeq>
</Branch>
<Branch CovItemId="B42" CovItemPrefix="Value.java" Implct="false" Intrnl_Id="255">
<Cond>
<Loc EndOffset="3383" SrcFileId="1" StartOffset="3379"/>
</Cond>
<LocList>
<Loc EndOffset="3918" SrcFileId="1" StartOffset="3384"/>
</LocList>
<StmntSeq Intrnl_Id="256">
<LocList>
<Loc EndOffset="3918" SrcFileId="1" StartOffset="3384"/>
</LocList>
<CondStmnt CovItemId="S60" CovItemPrefix="Value.java" Intrnl_Id="257">
<Branch CovItemId="B43" CovItemPrefix="Value.java" Implct="false" Intrnl_Id="258">
<Cond/>
<LocList>
<Loc EndOffset="3470" SrcFileId="1" StartOffset="3440"/>
</LocList>
<StmntSeq Intrnl_Id="259">
<LocList>
<Loc EndOffset="3462" SrcFileId="1" StartOffset="3449"/>
</LocList>
<BasicStmnt CovItemId="S61" CovItemPrefix="Value.java" Intrnl_Id="260">
<LocList>
<Loc EndOffset="3462" SrcFileId="1" StartOffset="3449"/>
</LocList>
</BasicStmnt>
</StmntSeq>
</Branch>
<Branch CovItemId="B44" CovItemPrefix="Value.java" Implct="false" Intrnl_Id="261">
<Cond>
<Loc EndOffset="3481" SrcFileId="1" StartOffset="3477"/>
</Cond>
<LocList>
<Loc EndOffset="3918" SrcFileId="1" StartOffset="3482"/>
</LocList>
<StmntSeq Intrnl_Id="262">
<LocList>
<Loc EndOffset="3918" SrcFileId="1" StartOffset="3482"/>
</LocList>
<CondStmnt CovItemId="S62" CovItemPrefix="Value.java" Intrnl_Id="263">
<Branch CovItemId="B45" CovItemPrefix="Value.java" Implct="false" Intrnl_Id="264">
<Cond/>
<LocList>
<Loc EndOffset="3577" SrcFileId="1" StartOffset="3544"/>
</LocList>
<StmntSeq Intrnl_Id="265">
<LocList>
<Loc EndOffset="3569" SrcFileId="1" StartOffset="3553"/>
</LocList>
<BasicStmnt CovItemId="S63" CovItemPrefix="Value.java" Intrnl_Id="266">
<LocList>
<Loc EndOffset="3569" SrcFileId="1" StartOffset="3553"/>
</LocList>
</BasicStmnt>
</StmntSeq>
</Branch>
<Branch CovItemId="B46" CovItemPrefix="Value.java" Implct="false" Intrnl_Id="267">
<Cond>
<Loc EndOffset="3588" SrcFileId="1" StartOffset="3584"/>
</Cond>
<LocList>
<Loc EndOffset="3918" SrcFileId="1" StartOffset="3589"/>
</LocList>
<StmntSeq Intrnl_Id="268">
<LocList>
<Loc EndOffset="3918" SrcFileId="1" StartOffset="3589"/>
</LocList>
<CondStmnt CovItemId="S64" CovItemPrefix="Value.java" Intrnl_Id="269">
<Branch CovItemId="B47" CovItemPrefix="Value.java" Implct="false" Intrnl_Id="270">
<Cond/>
<LocList>
<Loc EndOffset="3678" SrcFileId="1" StartOffset="3647"/>
</LocList>
<StmntSeq Intrnl_Id="271">
<LocList>
<Loc EndOffset="3670" SrcFileId="1" StartOffset="3656"/>
</LocList>
<BasicStmnt CovItemId="S65" CovItemPrefix="Value.java" Intrnl_Id="272">
<LocList>
<Loc EndOffset="3670" SrcFileId="1" StartOffset="3656"/>
</LocList>
</BasicStmnt>
</StmntSeq>
</Branch>
<Branch CovItemId="B48" CovItemPrefix="Value.java" Implct="false" Intrnl_Id="273">
<Cond>
<Loc EndOffset="3689" SrcFileId="1" StartOffset="3685"/>
</Cond>
<LocList>
<Loc EndOffset="3918" SrcFileId="1" StartOffset="3690"/>
</LocList>
<StmntSeq Intrnl_Id="274">
<LocList>
<Loc EndOffset="3918" SrcFileId="1" StartOffset="3690"/>
</LocList>
<CondStmnt CovItemId="S66" CovItemPrefix="Value.java" Intrnl_Id="275">
<Branch CovItemId="B49" CovItemPrefix="Value.java" Implct="false" Intrnl_Id="276">
<Cond/>
<LocList>
<Loc EndOffset="3785" SrcFileId="1" StartOffset="3752"/>
</LocList>
<StmntSeq Intrnl_Id="277">
<LocList>
<Loc EndOffset="3777" SrcFileId="1" StartOffset="3761"/>
</LocList>
<BasicStmnt CovItemId="S67" CovItemPrefix="Value.java" Intrnl_Id="278">
<LocList>
<Loc EndOffset="3777" SrcFileId="1" StartOffset="3761"/>
</LocList>
</BasicStmnt>
</StmntSeq>
</Branch>
<Branch CovItemId="B50" CovItemPrefix="Value.java" Implct="false" Intrnl_Id="279">
<Cond>
<Loc EndOffset="3796" SrcFileId="1" StartOffset="3792"/>
</Cond>
<LocList>
<Loc EndOffset="3918" SrcFileId="1" StartOffset="3797"/>
</LocList>
<StmntSeq Intrnl_Id="280">
<LocList>
<Loc EndOffset="3918" SrcFileId="1" StartOffset="3797"/>
</LocList>
<CondStmnt CovItemId="S68" CovItemPrefix="Value.java" Intrnl_Id="281">
<Branch CovItemId="B51" CovItemPrefix="Value.java" Implct="false" Intrnl_Id="282">
<Cond/>
<LocList>
<Loc EndOffset="3871" SrcFileId="1" StartOffset="3839"/>
</LocList>
<StmntSeq Intrnl_Id="283">
<LocList>
<Loc EndOffset="3863" SrcFileId="1" StartOffset="3848"/>
</LocList>
<BasicStmnt CovItemId="S69" CovItemPrefix="Value.java" Intrnl_Id="284">
<LocList>
<Loc EndOffset="3863" SrcFileId="1" StartOffset="3848"/>
</LocList>
</BasicStmnt>
</StmntSeq>
</Branch>
<Branch CovItemId="B52" CovItemPrefix="Value.java" Implct="false" Intrnl_Id="285">
<Cond>
<Loc EndOffset="3882" SrcFileId="1" StartOffset="3878"/>
</Cond>
<LocList>
<Loc EndOffset="3918" SrcFileId="1" StartOffset="3889"/>
</LocList>
<StmntSeq Intrnl_Id="286">
<LocList>
<Loc EndOffset="3910" SrcFileId="1" StartOffset="3898"/>
</LocList>
<BasicStmnt CovItemId="S70" CovItemPrefix="Value.java" Intrnl_Id="287">
<LocList>
<Loc EndOffset="3910" SrcFileId="1" StartOffset="3898"/>
</LocList>
</BasicStmnt>
</StmntSeq>
</Branch>
<Keyword EndOffset="3799" SrcFileId="1" StartOffset="3797"/>
<LocList>
<Loc EndOffset="3918" SrcFileId="1" StartOffset="3797"/>
</LocList>
<RootTerm CovItemId="C28" CovItemPrefix="Value.java" Intrnl_Id="288">
<BasicBoolTerm Intrnl_Id="289">
<LocList>
<Loc EndOffset="3831" SrcFileId="1" StartOffset="3800"/>
</LocList>
</BasicBoolTerm>
</RootTerm>
</CondStmnt>
</StmntSeq>
</Branch>
<Keyword EndOffset="3692" SrcFileId="1" StartOffset="3690"/>
<LocList>
<Loc EndOffset="3918" SrcFileId="1" StartOffset="3690"/>
</LocList>
<RootTerm CovItemId="C27" CovItemPrefix="Value.java" Intrnl_Id="290">
<OpTerm BooleanOpId="4" Intrnl_Id="291">
<BasicBoolTerm Intrnl_Id="292">
<LocList>
<Loc EndOffset="3708" SrcFileId="1" StartOffset="3693"/>
</LocList>
</BasicBoolTerm>
<BasicBoolTerm Intrnl_Id="293">
<LocList>
<Loc EndOffset="3744" SrcFileId="1" StartOffset="3712"/>
</LocList>
</BasicBoolTerm>
<LocList>
<Loc EndOffset="3711" SrcFileId="1" StartOffset="3709"/>
</LocList>
</OpTerm>
</RootTerm>
</CondStmnt>
</StmntSeq>
</Branch>
<Keyword EndOffset="3591" SrcFileId="1" StartOffset="3589"/>
<LocList>
<Loc EndOffset="3918" SrcFileId="1" StartOffset="3589"/>
</LocList>
<RootTerm CovItemId="C26" CovItemPrefix="Value.java" Intrnl_Id="294">
<OpTerm BooleanOpId="4" Intrnl_Id="295">
<BasicBoolTerm Intrnl_Id="296">
<LocList>
<Loc EndOffset="3605" SrcFileId="1" StartOffset="3592"/>
</LocList>
</BasicBoolTerm>
<BasicBoolTerm Intrnl_Id="297">
<LocList>
<Loc EndOffset="3639" SrcFileId="1" StartOffset="3609"/>
</LocList>
</BasicBoolTerm>
<LocList>
<Loc EndOffset="3608" SrcFileId="1" StartOffset="3606"/>
</LocList>
</OpTerm>
</RootTerm>
</CondStmnt>
</StmntSeq>
</Branch>
<Keyword EndOffset="3484" SrcFileId="1" StartOffset="3482"/>
<LocList>
<Loc EndOffset="3918" SrcFileId="1" StartOffset="3482"/>
</LocList>
<RootTerm CovItemId="C25" CovItemPrefix="Value.java" Intrnl_Id="298">
<OpTerm BooleanOpId="4" Intrnl_Id="299">
<BasicBoolTerm Intrnl_Id="300">
<LocList>
<Loc EndOffset="3500" SrcFileId="1" StartOffset="3485"/>
</LocList>
</BasicBoolTerm>
<BasicBoolTerm Intrnl_Id="301">
<LocList>
<Loc EndOffset="3536" SrcFileId="1" StartOffset="3504"/>
</LocList>
</BasicBoolTerm>
<LocList>
<Loc EndOffset="3503" SrcFileId="1" StartOffset="3501"/>
</LocList>
</OpTerm>
</RootTerm>
</CondStmnt>
</StmntSeq>
</Branch>
<Keyword EndOffset="3386" SrcFileId="1" StartOffset="3384"/>
<LocList>
<Loc EndOffset="3918" SrcFileId="1" StartOffset="3384"/>
</LocList>
<RootTerm CovItemId="C24" CovItemPrefix="Value.java" Intrnl_Id="302">
<OpTerm BooleanOpId="4" Intrnl_Id="303">
<BasicBoolTerm Intrnl_Id="304">
<LocList>
<Loc EndOffset="3399" SrcFileId="1" StartOffset="3387"/>
</LocList>
</BasicBoolTerm>
<BasicBoolTerm Intrnl_Id="305">
<LocList>
<Loc EndOffset="3432" SrcFileId="1" StartOffset="3403"/>
</LocList>
</BasicBoolTerm>
<LocList>
<Loc EndOffset="3402" SrcFileId="1" StartOffset="3400"/>
</LocList>
</OpTerm>
</RootTerm>
</CondStmnt>
</StmntSeq>
</Branch>
<Keyword EndOffset="3270" SrcFileId="1" StartOffset="3268"/>
<LocList>
<Loc EndOffset="3918" SrcFileId="1" StartOffset="3268"/>
</LocList>
<RootTerm CovItemId="C23" CovItemPrefix="Value.java" Intrnl_Id="306">
<OpTerm BooleanOpId="4" Intrnl_Id="307">
<BasicBoolTerm Intrnl_Id="308">
<LocList>
<Loc EndOffset="3306" SrcFileId="1" StartOffset="3271"/>
</LocList>
</BasicBoolTerm>
<BasicBoolTerm Intrnl_Id="309">
<LocList>
<Loc EndOffset="3328" SrcFileId="1" StartOffset="3310"/>
</LocList>
</BasicBoolTerm>
<LocList>
<Loc EndOffset="3309" SrcFileId="1" StartOffset="3307"/>
</LocList>
</OpTerm>
</RootTerm>
</CondStmnt>
</StmntSeq>
</Branch>
<Keyword EndOffset="3169" SrcFileId="1" StartOffset="3167"/>
<LocList>
<Loc EndOffset="3918" SrcFileId="1" StartOffset="3167"/>
</LocList>
<RootTerm CovItemId="C22" CovItemPrefix="Value.java" Intrnl_Id="310">
<OpTerm BooleanOpId="4" Intrnl_Id="311">
<BasicBoolTerm Intrnl_Id="312">
<LocList>
<Loc EndOffset="3183" SrcFileId="1" StartOffset="3170"/>
</LocList>
</BasicBoolTerm>
<BasicBoolTerm Intrnl_Id="313">
<LocList>
<Loc EndOffset="3217" SrcFileId="1" StartOffset="3187"/>
</LocList>
</BasicBoolTerm>
<LocList>
<Loc EndOffset="3186" SrcFileId="1" StartOffset="3184"/>
</LocList>
</OpTerm>
</RootTerm>
</CondStmnt>
</StmntSeq>
</HierarchyLvl>
<HierarchyLvl HierarchyLvlId="916" HierarchyLvlTypeId="6" Intrnl_Id="314" Name="equals">
<Header>
<Loc EndOffset="3979" SrcFileId="1" StartOffset="3933"/>
</Header>
<LocList>
<Loc EndOffset="4254" SrcFileId="1" StartOffset="3933"/>
</LocList>
<StmntSeq Intrnl_Id="315">
<LocList>
<Loc EndOffset="4046" SrcFileId="1" StartOffset="3993"/>
<Loc EndOffset="4164" SrcFileId="1" StartOffset="4058"/>
<Loc EndOffset="4198" SrcFileId="1" StartOffset="4176"/>
<Loc EndOffset="4247" SrcFileId="1" StartOffset="4210"/>
</LocList>
<CondStmnt CovItemId="S71" CovItemPrefix="Value.java" Intrnl_Id="316">
<Branch CovItemId="B53" CovItemPrefix="Value.java" Implct="false" Intrnl_Id="317">
<Cond/>
<LocList>
<Loc EndOffset="4046" SrcFileId="1" StartOffset="4008"/>
</LocList>
<StmntSeq Intrnl_Id="318">
<LocList>
<Loc EndOffset="4035" SrcFileId="1" StartOffset="4023"/>
</LocList>
<BasicStmnt CovItemId="S72" CovItemPrefix="Value.java" Intrnl_Id="319">
<LocList>
<Loc EndOffset="4035" SrcFileId="1" StartOffset="4023"/>
</LocList>
</BasicStmnt>
</StmntSeq>
</Branch>
<Branch CovItemId="B54" CovItemPrefix="Value.java" Implct="true" Intrnl_Id="320">
<Cond/>
<LocList/>
<StmntSeq Intrnl_Id="321">
<LocList/>
</StmntSeq>
</Branch>
<Keyword EndOffset="3995" SrcFileId="1" StartOffset="3993"/>
<LocList>
<Loc EndOffset="4046" SrcFileId="1" StartOffset="3993"/>
</LocList>
<RootTerm CovItemId="C29" CovItemPrefix="Value.java" Intrnl_Id="322">
<BasicBoolTerm Intrnl_Id="323">
<LocList>
<Loc EndOffset="4006" SrcFileId="1" StartOffset="3996"/>
</LocList>
</BasicBoolTerm>
</RootTerm>
</CondStmnt>
<CondStmnt CovItemId="S73" CovItemPrefix="Value.java" Intrnl_Id="324">
<Branch CovItemId="B55" CovItemPrefix="Value.java" Implct="false" Intrnl_Id="325">
<Cond/>
<LocList>
<Loc EndOffset="4164" SrcFileId="1" StartOffset="4125"/>
</LocList>
<StmntSeq Intrnl_Id="326">
<LocList>
<Loc EndOffset="4153" SrcFileId="1" StartOffset="4140"/>
</LocList>
<BasicStmnt CovItemId="S74" CovItemPrefix="Value.java" Intrnl_Id="327">
<LocList>
<Loc EndOffset="4153" SrcFileId="1" StartOffset="4140"/>
</LocList>
</BasicStmnt>
</StmntSeq>
</Branch>
<Branch CovItemId="B56" CovItemPrefix="Value.java" Implct="true" Intrnl_Id="328">
<Cond/>
<LocList/>
<StmntSeq Intrnl_Id="329">
<LocList/>
</StmntSeq>
</Branch>
<Keyword EndOffset="4060" SrcFileId="1" StartOffset="4058"/>
<LocList>
<Loc EndOffset="4164" SrcFileId="1" StartOffset="4058"/>
</LocList>
<RootTerm CovItemId="C30" CovItemPrefix="Value.java" Intrnl_Id="330">
<OpTerm BooleanOpId="4" Intrnl_Id="331">
<OpTerm BooleanOpId="4" Intrnl_Id="332">
<BasicBoolTerm Intrnl_Id="333">
<LocList>
<Loc EndOffset="4074" SrcFileId="1" StartOffset="4061"/>
</LocList>
</BasicBoolTerm>
<BasicBoolTerm Intrnl_Id="334">
<LocList>
<Loc EndOffset="4087" SrcFileId="1" StartOffset="4078"/>
</LocList>
</BasicBoolTerm>
<LocList>
<Loc EndOffset="4077" SrcFileId="1" StartOffset="4075"/>
</LocList>
</OpTerm>
<BasicBoolTerm Intrnl_Id="335">
<LocList>
<Loc EndOffset="4123" SrcFileId="1" StartOffset="4091"/>
</LocList>
</BasicBoolTerm>
<LocList>
<Loc EndOffset="4090" SrcFileId="1" StartOffset="4088"/>
</LocList>
</OpTerm>
</RootTerm>
</CondStmnt>
<BasicStmnt CovItemId="S75" CovItemPrefix="Value.java" Intrnl_Id="336">
<LocList>
<Loc EndOffset="4198" SrcFileId="1" StartOffset="4176"/>
</LocList>
</BasicStmnt>
<BasicStmnt CovItemId="S76" CovItemPrefix="Value.java" Intrnl_Id="337">
<LocList>
<Loc EndOffset="4247" SrcFileId="1" StartOffset="4210"/>
</LocList>
</BasicStmnt>
</StmntSeq>
</HierarchyLvl>
<HierarchyLvl HierarchyLvlId="917" HierarchyLvlTypeId="6" Intrnl_Id="338" Name="toString">
<Header>
<Loc EndOffset="4301" SrcFileId="1" StartOffset="4262"/>
</Header>
<LocList>
<Loc EndOffset="4349" SrcFileId="1" StartOffset="4262"/>
</LocList>
<StmntSeq Intrnl_Id="339">
<LocList>
<Loc EndOffset="4342" SrcFileId="1" StartOffset="4313"/>
</LocList>
<BasicStmnt CovItemId="S77" CovItemPrefix="Value.java" Intrnl_Id="340">
<LocList>
<Loc EndOffset="4342" SrcFileId="1" StartOffset="4313"/>
</LocList>
</BasicStmnt>
</StmntSeq>
</HierarchyLvl>
</HierarchyLvl>
</HierarchyLvl>
</MASTRoot>
</TestSessionContainer>
